334,525,2023-03-01 07:22:02.6772632,2005,Info,Microsoft-Windows-Windows Firewall With Advanced Security,Microsoft-Windows-Windows Firewall With Advanced Security/Firewall,2700,3440,DESKTOP-887GK2L,5,S-1-5-19,A rule has been modified in the Windows Defender Firewall exception list,,*: *,: f2a0d262-8498-48a5-882f-b68043f10421,C:\Program Files (x86)\Microsoft\Edge\Application\msedge.exe,Direction: Inbound,Action: Allow,Protocol: UDP,,,False,C:\Users\turan\Desktop\defense-work-evtx-files\Windows Firewall-Firewall.evtx,0x8000020000000000,0,"{""EventData"":{""Data"":[{""@Name"":""RuleId"",""#text"":""{6FB12C2B-7584-4736-BCEF-C16AE3AC0421}""},{""@Name"":""RuleName"",""#text"":""f2a0d262-8498-48a5-882f-b68043f10421""},{""@Name"":""Origin"",""#text"":""1""},{""@Name"":""ApplicationPath"",""#text"":""C:\\Program Files (x86)\\Microsoft\\Edge\\Application\\msedge.exe""},{""@Name"":""ServiceName""},{""@Name"":""Direction"",""#text"":""1""},{""@Name"":""Protocol"",""#text"":""17""},{""@Name"":""LocalPorts"",""#text"":""5353""},{""@Name"":""RemotePorts"",""#text"":""*""},{""@Name"":""Action"",""#text"":""3""},{""@Name"":""Profiles"",""#text"":""2147483647""},{""@Name"":""LocalAddresses"",""#text"":""*""},{""@Name"":""RemoteAddresses"",""#text"":""*""},{""@Name"":""RemoteMachineAuthorizationList""},{""@Name"":""RemoteUserAuthorizationList""},{""@Name"":""EmbeddedContext"",""#text"":""Microsoft Edge""},{""@Name"":""Flags"",""#text"":""1""},{""@Name"":""Active"",""#text"":""1""},{""@Name"":""EdgeTraversal"",""#text"":""0""},{""@Name"":""LooseSourceMapped"",""#text"":""0""},{""@Name"":""SecurityOptions"",""#text"":""0""},{""@Name"":""ModifyingUser"",""#text"":""S-1-5-18""},{""@Name"":""ModifyingApplication"",""#text"":""C:\\Program Files (x86)\\Microsoft\\EdgeUpdate\\Install\\{16C30BED-FBE9-43D4-9D55-D8B9ABDF35AA}\\EDGEMITMP_D4588.tmp\\setup.exe""},{""@Name"":""SchemaVersion"",""#text"":""542""},{""@Name"":""RuleStatus"",""#text"":""65536""},{""@Name"":""LocalOnlyMapped"",""#text"":""0""}]}}"
335,526,2023-03-01 07:22:02.6836976,2006,Info,Microsoft-Windows-Windows Firewall With Advanced Security,Microsoft-Windows-Windows Firewall With Advanced Security/Firewall,2700,8664,DESKTOP-887GK2L,5,S-1-5-19,A rule has been deleted in the Windows Defender Firewall exception list,,,RuleName: f2a0d262-8498-48a5-882f-b68043f10421,ModifyingApplication: C:\Program Files (x86)\Microsoft\EdgeUpdate\Install\{16C30BED-FBE9-43D4-9D55-D8B9ABDF35AA}\EDGEMITMP_D4588.tmp\setup.exe,,,,,,False,C:\Users\turan\Desktop\defense-work-evtx-files\Windows Firewall-Firewall.evtx,0x8000020000000000,0,"{""EventData"":{""Data"":[{""@Name"":""RuleId"",""#text"":""{6FB12C2B-7584-4736-BCEF-C16AE3AC0421}""},{""@Name"":""RuleName"",""#text"":""f2a0d262-8498-48a5-882f-b68043f10421""},{""@Name"":""ModifyingUser"",""#text"":""S-1-5-18""},{""@Name"":""ModifyingApplication"",""#text"":""C:\\Program Files (x86)\\Microsoft\\EdgeUpdate\\Install\\{16C30BED-FBE9-43D4-9D55-D8B9ABDF35AA}\\EDGEMITMP_D4588.tmp\\setup.exe""}]}}"
336,527,2023-03-01 07:22:02.6876738,2004,Info,Microsoft-Windows-Windows Firewall With Advanced Security,Microsoft-Windows-Windows Firewall With Advanced Security/Firewall,2700,8664,DESKTOP-887GK2L,5,S-1-5-19,A rule has been added to the Windows Defender Firewall exception list,,*: *,: Microsoft Edge (mDNS-In),C:\Program Files (x86)\Microsoft\Edge\Application\msedge.exe,Direction: Inbound,Action: Allow,Protocol: UDP,,,False,C:\Users\turan\Desktop\defense-work-evtx-files\Windows Firewall-Firewall.evtx,0x8000020000000000,0,"{""EventData"":{""Data"":[{""@Name"":""RuleId"",""#text"":""{F1461F68-F7B6-4596-A48F-C1978C7C91CC}""},{""@Name"":""RuleName"",""#text"":""Microsoft Edge (mDNS-In)""},{""@Name"":""Origin"",""#text"":""1""},{""@Name"":""ApplicationPath"",""#text"":""C:\\Program Files (x86)\\Microsoft\\Edge\\Application\\msedge.exe""},{""@Name"":""ServiceName""},{""@Name"":""Direction"",""#text"":""1""},{""@Name"":""Protocol"",""#text"":""17""},{""@Name"":""LocalPorts"",""#text"":""5353""},{""@Name"":""RemotePorts"",""#text"":""*""},{""@Name"":""Action"",""#text"":""3""},{""@Name"":""Profiles"",""#text"":""2147483647""},{""@Name"":""LocalAddresses"",""#text"":""*""},{""@Name"":""RemoteAddresses"",""#text"":""*""},{""@Name"":""RemoteMachineAuthorizationList""},{""@Name"":""RemoteUserAuthorizationList""},{""@Name"":""EmbeddedContext"",""#text"":""Microsoft Edge""},{""@Name"":""Flags"",""#text"":""1""},{""@Name"":""Active"",""#text"":""1""},{""@Name"":""EdgeTraversal"",""#text"":""0""},{""@Name"":""LooseSourceMapped"",""#text"":""0""},{""@Name"":""SecurityOptions"",""#text"":""0""},{""@Name"":""ModifyingUser"",""#text"":""S-1-5-18""},{""@Name"":""ModifyingApplication"",""#text"":""C:\\Program Files (x86)\\Microsoft\\EdgeUpdate\\Install\\{16C30BED-FBE9-43D4-9D55-D8B9ABDF35AA}\\EDGEMITMP_D4588.tmp\\setup.exe""},{""@Name"":""SchemaVersion"",""#text"":""542""},{""@Name"":""RuleStatus"",""#text"":""65536""},{""@Name"":""LocalOnlyMapped"",""#text"":""0""}]}}"
337,528,2023-03-01 07:22:02.7992529,2005,Info,Microsoft-Windows-Windows Firewall With Advanced Security,Microsoft-Windows-Windows Firewall With Advanced Security/Firewall,2700,2820,DESKTOP-887GK2L,5,S-1-5-19,A rule has been modified in the Windows Defender Firewall exception list,,*: *,: 3ad1b610-4512-4efe-b6b8-be40bfedd6cf,C:\Program Files (x86)\Microsoft\Edge\Application\msedge.exe,Direction: Inbound,Action: Allow,Protocol: UDP,,,False,C:\Users\turan\Desktop\defense-work-evtx-files\Windows Firewall-Firewall.evtx,0x8000020000000000,0,"{""EventData"":{""Data"":[{""@Name"":""RuleId"",""#text"":""{F1461F68-F7B6-4596-A48F-C1978C7C91CC}""},{""@Name"":""RuleName"",""#text"":""3ad1b610-4512-4efe-b6b8-be40bfedd6cf""},{""@Name"":""Origin"",""#text"":""1""},{""@Name"":""ApplicationPath"",""#text"":""C:\\Program Files (x86)\\Microsoft\\Edge\\Application\\msedge.exe""},{""@Name"":""ServiceName""},{""@Name"":""Direction"",""#text"":""1""},{""@Name"":""Protocol"",""#text"":""17""},{""@Name"":""LocalPorts"",""#text"":""5353""},{""@Name"":""RemotePorts"",""#text"":""*""},{""@Name"":""Action"",""#text"":""3""},{""@Name"":""Profiles"",""#text"":""2147483647""},{""@Name"":""LocalAddresses"",""#text"":""*""},{""@Name"":""RemoteAddresses"",""#text"":""*""},{""@Name"":""RemoteMachineAuthorizationList""},{""@Name"":""RemoteUserAuthorizationList""},{""@Name"":""EmbeddedContext"",""#text"":""Microsoft Edge""},{""@Name"":""Flags"",""#text"":""1""},{""@Name"":""Active"",""#text"":""1""},{""@Name"":""EdgeTraversal"",""#text"":""0""},{""@Name"":""LooseSourceMapped"",""#text"":""0""},{""@Name"":""SecurityOptions"",""#text"":""0""},{""@Name"":""ModifyingUser"",""#text"":""S-1-5-18""},{""@Name"":""ModifyingApplication"",""#text"":""C:\\Program Files (x86)\\Microsoft\\EdgeUpdate\\Install\\{16C30BED-FBE9-43D4-9D55-D8B9ABDF35AA}\\EDGEMITMP_D4588.tmp\\setup.exe""},{""@Name"":""SchemaVersion"",""#text"":""542""},{""@Name"":""RuleStatus"",""#text"":""65536""},{""@Name"":""LocalOnlyMapped"",""#text"":""0""}]}}"
338,529,2023-03-01 07:22:02.8049966,2006,Info,Microsoft-Windows-Windows Firewall With Advanced Security,Microsoft-Windows-Windows Firewall With Advanced Security/Firewall,2700,8664,DESKTOP-887GK2L,5,S-1-5-19,A rule has been deleted in the Windows Defender Firewall exception list,,,RuleName: 3ad1b610-4512-4efe-b6b8-be40bfedd6cf,ModifyingApplication: C:\Program Files (x86)\Microsoft\EdgeUpdate\Install\{16C30BED-FBE9-43D4-9D55-D8B9ABDF35AA}\EDGEMITMP_D4588.tmp\setup.exe,,,,,,False,C:\Users\turan\Desktop\defense-work-evtx-files\Windows Firewall-Firewall.evtx,0x8000020000000000,0,"{""EventData"":{""Data"":[{""@Name"":""RuleId"",""#text"":""{F1461F68-F7B6-4596-A48F-C1978C7C91CC}""},{""@Name"":""RuleName"",""#text"":""3ad1b610-4512-4efe-b6b8-be40bfedd6cf""},{""@Name"":""ModifyingUser"",""#text"":""S-1-5-18""},{""@Name"":""ModifyingApplication"",""#text"":""C:\\Program Files (x86)\\Microsoft\\EdgeUpdate\\Install\\{16C30BED-FBE9-43D4-9D55-D8B9ABDF35AA}\\EDGEMITMP_D4588.tmp\\setup.exe""}]}}"
339,530,2023-03-01 07:22:02.8085966,2004,Info,Microsoft-Windows-Windows Firewall With Advanced Security,Microsoft-Windows-Windows Firewall With Advanced Security/Firewall,2700,8664,DESKTOP-887GK2L,5,S-1-5-19,A rule has been added to the Windows Defender Firewall exception list,,*: *,: Microsoft Edge (mDNS-In),C:\Program Files (x86)\Microsoft\Edge\Application\msedge.exe,Direction: Inbound,Action: Allow,Protocol: UDP,,,False,C:\Users\turan\Desktop\defense-work-evtx-files\Windows Firewall-Firewall.evtx,0x8000020000000000,0,"{""EventData"":{""Data"":[{""@Name"":""RuleId"",""#text"":""{E369AA43-3E8B-445F-8E70-89666F1D6A60}""},{""@Name"":""RuleName"",""#text"":""Microsoft Edge (mDNS-In)""},{""@Name"":""Origin"",""#text"":""1""},{""@Name"":""ApplicationPath"",""#text"":""C:\\Program Files (x86)\\Microsoft\\Edge\\Application\\msedge.exe""},{""@Name"":""ServiceName""},{""@Name"":""Direction"",""#text"":""1""},{""@Name"":""Protocol"",""#text"":""17""},{""@Name"":""LocalPorts"",""#text"":""5353""},{""@Name"":""RemotePorts"",""#text"":""*""},{""@Name"":""Action"",""#text"":""3""},{""@Name"":""Profiles"",""#text"":""2147483647""},{""@Name"":""LocalAddresses"",""#text"":""*""},{""@Name"":""RemoteAddresses"",""#text"":""*""},{""@Name"":""RemoteMachineAuthorizationList""},{""@Name"":""RemoteUserAuthorizationList""},{""@Name"":""EmbeddedContext"",""#text"":""Microsoft Edge""},{""@Name"":""Flags"",""#text"":""1""},{""@Name"":""Active"",""#text"":""1""},{""@Name"":""EdgeTraversal"",""#text"":""0""},{""@Name"":""LooseSourceMapped"",""#text"":""0""},{""@Name"":""SecurityOptions"",""#text"":""0""},{""@Name"":""ModifyingUser"",""#text"":""S-1-5-18""},{""@Name"":""ModifyingApplication"",""#text"":""C:\\Program Files (x86)\\Microsoft\\EdgeUpdate\\Install\\{16C30BED-FBE9-43D4-9D55-D8B9ABDF35AA}\\EDGEMITMP_D4588.tmp\\setup.exe""},{""@Name"":""SchemaVersion"",""#text"":""542""},{""@Name"":""RuleStatus"",""#text"":""65536""},{""@Name"":""LocalOnlyMapped"",""#text"":""0""}]}}"
340,531,2023-03-01 07:28:41.9274912,2006,Info,Microsoft-Windows-Windows Firewall With Advanced Security,Microsoft-Windows-Windows Firewall With Advanced Security/Firewall,2700,6432,DESKTOP-887GK2L,5,S-1-5-19,A rule has been deleted in the Windows Defender Firewall exception list,,,RuleName: Inbound service restriction rule for WinDefend,ModifyingApplication: C:\Program Files\Windows Defender\MsMpEng.exe,,,,,,False,C:\Users\turan\Desktop\defense-work-evtx-files\Windows Firewall-Firewall.evtx,0x8000020000000000,0,"{""EventData"":{""Data"":[{""@Name"":""RuleId"",""#text"":""a62bd7ab-b36e-44f3-bd49-9e6e6b33027b""},{""@Name"":""RuleName"",""#text"":""Inbound service restriction rule for WinDefend""},{""@Name"":""ModifyingUser"",""#text"":""S-1-5-18""},{""@Name"":""ModifyingApplication"",""#text"":""C:\\Program Files\\Windows Defender\\MsMpEng.exe""}]}}"
341,532,2023-03-01 07:28:41.9283535,2006,Info,Microsoft-Windows-Windows Firewall With Advanced Security,Microsoft-Windows-Windows Firewall With Advanced Security/Firewall,2700,2820,DESKTOP-887GK2L,5,S-1-5-19,A rule has been deleted in the Windows Defender Firewall exception list,,,RuleName: Outbound service restriction rule for WinDefend,ModifyingApplication: C:\Program Files\Windows Defender\MsMpEng.exe,,,,,,False,C:\Users\turan\Desktop\defense-work-evtx-files\Windows Firewall-Firewall.evtx,0x8000020000000000,0,"{""EventData"":{""Data"":[{""@Name"":""RuleId"",""#text"":""59b7fc30-c11c-4e3b-9c84-fe902bc05a93""},{""@Name"":""RuleName"",""#text"":""Outbound service restriction rule for WinDefend""},{""@Name"":""ModifyingUser"",""#text"":""S-1-5-18""},{""@Name"":""ModifyingApplication"",""#text"":""C:\\Program Files\\Windows Defender\\MsMpEng.exe""}]}}"
342,533,2023-03-01 07:28:41.9384216,2004,Info,Microsoft-Windows-Windows Firewall With Advanced Security,Microsoft-Windows-Windows Firewall With Advanced Security/Firewall,2700,8244,DESKTOP-887GK2L,5,S-1-5-19,A rule has been added to the Windows Defender Firewall exception list,,"*: ",WinDefend: Inbound service restriction rule for WinDefend,C:\ProgramData\Microsoft\Windows Defender\platform\4.18.2301.6-0\MsMpEng.exe,Direction: Inbound,Action: Block,Protocol: All,,,False,C:\Users\turan\Desktop\defense-work-evtx-files\Windows Firewall-Firewall.evtx,0x8000020000000000,0,"{""EventData"":{""Data"":[{""@Name"":""RuleId"",""#text"":""17c3d15e-c2ce-4049-a97a-db6ae5b57251""},{""@Name"":""RuleName"",""#text"":""Inbound service restriction rule for WinDefend""},{""@Name"":""Origin"",""#text"":""1""},{""@Name"":""ApplicationPath"",""#text"":""C:\\ProgramData\\Microsoft\\Windows Defender\\platform\\4.18.2301.6-0\\MsMpEng.exe""},{""@Name"":""ServiceName"",""#text"":""WinDefend""},{""@Name"":""Direction"",""#text"":""1""},{""@Name"":""Protocol"",""#text"":""256""},{""@Name"":""LocalPorts""},{""@Name"":""RemotePorts""},{""@Name"":""Action"",""#text"":""2""},{""@Name"":""Profiles"",""#text"":""2147483647""},{""@Name"":""LocalAddresses"",""#text"":""*""},{""@Name"":""RemoteAddresses"",""#text"":""*""},{""@Name"":""RemoteMachineAuthorizationList""},{""@Name"":""RemoteUserAuthorizationList""},{""@Name"":""EmbeddedContext""},{""@Name"":""Flags"",""#text"":""1""},{""@Name"":""Active"",""#text"":""1""},{""@Name"":""EdgeTraversal"",""#text"":""0""},{""@Name"":""LooseSourceMapped"",""#text"":""0""},{""@Name"":""SecurityOptions"",""#text"":""0""},{""@Name"":""ModifyingUser"",""#text"":""S-1-5-18""},{""@Name"":""ModifyingApplication"",""#text"":""C:\\Program Files\\Windows Defender\\MsMpEng.exe""},{""@Name"":""SchemaVersion"",""#text"":""542""},{""@Name"":""RuleStatus"",""#text"":""65536""},{""@Name"":""LocalOnlyMapped"",""#text"":""0""}]}}"
343,534,2023-03-01 07:28:41.9397343,2004,Info,Microsoft-Windows-Windows Firewall With Advanced Security,Microsoft-Windows-Windows Firewall With Advanced Security/Firewall,2700,8244,DESKTOP-887GK2L,5,S-1-5-19,A rule has been added to the Windows Defender Firewall exception list,,"*: ",WinDefend: Outbound service restriction rule for WinDefend,C:\ProgramData\Microsoft\Windows Defender\platform\4.18.2301.6-0\MsMpEng.exe,Direction: Outbound,Action: Block,Protocol: All,,,False,C:\Users\turan\Desktop\defense-work-evtx-files\Windows Firewall-Firewall.evtx,0x8000020000000000,0,"{""EventData"":{""Data"":[{""@Name"":""RuleId"",""#text"":""0c998f73-61c1-45a6-b6b6-adcd24d397fd""},{""@Name"":""RuleName"",""#text"":""Outbound service restriction rule for WinDefend""},{""@Name"":""Origin"",""#text"":""1""},{""@Name"":""ApplicationPath"",""#text"":""C:\\ProgramData\\Microsoft\\Windows Defender\\platform\\4.18.2301.6-0\\MsMpEng.exe""},{""@Name"":""ServiceName"",""#text"":""WinDefend""},{""@Name"":""Direction"",""#text"":""2""},{""@Name"":""Protocol"",""#text"":""256""},{""@Name"":""LocalPorts""},{""@Name"":""RemotePorts""},{""@Name"":""Action"",""#text"":""2""},{""@Name"":""Profiles"",""#text"":""2147483647""},{""@Name"":""LocalAddresses"",""#text"":""*""},{""@Name"":""RemoteAddresses"",""#text"":""*""},{""@Name"":""RemoteMachineAuthorizationList""},{""@Name"":""RemoteUserAuthorizationList""},{""@Name"":""EmbeddedContext""},{""@Name"":""Flags"",""#text"":""1""},{""@Name"":""Active"",""#text"":""1""},{""@Name"":""EdgeTraversal"",""#text"":""0""},{""@Name"":""LooseSourceMapped"",""#text"":""0""},{""@Name"":""SecurityOptions"",""#text"":""0""},{""@Name"":""ModifyingUser"",""#text"":""S-1-5-18""},{""@Name"":""ModifyingApplication"",""#text"":""C:\\Program Files\\Windows Defender\\MsMpEng.exe""},{""@Name"":""SchemaVersion"",""#text"":""542""},{""@Name"":""RuleStatus"",""#text"":""65536""},{""@Name"":""LocalOnlyMapped"",""#text"":""0""}]}}"
344,535,2023-03-01 07:28:41.9406654,2006,Info,Microsoft-Windows-Windows Firewall With Advanced Security,Microsoft-Windows-Windows Firewall With Advanced Security/Firewall,2700,8244,DESKTOP-887GK2L,5,S-1-5-19,A rule has been deleted in the Windows Defender Firewall exception list,,,RuleName: WinDefend Outbound for TCP,ModifyingApplication: C:\Program Files\Windows Defender\MsMpEng.exe,,,,,,False,C:\Users\turan\Desktop\defense-work-evtx-files\Windows Firewall-Firewall.evtx,0x8000020000000000,0,"{""EventData"":{""Data"":[{""@Name"":""RuleId"",""#text"":""{6DF356C8-C2D2-429D-AD39-2A16BC0F9FF2}""},{""@Name"":""RuleName"",""#text"":""WinDefend Outbound for TCP""},{""@Name"":""ModifyingUser"",""#text"":""S-1-5-18""},{""@Name"":""ModifyingApplication"",""#text"":""C:\\Program Files\\Windows Defender\\MsMpEng.exe""}]}}"
345,536,2023-03-01 07:28:41.9438850,2004,Info,Microsoft-Windows-Windows Firewall With Advanced Security,Microsoft-Windows-Windows Firewall With Advanced Security/Firewall,2700,5456,DESKTOP-887GK2L,5,S-1-5-19,A rule has been added to the Windows Defender Firewall exception list,,*: *,WinDefend: WinDefend Outbound for TCP,C:\ProgramData\Microsoft\Windows Defender\platform\4.18.2301.6-0\MsMpEng.exe,Direction: Outbound,Action: Allow,Protocol: TCP,,,False,C:\Users\turan\Desktop\defense-work-evtx-files\Windows Firewall-Firewall.evtx,0x8000020000000000,0,"{""EventData"":{""Data"":[{""@Name"":""RuleId"",""#text"":""{23934DFC-33BE-4D21-86C3-5158D7041392}""},{""@Name"":""RuleName"",""#text"":""WinDefend Outbound for TCP""},{""@Name"":""Origin"",""#text"":""1""},{""@Name"":""ApplicationPath"",""#text"":""C:\\ProgramData\\Microsoft\\Windows Defender\\platform\\4.18.2301.6-0\\MsMpEng.exe""},{""@Name"":""ServiceName"",""#text"":""WinDefend""},{""@Name"":""Direction"",""#text"":""2""},{""@Name"":""Protocol"",""#text"":""6""},{""@Name"":""LocalPorts"",""#text"":""*""},{""@Name"":""RemotePorts"",""#text"":""*""},{""@Name"":""Action"",""#text"":""3""},{""@Name"":""Profiles"",""#text"":""2147483647""},{""@Name"":""LocalAddresses"",""#text"":""*""},{""@Name"":""RemoteAddresses"",""#text"":""*""},{""@Name"":""RemoteMachineAuthorizationList""},{""@Name"":""RemoteUserAuthorizationList""},{""@Name"":""EmbeddedContext""},{""@Name"":""Flags"",""#text"":""1""},{""@Name"":""Active"",""#text"":""1""},{""@Name"":""EdgeTraversal"",""#text"":""0""},{""@Name"":""LooseSourceMapped"",""#text"":""0""},{""@Name"":""SecurityOptions"",""#text"":""0""},{""@Name"":""ModifyingUser"",""#text"":""S-1-5-18""},{""@Name"":""ModifyingApplication"",""#text"":""C:\\Program Files\\Windows Defender\\MsMpEng.exe""},{""@Name"":""SchemaVersion"",""#text"":""542""},{""@Name"":""RuleStatus"",""#text"":""65536""},{""@Name"":""LocalOnlyMapped"",""#text"":""0""}]}}"
346,537,2023-03-01 08:23:37.3967838,2006,Info,Microsoft-Windows-Windows Firewall With Advanced Security,Microsoft-Windows-Windows Firewall With Advanced Security/Firewall,2700,1284,DESKTOP-887GK2L,5,S-1-5-19,A rule has been deleted in the Windows Defender Firewall exception list,,,RuleName: Xbox Game Bar Plugin,ModifyingApplication: C:\Windows\System32\svchost.exe,,,,,,False,C:\Users\turan\Desktop\defense-work-evtx-files\Windows Firewall-Firewall.evtx,0x8000020000000000,0,"{""EventData"":{""Data"":[{""@Name"":""RuleId"",""#text"":""{4FAC45F2-8BA0-4466-A4DB-8A11C26D8B2A}""},{""@Name"":""RuleName"",""#text"":""Xbox Game Bar Plugin""},{""@Name"":""ModifyingUser"",""#text"":""S-1-5-80-3088073201-1464728630-1879813800-1107566885-823218052""},{""@Name"":""ModifyingApplication"",""#text"":""C:\\Windows\\System32\\svchost.exe""}]}}"
347,538,2023-03-01 08:23:37.3970084,2006,Info,Microsoft-Windows-Windows Firewall With Advanced Security,Microsoft-Windows-Windows Firewall With Advanced Security/Firewall,2700,1284,DESKTOP-887GK2L,5,S-1-5-19,A rule has been deleted in the Windows Defender Firewall exception list,,,RuleName: Xbox Game Bar Plugin,ModifyingApplication: C:\Windows\System32\svchost.exe,,,,,,False,C:\Users\turan\Desktop\defense-work-evtx-files\Windows Firewall-Firewall.evtx,0x8000020000000000,0,"{""EventData"":{""Data"":[{""@Name"":""RuleId"",""#text"":""{F74047D3-10FF-41B8-8EE8-1A118DEBBEE7}""},{""@Name"":""RuleName"",""#text"":""Xbox Game Bar Plugin""},{""@Name"":""ModifyingUser"",""#text"":""S-1-5-80-3088073201-1464728630-1879813800-1107566885-823218052""},{""@Name"":""ModifyingApplication"",""#text"":""C:\\Windows\\System32\\svchost.exe""}]}}"
348,539,2023-03-01 08:23:37.3972047,2006,Info,Microsoft-Windows-Windows Firewall With Advanced Security,Microsoft-Windows-Windows Firewall With Advanced Security/Firewall,2700,1284,DESKTOP-887GK2L,5,S-1-5-19,A rule has been deleted in the Windows Defender Firewall exception list,,,RuleName: Xbox Game Bar Plugin,ModifyingApplication: C:\Windows\System32\svchost.exe,,,,,,False,C:\Users\turan\Desktop\defense-work-evtx-files\Windows Firewall-Firewall.evtx,0x8000020000000000,0,"{""EventData"":{""Data"":[{""@Name"":""RuleId"",""#text"":""{EEA434CC-FF57-4109-B49D-1D2F26F49AFB}""},{""@Name"":""RuleName"",""#text"":""Xbox Game Bar Plugin""},{""@Name"":""ModifyingUser"",""#text"":""S-1-5-80-3088073201-1464728630-1879813800-1107566885-823218052""},{""@Name"":""ModifyingApplication"",""#text"":""C:\\Windows\\System32\\svchost.exe""}]}}"
349,540,2023-03-01 08:23:37.3977846,2006,Info,Microsoft-Windows-Windows Firewall With Advanced Security,Microsoft-Windows-Windows Firewall With Advanced Security/Firewall,2700,1284,DESKTOP-887GK2L,5,S-1-5-19,A rule has been deleted in the Windows Defender Firewall exception list,,,RuleName: Xbox Game Bar Plugin,ModifyingApplication: C:\Windows\System32\svchost.exe,,,,,,False,C:\Users\turan\Desktop\defense-work-evtx-files\Windows Firewall-Firewall.evtx,0x8000020000000000,0,"{""EventData"":{""Data"":[{""@Name"":""RuleId"",""#text"":""{5FC64477-E720-497F-B29C-79642204A9F6}""},{""@Name"":""RuleName"",""#text"":""Xbox Game Bar Plugin""},{""@Name"":""ModifyingUser"",""#text"":""S-1-5-80-3088073201-1464728630-1879813800-1107566885-823218052""},{""@Name"":""ModifyingApplication"",""#text"":""C:\\Windows\\System32\\svchost.exe""}]}}"
350,541,2023-03-01 08:23:37.3994092,2004,Info,Microsoft-Windows-Windows Firewall With Advanced Security,Microsoft-Windows-Windows Firewall With Advanced Security/Firewall,2700,1980,DESKTOP-887GK2L,5,S-1-5-19,A rule has been added to the Windows Defender Firewall exception list,,"*: ",: Xbox Game Bar Plugin,,Direction: Inbound,Action: Block,Protocol: All,,,False,C:\Users\turan\Desktop\defense-work-evtx-files\Windows Firewall-Firewall.evtx,0x8000020000000000,0,"{""EventData"":{""Data"":[{""@Name"":""RuleId"",""#text"":""{A26B2B12-D936-425B-B122-A661AA2216D6}""},{""@Name"":""RuleName"",""#text"":""Xbox Game Bar Plugin""},{""@Name"":""Origin"",""#text"":""1""},{""@Name"":""ApplicationPath""},{""@Name"":""ServiceName""},{""@Name"":""Direction"",""#text"":""1""},{""@Name"":""Protocol"",""#text"":""256""},{""@Name"":""LocalPorts""},{""@Name"":""RemotePorts""},{""@Name"":""Action"",""#text"":""2""},{""@Name"":""Profiles"",""#text"":""2147483647""},{""@Name"":""LocalAddresses"",""#text"":""*""},{""@Name"":""RemoteAddresses"",""#text"":""*""},{""@Name"":""RemoteMachineAuthorizationList""},{""@Name"":""RemoteUserAuthorizationList""},{""@Name"":""EmbeddedContext"",""#text"":""Xbox Game Bar Plugin""},{""@Name"":""Flags"",""#text"":""1""},{""@Name"":""Active"",""#text"":""1""},{""@Name"":""EdgeTraversal"",""#text"":""0""},{""@Name"":""LooseSourceMapped"",""#text"":""0""},{""@Name"":""SecurityOptions"",""#text"":""0""},{""@Name"":""ModifyingUser"",""#text"":""S-1-5-80-3088073201-1464728630-1879813800-1107566885-823218052""},{""@Name"":""ModifyingApplication"",""#text"":""C:\\Windows\\System32\\svchost.exe""},{""@Name"":""SchemaVersion"",""#text"":""542""},{""@Name"":""RuleStatus"",""#text"":""65536""},{""@Name"":""LocalOnlyMapped"",""#text"":""0""}]}}"
351,542,2023-03-01 08:23:37.4002463,2004,Info,Microsoft-Windows-Windows Firewall With Advanced Security,Microsoft-Windows-Windows Firewall With Advanced Security/Firewall,2700,1980,DESKTOP-887GK2L,5,S-1-5-19,A rule has been added to the Windows Defender Firewall exception list,,"*: ",: Xbox Game Bar Plugin,,Direction: Outbound,Action: Block,Protocol: All,,,False,C:\Users\turan\Desktop\defense-work-evtx-files\Windows Firewall-Firewall.evtx,0x8000020000000000,0,"{""EventData"":{""Data"":[{""@Name"":""RuleId"",""#text"":""{22387276-66A0-4A10-A65A-33ADBB958D91}""},{""@Name"":""RuleName"",""#text"":""Xbox Game Bar Plugin""},{""@Name"":""Origin"",""#text"":""1""},{""@Name"":""ApplicationPath""},{""@Name"":""ServiceName""},{""@Name"":""Direction"",""#text"":""2""},{""@Name"":""Protocol"",""#text"":""256""},{""@Name"":""LocalPorts""},{""@Name"":""RemotePorts""},{""@Name"":""Action"",""#text"":""2""},{""@Name"":""Profiles"",""#text"":""2147483647""},{""@Name"":""LocalAddresses"",""#text"":""*""},{""@Name"":""RemoteAddresses"",""#text"":""*""},{""@Name"":""RemoteMachineAuthorizationList""},{""@Name"":""RemoteUserAuthorizationList""},{""@Name"":""EmbeddedContext"",""#text"":""Xbox Game Bar Plugin""},{""@Name"":""Flags"",""#text"":""1""},{""@Name"":""Active"",""#text"":""1""},{""@Name"":""EdgeTraversal"",""#text"":""0""},{""@Name"":""LooseSourceMapped"",""#text"":""0""},{""@Name"":""SecurityOptions"",""#text"":""0""},{""@Name"":""ModifyingUser"",""#text"":""S-1-5-80-3088073201-1464728630-1879813800-1107566885-823218052""},{""@Name"":""ModifyingApplication"",""#text"":""C:\\Windows\\System32\\svchost.exe""},{""@Name"":""SchemaVersion"",""#text"":""542""},{""@Name"":""RuleStatus"",""#text"":""65536""},{""@Name"":""LocalOnlyMapped"",""#text"":""0""}]}}"
352,543,2023-03-01 08:23:37.4010102,2004,Info,Microsoft-Windows-Windows Firewall With Advanced Security,Microsoft-Windows-Windows Firewall With Advanced Security/Firewall,2700,1980,DESKTOP-887GK2L,5,S-1-5-19,A rule has been added to the Windows Defender Firewall exception list,,"*: ",: Xbox Game Bar Plugin,,Direction: Outbound,Action: Allow,Protocol: All,,,False,C:\Users\turan\Desktop\defense-work-evtx-files\Windows Firewall-Firewall.evtx,0x8000020000000000,0,"{""EventData"":{""Data"":[{""@Name"":""RuleId"",""#text"":""{F15730C2-4356-4F4B-8679-5E436CB7259C}""},{""@Name"":""RuleName"",""#text"":""Xbox Game Bar Plugin""},{""@Name"":""Origin"",""#text"":""1""},{""@Name"":""ApplicationPath""},{""@Name"":""ServiceName""},{""@Name"":""Direction"",""#text"":""2""},{""@Name"":""Protocol"",""#text"":""256""},{""@Name"":""LocalPorts""},{""@Name"":""RemotePorts""},{""@Name"":""Action"",""#text"":""3""},{""@Name"":""Profiles"",""#text"":""7""},{""@Name"":""LocalAddresses"",""#text"":""*""},{""@Name"":""RemoteAddresses"",""#text"":""*""},{""@Name"":""RemoteMachineAuthorizationList""},{""@Name"":""RemoteUserAuthorizationList""},{""@Name"":""EmbeddedContext"",""#text"":""Xbox Game Bar Plugin""},{""@Name"":""Flags"",""#text"":""1""},{""@Name"":""Active"",""#text"":""1""},{""@Name"":""EdgeTraversal"",""#text"":""0""},{""@Name"":""LooseSourceMapped"",""#text"":""0""},{""@Name"":""SecurityOptions"",""#text"":""0""},{""@Name"":""ModifyingUser"",""#text"":""S-1-5-80-3088073201-1464728630-1879813800-1107566885-823218052""},{""@Name"":""ModifyingApplication"",""#text"":""C:\\Windows\\System32\\svchost.exe""},{""@Name"":""SchemaVersion"",""#text"":""542""},{""@Name"":""RuleStatus"",""#text"":""65536""},{""@Name"":""LocalOnlyMapped"",""#text"":""0""}]}}"
353,544,2023-03-01 08:23:37.4020342,2004,Info,Microsoft-Windows-Windows Firewall With Advanced Security,Microsoft-Windows-Windows Firewall With Advanced Security/Firewall,2700,1980,DESKTOP-887GK2L,5,S-1-5-19,A rule has been added to the Windows Defender Firewall exception list,,"*: ",: Xbox Game Bar Plugin,,Direction: Outbound,Action: Allow,Protocol: All,,,False,C:\Users\turan\Desktop\defense-work-evtx-files\Windows Firewall-Firewall.evtx,0x8000020000000000,0,"{""EventData"":{""Data"":[{""@Name"":""RuleId"",""#text"":""{462F1B0A-9056-42F1-9E98-1DFB9B5084F6}""},{""@Name"":""RuleName"",""#text"":""Xbox Game Bar Plugin""},{""@Name"":""Origin"",""#text"":""1""},{""@Name"":""ApplicationPath""},{""@Name"":""ServiceName""},{""@Name"":""Direction"",""#text"":""2""},{""@Name"":""Protocol"",""#text"":""256""},{""@Name"":""LocalPorts""},{""@Name"":""RemotePorts""},{""@Name"":""Action"",""#text"":""3""},{""@Name"":""Profiles"",""#text"":""7""},{""@Name"":""LocalAddresses"",""#text"":""*""},{""@Name"":""RemoteAddresses"",""#text"":""*""},{""@Name"":""RemoteMachineAuthorizationList""},{""@Name"":""RemoteUserAuthorizationList""},{""@Name"":""EmbeddedContext"",""#text"":""Xbox Game Bar Plugin""},{""@Name"":""Flags"",""#text"":""1""},{""@Name"":""Active"",""#text"":""1""},{""@Name"":""EdgeTraversal"",""#text"":""0""},{""@Name"":""LooseSourceMapped"",""#text"":""0""},{""@Name"":""SecurityOptions"",""#text"":""0""},{""@Name"":""ModifyingUser"",""#text"":""S-1-5-80-3088073201-1464728630-1879813800-1107566885-823218052""},{""@Name"":""ModifyingApplication"",""#text"":""C:\\Windows\\System32\\svchost.exe""},{""@Name"":""SchemaVersion"",""#text"":""542""},{""@Name"":""RuleStatus"",""#text"":""65536""},{""@Name"":""LocalOnlyMapped"",""#text"":""0""}]}}"
354,545,2023-03-01 08:23:49.4607463,2006,Info,Microsoft-Windows-Windows Firewall With Advanced Security,Microsoft-Windows-Windows Firewall With Advanced Security/Firewall,2700,1284,DESKTOP-887GK2L,5,S-1-5-19,A rule has been deleted in the Windows Defender Firewall exception list,,,RuleName: @{Microsoft.XboxSpeechToTextOverlay_1.17.29001.0_x64__8wekyb3d8bbwe?ms-resource://Microsoft.XboxSpeechToTextOverlay/Resources/AppName},ModifyingApplication: C:\Windows\System32\svchost.exe,,,,,,False,C:\Users\turan\Desktop\defense-work-evtx-files\Windows Firewall-Firewall.evtx,0x8000020000000000,0,"{""EventData"":{""Data"":[{""@Name"":""RuleId"",""#text"":""{AE88D680-A0F5-4918-A67A-F8EEBD4C3DAA}""},{""@Name"":""RuleName"",""#text"":""@{Microsoft.XboxSpeechToTextOverlay_1.17.29001.0_x64__8wekyb3d8bbwe?ms-resource://Microsoft.XboxSpeechToTextOverlay/Resources/AppName}""},{""@Name"":""ModifyingUser"",""#text"":""S-1-5-80-3088073201-1464728630-1879813800-1107566885-823218052""},{""@Name"":""ModifyingApplication"",""#text"":""C:\\Windows\\System32\\svchost.exe""}]}}"
355,546,2023-03-01 08:23:49.4610744,2006,Info,Microsoft-Windows-Windows Firewall With Advanced Security,Microsoft-Windows-Windows Firewall With Advanced Security/Firewall,2700,1284,DESKTOP-887GK2L,5,S-1-5-19,A rule has been deleted in the Windows Defender Firewall exception list,,,RuleName: @{Microsoft.XboxSpeechToTextOverlay_1.17.29001.0_x64__8wekyb3d8bbwe?ms-resource://Microsoft.XboxSpeechToTextOverlay/Resources/AppName},ModifyingApplication: C:\Windows\System32\svchost.exe,,,,,,False,C:\Users\turan\Desktop\defense-work-evtx-files\Windows Firewall-Firewall.evtx,0x8000020000000000,0,"{""EventData"":{""Data"":[{""@Name"":""RuleId"",""#text"":""{F6507916-26C1-44E2-A239-31F44FB45234}""},{""@Name"":""RuleName"",""#text"":""@{Microsoft.XboxSpeechToTextOverlay_1.17.29001.0_x64__8wekyb3d8bbwe?ms-resource://Microsoft.XboxSpeechToTextOverlay/Resources/AppName}""},{""@Name"":""ModifyingUser"",""#text"":""S-1-5-80-3088073201-1464728630-1879813800-1107566885-823218052""},{""@Name"":""ModifyingApplication"",""#text"":""C:\\Windows\\System32\\svchost.exe""}]}}"
356,547,2023-03-01 08:23:49.4626433,2004,Info,Microsoft-Windows-Windows Firewall With Advanced Security,Microsoft-Windows-Windows Firewall With Advanced Security/Firewall,2700,2916,DESKTOP-887GK2L,5,S-1-5-19,A rule has been added to the Windows Defender Firewall exception list,,"*: ",: @{Microsoft.XboxSpeechToTextOverlay_1.21.13002.0_x64__8wekyb3d8bbwe?ms-resource://Microsoft.XboxSpeechToTextOverlay/Resources/AppName},,Direction: Inbound,Action: Block,Protocol: All,,,False,C:\Users\turan\Desktop\defense-work-evtx-files\Windows Firewall-Firewall.evtx,0x8000020000000000,0,"{""EventData"":{""Data"":[{""@Name"":""RuleId"",""#text"":""{A1BFEB20-8C6C-47F8-8784-912260153DEA}""},{""@Name"":""RuleName"",""#text"":""@{Microsoft.XboxSpeechToTextOverlay_1.21.13002.0_x64__8wekyb3d8bbwe?ms-resource://Microsoft.XboxSpeechToTextOverlay/Resources/AppName}""},{""@Name"":""Origin"",""#text"":""1""},{""@Name"":""ApplicationPath""},{""@Name"":""ServiceName""},{""@Name"":""Direction"",""#text"":""1""},{""@Name"":""Protocol"",""#text"":""256""},{""@Name"":""LocalPorts""},{""@Name"":""RemotePorts""},{""@Name"":""Action"",""#text"":""2""},{""@Name"":""Profiles"",""#text"":""2147483647""},{""@Name"":""LocalAddresses"",""#text"":""*""},{""@Name"":""RemoteAddresses"",""#text"":""*""},{""@Name"":""RemoteMachineAuthorizationList""},{""@Name"":""RemoteUserAuthorizationList""},{""@Name"":""EmbeddedContext"",""#text"":""@{Microsoft.XboxSpeechToTextOverlay_1.21.13002.0_x64__8wekyb3d8bbwe?ms-resource://Microsoft.XboxSpeechToTextOverlay/Resources/AppName}""},{""@Name"":""Flags"",""#text"":""1""},{""@Name"":""Active"",""#text"":""1""},{""@Name"":""EdgeTraversal"",""#text"":""0""},{""@Name"":""LooseSourceMapped"",""#text"":""0""},{""@Name"":""SecurityOptions"",""#text"":""0""},{""@Name"":""ModifyingUser"",""#text"":""S-1-5-80-3088073201-1464728630-1879813800-1107566885-823218052""},{""@Name"":""ModifyingApplication"",""#text"":""C:\\Windows\\System32\\svchost.exe""},{""@Name"":""SchemaVersion"",""#text"":""542""},{""@Name"":""RuleStatus"",""#text"":""65536""},{""@Name"":""LocalOnlyMapped"",""#text"":""0""}]}}"
357,548,2023-03-01 08:23:49.4638566,2004,Info,Microsoft-Windows-Windows Firewall With Advanced Security,Microsoft-Windows-Windows Firewall With Advanced Security/Firewall,2700,2916,DESKTOP-887GK2L,5,S-1-5-19,A rule has been added to the Windows Defender Firewall exception list,,"*: ",: @{Microsoft.XboxSpeechToTextOverlay_1.21.13002.0_x64__8wekyb3d8bbwe?ms-resource://Microsoft.XboxSpeechToTextOverlay/Resources/AppName},,Direction: Outbound,Action: Block,Protocol: All,,,False,C:\Users\turan\Desktop\defense-work-evtx-files\Windows Firewall-Firewall.evtx,0x8000020000000000,0,"{""EventData"":{""Data"":[{""@Name"":""RuleId"",""#text"":""{4B07CF60-32F5-4E0F-94E0-70BEA12BC774}""},{""@Name"":""RuleName"",""#text"":""@{Microsoft.XboxSpeechToTextOverlay_1.21.13002.0_x64__8wekyb3d8bbwe?ms-resource://Microsoft.XboxSpeechToTextOverlay/Resources/AppName}""},{""@Name"":""Origin"",""#text"":""1""},{""@Name"":""ApplicationPath""},{""@Name"":""ServiceName""},{""@Name"":""Direction"",""#text"":""2""},{""@Name"":""Protocol"",""#text"":""256""},{""@Name"":""LocalPorts""},{""@Name"":""RemotePorts""},{""@Name"":""Action"",""#text"":""2""},{""@Name"":""Profiles"",""#text"":""2147483647""},{""@Name"":""LocalAddresses"",""#text"":""*""},{""@Name"":""RemoteAddresses"",""#text"":""*""},{""@Name"":""RemoteMachineAuthorizationList""},{""@Name"":""RemoteUserAuthorizationList""},{""@Name"":""EmbeddedContext"",""#text"":""@{Microsoft.XboxSpeechToTextOverlay_1.21.13002.0_x64__8wekyb3d8bbwe?ms-resource://Microsoft.XboxSpeechToTextOverlay/Resources/AppName}""},{""@Name"":""Flags"",""#text"":""1""},{""@Name"":""Active"",""#text"":""1""},{""@Name"":""EdgeTraversal"",""#text"":""0""},{""@Name"":""LooseSourceMapped"",""#text"":""0""},{""@Name"":""SecurityOptions"",""#text"":""0""},{""@Name"":""ModifyingUser"",""#text"":""S-1-5-80-3088073201-1464728630-1879813800-1107566885-823218052""},{""@Name"":""ModifyingApplication"",""#text"":""C:\\Windows\\System32\\svchost.exe""},{""@Name"":""SchemaVersion"",""#text"":""542""},{""@Name"":""RuleStatus"",""#text"":""65536""},{""@Name"":""LocalOnlyMapped"",""#text"":""0""}]}}"
358,549,2023-03-01 08:23:58.9521120,2006,Info,Microsoft-Windows-Windows Firewall With Advanced Security,Microsoft-Windows-Windows Firewall With Advanced Security/Firewall,2700,1980,DESKTOP-887GK2L,5,S-1-5-19,A rule has been deleted in the Windows Defender Firewall exception list,,,RuleName: @{Microsoft.People_10.1902.633.0_x64__8wekyb3d8bbwe?ms-resource://Microsoft.People/Resources/AppStoreName},ModifyingApplication: C:\Windows\System32\svchost.exe,,,,,,False,C:\Users\turan\Desktop\defense-work-evtx-files\Windows Firewall-Firewall.evtx,0x8000020000000000,0,"{""EventData"":{""Data"":[{""@Name"":""RuleId"",""#text"":""{C5246B9A-D383-494D-B21D-73710A9B80B8}""},{""@Name"":""RuleName"",""#text"":""@{Microsoft.People_10.1902.633.0_x64__8wekyb3d8bbwe?ms-resource://Microsoft.People/Resources/AppStoreName}""},{""@Name"":""ModifyingUser"",""#text"":""S-1-5-80-3088073201-1464728630-1879813800-1107566885-823218052""},{""@Name"":""ModifyingApplication"",""#text"":""C:\\Windows\\System32\\svchost.exe""}]}}"
359,550,2023-03-01 08:23:58.9524380,2006,Info,Microsoft-Windows-Windows Firewall With Advanced Security,Microsoft-Windows-Windows Firewall With Advanced Security/Firewall,2700,1980,DESKTOP-887GK2L,5,S-1-5-19,A rule has been deleted in the Windows Defender Firewall exception list,,,RuleName: @{Microsoft.People_10.1902.633.0_x64__8wekyb3d8bbwe?ms-resource://Microsoft.People/Resources/AppStoreName},ModifyingApplication: C:\Windows\System32\svchost.exe,,,,,,False,C:\Users\turan\Desktop\defense-work-evtx-files\Windows Firewall-Firewall.evtx,0x8000020000000000,0,"{""EventData"":{""Data"":[{""@Name"":""RuleId"",""#text"":""{D50AB9A1-4113-4805-BA57-857A75A191E7}""},{""@Name"":""RuleName"",""#text"":""@{Microsoft.People_10.1902.633.0_x64__8wekyb3d8bbwe?ms-resource://Microsoft.People/Resources/AppStoreName}""},{""@Name"":""ModifyingUser"",""#text"":""S-1-5-80-3088073201-1464728630-1879813800-1107566885-823218052""},{""@Name"":""ModifyingApplication"",""#text"":""C:\\Windows\\System32\\svchost.exe""}]}}"
360,551,2023-03-01 08:23:58.9526441,2006,Info,Microsoft-Windows-Windows Firewall With Advanced Security,Microsoft-Windows-Windows Firewall With Advanced Security/Firewall,2700,1980,DESKTOP-887GK2L,6,S-1-5-19,A rule has been deleted in the Windows Defender Firewall exception list,,,RuleName: @{Microsoft.People_10.1902.633.0_x64__8wekyb3d8bbwe?ms-resource://Microsoft.People/Resources/AppStoreName},ModifyingApplication: C:\Windows\System32\svchost.exe,,,,,,False,C:\Users\turan\Desktop\defense-work-evtx-files\Windows Firewall-Firewall.evtx,0x8000020000000000,0,"{""EventData"":{""Data"":[{""@Name"":""RuleId"",""#text"":""{CFAD0B9B-9FA6-47AF-93E4-91064E862AD0}""},{""@Name"":""RuleName"",""#text"":""@{Microsoft.People_10.1902.633.0_x64__8wekyb3d8bbwe?ms-resource://Microsoft.People/Resources/AppStoreName}""},{""@Name"":""ModifyingUser"",""#text"":""S-1-5-80-3088073201-1464728630-1879813800-1107566885-823218052""},{""@Name"":""ModifyingApplication"",""#text"":""C:\\Windows\\System32\\svchost.exe""}]}}"
361,552,2023-03-01 08:23:58.9532989,2006,Info,Microsoft-Windows-Windows Firewall With Advanced Security,Microsoft-Windows-Windows Firewall With Advanced Security/Firewall,2700,1980,DESKTOP-887GK2L,6,S-1-5-19,A rule has been deleted in the Windows Defender Firewall exception list,,,RuleName: @{Microsoft.People_10.1902.633.0_x64__8wekyb3d8bbwe?ms-resource://Microsoft.People/Resources/AppStoreName},ModifyingApplication: C:\Windows\System32\svchost.exe,,,,,,False,C:\Users\turan\Desktop\defense-work-evtx-files\Windows Firewall-Firewall.evtx,0x8000020000000000,0,"{""EventData"":{""Data"":[{""@Name"":""RuleId"",""#text"":""{C6F7FE97-9100-46DF-AD58-0DED3235D36D}""},{""@Name"":""RuleName"",""#text"":""@{Microsoft.People_10.1902.633.0_x64__8wekyb3d8bbwe?ms-resource://Microsoft.People/Resources/AppStoreName}""},{""@Name"":""ModifyingUser"",""#text"":""S-1-5-80-3088073201-1464728630-1879813800-1107566885-823218052""},{""@Name"":""ModifyingApplication"",""#text"":""C:\\Windows\\System32\\svchost.exe""}]}}"
362,553,2023-03-01 08:23:58.9551519,2004,Info,Microsoft-Windows-Windows Firewall With Advanced Security,Microsoft-Windows-Windows Firewall With Advanced Security/Firewall,2700,1284,DESKTOP-887GK2L,6,S-1-5-19,A rule has been added to the Windows Defender Firewall exception list,,"*: ",: @{Microsoft.People_10.2105.4.0_x64__8wekyb3d8bbwe?ms-resource://Microsoft.People/Resources/AppStoreName},,Direction: Inbound,Action: Block,Protocol: All,,,False,C:\Users\turan\Desktop\defense-work-evtx-files\Windows Firewall-Firewall.evtx,0x8000020000000000,0,"{""EventData"":{""Data"":[{""@Name"":""RuleId"",""#text"":""{3451B1C8-F36C-468B-8DFA-2F3CCBE80F6B}""},{""@Name"":""RuleName"",""#text"":""@{Microsoft.People_10.2105.4.0_x64__8wekyb3d8bbwe?ms-resource://Microsoft.People/Resources/AppStoreName}""},{""@Name"":""Origin"",""#text"":""1""},{""@Name"":""ApplicationPath""},{""@Name"":""ServiceName""},{""@Name"":""Direction"",""#text"":""1""},{""@Name"":""Protocol"",""#text"":""256""},{""@Name"":""LocalPorts""},{""@Name"":""RemotePorts""},{""@Name"":""Action"",""#text"":""2""},{""@Name"":""Profiles"",""#text"":""2147483647""},{""@Name"":""LocalAddresses"",""#text"":""*""},{""@Name"":""RemoteAddresses"",""#text"":""*""},{""@Name"":""RemoteMachineAuthorizationList""},{""@Name"":""RemoteUserAuthorizationList""},{""@Name"":""EmbeddedContext"",""#text"":""@{Microsoft.People_10.2105.4.0_x64__8wekyb3d8bbwe?ms-resource://Microsoft.People/Resources/AppStoreName}""},{""@Name"":""Flags"",""#text"":""1""},{""@Name"":""Active"",""#text"":""1""},{""@Name"":""EdgeTraversal"",""#text"":""0""},{""@Name"":""LooseSourceMapped"",""#text"":""0""},{""@Name"":""SecurityOptions"",""#text"":""0""},{""@Name"":""ModifyingUser"",""#text"":""S-1-5-80-3088073201-1464728630-1879813800-1107566885-823218052""},{""@Name"":""ModifyingApplication"",""#text"":""C:\\Windows\\System32\\svchost.exe""},{""@Name"":""SchemaVersion"",""#text"":""542""},{""@Name"":""RuleStatus"",""#text"":""65536""},{""@Name"":""LocalOnlyMapped"",""#text"":""0""}]}}"
363,554,2023-03-01 08:23:58.9561186,2004,Info,Microsoft-Windows-Windows Firewall With Advanced Security,Microsoft-Windows-Windows Firewall With Advanced Security/Firewall,2700,1284,DESKTOP-887GK2L,6,S-1-5-19,A rule has been added to the Windows Defender Firewall exception list,,"*: ",: @{Microsoft.People_10.2105.4.0_x64__8wekyb3d8bbwe?ms-resource://Microsoft.People/Resources/AppStoreName},,Direction: Outbound,Action: Block,Protocol: All,,,False,C:\Users\turan\Desktop\defense-work-evtx-files\Windows Firewall-Firewall.evtx,0x8000020000000000,0,"{""EventData"":{""Data"":[{""@Name"":""RuleId"",""#text"":""{E953DC97-B9CB-40A8-AEB9-DCBD56546A67}""},{""@Name"":""RuleName"",""#text"":""@{Microsoft.People_10.2105.4.0_x64__8wekyb3d8bbwe?ms-resource://Microsoft.People/Resources/AppStoreName}""},{""@Name"":""Origin"",""#text"":""1""},{""@Name"":""ApplicationPath""},{""@Name"":""ServiceName""},{""@Name"":""Direction"",""#text"":""2""},{""@Name"":""Protocol"",""#text"":""256""},{""@Name"":""LocalPorts""},{""@Name"":""RemotePorts""},{""@Name"":""Action"",""#text"":""2""},{""@Name"":""Profiles"",""#text"":""2147483647""},{""@Name"":""LocalAddresses"",""#text"":""*""},{""@Name"":""RemoteAddresses"",""#text"":""*""},{""@Name"":""RemoteMachineAuthorizationList""},{""@Name"":""RemoteUserAuthorizationList""},{""@Name"":""EmbeddedContext"",""#text"":""@{Microsoft.People_10.2105.4.0_x64__8wekyb3d8bbwe?ms-resource://Microsoft.People/Resources/AppStoreName}""},{""@Name"":""Flags"",""#text"":""1""},{""@Name"":""Active"",""#text"":""1""},{""@Name"":""EdgeTraversal"",""#text"":""0""},{""@Name"":""LooseSourceMapped"",""#text"":""0""},{""@Name"":""SecurityOptions"",""#text"":""0""},{""@Name"":""ModifyingUser"",""#text"":""S-1-5-80-3088073201-1464728630-1879813800-1107566885-823218052""},{""@Name"":""ModifyingApplication"",""#text"":""C:\\Windows\\System32\\svchost.exe""},{""@Name"":""SchemaVersion"",""#text"":""542""},{""@Name"":""RuleStatus"",""#text"":""65536""},{""@Name"":""LocalOnlyMapped"",""#text"":""0""}]}}"
364,555,2023-03-01 08:23:58.9571000,2004,Info,Microsoft-Windows-Windows Firewall With Advanced Security,Microsoft-Windows-Windows Firewall With Advanced Security/Firewall,2700,1284,DESKTOP-887GK2L,6,S-1-5-19,A rule has been added to the Windows Defender Firewall exception list,,"*: ",: @{Microsoft.People_10.2105.4.0_x64__8wekyb3d8bbwe?ms-resource://Microsoft.People/Resources/AppStoreName},,Direction: Outbound,Action: Allow,Protocol: All,,,False,C:\Users\turan\Desktop\defense-work-evtx-files\Windows Firewall-Firewall.evtx,0x8000020000000000,0,"{""EventData"":{""Data"":[{""@Name"":""RuleId"",""#text"":""{DD726AAF-9CF7-41F9-A813-577755F4D7C5}""},{""@Name"":""RuleName"",""#text"":""@{Microsoft.People_10.2105.4.0_x64__8wekyb3d8bbwe?ms-resource://Microsoft.People/Resources/AppStoreName}""},{""@Name"":""Origin"",""#text"":""1""},{""@Name"":""ApplicationPath""},{""@Name"":""ServiceName""},{""@Name"":""Direction"",""#text"":""2""},{""@Name"":""Protocol"",""#text"":""256""},{""@Name"":""LocalPorts""},{""@Name"":""RemotePorts""},{""@Name"":""Action"",""#text"":""3""},{""@Name"":""Profiles"",""#text"":""7""},{""@Name"":""LocalAddresses"",""#text"":""*""},{""@Name"":""RemoteAddresses"",""#text"":""*""},{""@Name"":""RemoteMachineAuthorizationList""},{""@Name"":""RemoteUserAuthorizationList""},{""@Name"":""EmbeddedContext"",""#text"":""@{Microsoft.People_10.2105.4.0_x64__8wekyb3d8bbwe?ms-resource://Microsoft.People/Resources/AppStoreName}""},{""@Name"":""Flags"",""#text"":""1""},{""@Name"":""Active"",""#text"":""1""},{""@Name"":""EdgeTraversal"",""#text"":""0""},{""@Name"":""LooseSourceMapped"",""#text"":""0""},{""@Name"":""SecurityOptions"",""#text"":""0""},{""@Name"":""ModifyingUser"",""#text"":""S-1-5-80-3088073201-1464728630-1879813800-1107566885-823218052""},{""@Name"":""ModifyingApplication"",""#text"":""C:\\Windows\\System32\\svchost.exe""},{""@Name"":""SchemaVersion"",""#text"":""542""},{""@Name"":""RuleStatus"",""#text"":""65536""},{""@Name"":""LocalOnlyMapped"",""#text"":""0""}]}}"
365,556,2023-03-01 08:23:58.9580648,2004,Info,Microsoft-Windows-Windows Firewall With Advanced Security,Microsoft-Windows-Windows Firewall With Advanced Security/Firewall,2700,1284,DESKTOP-887GK2L,6,S-1-5-19,A rule has been added to the Windows Defender Firewall exception list,,"*: ",: @{Microsoft.People_10.2105.4.0_x64__8wekyb3d8bbwe?ms-resource://Microsoft.People/Resources/AppStoreName},,Direction: Outbound,Action: Allow,Protocol: All,,,False,C:\Users\turan\Desktop\defense-work-evtx-files\Windows Firewall-Firewall.evtx,0x8000020000000000,0,"{""EventData"":{""Data"":[{""@Name"":""RuleId"",""#text"":""{C3BF8895-2A4A-40CE-AAD2-8FAD9835193E}""},{""@Name"":""RuleName"",""#text"":""@{Microsoft.People_10.2105.4.0_x64__8wekyb3d8bbwe?ms-resource://Microsoft.People/Resources/AppStoreName}""},{""@Name"":""Origin"",""#text"":""1""},{""@Name"":""ApplicationPath""},{""@Name"":""ServiceName""},{""@Name"":""Direction"",""#text"":""2""},{""@Name"":""Protocol"",""#text"":""256""},{""@Name"":""LocalPorts""},{""@Name"":""RemotePorts""},{""@Name"":""Action"",""#text"":""3""},{""@Name"":""Profiles"",""#text"":""7""},{""@Name"":""LocalAddresses"",""#text"":""*""},{""@Name"":""RemoteAddresses"",""#text"":""*""},{""@Name"":""RemoteMachineAuthorizationList""},{""@Name"":""RemoteUserAuthorizationList""},{""@Name"":""EmbeddedContext"",""#text"":""@{Microsoft.People_10.2105.4.0_x64__8wekyb3d8bbwe?ms-resource://Microsoft.People/Resources/AppStoreName}""},{""@Name"":""Flags"",""#text"":""1""},{""@Name"":""Active"",""#text"":""1""},{""@Name"":""EdgeTraversal"",""#text"":""0""},{""@Name"":""LooseSourceMapped"",""#text"":""0""},{""@Name"":""SecurityOptions"",""#text"":""0""},{""@Name"":""ModifyingUser"",""#text"":""S-1-5-80-3088073201-1464728630-1879813800-1107566885-823218052""},{""@Name"":""ModifyingApplication"",""#text"":""C:\\Windows\\System32\\svchost.exe""},{""@Name"":""SchemaVersion"",""#text"":""542""},{""@Name"":""RuleStatus"",""#text"":""65536""},{""@Name"":""LocalOnlyMapped"",""#text"":""0""}]}}"
366,557,2023-03-01 08:24:33.2605946,2006,Info,Microsoft-Windows-Windows Firewall With Advanced Security,Microsoft-Windows-Windows Firewall With Advanced Security/Firewall,2700,1980,DESKTOP-887GK2L,6,S-1-5-19,A rule has been deleted in the Windows Defender Firewall exception list,,,RuleName: Cortana,ModifyingApplication: C:\Windows\System32\svchost.exe,,,,,,False,C:\Users\turan\Desktop\defense-work-evtx-files\Windows Firewall-Firewall.evtx,0x8000020000000000,0,"{""EventData"":{""Data"":[{""@Name"":""RuleId"",""#text"":""{CFB65D4A-565F-459F-813A-7155946C92BD}""},{""@Name"":""RuleName"",""#text"":""Cortana""},{""@Name"":""ModifyingUser"",""#text"":""S-1-5-80-3088073201-1464728630-1879813800-1107566885-823218052""},{""@Name"":""ModifyingApplication"",""#text"":""C:\\Windows\\System32\\svchost.exe""}]}}"
367,558,2023-03-01 08:24:33.2607743,2006,Info,Microsoft-Windows-Windows Firewall With Advanced Security,Microsoft-Windows-Windows Firewall With Advanced Security/Firewall,2700,1980,DESKTOP-887GK2L,6,S-1-5-19,A rule has been deleted in the Windows Defender Firewall exception list,,,RuleName: Cortana,ModifyingApplication: C:\Windows\System32\svchost.exe,,,,,,False,C:\Users\turan\Desktop\defense-work-evtx-files\Windows Firewall-Firewall.evtx,0x8000020000000000,0,"{""EventData"":{""Data"":[{""@Name"":""RuleId"",""#text"":""{6F2CDB32-7B74-4322-A06C-64C1EF5D3828}""},{""@Name"":""RuleName"",""#text"":""Cortana""},{""@Name"":""ModifyingUser"",""#text"":""S-1-5-80-3088073201-1464728630-1879813800-1107566885-823218052""},{""@Name"":""ModifyingApplication"",""#text"":""C:\\Windows\\System32\\svchost.exe""}]}}"
368,559,2023-03-01 08:24:33.2609249,2006,Info,Microsoft-Windows-Windows Firewall With Advanced Security,Microsoft-Windows-Windows Firewall With Advanced Security/Firewall,2700,1980,DESKTOP-887GK2L,6,S-1-5-19,A rule has been deleted in the Windows Defender Firewall exception list,,,RuleName: Cortana,ModifyingApplication: C:\Windows\System32\svchost.exe,,,,,,False,C:\Users\turan\Desktop\defense-work-evtx-files\Windows Firewall-Firewall.evtx,0x8000020000000000,0,"{""EventData"":{""Data"":[{""@Name"":""RuleId"",""#text"":""{3F3DCC21-146D-47B6-B245-210E9479F892}""},{""@Name"":""RuleName"",""#text"":""Cortana""},{""@Name"":""ModifyingUser"",""#text"":""S-1-5-80-3088073201-1464728630-1879813800-1107566885-823218052""},{""@Name"":""ModifyingApplication"",""#text"":""C:\\Windows\\System32\\svchost.exe""}]}}"
