252,443,2023-01-31 13:10:59.9446235,2005,Info,Microsoft-Windows-Windows Firewall With Advanced Security,Microsoft-Windows-Windows Firewall With Advanced Security/Firewall,2836,4852,DESKTOP-887GK2L,4,S-1-5-19,A rule has been modified in the Windows Defender Firewall exception list,,"LocalSubnet: ",: File and Printer Sharing (Echo Request - ICMPv4-In),System,Direction: Inbound,Action: Allow,Protocol: Unknown code (1),,,False,C:\Users\turan\Desktop\defense-work-evtx-files\Windows Firewall-Firewall.evtx,0x8000020000000000,0,"{""EventData"":{""Data"":[{""@Name"":""RuleId"",""#text"":""{AAE27904-A8B2-4E16-ADE5-6A2ACEDC6130}""},{""@Name"":""RuleName"",""#text"":""File and Printer Sharing (Echo Request - ICMPv4-In)""},{""@Name"":""Origin"",""#text"":""1""},{""@Name"":""ApplicationPath"",""#text"":""System""},{""@Name"":""ServiceName""},{""@Name"":""Direction"",""#text"":""1""},{""@Name"":""Protocol"",""#text"":""1""},{""@Name"":""LocalPorts""},{""@Name"":""RemotePorts""},{""@Name"":""Action"",""#text"":""3""},{""@Name"":""Profiles"",""#text"":""4""},{""@Name"":""LocalAddresses"",""#text"":""*""},{""@Name"":""RemoteAddresses"",""#text"":""LocalSubnet""},{""@Name"":""RemoteMachineAuthorizationList""},{""@Name"":""RemoteUserAuthorizationList""},{""@Name"":""EmbeddedContext"",""#text"":""@FirewallAPI.dll,-28502""},{""@Name"":""Flags"",""#text"":""1""},{""@Name"":""Active"",""#text"":""1""},{""@Name"":""EdgeTraversal"",""#text"":""0""},{""@Name"":""LooseSourceMapped"",""#text"":""0""},{""@Name"":""SecurityOptions"",""#text"":""0""},{""@Name"":""ModifyingUser"",""#text"":""S-1-5-21-3393683511-3463148672-371912004-1001""},{""@Name"":""ModifyingApplication"",""#text"":""C:\\Windows\\System32\\dllhost.exe""},{""@Name"":""SchemaVersion"",""#text"":""542""},{""@Name"":""RuleStatus"",""#text"":""65536""},{""@Name"":""LocalOnlyMapped"",""#text"":""0""}]}}"
253,444,2023-01-31 13:10:59.9458464,2005,Info,Microsoft-Windows-Windows Firewall With Advanced Security,Microsoft-Windows-Windows Firewall With Advanced Security/Firewall,2836,4852,DESKTOP-887GK2L,4,S-1-5-19,A rule has been modified in the Windows Defender Firewall exception list,,LocalSubnet: *,Rpcss: File and Printer Sharing (Spooler Service - RPC-EPMAP),C:\Windows\system32\svchost.exe,Direction: Inbound,Action: Allow,Protocol: TCP,,,False,C:\Users\turan\Desktop\defense-work-evtx-files\Windows Firewall-Firewall.evtx,0x8000020000000000,0,"{""EventData"":{""Data"":[{""@Name"":""RuleId"",""#text"":""FPS-RPCSS-In-TCP""},{""@Name"":""RuleName"",""#text"":""File and Printer Sharing (Spooler Service - RPC-EPMAP)""},{""@Name"":""Origin"",""#text"":""1""},{""@Name"":""ApplicationPath"",""#text"":""C:\\Windows\\system32\\svchost.exe""},{""@Name"":""ServiceName"",""#text"":""Rpcss""},{""@Name"":""Direction"",""#text"":""1""},{""@Name"":""Protocol"",""#text"":""6""},{""@Name"":""LocalPorts"",""#text"":""RPC-EPMap""},{""@Name"":""RemotePorts"",""#text"":""*""},{""@Name"":""Action"",""#text"":""3""},{""@Name"":""Profiles"",""#text"":""2""},{""@Name"":""LocalAddresses"",""#text"":""*""},{""@Name"":""RemoteAddresses"",""#text"":""LocalSubnet""},{""@Name"":""RemoteMachineAuthorizationList""},{""@Name"":""RemoteUserAuthorizationList""},{""@Name"":""EmbeddedContext"",""#text"":""@FirewallAPI.dll,-28502""},{""@Name"":""Flags"",""#text"":""0""},{""@Name"":""Active"",""#text"":""0""},{""@Name"":""EdgeTraversal"",""#text"":""0""},{""@Name"":""LooseSourceMapped"",""#text"":""0""},{""@Name"":""SecurityOptions"",""#text"":""0""},{""@Name"":""ModifyingUser"",""#text"":""S-1-5-21-3393683511-3463148672-371912004-1001""},{""@Name"":""ModifyingApplication"",""#text"":""C:\\Windows\\System32\\dllhost.exe""},{""@Name"":""SchemaVersion"",""#text"":""542""},{""@Name"":""RuleStatus"",""#text"":""65536""},{""@Name"":""LocalOnlyMapped"",""#text"":""0""}]}}"
254,445,2023-01-31 13:10:59.9471478,2004,Info,Microsoft-Windows-Windows Firewall With Advanced Security,Microsoft-Windows-Windows Firewall With Advanced Security/Firewall,2836,4852,DESKTOP-887GK2L,4,S-1-5-19,A rule has been added to the Windows Defender Firewall exception list,,LocalSubnet: *,Rpcss: File and Printer Sharing (Spooler Service - RPC-EPMAP),C:\Windows\system32\svchost.exe,Direction: Inbound,Action: Allow,Protocol: TCP,,,False,C:\Users\turan\Desktop\defense-work-evtx-files\Windows Firewall-Firewall.evtx,0x8000020000000000,0,"{""EventData"":{""Data"":[{""@Name"":""RuleId"",""#text"":""{169E6190-2741-433C-AB7C-9E6FF994571B}""},{""@Name"":""RuleName"",""#text"":""File and Printer Sharing (Spooler Service - RPC-EPMAP)""},{""@Name"":""Origin"",""#text"":""1""},{""@Name"":""ApplicationPath"",""#text"":""C:\\Windows\\system32\\svchost.exe""},{""@Name"":""ServiceName"",""#text"":""Rpcss""},{""@Name"":""Direction"",""#text"":""1""},{""@Name"":""Protocol"",""#text"":""6""},{""@Name"":""LocalPorts"",""#text"":""RPC-EPMap""},{""@Name"":""RemotePorts"",""#text"":""*""},{""@Name"":""Action"",""#text"":""3""},{""@Name"":""Profiles"",""#text"":""4""},{""@Name"":""LocalAddresses"",""#text"":""*""},{""@Name"":""RemoteAddresses"",""#text"":""LocalSubnet""},{""@Name"":""RemoteMachineAuthorizationList""},{""@Name"":""RemoteUserAuthorizationList""},{""@Name"":""EmbeddedContext"",""#text"":""@FirewallAPI.dll,-28502""},{""@Name"":""Flags"",""#text"":""0""},{""@Name"":""Active"",""#text"":""0""},{""@Name"":""EdgeTraversal"",""#text"":""0""},{""@Name"":""LooseSourceMapped"",""#text"":""0""},{""@Name"":""SecurityOptions"",""#text"":""0""},{""@Name"":""ModifyingUser"",""#text"":""S-1-5-21-3393683511-3463148672-371912004-1001""},{""@Name"":""ModifyingApplication"",""#text"":""C:\\Windows\\System32\\dllhost.exe""},{""@Name"":""SchemaVersion"",""#text"":""542""},{""@Name"":""RuleStatus"",""#text"":""65536""},{""@Name"":""LocalOnlyMapped"",""#text"":""0""}]}}"
255,446,2023-01-31 13:10:59.9496433,2005,Info,Microsoft-Windows-Windows Firewall With Advanced Security,Microsoft-Windows-Windows Firewall With Advanced Security/Firewall,2836,4852,DESKTOP-887GK2L,4,S-1-5-19,A rule has been modified in the Windows Defender Firewall exception list,,LocalSubnet: *,Rpcss: File and Printer Sharing (Spooler Service - RPC-EPMAP),C:\Windows\system32\svchost.exe,Direction: Inbound,Action: Allow,Protocol: TCP,,,False,C:\Users\turan\Desktop\defense-work-evtx-files\Windows Firewall-Firewall.evtx,0x8000020000000000,0,"{""EventData"":{""Data"":[{""@Name"":""RuleId"",""#text"":""{169E6190-2741-433C-AB7C-9E6FF994571B}""},{""@Name"":""RuleName"",""#text"":""File and Printer Sharing (Spooler Service - RPC-EPMAP)""},{""@Name"":""Origin"",""#text"":""1""},{""@Name"":""ApplicationPath"",""#text"":""C:\\Windows\\system32\\svchost.exe""},{""@Name"":""ServiceName"",""#text"":""Rpcss""},{""@Name"":""Direction"",""#text"":""1""},{""@Name"":""Protocol"",""#text"":""6""},{""@Name"":""LocalPorts"",""#text"":""RPC-EPMap""},{""@Name"":""RemotePorts"",""#text"":""*""},{""@Name"":""Action"",""#text"":""3""},{""@Name"":""Profiles"",""#text"":""4""},{""@Name"":""LocalAddresses"",""#text"":""*""},{""@Name"":""RemoteAddresses"",""#text"":""LocalSubnet""},{""@Name"":""RemoteMachineAuthorizationList""},{""@Name"":""RemoteUserAuthorizationList""},{""@Name"":""EmbeddedContext"",""#text"":""@FirewallAPI.dll,-28502""},{""@Name"":""Flags"",""#text"":""1""},{""@Name"":""Active"",""#text"":""1""},{""@Name"":""EdgeTraversal"",""#text"":""0""},{""@Name"":""LooseSourceMapped"",""#text"":""0""},{""@Name"":""SecurityOptions"",""#text"":""0""},{""@Name"":""ModifyingUser"",""#text"":""S-1-5-21-3393683511-3463148672-371912004-1001""},{""@Name"":""ModifyingApplication"",""#text"":""C:\\Windows\\System32\\dllhost.exe""},{""@Name"":""SchemaVersion"",""#text"":""542""},{""@Name"":""RuleStatus"",""#text"":""65536""},{""@Name"":""LocalOnlyMapped"",""#text"":""0""}]}}"
256,447,2023-01-31 13:10:59.9509125,2005,Info,Microsoft-Windows-Windows Firewall With Advanced Security,Microsoft-Windows-Windows Firewall With Advanced Security/Firewall,2836,4848,DESKTOP-887GK2L,4,S-1-5-19,A rule has been modified in the Windows Defender Firewall exception list,,LocalSubnet: *,Spooler: File and Printer Sharing (Spooler Service - RPC),C:\Windows\system32\spoolsv.exe,Direction: Inbound,Action: Allow,Protocol: TCP,,,False,C:\Users\turan\Desktop\defense-work-evtx-files\Windows Firewall-Firewall.evtx,0x8000020000000000,0,"{""EventData"":{""Data"":[{""@Name"":""RuleId"",""#text"":""FPS-SpoolSvc-In-TCP""},{""@Name"":""RuleName"",""#text"":""File and Printer Sharing (Spooler Service - RPC)""},{""@Name"":""Origin"",""#text"":""1""},{""@Name"":""ApplicationPath"",""#text"":""C:\\Windows\\system32\\spoolsv.exe""},{""@Name"":""ServiceName"",""#text"":""Spooler""},{""@Name"":""Direction"",""#text"":""1""},{""@Name"":""Protocol"",""#text"":""6""},{""@Name"":""LocalPorts"",""#text"":""RPC""},{""@Name"":""RemotePorts"",""#text"":""*""},{""@Name"":""Action"",""#text"":""3""},{""@Name"":""Profiles"",""#text"":""2""},{""@Name"":""LocalAddresses"",""#text"":""*""},{""@Name"":""RemoteAddresses"",""#text"":""LocalSubnet""},{""@Name"":""RemoteMachineAuthorizationList""},{""@Name"":""RemoteUserAuthorizationList""},{""@Name"":""EmbeddedContext"",""#text"":""@FirewallAPI.dll,-28502""},{""@Name"":""Flags"",""#text"":""0""},{""@Name"":""Active"",""#text"":""0""},{""@Name"":""EdgeTraversal"",""#text"":""0""},{""@Name"":""LooseSourceMapped"",""#text"":""0""},{""@Name"":""SecurityOptions"",""#text"":""0""},{""@Name"":""ModifyingUser"",""#text"":""S-1-5-21-3393683511-3463148672-371912004-1001""},{""@Name"":""ModifyingApplication"",""#text"":""C:\\Windows\\System32\\dllhost.exe""},{""@Name"":""SchemaVersion"",""#text"":""542""},{""@Name"":""RuleStatus"",""#text"":""65536""},{""@Name"":""LocalOnlyMapped"",""#text"":""0""}]}}"
257,448,2023-01-31 13:10:59.9522616,2004,Info,Microsoft-Windows-Windows Firewall With Advanced Security,Microsoft-Windows-Windows Firewall With Advanced Security/Firewall,2836,4848,DESKTOP-887GK2L,4,S-1-5-19,A rule has been added to the Windows Defender Firewall exception list,,LocalSubnet: *,Spooler: File and Printer Sharing (Spooler Service - RPC),C:\Windows\system32\spoolsv.exe,Direction: Inbound,Action: Allow,Protocol: TCP,,,False,C:\Users\turan\Desktop\defense-work-evtx-files\Windows Firewall-Firewall.evtx,0x8000020000000000,0,"{""EventData"":{""Data"":[{""@Name"":""RuleId"",""#text"":""{51725BDF-F71F-44B5-B8A7-C1FACCE9D9B4}""},{""@Name"":""RuleName"",""#text"":""File and Printer Sharing (Spooler Service - RPC)""},{""@Name"":""Origin"",""#text"":""1""},{""@Name"":""ApplicationPath"",""#text"":""C:\\Windows\\system32\\spoolsv.exe""},{""@Name"":""ServiceName"",""#text"":""Spooler""},{""@Name"":""Direction"",""#text"":""1""},{""@Name"":""Protocol"",""#text"":""6""},{""@Name"":""LocalPorts"",""#text"":""RPC""},{""@Name"":""RemotePorts"",""#text"":""*""},{""@Name"":""Action"",""#text"":""3""},{""@Name"":""Profiles"",""#text"":""4""},{""@Name"":""LocalAddresses"",""#text"":""*""},{""@Name"":""RemoteAddresses"",""#text"":""LocalSubnet""},{""@Name"":""RemoteMachineAuthorizationList""},{""@Name"":""RemoteUserAuthorizationList""},{""@Name"":""EmbeddedContext"",""#text"":""@FirewallAPI.dll,-28502""},{""@Name"":""Flags"",""#text"":""0""},{""@Name"":""Active"",""#text"":""0""},{""@Name"":""EdgeTraversal"",""#text"":""0""},{""@Name"":""LooseSourceMapped"",""#text"":""0""},{""@Name"":""SecurityOptions"",""#text"":""0""},{""@Name"":""ModifyingUser"",""#text"":""S-1-5-21-3393683511-3463148672-371912004-1001""},{""@Name"":""ModifyingApplication"",""#text"":""C:\\Windows\\System32\\dllhost.exe""},{""@Name"":""SchemaVersion"",""#text"":""542""},{""@Name"":""RuleStatus"",""#text"":""65536""},{""@Name"":""LocalOnlyMapped"",""#text"":""0""}]}}"
258,449,2023-01-31 13:10:59.9547358,2005,Info,Microsoft-Windows-Windows Firewall With Advanced Security,Microsoft-Windows-Windows Firewall With Advanced Security/Firewall,2836,4848,DESKTOP-887GK2L,4,S-1-5-19,A rule has been modified in the Windows Defender Firewall exception list,,LocalSubnet: *,Spooler: File and Printer Sharing (Spooler Service - RPC),C:\Windows\system32\spoolsv.exe,Direction: Inbound,Action: Allow,Protocol: TCP,,,False,C:\Users\turan\Desktop\defense-work-evtx-files\Windows Firewall-Firewall.evtx,0x8000020000000000,0,"{""EventData"":{""Data"":[{""@Name"":""RuleId"",""#text"":""{51725BDF-F71F-44B5-B8A7-C1FACCE9D9B4}""},{""@Name"":""RuleName"",""#text"":""File and Printer Sharing (Spooler Service - RPC)""},{""@Name"":""Origin"",""#text"":""1""},{""@Name"":""ApplicationPath"",""#text"":""C:\\Windows\\system32\\spoolsv.exe""},{""@Name"":""ServiceName"",""#text"":""Spooler""},{""@Name"":""Direction"",""#text"":""1""},{""@Name"":""Protocol"",""#text"":""6""},{""@Name"":""LocalPorts"",""#text"":""RPC""},{""@Name"":""RemotePorts"",""#text"":""*""},{""@Name"":""Action"",""#text"":""3""},{""@Name"":""Profiles"",""#text"":""4""},{""@Name"":""LocalAddresses"",""#text"":""*""},{""@Name"":""RemoteAddresses"",""#text"":""LocalSubnet""},{""@Name"":""RemoteMachineAuthorizationList""},{""@Name"":""RemoteUserAuthorizationList""},{""@Name"":""EmbeddedContext"",""#text"":""@FirewallAPI.dll,-28502""},{""@Name"":""Flags"",""#text"":""1""},{""@Name"":""Active"",""#text"":""1""},{""@Name"":""EdgeTraversal"",""#text"":""0""},{""@Name"":""LooseSourceMapped"",""#text"":""0""},{""@Name"":""SecurityOptions"",""#text"":""0""},{""@Name"":""ModifyingUser"",""#text"":""S-1-5-21-3393683511-3463148672-371912004-1001""},{""@Name"":""ModifyingApplication"",""#text"":""C:\\Windows\\System32\\dllhost.exe""},{""@Name"":""SchemaVersion"",""#text"":""542""},{""@Name"":""RuleStatus"",""#text"":""65536""},{""@Name"":""LocalOnlyMapped"",""#text"":""0""}]}}"
259,450,2023-01-31 13:10:59.9559302,2005,Info,Microsoft-Windows-Windows Firewall With Advanced Security,Microsoft-Windows-Windows Firewall With Advanced Security/Firewall,2836,4852,DESKTOP-887GK2L,4,S-1-5-19,A rule has been modified in the Windows Defender Firewall exception list,,LocalSubnet: 138,: File and Printer Sharing (NB-Datagram-Out),System,Direction: Outbound,Action: Allow,Protocol: UDP,,,False,C:\Users\turan\Desktop\defense-work-evtx-files\Windows Firewall-Firewall.evtx,0x8000020000000000,0,"{""EventData"":{""Data"":[{""@Name"":""RuleId"",""#text"":""FPS-NB_Datagram-Out-UDP""},{""@Name"":""RuleName"",""#text"":""File and Printer Sharing (NB-Datagram-Out)""},{""@Name"":""Origin"",""#text"":""1""},{""@Name"":""ApplicationPath"",""#text"":""System""},{""@Name"":""ServiceName""},{""@Name"":""Direction"",""#text"":""2""},{""@Name"":""Protocol"",""#text"":""17""},{""@Name"":""LocalPorts"",""#text"":""*""},{""@Name"":""RemotePorts"",""#text"":""138""},{""@Name"":""Action"",""#text"":""3""},{""@Name"":""Profiles"",""#text"":""2""},{""@Name"":""LocalAddresses"",""#text"":""*""},{""@Name"":""RemoteAddresses"",""#text"":""LocalSubnet""},{""@Name"":""RemoteMachineAuthorizationList""},{""@Name"":""RemoteUserAuthorizationList""},{""@Name"":""EmbeddedContext"",""#text"":""@FirewallAPI.dll,-28502""},{""@Name"":""Flags"",""#text"":""0""},{""@Name"":""Active"",""#text"":""0""},{""@Name"":""EdgeTraversal"",""#text"":""0""},{""@Name"":""LooseSourceMapped"",""#text"":""0""},{""@Name"":""SecurityOptions"",""#text"":""0""},{""@Name"":""ModifyingUser"",""#text"":""S-1-5-21-3393683511-3463148672-371912004-1001""},{""@Name"":""ModifyingApplication"",""#text"":""C:\\Windows\\System32\\dllhost.exe""},{""@Name"":""SchemaVersion"",""#text"":""542""},{""@Name"":""RuleStatus"",""#text"":""65536""},{""@Name"":""LocalOnlyMapped"",""#text"":""0""}]}}"
260,451,2023-01-31 13:10:59.9572523,2004,Info,Microsoft-Windows-Windows Firewall With Advanced Security,Microsoft-Windows-Windows Firewall With Advanced Security/Firewall,2836,4852,DESKTOP-887GK2L,4,S-1-5-19,A rule has been added to the Windows Defender Firewall exception list,,LocalSubnet: 138,: File and Printer Sharing (NB-Datagram-Out),System,Direction: Outbound,Action: Allow,Protocol: UDP,,,False,C:\Users\turan\Desktop\defense-work-evtx-files\Windows Firewall-Firewall.evtx,0x8000020000000000,0,"{""EventData"":{""Data"":[{""@Name"":""RuleId"",""#text"":""{BFFAA259-6124-425F-88EA-EA73674D134B}""},{""@Name"":""RuleName"",""#text"":""File and Printer Sharing (NB-Datagram-Out)""},{""@Name"":""Origin"",""#text"":""1""},{""@Name"":""ApplicationPath"",""#text"":""System""},{""@Name"":""ServiceName""},{""@Name"":""Direction"",""#text"":""2""},{""@Name"":""Protocol"",""#text"":""17""},{""@Name"":""LocalPorts"",""#text"":""*""},{""@Name"":""RemotePorts"",""#text"":""138""},{""@Name"":""Action"",""#text"":""3""},{""@Name"":""Profiles"",""#text"":""4""},{""@Name"":""LocalAddresses"",""#text"":""*""},{""@Name"":""RemoteAddresses"",""#text"":""LocalSubnet""},{""@Name"":""RemoteMachineAuthorizationList""},{""@Name"":""RemoteUserAuthorizationList""},{""@Name"":""EmbeddedContext"",""#text"":""@FirewallAPI.dll,-28502""},{""@Name"":""Flags"",""#text"":""0""},{""@Name"":""Active"",""#text"":""0""},{""@Name"":""EdgeTraversal"",""#text"":""0""},{""@Name"":""LooseSourceMapped"",""#text"":""0""},{""@Name"":""SecurityOptions"",""#text"":""0""},{""@Name"":""ModifyingUser"",""#text"":""S-1-5-21-3393683511-3463148672-371912004-1001""},{""@Name"":""ModifyingApplication"",""#text"":""C:\\Windows\\System32\\dllhost.exe""},{""@Name"":""SchemaVersion"",""#text"":""542""},{""@Name"":""RuleStatus"",""#text"":""65536""},{""@Name"":""LocalOnlyMapped"",""#text"":""0""}]}}"
261,452,2023-01-31 13:10:59.9586983,2005,Info,Microsoft-Windows-Windows Firewall With Advanced Security,Microsoft-Windows-Windows Firewall With Advanced Security/Firewall,2836,4852,DESKTOP-887GK2L,4,S-1-5-19,A rule has been modified in the Windows Defender Firewall exception list,,LocalSubnet: 138,: File and Printer Sharing (NB-Datagram-Out),System,Direction: Outbound,Action: Allow,Protocol: UDP,,,False,C:\Users\turan\Desktop\defense-work-evtx-files\Windows Firewall-Firewall.evtx,0x8000020000000000,0,"{""EventData"":{""Data"":[{""@Name"":""RuleId"",""#text"":""{BFFAA259-6124-425F-88EA-EA73674D134B}""},{""@Name"":""RuleName"",""#text"":""File and Printer Sharing (NB-Datagram-Out)""},{""@Name"":""Origin"",""#text"":""1""},{""@Name"":""ApplicationPath"",""#text"":""System""},{""@Name"":""ServiceName""},{""@Name"":""Direction"",""#text"":""2""},{""@Name"":""Protocol"",""#text"":""17""},{""@Name"":""LocalPorts"",""#text"":""*""},{""@Name"":""RemotePorts"",""#text"":""138""},{""@Name"":""Action"",""#text"":""3""},{""@Name"":""Profiles"",""#text"":""4""},{""@Name"":""LocalAddresses"",""#text"":""*""},{""@Name"":""RemoteAddresses"",""#text"":""LocalSubnet""},{""@Name"":""RemoteMachineAuthorizationList""},{""@Name"":""RemoteUserAuthorizationList""},{""@Name"":""EmbeddedContext"",""#text"":""@FirewallAPI.dll,-28502""},{""@Name"":""Flags"",""#text"":""1""},{""@Name"":""Active"",""#text"":""1""},{""@Name"":""EdgeTraversal"",""#text"":""0""},{""@Name"":""LooseSourceMapped"",""#text"":""0""},{""@Name"":""SecurityOptions"",""#text"":""0""},{""@Name"":""ModifyingUser"",""#text"":""S-1-5-21-3393683511-3463148672-371912004-1001""},{""@Name"":""ModifyingApplication"",""#text"":""C:\\Windows\\System32\\dllhost.exe""},{""@Name"":""SchemaVersion"",""#text"":""542""},{""@Name"":""RuleStatus"",""#text"":""65536""},{""@Name"":""LocalOnlyMapped"",""#text"":""0""}]}}"
262,453,2023-01-31 13:10:59.9605059,2005,Info,Microsoft-Windows-Windows Firewall With Advanced Security,Microsoft-Windows-Windows Firewall With Advanced Security/Firewall,2836,4852,DESKTOP-887GK2L,4,S-1-5-19,A rule has been modified in the Windows Defender Firewall exception list,,LocalSubnet: *,: File and Printer Sharing (NB-Datagram-In),System,Direction: Inbound,Action: Allow,Protocol: UDP,,,False,C:\Users\turan\Desktop\defense-work-evtx-files\Windows Firewall-Firewall.evtx,0x8000020000000000,0,"{""EventData"":{""Data"":[{""@Name"":""RuleId"",""#text"":""FPS-NB_Datagram-In-UDP""},{""@Name"":""RuleName"",""#text"":""File and Printer Sharing (NB-Datagram-In)""},{""@Name"":""Origin"",""#text"":""1""},{""@Name"":""ApplicationPath"",""#text"":""System""},{""@Name"":""ServiceName""},{""@Name"":""Direction"",""#text"":""1""},{""@Name"":""Protocol"",""#text"":""17""},{""@Name"":""LocalPorts"",""#text"":""138""},{""@Name"":""RemotePorts"",""#text"":""*""},{""@Name"":""Action"",""#text"":""3""},{""@Name"":""Profiles"",""#text"":""2""},{""@Name"":""LocalAddresses"",""#text"":""*""},{""@Name"":""RemoteAddresses"",""#text"":""LocalSubnet""},{""@Name"":""RemoteMachineAuthorizationList""},{""@Name"":""RemoteUserAuthorizationList""},{""@Name"":""EmbeddedContext"",""#text"":""@FirewallAPI.dll,-28502""},{""@Name"":""Flags"",""#text"":""0""},{""@Name"":""Active"",""#text"":""0""},{""@Name"":""EdgeTraversal"",""#text"":""0""},{""@Name"":""LooseSourceMapped"",""#text"":""0""},{""@Name"":""SecurityOptions"",""#text"":""0""},{""@Name"":""ModifyingUser"",""#text"":""S-1-5-21-3393683511-3463148672-371912004-1001""},{""@Name"":""ModifyingApplication"",""#text"":""C:\\Windows\\System32\\dllhost.exe""},{""@Name"":""SchemaVersion"",""#text"":""542""},{""@Name"":""RuleStatus"",""#text"":""65536""},{""@Name"":""LocalOnlyMapped"",""#text"":""0""}]}}"
263,454,2023-01-31 13:10:59.9616625,2004,Info,Microsoft-Windows-Windows Firewall With Advanced Security,Microsoft-Windows-Windows Firewall With Advanced Security/Firewall,2836,4852,DESKTOP-887GK2L,4,S-1-5-19,A rule has been added to the Windows Defender Firewall exception list,,LocalSubnet: *,: File and Printer Sharing (NB-Datagram-In),System,Direction: Inbound,Action: Allow,Protocol: UDP,,,False,C:\Users\turan\Desktop\defense-work-evtx-files\Windows Firewall-Firewall.evtx,0x8000020000000000,0,"{""EventData"":{""Data"":[{""@Name"":""RuleId"",""#text"":""{D7A88666-D4D3-490D-B4DA-DE19D98611F6}""},{""@Name"":""RuleName"",""#text"":""File and Printer Sharing (NB-Datagram-In)""},{""@Name"":""Origin"",""#text"":""1""},{""@Name"":""ApplicationPath"",""#text"":""System""},{""@Name"":""ServiceName""},{""@Name"":""Direction"",""#text"":""1""},{""@Name"":""Protocol"",""#text"":""17""},{""@Name"":""LocalPorts"",""#text"":""138""},{""@Name"":""RemotePorts"",""#text"":""*""},{""@Name"":""Action"",""#text"":""3""},{""@Name"":""Profiles"",""#text"":""4""},{""@Name"":""LocalAddresses"",""#text"":""*""},{""@Name"":""RemoteAddresses"",""#text"":""LocalSubnet""},{""@Name"":""RemoteMachineAuthorizationList""},{""@Name"":""RemoteUserAuthorizationList""},{""@Name"":""EmbeddedContext"",""#text"":""@FirewallAPI.dll,-28502""},{""@Name"":""Flags"",""#text"":""0""},{""@Name"":""Active"",""#text"":""0""},{""@Name"":""EdgeTraversal"",""#text"":""0""},{""@Name"":""LooseSourceMapped"",""#text"":""0""},{""@Name"":""SecurityOptions"",""#text"":""0""},{""@Name"":""ModifyingUser"",""#text"":""S-1-5-21-3393683511-3463148672-371912004-1001""},{""@Name"":""ModifyingApplication"",""#text"":""C:\\Windows\\System32\\dllhost.exe""},{""@Name"":""SchemaVersion"",""#text"":""542""},{""@Name"":""RuleStatus"",""#text"":""65536""},{""@Name"":""LocalOnlyMapped"",""#text"":""0""}]}}"
264,455,2023-01-31 13:10:59.9637353,2005,Info,Microsoft-Windows-Windows Firewall With Advanced Security,Microsoft-Windows-Windows Firewall With Advanced Security/Firewall,2836,4852,DESKTOP-887GK2L,4,S-1-5-19,A rule has been modified in the Windows Defender Firewall exception list,,LocalSubnet: *,: File and Printer Sharing (NB-Datagram-In),System,Direction: Inbound,Action: Allow,Protocol: UDP,,,False,C:\Users\turan\Desktop\defense-work-evtx-files\Windows Firewall-Firewall.evtx,0x8000020000000000,0,"{""EventData"":{""Data"":[{""@Name"":""RuleId"",""#text"":""{D7A88666-D4D3-490D-B4DA-DE19D98611F6}""},{""@Name"":""RuleName"",""#text"":""File and Printer Sharing (NB-Datagram-In)""},{""@Name"":""Origin"",""#text"":""1""},{""@Name"":""ApplicationPath"",""#text"":""System""},{""@Name"":""ServiceName""},{""@Name"":""Direction"",""#text"":""1""},{""@Name"":""Protocol"",""#text"":""17""},{""@Name"":""LocalPorts"",""#text"":""138""},{""@Name"":""RemotePorts"",""#text"":""*""},{""@Name"":""Action"",""#text"":""3""},{""@Name"":""Profiles"",""#text"":""4""},{""@Name"":""LocalAddresses"",""#text"":""*""},{""@Name"":""RemoteAddresses"",""#text"":""LocalSubnet""},{""@Name"":""RemoteMachineAuthorizationList""},{""@Name"":""RemoteUserAuthorizationList""},{""@Name"":""EmbeddedContext"",""#text"":""@FirewallAPI.dll,-28502""},{""@Name"":""Flags"",""#text"":""1""},{""@Name"":""Active"",""#text"":""1""},{""@Name"":""EdgeTraversal"",""#text"":""0""},{""@Name"":""LooseSourceMapped"",""#text"":""0""},{""@Name"":""SecurityOptions"",""#text"":""0""},{""@Name"":""ModifyingUser"",""#text"":""S-1-5-21-3393683511-3463148672-371912004-1001""},{""@Name"":""ModifyingApplication"",""#text"":""C:\\Windows\\System32\\dllhost.exe""},{""@Name"":""SchemaVersion"",""#text"":""542""},{""@Name"":""RuleStatus"",""#text"":""65536""},{""@Name"":""LocalOnlyMapped"",""#text"":""0""}]}}"
265,456,2023-01-31 13:10:59.9647360,2005,Info,Microsoft-Windows-Windows Firewall With Advanced Security,Microsoft-Windows-Windows Firewall With Advanced Security/Firewall,2836,4852,DESKTOP-887GK2L,4,S-1-5-19,A rule has been modified in the Windows Defender Firewall exception list,,LocalSubnet: 137,: File and Printer Sharing (NB-Name-Out),System,Direction: Outbound,Action: Allow,Protocol: UDP,,,False,C:\Users\turan\Desktop\defense-work-evtx-files\Windows Firewall-Firewall.evtx,0x8000020000000000,0,"{""EventData"":{""Data"":[{""@Name"":""RuleId"",""#text"":""FPS-NB_Name-Out-UDP""},{""@Name"":""RuleName"",""#text"":""File and Printer Sharing (NB-Name-Out)""},{""@Name"":""Origin"",""#text"":""1""},{""@Name"":""ApplicationPath"",""#text"":""System""},{""@Name"":""ServiceName""},{""@Name"":""Direction"",""#text"":""2""},{""@Name"":""Protocol"",""#text"":""17""},{""@Name"":""LocalPorts"",""#text"":""*""},{""@Name"":""RemotePorts"",""#text"":""137""},{""@Name"":""Action"",""#text"":""3""},{""@Name"":""Profiles"",""#text"":""2""},{""@Name"":""LocalAddresses"",""#text"":""*""},{""@Name"":""RemoteAddresses"",""#text"":""LocalSubnet""},{""@Name"":""RemoteMachineAuthorizationList""},{""@Name"":""RemoteUserAuthorizationList""},{""@Name"":""EmbeddedContext"",""#text"":""@FirewallAPI.dll,-28502""},{""@Name"":""Flags"",""#text"":""0""},{""@Name"":""Active"",""#text"":""0""},{""@Name"":""EdgeTraversal"",""#text"":""0""},{""@Name"":""LooseSourceMapped"",""#text"":""0""},{""@Name"":""SecurityOptions"",""#text"":""0""},{""@Name"":""ModifyingUser"",""#text"":""S-1-5-21-3393683511-3463148672-371912004-1001""},{""@Name"":""ModifyingApplication"",""#text"":""C:\\Windows\\System32\\dllhost.exe""},{""@Name"":""SchemaVersion"",""#text"":""542""},{""@Name"":""RuleStatus"",""#text"":""65536""},{""@Name"":""LocalOnlyMapped"",""#text"":""0""}]}}"
266,457,2023-01-31 13:10:59.9658192,2004,Info,Microsoft-Windows-Windows Firewall With Advanced Security,Microsoft-Windows-Windows Firewall With Advanced Security/Firewall,2836,4852,DESKTOP-887GK2L,4,S-1-5-19,A rule has been added to the Windows Defender Firewall exception list,,LocalSubnet: 137,: File and Printer Sharing (NB-Name-Out),System,Direction: Outbound,Action: Allow,Protocol: UDP,,,False,C:\Users\turan\Desktop\defense-work-evtx-files\Windows Firewall-Firewall.evtx,0x8000020000000000,0,"{""EventData"":{""Data"":[{""@Name"":""RuleId"",""#text"":""{D92FDB62-6BEF-4E65-A073-8D63E5A55146}""},{""@Name"":""RuleName"",""#text"":""File and Printer Sharing (NB-Name-Out)""},{""@Name"":""Origin"",""#text"":""1""},{""@Name"":""ApplicationPath"",""#text"":""System""},{""@Name"":""ServiceName""},{""@Name"":""Direction"",""#text"":""2""},{""@Name"":""Protocol"",""#text"":""17""},{""@Name"":""LocalPorts"",""#text"":""*""},{""@Name"":""RemotePorts"",""#text"":""137""},{""@Name"":""Action"",""#text"":""3""},{""@Name"":""Profiles"",""#text"":""4""},{""@Name"":""LocalAddresses"",""#text"":""*""},{""@Name"":""RemoteAddresses"",""#text"":""LocalSubnet""},{""@Name"":""RemoteMachineAuthorizationList""},{""@Name"":""RemoteUserAuthorizationList""},{""@Name"":""EmbeddedContext"",""#text"":""@FirewallAPI.dll,-28502""},{""@Name"":""Flags"",""#text"":""0""},{""@Name"":""Active"",""#text"":""0""},{""@Name"":""EdgeTraversal"",""#text"":""0""},{""@Name"":""LooseSourceMapped"",""#text"":""0""},{""@Name"":""SecurityOptions"",""#text"":""0""},{""@Name"":""ModifyingUser"",""#text"":""S-1-5-21-3393683511-3463148672-371912004-1001""},{""@Name"":""ModifyingApplication"",""#text"":""C:\\Windows\\System32\\dllhost.exe""},{""@Name"":""SchemaVersion"",""#text"":""542""},{""@Name"":""RuleStatus"",""#text"":""65536""},{""@Name"":""LocalOnlyMapped"",""#text"":""0""}]}}"
267,458,2023-01-31 13:10:59.9668623,2005,Info,Microsoft-Windows-Windows Firewall With Advanced Security,Microsoft-Windows-Windows Firewall With Advanced Security/Firewall,2836,4852,DESKTOP-887GK2L,4,S-1-5-19,A rule has been modified in the Windows Defender Firewall exception list,,LocalSubnet: 137,: File and Printer Sharing (NB-Name-Out),System,Direction: Outbound,Action: Allow,Protocol: UDP,,,False,C:\Users\turan\Desktop\defense-work-evtx-files\Windows Firewall-Firewall.evtx,0x8000020000000000,0,"{""EventData"":{""Data"":[{""@Name"":""RuleId"",""#text"":""{D92FDB62-6BEF-4E65-A073-8D63E5A55146}""},{""@Name"":""RuleName"",""#text"":""File and Printer Sharing (NB-Name-Out)""},{""@Name"":""Origin"",""#text"":""1""},{""@Name"":""ApplicationPath"",""#text"":""System""},{""@Name"":""ServiceName""},{""@Name"":""Direction"",""#text"":""2""},{""@Name"":""Protocol"",""#text"":""17""},{""@Name"":""LocalPorts"",""#text"":""*""},{""@Name"":""RemotePorts"",""#text"":""137""},{""@Name"":""Action"",""#text"":""3""},{""@Name"":""Profiles"",""#text"":""4""},{""@Name"":""LocalAddresses"",""#text"":""*""},{""@Name"":""RemoteAddresses"",""#text"":""LocalSubnet""},{""@Name"":""RemoteMachineAuthorizationList""},{""@Name"":""RemoteUserAuthorizationList""},{""@Name"":""EmbeddedContext"",""#text"":""@FirewallAPI.dll,-28502""},{""@Name"":""Flags"",""#text"":""1""},{""@Name"":""Active"",""#text"":""1""},{""@Name"":""EdgeTraversal"",""#text"":""0""},{""@Name"":""LooseSourceMapped"",""#text"":""0""},{""@Name"":""SecurityOptions"",""#text"":""0""},{""@Name"":""ModifyingUser"",""#text"":""S-1-5-21-3393683511-3463148672-371912004-1001""},{""@Name"":""ModifyingApplication"",""#text"":""C:\\Windows\\System32\\dllhost.exe""},{""@Name"":""SchemaVersion"",""#text"":""542""},{""@Name"":""RuleStatus"",""#text"":""65536""},{""@Name"":""LocalOnlyMapped"",""#text"":""0""}]}}"
268,459,2023-01-31 13:10:59.9678010,2005,Info,Microsoft-Windows-Windows Firewall With Advanced Security,Microsoft-Windows-Windows Firewall With Advanced Security/Firewall,2836,4852,DESKTOP-887GK2L,4,S-1-5-19,A rule has been modified in the Windows Defender Firewall exception list,,LocalSubnet: *,: File and Printer Sharing (NB-Name-In),System,Direction: Inbound,Action: Allow,Protocol: UDP,,,False,C:\Users\turan\Desktop\defense-work-evtx-files\Windows Firewall-Firewall.evtx,0x8000020000000000,0,"{""EventData"":{""Data"":[{""@Name"":""RuleId"",""#text"":""FPS-NB_Name-In-UDP""},{""@Name"":""RuleName"",""#text"":""File and Printer Sharing (NB-Name-In)""},{""@Name"":""Origin"",""#text"":""1""},{""@Name"":""ApplicationPath"",""#text"":""System""},{""@Name"":""ServiceName""},{""@Name"":""Direction"",""#text"":""1""},{""@Name"":""Protocol"",""#text"":""17""},{""@Name"":""LocalPorts"",""#text"":""137""},{""@Name"":""RemotePorts"",""#text"":""*""},{""@Name"":""Action"",""#text"":""3""},{""@Name"":""Profiles"",""#text"":""2""},{""@Name"":""LocalAddresses"",""#text"":""*""},{""@Name"":""RemoteAddresses"",""#text"":""LocalSubnet""},{""@Name"":""RemoteMachineAuthorizationList""},{""@Name"":""RemoteUserAuthorizationList""},{""@Name"":""EmbeddedContext"",""#text"":""@FirewallAPI.dll,-28502""},{""@Name"":""Flags"",""#text"":""0""},{""@Name"":""Active"",""#text"":""0""},{""@Name"":""EdgeTraversal"",""#text"":""0""},{""@Name"":""LooseSourceMapped"",""#text"":""0""},{""@Name"":""SecurityOptions"",""#text"":""0""},{""@Name"":""ModifyingUser"",""#text"":""S-1-5-21-3393683511-3463148672-371912004-1001""},{""@Name"":""ModifyingApplication"",""#text"":""C:\\Windows\\System32\\dllhost.exe""},{""@Name"":""SchemaVersion"",""#text"":""542""},{""@Name"":""RuleStatus"",""#text"":""65536""},{""@Name"":""LocalOnlyMapped"",""#text"":""0""}]}}"
269,460,2023-01-31 13:10:59.9687979,2004,Info,Microsoft-Windows-Windows Firewall With Advanced Security,Microsoft-Windows-Windows Firewall With Advanced Security/Firewall,2836,4852,DESKTOP-887GK2L,4,S-1-5-19,A rule has been added to the Windows Defender Firewall exception list,,LocalSubnet: *,: File and Printer Sharing (NB-Name-In),System,Direction: Inbound,Action: Allow,Protocol: UDP,,,False,C:\Users\turan\Desktop\defense-work-evtx-files\Windows Firewall-Firewall.evtx,0x8000020000000000,0,"{""EventData"":{""Data"":[{""@Name"":""RuleId"",""#text"":""{2E610BD1-6D63-42FF-BCDA-EBEAE4669889}""},{""@Name"":""RuleName"",""#text"":""File and Printer Sharing (NB-Name-In)""},{""@Name"":""Origin"",""#text"":""1""},{""@Name"":""ApplicationPath"",""#text"":""System""},{""@Name"":""ServiceName""},{""@Name"":""Direction"",""#text"":""1""},{""@Name"":""Protocol"",""#text"":""17""},{""@Name"":""LocalPorts"",""#text"":""137""},{""@Name"":""RemotePorts"",""#text"":""*""},{""@Name"":""Action"",""#text"":""3""},{""@Name"":""Profiles"",""#text"":""4""},{""@Name"":""LocalAddresses"",""#text"":""*""},{""@Name"":""RemoteAddresses"",""#text"":""LocalSubnet""},{""@Name"":""RemoteMachineAuthorizationList""},{""@Name"":""RemoteUserAuthorizationList""},{""@Name"":""EmbeddedContext"",""#text"":""@FirewallAPI.dll,-28502""},{""@Name"":""Flags"",""#text"":""0""},{""@Name"":""Active"",""#text"":""0""},{""@Name"":""EdgeTraversal"",""#text"":""0""},{""@Name"":""LooseSourceMapped"",""#text"":""0""},{""@Name"":""SecurityOptions"",""#text"":""0""},{""@Name"":""ModifyingUser"",""#text"":""S-1-5-21-3393683511-3463148672-371912004-1001""},{""@Name"":""ModifyingApplication"",""#text"":""C:\\Windows\\System32\\dllhost.exe""},{""@Name"":""SchemaVersion"",""#text"":""542""},{""@Name"":""RuleStatus"",""#text"":""65536""},{""@Name"":""LocalOnlyMapped"",""#text"":""0""}]}}"
270,461,2023-01-31 13:10:59.9707842,2005,Info,Microsoft-Windows-Windows Firewall With Advanced Security,Microsoft-Windows-Windows Firewall With Advanced Security/Firewall,2836,4852,DESKTOP-887GK2L,4,S-1-5-19,A rule has been modified in the Windows Defender Firewall exception list,,LocalSubnet: *,: File and Printer Sharing (NB-Name-In),System,Direction: Inbound,Action: Allow,Protocol: UDP,,,False,C:\Users\turan\Desktop\defense-work-evtx-files\Windows Firewall-Firewall.evtx,0x8000020000000000,0,"{""EventData"":{""Data"":[{""@Name"":""RuleId"",""#text"":""{2E610BD1-6D63-42FF-BCDA-EBEAE4669889}""},{""@Name"":""RuleName"",""#text"":""File and Printer Sharing (NB-Name-In)""},{""@Name"":""Origin"",""#text"":""1""},{""@Name"":""ApplicationPath"",""#text"":""System""},{""@Name"":""ServiceName""},{""@Name"":""Direction"",""#text"":""1""},{""@Name"":""Protocol"",""#text"":""17""},{""@Name"":""LocalPorts"",""#text"":""137""},{""@Name"":""RemotePorts"",""#text"":""*""},{""@Name"":""Action"",""#text"":""3""},{""@Name"":""Profiles"",""#text"":""4""},{""@Name"":""LocalAddresses"",""#text"":""*""},{""@Name"":""RemoteAddresses"",""#text"":""LocalSubnet""},{""@Name"":""RemoteMachineAuthorizationList""},{""@Name"":""RemoteUserAuthorizationList""},{""@Name"":""EmbeddedContext"",""#text"":""@FirewallAPI.dll,-28502""},{""@Name"":""Flags"",""#text"":""1""},{""@Name"":""Active"",""#text"":""1""},{""@Name"":""EdgeTraversal"",""#text"":""0""},{""@Name"":""LooseSourceMapped"",""#text"":""0""},{""@Name"":""SecurityOptions"",""#text"":""0""},{""@Name"":""ModifyingUser"",""#text"":""S-1-5-21-3393683511-3463148672-371912004-1001""},{""@Name"":""ModifyingApplication"",""#text"":""C:\\Windows\\System32\\dllhost.exe""},{""@Name"":""SchemaVersion"",""#text"":""542""},{""@Name"":""RuleStatus"",""#text"":""65536""},{""@Name"":""LocalOnlyMapped"",""#text"":""0""}]}}"
271,462,2023-01-31 13:10:59.9717861,2005,Info,Microsoft-Windows-Windows Firewall With Advanced Security,Microsoft-Windows-Windows Firewall With Advanced Security/Firewall,2836,4848,DESKTOP-887GK2L,4,S-1-5-19,A rule has been modified in the Windows Defender Firewall exception list,,LocalSubnet: 445,: File and Printer Sharing (SMB-Out),System,Direction: Outbound,Action: Allow,Protocol: TCP,,,False,C:\Users\turan\Desktop\defense-work-evtx-files\Windows Firewall-Firewall.evtx,0x8000020000000000,0,"{""EventData"":{""Data"":[{""@Name"":""RuleId"",""#text"":""FPS-SMB-Out-TCP""},{""@Name"":""RuleName"",""#text"":""File and Printer Sharing (SMB-Out)""},{""@Name"":""Origin"",""#text"":""1""},{""@Name"":""ApplicationPath"",""#text"":""System""},{""@Name"":""ServiceName""},{""@Name"":""Direction"",""#text"":""2""},{""@Name"":""Protocol"",""#text"":""6""},{""@Name"":""LocalPorts"",""#text"":""*""},{""@Name"":""RemotePorts"",""#text"":""445""},{""@Name"":""Action"",""#text"":""3""},{""@Name"":""Profiles"",""#text"":""2""},{""@Name"":""LocalAddresses"",""#text"":""*""},{""@Name"":""RemoteAddresses"",""#text"":""LocalSubnet""},{""@Name"":""RemoteMachineAuthorizationList""},{""@Name"":""RemoteUserAuthorizationList""},{""@Name"":""EmbeddedContext"",""#text"":""@FirewallAPI.dll,-28502""},{""@Name"":""Flags"",""#text"":""0""},{""@Name"":""Active"",""#text"":""0""},{""@Name"":""EdgeTraversal"",""#text"":""0""},{""@Name"":""LooseSourceMapped"",""#text"":""0""},{""@Name"":""SecurityOptions"",""#text"":""0""},{""@Name"":""ModifyingUser"",""#text"":""S-1-5-21-3393683511-3463148672-371912004-1001""},{""@Name"":""ModifyingApplication"",""#text"":""C:\\Windows\\System32\\dllhost.exe""},{""@Name"":""SchemaVersion"",""#text"":""542""},{""@Name"":""RuleStatus"",""#text"":""65536""},{""@Name"":""LocalOnlyMapped"",""#text"":""0""}]}}"
272,463,2023-01-31 13:10:59.9728522,2004,Info,Microsoft-Windows-Windows Firewall With Advanced Security,Microsoft-Windows-Windows Firewall With Advanced Security/Firewall,2836,4848,DESKTOP-887GK2L,4,S-1-5-19,A rule has been added to the Windows Defender Firewall exception list,,LocalSubnet: 445,: File and Printer Sharing (SMB-Out),System,Direction: Outbound,Action: Allow,Protocol: TCP,,,False,C:\Users\turan\Desktop\defense-work-evtx-files\Windows Firewall-Firewall.evtx,0x8000020000000000,0,"{""EventData"":{""Data"":[{""@Name"":""RuleId"",""#text"":""{2ED5643C-7CFC-4B61-A339-46ECF40F4300}""},{""@Name"":""RuleName"",""#text"":""File and Printer Sharing (SMB-Out)""},{""@Name"":""Origin"",""#text"":""1""},{""@Name"":""ApplicationPath"",""#text"":""System""},{""@Name"":""ServiceName""},{""@Name"":""Direction"",""#text"":""2""},{""@Name"":""Protocol"",""#text"":""6""},{""@Name"":""LocalPorts"",""#text"":""*""},{""@Name"":""RemotePorts"",""#text"":""445""},{""@Name"":""Action"",""#text"":""3""},{""@Name"":""Profiles"",""#text"":""4""},{""@Name"":""LocalAddresses"",""#text"":""*""},{""@Name"":""RemoteAddresses"",""#text"":""LocalSubnet""},{""@Name"":""RemoteMachineAuthorizationList""},{""@Name"":""RemoteUserAuthorizationList""},{""@Name"":""EmbeddedContext"",""#text"":""@FirewallAPI.dll,-28502""},{""@Name"":""Flags"",""#text"":""0""},{""@Name"":""Active"",""#text"":""0""},{""@Name"":""EdgeTraversal"",""#text"":""0""},{""@Name"":""LooseSourceMapped"",""#text"":""0""},{""@Name"":""SecurityOptions"",""#text"":""0""},{""@Name"":""ModifyingUser"",""#text"":""S-1-5-21-3393683511-3463148672-371912004-1001""},{""@Name"":""ModifyingApplication"",""#text"":""C:\\Windows\\System32\\dllhost.exe""},{""@Name"":""SchemaVersion"",""#text"":""542""},{""@Name"":""RuleStatus"",""#text"":""65536""},{""@Name"":""LocalOnlyMapped"",""#text"":""0""}]}}"
273,464,2023-01-31 13:10:59.9739157,2005,Info,Microsoft-Windows-Windows Firewall With Advanced Security,Microsoft-Windows-Windows Firewall With Advanced Security/Firewall,2836,4848,DESKTOP-887GK2L,4,S-1-5-19,A rule has been modified in the Windows Defender Firewall exception list,,LocalSubnet: 445,: File and Printer Sharing (SMB-Out),System,Direction: Outbound,Action: Allow,Protocol: TCP,,,False,C:\Users\turan\Desktop\defense-work-evtx-files\Windows Firewall-Firewall.evtx,0x8000020000000000,0,"{""EventData"":{""Data"":[{""@Name"":""RuleId"",""#text"":""{2ED5643C-7CFC-4B61-A339-46ECF40F4300}""},{""@Name"":""RuleName"",""#text"":""File and Printer Sharing (SMB-Out)""},{""@Name"":""Origin"",""#text"":""1""},{""@Name"":""ApplicationPath"",""#text"":""System""},{""@Name"":""ServiceName""},{""@Name"":""Direction"",""#text"":""2""},{""@Name"":""Protocol"",""#text"":""6""},{""@Name"":""LocalPorts"",""#text"":""*""},{""@Name"":""RemotePorts"",""#text"":""445""},{""@Name"":""Action"",""#text"":""3""},{""@Name"":""Profiles"",""#text"":""4""},{""@Name"":""LocalAddresses"",""#text"":""*""},{""@Name"":""RemoteAddresses"",""#text"":""LocalSubnet""},{""@Name"":""RemoteMachineAuthorizationList""},{""@Name"":""RemoteUserAuthorizationList""},{""@Name"":""EmbeddedContext"",""#text"":""@FirewallAPI.dll,-28502""},{""@Name"":""Flags"",""#text"":""1""},{""@Name"":""Active"",""#text"":""1""},{""@Name"":""EdgeTraversal"",""#text"":""0""},{""@Name"":""LooseSourceMapped"",""#text"":""0""},{""@Name"":""SecurityOptions"",""#text"":""0""},{""@Name"":""ModifyingUser"",""#text"":""S-1-5-21-3393683511-3463148672-371912004-1001""},{""@Name"":""ModifyingApplication"",""#text"":""C:\\Windows\\System32\\dllhost.exe""},{""@Name"":""SchemaVersion"",""#text"":""542""},{""@Name"":""RuleStatus"",""#text"":""65536""},{""@Name"":""LocalOnlyMapped"",""#text"":""0""}]}}"
274,465,2023-01-31 13:10:59.9749399,2005,Info,Microsoft-Windows-Windows Firewall With Advanced Security,Microsoft-Windows-Windows Firewall With Advanced Security/Firewall,2836,4848,DESKTOP-887GK2L,4,S-1-5-19,A rule has been modified in the Windows Defender Firewall exception list,,LocalSubnet: *,: File and Printer Sharing (SMB-In),System,Direction: Inbound,Action: Allow,Protocol: TCP,,,False,C:\Users\turan\Desktop\defense-work-evtx-files\Windows Firewall-Firewall.evtx,0x8000020000000000,0,"{""EventData"":{""Data"":[{""@Name"":""RuleId"",""#text"":""FPS-SMB-In-TCP""},{""@Name"":""RuleName"",""#text"":""File and Printer Sharing (SMB-In)""},{""@Name"":""Origin"",""#text"":""1""},{""@Name"":""ApplicationPath"",""#text"":""System""},{""@Name"":""ServiceName""},{""@Name"":""Direction"",""#text"":""1""},{""@Name"":""Protocol"",""#text"":""6""},{""@Name"":""LocalPorts"",""#text"":""445""},{""@Name"":""RemotePorts"",""#text"":""*""},{""@Name"":""Action"",""#text"":""3""},{""@Name"":""Profiles"",""#text"":""2""},{""@Name"":""LocalAddresses"",""#text"":""*""},{""@Name"":""RemoteAddresses"",""#text"":""LocalSubnet""},{""@Name"":""RemoteMachineAuthorizationList""},{""@Name"":""RemoteUserAuthorizationList""},{""@Name"":""EmbeddedContext"",""#text"":""@FirewallAPI.dll,-28502""},{""@Name"":""Flags"",""#text"":""0""},{""@Name"":""Active"",""#text"":""0""},{""@Name"":""EdgeTraversal"",""#text"":""0""},{""@Name"":""LooseSourceMapped"",""#text"":""0""},{""@Name"":""SecurityOptions"",""#text"":""0""},{""@Name"":""ModifyingUser"",""#text"":""S-1-5-21-3393683511-3463148672-371912004-1001""},{""@Name"":""ModifyingApplication"",""#text"":""C:\\Windows\\System32\\dllhost.exe""},{""@Name"":""SchemaVersion"",""#text"":""542""},{""@Name"":""RuleStatus"",""#text"":""65536""},{""@Name"":""LocalOnlyMapped"",""#text"":""0""}]}}"
275,466,2023-01-31 13:10:59.9762551,2004,Info,Microsoft-Windows-Windows Firewall With Advanced Security,Microsoft-Windows-Windows Firewall With Advanced Security/Firewall,2836,4848,DESKTOP-887GK2L,4,S-1-5-19,A rule has been added to the Windows Defender Firewall exception list,,LocalSubnet: *,: File and Printer Sharing (SMB-In),System,Direction: Inbound,Action: Allow,Protocol: TCP,,,False,C:\Users\turan\Desktop\defense-work-evtx-files\Windows Firewall-Firewall.evtx,0x8000020000000000,0,"{""EventData"":{""Data"":[{""@Name"":""RuleId"",""#text"":""{C1B1EFFB-12C6-487E-852C-7DE097390C64}""},{""@Name"":""RuleName"",""#text"":""File and Printer Sharing (SMB-In)""},{""@Name"":""Origin"",""#text"":""1""},{""@Name"":""ApplicationPath"",""#text"":""System""},{""@Name"":""ServiceName""},{""@Name"":""Direction"",""#text"":""1""},{""@Name"":""Protocol"",""#text"":""6""},{""@Name"":""LocalPorts"",""#text"":""445""},{""@Name"":""RemotePorts"",""#text"":""*""},{""@Name"":""Action"",""#text"":""3""},{""@Name"":""Profiles"",""#text"":""4""},{""@Name"":""LocalAddresses"",""#text"":""*""},{""@Name"":""RemoteAddresses"",""#text"":""LocalSubnet""},{""@Name"":""RemoteMachineAuthorizationList""},{""@Name"":""RemoteUserAuthorizationList""},{""@Name"":""EmbeddedContext"",""#text"":""@FirewallAPI.dll,-28502""},{""@Name"":""Flags"",""#text"":""0""},{""@Name"":""Active"",""#text"":""0""},{""@Name"":""EdgeTraversal"",""#text"":""0""},{""@Name"":""LooseSourceMapped"",""#text"":""0""},{""@Name"":""SecurityOptions"",""#text"":""0""},{""@Name"":""ModifyingUser"",""#text"":""S-1-5-21-3393683511-3463148672-371912004-1001""},{""@Name"":""ModifyingApplication"",""#text"":""C:\\Windows\\System32\\dllhost.exe""},{""@Name"":""SchemaVersion"",""#text"":""542""},{""@Name"":""RuleStatus"",""#text"":""65536""},{""@Name"":""LocalOnlyMapped"",""#text"":""0""}]}}"
276,467,2023-01-31 13:10:59.9785898,2005,Info,Microsoft-Windows-Windows Firewall With Advanced Security,Microsoft-Windows-Windows Firewall With Advanced Security/Firewall,2836,4852,DESKTOP-887GK2L,4,S-1-5-19,A rule has been modified in the Windows Defender Firewall exception list,,LocalSubnet: *,: File and Printer Sharing (SMB-In),System,Direction: Inbound,Action: Allow,Protocol: TCP,,,False,C:\Users\turan\Desktop\defense-work-evtx-files\Windows Firewall-Firewall.evtx,0x8000020000000000,0,"{""EventData"":{""Data"":[{""@Name"":""RuleId"",""#text"":""{C1B1EFFB-12C6-487E-852C-7DE097390C64}""},{""@Name"":""RuleName"",""#text"":""File and Printer Sharing (SMB-In)""},{""@Name"":""Origin"",""#text"":""1""},{""@Name"":""ApplicationPath"",""#text"":""System""},{""@Name"":""ServiceName""},{""@Name"":""Direction"",""#text"":""1""},{""@Name"":""Protocol"",""#text"":""6""},{""@Name"":""LocalPorts"",""#text"":""445""},{""@Name"":""RemotePorts"",""#text"":""*""},{""@Name"":""Action"",""#text"":""3""},{""@Name"":""Profiles"",""#text"":""4""},{""@Name"":""LocalAddresses"",""#text"":""*""},{""@Name"":""RemoteAddresses"",""#text"":""LocalSubnet""},{""@Name"":""RemoteMachineAuthorizationList""},{""@Name"":""RemoteUserAuthorizationList""},{""@Name"":""EmbeddedContext"",""#text"":""@FirewallAPI.dll,-28502""},{""@Name"":""Flags"",""#text"":""1""},{""@Name"":""Active"",""#text"":""1""},{""@Name"":""EdgeTraversal"",""#text"":""0""},{""@Name"":""LooseSourceMapped"",""#text"":""0""},{""@Name"":""SecurityOptions"",""#text"":""0""},{""@Name"":""ModifyingUser"",""#text"":""S-1-5-21-3393683511-3463148672-371912004-1001""},{""@Name"":""ModifyingApplication"",""#text"":""C:\\Windows\\System32\\dllhost.exe""},{""@Name"":""SchemaVersion"",""#text"":""542""},{""@Name"":""RuleStatus"",""#text"":""65536""},{""@Name"":""LocalOnlyMapped"",""#text"":""0""}]}}"
277,468,2023-01-31 13:10:59.9795975,2005,Info,Microsoft-Windows-Windows Firewall With Advanced Security,Microsoft-Windows-Windows Firewall With Advanced Security/Firewall,2836,3604,DESKTOP-887GK2L,4,S-1-5-19,A rule has been modified in the Windows Defender Firewall exception list,,LocalSubnet: 139,: File and Printer Sharing (NB-Session-Out),System,Direction: Outbound,Action: Allow,Protocol: TCP,,,False,C:\Users\turan\Desktop\defense-work-evtx-files\Windows Firewall-Firewall.evtx,0x8000020000000000,0,"{""EventData"":{""Data"":[{""@Name"":""RuleId"",""#text"":""FPS-NB_Session-Out-TCP""},{""@Name"":""RuleName"",""#text"":""File and Printer Sharing (NB-Session-Out)""},{""@Name"":""Origin"",""#text"":""1""},{""@Name"":""ApplicationPath"",""#text"":""System""},{""@Name"":""ServiceName""},{""@Name"":""Direction"",""#text"":""2""},{""@Name"":""Protocol"",""#text"":""6""},{""@Name"":""LocalPorts"",""#text"":""*""},{""@Name"":""RemotePorts"",""#text"":""139""},{""@Name"":""Action"",""#text"":""3""},{""@Name"":""Profiles"",""#text"":""2""},{""@Name"":""LocalAddresses"",""#text"":""*""},{""@Name"":""RemoteAddresses"",""#text"":""LocalSubnet""},{""@Name"":""RemoteMachineAuthorizationList""},{""@Name"":""RemoteUserAuthorizationList""},{""@Name"":""EmbeddedContext"",""#text"":""@FirewallAPI.dll,-28502""},{""@Name"":""Flags"",""#text"":""0""},{""@Name"":""Active"",""#text"":""0""},{""@Name"":""EdgeTraversal"",""#text"":""0""},{""@Name"":""LooseSourceMapped"",""#text"":""0""},{""@Name"":""SecurityOptions"",""#text"":""0""},{""@Name"":""ModifyingUser"",""#text"":""S-1-5-21-3393683511-3463148672-371912004-1001""},{""@Name"":""ModifyingApplication"",""#text"":""C:\\Windows\\System32\\dllhost.exe""},{""@Name"":""SchemaVersion"",""#text"":""542""},{""@Name"":""RuleStatus"",""#text"":""65536""},{""@Name"":""LocalOnlyMapped"",""#text"":""0""}]}}"
