764,955,2023-03-22 08:35:10.3668761,2004,Info,Microsoft-Windows-Windows Firewall With Advanced Security,Microsoft-Windows-Windows Firewall With Advanced Security/Firewall,2628,8960,DESKTOP-887GK2L,12,S-1-5-19,A rule has been added to the Windows Defender Firewall exception list,,"*: ",: @{Microsoft.GetHelp_10.2301.10372.0_x64__8wekyb3d8bbwe?ms-resource://Microsoft.GetHelp/Resources/appDisplayName},,Direction: Outbound,Action: Allow,Protocol: All,,,False,C:\Users\turan\Desktop\defense-work-evtx-files\Windows Firewall-Firewall.evtx,0x8000020000000000,0,"{""EventData"":{""Data"":[{""@Name"":""RuleId"",""#text"":""{99A678C3-F6F2-4BE4-ADEC-20320332A8EF}""},{""@Name"":""RuleName"",""#text"":""@{Microsoft.GetHelp_10.2301.10372.0_x64__8wekyb3d8bbwe?ms-resource://Microsoft.GetHelp/Resources/appDisplayName}""},{""@Name"":""Origin"",""#text"":""1""},{""@Name"":""ApplicationPath""},{""@Name"":""ServiceName""},{""@Name"":""Direction"",""#text"":""2""},{""@Name"":""Protocol"",""#text"":""256""},{""@Name"":""LocalPorts""},{""@Name"":""RemotePorts""},{""@Name"":""Action"",""#text"":""3""},{""@Name"":""Profiles"",""#text"":""7""},{""@Name"":""LocalAddresses"",""#text"":""*""},{""@Name"":""RemoteAddresses"",""#text"":""*""},{""@Name"":""RemoteMachineAuthorizationList""},{""@Name"":""RemoteUserAuthorizationList""},{""@Name"":""EmbeddedContext"",""#text"":""@{Microsoft.GetHelp_10.2301.10372.0_x64__8wekyb3d8bbwe?ms-resource://Microsoft.GetHelp/Resources/appDisplayName}""},{""@Name"":""Flags"",""#text"":""1""},{""@Name"":""Active"",""#text"":""1""},{""@Name"":""EdgeTraversal"",""#text"":""0""},{""@Name"":""LooseSourceMapped"",""#text"":""0""},{""@Name"":""SecurityOptions"",""#text"":""0""},{""@Name"":""ModifyingUser"",""#text"":""S-1-5-80-3088073201-1464728630-1879813800-1107566885-823218052""},{""@Name"":""ModifyingApplication"",""#text"":""C:\\Windows\\System32\\svchost.exe""},{""@Name"":""SchemaVersion"",""#text"":""542""},{""@Name"":""RuleStatus"",""#text"":""65536""},{""@Name"":""LocalOnlyMapped"",""#text"":""0""}]}}"
765,956,2023-03-22 08:35:18.3134116,2006,Info,Microsoft-Windows-Windows Firewall With Advanced Security,Microsoft-Windows-Windows Firewall With Advanced Security/Firewall,2628,1664,DESKTOP-887GK2L,12,S-1-5-19,A rule has been deleted in the Windows Defender Firewall exception list,,,RuleName: Microsoft Store,ModifyingApplication: C:\Windows\System32\svchost.exe,,,,,,False,C:\Users\turan\Desktop\defense-work-evtx-files\Windows Firewall-Firewall.evtx,0x8000020000000000,0,"{""EventData"":{""Data"":[{""@Name"":""RuleId"",""#text"":""{716BFBC1-110A-4427-BD2A-66CA4C3A72B3}""},{""@Name"":""RuleName"",""#text"":""Microsoft Store""},{""@Name"":""ModifyingUser"",""#text"":""S-1-5-80-3088073201-1464728630-1879813800-1107566885-823218052""},{""@Name"":""ModifyingApplication"",""#text"":""C:\\Windows\\System32\\svchost.exe""}]}}"
766,957,2023-03-22 08:35:18.3136248,2006,Info,Microsoft-Windows-Windows Firewall With Advanced Security,Microsoft-Windows-Windows Firewall With Advanced Security/Firewall,2628,1664,DESKTOP-887GK2L,12,S-1-5-19,A rule has been deleted in the Windows Defender Firewall exception list,,,RuleName: Microsoft Store,ModifyingApplication: C:\Windows\System32\svchost.exe,,,,,,False,C:\Users\turan\Desktop\defense-work-evtx-files\Windows Firewall-Firewall.evtx,0x8000020000000000,0,"{""EventData"":{""Data"":[{""@Name"":""RuleId"",""#text"":""{898B7773-5BF8-4BA9-A7D4-32772E69B09D}""},{""@Name"":""RuleName"",""#text"":""Microsoft Store""},{""@Name"":""ModifyingUser"",""#text"":""S-1-5-80-3088073201-1464728630-1879813800-1107566885-823218052""},{""@Name"":""ModifyingApplication"",""#text"":""C:\\Windows\\System32\\svchost.exe""}]}}"
767,958,2023-03-22 08:35:18.3138282,2006,Info,Microsoft-Windows-Windows Firewall With Advanced Security,Microsoft-Windows-Windows Firewall With Advanced Security/Firewall,2628,1664,DESKTOP-887GK2L,12,S-1-5-19,A rule has been deleted in the Windows Defender Firewall exception list,,,RuleName: Microsoft Store,ModifyingApplication: C:\Windows\System32\svchost.exe,,,,,,False,C:\Users\turan\Desktop\defense-work-evtx-files\Windows Firewall-Firewall.evtx,0x8000020000000000,0,"{""EventData"":{""Data"":[{""@Name"":""RuleId"",""#text"":""{06456C6D-0F3A-42EE-A6DB-3CC29450E77D}""},{""@Name"":""RuleName"",""#text"":""Microsoft Store""},{""@Name"":""ModifyingUser"",""#text"":""S-1-5-80-3088073201-1464728630-1879813800-1107566885-823218052""},{""@Name"":""ModifyingApplication"",""#text"":""C:\\Windows\\System32\\svchost.exe""}]}}"
768,959,2023-03-22 08:35:18.3140452,2006,Info,Microsoft-Windows-Windows Firewall With Advanced Security,Microsoft-Windows-Windows Firewall With Advanced Security/Firewall,2628,1664,DESKTOP-887GK2L,12,S-1-5-19,A rule has been deleted in the Windows Defender Firewall exception list,,,RuleName: Microsoft Store,ModifyingApplication: C:\Windows\System32\svchost.exe,,,,,,False,C:\Users\turan\Desktop\defense-work-evtx-files\Windows Firewall-Firewall.evtx,0x8000020000000000,0,"{""EventData"":{""Data"":[{""@Name"":""RuleId"",""#text"":""{535B8B6E-C9F8-4BEB-8836-66A15EBA7416}""},{""@Name"":""RuleName"",""#text"":""Microsoft Store""},{""@Name"":""ModifyingUser"",""#text"":""S-1-5-80-3088073201-1464728630-1879813800-1107566885-823218052""},{""@Name"":""ModifyingApplication"",""#text"":""C:\\Windows\\System32\\svchost.exe""}]}}"
769,960,2023-03-22 08:35:18.3142738,2006,Info,Microsoft-Windows-Windows Firewall With Advanced Security,Microsoft-Windows-Windows Firewall With Advanced Security/Firewall,2628,1664,DESKTOP-887GK2L,12,S-1-5-19,A rule has been deleted in the Windows Defender Firewall exception list,,,RuleName: Microsoft Store,ModifyingApplication: C:\Windows\System32\svchost.exe,,,,,,False,C:\Users\turan\Desktop\defense-work-evtx-files\Windows Firewall-Firewall.evtx,0x8000020000000000,0,"{""EventData"":{""Data"":[{""@Name"":""RuleId"",""#text"":""{7E77FF2A-70BB-4CE7-8FE4-018CD046A840}""},{""@Name"":""RuleName"",""#text"":""Microsoft Store""},{""@Name"":""ModifyingUser"",""#text"":""S-1-5-80-3088073201-1464728630-1879813800-1107566885-823218052""},{""@Name"":""ModifyingApplication"",""#text"":""C:\\Windows\\System32\\svchost.exe""}]}}"
770,961,2023-03-22 08:35:18.3146128,2006,Info,Microsoft-Windows-Windows Firewall With Advanced Security,Microsoft-Windows-Windows Firewall With Advanced Security/Firewall,2628,1664,DESKTOP-887GK2L,12,S-1-5-19,A rule has been deleted in the Windows Defender Firewall exception list,,,RuleName: Microsoft Store,ModifyingApplication: C:\Windows\System32\svchost.exe,,,,,,False,C:\Users\turan\Desktop\defense-work-evtx-files\Windows Firewall-Firewall.evtx,0x8000020000000000,0,"{""EventData"":{""Data"":[{""@Name"":""RuleId"",""#text"":""{8894C2B1-986F-41EF-B7BF-A2C3DB632533}""},{""@Name"":""RuleName"",""#text"":""Microsoft Store""},{""@Name"":""ModifyingUser"",""#text"":""S-1-5-80-3088073201-1464728630-1879813800-1107566885-823218052""},{""@Name"":""ModifyingApplication"",""#text"":""C:\\Windows\\System32\\svchost.exe""}]}}"
771,962,2023-03-22 08:35:18.3149344,2006,Info,Microsoft-Windows-Windows Firewall With Advanced Security,Microsoft-Windows-Windows Firewall With Advanced Security/Firewall,2628,1664,DESKTOP-887GK2L,12,S-1-5-19,A rule has been deleted in the Windows Defender Firewall exception list,,,RuleName: Microsoft Store,ModifyingApplication: C:\Windows\System32\svchost.exe,,,,,,False,C:\Users\turan\Desktop\defense-work-evtx-files\Windows Firewall-Firewall.evtx,0x8000020000000000,0,"{""EventData"":{""Data"":[{""@Name"":""RuleId"",""#text"":""{3A3E1FDE-8A40-4DCE-BE29-F69ABB0E744A}""},{""@Name"":""RuleName"",""#text"":""Microsoft Store""},{""@Name"":""ModifyingUser"",""#text"":""S-1-5-80-3088073201-1464728630-1879813800-1107566885-823218052""},{""@Name"":""ModifyingApplication"",""#text"":""C:\\Windows\\System32\\svchost.exe""}]}}"
772,963,2023-03-22 08:35:18.3152642,2006,Info,Microsoft-Windows-Windows Firewall With Advanced Security,Microsoft-Windows-Windows Firewall With Advanced Security/Firewall,2628,1664,DESKTOP-887GK2L,12,S-1-5-19,A rule has been deleted in the Windows Defender Firewall exception list,,,RuleName: Microsoft Store,ModifyingApplication: C:\Windows\System32\svchost.exe,,,,,,False,C:\Users\turan\Desktop\defense-work-evtx-files\Windows Firewall-Firewall.evtx,0x8000020000000000,0,"{""EventData"":{""Data"":[{""@Name"":""RuleId"",""#text"":""{43CC94E1-7A3E-42DF-9F10-B67D076DA460}""},{""@Name"":""RuleName"",""#text"":""Microsoft Store""},{""@Name"":""ModifyingUser"",""#text"":""S-1-5-80-3088073201-1464728630-1879813800-1107566885-823218052""},{""@Name"":""ModifyingApplication"",""#text"":""C:\\Windows\\System32\\svchost.exe""}]}}"
773,964,2023-03-22 08:35:18.3180843,2006,Info,Microsoft-Windows-Windows Firewall With Advanced Security,Microsoft-Windows-Windows Firewall With Advanced Security/Firewall,2628,1664,DESKTOP-887GK2L,12,S-1-5-19,A rule has been deleted in the Windows Defender Firewall exception list,,,RuleName: Microsoft Store,ModifyingApplication: C:\Windows\System32\svchost.exe,,,,,,False,C:\Users\turan\Desktop\defense-work-evtx-files\Windows Firewall-Firewall.evtx,0x8000020000000000,0,"{""EventData"":{""Data"":[{""@Name"":""RuleId"",""#text"":""{2C9D7E23-E94B-4ED5-88B9-11CFF1A778EC}""},{""@Name"":""RuleName"",""#text"":""Microsoft Store""},{""@Name"":""ModifyingUser"",""#text"":""S-1-5-80-3088073201-1464728630-1879813800-1107566885-823218052""},{""@Name"":""ModifyingApplication"",""#text"":""C:\\Windows\\System32\\svchost.exe""}]}}"
774,965,2023-03-22 08:35:18.3184895,2006,Info,Microsoft-Windows-Windows Firewall With Advanced Security,Microsoft-Windows-Windows Firewall With Advanced Security/Firewall,2628,1664,DESKTOP-887GK2L,12,S-1-5-19,A rule has been deleted in the Windows Defender Firewall exception list,,,RuleName: Microsoft Store,ModifyingApplication: C:\Windows\System32\svchost.exe,,,,,,False,C:\Users\turan\Desktop\defense-work-evtx-files\Windows Firewall-Firewall.evtx,0x8000020000000000,0,"{""EventData"":{""Data"":[{""@Name"":""RuleId"",""#text"":""{7F5C575D-2C4E-47F6-8E1A-18A34C9DB076}""},{""@Name"":""RuleName"",""#text"":""Microsoft Store""},{""@Name"":""ModifyingUser"",""#text"":""S-1-5-80-3088073201-1464728630-1879813800-1107566885-823218052""},{""@Name"":""ModifyingApplication"",""#text"":""C:\\Windows\\System32\\svchost.exe""}]}}"
775,966,2023-03-22 08:35:18.3204262,2004,Info,Microsoft-Windows-Windows Firewall With Advanced Security,Microsoft-Windows-Windows Firewall With Advanced Security/Firewall,2628,1664,DESKTOP-887GK2L,12,S-1-5-19,A rule has been added to the Windows Defender Firewall exception list,,"*: ",: Microsoft Store,,Direction: Inbound,Action: Block,Protocol: All,,,False,C:\Users\turan\Desktop\defense-work-evtx-files\Windows Firewall-Firewall.evtx,0x8000020000000000,0,"{""EventData"":{""Data"":[{""@Name"":""RuleId"",""#text"":""{7E96D496-A850-4192-8C3D-B1807FD0F4F7}""},{""@Name"":""RuleName"",""#text"":""Microsoft Store""},{""@Name"":""Origin"",""#text"":""1""},{""@Name"":""ApplicationPath""},{""@Name"":""ServiceName""},{""@Name"":""Direction"",""#text"":""1""},{""@Name"":""Protocol"",""#text"":""256""},{""@Name"":""LocalPorts""},{""@Name"":""RemotePorts""},{""@Name"":""Action"",""#text"":""2""},{""@Name"":""Profiles"",""#text"":""2147483647""},{""@Name"":""LocalAddresses"",""#text"":""*""},{""@Name"":""RemoteAddresses"",""#text"":""*""},{""@Name"":""RemoteMachineAuthorizationList""},{""@Name"":""RemoteUserAuthorizationList""},{""@Name"":""EmbeddedContext"",""#text"":""Microsoft Store""},{""@Name"":""Flags"",""#text"":""1""},{""@Name"":""Active"",""#text"":""1""},{""@Name"":""EdgeTraversal"",""#text"":""0""},{""@Name"":""LooseSourceMapped"",""#text"":""0""},{""@Name"":""SecurityOptions"",""#text"":""0""},{""@Name"":""ModifyingUser"",""#text"":""S-1-5-80-3088073201-1464728630-1879813800-1107566885-823218052""},{""@Name"":""ModifyingApplication"",""#text"":""C:\\Windows\\System32\\svchost.exe""},{""@Name"":""SchemaVersion"",""#text"":""542""},{""@Name"":""RuleStatus"",""#text"":""65536""},{""@Name"":""LocalOnlyMapped"",""#text"":""0""}]}}"
776,967,2023-03-22 08:35:18.3213189,2004,Info,Microsoft-Windows-Windows Firewall With Advanced Security,Microsoft-Windows-Windows Firewall With Advanced Security/Firewall,2628,1664,DESKTOP-887GK2L,12,S-1-5-19,A rule has been added to the Windows Defender Firewall exception list,,"*: ",: Microsoft Store,,Direction: Outbound,Action: Block,Protocol: All,,,False,C:\Users\turan\Desktop\defense-work-evtx-files\Windows Firewall-Firewall.evtx,0x8000020000000000,0,"{""EventData"":{""Data"":[{""@Name"":""RuleId"",""#text"":""{6DA740C1-EF9D-4B88-A451-709A8C196BF6}""},{""@Name"":""RuleName"",""#text"":""Microsoft Store""},{""@Name"":""Origin"",""#text"":""1""},{""@Name"":""ApplicationPath""},{""@Name"":""ServiceName""},{""@Name"":""Direction"",""#text"":""2""},{""@Name"":""Protocol"",""#text"":""256""},{""@Name"":""LocalPorts""},{""@Name"":""RemotePorts""},{""@Name"":""Action"",""#text"":""2""},{""@Name"":""Profiles"",""#text"":""2147483647""},{""@Name"":""LocalAddresses"",""#text"":""*""},{""@Name"":""RemoteAddresses"",""#text"":""*""},{""@Name"":""RemoteMachineAuthorizationList""},{""@Name"":""RemoteUserAuthorizationList""},{""@Name"":""EmbeddedContext"",""#text"":""Microsoft Store""},{""@Name"":""Flags"",""#text"":""1""},{""@Name"":""Active"",""#text"":""1""},{""@Name"":""EdgeTraversal"",""#text"":""0""},{""@Name"":""LooseSourceMapped"",""#text"":""0""},{""@Name"":""SecurityOptions"",""#text"":""0""},{""@Name"":""ModifyingUser"",""#text"":""S-1-5-80-3088073201-1464728630-1879813800-1107566885-823218052""},{""@Name"":""ModifyingApplication"",""#text"":""C:\\Windows\\System32\\svchost.exe""},{""@Name"":""SchemaVersion"",""#text"":""542""},{""@Name"":""RuleStatus"",""#text"":""65536""},{""@Name"":""LocalOnlyMapped"",""#text"":""0""}]}}"
777,968,2023-03-22 08:35:18.3221844,2004,Info,Microsoft-Windows-Windows Firewall With Advanced Security,Microsoft-Windows-Windows Firewall With Advanced Security/Firewall,2628,1664,DESKTOP-887GK2L,12,S-1-5-19,A rule has been added to the Windows Defender Firewall exception list,,"*: ",: Microsoft Store,,Direction: Inbound,Action: Allow,Protocol: All,,,False,C:\Users\turan\Desktop\defense-work-evtx-files\Windows Firewall-Firewall.evtx,0x8000020000000000,0,"{""EventData"":{""Data"":[{""@Name"":""RuleId"",""#text"":""{13930E70-7370-4B36-94C1-DB52464BFEE2}""},{""@Name"":""RuleName"",""#text"":""Microsoft Store""},{""@Name"":""Origin"",""#text"":""1""},{""@Name"":""ApplicationPath""},{""@Name"":""ServiceName""},{""@Name"":""Direction"",""#text"":""1""},{""@Name"":""Protocol"",""#text"":""256""},{""@Name"":""LocalPorts""},{""@Name"":""RemotePorts""},{""@Name"":""Action"",""#text"":""3""},{""@Name"":""Profiles"",""#text"":""7""},{""@Name"":""LocalAddresses"",""#text"":""*""},{""@Name"":""RemoteAddresses"",""#text"":""*""},{""@Name"":""RemoteMachineAuthorizationList""},{""@Name"":""RemoteUserAuthorizationList""},{""@Name"":""EmbeddedContext"",""#text"":""Microsoft Store""},{""@Name"":""Flags"",""#text"":""1""},{""@Name"":""Active"",""#text"":""1""},{""@Name"":""EdgeTraversal"",""#text"":""0""},{""@Name"":""LooseSourceMapped"",""#text"":""0""},{""@Name"":""SecurityOptions"",""#text"":""0""},{""@Name"":""ModifyingUser"",""#text"":""S-1-5-80-3088073201-1464728630-1879813800-1107566885-823218052""},{""@Name"":""ModifyingApplication"",""#text"":""C:\\Windows\\System32\\svchost.exe""},{""@Name"":""SchemaVersion"",""#text"":""542""},{""@Name"":""RuleStatus"",""#text"":""65536""},{""@Name"":""LocalOnlyMapped"",""#text"":""0""}]}}"
778,969,2023-03-22 08:35:18.3231123,2004,Info,Microsoft-Windows-Windows Firewall With Advanced Security,Microsoft-Windows-Windows Firewall With Advanced Security/Firewall,2628,1664,DESKTOP-887GK2L,12,S-1-5-19,A rule has been added to the Windows Defender Firewall exception list,,"*: ",: Microsoft Store,,Direction: Outbound,Action: Allow,Protocol: All,,,False,C:\Users\turan\Desktop\defense-work-evtx-files\Windows Firewall-Firewall.evtx,0x8000020000000000,0,"{""EventData"":{""Data"":[{""@Name"":""RuleId"",""#text"":""{1B787182-67BE-4EFC-9141-9C7FF44FD535}""},{""@Name"":""RuleName"",""#text"":""Microsoft Store""},{""@Name"":""Origin"",""#text"":""1""},{""@Name"":""ApplicationPath""},{""@Name"":""ServiceName""},{""@Name"":""Direction"",""#text"":""2""},{""@Name"":""Protocol"",""#text"":""256""},{""@Name"":""LocalPorts""},{""@Name"":""RemotePorts""},{""@Name"":""Action"",""#text"":""3""},{""@Name"":""Profiles"",""#text"":""7""},{""@Name"":""LocalAddresses"",""#text"":""*""},{""@Name"":""RemoteAddresses"",""#text"":""*""},{""@Name"":""RemoteMachineAuthorizationList""},{""@Name"":""RemoteUserAuthorizationList""},{""@Name"":""EmbeddedContext"",""#text"":""Microsoft Store""},{""@Name"":""Flags"",""#text"":""1""},{""@Name"":""Active"",""#text"":""1""},{""@Name"":""EdgeTraversal"",""#text"":""0""},{""@Name"":""LooseSourceMapped"",""#text"":""0""},{""@Name"":""SecurityOptions"",""#text"":""0""},{""@Name"":""ModifyingUser"",""#text"":""S-1-5-80-3088073201-1464728630-1879813800-1107566885-823218052""},{""@Name"":""ModifyingApplication"",""#text"":""C:\\Windows\\System32\\svchost.exe""},{""@Name"":""SchemaVersion"",""#text"":""542""},{""@Name"":""RuleStatus"",""#text"":""65536""},{""@Name"":""LocalOnlyMapped"",""#text"":""0""}]}}"
779,970,2023-03-22 08:35:18.3241616,2004,Info,Microsoft-Windows-Windows Firewall With Advanced Security,Microsoft-Windows-Windows Firewall With Advanced Security/Firewall,2628,1664,DESKTOP-887GK2L,12,S-1-5-19,A rule has been added to the Windows Defender Firewall exception list,,"*: ",: Microsoft Store,,Direction: Inbound,Action: Allow,Protocol: All,,,False,C:\Users\turan\Desktop\defense-work-evtx-files\Windows Firewall-Firewall.evtx,0x8000020000000000,0,"{""EventData"":{""Data"":[{""@Name"":""RuleId"",""#text"":""{89C75939-32E7-40BA-8A05-99A0F0C6589A}""},{""@Name"":""RuleName"",""#text"":""Microsoft Store""},{""@Name"":""Origin"",""#text"":""1""},{""@Name"":""ApplicationPath""},{""@Name"":""ServiceName""},{""@Name"":""Direction"",""#text"":""1""},{""@Name"":""Protocol"",""#text"":""256""},{""@Name"":""LocalPorts""},{""@Name"":""RemotePorts""},{""@Name"":""Action"",""#text"":""3""},{""@Name"":""Profiles"",""#text"":""6""},{""@Name"":""LocalAddresses"",""#text"":""*""},{""@Name"":""RemoteAddresses"",""#text"":""*""},{""@Name"":""RemoteMachineAuthorizationList""},{""@Name"":""RemoteUserAuthorizationList""},{""@Name"":""EmbeddedContext"",""#text"":""Microsoft Store""},{""@Name"":""Flags"",""#text"":""3""},{""@Name"":""Active"",""#text"":""1""},{""@Name"":""EdgeTraversal"",""#text"":""0""},{""@Name"":""LooseSourceMapped"",""#text"":""0""},{""@Name"":""SecurityOptions"",""#text"":""1""},{""@Name"":""ModifyingUser"",""#text"":""S-1-5-80-3088073201-1464728630-1879813800-1107566885-823218052""},{""@Name"":""ModifyingApplication"",""#text"":""C:\\Windows\\System32\\svchost.exe""},{""@Name"":""SchemaVersion"",""#text"":""542""},{""@Name"":""RuleStatus"",""#text"":""65536""},{""@Name"":""LocalOnlyMapped"",""#text"":""0""}]}}"
780,971,2023-03-22 08:35:18.3250803,2004,Info,Microsoft-Windows-Windows Firewall With Advanced Security,Microsoft-Windows-Windows Firewall With Advanced Security/Firewall,2628,1664,DESKTOP-887GK2L,12,S-1-5-19,A rule has been added to the Windows Defender Firewall exception list,,"*: ",: Microsoft Store,,Direction: Outbound,Action: Allow,Protocol: All,,,False,C:\Users\turan\Desktop\defense-work-evtx-files\Windows Firewall-Firewall.evtx,0x8000020000000000,0,"{""EventData"":{""Data"":[{""@Name"":""RuleId"",""#text"":""{5D7A47DA-D02E-4D0C-BE41-32309D2EDFEA}""},{""@Name"":""RuleName"",""#text"":""Microsoft Store""},{""@Name"":""Origin"",""#text"":""1""},{""@Name"":""ApplicationPath""},{""@Name"":""ServiceName""},{""@Name"":""Direction"",""#text"":""2""},{""@Name"":""Protocol"",""#text"":""256""},{""@Name"":""LocalPorts""},{""@Name"":""RemotePorts""},{""@Name"":""Action"",""#text"":""3""},{""@Name"":""Profiles"",""#text"":""6""},{""@Name"":""LocalAddresses"",""#text"":""*""},{""@Name"":""RemoteAddresses"",""#text"":""*""},{""@Name"":""RemoteMachineAuthorizationList""},{""@Name"":""RemoteUserAuthorizationList""},{""@Name"":""EmbeddedContext"",""#text"":""Microsoft Store""},{""@Name"":""Flags"",""#text"":""3""},{""@Name"":""Active"",""#text"":""1""},{""@Name"":""EdgeTraversal"",""#text"":""0""},{""@Name"":""LooseSourceMapped"",""#text"":""0""},{""@Name"":""SecurityOptions"",""#text"":""1""},{""@Name"":""ModifyingUser"",""#text"":""S-1-5-80-3088073201-1464728630-1879813800-1107566885-823218052""},{""@Name"":""ModifyingApplication"",""#text"":""C:\\Windows\\System32\\svchost.exe""},{""@Name"":""SchemaVersion"",""#text"":""542""},{""@Name"":""RuleStatus"",""#text"":""65536""},{""@Name"":""LocalOnlyMapped"",""#text"":""0""}]}}"
781,972,2023-03-22 08:35:18.3259552,2004,Info,Microsoft-Windows-Windows Firewall With Advanced Security,Microsoft-Windows-Windows Firewall With Advanced Security/Firewall,2628,1664,DESKTOP-887GK2L,12,S-1-5-19,A rule has been added to the Windows Defender Firewall exception list,,"*: ",: Microsoft Store,,Direction: Inbound,Action: Allow,Protocol: All,,,False,C:\Users\turan\Desktop\defense-work-evtx-files\Windows Firewall-Firewall.evtx,0x8000020000000000,0,"{""EventData"":{""Data"":[{""@Name"":""RuleId"",""#text"":""{371FD31A-4A18-42C2-B7A8-F7250C9C2105}""},{""@Name"":""RuleName"",""#text"":""Microsoft Store""},{""@Name"":""Origin"",""#text"":""1""},{""@Name"":""ApplicationPath""},{""@Name"":""ServiceName""},{""@Name"":""Direction"",""#text"":""1""},{""@Name"":""Protocol"",""#text"":""256""},{""@Name"":""LocalPorts""},{""@Name"":""RemotePorts""},{""@Name"":""Action"",""#text"":""3""},{""@Name"":""Profiles"",""#text"":""7""},{""@Name"":""LocalAddresses"",""#text"":""*""},{""@Name"":""RemoteAddresses"",""#text"":""*""},{""@Name"":""RemoteMachineAuthorizationList""},{""@Name"":""RemoteUserAuthorizationList""},{""@Name"":""EmbeddedContext"",""#text"":""Microsoft Store""},{""@Name"":""Flags"",""#text"":""1""},{""@Name"":""Active"",""#text"":""1""},{""@Name"":""EdgeTraversal"",""#text"":""0""},{""@Name"":""LooseSourceMapped"",""#text"":""0""},{""@Name"":""SecurityOptions"",""#text"":""0""},{""@Name"":""ModifyingUser"",""#text"":""S-1-5-80-3088073201-1464728630-1879813800-1107566885-823218052""},{""@Name"":""ModifyingApplication"",""#text"":""C:\\Windows\\System32\\svchost.exe""},{""@Name"":""SchemaVersion"",""#text"":""542""},{""@Name"":""RuleStatus"",""#text"":""65536""},{""@Name"":""LocalOnlyMapped"",""#text"":""0""}]}}"
782,973,2023-03-22 08:35:18.3269806,2004,Info,Microsoft-Windows-Windows Firewall With Advanced Security,Microsoft-Windows-Windows Firewall With Advanced Security/Firewall,2628,1664,DESKTOP-887GK2L,12,S-1-5-19,A rule has been added to the Windows Defender Firewall exception list,,"*: ",: Microsoft Store,,Direction: Outbound,Action: Allow,Protocol: All,,,False,C:\Users\turan\Desktop\defense-work-evtx-files\Windows Firewall-Firewall.evtx,0x8000020000000000,0,"{""EventData"":{""Data"":[{""@Name"":""RuleId"",""#text"":""{7B2D676B-63DE-4022-9339-930CC0D96737}""},{""@Name"":""RuleName"",""#text"":""Microsoft Store""},{""@Name"":""Origin"",""#text"":""1""},{""@Name"":""ApplicationPath""},{""@Name"":""ServiceName""},{""@Name"":""Direction"",""#text"":""2""},{""@Name"":""Protocol"",""#text"":""256""},{""@Name"":""LocalPorts""},{""@Name"":""RemotePorts""},{""@Name"":""Action"",""#text"":""3""},{""@Name"":""Profiles"",""#text"":""7""},{""@Name"":""LocalAddresses"",""#text"":""*""},{""@Name"":""RemoteAddresses"",""#text"":""*""},{""@Name"":""RemoteMachineAuthorizationList""},{""@Name"":""RemoteUserAuthorizationList""},{""@Name"":""EmbeddedContext"",""#text"":""Microsoft Store""},{""@Name"":""Flags"",""#text"":""1""},{""@Name"":""Active"",""#text"":""1""},{""@Name"":""EdgeTraversal"",""#text"":""0""},{""@Name"":""LooseSourceMapped"",""#text"":""0""},{""@Name"":""SecurityOptions"",""#text"":""0""},{""@Name"":""ModifyingUser"",""#text"":""S-1-5-80-3088073201-1464728630-1879813800-1107566885-823218052""},{""@Name"":""ModifyingApplication"",""#text"":""C:\\Windows\\System32\\svchost.exe""},{""@Name"":""SchemaVersion"",""#text"":""542""},{""@Name"":""RuleStatus"",""#text"":""65536""},{""@Name"":""LocalOnlyMapped"",""#text"":""0""}]}}"
783,974,2023-03-22 08:35:18.3280390,2004,Info,Microsoft-Windows-Windows Firewall With Advanced Security,Microsoft-Windows-Windows Firewall With Advanced Security/Firewall,2628,1664,DESKTOP-887GK2L,12,S-1-5-19,A rule has been added to the Windows Defender Firewall exception list,,"*: ",: Microsoft Store,,Direction: Outbound,Action: Allow,Protocol: All,,,False,C:\Users\turan\Desktop\defense-work-evtx-files\Windows Firewall-Firewall.evtx,0x8000020000000000,0,"{""EventData"":{""Data"":[{""@Name"":""RuleId"",""#text"":""{E60A6B21-C072-4B45-B1ED-3BD3214CB949}""},{""@Name"":""RuleName"",""#text"":""Microsoft Store""},{""@Name"":""Origin"",""#text"":""1""},{""@Name"":""ApplicationPath""},{""@Name"":""ServiceName""},{""@Name"":""Direction"",""#text"":""2""},{""@Name"":""Protocol"",""#text"":""256""},{""@Name"":""LocalPorts""},{""@Name"":""RemotePorts""},{""@Name"":""Action"",""#text"":""3""},{""@Name"":""Profiles"",""#text"":""7""},{""@Name"":""LocalAddresses"",""#text"":""*""},{""@Name"":""RemoteAddresses"",""#text"":""*""},{""@Name"":""RemoteMachineAuthorizationList""},{""@Name"":""RemoteUserAuthorizationList""},{""@Name"":""EmbeddedContext"",""#text"":""Microsoft Store""},{""@Name"":""Flags"",""#text"":""1""},{""@Name"":""Active"",""#text"":""1""},{""@Name"":""EdgeTraversal"",""#text"":""0""},{""@Name"":""LooseSourceMapped"",""#text"":""0""},{""@Name"":""SecurityOptions"",""#text"":""0""},{""@Name"":""ModifyingUser"",""#text"":""S-1-5-80-3088073201-1464728630-1879813800-1107566885-823218052""},{""@Name"":""ModifyingApplication"",""#text"":""C:\\Windows\\System32\\svchost.exe""},{""@Name"":""SchemaVersion"",""#text"":""542""},{""@Name"":""RuleStatus"",""#text"":""65536""},{""@Name"":""LocalOnlyMapped"",""#text"":""0""}]}}"
784,975,2023-03-22 08:35:18.3290156,2004,Info,Microsoft-Windows-Windows Firewall With Advanced Security,Microsoft-Windows-Windows Firewall With Advanced Security/Firewall,2628,1664,DESKTOP-887GK2L,12,S-1-5-19,A rule has been added to the Windows Defender Firewall exception list,,"*: ",: Microsoft Store,,Direction: Inbound,Action: Allow,Protocol: All,,,False,C:\Users\turan\Desktop\defense-work-evtx-files\Windows Firewall-Firewall.evtx,0x8000020000000000,0,"{""EventData"":{""Data"":[{""@Name"":""RuleId"",""#text"":""{0E961A8E-3A7B-4D05-BB3F-15FC8B220616}""},{""@Name"":""RuleName"",""#text"":""Microsoft Store""},{""@Name"":""Origin"",""#text"":""1""},{""@Name"":""ApplicationPath""},{""@Name"":""ServiceName""},{""@Name"":""Direction"",""#text"":""1""},{""@Name"":""Protocol"",""#text"":""256""},{""@Name"":""LocalPorts""},{""@Name"":""RemotePorts""},{""@Name"":""Action"",""#text"":""3""},{""@Name"":""Profiles"",""#text"":""7""},{""@Name"":""LocalAddresses"",""#text"":""*""},{""@Name"":""RemoteAddresses"",""#text"":""*""},{""@Name"":""RemoteMachineAuthorizationList""},{""@Name"":""RemoteUserAuthorizationList""},{""@Name"":""EmbeddedContext"",""#text"":""Microsoft Store""},{""@Name"":""Flags"",""#text"":""9""},{""@Name"":""Active"",""#text"":""1""},{""@Name"":""EdgeTraversal"",""#text"":""1""},{""@Name"":""LooseSourceMapped"",""#text"":""0""},{""@Name"":""SecurityOptions"",""#text"":""0""},{""@Name"":""ModifyingUser"",""#text"":""S-1-5-80-3088073201-1464728630-1879813800-1107566885-823218052""},{""@Name"":""ModifyingApplication"",""#text"":""C:\\Windows\\System32\\svchost.exe""},{""@Name"":""SchemaVersion"",""#text"":""542""},{""@Name"":""RuleStatus"",""#text"":""65536""},{""@Name"":""LocalOnlyMapped"",""#text"":""0""}]}}"
785,976,2023-03-22 08:35:22.7579472,2006,Info,Microsoft-Windows-Windows Firewall With Advanced Security,Microsoft-Windows-Windows Firewall With Advanced Security/Firewall,2628,1664,DESKTOP-887GK2L,12,S-1-5-19,A rule has been deleted in the Windows Defender Firewall exception list,,,RuleName: @{Microsoft.MSPaint_6.1907.29027.0_x64__8wekyb3d8bbwe?ms-resource://Microsoft.MSPaint/resources/AppName},ModifyingApplication: C:\Windows\System32\svchost.exe,,,,,,False,C:\Users\turan\Desktop\defense-work-evtx-files\Windows Firewall-Firewall.evtx,0x8000020000000000,0,"{""EventData"":{""Data"":[{""@Name"":""RuleId"",""#text"":""{B965E12F-3D89-4F55-B728-18B9E6930933}""},{""@Name"":""RuleName"",""#text"":""@{Microsoft.MSPaint_6.1907.29027.0_x64__8wekyb3d8bbwe?ms-resource://Microsoft.MSPaint/resources/AppName}""},{""@Name"":""ModifyingUser"",""#text"":""S-1-5-80-3088073201-1464728630-1879813800-1107566885-823218052""},{""@Name"":""ModifyingApplication"",""#text"":""C:\\Windows\\System32\\svchost.exe""}]}}"
786,977,2023-03-22 08:35:22.7581510,2006,Info,Microsoft-Windows-Windows Firewall With Advanced Security,Microsoft-Windows-Windows Firewall With Advanced Security/Firewall,2628,1664,DESKTOP-887GK2L,12,S-1-5-19,A rule has been deleted in the Windows Defender Firewall exception list,,,RuleName: @{Microsoft.MSPaint_6.1907.29027.0_x64__8wekyb3d8bbwe?ms-resource://Microsoft.MSPaint/resources/AppName},ModifyingApplication: C:\Windows\System32\svchost.exe,,,,,,False,C:\Users\turan\Desktop\defense-work-evtx-files\Windows Firewall-Firewall.evtx,0x8000020000000000,0,"{""EventData"":{""Data"":[{""@Name"":""RuleId"",""#text"":""{3DEDB577-68F5-4D9D-AE5F-9DD355C45808}""},{""@Name"":""RuleName"",""#text"":""@{Microsoft.MSPaint_6.1907.29027.0_x64__8wekyb3d8bbwe?ms-resource://Microsoft.MSPaint/resources/AppName}""},{""@Name"":""ModifyingUser"",""#text"":""S-1-5-80-3088073201-1464728630-1879813800-1107566885-823218052""},{""@Name"":""ModifyingApplication"",""#text"":""C:\\Windows\\System32\\svchost.exe""}]}}"
787,978,2023-03-22 08:35:22.7583563,2006,Info,Microsoft-Windows-Windows Firewall With Advanced Security,Microsoft-Windows-Windows Firewall With Advanced Security/Firewall,2628,1664,DESKTOP-887GK2L,12,S-1-5-19,A rule has been deleted in the Windows Defender Firewall exception list,,,RuleName: @{Microsoft.MSPaint_6.1907.29027.0_x64__8wekyb3d8bbwe?ms-resource://Microsoft.MSPaint/resources/AppName},ModifyingApplication: C:\Windows\System32\svchost.exe,,,,,,False,C:\Users\turan\Desktop\defense-work-evtx-files\Windows Firewall-Firewall.evtx,0x8000020000000000,0,"{""EventData"":{""Data"":[{""@Name"":""RuleId"",""#text"":""{A967ED2D-C57C-4FB0-9157-FFDEC0743D93}""},{""@Name"":""RuleName"",""#text"":""@{Microsoft.MSPaint_6.1907.29027.0_x64__8wekyb3d8bbwe?ms-resource://Microsoft.MSPaint/resources/AppName}""},{""@Name"":""ModifyingUser"",""#text"":""S-1-5-80-3088073201-1464728630-1879813800-1107566885-823218052""},{""@Name"":""ModifyingApplication"",""#text"":""C:\\Windows\\System32\\svchost.exe""}]}}"
788,979,2023-03-22 08:35:22.7589721,2006,Info,Microsoft-Windows-Windows Firewall With Advanced Security,Microsoft-Windows-Windows Firewall With Advanced Security/Firewall,2628,1664,DESKTOP-887GK2L,12,S-1-5-19,A rule has been deleted in the Windows Defender Firewall exception list,,,RuleName: @{Microsoft.MSPaint_6.1907.29027.0_x64__8wekyb3d8bbwe?ms-resource://Microsoft.MSPaint/resources/AppName},ModifyingApplication: C:\Windows\System32\svchost.exe,,,,,,False,C:\Users\turan\Desktop\defense-work-evtx-files\Windows Firewall-Firewall.evtx,0x8000020000000000,0,"{""EventData"":{""Data"":[{""@Name"":""RuleId"",""#text"":""{9031B60B-9F91-4474-A0A8-3EDF28EA196C}""},{""@Name"":""RuleName"",""#text"":""@{Microsoft.MSPaint_6.1907.29027.0_x64__8wekyb3d8bbwe?ms-resource://Microsoft.MSPaint/resources/AppName}""},{""@Name"":""ModifyingUser"",""#text"":""S-1-5-80-3088073201-1464728630-1879813800-1107566885-823218052""},{""@Name"":""ModifyingApplication"",""#text"":""C:\\Windows\\System32\\svchost.exe""}]}}"
789,980,2023-03-22 08:35:22.7606597,2004,Info,Microsoft-Windows-Windows Firewall With Advanced Security,Microsoft-Windows-Windows Firewall With Advanced Security/Firewall,2628,8900,DESKTOP-887GK2L,12,S-1-5-19,A rule has been added to the Windows Defender Firewall exception list,,"*: ",: @{Microsoft.MSPaint_6.2203.1037.0_x64__8wekyb3d8bbwe?ms-resource://Microsoft.MSPaint/resources/AppName},,Direction: Inbound,Action: Block,Protocol: All,,,False,C:\Users\turan\Desktop\defense-work-evtx-files\Windows Firewall-Firewall.evtx,0x8000020000000000,0,"{""EventData"":{""Data"":[{""@Name"":""RuleId"",""#text"":""{74C21B38-53E3-498A-A50E-00D6535D267B}""},{""@Name"":""RuleName"",""#text"":""@{Microsoft.MSPaint_6.2203.1037.0_x64__8wekyb3d8bbwe?ms-resource://Microsoft.MSPaint/resources/AppName}""},{""@Name"":""Origin"",""#text"":""1""},{""@Name"":""ApplicationPath""},{""@Name"":""ServiceName""},{""@Name"":""Direction"",""#text"":""1""},{""@Name"":""Protocol"",""#text"":""256""},{""@Name"":""LocalPorts""},{""@Name"":""RemotePorts""},{""@Name"":""Action"",""#text"":""2""},{""@Name"":""Profiles"",""#text"":""2147483647""},{""@Name"":""LocalAddresses"",""#text"":""*""},{""@Name"":""RemoteAddresses"",""#text"":""*""},{""@Name"":""RemoteMachineAuthorizationList""},{""@Name"":""RemoteUserAuthorizationList""},{""@Name"":""EmbeddedContext"",""#text"":""@{Microsoft.MSPaint_6.2203.1037.0_x64__8wekyb3d8bbwe?ms-resource://Microsoft.MSPaint/resources/AppName}""},{""@Name"":""Flags"",""#text"":""1""},{""@Name"":""Active"",""#text"":""1""},{""@Name"":""EdgeTraversal"",""#text"":""0""},{""@Name"":""LooseSourceMapped"",""#text"":""0""},{""@Name"":""SecurityOptions"",""#text"":""0""},{""@Name"":""ModifyingUser"",""#text"":""S-1-5-80-3088073201-1464728630-1879813800-1107566885-823218052""},{""@Name"":""ModifyingApplication"",""#text"":""C:\\Windows\\System32\\svchost.exe""},{""@Name"":""SchemaVersion"",""#text"":""542""},{""@Name"":""RuleStatus"",""#text"":""65536""},{""@Name"":""LocalOnlyMapped"",""#text"":""0""}]}}"
790,981,2023-03-22 08:35:22.7615046,2004,Info,Microsoft-Windows-Windows Firewall With Advanced Security,Microsoft-Windows-Windows Firewall With Advanced Security/Firewall,2628,8900,DESKTOP-887GK2L,12,S-1-5-19,A rule has been added to the Windows Defender Firewall exception list,,"*: ",: @{Microsoft.MSPaint_6.2203.1037.0_x64__8wekyb3d8bbwe?ms-resource://Microsoft.MSPaint/resources/AppName},,Direction: Outbound,Action: Block,Protocol: All,,,False,C:\Users\turan\Desktop\defense-work-evtx-files\Windows Firewall-Firewall.evtx,0x8000020000000000,0,"{""EventData"":{""Data"":[{""@Name"":""RuleId"",""#text"":""{3B72C7C5-8138-4ED6-992A-8936E69B5B94}""},{""@Name"":""RuleName"",""#text"":""@{Microsoft.MSPaint_6.2203.1037.0_x64__8wekyb3d8bbwe?ms-resource://Microsoft.MSPaint/resources/AppName}""},{""@Name"":""Origin"",""#text"":""1""},{""@Name"":""ApplicationPath""},{""@Name"":""ServiceName""},{""@Name"":""Direction"",""#text"":""2""},{""@Name"":""Protocol"",""#text"":""256""},{""@Name"":""LocalPorts""},{""@Name"":""RemotePorts""},{""@Name"":""Action"",""#text"":""2""},{""@Name"":""Profiles"",""#text"":""2147483647""},{""@Name"":""LocalAddresses"",""#text"":""*""},{""@Name"":""RemoteAddresses"",""#text"":""*""},{""@Name"":""RemoteMachineAuthorizationList""},{""@Name"":""RemoteUserAuthorizationList""},{""@Name"":""EmbeddedContext"",""#text"":""@{Microsoft.MSPaint_6.2203.1037.0_x64__8wekyb3d8bbwe?ms-resource://Microsoft.MSPaint/resources/AppName}""},{""@Name"":""Flags"",""#text"":""1""},{""@Name"":""Active"",""#text"":""1""},{""@Name"":""EdgeTraversal"",""#text"":""0""},{""@Name"":""LooseSourceMapped"",""#text"":""0""},{""@Name"":""SecurityOptions"",""#text"":""0""},{""@Name"":""ModifyingUser"",""#text"":""S-1-5-80-3088073201-1464728630-1879813800-1107566885-823218052""},{""@Name"":""ModifyingApplication"",""#text"":""C:\\Windows\\System32\\svchost.exe""},{""@Name"":""SchemaVersion"",""#text"":""542""},{""@Name"":""RuleStatus"",""#text"":""65536""},{""@Name"":""LocalOnlyMapped"",""#text"":""0""}]}}"
791,982,2023-03-22 08:35:22.7623928,2004,Info,Microsoft-Windows-Windows Firewall With Advanced Security,Microsoft-Windows-Windows Firewall With Advanced Security/Firewall,2628,8900,DESKTOP-887GK2L,12,S-1-5-19,A rule has been added to the Windows Defender Firewall exception list,,"*: ",: @{Microsoft.MSPaint_6.2203.1037.0_x64__8wekyb3d8bbwe?ms-resource://Microsoft.MSPaint/resources/AppName},,Direction: Outbound,Action: Allow,Protocol: All,,,False,C:\Users\turan\Desktop\defense-work-evtx-files\Windows Firewall-Firewall.evtx,0x8000020000000000,0,"{""EventData"":{""Data"":[{""@Name"":""RuleId"",""#text"":""{6CC91D16-B66E-4FC9-A61A-4FB47B7D35E2}""},{""@Name"":""RuleName"",""#text"":""@{Microsoft.MSPaint_6.2203.1037.0_x64__8wekyb3d8bbwe?ms-resource://Microsoft.MSPaint/resources/AppName}""},{""@Name"":""Origin"",""#text"":""1""},{""@Name"":""ApplicationPath""},{""@Name"":""ServiceName""},{""@Name"":""Direction"",""#text"":""2""},{""@Name"":""Protocol"",""#text"":""256""},{""@Name"":""LocalPorts""},{""@Name"":""RemotePorts""},{""@Name"":""Action"",""#text"":""3""},{""@Name"":""Profiles"",""#text"":""7""},{""@Name"":""LocalAddresses"",""#text"":""*""},{""@Name"":""RemoteAddresses"",""#text"":""*""},{""@Name"":""RemoteMachineAuthorizationList""},{""@Name"":""RemoteUserAuthorizationList""},{""@Name"":""EmbeddedContext"",""#text"":""@{Microsoft.MSPaint_6.2203.1037.0_x64__8wekyb3d8bbwe?ms-resource://Microsoft.MSPaint/resources/AppName}""},{""@Name"":""Flags"",""#text"":""1""},{""@Name"":""Active"",""#text"":""1""},{""@Name"":""EdgeTraversal"",""#text"":""0""},{""@Name"":""LooseSourceMapped"",""#text"":""0""},{""@Name"":""SecurityOptions"",""#text"":""0""},{""@Name"":""ModifyingUser"",""#text"":""S-1-5-80-3088073201-1464728630-1879813800-1107566885-823218052""},{""@Name"":""ModifyingApplication"",""#text"":""C:\\Windows\\System32\\svchost.exe""},{""@Name"":""SchemaVersion"",""#text"":""542""},{""@Name"":""RuleStatus"",""#text"":""65536""},{""@Name"":""LocalOnlyMapped"",""#text"":""0""}]}}"
792,983,2023-03-22 08:35:22.7637525,2004,Info,Microsoft-Windows-Windows Firewall With Advanced Security,Microsoft-Windows-Windows Firewall With Advanced Security/Firewall,2628,8900,DESKTOP-887GK2L,12,S-1-5-19,A rule has been added to the Windows Defender Firewall exception list,,"*: ",: @{Microsoft.MSPaint_6.2203.1037.0_x64__8wekyb3d8bbwe?ms-resource://Microsoft.MSPaint/resources/AppName},,Direction: Outbound,Action: Allow,Protocol: All,,,False,C:\Users\turan\Desktop\defense-work-evtx-files\Windows Firewall-Firewall.evtx,0x8000020000000000,0,"{""EventData"":{""Data"":[{""@Name"":""RuleId"",""#text"":""{1AD5761E-36D7-41D5-A672-163F5E9AD8B0}""},{""@Name"":""RuleName"",""#text"":""@{Microsoft.MSPaint_6.2203.1037.0_x64__8wekyb3d8bbwe?ms-resource://Microsoft.MSPaint/resources/AppName}""},{""@Name"":""Origin"",""#text"":""1""},{""@Name"":""ApplicationPath""},{""@Name"":""ServiceName""},{""@Name"":""Direction"",""#text"":""2""},{""@Name"":""Protocol"",""#text"":""256""},{""@Name"":""LocalPorts""},{""@Name"":""RemotePorts""},{""@Name"":""Action"",""#text"":""3""},{""@Name"":""Profiles"",""#text"":""7""},{""@Name"":""LocalAddresses"",""#text"":""*""},{""@Name"":""RemoteAddresses"",""#text"":""*""},{""@Name"":""RemoteMachineAuthorizationList""},{""@Name"":""RemoteUserAuthorizationList""},{""@Name"":""EmbeddedContext"",""#text"":""@{Microsoft.MSPaint_6.2203.1037.0_x64__8wekyb3d8bbwe?ms-resource://Microsoft.MSPaint/resources/AppName}""},{""@Name"":""Flags"",""#text"":""1""},{""@Name"":""Active"",""#text"":""1""},{""@Name"":""EdgeTraversal"",""#text"":""0""},{""@Name"":""LooseSourceMapped"",""#text"":""0""},{""@Name"":""SecurityOptions"",""#text"":""0""},{""@Name"":""ModifyingUser"",""#text"":""S-1-5-80-3088073201-1464728630-1879813800-1107566885-823218052""},{""@Name"":""ModifyingApplication"",""#text"":""C:\\Windows\\System32\\svchost.exe""},{""@Name"":""SchemaVersion"",""#text"":""542""},{""@Name"":""RuleStatus"",""#text"":""65536""},{""@Name"":""LocalOnlyMapped"",""#text"":""0""}]}}"
793,984,2023-03-22 08:35:41.9720116,2006,Info,Microsoft-Windows-Windows Firewall With Advanced Security,Microsoft-Windows-Windows Firewall With Advanced Security/Firewall,2628,4352,DESKTOP-887GK2L,12,S-1-5-19,A rule has been deleted in the Windows Defender Firewall exception list,,,RuleName: @{Microsoft.StorePurchaseApp_12207.44.6.0_x64__8wekyb3d8bbwe?ms-resource://Microsoft.StorePurchaseApp/Resources/DisplayTitle},ModifyingApplication: C:\Windows\System32\svchost.exe,,,,,,False,C:\Users\turan\Desktop\defense-work-evtx-files\Windows Firewall-Firewall.evtx,0x8000020000000000,0,"{""EventData"":{""Data"":[{""@Name"":""RuleId"",""#text"":""{5B7404E2-C927-4947-805F-275BF304C3A7}""},{""@Name"":""RuleName"",""#text"":""@{Microsoft.StorePurchaseApp_12207.44.6.0_x64__8wekyb3d8bbwe?ms-resource://Microsoft.StorePurchaseApp/Resources/DisplayTitle}""},{""@Name"":""ModifyingUser"",""#text"":""S-1-5-80-3088073201-1464728630-1879813800-1107566885-823218052""},{""@Name"":""ModifyingApplication"",""#text"":""C:\\Windows\\System32\\svchost.exe""}]}}"
794,985,2023-03-22 08:35:41.9722268,2006,Info,Microsoft-Windows-Windows Firewall With Advanced Security,Microsoft-Windows-Windows Firewall With Advanced Security/Firewall,2628,4352,DESKTOP-887GK2L,12,S-1-5-19,A rule has been deleted in the Windows Defender Firewall exception list,,,RuleName: @{Microsoft.StorePurchaseApp_12207.44.6.0_x64__8wekyb3d8bbwe?ms-resource://Microsoft.StorePurchaseApp/Resources/DisplayTitle},ModifyingApplication: C:\Windows\System32\svchost.exe,,,,,,False,C:\Users\turan\Desktop\defense-work-evtx-files\Windows Firewall-Firewall.evtx,0x8000020000000000,0,"{""EventData"":{""Data"":[{""@Name"":""RuleId"",""#text"":""{7EDED28B-5118-4249-955B-1C6BB538C05A}""},{""@Name"":""RuleName"",""#text"":""@{Microsoft.StorePurchaseApp_12207.44.6.0_x64__8wekyb3d8bbwe?ms-resource://Microsoft.StorePurchaseApp/Resources/DisplayTitle}""},{""@Name"":""ModifyingUser"",""#text"":""S-1-5-80-3088073201-1464728630-1879813800-1107566885-823218052""},{""@Name"":""ModifyingApplication"",""#text"":""C:\\Windows\\System32\\svchost.exe""}]}}"
795,986,2023-03-22 08:35:41.9724366,2006,Info,Microsoft-Windows-Windows Firewall With Advanced Security,Microsoft-Windows-Windows Firewall With Advanced Security/Firewall,2628,4352,DESKTOP-887GK2L,12,S-1-5-19,A rule has been deleted in the Windows Defender Firewall exception list,,,RuleName: @{Microsoft.StorePurchaseApp_12207.44.6.0_x64__8wekyb3d8bbwe?ms-resource://Microsoft.StorePurchaseApp/Resources/DisplayTitle},ModifyingApplication: C:\Windows\System32\svchost.exe,,,,,,False,C:\Users\turan\Desktop\defense-work-evtx-files\Windows Firewall-Firewall.evtx,0x8000020000000000,0,"{""EventData"":{""Data"":[{""@Name"":""RuleId"",""#text"":""{1CA598EA-9E72-43DB-B5B1-E43620315FF3}""},{""@Name"":""RuleName"",""#text"":""@{Microsoft.StorePurchaseApp_12207.44.6.0_x64__8wekyb3d8bbwe?ms-resource://Microsoft.StorePurchaseApp/Resources/DisplayTitle}""},{""@Name"":""ModifyingUser"",""#text"":""S-1-5-80-3088073201-1464728630-1879813800-1107566885-823218052""},{""@Name"":""ModifyingApplication"",""#text"":""C:\\Windows\\System32\\svchost.exe""}]}}"
796,987,2023-03-22 08:35:41.9731081,2006,Info,Microsoft-Windows-Windows Firewall With Advanced Security,Microsoft-Windows-Windows Firewall With Advanced Security/Firewall,2628,4352,DESKTOP-887GK2L,12,S-1-5-19,A rule has been deleted in the Windows Defender Firewall exception list,,,RuleName: @{Microsoft.StorePurchaseApp_12207.44.6.0_x64__8wekyb3d8bbwe?ms-resource://Microsoft.StorePurchaseApp/Resources/DisplayTitle},ModifyingApplication: C:\Windows\System32\svchost.exe,,,,,,False,C:\Users\turan\Desktop\defense-work-evtx-files\Windows Firewall-Firewall.evtx,0x8000020000000000,0,"{""EventData"":{""Data"":[{""@Name"":""RuleId"",""#text"":""{16F57C48-E76C-4998-AF7C-07A946039635}""},{""@Name"":""RuleName"",""#text"":""@{Microsoft.StorePurchaseApp_12207.44.6.0_x64__8wekyb3d8bbwe?ms-resource://Microsoft.StorePurchaseApp/Resources/DisplayTitle}""},{""@Name"":""ModifyingUser"",""#text"":""S-1-5-80-3088073201-1464728630-1879813800-1107566885-823218052""},{""@Name"":""ModifyingApplication"",""#text"":""C:\\Windows\\System32\\svchost.exe""}]}}"
797,988,2023-03-22 08:35:41.9751063,2004,Info,Microsoft-Windows-Windows Firewall With Advanced Security,Microsoft-Windows-Windows Firewall With Advanced Security/Firewall,2628,1664,DESKTOP-887GK2L,13,S-1-5-19,A rule has been added to the Windows Defender Firewall exception list,,"*: ",: @{Microsoft.StorePurchaseApp_12301.1401.8.0_x64__8wekyb3d8bbwe?ms-resource://Microsoft.StorePurchaseApp/Resources/DisplayTitle},,Direction: Inbound,Action: Block,Protocol: All,,,False,C:\Users\turan\Desktop\defense-work-evtx-files\Windows Firewall-Firewall.evtx,0x8000020000000000,0,"{""EventData"":{""Data"":[{""@Name"":""RuleId"",""#text"":""{2814E9AB-B90D-4857-8F20-B1E8F05C7438}""},{""@Name"":""RuleName"",""#text"":""@{Microsoft.StorePurchaseApp_12301.1401.8.0_x64__8wekyb3d8bbwe?ms-resource://Microsoft.StorePurchaseApp/Resources/DisplayTitle}""},{""@Name"":""Origin"",""#text"":""1""},{""@Name"":""ApplicationPath""},{""@Name"":""ServiceName""},{""@Name"":""Direction"",""#text"":""1""},{""@Name"":""Protocol"",""#text"":""256""},{""@Name"":""LocalPorts""},{""@Name"":""RemotePorts""},{""@Name"":""Action"",""#text"":""2""},{""@Name"":""Profiles"",""#text"":""2147483647""},{""@Name"":""LocalAddresses"",""#text"":""*""},{""@Name"":""RemoteAddresses"",""#text"":""*""},{""@Name"":""RemoteMachineAuthorizationList""},{""@Name"":""RemoteUserAuthorizationList""},{""@Name"":""EmbeddedContext"",""#text"":""@{Microsoft.StorePurchaseApp_12301.1401.8.0_x64__8wekyb3d8bbwe?ms-resource://Microsoft.StorePurchaseApp/Resources/DisplayTitle}""},{""@Name"":""Flags"",""#text"":""1""},{""@Name"":""Active"",""#text"":""1""},{""@Name"":""EdgeTraversal"",""#text"":""0""},{""@Name"":""LooseSourceMapped"",""#text"":""0""},{""@Name"":""SecurityOptions"",""#text"":""0""},{""@Name"":""ModifyingUser"",""#text"":""S-1-5-80-3088073201-1464728630-1879813800-1107566885-823218052""},{""@Name"":""ModifyingApplication"",""#text"":""C:\\Windows\\System32\\svchost.exe""},{""@Name"":""SchemaVersion"",""#text"":""542""},{""@Name"":""RuleStatus"",""#text"":""65536""},{""@Name"":""LocalOnlyMapped"",""#text"":""0""}]}}"
798,989,2023-03-22 08:35:41.9762085,2004,Info,Microsoft-Windows-Windows Firewall With Advanced Security,Microsoft-Windows-Windows Firewall With Advanced Security/Firewall,2628,1664,DESKTOP-887GK2L,13,S-1-5-19,A rule has been added to the Windows Defender Firewall exception list,,"*: ",: @{Microsoft.StorePurchaseApp_12301.1401.8.0_x64__8wekyb3d8bbwe?ms-resource://Microsoft.StorePurchaseApp/Resources/DisplayTitle},,Direction: Outbound,Action: Block,Protocol: All,,,False,C:\Users\turan\Desktop\defense-work-evtx-files\Windows Firewall-Firewall.evtx,0x8000020000000000,0,"{""EventData"":{""Data"":[{""@Name"":""RuleId"",""#text"":""{D4E401E6-F871-4E09-82C3-80C6744AFC37}""},{""@Name"":""RuleName"",""#text"":""@{Microsoft.StorePurchaseApp_12301.1401.8.0_x64__8wekyb3d8bbwe?ms-resource://Microsoft.StorePurchaseApp/Resources/DisplayTitle}""},{""@Name"":""Origin"",""#text"":""1""},{""@Name"":""ApplicationPath""},{""@Name"":""ServiceName""},{""@Name"":""Direction"",""#text"":""2""},{""@Name"":""Protocol"",""#text"":""256""},{""@Name"":""LocalPorts""},{""@Name"":""RemotePorts""},{""@Name"":""Action"",""#text"":""2""},{""@Name"":""Profiles"",""#text"":""2147483647""},{""@Name"":""LocalAddresses"",""#text"":""*""},{""@Name"":""RemoteAddresses"",""#text"":""*""},{""@Name"":""RemoteMachineAuthorizationList""},{""@Name"":""RemoteUserAuthorizationList""},{""@Name"":""EmbeddedContext"",""#text"":""@{Microsoft.StorePurchaseApp_12301.1401.8.0_x64__8wekyb3d8bbwe?ms-resource://Microsoft.StorePurchaseApp/Resources/DisplayTitle}""},{""@Name"":""Flags"",""#text"":""1""},{""@Name"":""Active"",""#text"":""1""},{""@Name"":""EdgeTraversal"",""#text"":""0""},{""@Name"":""LooseSourceMapped"",""#text"":""0""},{""@Name"":""SecurityOptions"",""#text"":""0""},{""@Name"":""ModifyingUser"",""#text"":""S-1-5-80-3088073201-1464728630-1879813800-1107566885-823218052""},{""@Name"":""ModifyingApplication"",""#text"":""C:\\Windows\\System32\\svchost.exe""},{""@Name"":""SchemaVersion"",""#text"":""542""},{""@Name"":""RuleStatus"",""#text"":""65536""},{""@Name"":""LocalOnlyMapped"",""#text"":""0""}]}}"
