74,6490,2024-05-21 03:07:30.7558782,4702,LogAlways,Microsoft-Windows-Security-Auditing,Security,748,792,DC01.forela.local,0,,A scheduled task was updated,FORELA\DC01$,,TaskName: \Microsoft\Windows\UpdateOrchestrator\Schedule Scan,"TaskContentNew: &lt;?xml version=""1.0"" encoding=""UTF-16""?&gt;, &lt;Task version=""1.2"" xmlns=""http://schemas.microsoft.com/windows/2004/02/mit/task""&gt;,   &lt;RegistrationInfo&gt;,     &lt;URI&gt;\Microsoft\Windows\UpdateOrchestrator\Schedule Scan&lt;/URI&gt;,   &lt;/RegistrationInfo&gt;,   &lt;Triggers&gt;,     &lt;TimeTrigger&gt;,       &lt;Repetition&gt;,         &lt;Interval&gt;PT420M&lt;/Interval&gt;,         &lt;StopAtDurationEnd&gt;false&lt;/StopAtDurationEnd&gt;,       &lt;/Repetition&gt;,       &lt;StartBoundary&gt;2019-01-01T12:00:00&lt;/StartBoundary&gt;,       &lt;Enabled&gt;true&lt;/Enabled&gt;,       &lt;RandomDelay&gt;PT105M&lt;/RandomDelay&gt;,     &lt;/TimeTrigger&gt;,   &lt;/Triggers&gt;,   &lt;Principals&gt;,     &lt;Principal id=""Author""&gt;,       &lt;UserId&gt;S-1-5-18&lt;/UserId&gt;,       &lt;RunLevel&gt;LeastPrivilege&lt;/RunLevel&gt;,     &lt;/Principal&gt;,   &lt;/Principals&gt;,   &lt;Settings&gt;,     &lt;MultipleInstancesPolicy&gt;IgnoreNew&lt;/MultipleInstancesPolicy&gt;,     &lt;DisallowStartIfOnBatteries&gt;true&lt;/DisallowStartIfOnBatteries&gt;,     &lt;StopIfGoingOnBatteries&gt;true&lt;/StopIfGoingOnBatteries&gt;,     &lt;AllowHardTerminate&gt;true&lt;/AllowHardTerminate&gt;,     &lt;StartWhenAvailable&gt;true&lt;/StartWhenAvailable&gt;,     &lt;RunOnlyIfNetworkAvailable&gt;false&lt;/RunOnlyIfNetworkAvailable&gt;,     &lt;IdleSettings&gt;,       &lt;Duration&gt;PT10M&lt;/Duration&gt;,       &lt;WaitTimeout&gt;PT1H&lt;/WaitTimeout&gt;,       &lt;StopOnIdleEnd&gt;true&lt;/StopOnIdleEnd&gt;,       &lt;RestartOnIdle&gt;false&lt;/RestartOnIdle&gt;,     &lt;/IdleSettings&gt;,     &lt;AllowStartOnDemand&gt;true&lt;/AllowStartOnDemand&gt;,     &lt;Enabled&gt;true&lt;/Enabled&gt;,     &lt;Hidden&gt;false&lt;/Hidden&gt;,     &lt;RunOnlyIfIdle&gt;false&lt;/RunOnlyIfIdle&gt;,     &lt;WakeToRun&gt;false&lt;/WakeToRun&gt;,     &lt;ExecutionTimeLimit&gt;PT72H&lt;/ExecutionTimeLimit&gt;,     &lt;Priority&gt;7&lt;/Priority&gt;,   &lt;/Settings&gt;,   &lt;Actions Context=""Author""&gt;,     &lt;Exec&gt;,       &lt;Command&gt;%systemroot%\system32\usoclient.exe&lt;/Command&gt;,       &lt;Arguments&gt;StartScan&lt;/Arguments&gt;,     &lt;/Exec&gt;,   &lt;/Actions&gt;, &lt;/Task&gt;",,,,,,False,C:\Users\turana.rashidova\Downloads\campfire-1\Triage\Domain Controller\SECURITY-DC.evtx,Audit success,0,"{""EventData"":{""Data"":[{""@Name"":""SubjectUserSid"",""#text"":""S-1-5-18""},{""@Name"":""SubjectUserName"",""#text"":""DC01$""},{""@Name"":""SubjectDomainName"",""#text"":""FORELA""},{""@Name"":""SubjectLogonId"",""#text"":""0x3E7""},{""@Name"":""TaskName"",""#text"":""\\Microsoft\\Windows\\UpdateOrchestrator\\Schedule Scan""},{""@Name"":""TaskContentNew"",""#text"":""&lt;?xml version=\""1.0\"" encoding=\""UTF-16\""?&gt;, &lt;Task version=\""1.2\"" xmlns=\""http://schemas.microsoft.com/windows/2004/02/mit/task\""&gt;,   &lt;RegistrationInfo&gt;,     &lt;URI&gt;\\Microsoft\\Windows\\UpdateOrchestrator\\Schedule Scan&lt;/URI&gt;,   &lt;/RegistrationInfo&gt;,   &lt;Triggers&gt;,     &lt;TimeTrigger&gt;,       &lt;Repetition&gt;,         &lt;Interval&gt;PT420M&lt;/Interval&gt;,         &lt;StopAtDurationEnd&gt;false&lt;/StopAtDurationEnd&gt;,       &lt;/Repetition&gt;,       &lt;StartBoundary&gt;2019-01-01T12:00:00&lt;/StartBoundary&gt;,       &lt;Enabled&gt;true&lt;/Enabled&gt;,       &lt;RandomDelay&gt;PT105M&lt;/RandomDelay&gt;,     &lt;/TimeTrigger&gt;,   &lt;/Triggers&gt;,   &lt;Principals&gt;,     &lt;Principal id=\""Author\""&gt;,       &lt;UserId&gt;S-1-5-18&lt;/UserId&gt;,       &lt;RunLevel&gt;LeastPrivilege&lt;/RunLevel&gt;,     &lt;/Principal&gt;,   &lt;/Principals&gt;,   &lt;Settings&gt;,     &lt;MultipleInstancesPolicy&gt;IgnoreNew&lt;/MultipleInstancesPolicy&gt;,     &lt;DisallowStartIfOnBatteries&gt;true&lt;/DisallowStartIfOnBatteries&gt;,     &lt;StopIfGoingOnBatteries&gt;true&lt;/StopIfGoingOnBatteries&gt;,     &lt;AllowHardTerminate&gt;true&lt;/AllowHardTerminate&gt;,     &lt;StartWhenAvailable&gt;true&lt;/StartWhenAvailable&gt;,     &lt;RunOnlyIfNetworkAvailable&gt;false&lt;/RunOnlyIfNetworkAvailable&gt;,     &lt;IdleSettings&gt;,       &lt;Duration&gt;PT10M&lt;/Duration&gt;,       &lt;WaitTimeout&gt;PT1H&lt;/WaitTimeout&gt;,       &lt;StopOnIdleEnd&gt;true&lt;/StopOnIdleEnd&gt;,       &lt;RestartOnIdle&gt;false&lt;/RestartOnIdle&gt;,     &lt;/IdleSettings&gt;,     &lt;AllowStartOnDemand&gt;true&lt;/AllowStartOnDemand&gt;,     &lt;Enabled&gt;true&lt;/Enabled&gt;,     &lt;Hidden&gt;false&lt;/Hidden&gt;,     &lt;RunOnlyIfIdle&gt;false&lt;/RunOnlyIfIdle&gt;,     &lt;WakeToRun&gt;false&lt;/WakeToRun&gt;,     &lt;ExecutionTimeLimit&gt;PT72H&lt;/ExecutionTimeLimit&gt;,     &lt;Priority&gt;7&lt;/Priority&gt;,   &lt;/Settings&gt;,   &lt;Actions Context=\""Author\""&gt;,     &lt;Exec&gt;,       &lt;Command&gt;%systemroot%\\system32\\usoclient.exe&lt;/Command&gt;,       &lt;Arguments&gt;StartScan&lt;/Arguments&gt;,     &lt;/Exec&gt;,   &lt;/Actions&gt;, &lt;/Task&gt;""},{""@Name"":""ClientProcessStartKey"",""#text"":""3377699720527992""},{""@Name"":""ClientProcessId"",""#text"":""580""},{""@Name"":""ParentProcessId"",""#text"":""728""},{""@Name"":""RpcCallClientLocality"",""#text"":""0""},{""@Name"":""FQDN"",""#text"":""DC01.forela.local""}]}}"
75,6491,2024-05-21 03:07:36.1648535,4771,LogAlways,Microsoft-Windows-Security-Auditing,Security,748,2396,DC01.forela.local,0,,Kerberos pre-authentication failed,,::ffff:172.17.79.129:57382,Target: FORELA-WKSTN001$ (S-1-5-21-3239415629-1862073780-2394361899-1106),ServiceName: krbtgt/forela.local,Status: KDC_ERR_PREAUTH_FAILED - Pre-authentication information was invalid - The wrong password was provided.,PreAuthType: PA-ENC-TIMESTAMP - This type is normal for standard password authentication.,,,,False,C:\Users\turana.rashidova\Downloads\campfire-1\Triage\Domain Controller\SECURITY-DC.evtx,Audit failure,0,"{""EventData"":{""Data"":[{""@Name"":""TargetUserName"",""#text"":""FORELA-WKSTN001$""},{""@Name"":""TargetSid"",""#text"":""S-1-5-21-3239415629-1862073780-2394361899-1106""},{""@Name"":""ServiceName"",""#text"":""krbtgt/forela.local""},{""@Name"":""TicketOptions"",""#text"":""0x40810010""},{""@Name"":""Status"",""#text"":""0x18""},{""@Name"":""PreAuthType"",""#text"":""2""},{""@Name"":""IpAddress"",""#text"":""::ffff:172.17.79.129""},{""@Name"":""IpPort"",""#text"":""57382""},{""@Name"":""CertIssuerName""},{""@Name"":""CertSerialNumber""},{""@Name"":""CertThumbprint""}]}}"
76,6492,2024-05-21 03:07:36.1836155,4771,LogAlways,Microsoft-Windows-Security-Auditing,Security,748,2396,DC01.forela.local,0,,Kerberos pre-authentication failed,,::ffff:172.17.79.129:57384,Target: FORELA-WKSTN001$ (S-1-5-21-3239415629-1862073780-2394361899-1106),ServiceName: krbtgt/forela.local,Status: KDC_ERR_PREAUTH_FAILED - Pre-authentication information was invalid - The wrong password was provided.,PreAuthType: PA-ENC-TIMESTAMP - This type is normal for standard password authentication.,,,,False,C:\Users\turana.rashidova\Downloads\campfire-1\Triage\Domain Controller\SECURITY-DC.evtx,Audit failure,0,"{""EventData"":{""Data"":[{""@Name"":""TargetUserName"",""#text"":""FORELA-WKSTN001$""},{""@Name"":""TargetSid"",""#text"":""S-1-5-21-3239415629-1862073780-2394361899-1106""},{""@Name"":""ServiceName"",""#text"":""krbtgt/forela.local""},{""@Name"":""TicketOptions"",""#text"":""0x40810010""},{""@Name"":""Status"",""#text"":""0x18""},{""@Name"":""PreAuthType"",""#text"":""2""},{""@Name"":""IpAddress"",""#text"":""::ffff:172.17.79.129""},{""@Name"":""IpPort"",""#text"":""57384""},{""@Name"":""CertIssuerName""},{""@Name"":""CertSerialNumber""},{""@Name"":""CertThumbprint""}]}}"
77,6493,2024-05-21 03:07:49.6429587,4702,LogAlways,Microsoft-Windows-Security-Auditing,Security,748,968,DC01.forela.local,1,,A scheduled task was updated,FORELA\DC01$,,TaskName: \Microsoft\Windows\Flighting\OneSettings\RefreshCache,"TaskContentNew: &lt;?xml version=""1.0"" encoding=""UTF-16""?&gt;, &lt;Task version=""1.6"" xmlns=""http://schemas.microsoft.com/windows/2004/02/mit/task""&gt;,   &lt;RegistrationInfo&gt;,     &lt;Source&gt;$(@%systemroot%\system32\wosc.dll,-602)&lt;/Source&gt;,     &lt;Author&gt;$(@%systemroot%\system32\wosc.dll,-601)&lt;/Author&gt;,     &lt;Description&gt;$(@%systemroot%\system32\wosc.dll,-603)&lt;/Description&gt;,     &lt;URI&gt;\Microsoft\Windows\Flighting\OneSettings\RefreshCache&lt;/URI&gt;,     &lt;SecurityDescriptor&gt;D:P(A;;FA;;;SY)(A;;FA;;;BA)(A;;FRFX;;;AU)&lt;/SecurityDescriptor&gt;,   &lt;/RegistrationInfo&gt;,   &lt;Triggers&gt;,     &lt;TimeTrigger&gt;,       &lt;Repetition&gt;,         &lt;Interval&gt;PT224M&lt;/Interval&gt;,         &lt;StopAtDurationEnd&gt;false&lt;/StopAtDurationEnd&gt;,       &lt;/Repetition&gt;,       &lt;StartBoundary&gt;2024-05-21T03:08:49.624Z&lt;/StartBoundary&gt;,       &lt;Enabled&gt;true&lt;/Enabled&gt;,       &lt;RandomDelay&gt;PT1H&lt;/RandomDelay&gt;,     &lt;/TimeTrigger&gt;,     &lt;WnfStateChangeTrigger&gt;,       &lt;Enabled&gt;true&lt;/Enabled&gt;,       &lt;StateName&gt;7538BCA33A019502&lt;/StateName&gt;,     &lt;/WnfStateChangeTrigger&gt;,   &lt;/Triggers&gt;,   &lt;Principals&gt;,     &lt;Principal id=""LocalSystem""&gt;,       &lt;UserId&gt;S-1-5-18&lt;/UserId&gt;,       &lt;RunLevel&gt;LeastPrivilege&lt;/RunLevel&gt;,     &lt;/Principal&gt;,   &lt;/Principals&gt;,   &lt;Settings&gt;,     &lt;MultipleInstancesPolicy&gt;IgnoreNew&lt;/MultipleInstancesPolicy&gt;,     &lt;DisallowStartIfOnBatteries&gt;false&lt;/DisallowStartIfOnBatteries&gt;,     &lt;StopIfGoingOnBatteries&gt;false&lt;/StopIfGoingOnBatteries&gt;,     &lt;AllowHardTerminate&gt;true&lt;/AllowHardTerminate&gt;,     &lt;StartWhenAvailable&gt;true&lt;/StartWhenAvailable&gt;,     &lt;RunOnlyIfNetworkAvailable&gt;true&lt;/RunOnlyIfNetworkAvailable&gt;,     &lt;IdleSettings&gt;,       &lt;StopOnIdleEnd&gt;false&lt;/StopOnIdleEnd&gt;,       &lt;RestartOnIdle&gt;false&lt;/RestartOnIdle&gt;,     &lt;/IdleSettings&gt;,     &lt;AllowStartOnDemand&gt;true&lt;/AllowStartOnDemand&gt;,     &lt;Enabled&gt;true&lt;/Enabled&gt;,     &lt;Hidden&gt;false&lt;/Hidden&gt;,     &lt;RunOnlyIfIdle&gt;false&lt;/RunOnlyIfIdle&gt;,     &lt;DisallowStartOnRemoteAppSession&gt;false&lt;/DisallowStartOnRemoteAppSession&gt;,     &lt;UseUnifiedSchedulingEngine&gt;true&lt;/UseUnifiedSchedulingEngine&gt;,     &lt;WakeToRun&gt;false&lt;/WakeToRun&gt;,     &lt;ExecutionTimeLimit&gt;PT5M&lt;/ExecutionTimeLimit&gt;,     &lt;Priority&gt;7&lt;/Priority&gt;,   &lt;/Settings&gt;,   &lt;Actions Context=""LocalSystem""&gt;,     &lt;ComHandler&gt;,       &lt;ClassId&gt;{E07647F7-AED2-48D9-9720-939BC24A8A3C}&lt;/ClassId&gt;,     &lt;/ComHandler&gt;,   &lt;/Actions&gt;, &lt;/Task&gt;",,,,,,False,C:\Users\turana.rashidova\Downloads\campfire-1\Triage\Domain Controller\SECURITY-DC.evtx,Audit success,0,"{""EventData"":{""Data"":[{""@Name"":""SubjectUserSid"",""#text"":""S-1-5-18""},{""@Name"":""SubjectUserName"",""#text"":""DC01$""},{""@Name"":""SubjectDomainName"",""#text"":""FORELA""},{""@Name"":""SubjectLogonId"",""#text"":""0x3E7""},{""@Name"":""TaskName"",""#text"":""\\Microsoft\\Windows\\Flighting\\OneSettings\\RefreshCache""},{""@Name"":""TaskContentNew"",""#text"":""&lt;?xml version=\""1.0\"" encoding=\""UTF-16\""?&gt;, &lt;Task version=\""1.6\"" xmlns=\""http://schemas.microsoft.com/windows/2004/02/mit/task\""&gt;,   &lt;RegistrationInfo&gt;,     &lt;Source&gt;$(@%systemroot%\\system32\\wosc.dll,-602)&lt;/Source&gt;,     &lt;Author&gt;$(@%systemroot%\\system32\\wosc.dll,-601)&lt;/Author&gt;,     &lt;Description&gt;$(@%systemroot%\\system32\\wosc.dll,-603)&lt;/Description&gt;,     &lt;URI&gt;\\Microsoft\\Windows\\Flighting\\OneSettings\\RefreshCache&lt;/URI&gt;,     &lt;SecurityDescriptor&gt;D:P(A;;FA;;;SY)(A;;FA;;;BA)(A;;FRFX;;;AU)&lt;/SecurityDescriptor&gt;,   &lt;/RegistrationInfo&gt;,   &lt;Triggers&gt;,     &lt;TimeTrigger&gt;,       &lt;Repetition&gt;,         &lt;Interval&gt;PT224M&lt;/Interval&gt;,         &lt;StopAtDurationEnd&gt;false&lt;/StopAtDurationEnd&gt;,       &lt;/Repetition&gt;,       &lt;StartBoundary&gt;2024-05-21T03:08:49.624Z&lt;/StartBoundary&gt;,       &lt;Enabled&gt;true&lt;/Enabled&gt;,       &lt;RandomDelay&gt;PT1H&lt;/RandomDelay&gt;,     &lt;/TimeTrigger&gt;,     &lt;WnfStateChangeTrigger&gt;,       &lt;Enabled&gt;true&lt;/Enabled&gt;,       &lt;StateName&gt;7538BCA33A019502&lt;/StateName&gt;,     &lt;/WnfStateChangeTrigger&gt;,   &lt;/Triggers&gt;,   &lt;Principals&gt;,     &lt;Principal id=\""LocalSystem\""&gt;,       &lt;UserId&gt;S-1-5-18&lt;/UserId&gt;,       &lt;RunLevel&gt;LeastPrivilege&lt;/RunLevel&gt;,     &lt;/Principal&gt;,   &lt;/Principals&gt;,   &lt;Settings&gt;,     &lt;MultipleInstancesPolicy&gt;IgnoreNew&lt;/MultipleInstancesPolicy&gt;,     &lt;DisallowStartIfOnBatteries&gt;false&lt;/DisallowStartIfOnBatteries&gt;,     &lt;StopIfGoingOnBatteries&gt;false&lt;/StopIfGoingOnBatteries&gt;,     &lt;AllowHardTerminate&gt;true&lt;/AllowHardTerminate&gt;,     &lt;StartWhenAvailable&gt;true&lt;/StartWhenAvailable&gt;,     &lt;RunOnlyIfNetworkAvailable&gt;true&lt;/RunOnlyIfNetworkAvailable&gt;,     &lt;IdleSettings&gt;,       &lt;StopOnIdleEnd&gt;false&lt;/StopOnIdleEnd&gt;,       &lt;RestartOnIdle&gt;false&lt;/RestartOnIdle&gt;,     &lt;/IdleSettings&gt;,     &lt;AllowStartOnDemand&gt;true&lt;/AllowStartOnDemand&gt;,     &lt;Enabled&gt;true&lt;/Enabled&gt;,     &lt;Hidden&gt;false&lt;/Hidden&gt;,     &lt;RunOnlyIfIdle&gt;false&lt;/RunOnlyIfIdle&gt;,     &lt;DisallowStartOnRemoteAppSession&gt;false&lt;/DisallowStartOnRemoteAppSession&gt;,     &lt;UseUnifiedSchedulingEngine&gt;true&lt;/UseUnifiedSchedulingEngine&gt;,     &lt;WakeToRun&gt;false&lt;/WakeToRun&gt;,     &lt;ExecutionTimeLimit&gt;PT5M&lt;/ExecutionTimeLimit&gt;,     &lt;Priority&gt;7&lt;/Priority&gt;,   &lt;/Settings&gt;,   &lt;Actions Context=\""LocalSystem\""&gt;,     &lt;ComHandler&gt;,       &lt;ClassId&gt;{E07647F7-AED2-48D9-9720-939BC24A8A3C}&lt;/ClassId&gt;,     &lt;/ComHandler&gt;,   &lt;/Actions&gt;, &lt;/Task&gt;""},{""@Name"":""ClientProcessStartKey"",""#text"":""3377699720527994""},{""@Name"":""ClientProcessId"",""#text"":""2928""},{""@Name"":""ParentProcessId"",""#text"":""1836""},{""@Name"":""RpcCallClientLocality"",""#text"":""0""},{""@Name"":""FQDN"",""#text"":""DC01.forela.local""}]}}"
78,6494,2024-05-21 03:08:36.2114354,4771,LogAlways,Microsoft-Windows-Security-Auditing,Security,748,2396,DC01.forela.local,1,,Kerberos pre-authentication failed,,::ffff:172.17.79.129:57428,Target: FORELA-WKSTN001$ (S-1-5-21-3239415629-1862073780-2394361899-1106),ServiceName: krbtgt/forela.local,Status: KDC_ERR_PREAUTH_FAILED - Pre-authentication information was invalid - The wrong password was provided.,PreAuthType: PA-ENC-TIMESTAMP - This type is normal for standard password authentication.,,,,False,C:\Users\turana.rashidova\Downloads\campfire-1\Triage\Domain Controller\SECURITY-DC.evtx,Audit failure,0,"{""EventData"":{""Data"":[{""@Name"":""TargetUserName"",""#text"":""FORELA-WKSTN001$""},{""@Name"":""TargetSid"",""#text"":""S-1-5-21-3239415629-1862073780-2394361899-1106""},{""@Name"":""ServiceName"",""#text"":""krbtgt/forela.local""},{""@Name"":""TicketOptions"",""#text"":""0x40810010""},{""@Name"":""Status"",""#text"":""0x18""},{""@Name"":""PreAuthType"",""#text"":""2""},{""@Name"":""IpAddress"",""#text"":""::ffff:172.17.79.129""},{""@Name"":""IpPort"",""#text"":""57428""},{""@Name"":""CertIssuerName""},{""@Name"":""CertSerialNumber""},{""@Name"":""CertThumbprint""}]}}"
79,6495,2024-05-21 03:08:36.2285518,4771,LogAlways,Microsoft-Windows-Security-Auditing,Security,748,2396,DC01.forela.local,1,,Kerberos pre-authentication failed,,::ffff:172.17.79.129:57431,Target: FORELA-WKSTN001$ (S-1-5-21-3239415629-1862073780-2394361899-1106),ServiceName: krbtgt/forela.local,Status: KDC_ERR_PREAUTH_FAILED - Pre-authentication information was invalid - The wrong password was provided.,PreAuthType: PA-ENC-TIMESTAMP - This type is normal for standard password authentication.,,,,False,C:\Users\turana.rashidova\Downloads\campfire-1\Triage\Domain Controller\SECURITY-DC.evtx,Audit failure,0,"{""EventData"":{""Data"":[{""@Name"":""TargetUserName"",""#text"":""FORELA-WKSTN001$""},{""@Name"":""TargetSid"",""#text"":""S-1-5-21-3239415629-1862073780-2394361899-1106""},{""@Name"":""ServiceName"",""#text"":""krbtgt/forela.local""},{""@Name"":""TicketOptions"",""#text"":""0x40810010""},{""@Name"":""Status"",""#text"":""0x18""},{""@Name"":""PreAuthType"",""#text"":""2""},{""@Name"":""IpAddress"",""#text"":""::ffff:172.17.79.129""},{""@Name"":""IpPort"",""#text"":""57431""},{""@Name"":""CertIssuerName""},{""@Name"":""CertSerialNumber""},{""@Name"":""CertThumbprint""}]}}"
80,6496,2024-05-21 03:09:25.6479181,4799,LogAlways,Microsoft-Windows-Security-Auditing,Security,748,792,DC01.forela.local,1,,A security-enabled local group membership was enumerated,FORELA\DC01$ (S-1-5-18),,Target: Builtin\Server Operators (S-1-5-32-549),SubjectLogonId: 0x3E7,CallerProcessName: C:\Program Files (x86)\Microsoft\EdgeUpdate\Install\{0DDE2061-122D-4F1F-B46A-6EB261453B6C}\EDGEMITMP_DD0C3.tmp\setup.exe,CallerProcessId: 0x600,,,,False,C:\Users\turana.rashidova\Downloads\campfire-1\Triage\Domain Controller\SECURITY-DC.evtx,Audit success,0,"{""EventData"":{""Data"":[{""@Name"":""TargetUserName"",""#text"":""Server Operators""},{""@Name"":""TargetDomainName"",""#text"":""Builtin""},{""@Name"":""TargetSid"",""#text"":""S-1-5-32-549""},{""@Name"":""SubjectUserSid"",""#text"":""S-1-5-18""},{""@Name"":""SubjectUserName"",""#text"":""DC01$""},{""@Name"":""SubjectDomainName"",""#text"":""FORELA""},{""@Name"":""SubjectLogonId"",""#text"":""0x3E7""},{""@Name"":""CallerProcessId"",""#text"":""0x600""},{""@Name"":""CallerProcessName"",""#text"":""C:\\Program Files (x86)\\Microsoft\\EdgeUpdate\\Install\\{0DDE2061-122D-4F1F-B46A-6EB261453B6C}\\EDGEMITMP_DD0C3.tmp\\setup.exe""}]}}"
81,6497,2024-05-21 03:09:36.2460708,4771,LogAlways,Microsoft-Windows-Security-Auditing,Security,748,2396,DC01.forela.local,1,,Kerberos pre-authentication failed,,::ffff:172.17.79.129:57455,Target: FORELA-WKSTN001$ (S-1-5-21-3239415629-1862073780-2394361899-1106),ServiceName: krbtgt/forela.local,Status: KDC_ERR_PREAUTH_FAILED - Pre-authentication information was invalid - The wrong password was provided.,PreAuthType: PA-ENC-TIMESTAMP - This type is normal for standard password authentication.,,,,False,C:\Users\turana.rashidova\Downloads\campfire-1\Triage\Domain Controller\SECURITY-DC.evtx,Audit failure,0,"{""EventData"":{""Data"":[{""@Name"":""TargetUserName"",""#text"":""FORELA-WKSTN001$""},{""@Name"":""TargetSid"",""#text"":""S-1-5-21-3239415629-1862073780-2394361899-1106""},{""@Name"":""ServiceName"",""#text"":""krbtgt/forela.local""},{""@Name"":""TicketOptions"",""#text"":""0x40810010""},{""@Name"":""Status"",""#text"":""0x18""},{""@Name"":""PreAuthType"",""#text"":""2""},{""@Name"":""IpAddress"",""#text"":""::ffff:172.17.79.129""},{""@Name"":""IpPort"",""#text"":""57455""},{""@Name"":""CertIssuerName""},{""@Name"":""CertSerialNumber""},{""@Name"":""CertThumbprint""}]}}"
82,6498,2024-05-21 03:09:36.2643279,4771,LogAlways,Microsoft-Windows-Security-Auditing,Security,748,2396,DC01.forela.local,1,,Kerberos pre-authentication failed,,::ffff:172.17.79.129:57457,Target: FORELA-WKSTN001$ (S-1-5-21-3239415629-1862073780-2394361899-1106),ServiceName: krbtgt/forela.local,Status: KDC_ERR_PREAUTH_FAILED - Pre-authentication information was invalid - The wrong password was provided.,PreAuthType: PA-ENC-TIMESTAMP - This type is normal for standard password authentication.,,,,False,C:\Users\turana.rashidova\Downloads\campfire-1\Triage\Domain Controller\SECURITY-DC.evtx,Audit failure,0,"{""EventData"":{""Data"":[{""@Name"":""TargetUserName"",""#text"":""FORELA-WKSTN001$""},{""@Name"":""TargetSid"",""#text"":""S-1-5-21-3239415629-1862073780-2394361899-1106""},{""@Name"":""ServiceName"",""#text"":""krbtgt/forela.local""},{""@Name"":""TicketOptions"",""#text"":""0x40810010""},{""@Name"":""Status"",""#text"":""0x18""},{""@Name"":""PreAuthType"",""#text"":""2""},{""@Name"":""IpAddress"",""#text"":""::ffff:172.17.79.129""},{""@Name"":""IpPort"",""#text"":""57457""},{""@Name"":""CertIssuerName""},{""@Name"":""CertSerialNumber""},{""@Name"":""CertThumbprint""}]}}"
83,6499,2024-05-21 03:10:15.5843366,4771,LogAlways,Microsoft-Windows-Security-Auditing,Security,748,2396,DC01.forela.local,1,,Kerberos pre-authentication failed,,::ffff:172.17.79.129:57490,Target: FORELA-WKSTN001$ (S-1-5-21-3239415629-1862073780-2394361899-1106),ServiceName: krbtgt/FORELA.LOCAL,Status: KDC_ERR_PREAUTH_FAILED - Pre-authentication information was invalid - The wrong password was provided.,PreAuthType: PA-ENC-TIMESTAMP - This type is normal for standard password authentication.,,,,False,C:\Users\turana.rashidova\Downloads\campfire-1\Triage\Domain Controller\SECURITY-DC.evtx,Audit failure,0,"{""EventData"":{""Data"":[{""@Name"":""TargetUserName"",""#text"":""FORELA-WKSTN001$""},{""@Name"":""TargetSid"",""#text"":""S-1-5-21-3239415629-1862073780-2394361899-1106""},{""@Name"":""ServiceName"",""#text"":""krbtgt/FORELA.LOCAL""},{""@Name"":""TicketOptions"",""#text"":""0x40810010""},{""@Name"":""Status"",""#text"":""0x18""},{""@Name"":""PreAuthType"",""#text"":""2""},{""@Name"":""IpAddress"",""#text"":""::ffff:172.17.79.129""},{""@Name"":""IpPort"",""#text"":""57490""},{""@Name"":""CertIssuerName""},{""@Name"":""CertSerialNumber""},{""@Name"":""CertThumbprint""}]}}"
84,6500,2024-05-21 03:10:15.6092102,4771,LogAlways,Microsoft-Windows-Security-Auditing,Security,748,2396,DC01.forela.local,1,,Kerberos pre-authentication failed,,::ffff:172.17.79.129:57493,Target: FORELA-WKSTN001$ (S-1-5-21-3239415629-1862073780-2394361899-1106),ServiceName: krbtgt/FORELA.LOCAL,Status: KDC_ERR_PREAUTH_FAILED - Pre-authentication information was invalid - The wrong password was provided.,PreAuthType: PA-ENC-TIMESTAMP - This type is normal for standard password authentication.,,,,False,C:\Users\turana.rashidova\Downloads\campfire-1\Triage\Domain Controller\SECURITY-DC.evtx,Audit failure,0,"{""EventData"":{""Data"":[{""@Name"":""TargetUserName"",""#text"":""FORELA-WKSTN001$""},{""@Name"":""TargetSid"",""#text"":""S-1-5-21-3239415629-1862073780-2394361899-1106""},{""@Name"":""ServiceName"",""#text"":""krbtgt/FORELA.LOCAL""},{""@Name"":""TicketOptions"",""#text"":""0x40810010""},{""@Name"":""Status"",""#text"":""0x18""},{""@Name"":""PreAuthType"",""#text"":""2""},{""@Name"":""IpAddress"",""#text"":""::ffff:172.17.79.129""},{""@Name"":""IpPort"",""#text"":""57493""},{""@Name"":""CertIssuerName""},{""@Name"":""CertSerialNumber""},{""@Name"":""CertThumbprint""}]}}"
85,6501,2024-05-21 03:10:15.6350224,4771,LogAlways,Microsoft-Windows-Security-Auditing,Security,748,5376,DC01.forela.local,1,,Kerberos pre-authentication failed,,::ffff:172.17.79.129:57496,Target: FORELA-WKSTN001$ (S-1-5-21-3239415629-1862073780-2394361899-1106),ServiceName: krbtgt/FORELA.LOCAL,Status: KDC_ERR_PREAUTH_FAILED - Pre-authentication information was invalid - The wrong password was provided.,PreAuthType: PA-ENC-TIMESTAMP - This type is normal for standard password authentication.,,,,False,C:\Users\turana.rashidova\Downloads\campfire-1\Triage\Domain Controller\SECURITY-DC.evtx,Audit failure,0,"{""EventData"":{""Data"":[{""@Name"":""TargetUserName"",""#text"":""FORELA-WKSTN001$""},{""@Name"":""TargetSid"",""#text"":""S-1-5-21-3239415629-1862073780-2394361899-1106""},{""@Name"":""ServiceName"",""#text"":""krbtgt/FORELA.LOCAL""},{""@Name"":""TicketOptions"",""#text"":""0x40810010""},{""@Name"":""Status"",""#text"":""0x18""},{""@Name"":""PreAuthType"",""#text"":""2""},{""@Name"":""IpAddress"",""#text"":""::ffff:172.17.79.129""},{""@Name"":""IpPort"",""#text"":""57496""},{""@Name"":""CertIssuerName""},{""@Name"":""CertSerialNumber""},{""@Name"":""CertThumbprint""}]}}"
86,6502,2024-05-21 03:10:15.6543221,4771,LogAlways,Microsoft-Windows-Security-Auditing,Security,748,2396,DC01.forela.local,1,,Kerberos pre-authentication failed,,::ffff:172.17.79.129:57498,Target: FORELA-WKSTN001$ (S-1-5-21-3239415629-1862073780-2394361899-1106),ServiceName: krbtgt/FORELA.LOCAL,Status: KDC_ERR_PREAUTH_FAILED - Pre-authentication information was invalid - The wrong password was provided.,PreAuthType: PA-ENC-TIMESTAMP - This type is normal for standard password authentication.,,,,False,C:\Users\turana.rashidova\Downloads\campfire-1\Triage\Domain Controller\SECURITY-DC.evtx,Audit failure,0,"{""EventData"":{""Data"":[{""@Name"":""TargetUserName"",""#text"":""FORELA-WKSTN001$""},{""@Name"":""TargetSid"",""#text"":""S-1-5-21-3239415629-1862073780-2394361899-1106""},{""@Name"":""ServiceName"",""#text"":""krbtgt/FORELA.LOCAL""},{""@Name"":""TicketOptions"",""#text"":""0x40810010""},{""@Name"":""Status"",""#text"":""0x18""},{""@Name"":""PreAuthType"",""#text"":""2""},{""@Name"":""IpAddress"",""#text"":""::ffff:172.17.79.129""},{""@Name"":""IpPort"",""#text"":""57498""},{""@Name"":""CertIssuerName""},{""@Name"":""CertSerialNumber""},{""@Name"":""CertThumbprint""}]}}"
87,6503,2024-05-21 03:10:20.2172085,4771,LogAlways,Microsoft-Windows-Security-Auditing,Security,748,5376,DC01.forela.local,1,,Kerberos pre-authentication failed,,::ffff:172.17.79.129:57502,Target: FORELA-WKSTN001$ (S-1-5-21-3239415629-1862073780-2394361899-1106),ServiceName: krbtgt/FORELA.LOCAL,Status: KDC_ERR_PREAUTH_FAILED - Pre-authentication information was invalid - The wrong password was provided.,PreAuthType: PA-ENC-TIMESTAMP - This type is normal for standard password authentication.,,,,False,C:\Users\turana.rashidova\Downloads\campfire-1\Triage\Domain Controller\SECURITY-DC.evtx,Audit failure,0,"{""EventData"":{""Data"":[{""@Name"":""TargetUserName"",""#text"":""FORELA-WKSTN001$""},{""@Name"":""TargetSid"",""#text"":""S-1-5-21-3239415629-1862073780-2394361899-1106""},{""@Name"":""ServiceName"",""#text"":""krbtgt/FORELA.LOCAL""},{""@Name"":""TicketOptions"",""#text"":""0x40810010""},{""@Name"":""Status"",""#text"":""0x18""},{""@Name"":""PreAuthType"",""#text"":""2""},{""@Name"":""IpAddress"",""#text"":""::ffff:172.17.79.129""},{""@Name"":""IpPort"",""#text"":""57502""},{""@Name"":""CertIssuerName""},{""@Name"":""CertSerialNumber""},{""@Name"":""CertThumbprint""}]}}"
88,6504,2024-05-21 03:10:20.2379272,4771,LogAlways,Microsoft-Windows-Security-Auditing,Security,748,5376,DC01.forela.local,1,,Kerberos pre-authentication failed,,::ffff:172.17.79.129:57504,Target: FORELA-WKSTN001$ (S-1-5-21-3239415629-1862073780-2394361899-1106),ServiceName: krbtgt/FORELA.LOCAL,Status: KDC_ERR_PREAUTH_FAILED - Pre-authentication information was invalid - The wrong password was provided.,PreAuthType: PA-ENC-TIMESTAMP - This type is normal for standard password authentication.,,,,False,C:\Users\turana.rashidova\Downloads\campfire-1\Triage\Domain Controller\SECURITY-DC.evtx,Audit failure,0,"{""EventData"":{""Data"":[{""@Name"":""TargetUserName"",""#text"":""FORELA-WKSTN001$""},{""@Name"":""TargetSid"",""#text"":""S-1-5-21-3239415629-1862073780-2394361899-1106""},{""@Name"":""ServiceName"",""#text"":""krbtgt/FORELA.LOCAL""},{""@Name"":""TicketOptions"",""#text"":""0x40810010""},{""@Name"":""Status"",""#text"":""0x18""},{""@Name"":""PreAuthType"",""#text"":""2""},{""@Name"":""IpAddress"",""#text"":""::ffff:172.17.79.129""},{""@Name"":""IpPort"",""#text"":""57504""},{""@Name"":""CertIssuerName""},{""@Name"":""CertSerialNumber""},{""@Name"":""CertThumbprint""}]}}"
89,6505,2024-05-21 03:10:20.2610090,4771,LogAlways,Microsoft-Windows-Security-Auditing,Security,748,5376,DC01.forela.local,1,,Kerberos pre-authentication failed,,::ffff:172.17.79.129:57507,Target: FORELA-WKSTN001$ (S-1-5-21-3239415629-1862073780-2394361899-1106),ServiceName: krbtgt/FORELA.LOCAL,Status: KDC_ERR_PREAUTH_FAILED - Pre-authentication information was invalid - The wrong password was provided.,PreAuthType: PA-ENC-TIMESTAMP - This type is normal for standard password authentication.,,,,False,C:\Users\turana.rashidova\Downloads\campfire-1\Triage\Domain Controller\SECURITY-DC.evtx,Audit failure,0,"{""EventData"":{""Data"":[{""@Name"":""TargetUserName"",""#text"":""FORELA-WKSTN001$""},{""@Name"":""TargetSid"",""#text"":""S-1-5-21-3239415629-1862073780-2394361899-1106""},{""@Name"":""ServiceName"",""#text"":""krbtgt/FORELA.LOCAL""},{""@Name"":""TicketOptions"",""#text"":""0x40810010""},{""@Name"":""Status"",""#text"":""0x18""},{""@Name"":""PreAuthType"",""#text"":""2""},{""@Name"":""IpAddress"",""#text"":""::ffff:172.17.79.129""},{""@Name"":""IpPort"",""#text"":""57507""},{""@Name"":""CertIssuerName""},{""@Name"":""CertSerialNumber""},{""@Name"":""CertThumbprint""}]}}"
90,6506,2024-05-21 03:10:20.2791507,4771,LogAlways,Microsoft-Windows-Security-Auditing,Security,748,5376,DC01.forela.local,1,,Kerberos pre-authentication failed,,::ffff:172.17.79.129:57509,Target: FORELA-WKSTN001$ (S-1-5-21-3239415629-1862073780-2394361899-1106),ServiceName: krbtgt/FORELA.LOCAL,Status: KDC_ERR_PREAUTH_FAILED - Pre-authentication information was invalid - The wrong password was provided.,PreAuthType: PA-ENC-TIMESTAMP - This type is normal for standard password authentication.,,,,False,C:\Users\turana.rashidova\Downloads\campfire-1\Triage\Domain Controller\SECURITY-DC.evtx,Audit failure,0,"{""EventData"":{""Data"":[{""@Name"":""TargetUserName"",""#text"":""FORELA-WKSTN001$""},{""@Name"":""TargetSid"",""#text"":""S-1-5-21-3239415629-1862073780-2394361899-1106""},{""@Name"":""ServiceName"",""#text"":""krbtgt/FORELA.LOCAL""},{""@Name"":""TicketOptions"",""#text"":""0x40810010""},{""@Name"":""Status"",""#text"":""0x18""},{""@Name"":""PreAuthType"",""#text"":""2""},{""@Name"":""IpAddress"",""#text"":""::ffff:172.17.79.129""},{""@Name"":""IpPort"",""#text"":""57509""},{""@Name"":""CertIssuerName""},{""@Name"":""CertSerialNumber""},{""@Name"":""CertThumbprint""}]}}"
91,6507,2024-05-21 03:10:20.2992314,4771,LogAlways,Microsoft-Windows-Security-Auditing,Security,748,5376,DC01.forela.local,1,,Kerberos pre-authentication failed,,::ffff:172.17.79.129:57512,Target: FORELA-WKSTN001$ (S-1-5-21-3239415629-1862073780-2394361899-1106),ServiceName: krbtgt/FORELA.LOCAL,Status: KDC_ERR_PREAUTH_FAILED - Pre-authentication information was invalid - The wrong password was provided.,PreAuthType: PA-ENC-TIMESTAMP - This type is normal for standard password authentication.,,,,False,C:\Users\turana.rashidova\Downloads\campfire-1\Triage\Domain Controller\SECURITY-DC.evtx,Audit failure,0,"{""EventData"":{""Data"":[{""@Name"":""TargetUserName"",""#text"":""FORELA-WKSTN001$""},{""@Name"":""TargetSid"",""#text"":""S-1-5-21-3239415629-1862073780-2394361899-1106""},{""@Name"":""ServiceName"",""#text"":""krbtgt/FORELA.LOCAL""},{""@Name"":""TicketOptions"",""#text"":""0x40810010""},{""@Name"":""Status"",""#text"":""0x18""},{""@Name"":""PreAuthType"",""#text"":""2""},{""@Name"":""IpAddress"",""#text"":""::ffff:172.17.79.129""},{""@Name"":""IpPort"",""#text"":""57512""},{""@Name"":""CertIssuerName""},{""@Name"":""CertSerialNumber""},{""@Name"":""CertThumbprint""}]}}"
92,6508,2024-05-21 03:10:20.3163339,4771,LogAlways,Microsoft-Windows-Security-Auditing,Security,748,5376,DC01.forela.local,1,,Kerberos pre-authentication failed,,::ffff:172.17.79.129:57514,Target: FORELA-WKSTN001$ (S-1-5-21-3239415629-1862073780-2394361899-1106),ServiceName: krbtgt/FORELA.LOCAL,Status: KDC_ERR_PREAUTH_FAILED - Pre-authentication information was invalid - The wrong password was provided.,PreAuthType: PA-ENC-TIMESTAMP - This type is normal for standard password authentication.,,,,False,C:\Users\turana.rashidova\Downloads\campfire-1\Triage\Domain Controller\SECURITY-DC.evtx,Audit failure,0,"{""EventData"":{""Data"":[{""@Name"":""TargetUserName"",""#text"":""FORELA-WKSTN001$""},{""@Name"":""TargetSid"",""#text"":""S-1-5-21-3239415629-1862073780-2394361899-1106""},{""@Name"":""ServiceName"",""#text"":""krbtgt/FORELA.LOCAL""},{""@Name"":""TicketOptions"",""#text"":""0x40810010""},{""@Name"":""Status"",""#text"":""0x18""},{""@Name"":""PreAuthType"",""#text"":""2""},{""@Name"":""IpAddress"",""#text"":""::ffff:172.17.79.129""},{""@Name"":""IpPort"",""#text"":""57514""},{""@Name"":""CertIssuerName""},{""@Name"":""CertSerialNumber""},{""@Name"":""CertThumbprint""}]}}"
93,6509,2024-05-21 03:10:20.3358377,4771,LogAlways,Microsoft-Windows-Security-Auditing,Security,748,5376,DC01.forela.local,1,,Kerberos pre-authentication failed,,::ffff:172.17.79.129:57517,Target: FORELA-WKSTN001$ (S-1-5-21-3239415629-1862073780-2394361899-1106),ServiceName: krbtgt/FORELA.LOCAL,Status: KDC_ERR_PREAUTH_FAILED - Pre-authentication information was invalid - The wrong password was provided.,PreAuthType: PA-ENC-TIMESTAMP - This type is normal for standard password authentication.,,,,False,C:\Users\turana.rashidova\Downloads\campfire-1\Triage\Domain Controller\SECURITY-DC.evtx,Audit failure,0,"{""EventData"":{""Data"":[{""@Name"":""TargetUserName"",""#text"":""FORELA-WKSTN001$""},{""@Name"":""TargetSid"",""#text"":""S-1-5-21-3239415629-1862073780-2394361899-1106""},{""@Name"":""ServiceName"",""#text"":""krbtgt/FORELA.LOCAL""},{""@Name"":""TicketOptions"",""#text"":""0x40810010""},{""@Name"":""Status"",""#text"":""0x18""},{""@Name"":""PreAuthType"",""#text"":""2""},{""@Name"":""IpAddress"",""#text"":""::ffff:172.17.79.129""},{""@Name"":""IpPort"",""#text"":""57517""},{""@Name"":""CertIssuerName""},{""@Name"":""CertSerialNumber""},{""@Name"":""CertThumbprint""}]}}"
94,6510,2024-05-21 03:10:20.3534596,4771,LogAlways,Microsoft-Windows-Security-Auditing,Security,748,5376,DC01.forela.local,1,,Kerberos pre-authentication failed,,::ffff:172.17.79.129:57519,Target: FORELA-WKSTN001$ (S-1-5-21-3239415629-1862073780-2394361899-1106),ServiceName: krbtgt/FORELA.LOCAL,Status: KDC_ERR_PREAUTH_FAILED - Pre-authentication information was invalid - The wrong password was provided.,PreAuthType: PA-ENC-TIMESTAMP - This type is normal for standard password authentication.,,,,False,C:\Users\turana.rashidova\Downloads\campfire-1\Triage\Domain Controller\SECURITY-DC.evtx,Audit failure,0,"{""EventData"":{""Data"":[{""@Name"":""TargetUserName"",""#text"":""FORELA-WKSTN001$""},{""@Name"":""TargetSid"",""#text"":""S-1-5-21-3239415629-1862073780-2394361899-1106""},{""@Name"":""ServiceName"",""#text"":""krbtgt/FORELA.LOCAL""},{""@Name"":""TicketOptions"",""#text"":""0x40810010""},{""@Name"":""Status"",""#text"":""0x18""},{""@Name"":""PreAuthType"",""#text"":""2""},{""@Name"":""IpAddress"",""#text"":""::ffff:172.17.79.129""},{""@Name"":""IpPort"",""#text"":""57519""},{""@Name"":""CertIssuerName""},{""@Name"":""CertSerialNumber""},{""@Name"":""CertThumbprint""}]}}"
95,6511,2024-05-21 03:10:20.3739883,4771,LogAlways,Microsoft-Windows-Security-Auditing,Security,748,5376,DC01.forela.local,1,,Kerberos pre-authentication failed,,::ffff:172.17.79.129:57522,Target: FORELA-WKSTN001$ (S-1-5-21-3239415629-1862073780-2394361899-1106),ServiceName: krbtgt/FORELA.LOCAL,Status: KDC_ERR_PREAUTH_FAILED - Pre-authentication information was invalid - The wrong password was provided.,PreAuthType: PA-ENC-TIMESTAMP - This type is normal for standard password authentication.,,,,False,C:\Users\turana.rashidova\Downloads\campfire-1\Triage\Domain Controller\SECURITY-DC.evtx,Audit failure,0,"{""EventData"":{""Data"":[{""@Name"":""TargetUserName"",""#text"":""FORELA-WKSTN001$""},{""@Name"":""TargetSid"",""#text"":""S-1-5-21-3239415629-1862073780-2394361899-1106""},{""@Name"":""ServiceName"",""#text"":""krbtgt/FORELA.LOCAL""},{""@Name"":""TicketOptions"",""#text"":""0x40810010""},{""@Name"":""Status"",""#text"":""0x18""},{""@Name"":""PreAuthType"",""#text"":""2""},{""@Name"":""IpAddress"",""#text"":""::ffff:172.17.79.129""},{""@Name"":""IpPort"",""#text"":""57522""},{""@Name"":""CertIssuerName""},{""@Name"":""CertSerialNumber""},{""@Name"":""CertThumbprint""}]}}"
96,6512,2024-05-21 03:10:20.3917748,4771,LogAlways,Microsoft-Windows-Security-Auditing,Security,748,5376,DC01.forela.local,1,,Kerberos pre-authentication failed,,::ffff:172.17.79.129:57524,Target: FORELA-WKSTN001$ (S-1-5-21-3239415629-1862073780-2394361899-1106),ServiceName: krbtgt/FORELA.LOCAL,Status: KDC_ERR_PREAUTH_FAILED - Pre-authentication information was invalid - The wrong password was provided.,PreAuthType: PA-ENC-TIMESTAMP - This type is normal for standard password authentication.,,,,False,C:\Users\turana.rashidova\Downloads\campfire-1\Triage\Domain Controller\SECURITY-DC.evtx,Audit failure,0,"{""EventData"":{""Data"":[{""@Name"":""TargetUserName"",""#text"":""FORELA-WKSTN001$""},{""@Name"":""TargetSid"",""#text"":""S-1-5-21-3239415629-1862073780-2394361899-1106""},{""@Name"":""ServiceName"",""#text"":""krbtgt/FORELA.LOCAL""},{""@Name"":""TicketOptions"",""#text"":""0x40810010""},{""@Name"":""Status"",""#text"":""0x18""},{""@Name"":""PreAuthType"",""#text"":""2""},{""@Name"":""IpAddress"",""#text"":""::ffff:172.17.79.129""},{""@Name"":""IpPort"",""#text"":""57524""},{""@Name"":""CertIssuerName""},{""@Name"":""CertSerialNumber""},{""@Name"":""CertThumbprint""}]}}"
97,6513,2024-05-21 03:10:20.4148447,4771,LogAlways,Microsoft-Windows-Security-Auditing,Security,748,5376,DC01.forela.local,1,,Kerberos pre-authentication failed,,::ffff:172.17.79.129:57527,Target: FORELA-WKSTN001$ (S-1-5-21-3239415629-1862073780-2394361899-1106),ServiceName: krbtgt/FORELA.LOCAL,Status: KDC_ERR_PREAUTH_FAILED - Pre-authentication information was invalid - The wrong password was provided.,PreAuthType: PA-ENC-TIMESTAMP - This type is normal for standard password authentication.,,,,False,C:\Users\turana.rashidova\Downloads\campfire-1\Triage\Domain Controller\SECURITY-DC.evtx,Audit failure,0,"{""EventData"":{""Data"":[{""@Name"":""TargetUserName"",""#text"":""FORELA-WKSTN001$""},{""@Name"":""TargetSid"",""#text"":""S-1-5-21-3239415629-1862073780-2394361899-1106""},{""@Name"":""ServiceName"",""#text"":""krbtgt/FORELA.LOCAL""},{""@Name"":""TicketOptions"",""#text"":""0x40810010""},{""@Name"":""Status"",""#text"":""0x18""},{""@Name"":""PreAuthType"",""#text"":""2""},{""@Name"":""IpAddress"",""#text"":""::ffff:172.17.79.129""},{""@Name"":""IpPort"",""#text"":""57527""},{""@Name"":""CertIssuerName""},{""@Name"":""CertSerialNumber""},{""@Name"":""CertThumbprint""}]}}"
98,6514,2024-05-21 03:10:20.4347758,4771,LogAlways,Microsoft-Windows-Security-Auditing,Security,748,5376,DC01.forela.local,1,,Kerberos pre-authentication failed,,::ffff:172.17.79.129:57529,Target: FORELA-WKSTN001$ (S-1-5-21-3239415629-1862073780-2394361899-1106),ServiceName: krbtgt/FORELA.LOCAL,Status: KDC_ERR_PREAUTH_FAILED - Pre-authentication information was invalid - The wrong password was provided.,PreAuthType: PA-ENC-TIMESTAMP - This type is normal for standard password authentication.,,,,False,C:\Users\turana.rashidova\Downloads\campfire-1\Triage\Domain Controller\SECURITY-DC.evtx,Audit failure,0,"{""EventData"":{""Data"":[{""@Name"":""TargetUserName"",""#text"":""FORELA-WKSTN001$""},{""@Name"":""TargetSid"",""#text"":""S-1-5-21-3239415629-1862073780-2394361899-1106""},{""@Name"":""ServiceName"",""#text"":""krbtgt/FORELA.LOCAL""},{""@Name"":""TicketOptions"",""#text"":""0x40810010""},{""@Name"":""Status"",""#text"":""0x18""},{""@Name"":""PreAuthType"",""#text"":""2""},{""@Name"":""IpAddress"",""#text"":""::ffff:172.17.79.129""},{""@Name"":""IpPort"",""#text"":""57529""},{""@Name"":""CertIssuerName""},{""@Name"":""CertSerialNumber""},{""@Name"":""CertThumbprint""}]}}"
99,6515,2024-05-21 03:10:20.4561720,4771,LogAlways,Microsoft-Windows-Security-Auditing,Security,748,5376,DC01.forela.local,1,,Kerberos pre-authentication failed,,::ffff:172.17.79.129:57532,Target: FORELA-WKSTN001$ (S-1-5-21-3239415629-1862073780-2394361899-1106),ServiceName: krbtgt/FORELA.LOCAL,Status: KDC_ERR_PREAUTH_FAILED - Pre-authentication information was invalid - The wrong password was provided.,PreAuthType: PA-ENC-TIMESTAMP - This type is normal for standard password authentication.,,,,False,C:\Users\turana.rashidova\Downloads\campfire-1\Triage\Domain Controller\SECURITY-DC.evtx,Audit failure,0,"{""EventData"":{""Data"":[{""@Name"":""TargetUserName"",""#text"":""FORELA-WKSTN001$""},{""@Name"":""TargetSid"",""#text"":""S-1-5-21-3239415629-1862073780-2394361899-1106""},{""@Name"":""ServiceName"",""#text"":""krbtgt/FORELA.LOCAL""},{""@Name"":""TicketOptions"",""#text"":""0x40810010""},{""@Name"":""Status"",""#text"":""0x18""},{""@Name"":""PreAuthType"",""#text"":""2""},{""@Name"":""IpAddress"",""#text"":""::ffff:172.17.79.129""},{""@Name"":""IpPort"",""#text"":""57532""},{""@Name"":""CertIssuerName""},{""@Name"":""CertSerialNumber""},{""@Name"":""CertThumbprint""}]}}"
100,6516,2024-05-21 03:10:20.4736244,4771,LogAlways,Microsoft-Windows-Security-Auditing,Security,748,5376,DC01.forela.local,1,,Kerberos pre-authentication failed,,::ffff:172.17.79.129:57534,Target: FORELA-WKSTN001$ (S-1-5-21-3239415629-1862073780-2394361899-1106),ServiceName: krbtgt/FORELA.LOCAL,Status: KDC_ERR_PREAUTH_FAILED - Pre-authentication information was invalid - The wrong password was provided.,PreAuthType: PA-ENC-TIMESTAMP - This type is normal for standard password authentication.,,,,False,C:\Users\turana.rashidova\Downloads\campfire-1\Triage\Domain Controller\SECURITY-DC.evtx,Audit failure,0,"{""EventData"":{""Data"":[{""@Name"":""TargetUserName"",""#text"":""FORELA-WKSTN001$""},{""@Name"":""TargetSid"",""#text"":""S-1-5-21-3239415629-1862073780-2394361899-1106""},{""@Name"":""ServiceName"",""#text"":""krbtgt/FORELA.LOCAL""},{""@Name"":""TicketOptions"",""#text"":""0x40810010""},{""@Name"":""Status"",""#text"":""0x18""},{""@Name"":""PreAuthType"",""#text"":""2""},{""@Name"":""IpAddress"",""#text"":""::ffff:172.17.79.129""},{""@Name"":""IpPort"",""#text"":""57534""},{""@Name"":""CertIssuerName""},{""@Name"":""CertSerialNumber""},{""@Name"":""CertThumbprint""}]}}"
101,6517,2024-05-21 03:10:20.4945674,4771,LogAlways,Microsoft-Windows-Security-Auditing,Security,748,5376,DC01.forela.local,1,,Kerberos pre-authentication failed,,::ffff:172.17.79.129:57537,Target: FORELA-WKSTN001$ (S-1-5-21-3239415629-1862073780-2394361899-1106),ServiceName: krbtgt/FORELA.LOCAL,Status: KDC_ERR_PREAUTH_FAILED - Pre-authentication information was invalid - The wrong password was provided.,PreAuthType: PA-ENC-TIMESTAMP - This type is normal for standard password authentication.,,,,False,C:\Users\turana.rashidova\Downloads\campfire-1\Triage\Domain Controller\SECURITY-DC.evtx,Audit failure,0,"{""EventData"":{""Data"":[{""@Name"":""TargetUserName"",""#text"":""FORELA-WKSTN001$""},{""@Name"":""TargetSid"",""#text"":""S-1-5-21-3239415629-1862073780-2394361899-1106""},{""@Name"":""ServiceName"",""#text"":""krbtgt/FORELA.LOCAL""},{""@Name"":""TicketOptions"",""#text"":""0x40810010""},{""@Name"":""Status"",""#text"":""0x18""},{""@Name"":""PreAuthType"",""#text"":""2""},{""@Name"":""IpAddress"",""#text"":""::ffff:172.17.79.129""},{""@Name"":""IpPort"",""#text"":""57537""},{""@Name"":""CertIssuerName""},{""@Name"":""CertSerialNumber""},{""@Name"":""CertThumbprint""}]}}"
102,6518,2024-05-21 03:10:20.5137352,4771,LogAlways,Microsoft-Windows-Security-Auditing,Security,748,5376,DC01.forela.local,1,,Kerberos pre-authentication failed,,::ffff:172.17.79.129:57539,Target: FORELA-WKSTN001$ (S-1-5-21-3239415629-1862073780-2394361899-1106),ServiceName: krbtgt/FORELA.LOCAL,Status: KDC_ERR_PREAUTH_FAILED - Pre-authentication information was invalid - The wrong password was provided.,PreAuthType: PA-ENC-TIMESTAMP - This type is normal for standard password authentication.,,,,False,C:\Users\turana.rashidova\Downloads\campfire-1\Triage\Domain Controller\SECURITY-DC.evtx,Audit failure,0,"{""EventData"":{""Data"":[{""@Name"":""TargetUserName"",""#text"":""FORELA-WKSTN001$""},{""@Name"":""TargetSid"",""#text"":""S-1-5-21-3239415629-1862073780-2394361899-1106""},{""@Name"":""ServiceName"",""#text"":""krbtgt/FORELA.LOCAL""},{""@Name"":""TicketOptions"",""#text"":""0x40810010""},{""@Name"":""Status"",""#text"":""0x18""},{""@Name"":""PreAuthType"",""#text"":""2""},{""@Name"":""IpAddress"",""#text"":""::ffff:172.17.79.129""},{""@Name"":""IpPort"",""#text"":""57539""},{""@Name"":""CertIssuerName""},{""@Name"":""CertSerialNumber""},{""@Name"":""CertThumbprint""}]}}"
103,6519,2024-05-21 03:10:20.5342186,4771,LogAlways,Microsoft-Windows-Security-Auditing,Security,748,5376,DC01.forela.local,1,,Kerberos pre-authentication failed,,::ffff:172.17.79.129:57542,Target: FORELA-WKSTN001$ (S-1-5-21-3239415629-1862073780-2394361899-1106),ServiceName: krbtgt/FORELA.LOCAL,Status: KDC_ERR_PREAUTH_FAILED - Pre-authentication information was invalid - The wrong password was provided.,PreAuthType: PA-ENC-TIMESTAMP - This type is normal for standard password authentication.,,,,False,C:\Users\turana.rashidova\Downloads\campfire-1\Triage\Domain Controller\SECURITY-DC.evtx,Audit failure,0,"{""EventData"":{""Data"":[{""@Name"":""TargetUserName"",""#text"":""FORELA-WKSTN001$""},{""@Name"":""TargetSid"",""#text"":""S-1-5-21-3239415629-1862073780-2394361899-1106""},{""@Name"":""ServiceName"",""#text"":""krbtgt/FORELA.LOCAL""},{""@Name"":""TicketOptions"",""#text"":""0x40810010""},{""@Name"":""Status"",""#text"":""0x18""},{""@Name"":""PreAuthType"",""#text"":""2""},{""@Name"":""IpAddress"",""#text"":""::ffff:172.17.79.129""},{""@Name"":""IpPort"",""#text"":""57542""},{""@Name"":""CertIssuerName""},{""@Name"":""CertSerialNumber""},{""@Name"":""CertThumbprint""}]}}"
104,6520,2024-05-21 03:10:20.5517017,4771,LogAlways,Microsoft-Windows-Security-Auditing,Security,748,5376,DC01.forela.local,1,,Kerberos pre-authentication failed,,::ffff:172.17.79.129:57544,Target: FORELA-WKSTN001$ (S-1-5-21-3239415629-1862073780-2394361899-1106),ServiceName: krbtgt/FORELA.LOCAL,Status: KDC_ERR_PREAUTH_FAILED - Pre-authentication information was invalid - The wrong password was provided.,PreAuthType: PA-ENC-TIMESTAMP - This type is normal for standard password authentication.,,,,False,C:\Users\turana.rashidova\Downloads\campfire-1\Triage\Domain Controller\SECURITY-DC.evtx,Audit failure,0,"{""EventData"":{""Data"":[{""@Name"":""TargetUserName"",""#text"":""FORELA-WKSTN001$""},{""@Name"":""TargetSid"",""#text"":""S-1-5-21-3239415629-1862073780-2394361899-1106""},{""@Name"":""ServiceName"",""#text"":""krbtgt/FORELA.LOCAL""},{""@Name"":""TicketOptions"",""#text"":""0x40810010""},{""@Name"":""Status"",""#text"":""0x18""},{""@Name"":""PreAuthType"",""#text"":""2""},{""@Name"":""IpAddress"",""#text"":""::ffff:172.17.79.129""},{""@Name"":""IpPort"",""#text"":""57544""},{""@Name"":""CertIssuerName""},{""@Name"":""CertSerialNumber""},{""@Name"":""CertThumbprint""}]}}"
105,6521,2024-05-21 03:10:20.5728335,4771,LogAlways,Microsoft-Windows-Security-Auditing,Security,748,5376,DC01.forela.local,1,,Kerberos pre-authentication failed,,::ffff:172.17.79.129:57547,Target: FORELA-WKSTN001$ (S-1-5-21-3239415629-1862073780-2394361899-1106),ServiceName: krbtgt/FORELA.LOCAL,Status: KDC_ERR_PREAUTH_FAILED - Pre-authentication information was invalid - The wrong password was provided.,PreAuthType: PA-ENC-TIMESTAMP - This type is normal for standard password authentication.,,,,False,C:\Users\turana.rashidova\Downloads\campfire-1\Triage\Domain Controller\SECURITY-DC.evtx,Audit failure,0,"{""EventData"":{""Data"":[{""@Name"":""TargetUserName"",""#text"":""FORELA-WKSTN001$""},{""@Name"":""TargetSid"",""#text"":""S-1-5-21-3239415629-1862073780-2394361899-1106""},{""@Name"":""ServiceName"",""#text"":""krbtgt/FORELA.LOCAL""},{""@Name"":""TicketOptions"",""#text"":""0x40810010""},{""@Name"":""Status"",""#text"":""0x18""},{""@Name"":""PreAuthType"",""#text"":""2""},{""@Name"":""IpAddress"",""#text"":""::ffff:172.17.79.129""},{""@Name"":""IpPort"",""#text"":""57547""},{""@Name"":""CertIssuerName""},{""@Name"":""CertSerialNumber""},{""@Name"":""CertThumbprint""}]}}"
106,6522,2024-05-21 03:10:20.5906409,4771,LogAlways,Microsoft-Windows-Security-Auditing,Security,748,5376,DC01.forela.local,1,,Kerberos pre-authentication failed,,::ffff:172.17.79.129:57549,Target: FORELA-WKSTN001$ (S-1-5-21-3239415629-1862073780-2394361899-1106),ServiceName: krbtgt/FORELA.LOCAL,Status: KDC_ERR_PREAUTH_FAILED - Pre-authentication information was invalid - The wrong password was provided.,PreAuthType: PA-ENC-TIMESTAMP - This type is normal for standard password authentication.,,,,False,C:\Users\turana.rashidova\Downloads\campfire-1\Triage\Domain Controller\SECURITY-DC.evtx,Audit failure,0,"{""EventData"":{""Data"":[{""@Name"":""TargetUserName"",""#text"":""FORELA-WKSTN001$""},{""@Name"":""TargetSid"",""#text"":""S-1-5-21-3239415629-1862073780-2394361899-1106""},{""@Name"":""ServiceName"",""#text"":""krbtgt/FORELA.LOCAL""},{""@Name"":""TicketOptions"",""#text"":""0x40810010""},{""@Name"":""Status"",""#text"":""0x18""},{""@Name"":""PreAuthType"",""#text"":""2""},{""@Name"":""IpAddress"",""#text"":""::ffff:172.17.79.129""},{""@Name"":""IpPort"",""#text"":""57549""},{""@Name"":""CertIssuerName""},{""@Name"":""CertSerialNumber""},{""@Name"":""CertThumbprint""}]}}"
