183,6599,2024-05-21 03:17:29.6261561,4771,LogAlways,Microsoft-Windows-Security-Auditing,Security,748,5376,DC01.forela.local,2,,Kerberos pre-authentication failed,,::ffff:172.17.79.129:57924,Target: FORELA-WKSTN001$ (S-1-5-21-3239415629-1862073780-2394361899-1106),ServiceName: krbtgt/FORELA.LOCAL,Status: KDC_ERR_PREAUTH_FAILED - Pre-authentication information was invalid - The wrong password was provided.,PreAuthType: PA-ENC-TIMESTAMP - This type is normal for standard password authentication.,,,,False,C:\Users\turana.rashidova\Downloads\campfire-1\Triage\Domain Controller\SECURITY-DC.evtx,Audit failure,480,"{""EventData"":{""Data"":[{""@Name"":""TargetUserName"",""#text"":""FORELA-WKSTN001$""},{""@Name"":""TargetSid"",""#text"":""S-1-5-21-3239415629-1862073780-2394361899-1106""},{""@Name"":""ServiceName"",""#text"":""krbtgt/FORELA.LOCAL""},{""@Name"":""TicketOptions"",""#text"":""0x40810010""},{""@Name"":""Status"",""#text"":""0x18""},{""@Name"":""PreAuthType"",""#text"":""2""},{""@Name"":""IpAddress"",""#text"":""::ffff:172.17.79.129""},{""@Name"":""IpPort"",""#text"":""57924""},{""@Name"":""CertIssuerName""},{""@Name"":""CertSerialNumber""},{""@Name"":""CertThumbprint""}]}}"
184,6600,2024-05-21 03:17:29.6457956,4771,LogAlways,Microsoft-Windows-Security-Auditing,Security,748,5376,DC01.forela.local,2,,Kerberos pre-authentication failed,,::ffff:172.17.79.129:57927,Target: FORELA-WKSTN001$ (S-1-5-21-3239415629-1862073780-2394361899-1106),ServiceName: krbtgt/FORELA.LOCAL,Status: KDC_ERR_PREAUTH_FAILED - Pre-authentication information was invalid - The wrong password was provided.,PreAuthType: PA-ENC-TIMESTAMP - This type is normal for standard password authentication.,,,,False,C:\Users\turana.rashidova\Downloads\campfire-1\Triage\Domain Controller\SECURITY-DC.evtx,Audit failure,0,"{""EventData"":{""Data"":[{""@Name"":""TargetUserName"",""#text"":""FORELA-WKSTN001$""},{""@Name"":""TargetSid"",""#text"":""S-1-5-21-3239415629-1862073780-2394361899-1106""},{""@Name"":""ServiceName"",""#text"":""krbtgt/FORELA.LOCAL""},{""@Name"":""TicketOptions"",""#text"":""0x40810010""},{""@Name"":""Status"",""#text"":""0x18""},{""@Name"":""PreAuthType"",""#text"":""2""},{""@Name"":""IpAddress"",""#text"":""::ffff:172.17.79.129""},{""@Name"":""IpPort"",""#text"":""57927""},{""@Name"":""CertIssuerName""},{""@Name"":""CertSerialNumber""},{""@Name"":""CertThumbprint""}]}}"
185,6601,2024-05-21 03:17:29.6621867,4771,LogAlways,Microsoft-Windows-Security-Auditing,Security,748,5376,DC01.forela.local,2,,Kerberos pre-authentication failed,,::ffff:172.17.79.129:57929,Target: FORELA-WKSTN001$ (S-1-5-21-3239415629-1862073780-2394361899-1106),ServiceName: krbtgt/FORELA.LOCAL,Status: KDC_ERR_PREAUTH_FAILED - Pre-authentication information was invalid - The wrong password was provided.,PreAuthType: PA-ENC-TIMESTAMP - This type is normal for standard password authentication.,,,,False,C:\Users\turana.rashidova\Downloads\campfire-1\Triage\Domain Controller\SECURITY-DC.evtx,Audit failure,0,"{""EventData"":{""Data"":[{""@Name"":""TargetUserName"",""#text"":""FORELA-WKSTN001$""},{""@Name"":""TargetSid"",""#text"":""S-1-5-21-3239415629-1862073780-2394361899-1106""},{""@Name"":""ServiceName"",""#text"":""krbtgt/FORELA.LOCAL""},{""@Name"":""TicketOptions"",""#text"":""0x40810010""},{""@Name"":""Status"",""#text"":""0x18""},{""@Name"":""PreAuthType"",""#text"":""2""},{""@Name"":""IpAddress"",""#text"":""::ffff:172.17.79.129""},{""@Name"":""IpPort"",""#text"":""57929""},{""@Name"":""CertIssuerName""},{""@Name"":""CertSerialNumber""},{""@Name"":""CertThumbprint""}]}}"
186,6602,2024-05-21 03:17:29.6831310,4771,LogAlways,Microsoft-Windows-Security-Auditing,Security,748,5376,DC01.forela.local,2,,Kerberos pre-authentication failed,,::ffff:172.17.79.129:57932,Target: FORELA-WKSTN001$ (S-1-5-21-3239415629-1862073780-2394361899-1106),ServiceName: krbtgt/FORELA.LOCAL,Status: KDC_ERR_PREAUTH_FAILED - Pre-authentication information was invalid - The wrong password was provided.,PreAuthType: PA-ENC-TIMESTAMP - This type is normal for standard password authentication.,,,,False,C:\Users\turana.rashidova\Downloads\campfire-1\Triage\Domain Controller\SECURITY-DC.evtx,Audit failure,0,"{""EventData"":{""Data"":[{""@Name"":""TargetUserName"",""#text"":""FORELA-WKSTN001$""},{""@Name"":""TargetSid"",""#text"":""S-1-5-21-3239415629-1862073780-2394361899-1106""},{""@Name"":""ServiceName"",""#text"":""krbtgt/FORELA.LOCAL""},{""@Name"":""TicketOptions"",""#text"":""0x40810010""},{""@Name"":""Status"",""#text"":""0x18""},{""@Name"":""PreAuthType"",""#text"":""2""},{""@Name"":""IpAddress"",""#text"":""::ffff:172.17.79.129""},{""@Name"":""IpPort"",""#text"":""57932""},{""@Name"":""CertIssuerName""},{""@Name"":""CertSerialNumber""},{""@Name"":""CertThumbprint""}]}}"
187,6603,2024-05-21 03:17:29.6995509,4771,LogAlways,Microsoft-Windows-Security-Auditing,Security,748,5376,DC01.forela.local,2,,Kerberos pre-authentication failed,,::ffff:172.17.79.129:57934,Target: FORELA-WKSTN001$ (S-1-5-21-3239415629-1862073780-2394361899-1106),ServiceName: krbtgt/FORELA.LOCAL,Status: KDC_ERR_PREAUTH_FAILED - Pre-authentication information was invalid - The wrong password was provided.,PreAuthType: PA-ENC-TIMESTAMP - This type is normal for standard password authentication.,,,,False,C:\Users\turana.rashidova\Downloads\campfire-1\Triage\Domain Controller\SECURITY-DC.evtx,Audit failure,0,"{""EventData"":{""Data"":[{""@Name"":""TargetUserName"",""#text"":""FORELA-WKSTN001$""},{""@Name"":""TargetSid"",""#text"":""S-1-5-21-3239415629-1862073780-2394361899-1106""},{""@Name"":""ServiceName"",""#text"":""krbtgt/FORELA.LOCAL""},{""@Name"":""TicketOptions"",""#text"":""0x40810010""},{""@Name"":""Status"",""#text"":""0x18""},{""@Name"":""PreAuthType"",""#text"":""2""},{""@Name"":""IpAddress"",""#text"":""::ffff:172.17.79.129""},{""@Name"":""IpPort"",""#text"":""57934""},{""@Name"":""CertIssuerName""},{""@Name"":""CertSerialNumber""},{""@Name"":""CertThumbprint""}]}}"
188,6604,2024-05-21 03:17:29.7201182,4771,LogAlways,Microsoft-Windows-Security-Auditing,Security,748,2396,DC01.forela.local,2,,Kerberos pre-authentication failed,,::ffff:172.17.79.129:57937,Target: FORELA-WKSTN001$ (S-1-5-21-3239415629-1862073780-2394361899-1106),ServiceName: krbtgt/FORELA.LOCAL,Status: KDC_ERR_PREAUTH_FAILED - Pre-authentication information was invalid - The wrong password was provided.,PreAuthType: PA-ENC-TIMESTAMP - This type is normal for standard password authentication.,,,,False,C:\Users\turana.rashidova\Downloads\campfire-1\Triage\Domain Controller\SECURITY-DC.evtx,Audit failure,0,"{""EventData"":{""Data"":[{""@Name"":""TargetUserName"",""#text"":""FORELA-WKSTN001$""},{""@Name"":""TargetSid"",""#text"":""S-1-5-21-3239415629-1862073780-2394361899-1106""},{""@Name"":""ServiceName"",""#text"":""krbtgt/FORELA.LOCAL""},{""@Name"":""TicketOptions"",""#text"":""0x40810010""},{""@Name"":""Status"",""#text"":""0x18""},{""@Name"":""PreAuthType"",""#text"":""2""},{""@Name"":""IpAddress"",""#text"":""::ffff:172.17.79.129""},{""@Name"":""IpPort"",""#text"":""57937""},{""@Name"":""CertIssuerName""},{""@Name"":""CertSerialNumber""},{""@Name"":""CertThumbprint""}]}}"
189,6605,2024-05-21 03:17:29.7366506,4771,LogAlways,Microsoft-Windows-Security-Auditing,Security,748,2396,DC01.forela.local,2,,Kerberos pre-authentication failed,,::ffff:172.17.79.129:57939,Target: FORELA-WKSTN001$ (S-1-5-21-3239415629-1862073780-2394361899-1106),ServiceName: krbtgt/FORELA.LOCAL,Status: KDC_ERR_PREAUTH_FAILED - Pre-authentication information was invalid - The wrong password was provided.,PreAuthType: PA-ENC-TIMESTAMP - This type is normal for standard password authentication.,,,,False,C:\Users\turana.rashidova\Downloads\campfire-1\Triage\Domain Controller\SECURITY-DC.evtx,Audit failure,0,"{""EventData"":{""Data"":[{""@Name"":""TargetUserName"",""#text"":""FORELA-WKSTN001$""},{""@Name"":""TargetSid"",""#text"":""S-1-5-21-3239415629-1862073780-2394361899-1106""},{""@Name"":""ServiceName"",""#text"":""krbtgt/FORELA.LOCAL""},{""@Name"":""TicketOptions"",""#text"":""0x40810010""},{""@Name"":""Status"",""#text"":""0x18""},{""@Name"":""PreAuthType"",""#text"":""2""},{""@Name"":""IpAddress"",""#text"":""::ffff:172.17.79.129""},{""@Name"":""IpPort"",""#text"":""57939""},{""@Name"":""CertIssuerName""},{""@Name"":""CertSerialNumber""},{""@Name"":""CertThumbprint""}]}}"
190,6606,2024-05-21 03:17:29.7560818,4771,LogAlways,Microsoft-Windows-Security-Auditing,Security,748,2396,DC01.forela.local,2,,Kerberos pre-authentication failed,,::ffff:172.17.79.129:57942,Target: FORELA-WKSTN001$ (S-1-5-21-3239415629-1862073780-2394361899-1106),ServiceName: krbtgt/FORELA.LOCAL,Status: KDC_ERR_PREAUTH_FAILED - Pre-authentication information was invalid - The wrong password was provided.,PreAuthType: PA-ENC-TIMESTAMP - This type is normal for standard password authentication.,,,,False,C:\Users\turana.rashidova\Downloads\campfire-1\Triage\Domain Controller\SECURITY-DC.evtx,Audit failure,0,"{""EventData"":{""Data"":[{""@Name"":""TargetUserName"",""#text"":""FORELA-WKSTN001$""},{""@Name"":""TargetSid"",""#text"":""S-1-5-21-3239415629-1862073780-2394361899-1106""},{""@Name"":""ServiceName"",""#text"":""krbtgt/FORELA.LOCAL""},{""@Name"":""TicketOptions"",""#text"":""0x40810010""},{""@Name"":""Status"",""#text"":""0x18""},{""@Name"":""PreAuthType"",""#text"":""2""},{""@Name"":""IpAddress"",""#text"":""::ffff:172.17.79.129""},{""@Name"":""IpPort"",""#text"":""57942""},{""@Name"":""CertIssuerName""},{""@Name"":""CertSerialNumber""},{""@Name"":""CertThumbprint""}]}}"
191,6607,2024-05-21 03:17:29.7724696,4771,LogAlways,Microsoft-Windows-Security-Auditing,Security,748,2396,DC01.forela.local,2,,Kerberos pre-authentication failed,,::ffff:172.17.79.129:57944,Target: FORELA-WKSTN001$ (S-1-5-21-3239415629-1862073780-2394361899-1106),ServiceName: krbtgt/FORELA.LOCAL,Status: KDC_ERR_PREAUTH_FAILED - Pre-authentication information was invalid - The wrong password was provided.,PreAuthType: PA-ENC-TIMESTAMP - This type is normal for standard password authentication.,,,,False,C:\Users\turana.rashidova\Downloads\campfire-1\Triage\Domain Controller\SECURITY-DC.evtx,Audit failure,0,"{""EventData"":{""Data"":[{""@Name"":""TargetUserName"",""#text"":""FORELA-WKSTN001$""},{""@Name"":""TargetSid"",""#text"":""S-1-5-21-3239415629-1862073780-2394361899-1106""},{""@Name"":""ServiceName"",""#text"":""krbtgt/FORELA.LOCAL""},{""@Name"":""TicketOptions"",""#text"":""0x40810010""},{""@Name"":""Status"",""#text"":""0x18""},{""@Name"":""PreAuthType"",""#text"":""2""},{""@Name"":""IpAddress"",""#text"":""::ffff:172.17.79.129""},{""@Name"":""IpPort"",""#text"":""57944""},{""@Name"":""CertIssuerName""},{""@Name"":""CertSerialNumber""},{""@Name"":""CertThumbprint""}]}}"
192,6608,2024-05-21 03:17:29.7929574,4771,LogAlways,Microsoft-Windows-Security-Auditing,Security,748,2396,DC01.forela.local,2,,Kerberos pre-authentication failed,,::ffff:172.17.79.129:57947,Target: FORELA-WKSTN001$ (S-1-5-21-3239415629-1862073780-2394361899-1106),ServiceName: krbtgt/FORELA.LOCAL,Status: KDC_ERR_PREAUTH_FAILED - Pre-authentication information was invalid - The wrong password was provided.,PreAuthType: PA-ENC-TIMESTAMP - This type is normal for standard password authentication.,,,,False,C:\Users\turana.rashidova\Downloads\campfire-1\Triage\Domain Controller\SECURITY-DC.evtx,Audit failure,0,"{""EventData"":{""Data"":[{""@Name"":""TargetUserName"",""#text"":""FORELA-WKSTN001$""},{""@Name"":""TargetSid"",""#text"":""S-1-5-21-3239415629-1862073780-2394361899-1106""},{""@Name"":""ServiceName"",""#text"":""krbtgt/FORELA.LOCAL""},{""@Name"":""TicketOptions"",""#text"":""0x40810010""},{""@Name"":""Status"",""#text"":""0x18""},{""@Name"":""PreAuthType"",""#text"":""2""},{""@Name"":""IpAddress"",""#text"":""::ffff:172.17.79.129""},{""@Name"":""IpPort"",""#text"":""57947""},{""@Name"":""CertIssuerName""},{""@Name"":""CertSerialNumber""},{""@Name"":""CertThumbprint""}]}}"
193,6609,2024-05-21 03:17:29.8098851,4771,LogAlways,Microsoft-Windows-Security-Auditing,Security,748,2396,DC01.forela.local,2,,Kerberos pre-authentication failed,,::ffff:172.17.79.129:57949,Target: FORELA-WKSTN001$ (S-1-5-21-3239415629-1862073780-2394361899-1106),ServiceName: krbtgt/FORELA.LOCAL,Status: KDC_ERR_PREAUTH_FAILED - Pre-authentication information was invalid - The wrong password was provided.,PreAuthType: PA-ENC-TIMESTAMP - This type is normal for standard password authentication.,,,,False,C:\Users\turana.rashidova\Downloads\campfire-1\Triage\Domain Controller\SECURITY-DC.evtx,Audit failure,0,"{""EventData"":{""Data"":[{""@Name"":""TargetUserName"",""#text"":""FORELA-WKSTN001$""},{""@Name"":""TargetSid"",""#text"":""S-1-5-21-3239415629-1862073780-2394361899-1106""},{""@Name"":""ServiceName"",""#text"":""krbtgt/FORELA.LOCAL""},{""@Name"":""TicketOptions"",""#text"":""0x40810010""},{""@Name"":""Status"",""#text"":""0x18""},{""@Name"":""PreAuthType"",""#text"":""2""},{""@Name"":""IpAddress"",""#text"":""::ffff:172.17.79.129""},{""@Name"":""IpPort"",""#text"":""57949""},{""@Name"":""CertIssuerName""},{""@Name"":""CertSerialNumber""},{""@Name"":""CertThumbprint""}]}}"
194,6610,2024-05-21 03:17:29.8295217,4771,LogAlways,Microsoft-Windows-Security-Auditing,Security,748,2396,DC01.forela.local,2,,Kerberos pre-authentication failed,,::ffff:172.17.79.129:57952,Target: FORELA-WKSTN001$ (S-1-5-21-3239415629-1862073780-2394361899-1106),ServiceName: krbtgt/FORELA.LOCAL,Status: KDC_ERR_PREAUTH_FAILED - Pre-authentication information was invalid - The wrong password was provided.,PreAuthType: PA-ENC-TIMESTAMP - This type is normal for standard password authentication.,,,,False,C:\Users\turana.rashidova\Downloads\campfire-1\Triage\Domain Controller\SECURITY-DC.evtx,Audit failure,0,"{""EventData"":{""Data"":[{""@Name"":""TargetUserName"",""#text"":""FORELA-WKSTN001$""},{""@Name"":""TargetSid"",""#text"":""S-1-5-21-3239415629-1862073780-2394361899-1106""},{""@Name"":""ServiceName"",""#text"":""krbtgt/FORELA.LOCAL""},{""@Name"":""TicketOptions"",""#text"":""0x40810010""},{""@Name"":""Status"",""#text"":""0x18""},{""@Name"":""PreAuthType"",""#text"":""2""},{""@Name"":""IpAddress"",""#text"":""::ffff:172.17.79.129""},{""@Name"":""IpPort"",""#text"":""57952""},{""@Name"":""CertIssuerName""},{""@Name"":""CertSerialNumber""},{""@Name"":""CertThumbprint""}]}}"
195,6611,2024-05-21 03:17:29.8460618,4771,LogAlways,Microsoft-Windows-Security-Auditing,Security,748,2396,DC01.forela.local,2,,Kerberos pre-authentication failed,,::ffff:172.17.79.129:57954,Target: FORELA-WKSTN001$ (S-1-5-21-3239415629-1862073780-2394361899-1106),ServiceName: krbtgt/FORELA.LOCAL,Status: KDC_ERR_PREAUTH_FAILED - Pre-authentication information was invalid - The wrong password was provided.,PreAuthType: PA-ENC-TIMESTAMP - This type is normal for standard password authentication.,,,,False,C:\Users\turana.rashidova\Downloads\campfire-1\Triage\Domain Controller\SECURITY-DC.evtx,Audit failure,0,"{""EventData"":{""Data"":[{""@Name"":""TargetUserName"",""#text"":""FORELA-WKSTN001$""},{""@Name"":""TargetSid"",""#text"":""S-1-5-21-3239415629-1862073780-2394361899-1106""},{""@Name"":""ServiceName"",""#text"":""krbtgt/FORELA.LOCAL""},{""@Name"":""TicketOptions"",""#text"":""0x40810010""},{""@Name"":""Status"",""#text"":""0x18""},{""@Name"":""PreAuthType"",""#text"":""2""},{""@Name"":""IpAddress"",""#text"":""::ffff:172.17.79.129""},{""@Name"":""IpPort"",""#text"":""57954""},{""@Name"":""CertIssuerName""},{""@Name"":""CertSerialNumber""},{""@Name"":""CertThumbprint""}]}}"
196,6612,2024-05-21 03:17:29.8654223,4771,LogAlways,Microsoft-Windows-Security-Auditing,Security,748,2396,DC01.forela.local,2,,Kerberos pre-authentication failed,,::ffff:172.17.79.129:57957,Target: FORELA-WKSTN001$ (S-1-5-21-3239415629-1862073780-2394361899-1106),ServiceName: krbtgt/FORELA.LOCAL,Status: KDC_ERR_PREAUTH_FAILED - Pre-authentication information was invalid - The wrong password was provided.,PreAuthType: PA-ENC-TIMESTAMP - This type is normal for standard password authentication.,,,,False,C:\Users\turana.rashidova\Downloads\campfire-1\Triage\Domain Controller\SECURITY-DC.evtx,Audit failure,0,"{""EventData"":{""Data"":[{""@Name"":""TargetUserName"",""#text"":""FORELA-WKSTN001$""},{""@Name"":""TargetSid"",""#text"":""S-1-5-21-3239415629-1862073780-2394361899-1106""},{""@Name"":""ServiceName"",""#text"":""krbtgt/FORELA.LOCAL""},{""@Name"":""TicketOptions"",""#text"":""0x40810010""},{""@Name"":""Status"",""#text"":""0x18""},{""@Name"":""PreAuthType"",""#text"":""2""},{""@Name"":""IpAddress"",""#text"":""::ffff:172.17.79.129""},{""@Name"":""IpPort"",""#text"":""57957""},{""@Name"":""CertIssuerName""},{""@Name"":""CertSerialNumber""},{""@Name"":""CertThumbprint""}]}}"
197,6613,2024-05-21 03:17:29.8824162,4771,LogAlways,Microsoft-Windows-Security-Auditing,Security,748,2396,DC01.forela.local,2,,Kerberos pre-authentication failed,,::ffff:172.17.79.129:57959,Target: FORELA-WKSTN001$ (S-1-5-21-3239415629-1862073780-2394361899-1106),ServiceName: krbtgt/FORELA.LOCAL,Status: KDC_ERR_PREAUTH_FAILED - Pre-authentication information was invalid - The wrong password was provided.,PreAuthType: PA-ENC-TIMESTAMP - This type is normal for standard password authentication.,,,,False,C:\Users\turana.rashidova\Downloads\campfire-1\Triage\Domain Controller\SECURITY-DC.evtx,Audit failure,0,"{""EventData"":{""Data"":[{""@Name"":""TargetUserName"",""#text"":""FORELA-WKSTN001$""},{""@Name"":""TargetSid"",""#text"":""S-1-5-21-3239415629-1862073780-2394361899-1106""},{""@Name"":""ServiceName"",""#text"":""krbtgt/FORELA.LOCAL""},{""@Name"":""TicketOptions"",""#text"":""0x40810010""},{""@Name"":""Status"",""#text"":""0x18""},{""@Name"":""PreAuthType"",""#text"":""2""},{""@Name"":""IpAddress"",""#text"":""::ffff:172.17.79.129""},{""@Name"":""IpPort"",""#text"":""57959""},{""@Name"":""CertIssuerName""},{""@Name"":""CertSerialNumber""},{""@Name"":""CertThumbprint""}]}}"
198,6614,2024-05-21 03:17:29.9025443,4771,LogAlways,Microsoft-Windows-Security-Auditing,Security,748,2396,DC01.forela.local,2,,Kerberos pre-authentication failed,,::ffff:172.17.79.129:57962,Target: FORELA-WKSTN001$ (S-1-5-21-3239415629-1862073780-2394361899-1106),ServiceName: krbtgt/FORELA.LOCAL,Status: KDC_ERR_PREAUTH_FAILED - Pre-authentication information was invalid - The wrong password was provided.,PreAuthType: PA-ENC-TIMESTAMP - This type is normal for standard password authentication.,,,,False,C:\Users\turana.rashidova\Downloads\campfire-1\Triage\Domain Controller\SECURITY-DC.evtx,Audit failure,0,"{""EventData"":{""Data"":[{""@Name"":""TargetUserName"",""#text"":""FORELA-WKSTN001$""},{""@Name"":""TargetSid"",""#text"":""S-1-5-21-3239415629-1862073780-2394361899-1106""},{""@Name"":""ServiceName"",""#text"":""krbtgt/FORELA.LOCAL""},{""@Name"":""TicketOptions"",""#text"":""0x40810010""},{""@Name"":""Status"",""#text"":""0x18""},{""@Name"":""PreAuthType"",""#text"":""2""},{""@Name"":""IpAddress"",""#text"":""::ffff:172.17.79.129""},{""@Name"":""IpPort"",""#text"":""57962""},{""@Name"":""CertIssuerName""},{""@Name"":""CertSerialNumber""},{""@Name"":""CertThumbprint""}]}}"
199,6615,2024-05-21 03:17:29.9198830,4771,LogAlways,Microsoft-Windows-Security-Auditing,Security,748,2396,DC01.forela.local,2,,Kerberos pre-authentication failed,,::ffff:172.17.79.129:57964,Target: FORELA-WKSTN001$ (S-1-5-21-3239415629-1862073780-2394361899-1106),ServiceName: krbtgt/FORELA.LOCAL,Status: KDC_ERR_PREAUTH_FAILED - Pre-authentication information was invalid - The wrong password was provided.,PreAuthType: PA-ENC-TIMESTAMP - This type is normal for standard password authentication.,,,,False,C:\Users\turana.rashidova\Downloads\campfire-1\Triage\Domain Controller\SECURITY-DC.evtx,Audit failure,0,"{""EventData"":{""Data"":[{""@Name"":""TargetUserName"",""#text"":""FORELA-WKSTN001$""},{""@Name"":""TargetSid"",""#text"":""S-1-5-21-3239415629-1862073780-2394361899-1106""},{""@Name"":""ServiceName"",""#text"":""krbtgt/FORELA.LOCAL""},{""@Name"":""TicketOptions"",""#text"":""0x40810010""},{""@Name"":""Status"",""#text"":""0x18""},{""@Name"":""PreAuthType"",""#text"":""2""},{""@Name"":""IpAddress"",""#text"":""::ffff:172.17.79.129""},{""@Name"":""IpPort"",""#text"":""57964""},{""@Name"":""CertIssuerName""},{""@Name"":""CertSerialNumber""},{""@Name"":""CertThumbprint""}]}}"
200,6616,2024-05-21 03:17:29.9397391,4771,LogAlways,Microsoft-Windows-Security-Auditing,Security,748,2396,DC01.forela.local,2,,Kerberos pre-authentication failed,,::ffff:172.17.79.129:57967,Target: FORELA-WKSTN001$ (S-1-5-21-3239415629-1862073780-2394361899-1106),ServiceName: krbtgt/FORELA.LOCAL,Status: KDC_ERR_PREAUTH_FAILED - Pre-authentication information was invalid - The wrong password was provided.,PreAuthType: PA-ENC-TIMESTAMP - This type is normal for standard password authentication.,,,,False,C:\Users\turana.rashidova\Downloads\campfire-1\Triage\Domain Controller\SECURITY-DC.evtx,Audit failure,0,"{""EventData"":{""Data"":[{""@Name"":""TargetUserName"",""#text"":""FORELA-WKSTN001$""},{""@Name"":""TargetSid"",""#text"":""S-1-5-21-3239415629-1862073780-2394361899-1106""},{""@Name"":""ServiceName"",""#text"":""krbtgt/FORELA.LOCAL""},{""@Name"":""TicketOptions"",""#text"":""0x40810010""},{""@Name"":""Status"",""#text"":""0x18""},{""@Name"":""PreAuthType"",""#text"":""2""},{""@Name"":""IpAddress"",""#text"":""::ffff:172.17.79.129""},{""@Name"":""IpPort"",""#text"":""57967""},{""@Name"":""CertIssuerName""},{""@Name"":""CertSerialNumber""},{""@Name"":""CertThumbprint""}]}}"
201,6617,2024-05-21 03:17:29.9562148,4771,LogAlways,Microsoft-Windows-Security-Auditing,Security,748,2396,DC01.forela.local,2,,Kerberos pre-authentication failed,,::ffff:172.17.79.129:57969,Target: FORELA-WKSTN001$ (S-1-5-21-3239415629-1862073780-2394361899-1106),ServiceName: krbtgt/FORELA.LOCAL,Status: KDC_ERR_PREAUTH_FAILED - Pre-authentication information was invalid - The wrong password was provided.,PreAuthType: PA-ENC-TIMESTAMP - This type is normal for standard password authentication.,,,,False,C:\Users\turana.rashidova\Downloads\campfire-1\Triage\Domain Controller\SECURITY-DC.evtx,Audit failure,0,"{""EventData"":{""Data"":[{""@Name"":""TargetUserName"",""#text"":""FORELA-WKSTN001$""},{""@Name"":""TargetSid"",""#text"":""S-1-5-21-3239415629-1862073780-2394361899-1106""},{""@Name"":""ServiceName"",""#text"":""krbtgt/FORELA.LOCAL""},{""@Name"":""TicketOptions"",""#text"":""0x40810010""},{""@Name"":""Status"",""#text"":""0x18""},{""@Name"":""PreAuthType"",""#text"":""2""},{""@Name"":""IpAddress"",""#text"":""::ffff:172.17.79.129""},{""@Name"":""IpPort"",""#text"":""57969""},{""@Name"":""CertIssuerName""},{""@Name"":""CertSerialNumber""},{""@Name"":""CertThumbprint""}]}}"
202,6618,2024-05-21 03:17:29.9778917,4771,LogAlways,Microsoft-Windows-Security-Auditing,Security,748,2396,DC01.forela.local,2,,Kerberos pre-authentication failed,,::ffff:172.17.79.129:57972,Target: FORELA-WKSTN001$ (S-1-5-21-3239415629-1862073780-2394361899-1106),ServiceName: krbtgt/FORELA.LOCAL,Status: KDC_ERR_PREAUTH_FAILED - Pre-authentication information was invalid - The wrong password was provided.,PreAuthType: PA-ENC-TIMESTAMP - This type is normal for standard password authentication.,,,,False,C:\Users\turana.rashidova\Downloads\campfire-1\Triage\Domain Controller\SECURITY-DC.evtx,Audit failure,0,"{""EventData"":{""Data"":[{""@Name"":""TargetUserName"",""#text"":""FORELA-WKSTN001$""},{""@Name"":""TargetSid"",""#text"":""S-1-5-21-3239415629-1862073780-2394361899-1106""},{""@Name"":""ServiceName"",""#text"":""krbtgt/FORELA.LOCAL""},{""@Name"":""TicketOptions"",""#text"":""0x40810010""},{""@Name"":""Status"",""#text"":""0x18""},{""@Name"":""PreAuthType"",""#text"":""2""},{""@Name"":""IpAddress"",""#text"":""::ffff:172.17.79.129""},{""@Name"":""IpPort"",""#text"":""57972""},{""@Name"":""CertIssuerName""},{""@Name"":""CertSerialNumber""},{""@Name"":""CertThumbprint""}]}}"
203,6619,2024-05-21 03:17:29.9946882,4771,LogAlways,Microsoft-Windows-Security-Auditing,Security,748,2396,DC01.forela.local,2,,Kerberos pre-authentication failed,,::ffff:172.17.79.129:57974,Target: FORELA-WKSTN001$ (S-1-5-21-3239415629-1862073780-2394361899-1106),ServiceName: krbtgt/FORELA.LOCAL,Status: KDC_ERR_PREAUTH_FAILED - Pre-authentication information was invalid - The wrong password was provided.,PreAuthType: PA-ENC-TIMESTAMP - This type is normal for standard password authentication.,,,,False,C:\Users\turana.rashidova\Downloads\campfire-1\Triage\Domain Controller\SECURITY-DC.evtx,Audit failure,0,"{""EventData"":{""Data"":[{""@Name"":""TargetUserName"",""#text"":""FORELA-WKSTN001$""},{""@Name"":""TargetSid"",""#text"":""S-1-5-21-3239415629-1862073780-2394361899-1106""},{""@Name"":""ServiceName"",""#text"":""krbtgt/FORELA.LOCAL""},{""@Name"":""TicketOptions"",""#text"":""0x40810010""},{""@Name"":""Status"",""#text"":""0x18""},{""@Name"":""PreAuthType"",""#text"":""2""},{""@Name"":""IpAddress"",""#text"":""::ffff:172.17.79.129""},{""@Name"":""IpPort"",""#text"":""57974""},{""@Name"":""CertIssuerName""},{""@Name"":""CertSerialNumber""},{""@Name"":""CertThumbprint""}]}}"
204,6620,2024-05-21 03:17:30.0142468,4771,LogAlways,Microsoft-Windows-Security-Auditing,Security,748,2396,DC01.forela.local,2,,Kerberos pre-authentication failed,,::ffff:172.17.79.129:57977,Target: FORELA-WKSTN001$ (S-1-5-21-3239415629-1862073780-2394361899-1106),ServiceName: krbtgt/FORELA.LOCAL,Status: KDC_ERR_PREAUTH_FAILED - Pre-authentication information was invalid - The wrong password was provided.,PreAuthType: PA-ENC-TIMESTAMP - This type is normal for standard password authentication.,,,,False,C:\Users\turana.rashidova\Downloads\campfire-1\Triage\Domain Controller\SECURITY-DC.evtx,Audit failure,0,"{""EventData"":{""Data"":[{""@Name"":""TargetUserName"",""#text"":""FORELA-WKSTN001$""},{""@Name"":""TargetSid"",""#text"":""S-1-5-21-3239415629-1862073780-2394361899-1106""},{""@Name"":""ServiceName"",""#text"":""krbtgt/FORELA.LOCAL""},{""@Name"":""TicketOptions"",""#text"":""0x40810010""},{""@Name"":""Status"",""#text"":""0x18""},{""@Name"":""PreAuthType"",""#text"":""2""},{""@Name"":""IpAddress"",""#text"":""::ffff:172.17.79.129""},{""@Name"":""IpPort"",""#text"":""57977""},{""@Name"":""CertIssuerName""},{""@Name"":""CertSerialNumber""},{""@Name"":""CertThumbprint""}]}}"
205,6621,2024-05-21 03:17:30.0311703,4771,LogAlways,Microsoft-Windows-Security-Auditing,Security,748,2396,DC01.forela.local,2,,Kerberos pre-authentication failed,,::ffff:172.17.79.129:57979,Target: FORELA-WKSTN001$ (S-1-5-21-3239415629-1862073780-2394361899-1106),ServiceName: krbtgt/FORELA.LOCAL,Status: KDC_ERR_PREAUTH_FAILED - Pre-authentication information was invalid - The wrong password was provided.,PreAuthType: PA-ENC-TIMESTAMP - This type is normal for standard password authentication.,,,,False,C:\Users\turana.rashidova\Downloads\campfire-1\Triage\Domain Controller\SECURITY-DC.evtx,Audit failure,0,"{""EventData"":{""Data"":[{""@Name"":""TargetUserName"",""#text"":""FORELA-WKSTN001$""},{""@Name"":""TargetSid"",""#text"":""S-1-5-21-3239415629-1862073780-2394361899-1106""},{""@Name"":""ServiceName"",""#text"":""krbtgt/FORELA.LOCAL""},{""@Name"":""TicketOptions"",""#text"":""0x40810010""},{""@Name"":""Status"",""#text"":""0x18""},{""@Name"":""PreAuthType"",""#text"":""2""},{""@Name"":""IpAddress"",""#text"":""::ffff:172.17.79.129""},{""@Name"":""IpPort"",""#text"":""57979""},{""@Name"":""CertIssuerName""},{""@Name"":""CertSerialNumber""},{""@Name"":""CertThumbprint""}]}}"
206,6622,2024-05-21 03:17:30.0510800,4771,LogAlways,Microsoft-Windows-Security-Auditing,Security,748,2396,DC01.forela.local,2,,Kerberos pre-authentication failed,,::ffff:172.17.79.129:57982,Target: FORELA-WKSTN001$ (S-1-5-21-3239415629-1862073780-2394361899-1106),ServiceName: krbtgt/FORELA.LOCAL,Status: KDC_ERR_PREAUTH_FAILED - Pre-authentication information was invalid - The wrong password was provided.,PreAuthType: PA-ENC-TIMESTAMP - This type is normal for standard password authentication.,,,,False,C:\Users\turana.rashidova\Downloads\campfire-1\Triage\Domain Controller\SECURITY-DC.evtx,Audit failure,0,"{""EventData"":{""Data"":[{""@Name"":""TargetUserName"",""#text"":""FORELA-WKSTN001$""},{""@Name"":""TargetSid"",""#text"":""S-1-5-21-3239415629-1862073780-2394361899-1106""},{""@Name"":""ServiceName"",""#text"":""krbtgt/FORELA.LOCAL""},{""@Name"":""TicketOptions"",""#text"":""0x40810010""},{""@Name"":""Status"",""#text"":""0x18""},{""@Name"":""PreAuthType"",""#text"":""2""},{""@Name"":""IpAddress"",""#text"":""::ffff:172.17.79.129""},{""@Name"":""IpPort"",""#text"":""57982""},{""@Name"":""CertIssuerName""},{""@Name"":""CertSerialNumber""},{""@Name"":""CertThumbprint""}]}}"
207,6623,2024-05-21 03:17:30.0675958,4771,LogAlways,Microsoft-Windows-Security-Auditing,Security,748,2396,DC01.forela.local,2,,Kerberos pre-authentication failed,,::ffff:172.17.79.129:57984,Target: FORELA-WKSTN001$ (S-1-5-21-3239415629-1862073780-2394361899-1106),ServiceName: krbtgt/FORELA.LOCAL,Status: KDC_ERR_PREAUTH_FAILED - Pre-authentication information was invalid - The wrong password was provided.,PreAuthType: PA-ENC-TIMESTAMP - This type is normal for standard password authentication.,,,,False,C:\Users\turana.rashidova\Downloads\campfire-1\Triage\Domain Controller\SECURITY-DC.evtx,Audit failure,0,"{""EventData"":{""Data"":[{""@Name"":""TargetUserName"",""#text"":""FORELA-WKSTN001$""},{""@Name"":""TargetSid"",""#text"":""S-1-5-21-3239415629-1862073780-2394361899-1106""},{""@Name"":""ServiceName"",""#text"":""krbtgt/FORELA.LOCAL""},{""@Name"":""TicketOptions"",""#text"":""0x40810010""},{""@Name"":""Status"",""#text"":""0x18""},{""@Name"":""PreAuthType"",""#text"":""2""},{""@Name"":""IpAddress"",""#text"":""::ffff:172.17.79.129""},{""@Name"":""IpPort"",""#text"":""57984""},{""@Name"":""CertIssuerName""},{""@Name"":""CertSerialNumber""},{""@Name"":""CertThumbprint""}]}}"
208,6624,2024-05-21 03:17:30.0871993,4771,LogAlways,Microsoft-Windows-Security-Auditing,Security,748,2396,DC01.forela.local,2,,Kerberos pre-authentication failed,,::ffff:172.17.79.129:57987,Target: FORELA-WKSTN001$ (S-1-5-21-3239415629-1862073780-2394361899-1106),ServiceName: krbtgt/FORELA.LOCAL,Status: KDC_ERR_PREAUTH_FAILED - Pre-authentication information was invalid - The wrong password was provided.,PreAuthType: PA-ENC-TIMESTAMP - This type is normal for standard password authentication.,,,,False,C:\Users\turana.rashidova\Downloads\campfire-1\Triage\Domain Controller\SECURITY-DC.evtx,Audit failure,0,"{""EventData"":{""Data"":[{""@Name"":""TargetUserName"",""#text"":""FORELA-WKSTN001$""},{""@Name"":""TargetSid"",""#text"":""S-1-5-21-3239415629-1862073780-2394361899-1106""},{""@Name"":""ServiceName"",""#text"":""krbtgt/FORELA.LOCAL""},{""@Name"":""TicketOptions"",""#text"":""0x40810010""},{""@Name"":""Status"",""#text"":""0x18""},{""@Name"":""PreAuthType"",""#text"":""2""},{""@Name"":""IpAddress"",""#text"":""::ffff:172.17.79.129""},{""@Name"":""IpPort"",""#text"":""57987""},{""@Name"":""CertIssuerName""},{""@Name"":""CertSerialNumber""},{""@Name"":""CertThumbprint""}]}}"
209,6625,2024-05-21 03:17:30.1037772,4771,LogAlways,Microsoft-Windows-Security-Auditing,Security,748,2396,DC01.forela.local,2,,Kerberos pre-authentication failed,,::ffff:172.17.79.129:57989,Target: FORELA-WKSTN001$ (S-1-5-21-3239415629-1862073780-2394361899-1106),ServiceName: krbtgt/FORELA.LOCAL,Status: KDC_ERR_PREAUTH_FAILED - Pre-authentication information was invalid - The wrong password was provided.,PreAuthType: PA-ENC-TIMESTAMP - This type is normal for standard password authentication.,,,,False,C:\Users\turana.rashidova\Downloads\campfire-1\Triage\Domain Controller\SECURITY-DC.evtx,Audit failure,0,"{""EventData"":{""Data"":[{""@Name"":""TargetUserName"",""#text"":""FORELA-WKSTN001$""},{""@Name"":""TargetSid"",""#text"":""S-1-5-21-3239415629-1862073780-2394361899-1106""},{""@Name"":""ServiceName"",""#text"":""krbtgt/FORELA.LOCAL""},{""@Name"":""TicketOptions"",""#text"":""0x40810010""},{""@Name"":""Status"",""#text"":""0x18""},{""@Name"":""PreAuthType"",""#text"":""2""},{""@Name"":""IpAddress"",""#text"":""::ffff:172.17.79.129""},{""@Name"":""IpPort"",""#text"":""57989""},{""@Name"":""CertIssuerName""},{""@Name"":""CertSerialNumber""},{""@Name"":""CertThumbprint""}]}}"
210,6626,2024-05-21 03:17:30.1231432,4771,LogAlways,Microsoft-Windows-Security-Auditing,Security,748,2396,DC01.forela.local,2,,Kerberos pre-authentication failed,,::ffff:172.17.79.129:57992,Target: FORELA-WKSTN001$ (S-1-5-21-3239415629-1862073780-2394361899-1106),ServiceName: krbtgt/FORELA.LOCAL,Status: KDC_ERR_PREAUTH_FAILED - Pre-authentication information was invalid - The wrong password was provided.,PreAuthType: PA-ENC-TIMESTAMP - This type is normal for standard password authentication.,,,,False,C:\Users\turana.rashidova\Downloads\campfire-1\Triage\Domain Controller\SECURITY-DC.evtx,Audit failure,0,"{""EventData"":{""Data"":[{""@Name"":""TargetUserName"",""#text"":""FORELA-WKSTN001$""},{""@Name"":""TargetSid"",""#text"":""S-1-5-21-3239415629-1862073780-2394361899-1106""},{""@Name"":""ServiceName"",""#text"":""krbtgt/FORELA.LOCAL""},{""@Name"":""TicketOptions"",""#text"":""0x40810010""},{""@Name"":""Status"",""#text"":""0x18""},{""@Name"":""PreAuthType"",""#text"":""2""},{""@Name"":""IpAddress"",""#text"":""::ffff:172.17.79.129""},{""@Name"":""IpPort"",""#text"":""57992""},{""@Name"":""CertIssuerName""},{""@Name"":""CertSerialNumber""},{""@Name"":""CertThumbprint""}]}}"
211,6627,2024-05-21 03:17:30.1397213,4771,LogAlways,Microsoft-Windows-Security-Auditing,Security,748,2396,DC01.forela.local,3,,Kerberos pre-authentication failed,,::ffff:172.17.79.129:57994,Target: FORELA-WKSTN001$ (S-1-5-21-3239415629-1862073780-2394361899-1106),ServiceName: krbtgt/FORELA.LOCAL,Status: KDC_ERR_PREAUTH_FAILED - Pre-authentication information was invalid - The wrong password was provided.,PreAuthType: PA-ENC-TIMESTAMP - This type is normal for standard password authentication.,,,,False,C:\Users\turana.rashidova\Downloads\campfire-1\Triage\Domain Controller\SECURITY-DC.evtx,Audit failure,0,"{""EventData"":{""Data"":[{""@Name"":""TargetUserName"",""#text"":""FORELA-WKSTN001$""},{""@Name"":""TargetSid"",""#text"":""S-1-5-21-3239415629-1862073780-2394361899-1106""},{""@Name"":""ServiceName"",""#text"":""krbtgt/FORELA.LOCAL""},{""@Name"":""TicketOptions"",""#text"":""0x40810010""},{""@Name"":""Status"",""#text"":""0x18""},{""@Name"":""PreAuthType"",""#text"":""2""},{""@Name"":""IpAddress"",""#text"":""::ffff:172.17.79.129""},{""@Name"":""IpPort"",""#text"":""57994""},{""@Name"":""CertIssuerName""},{""@Name"":""CertSerialNumber""},{""@Name"":""CertThumbprint""}]}}"
212,6628,2024-05-21 03:17:30.1595502,4771,LogAlways,Microsoft-Windows-Security-Auditing,Security,748,2396,DC01.forela.local,3,,Kerberos pre-authentication failed,,::ffff:172.17.79.129:57997,Target: FORELA-WKSTN001$ (S-1-5-21-3239415629-1862073780-2394361899-1106),ServiceName: krbtgt/FORELA.LOCAL,Status: KDC_ERR_PREAUTH_FAILED - Pre-authentication information was invalid - The wrong password was provided.,PreAuthType: PA-ENC-TIMESTAMP - This type is normal for standard password authentication.,,,,False,C:\Users\turana.rashidova\Downloads\campfire-1\Triage\Domain Controller\SECURITY-DC.evtx,Audit failure,0,"{""EventData"":{""Data"":[{""@Name"":""TargetUserName"",""#text"":""FORELA-WKSTN001$""},{""@Name"":""TargetSid"",""#text"":""S-1-5-21-3239415629-1862073780-2394361899-1106""},{""@Name"":""ServiceName"",""#text"":""krbtgt/FORELA.LOCAL""},{""@Name"":""TicketOptions"",""#text"":""0x40810010""},{""@Name"":""Status"",""#text"":""0x18""},{""@Name"":""PreAuthType"",""#text"":""2""},{""@Name"":""IpAddress"",""#text"":""::ffff:172.17.79.129""},{""@Name"":""IpPort"",""#text"":""57997""},{""@Name"":""CertIssuerName""},{""@Name"":""CertSerialNumber""},{""@Name"":""CertThumbprint""}]}}"
213,6629,2024-05-21 03:17:30.1762438,4771,LogAlways,Microsoft-Windows-Security-Auditing,Security,748,2396,DC01.forela.local,3,,Kerberos pre-authentication failed,,::ffff:172.17.79.129:57999,Target: FORELA-WKSTN001$ (S-1-5-21-3239415629-1862073780-2394361899-1106),ServiceName: krbtgt/FORELA.LOCAL,Status: KDC_ERR_PREAUTH_FAILED - Pre-authentication information was invalid - The wrong password was provided.,PreAuthType: PA-ENC-TIMESTAMP - This type is normal for standard password authentication.,,,,False,C:\Users\turana.rashidova\Downloads\campfire-1\Triage\Domain Controller\SECURITY-DC.evtx,Audit failure,0,"{""EventData"":{""Data"":[{""@Name"":""TargetUserName"",""#text"":""FORELA-WKSTN001$""},{""@Name"":""TargetSid"",""#text"":""S-1-5-21-3239415629-1862073780-2394361899-1106""},{""@Name"":""ServiceName"",""#text"":""krbtgt/FORELA.LOCAL""},{""@Name"":""TicketOptions"",""#text"":""0x40810010""},{""@Name"":""Status"",""#text"":""0x18""},{""@Name"":""PreAuthType"",""#text"":""2""},{""@Name"":""IpAddress"",""#text"":""::ffff:172.17.79.129""},{""@Name"":""IpPort"",""#text"":""57999""},{""@Name"":""CertIssuerName""},{""@Name"":""CertSerialNumber""},{""@Name"":""CertThumbprint""}]}}"
214,6630,2024-05-21 03:17:30.1961318,4771,LogAlways,Microsoft-Windows-Security-Auditing,Security,748,2396,DC01.forela.local,3,,Kerberos pre-authentication failed,,::ffff:172.17.79.129:58002,Target: FORELA-WKSTN001$ (S-1-5-21-3239415629-1862073780-2394361899-1106),ServiceName: krbtgt/FORELA.LOCAL,Status: KDC_ERR_PREAUTH_FAILED - Pre-authentication information was invalid - The wrong password was provided.,PreAuthType: PA-ENC-TIMESTAMP - This type is normal for standard password authentication.,,,,False,C:\Users\turana.rashidova\Downloads\campfire-1\Triage\Domain Controller\SECURITY-DC.evtx,Audit failure,0,"{""EventData"":{""Data"":[{""@Name"":""TargetUserName"",""#text"":""FORELA-WKSTN001$""},{""@Name"":""TargetSid"",""#text"":""S-1-5-21-3239415629-1862073780-2394361899-1106""},{""@Name"":""ServiceName"",""#text"":""krbtgt/FORELA.LOCAL""},{""@Name"":""TicketOptions"",""#text"":""0x40810010""},{""@Name"":""Status"",""#text"":""0x18""},{""@Name"":""PreAuthType"",""#text"":""2""},{""@Name"":""IpAddress"",""#text"":""::ffff:172.17.79.129""},{""@Name"":""IpPort"",""#text"":""58002""},{""@Name"":""CertIssuerName""},{""@Name"":""CertSerialNumber""},{""@Name"":""CertThumbprint""}]}}"
215,6631,2024-05-21 03:17:30.2125548,4771,LogAlways,Microsoft-Windows-Security-Auditing,Security,748,2396,DC01.forela.local,3,,Kerberos pre-authentication failed,,::ffff:172.17.79.129:58004,Target: FORELA-WKSTN001$ (S-1-5-21-3239415629-1862073780-2394361899-1106),ServiceName: krbtgt/FORELA.LOCAL,Status: KDC_ERR_PREAUTH_FAILED - Pre-authentication information was invalid - The wrong password was provided.,PreAuthType: PA-ENC-TIMESTAMP - This type is normal for standard password authentication.,,,,False,C:\Users\turana.rashidova\Downloads\campfire-1\Triage\Domain Controller\SECURITY-DC.evtx,Audit failure,0,"{""EventData"":{""Data"":[{""@Name"":""TargetUserName"",""#text"":""FORELA-WKSTN001$""},{""@Name"":""TargetSid"",""#text"":""S-1-5-21-3239415629-1862073780-2394361899-1106""},{""@Name"":""ServiceName"",""#text"":""krbtgt/FORELA.LOCAL""},{""@Name"":""TicketOptions"",""#text"":""0x40810010""},{""@Name"":""Status"",""#text"":""0x18""},{""@Name"":""PreAuthType"",""#text"":""2""},{""@Name"":""IpAddress"",""#text"":""::ffff:172.17.79.129""},{""@Name"":""IpPort"",""#text"":""58004""},{""@Name"":""CertIssuerName""},{""@Name"":""CertSerialNumber""},{""@Name"":""CertThumbprint""}]}}"
216,6632,2024-05-21 03:17:30.2321531,4771,LogAlways,Microsoft-Windows-Security-Auditing,Security,748,2396,DC01.forela.local,3,,Kerberos pre-authentication failed,,::ffff:172.17.79.129:58007,Target: FORELA-WKSTN001$ (S-1-5-21-3239415629-1862073780-2394361899-1106),ServiceName: krbtgt/FORELA.LOCAL,Status: KDC_ERR_PREAUTH_FAILED - Pre-authentication information was invalid - The wrong password was provided.,PreAuthType: PA-ENC-TIMESTAMP - This type is normal for standard password authentication.,,,,False,C:\Users\turana.rashidova\Downloads\campfire-1\Triage\Domain Controller\SECURITY-DC.evtx,Audit failure,0,"{""EventData"":{""Data"":[{""@Name"":""TargetUserName"",""#text"":""FORELA-WKSTN001$""},{""@Name"":""TargetSid"",""#text"":""S-1-5-21-3239415629-1862073780-2394361899-1106""},{""@Name"":""ServiceName"",""#text"":""krbtgt/FORELA.LOCAL""},{""@Name"":""TicketOptions"",""#text"":""0x40810010""},{""@Name"":""Status"",""#text"":""0x18""},{""@Name"":""PreAuthType"",""#text"":""2""},{""@Name"":""IpAddress"",""#text"":""::ffff:172.17.79.129""},{""@Name"":""IpPort"",""#text"":""58007""},{""@Name"":""CertIssuerName""},{""@Name"":""CertSerialNumber""},{""@Name"":""CertThumbprint""}]}}"
217,6633,2024-05-21 03:17:30.2494638,4771,LogAlways,Microsoft-Windows-Security-Auditing,Security,748,2396,DC01.forela.local,3,,Kerberos pre-authentication failed,,::ffff:172.17.79.129:58009,Target: FORELA-WKSTN001$ (S-1-5-21-3239415629-1862073780-2394361899-1106),ServiceName: krbtgt/FORELA.LOCAL,Status: KDC_ERR_PREAUTH_FAILED - Pre-authentication information was invalid - The wrong password was provided.,PreAuthType: PA-ENC-TIMESTAMP - This type is normal for standard password authentication.,,,,False,C:\Users\turana.rashidova\Downloads\campfire-1\Triage\Domain Controller\SECURITY-DC.evtx,Audit failure,0,"{""EventData"":{""Data"":[{""@Name"":""TargetUserName"",""#text"":""FORELA-WKSTN001$""},{""@Name"":""TargetSid"",""#text"":""S-1-5-21-3239415629-1862073780-2394361899-1106""},{""@Name"":""ServiceName"",""#text"":""krbtgt/FORELA.LOCAL""},{""@Name"":""TicketOptions"",""#text"":""0x40810010""},{""@Name"":""Status"",""#text"":""0x18""},{""@Name"":""PreAuthType"",""#text"":""2""},{""@Name"":""IpAddress"",""#text"":""::ffff:172.17.79.129""},{""@Name"":""IpPort"",""#text"":""58009""},{""@Name"":""CertIssuerName""},{""@Name"":""CertSerialNumber""},{""@Name"":""CertThumbprint""}]}}"
218,6634,2024-05-21 03:17:30.2880938,4771,LogAlways,Microsoft-Windows-Security-Auditing,Security,748,5376,DC01.forela.local,3,,Kerberos pre-authentication failed,,::ffff:172.17.79.129:58012,Target: FORELA-WKSTN001$ (S-1-5-21-3239415629-1862073780-2394361899-1106),ServiceName: krbtgt/FORELA.LOCAL,Status: KDC_ERR_PREAUTH_FAILED - Pre-authentication information was invalid - The wrong password was provided.,PreAuthType: PA-ENC-TIMESTAMP - This type is normal for standard password authentication.,,,,False,C:\Users\turana.rashidova\Downloads\campfire-1\Triage\Domain Controller\SECURITY-DC.evtx,Audit failure,0,"{""EventData"":{""Data"":[{""@Name"":""TargetUserName"",""#text"":""FORELA-WKSTN001$""},{""@Name"":""TargetSid"",""#text"":""S-1-5-21-3239415629-1862073780-2394361899-1106""},{""@Name"":""ServiceName"",""#text"":""krbtgt/FORELA.LOCAL""},{""@Name"":""TicketOptions"",""#text"":""0x40810010""},{""@Name"":""Status"",""#text"":""0x18""},{""@Name"":""PreAuthType"",""#text"":""2""},{""@Name"":""IpAddress"",""#text"":""::ffff:172.17.79.129""},{""@Name"":""IpPort"",""#text"":""58012""},{""@Name"":""CertIssuerName""},{""@Name"":""CertSerialNumber""},{""@Name"":""CertThumbprint""}]}}"
219,6635,2024-05-21 03:17:30.3046760,4771,LogAlways,Microsoft-Windows-Security-Auditing,Security,748,2396,DC01.forela.local,3,,Kerberos pre-authentication failed,,::ffff:172.17.79.129:58014,Target: FORELA-WKSTN001$ (S-1-5-21-3239415629-1862073780-2394361899-1106),ServiceName: krbtgt/FORELA.LOCAL,Status: KDC_ERR_PREAUTH_FAILED - Pre-authentication information was invalid - The wrong password was provided.,PreAuthType: PA-ENC-TIMESTAMP - This type is normal for standard password authentication.,,,,False,C:\Users\turana.rashidova\Downloads\campfire-1\Triage\Domain Controller\SECURITY-DC.evtx,Audit failure,0,"{""EventData"":{""Data"":[{""@Name"":""TargetUserName"",""#text"":""FORELA-WKSTN001$""},{""@Name"":""TargetSid"",""#text"":""S-1-5-21-3239415629-1862073780-2394361899-1106""},{""@Name"":""ServiceName"",""#text"":""krbtgt/FORELA.LOCAL""},{""@Name"":""TicketOptions"",""#text"":""0x40810010""},{""@Name"":""Status"",""#text"":""0x18""},{""@Name"":""PreAuthType"",""#text"":""2""},{""@Name"":""IpAddress"",""#text"":""::ffff:172.17.79.129""},{""@Name"":""IpPort"",""#text"":""58014""},{""@Name"":""CertIssuerName""},{""@Name"":""CertSerialNumber""},{""@Name"":""CertThumbprint""}]}}"
220,6636,2024-05-21 03:17:30.3237091,4771,LogAlways,Microsoft-Windows-Security-Auditing,Security,748,2396,DC01.forela.local,3,,Kerberos pre-authentication failed,,::ffff:172.17.79.129:58017,Target: FORELA-WKSTN001$ (S-1-5-21-3239415629-1862073780-2394361899-1106),ServiceName: krbtgt/FORELA.LOCAL,Status: KDC_ERR_PREAUTH_FAILED - Pre-authentication information was invalid - The wrong password was provided.,PreAuthType: PA-ENC-TIMESTAMP - This type is normal for standard password authentication.,,,,False,C:\Users\turana.rashidova\Downloads\campfire-1\Triage\Domain Controller\SECURITY-DC.evtx,Audit failure,0,"{""EventData"":{""Data"":[{""@Name"":""TargetUserName"",""#text"":""FORELA-WKSTN001$""},{""@Name"":""TargetSid"",""#text"":""S-1-5-21-3239415629-1862073780-2394361899-1106""},{""@Name"":""ServiceName"",""#text"":""krbtgt/FORELA.LOCAL""},{""@Name"":""TicketOptions"",""#text"":""0x40810010""},{""@Name"":""Status"",""#text"":""0x18""},{""@Name"":""PreAuthType"",""#text"":""2""},{""@Name"":""IpAddress"",""#text"":""::ffff:172.17.79.129""},{""@Name"":""IpPort"",""#text"":""58017""},{""@Name"":""CertIssuerName""},{""@Name"":""CertSerialNumber""},{""@Name"":""CertThumbprint""}]}}"
221,6637,2024-05-21 03:17:30.3400104,4771,LogAlways,Microsoft-Windows-Security-Auditing,Security,748,2396,DC01.forela.local,3,,Kerberos pre-authentication failed,,::ffff:172.17.79.129:58019,Target: FORELA-WKSTN001$ (S-1-5-21-3239415629-1862073780-2394361899-1106),ServiceName: krbtgt/FORELA.LOCAL,Status: KDC_ERR_PREAUTH_FAILED - Pre-authentication information was invalid - The wrong password was provided.,PreAuthType: PA-ENC-TIMESTAMP - This type is normal for standard password authentication.,,,,False,C:\Users\turana.rashidova\Downloads\campfire-1\Triage\Domain Controller\SECURITY-DC.evtx,Audit failure,0,"{""EventData"":{""Data"":[{""@Name"":""TargetUserName"",""#text"":""FORELA-WKSTN001$""},{""@Name"":""TargetSid"",""#text"":""S-1-5-21-3239415629-1862073780-2394361899-1106""},{""@Name"":""ServiceName"",""#text"":""krbtgt/FORELA.LOCAL""},{""@Name"":""TicketOptions"",""#text"":""0x40810010""},{""@Name"":""Status"",""#text"":""0x18""},{""@Name"":""PreAuthType"",""#text"":""2""},{""@Name"":""IpAddress"",""#text"":""::ffff:172.17.79.129""},{""@Name"":""IpPort"",""#text"":""58019""},{""@Name"":""CertIssuerName""},{""@Name"":""CertSerialNumber""},{""@Name"":""CertThumbprint""}]}}"
222,6638,2024-05-21 03:17:30.3595493,4771,LogAlways,Microsoft-Windows-Security-Auditing,Security,748,2396,DC01.forela.local,3,,Kerberos pre-authentication failed,,::ffff:172.17.79.129:58022,Target: FORELA-WKSTN001$ (S-1-5-21-3239415629-1862073780-2394361899-1106),ServiceName: krbtgt/FORELA.LOCAL,Status: KDC_ERR_PREAUTH_FAILED - Pre-authentication information was invalid - The wrong password was provided.,PreAuthType: PA-ENC-TIMESTAMP - This type is normal for standard password authentication.,,,,False,C:\Users\turana.rashidova\Downloads\campfire-1\Triage\Domain Controller\SECURITY-DC.evtx,Audit failure,0,"{""EventData"":{""Data"":[{""@Name"":""TargetUserName"",""#text"":""FORELA-WKSTN001$""},{""@Name"":""TargetSid"",""#text"":""S-1-5-21-3239415629-1862073780-2394361899-1106""},{""@Name"":""ServiceName"",""#text"":""krbtgt/FORELA.LOCAL""},{""@Name"":""TicketOptions"",""#text"":""0x40810010""},{""@Name"":""Status"",""#text"":""0x18""},{""@Name"":""PreAuthType"",""#text"":""2""},{""@Name"":""IpAddress"",""#text"":""::ffff:172.17.79.129""},{""@Name"":""IpPort"",""#text"":""58022""},{""@Name"":""CertIssuerName""},{""@Name"":""CertSerialNumber""},{""@Name"":""CertThumbprint""}]}}"
223,6639,2024-05-21 03:17:30.3760236,4771,LogAlways,Microsoft-Windows-Security-Auditing,Security,748,2396,DC01.forela.local,3,,Kerberos pre-authentication failed,,::ffff:172.17.79.129:58024,Target: FORELA-WKSTN001$ (S-1-5-21-3239415629-1862073780-2394361899-1106),ServiceName: krbtgt/FORELA.LOCAL,Status: KDC_ERR_PREAUTH_FAILED - Pre-authentication information was invalid - The wrong password was provided.,PreAuthType: PA-ENC-TIMESTAMP - This type is normal for standard password authentication.,,,,False,C:\Users\turana.rashidova\Downloads\campfire-1\Triage\Domain Controller\SECURITY-DC.evtx,Audit failure,0,"{""EventData"":{""Data"":[{""@Name"":""TargetUserName"",""#text"":""FORELA-WKSTN001$""},{""@Name"":""TargetSid"",""#text"":""S-1-5-21-3239415629-1862073780-2394361899-1106""},{""@Name"":""ServiceName"",""#text"":""krbtgt/FORELA.LOCAL""},{""@Name"":""TicketOptions"",""#text"":""0x40810010""},{""@Name"":""Status"",""#text"":""0x18""},{""@Name"":""PreAuthType"",""#text"":""2""},{""@Name"":""IpAddress"",""#text"":""::ffff:172.17.79.129""},{""@Name"":""IpPort"",""#text"":""58024""},{""@Name"":""CertIssuerName""},{""@Name"":""CertSerialNumber""},{""@Name"":""CertThumbprint""}]}}"
