145,6561,2024-05-21 03:12:31.9170262,4702,LogAlways,Microsoft-Windows-Security-Auditing,Security,748,5240,DC01.forela.local,1,,A scheduled task was updated,FORELA\DC01$,,TaskName: \Microsoft\Windows\Flighting\OneSettings\RefreshCache,"TaskContentNew: &lt;?xml version=""1.0"" encoding=""UTF-16""?&gt;, &lt;Task version=""1.6"" xmlns=""http://schemas.microsoft.com/windows/2004/02/mit/task""&gt;,   &lt;RegistrationInfo&gt;,     &lt;Source&gt;$(@%systemroot%\system32\wosc.dll,-602)&lt;/Source&gt;,     &lt;Author&gt;$(@%systemroot%\system32\wosc.dll,-601)&lt;/Author&gt;,     &lt;Description&gt;$(@%systemroot%\system32\wosc.dll,-603)&lt;/Description&gt;,     &lt;URI&gt;\Microsoft\Windows\Flighting\OneSettings\RefreshCache&lt;/URI&gt;,     &lt;SecurityDescriptor&gt;D:P(A;;FA;;;SY)(A;;FA;;;BA)(A;;FRFX;;;AU)&lt;/SecurityDescriptor&gt;,   &lt;/RegistrationInfo&gt;,   &lt;Triggers&gt;,     &lt;TimeTrigger&gt;,       &lt;Repetition&gt;,         &lt;Interval&gt;PT224M&lt;/Interval&gt;,         &lt;StopAtDurationEnd&gt;false&lt;/StopAtDurationEnd&gt;,       &lt;/Repetition&gt;,       &lt;StartBoundary&gt;2024-05-21T03:13:31.906Z&lt;/StartBoundary&gt;,       &lt;Enabled&gt;true&lt;/Enabled&gt;,       &lt;RandomDelay&gt;PT1H&lt;/RandomDelay&gt;,     &lt;/TimeTrigger&gt;,     &lt;WnfStateChangeTrigger&gt;,       &lt;Enabled&gt;true&lt;/Enabled&gt;,       &lt;StateName&gt;7538BCA33A019502&lt;/StateName&gt;,     &lt;/WnfStateChangeTrigger&gt;,   &lt;/Triggers&gt;,   &lt;Principals&gt;,     &lt;Principal id=""LocalSystem""&gt;,       &lt;UserId&gt;S-1-5-18&lt;/UserId&gt;,       &lt;RunLevel&gt;LeastPrivilege&lt;/RunLevel&gt;,     &lt;/Principal&gt;,   &lt;/Principals&gt;,   &lt;Settings&gt;,     &lt;MultipleInstancesPolicy&gt;IgnoreNew&lt;/MultipleInstancesPolicy&gt;,     &lt;DisallowStartIfOnBatteries&gt;false&lt;/DisallowStartIfOnBatteries&gt;,     &lt;StopIfGoingOnBatteries&gt;false&lt;/StopIfGoingOnBatteries&gt;,     &lt;AllowHardTerminate&gt;true&lt;/AllowHardTerminate&gt;,     &lt;StartWhenAvailable&gt;true&lt;/StartWhenAvailable&gt;,     &lt;RunOnlyIfNetworkAvailable&gt;true&lt;/RunOnlyIfNetworkAvailable&gt;,     &lt;IdleSettings&gt;,       &lt;StopOnIdleEnd&gt;false&lt;/StopOnIdleEnd&gt;,       &lt;RestartOnIdle&gt;false&lt;/RestartOnIdle&gt;,     &lt;/IdleSettings&gt;,     &lt;AllowStartOnDemand&gt;true&lt;/AllowStartOnDemand&gt;,     &lt;Enabled&gt;true&lt;/Enabled&gt;,     &lt;Hidden&gt;false&lt;/Hidden&gt;,     &lt;RunOnlyIfIdle&gt;false&lt;/RunOnlyIfIdle&gt;,     &lt;DisallowStartOnRemoteAppSession&gt;false&lt;/DisallowStartOnRemoteAppSession&gt;,     &lt;UseUnifiedSchedulingEngine&gt;true&lt;/UseUnifiedSchedulingEngine&gt;,     &lt;WakeToRun&gt;false&lt;/WakeToRun&gt;,     &lt;ExecutionTimeLimit&gt;PT5M&lt;/ExecutionTimeLimit&gt;,     &lt;Priority&gt;7&lt;/Priority&gt;,   &lt;/Settings&gt;,   &lt;Actions Context=""LocalSystem""&gt;,     &lt;ComHandler&gt;,       &lt;ClassId&gt;{E07647F7-AED2-48D9-9720-939BC24A8A3C}&lt;/ClassId&gt;,     &lt;/ComHandler&gt;,   &lt;/Actions&gt;, &lt;/Task&gt;",,,,,,False,C:\Users\turana.rashidova\Downloads\campfire-1\Triage\Domain Controller\SECURITY-DC.evtx,Audit success,0,"{""EventData"":{""Data"":[{""@Name"":""SubjectUserSid"",""#text"":""S-1-5-18""},{""@Name"":""SubjectUserName"",""#text"":""DC01$""},{""@Name"":""SubjectDomainName"",""#text"":""FORELA""},{""@Name"":""SubjectLogonId"",""#text"":""0x3E7""},{""@Name"":""TaskName"",""#text"":""\\Microsoft\\Windows\\Flighting\\OneSettings\\RefreshCache""},{""@Name"":""TaskContentNew"",""#text"":""&lt;?xml version=\""1.0\"" encoding=\""UTF-16\""?&gt;, &lt;Task version=\""1.6\"" xmlns=\""http://schemas.microsoft.com/windows/2004/02/mit/task\""&gt;,   &lt;RegistrationInfo&gt;,     &lt;Source&gt;$(@%systemroot%\\system32\\wosc.dll,-602)&lt;/Source&gt;,     &lt;Author&gt;$(@%systemroot%\\system32\\wosc.dll,-601)&lt;/Author&gt;,     &lt;Description&gt;$(@%systemroot%\\system32\\wosc.dll,-603)&lt;/Description&gt;,     &lt;URI&gt;\\Microsoft\\Windows\\Flighting\\OneSettings\\RefreshCache&lt;/URI&gt;,     &lt;SecurityDescriptor&gt;D:P(A;;FA;;;SY)(A;;FA;;;BA)(A;;FRFX;;;AU)&lt;/SecurityDescriptor&gt;,   &lt;/RegistrationInfo&gt;,   &lt;Triggers&gt;,     &lt;TimeTrigger&gt;,       &lt;Repetition&gt;,         &lt;Interval&gt;PT224M&lt;/Interval&gt;,         &lt;StopAtDurationEnd&gt;false&lt;/StopAtDurationEnd&gt;,       &lt;/Repetition&gt;,       &lt;StartBoundary&gt;2024-05-21T03:13:31.906Z&lt;/StartBoundary&gt;,       &lt;Enabled&gt;true&lt;/Enabled&gt;,       &lt;RandomDelay&gt;PT1H&lt;/RandomDelay&gt;,     &lt;/TimeTrigger&gt;,     &lt;WnfStateChangeTrigger&gt;,       &lt;Enabled&gt;true&lt;/Enabled&gt;,       &lt;StateName&gt;7538BCA33A019502&lt;/StateName&gt;,     &lt;/WnfStateChangeTrigger&gt;,   &lt;/Triggers&gt;,   &lt;Principals&gt;,     &lt;Principal id=\""LocalSystem\""&gt;,       &lt;UserId&gt;S-1-5-18&lt;/UserId&gt;,       &lt;RunLevel&gt;LeastPrivilege&lt;/RunLevel&gt;,     &lt;/Principal&gt;,   &lt;/Principals&gt;,   &lt;Settings&gt;,     &lt;MultipleInstancesPolicy&gt;IgnoreNew&lt;/MultipleInstancesPolicy&gt;,     &lt;DisallowStartIfOnBatteries&gt;false&lt;/DisallowStartIfOnBatteries&gt;,     &lt;StopIfGoingOnBatteries&gt;false&lt;/StopIfGoingOnBatteries&gt;,     &lt;AllowHardTerminate&gt;true&lt;/AllowHardTerminate&gt;,     &lt;StartWhenAvailable&gt;true&lt;/StartWhenAvailable&gt;,     &lt;RunOnlyIfNetworkAvailable&gt;true&lt;/RunOnlyIfNetworkAvailable&gt;,     &lt;IdleSettings&gt;,       &lt;StopOnIdleEnd&gt;false&lt;/StopOnIdleEnd&gt;,       &lt;RestartOnIdle&gt;false&lt;/RestartOnIdle&gt;,     &lt;/IdleSettings&gt;,     &lt;AllowStartOnDemand&gt;true&lt;/AllowStartOnDemand&gt;,     &lt;Enabled&gt;true&lt;/Enabled&gt;,     &lt;Hidden&gt;false&lt;/Hidden&gt;,     &lt;RunOnlyIfIdle&gt;false&lt;/RunOnlyIfIdle&gt;,     &lt;DisallowStartOnRemoteAppSession&gt;false&lt;/DisallowStartOnRemoteAppSession&gt;,     &lt;UseUnifiedSchedulingEngine&gt;true&lt;/UseUnifiedSchedulingEngine&gt;,     &lt;WakeToRun&gt;false&lt;/WakeToRun&gt;,     &lt;ExecutionTimeLimit&gt;PT5M&lt;/ExecutionTimeLimit&gt;,     &lt;Priority&gt;7&lt;/Priority&gt;,   &lt;/Settings&gt;,   &lt;Actions Context=\""LocalSystem\""&gt;,     &lt;ComHandler&gt;,       &lt;ClassId&gt;{E07647F7-AED2-48D9-9720-939BC24A8A3C}&lt;/ClassId&gt;,     &lt;/ComHandler&gt;,   &lt;/Actions&gt;, &lt;/Task&gt;""},{""@Name"":""ClientProcessStartKey"",""#text"":""3377699720528012""},{""@Name"":""ClientProcessId"",""#text"":""3900""},{""@Name"":""ParentProcessId"",""#text"":""1836""},{""@Name"":""RpcCallClientLocality"",""#text"":""0""},{""@Name"":""FQDN"",""#text"":""DC01.forela.local""}]}}"
146,6562,2024-05-21 03:13:00.1191152,4771,LogAlways,Microsoft-Windows-Security-Auditing,Security,748,5376,DC01.forela.local,1,,Kerberos pre-authentication failed,,::ffff:172.17.79.129:57813,Target: FORELA-WKSTN001$ (S-1-5-21-3239415629-1862073780-2394361899-1106),ServiceName: krbtgt/FORELA.LOCAL,Status: KDC_ERR_PREAUTH_FAILED - Pre-authentication information was invalid - The wrong password was provided.,PreAuthType: PA-ENC-TIMESTAMP - This type is normal for standard password authentication.,,,,False,C:\Users\turana.rashidova\Downloads\campfire-1\Triage\Domain Controller\SECURITY-DC.evtx,Audit failure,0,"{""EventData"":{""Data"":[{""@Name"":""TargetUserName"",""#text"":""FORELA-WKSTN001$""},{""@Name"":""TargetSid"",""#text"":""S-1-5-21-3239415629-1862073780-2394361899-1106""},{""@Name"":""ServiceName"",""#text"":""krbtgt/FORELA.LOCAL""},{""@Name"":""TicketOptions"",""#text"":""0x40810010""},{""@Name"":""Status"",""#text"":""0x18""},{""@Name"":""PreAuthType"",""#text"":""2""},{""@Name"":""IpAddress"",""#text"":""::ffff:172.17.79.129""},{""@Name"":""IpPort"",""#text"":""57813""},{""@Name"":""CertIssuerName""},{""@Name"":""CertSerialNumber""},{""@Name"":""CertThumbprint""}]}}"
147,6563,2024-05-21 03:13:00.1365555,4771,LogAlways,Microsoft-Windows-Security-Auditing,Security,748,5376,DC01.forela.local,1,,Kerberos pre-authentication failed,,::ffff:172.17.79.129:57815,Target: FORELA-WKSTN001$ (S-1-5-21-3239415629-1862073780-2394361899-1106),ServiceName: krbtgt/FORELA.LOCAL,Status: KDC_ERR_PREAUTH_FAILED - Pre-authentication information was invalid - The wrong password was provided.,PreAuthType: PA-ENC-TIMESTAMP - This type is normal for standard password authentication.,,,,False,C:\Users\turana.rashidova\Downloads\campfire-1\Triage\Domain Controller\SECURITY-DC.evtx,Audit failure,0,"{""EventData"":{""Data"":[{""@Name"":""TargetUserName"",""#text"":""FORELA-WKSTN001$""},{""@Name"":""TargetSid"",""#text"":""S-1-5-21-3239415629-1862073780-2394361899-1106""},{""@Name"":""ServiceName"",""#text"":""krbtgt/FORELA.LOCAL""},{""@Name"":""TicketOptions"",""#text"":""0x40810010""},{""@Name"":""Status"",""#text"":""0x18""},{""@Name"":""PreAuthType"",""#text"":""2""},{""@Name"":""IpAddress"",""#text"":""::ffff:172.17.79.129""},{""@Name"":""IpPort"",""#text"":""57815""},{""@Name"":""CertIssuerName""},{""@Name"":""CertSerialNumber""},{""@Name"":""CertThumbprint""}]}}"
148,6564,2024-05-21 03:13:00.1548508,4771,LogAlways,Microsoft-Windows-Security-Auditing,Security,748,5376,DC01.forela.local,1,,Kerberos pre-authentication failed,,::ffff:172.17.79.129:57818,Target: FORELA-WKSTN001$ (S-1-5-21-3239415629-1862073780-2394361899-1106),ServiceName: krbtgt/FORELA.LOCAL,Status: KDC_ERR_PREAUTH_FAILED - Pre-authentication information was invalid - The wrong password was provided.,PreAuthType: PA-ENC-TIMESTAMP - This type is normal for standard password authentication.,,,,False,C:\Users\turana.rashidova\Downloads\campfire-1\Triage\Domain Controller\SECURITY-DC.evtx,Audit failure,0,"{""EventData"":{""Data"":[{""@Name"":""TargetUserName"",""#text"":""FORELA-WKSTN001$""},{""@Name"":""TargetSid"",""#text"":""S-1-5-21-3239415629-1862073780-2394361899-1106""},{""@Name"":""ServiceName"",""#text"":""krbtgt/FORELA.LOCAL""},{""@Name"":""TicketOptions"",""#text"":""0x40810010""},{""@Name"":""Status"",""#text"":""0x18""},{""@Name"":""PreAuthType"",""#text"":""2""},{""@Name"":""IpAddress"",""#text"":""::ffff:172.17.79.129""},{""@Name"":""IpPort"",""#text"":""57818""},{""@Name"":""CertIssuerName""},{""@Name"":""CertSerialNumber""},{""@Name"":""CertThumbprint""}]}}"
149,6565,2024-05-21 03:13:00.1727070,4771,LogAlways,Microsoft-Windows-Security-Auditing,Security,748,5376,DC01.forela.local,1,,Kerberos pre-authentication failed,,::ffff:172.17.79.129:57820,Target: FORELA-WKSTN001$ (S-1-5-21-3239415629-1862073780-2394361899-1106),ServiceName: krbtgt/FORELA.LOCAL,Status: KDC_ERR_PREAUTH_FAILED - Pre-authentication information was invalid - The wrong password was provided.,PreAuthType: PA-ENC-TIMESTAMP - This type is normal for standard password authentication.,,,,False,C:\Users\turana.rashidova\Downloads\campfire-1\Triage\Domain Controller\SECURITY-DC.evtx,Audit failure,0,"{""EventData"":{""Data"":[{""@Name"":""TargetUserName"",""#text"":""FORELA-WKSTN001$""},{""@Name"":""TargetSid"",""#text"":""S-1-5-21-3239415629-1862073780-2394361899-1106""},{""@Name"":""ServiceName"",""#text"":""krbtgt/FORELA.LOCAL""},{""@Name"":""TicketOptions"",""#text"":""0x40810010""},{""@Name"":""Status"",""#text"":""0x18""},{""@Name"":""PreAuthType"",""#text"":""2""},{""@Name"":""IpAddress"",""#text"":""::ffff:172.17.79.129""},{""@Name"":""IpPort"",""#text"":""57820""},{""@Name"":""CertIssuerName""},{""@Name"":""CertSerialNumber""},{""@Name"":""CertThumbprint""}]}}"
150,6566,2024-05-21 03:13:02.0438516,4769,LogAlways,Microsoft-Windows-Security-Auditing,Security,748,5376,DC01.forela.local,1,,A Kerberos service ticket was requested,,::ffff:172.17.79.129:57822,Target: FORELA.LOCAL\alonzo.spire@FORELA.LOCAL,ServiceName: DC01$,ServiceSid: S-1-5-21-3239415629-1862073780-2394361899-1000,TicketEncryptionType: AES256-CTS-HMAC-SHA1-96,Status: KDC_ERR_NONE - No error - No errors were found.,,,False,C:\Users\turana.rashidova\Downloads\campfire-1\Triage\Domain Controller\SECURITY-DC.evtx,Audit success,0,"{""EventData"":{""Data"":[{""@Name"":""TargetUserName"",""#text"":""alonzo.spire@FORELA.LOCAL""},{""@Name"":""TargetDomainName"",""#text"":""FORELA.LOCAL""},{""@Name"":""ServiceName"",""#text"":""DC01$""},{""@Name"":""ServiceSid"",""#text"":""S-1-5-21-3239415629-1862073780-2394361899-1000""},{""@Name"":""TicketOptions"",""#text"":""0x40810000""},{""@Name"":""TicketEncryptionType"",""#text"":""0x12""},{""@Name"":""IpAddress"",""#text"":""::ffff:172.17.79.129""},{""@Name"":""IpPort"",""#text"":""57822""},{""@Name"":""Status"",""#text"":""0x0""},{""@Name"":""LogonGuid"",""#text"":""1ed76799-8ef3-2892-5747-89a4562533a5""},{""@Name"":""TransmittedServices"",""#text"":""-""}]}}"
151,6567,2024-05-21 03:13:06.6930653,4771,LogAlways,Microsoft-Windows-Security-Auditing,Security,748,5376,DC01.forela.local,1,,Kerberos pre-authentication failed,,::ffff:172.17.79.129:57829,Target: FORELA-WKSTN001$ (S-1-5-21-3239415629-1862073780-2394361899-1106),ServiceName: krbtgt/FORELA.LOCAL,Status: KDC_ERR_PREAUTH_FAILED - Pre-authentication information was invalid - The wrong password was provided.,PreAuthType: PA-ENC-TIMESTAMP - This type is normal for standard password authentication.,,,,False,C:\Users\turana.rashidova\Downloads\campfire-1\Triage\Domain Controller\SECURITY-DC.evtx,Audit failure,0,"{""EventData"":{""Data"":[{""@Name"":""TargetUserName"",""#text"":""FORELA-WKSTN001$""},{""@Name"":""TargetSid"",""#text"":""S-1-5-21-3239415629-1862073780-2394361899-1106""},{""@Name"":""ServiceName"",""#text"":""krbtgt/FORELA.LOCAL""},{""@Name"":""TicketOptions"",""#text"":""0x40810010""},{""@Name"":""Status"",""#text"":""0x18""},{""@Name"":""PreAuthType"",""#text"":""2""},{""@Name"":""IpAddress"",""#text"":""::ffff:172.17.79.129""},{""@Name"":""IpPort"",""#text"":""57829""},{""@Name"":""CertIssuerName""},{""@Name"":""CertSerialNumber""},{""@Name"":""CertThumbprint""}]}}"
152,6568,2024-05-21 03:13:06.7101681,4771,LogAlways,Microsoft-Windows-Security-Auditing,Security,748,5376,DC01.forela.local,1,,Kerberos pre-authentication failed,,::ffff:172.17.79.129:57831,Target: FORELA-WKSTN001$ (S-1-5-21-3239415629-1862073780-2394361899-1106),ServiceName: krbtgt/FORELA.LOCAL,Status: KDC_ERR_PREAUTH_FAILED - Pre-authentication information was invalid - The wrong password was provided.,PreAuthType: PA-ENC-TIMESTAMP - This type is normal for standard password authentication.,,,,False,C:\Users\turana.rashidova\Downloads\campfire-1\Triage\Domain Controller\SECURITY-DC.evtx,Audit failure,0,"{""EventData"":{""Data"":[{""@Name"":""TargetUserName"",""#text"":""FORELA-WKSTN001$""},{""@Name"":""TargetSid"",""#text"":""S-1-5-21-3239415629-1862073780-2394361899-1106""},{""@Name"":""ServiceName"",""#text"":""krbtgt/FORELA.LOCAL""},{""@Name"":""TicketOptions"",""#text"":""0x40810010""},{""@Name"":""Status"",""#text"":""0x18""},{""@Name"":""PreAuthType"",""#text"":""2""},{""@Name"":""IpAddress"",""#text"":""::ffff:172.17.79.129""},{""@Name"":""IpPort"",""#text"":""57831""},{""@Name"":""CertIssuerName""},{""@Name"":""CertSerialNumber""},{""@Name"":""CertThumbprint""}]}}"
153,6569,2024-05-21 03:14:24.4659347,4702,LogAlways,Microsoft-Windows-Security-Auditing,Security,748,5240,DC01.forela.local,1,,A scheduled task was updated,FORELA\DC01$,,TaskName: \Microsoft\Windows\Data Integrity Scan\Data Integrity Check And Scan,"TaskContentNew: &lt;?xml version=""1.0"" encoding=""UTF-16""?&gt;, &lt;Task version=""1.6"" xmlns=""http://schemas.microsoft.com/windows/2004/02/mit/task""&gt;,   &lt;RegistrationInfo&gt;,     &lt;Source&gt;$(@%systemroot%\system32\discan.dll,-601)&lt;/Source&gt;,     &lt;Author&gt;$(@%systemroot%\system32\discan.dll,-600)&lt;/Author&gt;,     &lt;Description&gt;$(@%systemroot%\system32\discan.dll,-602)&lt;/Description&gt;,     &lt;URI&gt;\Microsoft\Windows\Data Integrity Scan\Data Integrity Check And Scan&lt;/URI&gt;,     &lt;SecurityDescriptor&gt;D:AI(A;;FA;;;BA)(A;;FA;;;SY)(A;;FRFX;;;LS)(A;;FR;;;AU)&lt;/SecurityDescriptor&gt;,   &lt;/RegistrationInfo&gt;,   &lt;Triggers&gt;,     &lt;CalendarTrigger id=""Init""&gt;,       &lt;StartBoundary&gt;2011-01-01T23:00:00&lt;/StartBoundary&gt;,       &lt;Enabled&gt;true&lt;/Enabled&gt;,       &lt;RandomDelay&gt;PT1H&lt;/RandomDelay&gt;,       &lt;ScheduleByDay&gt;,         &lt;DaysInterval&gt;1&lt;/DaysInterval&gt;,       &lt;/ScheduleByDay&gt;,     &lt;/CalendarTrigger&gt;,     &lt;BootTrigger id=""Resume""&gt;,       &lt;Enabled&gt;true&lt;/Enabled&gt;,       &lt;Delay&gt;PT1H&lt;/Delay&gt;,     &lt;/BootTrigger&gt;,   &lt;/Triggers&gt;,   &lt;Principals&gt;,     &lt;Principal id=""LocalSystem""&gt;,       &lt;UserId&gt;S-1-5-18&lt;/UserId&gt;,       &lt;RunLevel&gt;HighestAvailable&lt;/RunLevel&gt;,       &lt;LogonType&gt;InteractiveToken&lt;/LogonType&gt;,     &lt;/Principal&gt;,   &lt;/Principals&gt;,   &lt;Settings&gt;,     &lt;MultipleInstancesPolicy&gt;IgnoreNew&lt;/MultipleInstancesPolicy&gt;,     &lt;DisallowStartIfOnBatteries&gt;true&lt;/DisallowStartIfOnBatteries&gt;,     &lt;StopIfGoingOnBatteries&gt;true&lt;/StopIfGoingOnBatteries&gt;,     &lt;AllowHardTerminate&gt;true&lt;/AllowHardTerminate&gt;,     &lt;StartWhenAvailable&gt;true&lt;/StartWhenAvailable&gt;,     &lt;RunOnlyIfNetworkAvailable&gt;false&lt;/RunOnlyIfNetworkAvailable&gt;,     &lt;IdleSettings&gt;,       &lt;StopOnIdleEnd&gt;false&lt;/StopOnIdleEnd&gt;,       &lt;RestartOnIdle&gt;false&lt;/RestartOnIdle&gt;,     &lt;/IdleSettings&gt;,     &lt;AllowStartOnDemand&gt;true&lt;/AllowStartOnDemand&gt;,     &lt;Enabled&gt;true&lt;/Enabled&gt;,     &lt;Hidden&gt;false&lt;/Hidden&gt;,     &lt;RunOnlyIfIdle&gt;false&lt;/RunOnlyIfIdle&gt;,     &lt;DisallowStartOnRemoteAppSession&gt;false&lt;/DisallowStartOnRemoteAppSession&gt;,     &lt;UseUnifiedSchedulingEngine&gt;true&lt;/UseUnifiedSchedulingEngine&gt;,     &lt;WakeToRun&gt;false&lt;/WakeToRun&gt;,     &lt;ExecutionTimeLimit&gt;PT0S&lt;/ExecutionTimeLimit&gt;,     &lt;Priority&gt;7&lt;/Priority&gt;,   &lt;/Settings&gt;,   &lt;Actions Context=""LocalSystem""&gt;,     &lt;ComHandler&gt;,       &lt;ClassId&gt;{DCFD3EA8-D960-4719-8206-490AE315F94F}&lt;/ClassId&gt;,     &lt;/ComHandler&gt;,   &lt;/Actions&gt;, &lt;/Task&gt;",,,,,,False,C:\Users\turana.rashidova\Downloads\campfire-1\Triage\Domain Controller\SECURITY-DC.evtx,Audit success,0,"{""EventData"":{""Data"":[{""@Name"":""SubjectUserSid"",""#text"":""S-1-5-18""},{""@Name"":""SubjectUserName"",""#text"":""DC01$""},{""@Name"":""SubjectDomainName"",""#text"":""FORELA""},{""@Name"":""SubjectLogonId"",""#text"":""0x3E7""},{""@Name"":""TaskName"",""#text"":""\\Microsoft\\Windows\\Data Integrity Scan\\Data Integrity Check And Scan""},{""@Name"":""TaskContentNew"",""#text"":""&lt;?xml version=\""1.0\"" encoding=\""UTF-16\""?&gt;, &lt;Task version=\""1.6\"" xmlns=\""http://schemas.microsoft.com/windows/2004/02/mit/task\""&gt;,   &lt;RegistrationInfo&gt;,     &lt;Source&gt;$(@%systemroot%\\system32\\discan.dll,-601)&lt;/Source&gt;,     &lt;Author&gt;$(@%systemroot%\\system32\\discan.dll,-600)&lt;/Author&gt;,     &lt;Description&gt;$(@%systemroot%\\system32\\discan.dll,-602)&lt;/Description&gt;,     &lt;URI&gt;\\Microsoft\\Windows\\Data Integrity Scan\\Data Integrity Check And Scan&lt;/URI&gt;,     &lt;SecurityDescriptor&gt;D:AI(A;;FA;;;BA)(A;;FA;;;SY)(A;;FRFX;;;LS)(A;;FR;;;AU)&lt;/SecurityDescriptor&gt;,   &lt;/RegistrationInfo&gt;,   &lt;Triggers&gt;,     &lt;CalendarTrigger id=\""Init\""&gt;,       &lt;StartBoundary&gt;2011-01-01T23:00:00&lt;/StartBoundary&gt;,       &lt;Enabled&gt;true&lt;/Enabled&gt;,       &lt;RandomDelay&gt;PT1H&lt;/RandomDelay&gt;,       &lt;ScheduleByDay&gt;,         &lt;DaysInterval&gt;1&lt;/DaysInterval&gt;,       &lt;/ScheduleByDay&gt;,     &lt;/CalendarTrigger&gt;,     &lt;BootTrigger id=\""Resume\""&gt;,       &lt;Enabled&gt;true&lt;/Enabled&gt;,       &lt;Delay&gt;PT1H&lt;/Delay&gt;,     &lt;/BootTrigger&gt;,   &lt;/Triggers&gt;,   &lt;Principals&gt;,     &lt;Principal id=\""LocalSystem\""&gt;,       &lt;UserId&gt;S-1-5-18&lt;/UserId&gt;,       &lt;RunLevel&gt;HighestAvailable&lt;/RunLevel&gt;,       &lt;LogonType&gt;InteractiveToken&lt;/LogonType&gt;,     &lt;/Principal&gt;,   &lt;/Principals&gt;,   &lt;Settings&gt;,     &lt;MultipleInstancesPolicy&gt;IgnoreNew&lt;/MultipleInstancesPolicy&gt;,     &lt;DisallowStartIfOnBatteries&gt;true&lt;/DisallowStartIfOnBatteries&gt;,     &lt;StopIfGoingOnBatteries&gt;true&lt;/StopIfGoingOnBatteries&gt;,     &lt;AllowHardTerminate&gt;true&lt;/AllowHardTerminate&gt;,     &lt;StartWhenAvailable&gt;true&lt;/StartWhenAvailable&gt;,     &lt;RunOnlyIfNetworkAvailable&gt;false&lt;/RunOnlyIfNetworkAvailable&gt;,     &lt;IdleSettings&gt;,       &lt;StopOnIdleEnd&gt;false&lt;/StopOnIdleEnd&gt;,       &lt;RestartOnIdle&gt;false&lt;/RestartOnIdle&gt;,     &lt;/IdleSettings&gt;,     &lt;AllowStartOnDemand&gt;true&lt;/AllowStartOnDemand&gt;,     &lt;Enabled&gt;true&lt;/Enabled&gt;,     &lt;Hidden&gt;false&lt;/Hidden&gt;,     &lt;RunOnlyIfIdle&gt;false&lt;/RunOnlyIfIdle&gt;,     &lt;DisallowStartOnRemoteAppSession&gt;false&lt;/DisallowStartOnRemoteAppSession&gt;,     &lt;UseUnifiedSchedulingEngine&gt;true&lt;/UseUnifiedSchedulingEngine&gt;,     &lt;WakeToRun&gt;false&lt;/WakeToRun&gt;,     &lt;ExecutionTimeLimit&gt;PT0S&lt;/ExecutionTimeLimit&gt;,     &lt;Priority&gt;7&lt;/Priority&gt;,   &lt;/Settings&gt;,   &lt;Actions Context=\""LocalSystem\""&gt;,     &lt;ComHandler&gt;,       &lt;ClassId&gt;{DCFD3EA8-D960-4719-8206-490AE315F94F}&lt;/ClassId&gt;,     &lt;/ComHandler&gt;,   &lt;/Actions&gt;, &lt;/Task&gt;""},{""@Name"":""ClientProcessStartKey"",""#text"":""3377699720528014""},{""@Name"":""ClientProcessId"",""#text"":""2180""},{""@Name"":""ParentProcessId"",""#text"":""1836""},{""@Name"":""RpcCallClientLocality"",""#text"":""0""},{""@Name"":""FQDN"",""#text"":""DC01.forela.local""}]}}"
154,6570,2024-05-21 03:14:24.4746409,4702,LogAlways,Microsoft-Windows-Security-Auditing,Security,748,5240,DC01.forela.local,1,,A scheduled task was updated,FORELA\DC01$,,TaskName: \Microsoft\Windows\Data Integrity Scan\Data Integrity Check And Scan,"TaskContentNew: &lt;?xml version=""1.0"" encoding=""UTF-16""?&gt;, &lt;Task version=""1.6"" xmlns=""http://schemas.microsoft.com/windows/2004/02/mit/task""&gt;,   &lt;RegistrationInfo&gt;,     &lt;Source&gt;$(@%systemroot%\system32\discan.dll,-601)&lt;/Source&gt;,     &lt;Author&gt;$(@%systemroot%\system32\discan.dll,-600)&lt;/Author&gt;,     &lt;Description&gt;$(@%systemroot%\system32\discan.dll,-602)&lt;/Description&gt;,     &lt;URI&gt;\Microsoft\Windows\Data Integrity Scan\Data Integrity Check And Scan&lt;/URI&gt;,     &lt;SecurityDescriptor&gt;D:AI(A;;FA;;;BA)(A;;FA;;;SY)(A;;FRFX;;;LS)(A;;FR;;;AU)&lt;/SecurityDescriptor&gt;,   &lt;/RegistrationInfo&gt;,   &lt;Triggers&gt;,     &lt;CalendarTrigger id=""Init""&gt;,       &lt;StartBoundary&gt;2011-01-01T23:00:00&lt;/StartBoundary&gt;,       &lt;Enabled&gt;true&lt;/Enabled&gt;,       &lt;RandomDelay&gt;PT1H&lt;/RandomDelay&gt;,       &lt;ScheduleByDay&gt;,         &lt;DaysInterval&gt;1&lt;/DaysInterval&gt;,       &lt;/ScheduleByDay&gt;,     &lt;/CalendarTrigger&gt;,     &lt;BootTrigger id=""Resume""&gt;,       &lt;Enabled&gt;false&lt;/Enabled&gt;,       &lt;Delay&gt;PT1H&lt;/Delay&gt;,     &lt;/BootTrigger&gt;,   &lt;/Triggers&gt;,   &lt;Principals&gt;,     &lt;Principal id=""LocalSystem""&gt;,       &lt;UserId&gt;S-1-5-18&lt;/UserId&gt;,       &lt;RunLevel&gt;HighestAvailable&lt;/RunLevel&gt;,       &lt;LogonType&gt;InteractiveToken&lt;/LogonType&gt;,     &lt;/Principal&gt;,   &lt;/Principals&gt;,   &lt;Settings&gt;,     &lt;MultipleInstancesPolicy&gt;IgnoreNew&lt;/MultipleInstancesPolicy&gt;,     &lt;DisallowStartIfOnBatteries&gt;true&lt;/DisallowStartIfOnBatteries&gt;,     &lt;StopIfGoingOnBatteries&gt;true&lt;/StopIfGoingOnBatteries&gt;,     &lt;AllowHardTerminate&gt;true&lt;/AllowHardTerminate&gt;,     &lt;StartWhenAvailable&gt;true&lt;/StartWhenAvailable&gt;,     &lt;RunOnlyIfNetworkAvailable&gt;false&lt;/RunOnlyIfNetworkAvailable&gt;,     &lt;IdleSettings&gt;,       &lt;StopOnIdleEnd&gt;false&lt;/StopOnIdleEnd&gt;,       &lt;RestartOnIdle&gt;false&lt;/RestartOnIdle&gt;,     &lt;/IdleSettings&gt;,     &lt;AllowStartOnDemand&gt;true&lt;/AllowStartOnDemand&gt;,     &lt;Enabled&gt;true&lt;/Enabled&gt;,     &lt;Hidden&gt;false&lt;/Hidden&gt;,     &lt;RunOnlyIfIdle&gt;false&lt;/RunOnlyIfIdle&gt;,     &lt;DisallowStartOnRemoteAppSession&gt;false&lt;/DisallowStartOnRemoteAppSession&gt;,     &lt;UseUnifiedSchedulingEngine&gt;true&lt;/UseUnifiedSchedulingEngine&gt;,     &lt;WakeToRun&gt;false&lt;/WakeToRun&gt;,     &lt;ExecutionTimeLimit&gt;PT0S&lt;/ExecutionTimeLimit&gt;,     &lt;Priority&gt;7&lt;/Priority&gt;,   &lt;/Settings&gt;,   &lt;Actions Context=""LocalSystem""&gt;,     &lt;ComHandler&gt;,       &lt;ClassId&gt;{DCFD3EA8-D960-4719-8206-490AE315F94F}&lt;/ClassId&gt;,     &lt;/ComHandler&gt;,   &lt;/Actions&gt;, &lt;/Task&gt;",,,,,,False,C:\Users\turana.rashidova\Downloads\campfire-1\Triage\Domain Controller\SECURITY-DC.evtx,Audit success,0,"{""EventData"":{""Data"":[{""@Name"":""SubjectUserSid"",""#text"":""S-1-5-18""},{""@Name"":""SubjectUserName"",""#text"":""DC01$""},{""@Name"":""SubjectDomainName"",""#text"":""FORELA""},{""@Name"":""SubjectLogonId"",""#text"":""0x3E7""},{""@Name"":""TaskName"",""#text"":""\\Microsoft\\Windows\\Data Integrity Scan\\Data Integrity Check And Scan""},{""@Name"":""TaskContentNew"",""#text"":""&lt;?xml version=\""1.0\"" encoding=\""UTF-16\""?&gt;, &lt;Task version=\""1.6\"" xmlns=\""http://schemas.microsoft.com/windows/2004/02/mit/task\""&gt;,   &lt;RegistrationInfo&gt;,     &lt;Source&gt;$(@%systemroot%\\system32\\discan.dll,-601)&lt;/Source&gt;,     &lt;Author&gt;$(@%systemroot%\\system32\\discan.dll,-600)&lt;/Author&gt;,     &lt;Description&gt;$(@%systemroot%\\system32\\discan.dll,-602)&lt;/Description&gt;,     &lt;URI&gt;\\Microsoft\\Windows\\Data Integrity Scan\\Data Integrity Check And Scan&lt;/URI&gt;,     &lt;SecurityDescriptor&gt;D:AI(A;;FA;;;BA)(A;;FA;;;SY)(A;;FRFX;;;LS)(A;;FR;;;AU)&lt;/SecurityDescriptor&gt;,   &lt;/RegistrationInfo&gt;,   &lt;Triggers&gt;,     &lt;CalendarTrigger id=\""Init\""&gt;,       &lt;StartBoundary&gt;2011-01-01T23:00:00&lt;/StartBoundary&gt;,       &lt;Enabled&gt;true&lt;/Enabled&gt;,       &lt;RandomDelay&gt;PT1H&lt;/RandomDelay&gt;,       &lt;ScheduleByDay&gt;,         &lt;DaysInterval&gt;1&lt;/DaysInterval&gt;,       &lt;/ScheduleByDay&gt;,     &lt;/CalendarTrigger&gt;,     &lt;BootTrigger id=\""Resume\""&gt;,       &lt;Enabled&gt;false&lt;/Enabled&gt;,       &lt;Delay&gt;PT1H&lt;/Delay&gt;,     &lt;/BootTrigger&gt;,   &lt;/Triggers&gt;,   &lt;Principals&gt;,     &lt;Principal id=\""LocalSystem\""&gt;,       &lt;UserId&gt;S-1-5-18&lt;/UserId&gt;,       &lt;RunLevel&gt;HighestAvailable&lt;/RunLevel&gt;,       &lt;LogonType&gt;InteractiveToken&lt;/LogonType&gt;,     &lt;/Principal&gt;,   &lt;/Principals&gt;,   &lt;Settings&gt;,     &lt;MultipleInstancesPolicy&gt;IgnoreNew&lt;/MultipleInstancesPolicy&gt;,     &lt;DisallowStartIfOnBatteries&gt;true&lt;/DisallowStartIfOnBatteries&gt;,     &lt;StopIfGoingOnBatteries&gt;true&lt;/StopIfGoingOnBatteries&gt;,     &lt;AllowHardTerminate&gt;true&lt;/AllowHardTerminate&gt;,     &lt;StartWhenAvailable&gt;true&lt;/StartWhenAvailable&gt;,     &lt;RunOnlyIfNetworkAvailable&gt;false&lt;/RunOnlyIfNetworkAvailable&gt;,     &lt;IdleSettings&gt;,       &lt;StopOnIdleEnd&gt;false&lt;/StopOnIdleEnd&gt;,       &lt;RestartOnIdle&gt;false&lt;/RestartOnIdle&gt;,     &lt;/IdleSettings&gt;,     &lt;AllowStartOnDemand&gt;true&lt;/AllowStartOnDemand&gt;,     &lt;Enabled&gt;true&lt;/Enabled&gt;,     &lt;Hidden&gt;false&lt;/Hidden&gt;,     &lt;RunOnlyIfIdle&gt;false&lt;/RunOnlyIfIdle&gt;,     &lt;DisallowStartOnRemoteAppSession&gt;false&lt;/DisallowStartOnRemoteAppSession&gt;,     &lt;UseUnifiedSchedulingEngine&gt;true&lt;/UseUnifiedSchedulingEngine&gt;,     &lt;WakeToRun&gt;false&lt;/WakeToRun&gt;,     &lt;ExecutionTimeLimit&gt;PT0S&lt;/ExecutionTimeLimit&gt;,     &lt;Priority&gt;7&lt;/Priority&gt;,   &lt;/Settings&gt;,   &lt;Actions Context=\""LocalSystem\""&gt;,     &lt;ComHandler&gt;,       &lt;ClassId&gt;{DCFD3EA8-D960-4719-8206-490AE315F94F}&lt;/ClassId&gt;,     &lt;/ComHandler&gt;,   &lt;/Actions&gt;, &lt;/Task&gt;""},{""@Name"":""ClientProcessStartKey"",""#text"":""3377699720528014""},{""@Name"":""ClientProcessId"",""#text"":""2180""},{""@Name"":""ParentProcessId"",""#text"":""1836""},{""@Name"":""RpcCallClientLocality"",""#text"":""0""},{""@Name"":""FQDN"",""#text"":""DC01.forela.local""}]}}"
155,6571,2024-05-21 03:14:24.8037034,4702,LogAlways,Microsoft-Windows-Security-Auditing,Security,748,968,DC01.forela.local,2,,A scheduled task was updated,FORELA\DC01$,,TaskName: \Microsoft\Windows\UpdateOrchestrator\Reboot_AC,"TaskContentNew: &lt;?xml version=""1.0"" encoding=""UTF-16""?&gt;, &lt;Task version=""1.2"" xmlns=""http://schemas.microsoft.com/windows/2004/02/mit/task""&gt;,   &lt;RegistrationInfo&gt;,     &lt;URI&gt;\Microsoft\Windows\UpdateOrchestrator\Reboot_AC&lt;/URI&gt;,   &lt;/RegistrationInfo&gt;,   &lt;Triggers&gt;,     &lt;TimeTrigger&gt;,       &lt;StartBoundary&gt;2024-05-22T06:14:24.780Z&lt;/StartBoundary&gt;,       &lt;Enabled&gt;true&lt;/Enabled&gt;,     &lt;/TimeTrigger&gt;,   &lt;/Triggers&gt;,   &lt;Settings&gt;,     &lt;MultipleInstancesPolicy&gt;IgnoreNew&lt;/MultipleInstancesPolicy&gt;,     &lt;DisallowStartIfOnBatteries&gt;true&lt;/DisallowStartIfOnBatteries&gt;,     &lt;StopIfGoingOnBatteries&gt;true&lt;/StopIfGoingOnBatteries&gt;,     &lt;AllowHardTerminate&gt;true&lt;/AllowHardTerminate&gt;,     &lt;StartWhenAvailable&gt;true&lt;/StartWhenAvailable&gt;,     &lt;RunOnlyIfNetworkAvailable&gt;false&lt;/RunOnlyIfNetworkAvailable&gt;,     &lt;IdleSettings&gt;,       &lt;Duration&gt;PT10M&lt;/Duration&gt;,       &lt;WaitTimeout&gt;PT1H&lt;/WaitTimeout&gt;,       &lt;StopOnIdleEnd&gt;true&lt;/StopOnIdleEnd&gt;,       &lt;RestartOnIdle&gt;false&lt;/RestartOnIdle&gt;,     &lt;/IdleSettings&gt;,     &lt;AllowStartOnDemand&gt;true&lt;/AllowStartOnDemand&gt;,     &lt;Enabled&gt;true&lt;/Enabled&gt;,     &lt;Hidden&gt;false&lt;/Hidden&gt;,     &lt;RunOnlyIfIdle&gt;false&lt;/RunOnlyIfIdle&gt;,     &lt;WakeToRun&gt;false&lt;/WakeToRun&gt;,     &lt;ExecutionTimeLimit&gt;PT72H&lt;/ExecutionTimeLimit&gt;,     &lt;Priority&gt;7&lt;/Priority&gt;,   &lt;/Settings&gt;,   &lt;Actions Context=""Author""&gt;,     &lt;Exec&gt;,       &lt;Command&gt;%systemroot%\system32\MusNotification.exe&lt;/Command&gt;,       &lt;Arguments&gt;Display&lt;/Arguments&gt;,     &lt;/Exec&gt;,   &lt;/Actions&gt;,   &lt;Principals&gt;,     &lt;Principal id=""Author""&gt;,       &lt;UserId&gt;S-1-5-18&lt;/UserId&gt;,       &lt;RunLevel&gt;LeastPrivilege&lt;/RunLevel&gt;,     &lt;/Principal&gt;,   &lt;/Principals&gt;, &lt;/Task&gt;",,,,,,False,C:\Users\turana.rashidova\Downloads\campfire-1\Triage\Domain Controller\SECURITY-DC.evtx,Audit success,0,"{""EventData"":{""Data"":[{""@Name"":""SubjectUserSid"",""#text"":""S-1-5-18""},{""@Name"":""SubjectUserName"",""#text"":""DC01$""},{""@Name"":""SubjectDomainName"",""#text"":""FORELA""},{""@Name"":""SubjectLogonId"",""#text"":""0x3E7""},{""@Name"":""TaskName"",""#text"":""\\Microsoft\\Windows\\UpdateOrchestrator\\Reboot_AC""},{""@Name"":""TaskContentNew"",""#text"":""&lt;?xml version=\""1.0\"" encoding=\""UTF-16\""?&gt;, &lt;Task version=\""1.2\"" xmlns=\""http://schemas.microsoft.com/windows/2004/02/mit/task\""&gt;,   &lt;RegistrationInfo&gt;,     &lt;URI&gt;\\Microsoft\\Windows\\UpdateOrchestrator\\Reboot_AC&lt;/URI&gt;,   &lt;/RegistrationInfo&gt;,   &lt;Triggers&gt;,     &lt;TimeTrigger&gt;,       &lt;StartBoundary&gt;2024-05-22T06:14:24.780Z&lt;/StartBoundary&gt;,       &lt;Enabled&gt;true&lt;/Enabled&gt;,     &lt;/TimeTrigger&gt;,   &lt;/Triggers&gt;,   &lt;Settings&gt;,     &lt;MultipleInstancesPolicy&gt;IgnoreNew&lt;/MultipleInstancesPolicy&gt;,     &lt;DisallowStartIfOnBatteries&gt;true&lt;/DisallowStartIfOnBatteries&gt;,     &lt;StopIfGoingOnBatteries&gt;true&lt;/StopIfGoingOnBatteries&gt;,     &lt;AllowHardTerminate&gt;true&lt;/AllowHardTerminate&gt;,     &lt;StartWhenAvailable&gt;true&lt;/StartWhenAvailable&gt;,     &lt;RunOnlyIfNetworkAvailable&gt;false&lt;/RunOnlyIfNetworkAvailable&gt;,     &lt;IdleSettings&gt;,       &lt;Duration&gt;PT10M&lt;/Duration&gt;,       &lt;WaitTimeout&gt;PT1H&lt;/WaitTimeout&gt;,       &lt;StopOnIdleEnd&gt;true&lt;/StopOnIdleEnd&gt;,       &lt;RestartOnIdle&gt;false&lt;/RestartOnIdle&gt;,     &lt;/IdleSettings&gt;,     &lt;AllowStartOnDemand&gt;true&lt;/AllowStartOnDemand&gt;,     &lt;Enabled&gt;true&lt;/Enabled&gt;,     &lt;Hidden&gt;false&lt;/Hidden&gt;,     &lt;RunOnlyIfIdle&gt;false&lt;/RunOnlyIfIdle&gt;,     &lt;WakeToRun&gt;false&lt;/WakeToRun&gt;,     &lt;ExecutionTimeLimit&gt;PT72H&lt;/ExecutionTimeLimit&gt;,     &lt;Priority&gt;7&lt;/Priority&gt;,   &lt;/Settings&gt;,   &lt;Actions Context=\""Author\""&gt;,     &lt;Exec&gt;,       &lt;Command&gt;%systemroot%\\system32\\MusNotification.exe&lt;/Command&gt;,       &lt;Arguments&gt;Display&lt;/Arguments&gt;,     &lt;/Exec&gt;,   &lt;/Actions&gt;,   &lt;Principals&gt;,     &lt;Principal id=\""Author\""&gt;,       &lt;UserId&gt;S-1-5-18&lt;/UserId&gt;,       &lt;RunLevel&gt;LeastPrivilege&lt;/RunLevel&gt;,     &lt;/Principal&gt;,   &lt;/Principals&gt;, &lt;/Task&gt;""},{""@Name"":""ClientProcessStartKey"",""#text"":""3377699720527991""},{""@Name"":""ClientProcessId"",""#text"":""6024""},{""@Name"":""ParentProcessId"",""#text"":""728""},{""@Name"":""RpcCallClientLocality"",""#text"":""0""},{""@Name"":""FQDN"",""#text"":""DC01.forela.local""}]}}"
156,6572,2024-05-21 03:14:24.8077686,4702,LogAlways,Microsoft-Windows-Security-Auditing,Security,748,968,DC01.forela.local,2,,A scheduled task was updated,FORELA\DC01$,,TaskName: \Microsoft\Windows\UpdateOrchestrator\MusUx_UpdateInterval,"TaskContentNew: &lt;?xml version=""1.0"" encoding=""UTF-16""?&gt;, &lt;Task version=""1.2"" xmlns=""http://schemas.microsoft.com/windows/2004/02/mit/task""&gt;,   &lt;RegistrationInfo&gt;,     &lt;URI&gt;\Microsoft\Windows\UpdateOrchestrator\MusUx_UpdateInterval&lt;/URI&gt;,   &lt;/RegistrationInfo&gt;,   &lt;Triggers&gt;,     &lt;LogonTrigger&gt;,       &lt;Enabled&gt;true&lt;/Enabled&gt;,       &lt;Delay&gt;PT35S&lt;/Delay&gt;,     &lt;/LogonTrigger&gt;,   &lt;/Triggers&gt;,   &lt;Settings&gt;,     &lt;MultipleInstancesPolicy&gt;IgnoreNew&lt;/MultipleInstancesPolicy&gt;,     &lt;DisallowStartIfOnBatteries&gt;true&lt;/DisallowStartIfOnBatteries&gt;,     &lt;StopIfGoingOnBatteries&gt;true&lt;/StopIfGoingOnBatteries&gt;,     &lt;AllowHardTerminate&gt;true&lt;/AllowHardTerminate&gt;,     &lt;StartWhenAvailable&gt;true&lt;/StartWhenAvailable&gt;,     &lt;RunOnlyIfNetworkAvailable&gt;false&lt;/RunOnlyIfNetworkAvailable&gt;,     &lt;IdleSettings&gt;,       &lt;Duration&gt;PT10M&lt;/Duration&gt;,       &lt;WaitTimeout&gt;PT1H&lt;/WaitTimeout&gt;,       &lt;StopOnIdleEnd&gt;true&lt;/StopOnIdleEnd&gt;,       &lt;RestartOnIdle&gt;false&lt;/RestartOnIdle&gt;,     &lt;/IdleSettings&gt;,     &lt;AllowStartOnDemand&gt;true&lt;/AllowStartOnDemand&gt;,     &lt;Enabled&gt;true&lt;/Enabled&gt;,     &lt;Hidden&gt;false&lt;/Hidden&gt;,     &lt;RunOnlyIfIdle&gt;false&lt;/RunOnlyIfIdle&gt;,     &lt;WakeToRun&gt;false&lt;/WakeToRun&gt;,     &lt;ExecutionTimeLimit&gt;PT72H&lt;/ExecutionTimeLimit&gt;,     &lt;Priority&gt;7&lt;/Priority&gt;,   &lt;/Settings&gt;,   &lt;Actions Context=""Author""&gt;,     &lt;Exec&gt;,       &lt;Command&gt;%systemroot%\system32\MusNotification.exe&lt;/Command&gt;,       &lt;Arguments&gt;LogonDisplay&lt;/Arguments&gt;,     &lt;/Exec&gt;,   &lt;/Actions&gt;,   &lt;Principals&gt;,     &lt;Principal id=""Author""&gt;,       &lt;UserId&gt;S-1-5-18&lt;/UserId&gt;,       &lt;RunLevel&gt;LeastPrivilege&lt;/RunLevel&gt;,     &lt;/Principal&gt;,   &lt;/Principals&gt;, &lt;/Task&gt;",,,,,,False,C:\Users\turana.rashidova\Downloads\campfire-1\Triage\Domain Controller\SECURITY-DC.evtx,Audit success,0,"{""EventData"":{""Data"":[{""@Name"":""SubjectUserSid"",""#text"":""S-1-5-18""},{""@Name"":""SubjectUserName"",""#text"":""DC01$""},{""@Name"":""SubjectDomainName"",""#text"":""FORELA""},{""@Name"":""SubjectLogonId"",""#text"":""0x3E7""},{""@Name"":""TaskName"",""#text"":""\\Microsoft\\Windows\\UpdateOrchestrator\\MusUx_UpdateInterval""},{""@Name"":""TaskContentNew"",""#text"":""&lt;?xml version=\""1.0\"" encoding=\""UTF-16\""?&gt;, &lt;Task version=\""1.2\"" xmlns=\""http://schemas.microsoft.com/windows/2004/02/mit/task\""&gt;,   &lt;RegistrationInfo&gt;,     &lt;URI&gt;\\Microsoft\\Windows\\UpdateOrchestrator\\MusUx_UpdateInterval&lt;/URI&gt;,   &lt;/RegistrationInfo&gt;,   &lt;Triggers&gt;,     &lt;LogonTrigger&gt;,       &lt;Enabled&gt;true&lt;/Enabled&gt;,       &lt;Delay&gt;PT35S&lt;/Delay&gt;,     &lt;/LogonTrigger&gt;,   &lt;/Triggers&gt;,   &lt;Settings&gt;,     &lt;MultipleInstancesPolicy&gt;IgnoreNew&lt;/MultipleInstancesPolicy&gt;,     &lt;DisallowStartIfOnBatteries&gt;true&lt;/DisallowStartIfOnBatteries&gt;,     &lt;StopIfGoingOnBatteries&gt;true&lt;/StopIfGoingOnBatteries&gt;,     &lt;AllowHardTerminate&gt;true&lt;/AllowHardTerminate&gt;,     &lt;StartWhenAvailable&gt;true&lt;/StartWhenAvailable&gt;,     &lt;RunOnlyIfNetworkAvailable&gt;false&lt;/RunOnlyIfNetworkAvailable&gt;,     &lt;IdleSettings&gt;,       &lt;Duration&gt;PT10M&lt;/Duration&gt;,       &lt;WaitTimeout&gt;PT1H&lt;/WaitTimeout&gt;,       &lt;StopOnIdleEnd&gt;true&lt;/StopOnIdleEnd&gt;,       &lt;RestartOnIdle&gt;false&lt;/RestartOnIdle&gt;,     &lt;/IdleSettings&gt;,     &lt;AllowStartOnDemand&gt;true&lt;/AllowStartOnDemand&gt;,     &lt;Enabled&gt;true&lt;/Enabled&gt;,     &lt;Hidden&gt;false&lt;/Hidden&gt;,     &lt;RunOnlyIfIdle&gt;false&lt;/RunOnlyIfIdle&gt;,     &lt;WakeToRun&gt;false&lt;/WakeToRun&gt;,     &lt;ExecutionTimeLimit&gt;PT72H&lt;/ExecutionTimeLimit&gt;,     &lt;Priority&gt;7&lt;/Priority&gt;,   &lt;/Settings&gt;,   &lt;Actions Context=\""Author\""&gt;,     &lt;Exec&gt;,       &lt;Command&gt;%systemroot%\\system32\\MusNotification.exe&lt;/Command&gt;,       &lt;Arguments&gt;LogonDisplay&lt;/Arguments&gt;,     &lt;/Exec&gt;,   &lt;/Actions&gt;,   &lt;Principals&gt;,     &lt;Principal id=\""Author\""&gt;,       &lt;UserId&gt;S-1-5-18&lt;/UserId&gt;,       &lt;RunLevel&gt;LeastPrivilege&lt;/RunLevel&gt;,     &lt;/Principal&gt;,   &lt;/Principals&gt;, &lt;/Task&gt;""},{""@Name"":""ClientProcessStartKey"",""#text"":""3377699720527991""},{""@Name"":""ClientProcessId"",""#text"":""6024""},{""@Name"":""ParentProcessId"",""#text"":""728""},{""@Name"":""RpcCallClientLocality"",""#text"":""0""},{""@Name"":""FQDN"",""#text"":""DC01.forela.local""}]}}"
157,6573,2024-05-21 03:14:26.0777791,4662,LogAlways,Microsoft-Windows-Security-Auditing,Security,748,5240,DC01.forela.local,2,,Operation performed on an object,FORELA\DC01$,,ObjectServer: WMI,ObjectType: WMI Namespace,ObjectName: root\CIMV2\security\microsofttpm,"AccessList: Unknown code (%%1552, )",AccessMask: Unknown code (0x1),,,False,C:\Users\turana.rashidova\Downloads\campfire-1\Triage\Domain Controller\SECURITY-DC.evtx,Audit success,0,"{""EventData"":{""Data"":[{""@Name"":""SubjectUserSid"",""#text"":""S-1-5-18""},{""@Name"":""SubjectUserName"",""#text"":""DC01$""},{""@Name"":""SubjectDomainName"",""#text"":""FORELA""},{""@Name"":""SubjectLogonId"",""#text"":""0x3E7""},{""@Name"":""ObjectServer"",""#text"":""WMI""},{""@Name"":""ObjectType"",""#text"":""WMI Namespace""},{""@Name"":""ObjectName"",""#text"":""root\\CIMV2\\security\\microsofttpm""},{""@Name"":""OperationType"",""#text"":""Object Access""},{""@Name"":""HandleId"",""#text"":""0x0""},{""@Name"":""AccessList"",""#text"":""%%1552, ""},{""@Name"":""AccessMask"",""#text"":""0x1""},{""@Name"":""Properties"",""#text"":""-""},{""@Name"":""AdditionalInfo"",""#text"":""Local Read (ConnectServer)""},{""@Name"":""AdditionalInfo2"",""#text"":""root\\CIMV2\\security\\microsofttpm""}]}}"
158,6574,2024-05-21 03:14:26.0780340,4662,LogAlways,Microsoft-Windows-Security-Auditing,Security,748,5240,DC01.forela.local,2,,Operation performed on an object,FORELA\DC01$,,ObjectServer: WMI,ObjectType: WMI Namespace,ObjectName: root\CIMV2\security\microsofttpm,"AccessList: Unknown code (%%1552, )",AccessMask: Unknown code (0x1),,,False,C:\Users\turana.rashidova\Downloads\campfire-1\Triage\Domain Controller\SECURITY-DC.evtx,Audit success,0,"{""EventData"":{""Data"":[{""@Name"":""SubjectUserSid"",""#text"":""S-1-5-18""},{""@Name"":""SubjectUserName"",""#text"":""DC01$""},{""@Name"":""SubjectDomainName"",""#text"":""FORELA""},{""@Name"":""SubjectLogonId"",""#text"":""0x3E7""},{""@Name"":""ObjectServer"",""#text"":""WMI""},{""@Name"":""ObjectType"",""#text"":""WMI Namespace""},{""@Name"":""ObjectName"",""#text"":""root\\CIMV2\\security\\microsofttpm""},{""@Name"":""OperationType"",""#text"":""Object Access""},{""@Name"":""HandleId"",""#text"":""0x0""},{""@Name"":""AccessList"",""#text"":""%%1552, ""},{""@Name"":""AccessMask"",""#text"":""0x1""},{""@Name"":""Properties"",""#text"":""-""},{""@Name"":""AdditionalInfo"",""#text"":""Local Read (ExecQuery)""},{""@Name"":""AdditionalInfo2"",""#text"":""root\\CIMV2\\security\\microsofttpm:SELECT ManufacturerIdTxt FROM win32_tpm""}]}}"
159,6575,2024-05-21 03:14:26.0790016,4662,LogAlways,Microsoft-Windows-Security-Auditing,Security,748,5240,DC01.forela.local,2,,Operation performed on an object,FORELA\DC01$,,ObjectServer: WMI,ObjectType: WMI Namespace,ObjectName: root\CIMV2\security\microsofttpm,"AccessList: Unknown code (%%1552, )",AccessMask: Unknown code (0x1),,,False,C:\Users\turana.rashidova\Downloads\campfire-1\Triage\Domain Controller\SECURITY-DC.evtx,Audit success,0,"{""EventData"":{""Data"":[{""@Name"":""SubjectUserSid"",""#text"":""S-1-5-18""},{""@Name"":""SubjectUserName"",""#text"":""DC01$""},{""@Name"":""SubjectDomainName"",""#text"":""FORELA""},{""@Name"":""SubjectLogonId"",""#text"":""0x3E7""},{""@Name"":""ObjectServer"",""#text"":""WMI""},{""@Name"":""ObjectType"",""#text"":""WMI Namespace""},{""@Name"":""ObjectName"",""#text"":""root\\CIMV2\\security\\microsofttpm""},{""@Name"":""OperationType"",""#text"":""Object Access""},{""@Name"":""HandleId"",""#text"":""0x0""},{""@Name"":""AccessList"",""#text"":""%%1552, ""},{""@Name"":""AccessMask"",""#text"":""0x1""},{""@Name"":""Properties"",""#text"":""-""},{""@Name"":""AdditionalInfo"",""#text"":""Local Read (ExecQuery)""},{""@Name"":""AdditionalInfo2"",""#text"":""root\\CIMV2\\security\\microsofttpm:Select * from __ClassProviderRegistration""}]}}"
160,6576,2024-05-21 03:14:26.0955989,4662,LogAlways,Microsoft-Windows-Security-Auditing,Security,748,5240,DC01.forela.local,2,,Operation performed on an object,FORELA\DC01$,,ObjectServer: WMI,ObjectType: WMI Namespace,ObjectName: root\CIMV2\security\microsofttpm,"AccessList: Unknown code (%%1552, )",AccessMask: Unknown code (0x1),,,False,C:\Users\turana.rashidova\Downloads\campfire-1\Triage\Domain Controller\SECURITY-DC.evtx,Audit success,0,"{""EventData"":{""Data"":[{""@Name"":""SubjectUserSid"",""#text"":""S-1-5-18""},{""@Name"":""SubjectUserName"",""#text"":""DC01$""},{""@Name"":""SubjectDomainName"",""#text"":""FORELA""},{""@Name"":""SubjectLogonId"",""#text"":""0x3E7""},{""@Name"":""ObjectServer"",""#text"":""WMI""},{""@Name"":""ObjectType"",""#text"":""WMI Namespace""},{""@Name"":""ObjectName"",""#text"":""root\\CIMV2\\security\\microsofttpm""},{""@Name"":""OperationType"",""#text"":""Object Access""},{""@Name"":""HandleId"",""#text"":""0x0""},{""@Name"":""AccessList"",""#text"":""%%1552, ""},{""@Name"":""AccessMask"",""#text"":""0x1""},{""@Name"":""Properties"",""#text"":""-""},{""@Name"":""AdditionalInfo"",""#text"":""Local Read (GetObject)""},{""@Name"":""AdditionalInfo2"",""#text"":""root\\CIMV2\\security\\microsofttpm:__Win32Provider.Name=\""Win32_TpmProvider\""""}]}}"
161,6577,2024-05-21 03:14:26.0964950,4662,LogAlways,Microsoft-Windows-Security-Auditing,Security,748,5240,DC01.forela.local,2,,Operation performed on an object,FORELA\DC01$,,ObjectServer: WMI,ObjectType: WMI Namespace,ObjectName: root\CIMV2\security\microsofttpm,"AccessList: Unknown code (%%1552, )",AccessMask: Unknown code (0x1),,,False,C:\Users\turana.rashidova\Downloads\campfire-1\Triage\Domain Controller\SECURITY-DC.evtx,Audit success,0,"{""EventData"":{""Data"":[{""@Name"":""SubjectUserSid"",""#text"":""S-1-5-18""},{""@Name"":""SubjectUserName"",""#text"":""DC01$""},{""@Name"":""SubjectDomainName"",""#text"":""FORELA""},{""@Name"":""SubjectLogonId"",""#text"":""0x3E7""},{""@Name"":""ObjectServer"",""#text"":""WMI""},{""@Name"":""ObjectType"",""#text"":""WMI Namespace""},{""@Name"":""ObjectName"",""#text"":""root\\CIMV2\\security\\microsofttpm""},{""@Name"":""OperationType"",""#text"":""Object Access""},{""@Name"":""HandleId"",""#text"":""0x0""},{""@Name"":""AccessList"",""#text"":""%%1552, ""},{""@Name"":""AccessMask"",""#text"":""0x1""},{""@Name"":""Properties"",""#text"":""-""},{""@Name"":""AdditionalInfo"",""#text"":""Local Read (ExecQuery)""},{""@Name"":""AdditionalInfo2"",""#text"":""root\\CIMV2\\security\\microsofttpm:references of {__Win32Provider.Name=\""Win32_TpmProvider\""}""}]}}"
162,6578,2024-05-21 03:14:26.0979760,4662,LogAlways,Microsoft-Windows-Security-Auditing,Security,748,5240,DC01.forela.local,2,,Operation performed on an object,FORELA\DC01$,,ObjectServer: WMI,ObjectType: WMI Namespace,ObjectName: root\CIMV2\security\microsofttpm,"AccessList: Unknown code (%%1552, )",AccessMask: Unknown code (0x1),,,False,C:\Users\turana.rashidova\Downloads\campfire-1\Triage\Domain Controller\SECURITY-DC.evtx,Audit success,0,"{""EventData"":{""Data"":[{""@Name"":""SubjectUserSid"",""#text"":""S-1-5-20""},{""@Name"":""SubjectUserName"",""#text"":""DC01$""},{""@Name"":""SubjectDomainName"",""#text"":""FORELA""},{""@Name"":""SubjectLogonId"",""#text"":""0x3E4""},{""@Name"":""ObjectServer"",""#text"":""WMI""},{""@Name"":""ObjectType"",""#text"":""WMI Namespace""},{""@Name"":""ObjectName"",""#text"":""root\\CIMV2\\security\\microsofttpm""},{""@Name"":""OperationType"",""#text"":""Object Access""},{""@Name"":""HandleId"",""#text"":""0x0""},{""@Name"":""AccessList"",""#text"":""%%1552, ""},{""@Name"":""AccessMask"",""#text"":""0x1""},{""@Name"":""Properties"",""#text"":""-""},{""@Name"":""AdditionalInfo"",""#text"":""Local Read (GetObject)""},{""@Name"":""AdditionalInfo2"",""#text"":""root\\CIMV2\\security\\microsofttpm:__Win32Provider.Name=\""Win32_TpmProvider\""""}]}}"
163,6579,2024-05-21 03:14:26.0982222,4662,LogAlways,Microsoft-Windows-Security-Auditing,Security,748,5240,DC01.forela.local,2,,Operation performed on an object,FORELA\DC01$,,ObjectServer: WMI,ObjectType: WMI Namespace,ObjectName: root\CIMV2\security\microsofttpm,"AccessList: Unknown code (%%1552, )",AccessMask: Unknown code (0x1),,,False,C:\Users\turana.rashidova\Downloads\campfire-1\Triage\Domain Controller\SECURITY-DC.evtx,Audit success,0,"{""EventData"":{""Data"":[{""@Name"":""SubjectUserSid"",""#text"":""S-1-5-20""},{""@Name"":""SubjectUserName"",""#text"":""DC01$""},{""@Name"":""SubjectDomainName"",""#text"":""FORELA""},{""@Name"":""SubjectLogonId"",""#text"":""0x3E4""},{""@Name"":""ObjectServer"",""#text"":""WMI""},{""@Name"":""ObjectType"",""#text"":""WMI Namespace""},{""@Name"":""ObjectName"",""#text"":""root\\CIMV2\\security\\microsofttpm""},{""@Name"":""OperationType"",""#text"":""Object Access""},{""@Name"":""HandleId"",""#text"":""0x0""},{""@Name"":""AccessList"",""#text"":""%%1552, ""},{""@Name"":""AccessMask"",""#text"":""0x1""},{""@Name"":""Properties"",""#text"":""-""},{""@Name"":""AdditionalInfo"",""#text"":""Local Read (ExecQuery)""},{""@Name"":""AdditionalInfo2"",""#text"":""root\\CIMV2\\security\\microsofttpm:references of {__Win32Provider.Name=\""Win32_TpmProvider\""}""}]}}"
164,6580,2024-05-21 03:14:26.1138117,4662,LogAlways,Microsoft-Windows-Security-Auditing,Security,748,5240,DC01.forela.local,2,,Operation performed on an object,FORELA\DC01$,,ObjectServer: WMI,ObjectType: WMI Namespace,ObjectName: root\CIMV2\security\microsofttpm,"AccessList: Unknown code (%%1552, )",AccessMask: Unknown code (0x1),,,False,C:\Users\turana.rashidova\Downloads\campfire-1\Triage\Domain Controller\SECURITY-DC.evtx,Audit success,0,"{""EventData"":{""Data"":[{""@Name"":""SubjectUserSid"",""#text"":""S-1-5-18""},{""@Name"":""SubjectUserName"",""#text"":""DC01$""},{""@Name"":""SubjectDomainName"",""#text"":""FORELA""},{""@Name"":""SubjectLogonId"",""#text"":""0x3E7""},{""@Name"":""ObjectServer"",""#text"":""WMI""},{""@Name"":""ObjectType"",""#text"":""WMI Namespace""},{""@Name"":""ObjectName"",""#text"":""root\\CIMV2\\security\\microsofttpm""},{""@Name"":""OperationType"",""#text"":""Object Access""},{""@Name"":""HandleId"",""#text"":""0x0""},{""@Name"":""AccessList"",""#text"":""%%1552, ""},{""@Name"":""AccessMask"",""#text"":""0x1""},{""@Name"":""Properties"",""#text"":""-""},{""@Name"":""AdditionalInfo"",""#text"":""Local Read (GetObject)""},{""@Name"":""AdditionalInfo2"",""#text"":""root\\CIMV2\\security\\microsofttpm:Win32_Tpm""}]}}"
