97,13116,2023-03-27 14:52:19.9566839,4702,LogAlways,Microsoft-Windows-Security-Auditing,Security,780,1488,DESKTOP-887GK2L,1,,A scheduled task was updated,WORKGROUP\DESKTOP-887GK2L$,,TaskName: \Microsoft\Windows\UpdateOrchestrator\Schedule Work,"TaskContentNew: &lt;?xml version=""1.0"" encoding=""UTF-16""?&gt;, &lt;Task version=""1.2"" xmlns=""http://schemas.microsoft.com/windows/2004/02/mit/task""&gt;,   &lt;RegistrationInfo&gt;,     &lt;URI&gt;\Microsoft\Windows\UpdateOrchestrator\Schedule Work&lt;/URI&gt;,     &lt;SecurityDescriptor&gt;D:P(A;;FA;;;SY)(A;;FRFX;;;LS)(A;;FRFX;;;BA)&lt;/SecurityDescriptor&gt;,   &lt;/RegistrationInfo&gt;,   &lt;Triggers&gt;,     &lt;TimeTrigger&gt;,       &lt;StartBoundary&gt;2023-03-01T04:46:44-07:00&lt;/StartBoundary&gt;,       &lt;Enabled&gt;true&lt;/Enabled&gt;,     &lt;/TimeTrigger&gt;,   &lt;/Triggers&gt;,   &lt;Principals&gt;,     &lt;Principal id=""Author""&gt;,       &lt;RunLevel&gt;LeastPrivilege&lt;/RunLevel&gt;,       &lt;UserId&gt;S-1-5-18&lt;/UserId&gt;,     &lt;/Principal&gt;,   &lt;/Principals&gt;,   &lt;Settings&gt;,     &lt;MultipleInstancesPolicy&gt;IgnoreNew&lt;/MultipleInstancesPolicy&gt;,     &lt;DisallowStartIfOnBatteries&gt;true&lt;/DisallowStartIfOnBatteries&gt;,     &lt;StopIfGoingOnBatteries&gt;true&lt;/StopIfGoingOnBatteries&gt;,     &lt;AllowHardTerminate&gt;true&lt;/AllowHardTerminate&gt;,     &lt;StartWhenAvailable&gt;true&lt;/StartWhenAvailable&gt;,     &lt;RunOnlyIfNetworkAvailable&gt;false&lt;/RunOnlyIfNetworkAvailable&gt;,     &lt;IdleSettings&gt;,       &lt;Duration&gt;PT10M&lt;/Duration&gt;,       &lt;WaitTimeout&gt;PT1H&lt;/WaitTimeout&gt;,       &lt;StopOnIdleEnd&gt;true&lt;/StopOnIdleEnd&gt;,       &lt;RestartOnIdle&gt;false&lt;/RestartOnIdle&gt;,     &lt;/IdleSettings&gt;,     &lt;AllowStartOnDemand&gt;true&lt;/AllowStartOnDemand&gt;,     &lt;Enabled&gt;false&lt;/Enabled&gt;,     &lt;Hidden&gt;false&lt;/Hidden&gt;,     &lt;RunOnlyIfIdle&gt;false&lt;/RunOnlyIfIdle&gt;,     &lt;WakeToRun&gt;false&lt;/WakeToRun&gt;,     &lt;ExecutionTimeLimit&gt;PT72H&lt;/ExecutionTimeLimit&gt;,     &lt;Priority&gt;7&lt;/Priority&gt;,   &lt;/Settings&gt;,   &lt;Actions Context=""Author""&gt;,     &lt;Exec&gt;,       &lt;Command&gt;%systemroot%\system32\usoclient.exe&lt;/Command&gt;,       &lt;Arguments&gt;StartWork&lt;/Arguments&gt;,     &lt;/Exec&gt;,   &lt;/Actions&gt;, &lt;/Task&gt;",,,,,,False,C:\Users\turan\Desktop\defense-work-evtx-files\Security.evtx,Audit success,0,"{""EventData"":{""Data"":[{""@Name"":""SubjectUserSid"",""#text"":""S-1-5-18""},{""@Name"":""SubjectUserName"",""#text"":""DESKTOP-887GK2L$""},{""@Name"":""SubjectDomainName"",""#text"":""WORKGROUP""},{""@Name"":""SubjectLogonId"",""#text"":""0x3E7""},{""@Name"":""TaskName"",""#text"":""\\Microsoft\\Windows\\UpdateOrchestrator\\Schedule Work""},{""@Name"":""TaskContentNew"",""#text"":""&lt;?xml version=\""1.0\"" encoding=\""UTF-16\""?&gt;, &lt;Task version=\""1.2\"" xmlns=\""http://schemas.microsoft.com/windows/2004/02/mit/task\""&gt;,   &lt;RegistrationInfo&gt;,     &lt;URI&gt;\\Microsoft\\Windows\\UpdateOrchestrator\\Schedule Work&lt;/URI&gt;,     &lt;SecurityDescriptor&gt;D:P(A;;FA;;;SY)(A;;FRFX;;;LS)(A;;FRFX;;;BA)&lt;/SecurityDescriptor&gt;,   &lt;/RegistrationInfo&gt;,   &lt;Triggers&gt;,     &lt;TimeTrigger&gt;,       &lt;StartBoundary&gt;2023-03-01T04:46:44-07:00&lt;/StartBoundary&gt;,       &lt;Enabled&gt;true&lt;/Enabled&gt;,     &lt;/TimeTrigger&gt;,   &lt;/Triggers&gt;,   &lt;Principals&gt;,     &lt;Principal id=\""Author\""&gt;,       &lt;RunLevel&gt;LeastPrivilege&lt;/RunLevel&gt;,       &lt;UserId&gt;S-1-5-18&lt;/UserId&gt;,     &lt;/Principal&gt;,   &lt;/Principals&gt;,   &lt;Settings&gt;,     &lt;MultipleInstancesPolicy&gt;IgnoreNew&lt;/MultipleInstancesPolicy&gt;,     &lt;DisallowStartIfOnBatteries&gt;true&lt;/DisallowStartIfOnBatteries&gt;,     &lt;StopIfGoingOnBatteries&gt;true&lt;/StopIfGoingOnBatteries&gt;,     &lt;AllowHardTerminate&gt;true&lt;/AllowHardTerminate&gt;,     &lt;StartWhenAvailable&gt;true&lt;/StartWhenAvailable&gt;,     &lt;RunOnlyIfNetworkAvailable&gt;false&lt;/RunOnlyIfNetworkAvailable&gt;,     &lt;IdleSettings&gt;,       &lt;Duration&gt;PT10M&lt;/Duration&gt;,       &lt;WaitTimeout&gt;PT1H&lt;/WaitTimeout&gt;,       &lt;StopOnIdleEnd&gt;true&lt;/StopOnIdleEnd&gt;,       &lt;RestartOnIdle&gt;false&lt;/RestartOnIdle&gt;,     &lt;/IdleSettings&gt;,     &lt;AllowStartOnDemand&gt;true&lt;/AllowStartOnDemand&gt;,     &lt;Enabled&gt;false&lt;/Enabled&gt;,     &lt;Hidden&gt;false&lt;/Hidden&gt;,     &lt;RunOnlyIfIdle&gt;false&lt;/RunOnlyIfIdle&gt;,     &lt;WakeToRun&gt;false&lt;/WakeToRun&gt;,     &lt;ExecutionTimeLimit&gt;PT72H&lt;/ExecutionTimeLimit&gt;,     &lt;Priority&gt;7&lt;/Priority&gt;,   &lt;/Settings&gt;,   &lt;Actions Context=\""Author\""&gt;,     &lt;Exec&gt;,       &lt;Command&gt;%systemroot%\\system32\\usoclient.exe&lt;/Command&gt;,       &lt;Arguments&gt;StartWork&lt;/Arguments&gt;,     &lt;/Exec&gt;,   &lt;/Actions&gt;, &lt;/Task&gt;""},{""@Name"":""ClientProcessStartKey"",""#text"":""4222124650660190""},{""@Name"":""ClientProcessId"",""#text"":""3964""},{""@Name"":""ParentProcessId"",""#text"":""888""},{""@Name"":""RpcCallClientLocality"",""#text"":""0""},{""@Name"":""FQDN"",""#text"":""DESKTOP-887GK2L""}]}}"
98,13117,2023-03-27 14:52:19.9607642,4702,LogAlways,Microsoft-Windows-Security-Auditing,Security,780,1488,DESKTOP-887GK2L,1,,A scheduled task was updated,WORKGROUP\DESKTOP-887GK2L$,,TaskName: \Microsoft\Windows\UpdateOrchestrator\Schedule Work,"TaskContentNew: &lt;?xml version=""1.0"" encoding=""UTF-16""?&gt;, &lt;Task version=""1.2"" xmlns=""http://schemas.microsoft.com/windows/2004/02/mit/task""&gt;,   &lt;RegistrationInfo&gt;,     &lt;URI&gt;\Microsoft\Windows\UpdateOrchestrator\Schedule Work&lt;/URI&gt;,   &lt;/RegistrationInfo&gt;,   &lt;Triggers&gt;,     &lt;TimeTrigger&gt;,       &lt;StartBoundary&gt;2023-03-01T04:46:44-07:00&lt;/StartBoundary&gt;,       &lt;Enabled&gt;true&lt;/Enabled&gt;,     &lt;/TimeTrigger&gt;,   &lt;/Triggers&gt;,   &lt;Principals&gt;,     &lt;Principal id=""Author""&gt;,       &lt;UserId&gt;S-1-5-18&lt;/UserId&gt;,       &lt;RunLevel&gt;LeastPrivilege&lt;/RunLevel&gt;,     &lt;/Principal&gt;,   &lt;/Principals&gt;,   &lt;Settings&gt;,     &lt;MultipleInstancesPolicy&gt;IgnoreNew&lt;/MultipleInstancesPolicy&gt;,     &lt;DisallowStartIfOnBatteries&gt;true&lt;/DisallowStartIfOnBatteries&gt;,     &lt;StopIfGoingOnBatteries&gt;true&lt;/StopIfGoingOnBatteries&gt;,     &lt;AllowHardTerminate&gt;true&lt;/AllowHardTerminate&gt;,     &lt;StartWhenAvailable&gt;true&lt;/StartWhenAvailable&gt;,     &lt;RunOnlyIfNetworkAvailable&gt;false&lt;/RunOnlyIfNetworkAvailable&gt;,     &lt;IdleSettings&gt;,       &lt;Duration&gt;PT10M&lt;/Duration&gt;,       &lt;WaitTimeout&gt;PT1H&lt;/WaitTimeout&gt;,       &lt;StopOnIdleEnd&gt;true&lt;/StopOnIdleEnd&gt;,       &lt;RestartOnIdle&gt;false&lt;/RestartOnIdle&gt;,     &lt;/IdleSettings&gt;,     &lt;AllowStartOnDemand&gt;true&lt;/AllowStartOnDemand&gt;,     &lt;Enabled&gt;false&lt;/Enabled&gt;,     &lt;Hidden&gt;false&lt;/Hidden&gt;,     &lt;RunOnlyIfIdle&gt;false&lt;/RunOnlyIfIdle&gt;,     &lt;WakeToRun&gt;false&lt;/WakeToRun&gt;,     &lt;ExecutionTimeLimit&gt;PT72H&lt;/ExecutionTimeLimit&gt;,     &lt;Priority&gt;7&lt;/Priority&gt;,   &lt;/Settings&gt;,   &lt;Actions Context=""Author""&gt;,     &lt;Exec&gt;,       &lt;Command&gt;%systemroot%\system32\usoclient.exe&lt;/Command&gt;,       &lt;Arguments&gt;StartWork&lt;/Arguments&gt;,     &lt;/Exec&gt;,   &lt;/Actions&gt;, &lt;/Task&gt;",,,,,,False,C:\Users\turan\Desktop\defense-work-evtx-files\Security.evtx,Audit success,0,"{""EventData"":{""Data"":[{""@Name"":""SubjectUserSid"",""#text"":""S-1-5-18""},{""@Name"":""SubjectUserName"",""#text"":""DESKTOP-887GK2L$""},{""@Name"":""SubjectDomainName"",""#text"":""WORKGROUP""},{""@Name"":""SubjectLogonId"",""#text"":""0x3E7""},{""@Name"":""TaskName"",""#text"":""\\Microsoft\\Windows\\UpdateOrchestrator\\Schedule Work""},{""@Name"":""TaskContentNew"",""#text"":""&lt;?xml version=\""1.0\"" encoding=\""UTF-16\""?&gt;, &lt;Task version=\""1.2\"" xmlns=\""http://schemas.microsoft.com/windows/2004/02/mit/task\""&gt;,   &lt;RegistrationInfo&gt;,     &lt;URI&gt;\\Microsoft\\Windows\\UpdateOrchestrator\\Schedule Work&lt;/URI&gt;,   &lt;/RegistrationInfo&gt;,   &lt;Triggers&gt;,     &lt;TimeTrigger&gt;,       &lt;StartBoundary&gt;2023-03-01T04:46:44-07:00&lt;/StartBoundary&gt;,       &lt;Enabled&gt;true&lt;/Enabled&gt;,     &lt;/TimeTrigger&gt;,   &lt;/Triggers&gt;,   &lt;Principals&gt;,     &lt;Principal id=\""Author\""&gt;,       &lt;UserId&gt;S-1-5-18&lt;/UserId&gt;,       &lt;RunLevel&gt;LeastPrivilege&lt;/RunLevel&gt;,     &lt;/Principal&gt;,   &lt;/Principals&gt;,   &lt;Settings&gt;,     &lt;MultipleInstancesPolicy&gt;IgnoreNew&lt;/MultipleInstancesPolicy&gt;,     &lt;DisallowStartIfOnBatteries&gt;true&lt;/DisallowStartIfOnBatteries&gt;,     &lt;StopIfGoingOnBatteries&gt;true&lt;/StopIfGoingOnBatteries&gt;,     &lt;AllowHardTerminate&gt;true&lt;/AllowHardTerminate&gt;,     &lt;StartWhenAvailable&gt;true&lt;/StartWhenAvailable&gt;,     &lt;RunOnlyIfNetworkAvailable&gt;false&lt;/RunOnlyIfNetworkAvailable&gt;,     &lt;IdleSettings&gt;,       &lt;Duration&gt;PT10M&lt;/Duration&gt;,       &lt;WaitTimeout&gt;PT1H&lt;/WaitTimeout&gt;,       &lt;StopOnIdleEnd&gt;true&lt;/StopOnIdleEnd&gt;,       &lt;RestartOnIdle&gt;false&lt;/RestartOnIdle&gt;,     &lt;/IdleSettings&gt;,     &lt;AllowStartOnDemand&gt;true&lt;/AllowStartOnDemand&gt;,     &lt;Enabled&gt;false&lt;/Enabled&gt;,     &lt;Hidden&gt;false&lt;/Hidden&gt;,     &lt;RunOnlyIfIdle&gt;false&lt;/RunOnlyIfIdle&gt;,     &lt;WakeToRun&gt;false&lt;/WakeToRun&gt;,     &lt;ExecutionTimeLimit&gt;PT72H&lt;/ExecutionTimeLimit&gt;,     &lt;Priority&gt;7&lt;/Priority&gt;,   &lt;/Settings&gt;,   &lt;Actions Context=\""Author\""&gt;,     &lt;Exec&gt;,       &lt;Command&gt;%systemroot%\\system32\\usoclient.exe&lt;/Command&gt;,       &lt;Arguments&gt;StartWork&lt;/Arguments&gt;,     &lt;/Exec&gt;,   &lt;/Actions&gt;, &lt;/Task&gt;""},{""@Name"":""ClientProcessStartKey"",""#text"":""4222124650660191""},{""@Name"":""ClientProcessId"",""#text"":""6440""},{""@Name"":""ParentProcessId"",""#text"":""712""},{""@Name"":""RpcCallClientLocality"",""#text"":""0""},{""@Name"":""FQDN"",""#text"":""DESKTOP-887GK2L""}]}}"
99,13118,2023-03-27 14:52:19.9665052,4702,LogAlways,Microsoft-Windows-Security-Auditing,Security,780,1488,DESKTOP-887GK2L,1,,A scheduled task was updated,WORKGROUP\DESKTOP-887GK2L$,,TaskName: \Microsoft\Windows\UpdateOrchestrator\Schedule Wake To Work,"TaskContentNew: &lt;?xml version=""1.0"" encoding=""UTF-16""?&gt;, &lt;Task version=""1.2"" xmlns=""http://schemas.microsoft.com/windows/2004/02/mit/task""&gt;,   &lt;RegistrationInfo&gt;,     &lt;URI&gt;\Microsoft\Windows\UpdateOrchestrator\Schedule Wake To Work&lt;/URI&gt;,     &lt;SecurityDescriptor&gt;D:P(A;;FA;;;SY)(A;;FRFX;;;LS)(A;;FRFX;;;BA)&lt;/SecurityDescriptor&gt;,   &lt;/RegistrationInfo&gt;,   &lt;Triggers /&gt;,   &lt;Principals&gt;,     &lt;Principal id=""Author""&gt;,       &lt;RunLevel&gt;LeastPrivilege&lt;/RunLevel&gt;,       &lt;UserId&gt;S-1-5-18&lt;/UserId&gt;,     &lt;/Principal&gt;,   &lt;/Principals&gt;,   &lt;Settings&gt;,     &lt;MultipleInstancesPolicy&gt;IgnoreNew&lt;/MultipleInstancesPolicy&gt;,     &lt;DisallowStartIfOnBatteries&gt;true&lt;/DisallowStartIfOnBatteries&gt;,     &lt;StopIfGoingOnBatteries&gt;true&lt;/StopIfGoingOnBatteries&gt;,     &lt;AllowHardTerminate&gt;true&lt;/AllowHardTerminate&gt;,     &lt;StartWhenAvailable&gt;false&lt;/StartWhenAvailable&gt;,     &lt;RunOnlyIfNetworkAvailable&gt;false&lt;/RunOnlyIfNetworkAvailable&gt;,     &lt;IdleSettings&gt;,       &lt;Duration&gt;PT10M&lt;/Duration&gt;,       &lt;WaitTimeout&gt;PT1H&lt;/WaitTimeout&gt;,       &lt;StopOnIdleEnd&gt;true&lt;/StopOnIdleEnd&gt;,       &lt;RestartOnIdle&gt;false&lt;/RestartOnIdle&gt;,     &lt;/IdleSettings&gt;,     &lt;AllowStartOnDemand&gt;true&lt;/AllowStartOnDemand&gt;,     &lt;Enabled&gt;false&lt;/Enabled&gt;,     &lt;Hidden&gt;false&lt;/Hidden&gt;,     &lt;RunOnlyIfIdle&gt;false&lt;/RunOnlyIfIdle&gt;,     &lt;WakeToRun&gt;false&lt;/WakeToRun&gt;,     &lt;ExecutionTimeLimit&gt;PT72H&lt;/ExecutionTimeLimit&gt;,     &lt;Priority&gt;7&lt;/Priority&gt;,   &lt;/Settings&gt;,   &lt;Actions Context=""Author""&gt;,     &lt;Exec&gt;,       &lt;Command&gt;%systemroot%\system32\usoclient.exe&lt;/Command&gt;,       &lt;Arguments&gt;StartWork&lt;/Arguments&gt;,     &lt;/Exec&gt;,   &lt;/Actions&gt;, &lt;/Task&gt;",,,,,,False,C:\Users\turan\Desktop\defense-work-evtx-files\Security.evtx,Audit success,0,"{""EventData"":{""Data"":[{""@Name"":""SubjectUserSid"",""#text"":""S-1-5-18""},{""@Name"":""SubjectUserName"",""#text"":""DESKTOP-887GK2L$""},{""@Name"":""SubjectDomainName"",""#text"":""WORKGROUP""},{""@Name"":""SubjectLogonId"",""#text"":""0x3E7""},{""@Name"":""TaskName"",""#text"":""\\Microsoft\\Windows\\UpdateOrchestrator\\Schedule Wake To Work""},{""@Name"":""TaskContentNew"",""#text"":""&lt;?xml version=\""1.0\"" encoding=\""UTF-16\""?&gt;, &lt;Task version=\""1.2\"" xmlns=\""http://schemas.microsoft.com/windows/2004/02/mit/task\""&gt;,   &lt;RegistrationInfo&gt;,     &lt;URI&gt;\\Microsoft\\Windows\\UpdateOrchestrator\\Schedule Wake To Work&lt;/URI&gt;,     &lt;SecurityDescriptor&gt;D:P(A;;FA;;;SY)(A;;FRFX;;;LS)(A;;FRFX;;;BA)&lt;/SecurityDescriptor&gt;,   &lt;/RegistrationInfo&gt;,   &lt;Triggers /&gt;,   &lt;Principals&gt;,     &lt;Principal id=\""Author\""&gt;,       &lt;RunLevel&gt;LeastPrivilege&lt;/RunLevel&gt;,       &lt;UserId&gt;S-1-5-18&lt;/UserId&gt;,     &lt;/Principal&gt;,   &lt;/Principals&gt;,   &lt;Settings&gt;,     &lt;MultipleInstancesPolicy&gt;IgnoreNew&lt;/MultipleInstancesPolicy&gt;,     &lt;DisallowStartIfOnBatteries&gt;true&lt;/DisallowStartIfOnBatteries&gt;,     &lt;StopIfGoingOnBatteries&gt;true&lt;/StopIfGoingOnBatteries&gt;,     &lt;AllowHardTerminate&gt;true&lt;/AllowHardTerminate&gt;,     &lt;StartWhenAvailable&gt;false&lt;/StartWhenAvailable&gt;,     &lt;RunOnlyIfNetworkAvailable&gt;false&lt;/RunOnlyIfNetworkAvailable&gt;,     &lt;IdleSettings&gt;,       &lt;Duration&gt;PT10M&lt;/Duration&gt;,       &lt;WaitTimeout&gt;PT1H&lt;/WaitTimeout&gt;,       &lt;StopOnIdleEnd&gt;true&lt;/StopOnIdleEnd&gt;,       &lt;RestartOnIdle&gt;false&lt;/RestartOnIdle&gt;,     &lt;/IdleSettings&gt;,     &lt;AllowStartOnDemand&gt;true&lt;/AllowStartOnDemand&gt;,     &lt;Enabled&gt;false&lt;/Enabled&gt;,     &lt;Hidden&gt;false&lt;/Hidden&gt;,     &lt;RunOnlyIfIdle&gt;false&lt;/RunOnlyIfIdle&gt;,     &lt;WakeToRun&gt;false&lt;/WakeToRun&gt;,     &lt;ExecutionTimeLimit&gt;PT72H&lt;/ExecutionTimeLimit&gt;,     &lt;Priority&gt;7&lt;/Priority&gt;,   &lt;/Settings&gt;,   &lt;Actions Context=\""Author\""&gt;,     &lt;Exec&gt;,       &lt;Command&gt;%systemroot%\\system32\\usoclient.exe&lt;/Command&gt;,       &lt;Arguments&gt;StartWork&lt;/Arguments&gt;,     &lt;/Exec&gt;,   &lt;/Actions&gt;, &lt;/Task&gt;""},{""@Name"":""ClientProcessStartKey"",""#text"":""4222124650660190""},{""@Name"":""ClientProcessId"",""#text"":""3964""},{""@Name"":""ParentProcessId"",""#text"":""888""},{""@Name"":""RpcCallClientLocality"",""#text"":""0""},{""@Name"":""FQDN"",""#text"":""DESKTOP-887GK2L""}]}}"
100,13119,2023-03-27 14:52:19.9702138,4702,LogAlways,Microsoft-Windows-Security-Auditing,Security,780,1488,DESKTOP-887GK2L,1,,A scheduled task was updated,WORKGROUP\DESKTOP-887GK2L$,,TaskName: \Microsoft\Windows\UpdateOrchestrator\Schedule Wake To Work,"TaskContentNew: &lt;?xml version=""1.0"" encoding=""UTF-16""?&gt;, &lt;Task version=""1.2"" xmlns=""http://schemas.microsoft.com/windows/2004/02/mit/task""&gt;,   &lt;RegistrationInfo&gt;,     &lt;URI&gt;\Microsoft\Windows\UpdateOrchestrator\Schedule Wake To Work&lt;/URI&gt;,   &lt;/RegistrationInfo&gt;,   &lt;Triggers /&gt;,   &lt;Principals&gt;,     &lt;Principal id=""Author""&gt;,       &lt;UserId&gt;S-1-5-18&lt;/UserId&gt;,       &lt;RunLevel&gt;LeastPrivilege&lt;/RunLevel&gt;,     &lt;/Principal&gt;,   &lt;/Principals&gt;,   &lt;Settings&gt;,     &lt;MultipleInstancesPolicy&gt;IgnoreNew&lt;/MultipleInstancesPolicy&gt;,     &lt;DisallowStartIfOnBatteries&gt;true&lt;/DisallowStartIfOnBatteries&gt;,     &lt;StopIfGoingOnBatteries&gt;true&lt;/StopIfGoingOnBatteries&gt;,     &lt;AllowHardTerminate&gt;true&lt;/AllowHardTerminate&gt;,     &lt;StartWhenAvailable&gt;false&lt;/StartWhenAvailable&gt;,     &lt;RunOnlyIfNetworkAvailable&gt;false&lt;/RunOnlyIfNetworkAvailable&gt;,     &lt;IdleSettings&gt;,       &lt;Duration&gt;PT10M&lt;/Duration&gt;,       &lt;WaitTimeout&gt;PT1H&lt;/WaitTimeout&gt;,       &lt;StopOnIdleEnd&gt;true&lt;/StopOnIdleEnd&gt;,       &lt;RestartOnIdle&gt;false&lt;/RestartOnIdle&gt;,     &lt;/IdleSettings&gt;,     &lt;AllowStartOnDemand&gt;true&lt;/AllowStartOnDemand&gt;,     &lt;Enabled&gt;false&lt;/Enabled&gt;,     &lt;Hidden&gt;false&lt;/Hidden&gt;,     &lt;RunOnlyIfIdle&gt;false&lt;/RunOnlyIfIdle&gt;,     &lt;WakeToRun&gt;false&lt;/WakeToRun&gt;,     &lt;ExecutionTimeLimit&gt;PT72H&lt;/ExecutionTimeLimit&gt;,     &lt;Priority&gt;7&lt;/Priority&gt;,   &lt;/Settings&gt;,   &lt;Actions Context=""Author""&gt;,     &lt;Exec&gt;,       &lt;Command&gt;%systemroot%\system32\usoclient.exe&lt;/Command&gt;,       &lt;Arguments&gt;StartWork&lt;/Arguments&gt;,     &lt;/Exec&gt;,   &lt;/Actions&gt;, &lt;/Task&gt;",,,,,,False,C:\Users\turan\Desktop\defense-work-evtx-files\Security.evtx,Audit success,0,"{""EventData"":{""Data"":[{""@Name"":""SubjectUserSid"",""#text"":""S-1-5-18""},{""@Name"":""SubjectUserName"",""#text"":""DESKTOP-887GK2L$""},{""@Name"":""SubjectDomainName"",""#text"":""WORKGROUP""},{""@Name"":""SubjectLogonId"",""#text"":""0x3E7""},{""@Name"":""TaskName"",""#text"":""\\Microsoft\\Windows\\UpdateOrchestrator\\Schedule Wake To Work""},{""@Name"":""TaskContentNew"",""#text"":""&lt;?xml version=\""1.0\"" encoding=\""UTF-16\""?&gt;, &lt;Task version=\""1.2\"" xmlns=\""http://schemas.microsoft.com/windows/2004/02/mit/task\""&gt;,   &lt;RegistrationInfo&gt;,     &lt;URI&gt;\\Microsoft\\Windows\\UpdateOrchestrator\\Schedule Wake To Work&lt;/URI&gt;,   &lt;/RegistrationInfo&gt;,   &lt;Triggers /&gt;,   &lt;Principals&gt;,     &lt;Principal id=\""Author\""&gt;,       &lt;UserId&gt;S-1-5-18&lt;/UserId&gt;,       &lt;RunLevel&gt;LeastPrivilege&lt;/RunLevel&gt;,     &lt;/Principal&gt;,   &lt;/Principals&gt;,   &lt;Settings&gt;,     &lt;MultipleInstancesPolicy&gt;IgnoreNew&lt;/MultipleInstancesPolicy&gt;,     &lt;DisallowStartIfOnBatteries&gt;true&lt;/DisallowStartIfOnBatteries&gt;,     &lt;StopIfGoingOnBatteries&gt;true&lt;/StopIfGoingOnBatteries&gt;,     &lt;AllowHardTerminate&gt;true&lt;/AllowHardTerminate&gt;,     &lt;StartWhenAvailable&gt;false&lt;/StartWhenAvailable&gt;,     &lt;RunOnlyIfNetworkAvailable&gt;false&lt;/RunOnlyIfNetworkAvailable&gt;,     &lt;IdleSettings&gt;,       &lt;Duration&gt;PT10M&lt;/Duration&gt;,       &lt;WaitTimeout&gt;PT1H&lt;/WaitTimeout&gt;,       &lt;StopOnIdleEnd&gt;true&lt;/StopOnIdleEnd&gt;,       &lt;RestartOnIdle&gt;false&lt;/RestartOnIdle&gt;,     &lt;/IdleSettings&gt;,     &lt;AllowStartOnDemand&gt;true&lt;/AllowStartOnDemand&gt;,     &lt;Enabled&gt;false&lt;/Enabled&gt;,     &lt;Hidden&gt;false&lt;/Hidden&gt;,     &lt;RunOnlyIfIdle&gt;false&lt;/RunOnlyIfIdle&gt;,     &lt;WakeToRun&gt;false&lt;/WakeToRun&gt;,     &lt;ExecutionTimeLimit&gt;PT72H&lt;/ExecutionTimeLimit&gt;,     &lt;Priority&gt;7&lt;/Priority&gt;,   &lt;/Settings&gt;,   &lt;Actions Context=\""Author\""&gt;,     &lt;Exec&gt;,       &lt;Command&gt;%systemroot%\\system32\\usoclient.exe&lt;/Command&gt;,       &lt;Arguments&gt;StartWork&lt;/Arguments&gt;,     &lt;/Exec&gt;,   &lt;/Actions&gt;, &lt;/Task&gt;""},{""@Name"":""ClientProcessStartKey"",""#text"":""4222124650660191""},{""@Name"":""ClientProcessId"",""#text"":""6440""},{""@Name"":""ParentProcessId"",""#text"":""712""},{""@Name"":""RpcCallClientLocality"",""#text"":""0""},{""@Name"":""FQDN"",""#text"":""DESKTOP-887GK2L""}]}}"
101,13120,2023-03-27 14:52:19.9751494,4702,LogAlways,Microsoft-Windows-Security-Auditing,Security,780,1488,DESKTOP-887GK2L,1,,A scheduled task was updated,WORKGROUP\DESKTOP-887GK2L$,,TaskName: \Microsoft\Windows\UpdateOrchestrator\Schedule Maintenance Work,"TaskContentNew: &lt;?xml version=""1.0"" encoding=""UTF-16""?&gt;, &lt;Task version=""1.2"" xmlns=""http://schemas.microsoft.com/windows/2004/02/mit/task""&gt;,   &lt;RegistrationInfo&gt;,     &lt;URI&gt;\Microsoft\Windows\UpdateOrchestrator\Schedule Maintenance Work&lt;/URI&gt;,     &lt;SecurityDescriptor&gt;D:P(A;;FA;;;SY)(A;;FRFX;;;LS)(A;;FRFX;;;BA)&lt;/SecurityDescriptor&gt;,   &lt;/RegistrationInfo&gt;,   &lt;Triggers /&gt;,   &lt;Principals&gt;,     &lt;Principal id=""Author""&gt;,       &lt;RunLevel&gt;LeastPrivilege&lt;/RunLevel&gt;,       &lt;UserId&gt;S-1-5-18&lt;/UserId&gt;,     &lt;/Principal&gt;,   &lt;/Principals&gt;,   &lt;Settings&gt;,     &lt;MultipleInstancesPolicy&gt;IgnoreNew&lt;/MultipleInstancesPolicy&gt;,     &lt;DisallowStartIfOnBatteries&gt;true&lt;/DisallowStartIfOnBatteries&gt;,     &lt;StopIfGoingOnBatteries&gt;true&lt;/StopIfGoingOnBatteries&gt;,     &lt;AllowHardTerminate&gt;true&lt;/AllowHardTerminate&gt;,     &lt;StartWhenAvailable&gt;false&lt;/StartWhenAvailable&gt;,     &lt;RunOnlyIfNetworkAvailable&gt;false&lt;/RunOnlyIfNetworkAvailable&gt;,     &lt;IdleSettings&gt;,       &lt;Duration&gt;PT10M&lt;/Duration&gt;,       &lt;WaitTimeout&gt;PT1H&lt;/WaitTimeout&gt;,       &lt;StopOnIdleEnd&gt;true&lt;/StopOnIdleEnd&gt;,       &lt;RestartOnIdle&gt;false&lt;/RestartOnIdle&gt;,     &lt;/IdleSettings&gt;,     &lt;AllowStartOnDemand&gt;true&lt;/AllowStartOnDemand&gt;,     &lt;Enabled&gt;false&lt;/Enabled&gt;,     &lt;Hidden&gt;false&lt;/Hidden&gt;,     &lt;RunOnlyIfIdle&gt;false&lt;/RunOnlyIfIdle&gt;,     &lt;WakeToRun&gt;false&lt;/WakeToRun&gt;,     &lt;ExecutionTimeLimit&gt;PT72H&lt;/ExecutionTimeLimit&gt;,     &lt;Priority&gt;7&lt;/Priority&gt;,   &lt;/Settings&gt;,   &lt;Actions Context=""Author""&gt;,     &lt;Exec&gt;,       &lt;Command&gt;%systemroot%\system32\usoclient.exe&lt;/Command&gt;,       &lt;Arguments&gt;StartMaintenanceWork&lt;/Arguments&gt;,     &lt;/Exec&gt;,   &lt;/Actions&gt;, &lt;/Task&gt;",,,,,,False,C:\Users\turan\Desktop\defense-work-evtx-files\Security.evtx,Audit success,0,"{""EventData"":{""Data"":[{""@Name"":""SubjectUserSid"",""#text"":""S-1-5-18""},{""@Name"":""SubjectUserName"",""#text"":""DESKTOP-887GK2L$""},{""@Name"":""SubjectDomainName"",""#text"":""WORKGROUP""},{""@Name"":""SubjectLogonId"",""#text"":""0x3E7""},{""@Name"":""TaskName"",""#text"":""\\Microsoft\\Windows\\UpdateOrchestrator\\Schedule Maintenance Work""},{""@Name"":""TaskContentNew"",""#text"":""&lt;?xml version=\""1.0\"" encoding=\""UTF-16\""?&gt;, &lt;Task version=\""1.2\"" xmlns=\""http://schemas.microsoft.com/windows/2004/02/mit/task\""&gt;,   &lt;RegistrationInfo&gt;,     &lt;URI&gt;\\Microsoft\\Windows\\UpdateOrchestrator\\Schedule Maintenance Work&lt;/URI&gt;,     &lt;SecurityDescriptor&gt;D:P(A;;FA;;;SY)(A;;FRFX;;;LS)(A;;FRFX;;;BA)&lt;/SecurityDescriptor&gt;,   &lt;/RegistrationInfo&gt;,   &lt;Triggers /&gt;,   &lt;Principals&gt;,     &lt;Principal id=\""Author\""&gt;,       &lt;RunLevel&gt;LeastPrivilege&lt;/RunLevel&gt;,       &lt;UserId&gt;S-1-5-18&lt;/UserId&gt;,     &lt;/Principal&gt;,   &lt;/Principals&gt;,   &lt;Settings&gt;,     &lt;MultipleInstancesPolicy&gt;IgnoreNew&lt;/MultipleInstancesPolicy&gt;,     &lt;DisallowStartIfOnBatteries&gt;true&lt;/DisallowStartIfOnBatteries&gt;,     &lt;StopIfGoingOnBatteries&gt;true&lt;/StopIfGoingOnBatteries&gt;,     &lt;AllowHardTerminate&gt;true&lt;/AllowHardTerminate&gt;,     &lt;StartWhenAvailable&gt;false&lt;/StartWhenAvailable&gt;,     &lt;RunOnlyIfNetworkAvailable&gt;false&lt;/RunOnlyIfNetworkAvailable&gt;,     &lt;IdleSettings&gt;,       &lt;Duration&gt;PT10M&lt;/Duration&gt;,       &lt;WaitTimeout&gt;PT1H&lt;/WaitTimeout&gt;,       &lt;StopOnIdleEnd&gt;true&lt;/StopOnIdleEnd&gt;,       &lt;RestartOnIdle&gt;false&lt;/RestartOnIdle&gt;,     &lt;/IdleSettings&gt;,     &lt;AllowStartOnDemand&gt;true&lt;/AllowStartOnDemand&gt;,     &lt;Enabled&gt;false&lt;/Enabled&gt;,     &lt;Hidden&gt;false&lt;/Hidden&gt;,     &lt;RunOnlyIfIdle&gt;false&lt;/RunOnlyIfIdle&gt;,     &lt;WakeToRun&gt;false&lt;/WakeToRun&gt;,     &lt;ExecutionTimeLimit&gt;PT72H&lt;/ExecutionTimeLimit&gt;,     &lt;Priority&gt;7&lt;/Priority&gt;,   &lt;/Settings&gt;,   &lt;Actions Context=\""Author\""&gt;,     &lt;Exec&gt;,       &lt;Command&gt;%systemroot%\\system32\\usoclient.exe&lt;/Command&gt;,       &lt;Arguments&gt;StartMaintenanceWork&lt;/Arguments&gt;,     &lt;/Exec&gt;,   &lt;/Actions&gt;, &lt;/Task&gt;""},{""@Name"":""ClientProcessStartKey"",""#text"":""4222124650660190""},{""@Name"":""ClientProcessId"",""#text"":""3964""},{""@Name"":""ParentProcessId"",""#text"":""888""},{""@Name"":""RpcCallClientLocality"",""#text"":""0""},{""@Name"":""FQDN"",""#text"":""DESKTOP-887GK2L""}]}}"
102,13121,2023-03-27 14:52:19.9784367,4702,LogAlways,Microsoft-Windows-Security-Auditing,Security,780,1488,DESKTOP-887GK2L,1,,A scheduled task was updated,WORKGROUP\DESKTOP-887GK2L$,,TaskName: \Microsoft\Windows\UpdateOrchestrator\Schedule Maintenance Work,"TaskContentNew: &lt;?xml version=""1.0"" encoding=""UTF-16""?&gt;, &lt;Task version=""1.2"" xmlns=""http://schemas.microsoft.com/windows/2004/02/mit/task""&gt;,   &lt;RegistrationInfo&gt;,     &lt;URI&gt;\Microsoft\Windows\UpdateOrchestrator\Schedule Maintenance Work&lt;/URI&gt;,   &lt;/RegistrationInfo&gt;,   &lt;Triggers /&gt;,   &lt;Principals&gt;,     &lt;Principal id=""Author""&gt;,       &lt;UserId&gt;S-1-5-18&lt;/UserId&gt;,       &lt;RunLevel&gt;LeastPrivilege&lt;/RunLevel&gt;,     &lt;/Principal&gt;,   &lt;/Principals&gt;,   &lt;Settings&gt;,     &lt;MultipleInstancesPolicy&gt;IgnoreNew&lt;/MultipleInstancesPolicy&gt;,     &lt;DisallowStartIfOnBatteries&gt;true&lt;/DisallowStartIfOnBatteries&gt;,     &lt;StopIfGoingOnBatteries&gt;true&lt;/StopIfGoingOnBatteries&gt;,     &lt;AllowHardTerminate&gt;true&lt;/AllowHardTerminate&gt;,     &lt;StartWhenAvailable&gt;false&lt;/StartWhenAvailable&gt;,     &lt;RunOnlyIfNetworkAvailable&gt;false&lt;/RunOnlyIfNetworkAvailable&gt;,     &lt;IdleSettings&gt;,       &lt;Duration&gt;PT10M&lt;/Duration&gt;,       &lt;WaitTimeout&gt;PT1H&lt;/WaitTimeout&gt;,       &lt;StopOnIdleEnd&gt;true&lt;/StopOnIdleEnd&gt;,       &lt;RestartOnIdle&gt;false&lt;/RestartOnIdle&gt;,     &lt;/IdleSettings&gt;,     &lt;AllowStartOnDemand&gt;true&lt;/AllowStartOnDemand&gt;,     &lt;Enabled&gt;false&lt;/Enabled&gt;,     &lt;Hidden&gt;false&lt;/Hidden&gt;,     &lt;RunOnlyIfIdle&gt;false&lt;/RunOnlyIfIdle&gt;,     &lt;WakeToRun&gt;false&lt;/WakeToRun&gt;,     &lt;ExecutionTimeLimit&gt;PT72H&lt;/ExecutionTimeLimit&gt;,     &lt;Priority&gt;7&lt;/Priority&gt;,   &lt;/Settings&gt;,   &lt;Actions Context=""Author""&gt;,     &lt;Exec&gt;,       &lt;Command&gt;%systemroot%\system32\usoclient.exe&lt;/Command&gt;,       &lt;Arguments&gt;StartMaintenanceWork&lt;/Arguments&gt;,     &lt;/Exec&gt;,   &lt;/Actions&gt;, &lt;/Task&gt;",,,,,,False,C:\Users\turan\Desktop\defense-work-evtx-files\Security.evtx,Audit success,0,"{""EventData"":{""Data"":[{""@Name"":""SubjectUserSid"",""#text"":""S-1-5-18""},{""@Name"":""SubjectUserName"",""#text"":""DESKTOP-887GK2L$""},{""@Name"":""SubjectDomainName"",""#text"":""WORKGROUP""},{""@Name"":""SubjectLogonId"",""#text"":""0x3E7""},{""@Name"":""TaskName"",""#text"":""\\Microsoft\\Windows\\UpdateOrchestrator\\Schedule Maintenance Work""},{""@Name"":""TaskContentNew"",""#text"":""&lt;?xml version=\""1.0\"" encoding=\""UTF-16\""?&gt;, &lt;Task version=\""1.2\"" xmlns=\""http://schemas.microsoft.com/windows/2004/02/mit/task\""&gt;,   &lt;RegistrationInfo&gt;,     &lt;URI&gt;\\Microsoft\\Windows\\UpdateOrchestrator\\Schedule Maintenance Work&lt;/URI&gt;,   &lt;/RegistrationInfo&gt;,   &lt;Triggers /&gt;,   &lt;Principals&gt;,     &lt;Principal id=\""Author\""&gt;,       &lt;UserId&gt;S-1-5-18&lt;/UserId&gt;,       &lt;RunLevel&gt;LeastPrivilege&lt;/RunLevel&gt;,     &lt;/Principal&gt;,   &lt;/Principals&gt;,   &lt;Settings&gt;,     &lt;MultipleInstancesPolicy&gt;IgnoreNew&lt;/MultipleInstancesPolicy&gt;,     &lt;DisallowStartIfOnBatteries&gt;true&lt;/DisallowStartIfOnBatteries&gt;,     &lt;StopIfGoingOnBatteries&gt;true&lt;/StopIfGoingOnBatteries&gt;,     &lt;AllowHardTerminate&gt;true&lt;/AllowHardTerminate&gt;,     &lt;StartWhenAvailable&gt;false&lt;/StartWhenAvailable&gt;,     &lt;RunOnlyIfNetworkAvailable&gt;false&lt;/RunOnlyIfNetworkAvailable&gt;,     &lt;IdleSettings&gt;,       &lt;Duration&gt;PT10M&lt;/Duration&gt;,       &lt;WaitTimeout&gt;PT1H&lt;/WaitTimeout&gt;,       &lt;StopOnIdleEnd&gt;true&lt;/StopOnIdleEnd&gt;,       &lt;RestartOnIdle&gt;false&lt;/RestartOnIdle&gt;,     &lt;/IdleSettings&gt;,     &lt;AllowStartOnDemand&gt;true&lt;/AllowStartOnDemand&gt;,     &lt;Enabled&gt;false&lt;/Enabled&gt;,     &lt;Hidden&gt;false&lt;/Hidden&gt;,     &lt;RunOnlyIfIdle&gt;false&lt;/RunOnlyIfIdle&gt;,     &lt;WakeToRun&gt;false&lt;/WakeToRun&gt;,     &lt;ExecutionTimeLimit&gt;PT72H&lt;/ExecutionTimeLimit&gt;,     &lt;Priority&gt;7&lt;/Priority&gt;,   &lt;/Settings&gt;,   &lt;Actions Context=\""Author\""&gt;,     &lt;Exec&gt;,       &lt;Command&gt;%systemroot%\\system32\\usoclient.exe&lt;/Command&gt;,       &lt;Arguments&gt;StartMaintenanceWork&lt;/Arguments&gt;,     &lt;/Exec&gt;,   &lt;/Actions&gt;, &lt;/Task&gt;""},{""@Name"":""ClientProcessStartKey"",""#text"":""4222124650660191""},{""@Name"":""ClientProcessId"",""#text"":""6440""},{""@Name"":""ParentProcessId"",""#text"":""712""},{""@Name"":""RpcCallClientLocality"",""#text"":""0""},{""@Name"":""FQDN"",""#text"":""DESKTOP-887GK2L""}]}}"
103,13122,2023-03-27 14:52:20.0340828,4702,LogAlways,Microsoft-Windows-Security-Auditing,Security,780,1488,DESKTOP-887GK2L,2,,A scheduled task was updated,WORKGROUP\DESKTOP-887GK2L$,,TaskName: \Microsoft\Windows\UpdateOrchestrator\Schedule Work,"TaskContentNew: &lt;?xml version=""1.0"" encoding=""UTF-16""?&gt;, &lt;Task version=""1.2"" xmlns=""http://schemas.microsoft.com/windows/2004/02/mit/task""&gt;,   &lt;RegistrationInfo&gt;,     &lt;URI&gt;\Microsoft\Windows\UpdateOrchestrator\Schedule Work&lt;/URI&gt;,     &lt;SecurityDescriptor&gt;D:P(A;;FA;;;SY)(A;;FRFX;;;LS)(A;;FRFX;;;BA)&lt;/SecurityDescriptor&gt;,   &lt;/RegistrationInfo&gt;,   &lt;Triggers&gt;,     &lt;TimeTrigger&gt;,       &lt;StartBoundary&gt;2023-03-28T07:39:20.000Z&lt;/StartBoundary&gt;,       &lt;Enabled&gt;true&lt;/Enabled&gt;,     &lt;/TimeTrigger&gt;,   &lt;/Triggers&gt;,   &lt;Principals&gt;,     &lt;Principal id=""Author""&gt;,       &lt;RunLevel&gt;LeastPrivilege&lt;/RunLevel&gt;,       &lt;UserId&gt;S-1-5-18&lt;/UserId&gt;,     &lt;/Principal&gt;,   &lt;/Principals&gt;,   &lt;Settings&gt;,     &lt;MultipleInstancesPolicy&gt;IgnoreNew&lt;/MultipleInstancesPolicy&gt;,     &lt;DisallowStartIfOnBatteries&gt;true&lt;/DisallowStartIfOnBatteries&gt;,     &lt;StopIfGoingOnBatteries&gt;true&lt;/StopIfGoingOnBatteries&gt;,     &lt;AllowHardTerminate&gt;true&lt;/AllowHardTerminate&gt;,     &lt;StartWhenAvailable&gt;true&lt;/StartWhenAvailable&gt;,     &lt;RunOnlyIfNetworkAvailable&gt;false&lt;/RunOnlyIfNetworkAvailable&gt;,     &lt;IdleSettings&gt;,       &lt;Duration&gt;PT10M&lt;/Duration&gt;,       &lt;WaitTimeout&gt;PT1H&lt;/WaitTimeout&gt;,       &lt;StopOnIdleEnd&gt;true&lt;/StopOnIdleEnd&gt;,       &lt;RestartOnIdle&gt;false&lt;/RestartOnIdle&gt;,     &lt;/IdleSettings&gt;,     &lt;AllowStartOnDemand&gt;true&lt;/AllowStartOnDemand&gt;,     &lt;Enabled&gt;true&lt;/Enabled&gt;,     &lt;Hidden&gt;false&lt;/Hidden&gt;,     &lt;RunOnlyIfIdle&gt;false&lt;/RunOnlyIfIdle&gt;,     &lt;WakeToRun&gt;false&lt;/WakeToRun&gt;,     &lt;ExecutionTimeLimit&gt;PT72H&lt;/ExecutionTimeLimit&gt;,     &lt;Priority&gt;7&lt;/Priority&gt;,   &lt;/Settings&gt;,   &lt;Actions Context=""Author""&gt;,     &lt;Exec&gt;,       &lt;Command&gt;%systemroot%\system32\usoclient.exe&lt;/Command&gt;,       &lt;Arguments&gt;StartWork&lt;/Arguments&gt;,     &lt;/Exec&gt;,   &lt;/Actions&gt;, &lt;/Task&gt;",,,,,,False,C:\Users\turan\Desktop\defense-work-evtx-files\Security.evtx,Audit success,0,"{""EventData"":{""Data"":[{""@Name"":""SubjectUserSid"",""#text"":""S-1-5-18""},{""@Name"":""SubjectUserName"",""#text"":""DESKTOP-887GK2L$""},{""@Name"":""SubjectDomainName"",""#text"":""WORKGROUP""},{""@Name"":""SubjectLogonId"",""#text"":""0x3E7""},{""@Name"":""TaskName"",""#text"":""\\Microsoft\\Windows\\UpdateOrchestrator\\Schedule Work""},{""@Name"":""TaskContentNew"",""#text"":""&lt;?xml version=\""1.0\"" encoding=\""UTF-16\""?&gt;, &lt;Task version=\""1.2\"" xmlns=\""http://schemas.microsoft.com/windows/2004/02/mit/task\""&gt;,   &lt;RegistrationInfo&gt;,     &lt;URI&gt;\\Microsoft\\Windows\\UpdateOrchestrator\\Schedule Work&lt;/URI&gt;,     &lt;SecurityDescriptor&gt;D:P(A;;FA;;;SY)(A;;FRFX;;;LS)(A;;FRFX;;;BA)&lt;/SecurityDescriptor&gt;,   &lt;/RegistrationInfo&gt;,   &lt;Triggers&gt;,     &lt;TimeTrigger&gt;,       &lt;StartBoundary&gt;2023-03-28T07:39:20.000Z&lt;/StartBoundary&gt;,       &lt;Enabled&gt;true&lt;/Enabled&gt;,     &lt;/TimeTrigger&gt;,   &lt;/Triggers&gt;,   &lt;Principals&gt;,     &lt;Principal id=\""Author\""&gt;,       &lt;RunLevel&gt;LeastPrivilege&lt;/RunLevel&gt;,       &lt;UserId&gt;S-1-5-18&lt;/UserId&gt;,     &lt;/Principal&gt;,   &lt;/Principals&gt;,   &lt;Settings&gt;,     &lt;MultipleInstancesPolicy&gt;IgnoreNew&lt;/MultipleInstancesPolicy&gt;,     &lt;DisallowStartIfOnBatteries&gt;true&lt;/DisallowStartIfOnBatteries&gt;,     &lt;StopIfGoingOnBatteries&gt;true&lt;/StopIfGoingOnBatteries&gt;,     &lt;AllowHardTerminate&gt;true&lt;/AllowHardTerminate&gt;,     &lt;StartWhenAvailable&gt;true&lt;/StartWhenAvailable&gt;,     &lt;RunOnlyIfNetworkAvailable&gt;false&lt;/RunOnlyIfNetworkAvailable&gt;,     &lt;IdleSettings&gt;,       &lt;Duration&gt;PT10M&lt;/Duration&gt;,       &lt;WaitTimeout&gt;PT1H&lt;/WaitTimeout&gt;,       &lt;StopOnIdleEnd&gt;true&lt;/StopOnIdleEnd&gt;,       &lt;RestartOnIdle&gt;false&lt;/RestartOnIdle&gt;,     &lt;/IdleSettings&gt;,     &lt;AllowStartOnDemand&gt;true&lt;/AllowStartOnDemand&gt;,     &lt;Enabled&gt;true&lt;/Enabled&gt;,     &lt;Hidden&gt;false&lt;/Hidden&gt;,     &lt;RunOnlyIfIdle&gt;false&lt;/RunOnlyIfIdle&gt;,     &lt;WakeToRun&gt;false&lt;/WakeToRun&gt;,     &lt;ExecutionTimeLimit&gt;PT72H&lt;/ExecutionTimeLimit&gt;,     &lt;Priority&gt;7&lt;/Priority&gt;,   &lt;/Settings&gt;,   &lt;Actions Context=\""Author\""&gt;,     &lt;Exec&gt;,       &lt;Command&gt;%systemroot%\\system32\\usoclient.exe&lt;/Command&gt;,       &lt;Arguments&gt;StartWork&lt;/Arguments&gt;,     &lt;/Exec&gt;,   &lt;/Actions&gt;, &lt;/Task&gt;""},{""@Name"":""ClientProcessStartKey"",""#text"":""4222124650660190""},{""@Name"":""ClientProcessId"",""#text"":""3964""},{""@Name"":""ParentProcessId"",""#text"":""888""},{""@Name"":""RpcCallClientLocality"",""#text"":""0""},{""@Name"":""FQDN"",""#text"":""DESKTOP-887GK2L""}]}}"
104,13123,2023-03-27 14:52:20.0436481,4702,LogAlways,Microsoft-Windows-Security-Auditing,Security,780,1488,DESKTOP-887GK2L,2,,A scheduled task was updated,WORKGROUP\DESKTOP-887GK2L$,,TaskName: \Microsoft\Windows\UpdateOrchestrator\Schedule Work,"TaskContentNew: &lt;?xml version=""1.0"" encoding=""UTF-16""?&gt;, &lt;Task version=""1.2"" xmlns=""http://schemas.microsoft.com/windows/2004/02/mit/task""&gt;,   &lt;RegistrationInfo&gt;,     &lt;URI&gt;\Microsoft\Windows\UpdateOrchestrator\Schedule Work&lt;/URI&gt;,   &lt;/RegistrationInfo&gt;,   &lt;Triggers&gt;,     &lt;TimeTrigger&gt;,       &lt;StartBoundary&gt;2023-03-28T07:39:20.000Z&lt;/StartBoundary&gt;,       &lt;Enabled&gt;true&lt;/Enabled&gt;,     &lt;/TimeTrigger&gt;,   &lt;/Triggers&gt;,   &lt;Principals&gt;,     &lt;Principal id=""Author""&gt;,       &lt;UserId&gt;S-1-5-18&lt;/UserId&gt;,       &lt;RunLevel&gt;LeastPrivilege&lt;/RunLevel&gt;,     &lt;/Principal&gt;,   &lt;/Principals&gt;,   &lt;Settings&gt;,     &lt;MultipleInstancesPolicy&gt;IgnoreNew&lt;/MultipleInstancesPolicy&gt;,     &lt;DisallowStartIfOnBatteries&gt;true&lt;/DisallowStartIfOnBatteries&gt;,     &lt;StopIfGoingOnBatteries&gt;true&lt;/StopIfGoingOnBatteries&gt;,     &lt;AllowHardTerminate&gt;true&lt;/AllowHardTerminate&gt;,     &lt;StartWhenAvailable&gt;true&lt;/StartWhenAvailable&gt;,     &lt;RunOnlyIfNetworkAvailable&gt;false&lt;/RunOnlyIfNetworkAvailable&gt;,     &lt;IdleSettings&gt;,       &lt;Duration&gt;PT10M&lt;/Duration&gt;,       &lt;WaitTimeout&gt;PT1H&lt;/WaitTimeout&gt;,       &lt;StopOnIdleEnd&gt;true&lt;/StopOnIdleEnd&gt;,       &lt;RestartOnIdle&gt;false&lt;/RestartOnIdle&gt;,     &lt;/IdleSettings&gt;,     &lt;AllowStartOnDemand&gt;true&lt;/AllowStartOnDemand&gt;,     &lt;Enabled&gt;true&lt;/Enabled&gt;,     &lt;Hidden&gt;false&lt;/Hidden&gt;,     &lt;RunOnlyIfIdle&gt;false&lt;/RunOnlyIfIdle&gt;,     &lt;WakeToRun&gt;false&lt;/WakeToRun&gt;,     &lt;ExecutionTimeLimit&gt;PT72H&lt;/ExecutionTimeLimit&gt;,     &lt;Priority&gt;7&lt;/Priority&gt;,   &lt;/Settings&gt;,   &lt;Actions Context=""Author""&gt;,     &lt;Exec&gt;,       &lt;Command&gt;%systemroot%\system32\usoclient.exe&lt;/Command&gt;,       &lt;Arguments&gt;StartWork&lt;/Arguments&gt;,     &lt;/Exec&gt;,   &lt;/Actions&gt;, &lt;/Task&gt;",,,,,,False,C:\Users\turan\Desktop\defense-work-evtx-files\Security.evtx,Audit success,0,"{""EventData"":{""Data"":[{""@Name"":""SubjectUserSid"",""#text"":""S-1-5-18""},{""@Name"":""SubjectUserName"",""#text"":""DESKTOP-887GK2L$""},{""@Name"":""SubjectDomainName"",""#text"":""WORKGROUP""},{""@Name"":""SubjectLogonId"",""#text"":""0x3E7""},{""@Name"":""TaskName"",""#text"":""\\Microsoft\\Windows\\UpdateOrchestrator\\Schedule Work""},{""@Name"":""TaskContentNew"",""#text"":""&lt;?xml version=\""1.0\"" encoding=\""UTF-16\""?&gt;, &lt;Task version=\""1.2\"" xmlns=\""http://schemas.microsoft.com/windows/2004/02/mit/task\""&gt;,   &lt;RegistrationInfo&gt;,     &lt;URI&gt;\\Microsoft\\Windows\\UpdateOrchestrator\\Schedule Work&lt;/URI&gt;,   &lt;/RegistrationInfo&gt;,   &lt;Triggers&gt;,     &lt;TimeTrigger&gt;,       &lt;StartBoundary&gt;2023-03-28T07:39:20.000Z&lt;/StartBoundary&gt;,       &lt;Enabled&gt;true&lt;/Enabled&gt;,     &lt;/TimeTrigger&gt;,   &lt;/Triggers&gt;,   &lt;Principals&gt;,     &lt;Principal id=\""Author\""&gt;,       &lt;UserId&gt;S-1-5-18&lt;/UserId&gt;,       &lt;RunLevel&gt;LeastPrivilege&lt;/RunLevel&gt;,     &lt;/Principal&gt;,   &lt;/Principals&gt;,   &lt;Settings&gt;,     &lt;MultipleInstancesPolicy&gt;IgnoreNew&lt;/MultipleInstancesPolicy&gt;,     &lt;DisallowStartIfOnBatteries&gt;true&lt;/DisallowStartIfOnBatteries&gt;,     &lt;StopIfGoingOnBatteries&gt;true&lt;/StopIfGoingOnBatteries&gt;,     &lt;AllowHardTerminate&gt;true&lt;/AllowHardTerminate&gt;,     &lt;StartWhenAvailable&gt;true&lt;/StartWhenAvailable&gt;,     &lt;RunOnlyIfNetworkAvailable&gt;false&lt;/RunOnlyIfNetworkAvailable&gt;,     &lt;IdleSettings&gt;,       &lt;Duration&gt;PT10M&lt;/Duration&gt;,       &lt;WaitTimeout&gt;PT1H&lt;/WaitTimeout&gt;,       &lt;StopOnIdleEnd&gt;true&lt;/StopOnIdleEnd&gt;,       &lt;RestartOnIdle&gt;false&lt;/RestartOnIdle&gt;,     &lt;/IdleSettings&gt;,     &lt;AllowStartOnDemand&gt;true&lt;/AllowStartOnDemand&gt;,     &lt;Enabled&gt;true&lt;/Enabled&gt;,     &lt;Hidden&gt;false&lt;/Hidden&gt;,     &lt;RunOnlyIfIdle&gt;false&lt;/RunOnlyIfIdle&gt;,     &lt;WakeToRun&gt;false&lt;/WakeToRun&gt;,     &lt;ExecutionTimeLimit&gt;PT72H&lt;/ExecutionTimeLimit&gt;,     &lt;Priority&gt;7&lt;/Priority&gt;,   &lt;/Settings&gt;,   &lt;Actions Context=\""Author\""&gt;,     &lt;Exec&gt;,       &lt;Command&gt;%systemroot%\\system32\\usoclient.exe&lt;/Command&gt;,       &lt;Arguments&gt;StartWork&lt;/Arguments&gt;,     &lt;/Exec&gt;,   &lt;/Actions&gt;, &lt;/Task&gt;""},{""@Name"":""ClientProcessStartKey"",""#text"":""4222124650660191""},{""@Name"":""ClientProcessId"",""#text"":""6440""},{""@Name"":""ParentProcessId"",""#text"":""712""},{""@Name"":""RpcCallClientLocality"",""#text"":""0""},{""@Name"":""FQDN"",""#text"":""DESKTOP-887GK2L""}]}}"
105,13124,2023-03-27 14:52:20.0487791,4702,LogAlways,Microsoft-Windows-Security-Auditing,Security,780,1488,DESKTOP-887GK2L,2,,A scheduled task was updated,WORKGROUP\DESKTOP-887GK2L$,,TaskName: \Microsoft\Windows\UpdateOrchestrator\Schedule Wake To Work,"TaskContentNew: &lt;?xml version=""1.0"" encoding=""UTF-16""?&gt;, &lt;Task version=""1.2"" xmlns=""http://schemas.microsoft.com/windows/2004/02/mit/task""&gt;,   &lt;RegistrationInfo&gt;,     &lt;URI&gt;\Microsoft\Windows\UpdateOrchestrator\Schedule Wake To Work&lt;/URI&gt;,     &lt;SecurityDescriptor&gt;D:P(A;;FA;;;SY)(A;;FRFX;;;LS)(A;;FRFX;;;BA)&lt;/SecurityDescriptor&gt;,   &lt;/RegistrationInfo&gt;,   &lt;Triggers /&gt;,   &lt;Principals&gt;,     &lt;Principal id=""Author""&gt;,       &lt;RunLevel&gt;LeastPrivilege&lt;/RunLevel&gt;,       &lt;UserId&gt;S-1-5-18&lt;/UserId&gt;,     &lt;/Principal&gt;,   &lt;/Principals&gt;,   &lt;Settings&gt;,     &lt;MultipleInstancesPolicy&gt;IgnoreNew&lt;/MultipleInstancesPolicy&gt;,     &lt;DisallowStartIfOnBatteries&gt;true&lt;/DisallowStartIfOnBatteries&gt;,     &lt;StopIfGoingOnBatteries&gt;true&lt;/StopIfGoingOnBatteries&gt;,     &lt;AllowHardTerminate&gt;true&lt;/AllowHardTerminate&gt;,     &lt;StartWhenAvailable&gt;false&lt;/StartWhenAvailable&gt;,     &lt;RunOnlyIfNetworkAvailable&gt;false&lt;/RunOnlyIfNetworkAvailable&gt;,     &lt;IdleSettings&gt;,       &lt;Duration&gt;PT10M&lt;/Duration&gt;,       &lt;WaitTimeout&gt;PT1H&lt;/WaitTimeout&gt;,       &lt;StopOnIdleEnd&gt;true&lt;/StopOnIdleEnd&gt;,       &lt;RestartOnIdle&gt;false&lt;/RestartOnIdle&gt;,     &lt;/IdleSettings&gt;,     &lt;AllowStartOnDemand&gt;true&lt;/AllowStartOnDemand&gt;,     &lt;Enabled&gt;false&lt;/Enabled&gt;,     &lt;Hidden&gt;false&lt;/Hidden&gt;,     &lt;RunOnlyIfIdle&gt;false&lt;/RunOnlyIfIdle&gt;,     &lt;WakeToRun&gt;false&lt;/WakeToRun&gt;,     &lt;ExecutionTimeLimit&gt;PT72H&lt;/ExecutionTimeLimit&gt;,     &lt;Priority&gt;7&lt;/Priority&gt;,   &lt;/Settings&gt;,   &lt;Actions Context=""Author""&gt;,     &lt;Exec&gt;,       &lt;Command&gt;%systemroot%\system32\usoclient.exe&lt;/Command&gt;,       &lt;Arguments&gt;StartWork&lt;/Arguments&gt;,     &lt;/Exec&gt;,   &lt;/Actions&gt;, &lt;/Task&gt;",,,,,,False,C:\Users\turan\Desktop\defense-work-evtx-files\Security.evtx,Audit success,0,"{""EventData"":{""Data"":[{""@Name"":""SubjectUserSid"",""#text"":""S-1-5-18""},{""@Name"":""SubjectUserName"",""#text"":""DESKTOP-887GK2L$""},{""@Name"":""SubjectDomainName"",""#text"":""WORKGROUP""},{""@Name"":""SubjectLogonId"",""#text"":""0x3E7""},{""@Name"":""TaskName"",""#text"":""\\Microsoft\\Windows\\UpdateOrchestrator\\Schedule Wake To Work""},{""@Name"":""TaskContentNew"",""#text"":""&lt;?xml version=\""1.0\"" encoding=\""UTF-16\""?&gt;, &lt;Task version=\""1.2\"" xmlns=\""http://schemas.microsoft.com/windows/2004/02/mit/task\""&gt;,   &lt;RegistrationInfo&gt;,     &lt;URI&gt;\\Microsoft\\Windows\\UpdateOrchestrator\\Schedule Wake To Work&lt;/URI&gt;,     &lt;SecurityDescriptor&gt;D:P(A;;FA;;;SY)(A;;FRFX;;;LS)(A;;FRFX;;;BA)&lt;/SecurityDescriptor&gt;,   &lt;/RegistrationInfo&gt;,   &lt;Triggers /&gt;,   &lt;Principals&gt;,     &lt;Principal id=\""Author\""&gt;,       &lt;RunLevel&gt;LeastPrivilege&lt;/RunLevel&gt;,       &lt;UserId&gt;S-1-5-18&lt;/UserId&gt;,     &lt;/Principal&gt;,   &lt;/Principals&gt;,   &lt;Settings&gt;,     &lt;MultipleInstancesPolicy&gt;IgnoreNew&lt;/MultipleInstancesPolicy&gt;,     &lt;DisallowStartIfOnBatteries&gt;true&lt;/DisallowStartIfOnBatteries&gt;,     &lt;StopIfGoingOnBatteries&gt;true&lt;/StopIfGoingOnBatteries&gt;,     &lt;AllowHardTerminate&gt;true&lt;/AllowHardTerminate&gt;,     &lt;StartWhenAvailable&gt;false&lt;/StartWhenAvailable&gt;,     &lt;RunOnlyIfNetworkAvailable&gt;false&lt;/RunOnlyIfNetworkAvailable&gt;,     &lt;IdleSettings&gt;,       &lt;Duration&gt;PT10M&lt;/Duration&gt;,       &lt;WaitTimeout&gt;PT1H&lt;/WaitTimeout&gt;,       &lt;StopOnIdleEnd&gt;true&lt;/StopOnIdleEnd&gt;,       &lt;RestartOnIdle&gt;false&lt;/RestartOnIdle&gt;,     &lt;/IdleSettings&gt;,     &lt;AllowStartOnDemand&gt;true&lt;/AllowStartOnDemand&gt;,     &lt;Enabled&gt;false&lt;/Enabled&gt;,     &lt;Hidden&gt;false&lt;/Hidden&gt;,     &lt;RunOnlyIfIdle&gt;false&lt;/RunOnlyIfIdle&gt;,     &lt;WakeToRun&gt;false&lt;/WakeToRun&gt;,     &lt;ExecutionTimeLimit&gt;PT72H&lt;/ExecutionTimeLimit&gt;,     &lt;Priority&gt;7&lt;/Priority&gt;,   &lt;/Settings&gt;,   &lt;Actions Context=\""Author\""&gt;,     &lt;Exec&gt;,       &lt;Command&gt;%systemroot%\\system32\\usoclient.exe&lt;/Command&gt;,       &lt;Arguments&gt;StartWork&lt;/Arguments&gt;,     &lt;/Exec&gt;,   &lt;/Actions&gt;, &lt;/Task&gt;""},{""@Name"":""ClientProcessStartKey"",""#text"":""4222124650660190""},{""@Name"":""ClientProcessId"",""#text"":""3964""},{""@Name"":""ParentProcessId"",""#text"":""888""},{""@Name"":""RpcCallClientLocality"",""#text"":""0""},{""@Name"":""FQDN"",""#text"":""DESKTOP-887GK2L""}]}}"
106,13125,2023-03-27 14:52:20.0520874,4702,LogAlways,Microsoft-Windows-Security-Auditing,Security,780,1488,DESKTOP-887GK2L,2,,A scheduled task was updated,WORKGROUP\DESKTOP-887GK2L$,,TaskName: \Microsoft\Windows\UpdateOrchestrator\Schedule Wake To Work,"TaskContentNew: &lt;?xml version=""1.0"" encoding=""UTF-16""?&gt;, &lt;Task version=""1.2"" xmlns=""http://schemas.microsoft.com/windows/2004/02/mit/task""&gt;,   &lt;RegistrationInfo&gt;,     &lt;URI&gt;\Microsoft\Windows\UpdateOrchestrator\Schedule Wake To Work&lt;/URI&gt;,   &lt;/RegistrationInfo&gt;,   &lt;Triggers /&gt;,   &lt;Principals&gt;,     &lt;Principal id=""Author""&gt;,       &lt;UserId&gt;S-1-5-18&lt;/UserId&gt;,       &lt;RunLevel&gt;LeastPrivilege&lt;/RunLevel&gt;,     &lt;/Principal&gt;,   &lt;/Principals&gt;,   &lt;Settings&gt;,     &lt;MultipleInstancesPolicy&gt;IgnoreNew&lt;/MultipleInstancesPolicy&gt;,     &lt;DisallowStartIfOnBatteries&gt;true&lt;/DisallowStartIfOnBatteries&gt;,     &lt;StopIfGoingOnBatteries&gt;true&lt;/StopIfGoingOnBatteries&gt;,     &lt;AllowHardTerminate&gt;true&lt;/AllowHardTerminate&gt;,     &lt;StartWhenAvailable&gt;false&lt;/StartWhenAvailable&gt;,     &lt;RunOnlyIfNetworkAvailable&gt;false&lt;/RunOnlyIfNetworkAvailable&gt;,     &lt;IdleSettings&gt;,       &lt;Duration&gt;PT10M&lt;/Duration&gt;,       &lt;WaitTimeout&gt;PT1H&lt;/WaitTimeout&gt;,       &lt;StopOnIdleEnd&gt;true&lt;/StopOnIdleEnd&gt;,       &lt;RestartOnIdle&gt;false&lt;/RestartOnIdle&gt;,     &lt;/IdleSettings&gt;,     &lt;AllowStartOnDemand&gt;true&lt;/AllowStartOnDemand&gt;,     &lt;Enabled&gt;false&lt;/Enabled&gt;,     &lt;Hidden&gt;false&lt;/Hidden&gt;,     &lt;RunOnlyIfIdle&gt;false&lt;/RunOnlyIfIdle&gt;,     &lt;WakeToRun&gt;false&lt;/WakeToRun&gt;,     &lt;ExecutionTimeLimit&gt;PT72H&lt;/ExecutionTimeLimit&gt;,     &lt;Priority&gt;7&lt;/Priority&gt;,   &lt;/Settings&gt;,   &lt;Actions Context=""Author""&gt;,     &lt;Exec&gt;,       &lt;Command&gt;%systemroot%\system32\usoclient.exe&lt;/Command&gt;,       &lt;Arguments&gt;StartWork&lt;/Arguments&gt;,     &lt;/Exec&gt;,   &lt;/Actions&gt;, &lt;/Task&gt;",,,,,,False,C:\Users\turan\Desktop\defense-work-evtx-files\Security.evtx,Audit success,0,"{""EventData"":{""Data"":[{""@Name"":""SubjectUserSid"",""#text"":""S-1-5-18""},{""@Name"":""SubjectUserName"",""#text"":""DESKTOP-887GK2L$""},{""@Name"":""SubjectDomainName"",""#text"":""WORKGROUP""},{""@Name"":""SubjectLogonId"",""#text"":""0x3E7""},{""@Name"":""TaskName"",""#text"":""\\Microsoft\\Windows\\UpdateOrchestrator\\Schedule Wake To Work""},{""@Name"":""TaskContentNew"",""#text"":""&lt;?xml version=\""1.0\"" encoding=\""UTF-16\""?&gt;, &lt;Task version=\""1.2\"" xmlns=\""http://schemas.microsoft.com/windows/2004/02/mit/task\""&gt;,   &lt;RegistrationInfo&gt;,     &lt;URI&gt;\\Microsoft\\Windows\\UpdateOrchestrator\\Schedule Wake To Work&lt;/URI&gt;,   &lt;/RegistrationInfo&gt;,   &lt;Triggers /&gt;,   &lt;Principals&gt;,     &lt;Principal id=\""Author\""&gt;,       &lt;UserId&gt;S-1-5-18&lt;/UserId&gt;,       &lt;RunLevel&gt;LeastPrivilege&lt;/RunLevel&gt;,     &lt;/Principal&gt;,   &lt;/Principals&gt;,   &lt;Settings&gt;,     &lt;MultipleInstancesPolicy&gt;IgnoreNew&lt;/MultipleInstancesPolicy&gt;,     &lt;DisallowStartIfOnBatteries&gt;true&lt;/DisallowStartIfOnBatteries&gt;,     &lt;StopIfGoingOnBatteries&gt;true&lt;/StopIfGoingOnBatteries&gt;,     &lt;AllowHardTerminate&gt;true&lt;/AllowHardTerminate&gt;,     &lt;StartWhenAvailable&gt;false&lt;/StartWhenAvailable&gt;,     &lt;RunOnlyIfNetworkAvailable&gt;false&lt;/RunOnlyIfNetworkAvailable&gt;,     &lt;IdleSettings&gt;,       &lt;Duration&gt;PT10M&lt;/Duration&gt;,       &lt;WaitTimeout&gt;PT1H&lt;/WaitTimeout&gt;,       &lt;StopOnIdleEnd&gt;true&lt;/StopOnIdleEnd&gt;,       &lt;RestartOnIdle&gt;false&lt;/RestartOnIdle&gt;,     &lt;/IdleSettings&gt;,     &lt;AllowStartOnDemand&gt;true&lt;/AllowStartOnDemand&gt;,     &lt;Enabled&gt;false&lt;/Enabled&gt;,     &lt;Hidden&gt;false&lt;/Hidden&gt;,     &lt;RunOnlyIfIdle&gt;false&lt;/RunOnlyIfIdle&gt;,     &lt;WakeToRun&gt;false&lt;/WakeToRun&gt;,     &lt;ExecutionTimeLimit&gt;PT72H&lt;/ExecutionTimeLimit&gt;,     &lt;Priority&gt;7&lt;/Priority&gt;,   &lt;/Settings&gt;,   &lt;Actions Context=\""Author\""&gt;,     &lt;Exec&gt;,       &lt;Command&gt;%systemroot%\\system32\\usoclient.exe&lt;/Command&gt;,       &lt;Arguments&gt;StartWork&lt;/Arguments&gt;,     &lt;/Exec&gt;,   &lt;/Actions&gt;, &lt;/Task&gt;""},{""@Name"":""ClientProcessStartKey"",""#text"":""4222124650660191""},{""@Name"":""ClientProcessId"",""#text"":""6440""},{""@Name"":""ParentProcessId"",""#text"":""712""},{""@Name"":""RpcCallClientLocality"",""#text"":""0""},{""@Name"":""FQDN"",""#text"":""DESKTOP-887GK2L""}]}}"
