RecordNumber,EventRecordId,TimeCreated,EventId,Level,Provider,Channel,ProcessId,ThreadId,Computer,ChunkNumber,UserId,MapDescription,UserName,RemoteHost,PayloadData1,PayloadData2,PayloadData3,PayloadData4,PayloadData5,PayloadData6,ExecutableInfo,HiddenRecord,SourceFile,Keywords,ExtraDataOffset,Payload
1,6417,2024-05-21 03:05:08.7009147,4688,LogAlways,Microsoft-Windows-Security-Auditing,Security,4,176,DC01.forela.local,0,,A new process has been created,-\-,,"Parent process: ",PID: 0xAC,Parent PID: 0x4,Mandatory label: SECURITY_MANDATORY_SYSTEM_RID,Target User: -\-,,"Registry ",False,C:\Users\turana.rashidova\Downloads\campfire-1\Triage\Domain Controller\SECURITY-DC.evtx,Audit success,0,"{""EventData"":{""Data"":[{""@Name"":""SubjectUserSid"",""#text"":""S-1-5-18""},{""@Name"":""SubjectUserName"",""#text"":""-""},{""@Name"":""SubjectDomainName"",""#text"":""-""},{""@Name"":""SubjectLogonId"",""#text"":""0x3E7""},{""@Name"":""NewProcessId"",""#text"":""0xAC""},{""@Name"":""NewProcessName"",""#text"":""Registry""},{""@Name"":""TokenElevationType"",""#text"":""%%1936""},{""@Name"":""ProcessId"",""#text"":""0x4""},{""@Name"":""CommandLine""},{""@Name"":""TargetUserSid"",""#text"":""S-1-0-0""},{""@Name"":""TargetUserName"",""#text"":""-""},{""@Name"":""TargetDomainName"",""#text"":""-""},{""@Name"":""TargetLogonId"",""#text"":""0x0""},{""@Name"":""ParentProcessName""},{""@Name"":""MandatoryLabel"",""#text"":""S-1-16-16384""}]}}"
2,6418,2024-05-21 03:05:08.7011391,4696,LogAlways,Microsoft-Windows-Security-Auditing,Security,4,176,DC01.forela.local,0,,A privileged service was called,-\- (S-1-5-18),,Target: -\- (S-1-0-0),,,,,Registry (PID: 0xAC)," (PID: 0x4)",False,C:\Users\turana.rashidova\Downloads\campfire-1\Triage\Domain Controller\SECURITY-DC.evtx,Audit success,0,"{""EventData"":{""Data"":[{""@Name"":""SubjectUserSid"",""#text"":""S-1-5-18""},{""@Name"":""SubjectUserName"",""#text"":""-""},{""@Name"":""SubjectDomainName"",""#text"":""-""},{""@Name"":""SubjectLogonId"",""#text"":""0x3E7""},{""@Name"":""TargetUserSid"",""#text"":""S-1-0-0""},{""@Name"":""TargetUserName"",""#text"":""-""},{""@Name"":""TargetDomainName"",""#text"":""-""},{""@Name"":""TargetLogonId"",""#text"":""0x3E7""},{""@Name"":""TargetProcessId"",""#text"":""0xAC""},{""@Name"":""TargetProcessName"",""#text"":""Registry""},{""@Name"":""ProcessId"",""#text"":""0x4""},{""@Name"":""ProcessName""}]}}"
3,6419,2024-05-21 03:05:08.7011436,4826,LogAlways,Microsoft-Windows-Security-Auditing,Security,4,176,DC01.forela.local,0,,,,,,,,,,,,False,C:\Users\turana.rashidova\Downloads\campfire-1\Triage\Domain Controller\SECURITY-DC.evtx,Audit success,0,"{""EventData"":{""Data"":[{""@Name"":""SubjectUserSid"",""#text"":""S-1-5-18""},{""@Name"":""SubjectUserName"",""#text"":""-""},{""@Name"":""SubjectDomainName"",""#text"":""-""},{""@Name"":""SubjectLogonId"",""#text"":""0x3E7""},{""@Name"":""LoadOptions"",""#text"":""-""},{""@Name"":""AdvancedOptions"",""#text"":""%%1843""},{""@Name"":""ConfigAccessPolicy"",""#text"":""%%1846""},{""@Name"":""RemoteEventLogging"",""#text"":""%%1843""},{""@Name"":""KernelDebug"",""#text"":""%%1843""},{""@Name"":""VsmLaunchType"",""#text"":""%%1848""},{""@Name"":""TestSigning"",""#text"":""%%1843""},{""@Name"":""FlightSigning"",""#text"":""%%1843""},{""@Name"":""DisableIntegrityChecks"",""#text"":""%%1843""},{""@Name"":""HypervisorLoadOptions"",""#text"":""-""},{""@Name"":""HypervisorLaunchType"",""#text"":""%%1848""},{""@Name"":""HypervisorDebug"",""#text"":""%%1843""}]}}"
4,6420,2024-05-21 03:05:08.7056899,4688,LogAlways,Microsoft-Windows-Security-Auditing,Security,4,176,DC01.forela.local,0,,A new process has been created,-\-,,"Parent process: ",PID: 0x184,Parent PID: 0x4,Mandatory label: SECURITY_MANDATORY_SYSTEM_RID,Target User: -\-,,"C:\Windows\System32\smss.exe ",False,C:\Users\turana.rashidova\Downloads\campfire-1\Triage\Domain Controller\SECURITY-DC.evtx,Audit success,0,"{""EventData"":{""Data"":[{""@Name"":""SubjectUserSid"",""#text"":""S-1-5-18""},{""@Name"":""SubjectUserName"",""#text"":""-""},{""@Name"":""SubjectDomainName"",""#text"":""-""},{""@Name"":""SubjectLogonId"",""#text"":""0x3E7""},{""@Name"":""NewProcessId"",""#text"":""0x184""},{""@Name"":""NewProcessName"",""#text"":""C:\\Windows\\System32\\smss.exe""},{""@Name"":""TokenElevationType"",""#text"":""%%1936""},{""@Name"":""ProcessId"",""#text"":""0x4""},{""@Name"":""CommandLine""},{""@Name"":""TargetUserSid"",""#text"":""S-1-0-0""},{""@Name"":""TargetUserName"",""#text"":""-""},{""@Name"":""TargetDomainName"",""#text"":""-""},{""@Name"":""TargetLogonId"",""#text"":""0x0""},{""@Name"":""ParentProcessName""},{""@Name"":""MandatoryLabel"",""#text"":""S-1-16-16384""}]}}"
5,6421,2024-05-21 03:05:11.3353754,4688,LogAlways,Microsoft-Windows-Security-Auditing,Security,4,340,DC01.forela.local,0,,A new process has been created,-\-,,Parent process: C:\Windows\System32\smss.exe,PID: 0x1BC,Parent PID: 0x184,Mandatory label: SECURITY_MANDATORY_SYSTEM_RID,Target User: -\-,,"C:\Windows\System32\autochk.exe ",False,C:\Users\turana.rashidova\Downloads\campfire-1\Triage\Domain Controller\SECURITY-DC.evtx,Audit success,0,"{""EventData"":{""Data"":[{""@Name"":""SubjectUserSid"",""#text"":""S-1-5-18""},{""@Name"":""SubjectUserName"",""#text"":""-""},{""@Name"":""SubjectDomainName"",""#text"":""-""},{""@Name"":""SubjectLogonId"",""#text"":""0x3E7""},{""@Name"":""NewProcessId"",""#text"":""0x1BC""},{""@Name"":""NewProcessName"",""#text"":""C:\\Windows\\System32\\autochk.exe""},{""@Name"":""TokenElevationType"",""#text"":""%%1936""},{""@Name"":""ProcessId"",""#text"":""0x184""},{""@Name"":""CommandLine""},{""@Name"":""TargetUserSid"",""#text"":""S-1-0-0""},{""@Name"":""TargetUserName"",""#text"":""-""},{""@Name"":""TargetDomainName"",""#text"":""-""},{""@Name"":""TargetLogonId"",""#text"":""0x0""},{""@Name"":""ParentProcessName"",""#text"":""C:\\Windows\\System32\\smss.exe""},{""@Name"":""MandatoryLabel"",""#text"":""S-1-16-16384""}]}}"
6,6422,2024-05-21 03:05:11.7690499,4688,LogAlways,Microsoft-Windows-Security-Auditing,Security,4,176,DC01.forela.local,0,,A new process has been created,-\-,,Parent process: C:\Windows\System32\smss.exe,PID: 0x1FC,Parent PID: 0x184,Mandatory label: SECURITY_MANDATORY_SYSTEM_RID,Target User: -\-,,"C:\Windows\System32\smss.exe ",False,C:\Users\turana.rashidova\Downloads\campfire-1\Triage\Domain Controller\SECURITY-DC.evtx,Audit success,0,"{""EventData"":{""Data"":[{""@Name"":""SubjectUserSid"",""#text"":""S-1-5-18""},{""@Name"":""SubjectUserName"",""#text"":""-""},{""@Name"":""SubjectDomainName"",""#text"":""-""},{""@Name"":""SubjectLogonId"",""#text"":""0x3E7""},{""@Name"":""NewProcessId"",""#text"":""0x1FC""},{""@Name"":""NewProcessName"",""#text"":""C:\\Windows\\System32\\smss.exe""},{""@Name"":""TokenElevationType"",""#text"":""%%1936""},{""@Name"":""ProcessId"",""#text"":""0x184""},{""@Name"":""CommandLine""},{""@Name"":""TargetUserSid"",""#text"":""S-1-0-0""},{""@Name"":""TargetUserName"",""#text"":""-""},{""@Name"":""TargetDomainName"",""#text"":""-""},{""@Name"":""TargetLogonId"",""#text"":""0x0""},{""@Name"":""ParentProcessName"",""#text"":""C:\\Windows\\System32\\smss.exe""},{""@Name"":""MandatoryLabel"",""#text"":""S-1-16-16384""}]}}"
7,6423,2024-05-21 03:05:11.8483807,4688,LogAlways,Microsoft-Windows-Security-Auditing,Security,4,176,DC01.forela.local,0,,A new process has been created,-\-,,Parent process: C:\Windows\System32\smss.exe,PID: 0x204,Parent PID: 0x1FC,Mandatory label: SECURITY_MANDATORY_SYSTEM_RID,Target User: -\-,,"C:\Windows\System32\csrss.exe ",False,C:\Users\turana.rashidova\Downloads\campfire-1\Triage\Domain Controller\SECURITY-DC.evtx,Audit success,0,"{""EventData"":{""Data"":[{""@Name"":""SubjectUserSid"",""#text"":""S-1-5-18""},{""@Name"":""SubjectUserName"",""#text"":""-""},{""@Name"":""SubjectDomainName"",""#text"":""-""},{""@Name"":""SubjectLogonId"",""#text"":""0x3E7""},{""@Name"":""NewProcessId"",""#text"":""0x204""},{""@Name"":""NewProcessName"",""#text"":""C:\\Windows\\System32\\csrss.exe""},{""@Name"":""TokenElevationType"",""#text"":""%%1936""},{""@Name"":""ProcessId"",""#text"":""0x1FC""},{""@Name"":""CommandLine""},{""@Name"":""TargetUserSid"",""#text"":""S-1-0-0""},{""@Name"":""TargetUserName"",""#text"":""-""},{""@Name"":""TargetDomainName"",""#text"":""-""},{""@Name"":""TargetLogonId"",""#text"":""0x0""},{""@Name"":""ParentProcessName"",""#text"":""C:\\Windows\\System32\\smss.exe""},{""@Name"":""MandatoryLabel"",""#text"":""S-1-16-16384""}]}}"
8,6424,2024-05-21 03:05:12.0759823,4688,LogAlways,Microsoft-Windows-Security-Auditing,Security,4,340,DC01.forela.local,0,,A new process has been created,-\-,,Parent process: C:\Windows\System32\smss.exe,PID: 0x244,Parent PID: 0x184,Mandatory label: SECURITY_MANDATORY_SYSTEM_RID,Target User: -\-,,"C:\Windows\System32\smss.exe ",False,C:\Users\turana.rashidova\Downloads\campfire-1\Triage\Domain Controller\SECURITY-DC.evtx,Audit success,0,"{""EventData"":{""Data"":[{""@Name"":""SubjectUserSid"",""#text"":""S-1-5-18""},{""@Name"":""SubjectUserName"",""#text"":""-""},{""@Name"":""SubjectDomainName"",""#text"":""-""},{""@Name"":""SubjectLogonId"",""#text"":""0x3E7""},{""@Name"":""NewProcessId"",""#text"":""0x244""},{""@Name"":""NewProcessName"",""#text"":""C:\\Windows\\System32\\smss.exe""},{""@Name"":""TokenElevationType"",""#text"":""%%1936""},{""@Name"":""ProcessId"",""#text"":""0x184""},{""@Name"":""CommandLine""},{""@Name"":""TargetUserSid"",""#text"":""S-1-0-0""},{""@Name"":""TargetUserName"",""#text"":""-""},{""@Name"":""TargetDomainName"",""#text"":""-""},{""@Name"":""TargetLogonId"",""#text"":""0x0""},{""@Name"":""ParentProcessName"",""#text"":""C:\\Windows\\System32\\smss.exe""},{""@Name"":""MandatoryLabel"",""#text"":""S-1-16-16384""}]}}"
9,6425,2024-05-21 03:05:12.0816931,4688,LogAlways,Microsoft-Windows-Security-Auditing,Security,4,340,DC01.forela.local,0,,A new process has been created,-\-,,Parent process: C:\Windows\System32\smss.exe,PID: 0x24C,Parent PID: 0x1FC,Mandatory label: SECURITY_MANDATORY_SYSTEM_RID,Target User: -\-,,"C:\Windows\System32\wininit.exe ",False,C:\Users\turana.rashidova\Downloads\campfire-1\Triage\Domain Controller\SECURITY-DC.evtx,Audit success,0,"{""EventData"":{""Data"":[{""@Name"":""SubjectUserSid"",""#text"":""S-1-5-18""},{""@Name"":""SubjectUserName"",""#text"":""-""},{""@Name"":""SubjectDomainName"",""#text"":""-""},{""@Name"":""SubjectLogonId"",""#text"":""0x3E7""},{""@Name"":""NewProcessId"",""#text"":""0x24C""},{""@Name"":""NewProcessName"",""#text"":""C:\\Windows\\System32\\wininit.exe""},{""@Name"":""TokenElevationType"",""#text"":""%%1936""},{""@Name"":""ProcessId"",""#text"":""0x1FC""},{""@Name"":""CommandLine""},{""@Name"":""TargetUserSid"",""#text"":""S-1-0-0""},{""@Name"":""TargetUserName"",""#text"":""-""},{""@Name"":""TargetDomainName"",""#text"":""-""},{""@Name"":""TargetLogonId"",""#text"":""0x0""},{""@Name"":""ParentProcessName"",""#text"":""C:\\Windows\\System32\\smss.exe""},{""@Name"":""MandatoryLabel"",""#text"":""S-1-16-16384""}]}}"
10,6426,2024-05-21 03:05:12.0899604,4688,LogAlways,Microsoft-Windows-Security-Auditing,Security,4,184,DC01.forela.local,0,,A new process has been created,-\-,,Parent process: C:\Windows\System32\smss.exe,PID: 0x254,Parent PID: 0x244,Mandatory label: SECURITY_MANDATORY_SYSTEM_RID,Target User: -\-,,"C:\Windows\System32\csrss.exe ",False,C:\Users\turana.rashidova\Downloads\campfire-1\Triage\Domain Controller\SECURITY-DC.evtx,Audit success,0,"{""EventData"":{""Data"":[{""@Name"":""SubjectUserSid"",""#text"":""S-1-5-18""},{""@Name"":""SubjectUserName"",""#text"":""-""},{""@Name"":""SubjectDomainName"",""#text"":""-""},{""@Name"":""SubjectLogonId"",""#text"":""0x3E7""},{""@Name"":""NewProcessId"",""#text"":""0x254""},{""@Name"":""NewProcessName"",""#text"":""C:\\Windows\\System32\\csrss.exe""},{""@Name"":""TokenElevationType"",""#text"":""%%1936""},{""@Name"":""ProcessId"",""#text"":""0x244""},{""@Name"":""CommandLine""},{""@Name"":""TargetUserSid"",""#text"":""S-1-0-0""},{""@Name"":""TargetUserName"",""#text"":""-""},{""@Name"":""TargetDomainName"",""#text"":""-""},{""@Name"":""TargetLogonId"",""#text"":""0x0""},{""@Name"":""ParentProcessName"",""#text"":""C:\\Windows\\System32\\smss.exe""},{""@Name"":""MandatoryLabel"",""#text"":""S-1-16-16384""}]}}"
11,6427,2024-05-21 03:05:12.1269158,4688,LogAlways,Microsoft-Windows-Security-Auditing,Security,4,184,DC01.forela.local,0,,A new process has been created,-\-,,Parent process: C:\Windows\System32\smss.exe,PID: 0x290,Parent PID: 0x244,Mandatory label: SECURITY_MANDATORY_SYSTEM_RID,Target User: -\-,,"C:\Windows\System32\winlogon.exe ",False,C:\Users\turana.rashidova\Downloads\campfire-1\Triage\Domain Controller\SECURITY-DC.evtx,Audit success,0,"{""EventData"":{""Data"":[{""@Name"":""SubjectUserSid"",""#text"":""S-1-5-18""},{""@Name"":""SubjectUserName"",""#text"":""-""},{""@Name"":""SubjectDomainName"",""#text"":""-""},{""@Name"":""SubjectLogonId"",""#text"":""0x3E7""},{""@Name"":""NewProcessId"",""#text"":""0x290""},{""@Name"":""NewProcessName"",""#text"":""C:\\Windows\\System32\\winlogon.exe""},{""@Name"":""TokenElevationType"",""#text"":""%%1936""},{""@Name"":""ProcessId"",""#text"":""0x244""},{""@Name"":""CommandLine""},{""@Name"":""TargetUserSid"",""#text"":""S-1-0-0""},{""@Name"":""TargetUserName"",""#text"":""-""},{""@Name"":""TargetDomainName"",""#text"":""-""},{""@Name"":""TargetLogonId"",""#text"":""0x0""},{""@Name"":""ParentProcessName"",""#text"":""C:\\Windows\\System32\\smss.exe""},{""@Name"":""MandatoryLabel"",""#text"":""S-1-16-16384""}]}}"
12,6428,2024-05-21 03:05:12.2374127,4688,LogAlways,Microsoft-Windows-Security-Auditing,Security,4,184,DC01.forela.local,0,,A new process has been created,-\-,,Parent process: C:\Windows\System32\wininit.exe,PID: 0x2D8,Parent PID: 0x24C,Mandatory label: SECURITY_MANDATORY_SYSTEM_RID,Target User: -\-,,"C:\Windows\System32\services.exe ",False,C:\Users\turana.rashidova\Downloads\campfire-1\Triage\Domain Controller\SECURITY-DC.evtx,Audit success,0,"{""EventData"":{""Data"":[{""@Name"":""SubjectUserSid"",""#text"":""S-1-5-18""},{""@Name"":""SubjectUserName"",""#text"":""-""},{""@Name"":""SubjectDomainName"",""#text"":""-""},{""@Name"":""SubjectLogonId"",""#text"":""0x3E7""},{""@Name"":""NewProcessId"",""#text"":""0x2D8""},{""@Name"":""NewProcessName"",""#text"":""C:\\Windows\\System32\\services.exe""},{""@Name"":""TokenElevationType"",""#text"":""%%1936""},{""@Name"":""ProcessId"",""#text"":""0x24C""},{""@Name"":""CommandLine""},{""@Name"":""TargetUserSid"",""#text"":""S-1-0-0""},{""@Name"":""TargetUserName"",""#text"":""-""},{""@Name"":""TargetDomainName"",""#text"":""-""},{""@Name"":""TargetLogonId"",""#text"":""0x0""},{""@Name"":""ParentProcessName"",""#text"":""C:\\Windows\\System32\\wininit.exe""},{""@Name"":""MandatoryLabel"",""#text"":""S-1-16-16384""}]}}"
13,6429,2024-05-21 03:05:12.3165255,4688,LogAlways,Microsoft-Windows-Security-Auditing,Security,4,196,DC01.forela.local,0,,A new process has been created,-\-,,Parent process: C:\Windows\System32\wininit.exe,PID: 0x2EC,Parent PID: 0x24C,Mandatory label: SECURITY_MANDATORY_SYSTEM_RID,Target User: -\-,,"C:\Windows\System32\lsass.exe ",False,C:\Users\turana.rashidova\Downloads\campfire-1\Triage\Domain Controller\SECURITY-DC.evtx,Audit success,0,"{""EventData"":{""Data"":[{""@Name"":""SubjectUserSid"",""#text"":""S-1-5-18""},{""@Name"":""SubjectUserName"",""#text"":""-""},{""@Name"":""SubjectDomainName"",""#text"":""-""},{""@Name"":""SubjectLogonId"",""#text"":""0x3E7""},{""@Name"":""NewProcessId"",""#text"":""0x2EC""},{""@Name"":""NewProcessName"",""#text"":""C:\\Windows\\System32\\lsass.exe""},{""@Name"":""TokenElevationType"",""#text"":""%%1936""},{""@Name"":""ProcessId"",""#text"":""0x24C""},{""@Name"":""CommandLine""},{""@Name"":""TargetUserSid"",""#text"":""S-1-0-0""},{""@Name"":""TargetUserName"",""#text"":""-""},{""@Name"":""TargetDomainName"",""#text"":""-""},{""@Name"":""TargetLogonId"",""#text"":""0x0""},{""@Name"":""ParentProcessName"",""#text"":""C:\\Windows\\System32\\wininit.exe""},{""@Name"":""MandatoryLabel"",""#text"":""S-1-16-16384""}]}}"
14,6430,2024-05-21 03:05:22.8490777,4799,LogAlways,Microsoft-Windows-Security-Auditing,Security,748,1016,DC01.forela.local,0,,A security-enabled local group membership was enumerated,FORELA\DC01$ (S-1-5-18),,Target: Builtin\Administrators (S-1-5-32-544),SubjectLogonId: 0x3E7,CallerProcessName: C:\Windows\System32\lsass.exe,CallerProcessId: 0x2EC,,,,False,C:\Users\turana.rashidova\Downloads\campfire-1\Triage\Domain Controller\SECURITY-DC.evtx,Audit success,0,"{""EventData"":{""Data"":[{""@Name"":""TargetUserName"",""#text"":""Administrators""},{""@Name"":""TargetDomainName"",""#text"":""Builtin""},{""@Name"":""TargetSid"",""#text"":""S-1-5-32-544""},{""@Name"":""SubjectUserSid"",""#text"":""S-1-5-18""},{""@Name"":""SubjectUserName"",""#text"":""DC01$""},{""@Name"":""SubjectDomainName"",""#text"":""FORELA""},{""@Name"":""SubjectLogonId"",""#text"":""0x3E7""},{""@Name"":""CallerProcessId"",""#text"":""0x2EC""},{""@Name"":""CallerProcessName"",""#text"":""C:\\Windows\\System32\\lsass.exe""}]}}"
15,6431,2024-05-21 03:05:22.8512384,4799,LogAlways,Microsoft-Windows-Security-Auditing,Security,748,1016,DC01.forela.local,0,,A security-enabled local group membership was enumerated,FORELA\DC01$ (S-1-5-18),,Target: Builtin\Backup Operators (S-1-5-32-551),SubjectLogonId: 0x3E7,CallerProcessName: C:\Windows\System32\lsass.exe,CallerProcessId: 0x2EC,,,,False,C:\Users\turana.rashidova\Downloads\campfire-1\Triage\Domain Controller\SECURITY-DC.evtx,Audit success,0,"{""EventData"":{""Data"":[{""@Name"":""TargetUserName"",""#text"":""Backup Operators""},{""@Name"":""TargetDomainName"",""#text"":""Builtin""},{""@Name"":""TargetSid"",""#text"":""S-1-5-32-551""},{""@Name"":""SubjectUserSid"",""#text"":""S-1-5-18""},{""@Name"":""SubjectUserName"",""#text"":""DC01$""},{""@Name"":""SubjectDomainName"",""#text"":""FORELA""},{""@Name"":""SubjectLogonId"",""#text"":""0x3E7""},{""@Name"":""CallerProcessId"",""#text"":""0x2EC""},{""@Name"":""CallerProcessName"",""#text"":""C:\\Windows\\System32\\lsass.exe""}]}}"
16,6432,2024-05-21 03:05:24.2169888,5142,LogAlways,Microsoft-Windows-Security-Auditing,Security,4,184,DC01.forela.local,0,,A network share object was added,FORELA\DC01$,,ShareName: \\*\IPC$,"SharePath: ",SID: S-1-5-18,,,,,False,C:\Users\turana.rashidova\Downloads\campfire-1\Triage\Domain Controller\SECURITY-DC.evtx,Audit success,0,"{""EventData"":{""Data"":[{""@Name"":""SubjectUserSid"",""#text"":""S-1-5-18""},{""@Name"":""SubjectUserName"",""#text"":""DC01$""},{""@Name"":""SubjectDomainName"",""#text"":""FORELA""},{""@Name"":""SubjectLogonId"",""#text"":""0x3E7""},{""@Name"":""ShareName"",""#text"":""\\\\*\\IPC$""},{""@Name"":""ShareLocalPath""}]}}"
17,6433,2024-05-21 03:05:24.2170648,5142,LogAlways,Microsoft-Windows-Security-Auditing,Security,4,184,DC01.forela.local,0,,A network share object was added,FORELA\DC01$,,ShareName: \\*\ADMIN$,SharePath: C:\Windows,SID: S-1-5-18,,,,,False,C:\Users\turana.rashidova\Downloads\campfire-1\Triage\Domain Controller\SECURITY-DC.evtx,Audit success,0,"{""EventData"":{""Data"":[{""@Name"":""SubjectUserSid"",""#text"":""S-1-5-18""},{""@Name"":""SubjectUserName"",""#text"":""DC01$""},{""@Name"":""SubjectDomainName"",""#text"":""FORELA""},{""@Name"":""SubjectLogonId"",""#text"":""0x3E7""},{""@Name"":""ShareName"",""#text"":""\\\\*\\ADMIN$""},{""@Name"":""ShareLocalPath"",""#text"":""C:\\Windows""}]}}"
18,6434,2024-05-21 03:05:24.2171738,5142,LogAlways,Microsoft-Windows-Security-Auditing,Security,4,184,DC01.forela.local,0,,A network share object was added,FORELA\DC01$,,ShareName: \\*\C$,SharePath: C:\,SID: S-1-5-18,,,,,False,C:\Users\turana.rashidova\Downloads\campfire-1\Triage\Domain Controller\SECURITY-DC.evtx,Audit success,0,"{""EventData"":{""Data"":[{""@Name"":""SubjectUserSid"",""#text"":""S-1-5-18""},{""@Name"":""SubjectUserName"",""#text"":""DC01$""},{""@Name"":""SubjectDomainName"",""#text"":""FORELA""},{""@Name"":""SubjectLogonId"",""#text"":""0x3E7""},{""@Name"":""ShareName"",""#text"":""\\\\*\\C$""},{""@Name"":""ShareLocalPath"",""#text"":""C:\\""}]}}"
19,6435,2024-05-21 03:05:24.2182306,5142,LogAlways,Microsoft-Windows-Security-Auditing,Security,4,184,DC01.forela.local,0,,A network share object was added,FORELA\DC01$,,ShareName: \\*\SYSVOL,SharePath: C:\Windows\SYSVOL\sysvol,SID: S-1-5-18,,,,,False,C:\Users\turana.rashidova\Downloads\campfire-1\Triage\Domain Controller\SECURITY-DC.evtx,Audit success,0,"{""EventData"":{""Data"":[{""@Name"":""SubjectUserSid"",""#text"":""S-1-5-18""},{""@Name"":""SubjectUserName"",""#text"":""DC01$""},{""@Name"":""SubjectDomainName"",""#text"":""FORELA""},{""@Name"":""SubjectLogonId"",""#text"":""0x3E7""},{""@Name"":""ShareName"",""#text"":""\\\\*\\SYSVOL""},{""@Name"":""ShareLocalPath"",""#text"":""C:\\Windows\\SYSVOL\\sysvol""}]}}"
20,6436,2024-05-21 03:05:24.2194686,5142,LogAlways,Microsoft-Windows-Security-Auditing,Security,4,184,DC01.forela.local,0,,A network share object was added,FORELA\DC01$,,ShareName: \\*\NETLOGON,SharePath: C:\Windows\SYSVOL\sysvol\forela.local\SCRIPTS,SID: S-1-5-18,,,,,False,C:\Users\turana.rashidova\Downloads\campfire-1\Triage\Domain Controller\SECURITY-DC.evtx,Audit success,0,"{""EventData"":{""Data"":[{""@Name"":""SubjectUserSid"",""#text"":""S-1-5-18""},{""@Name"":""SubjectUserName"",""#text"":""DC01$""},{""@Name"":""SubjectDomainName"",""#text"":""FORELA""},{""@Name"":""SubjectLogonId"",""#text"":""0x3E7""},{""@Name"":""ShareName"",""#text"":""\\\\*\\NETLOGON""},{""@Name"":""ShareLocalPath"",""#text"":""C:\\Windows\\SYSVOL\\sysvol\\forela.local\\SCRIPTS""}]}}"
21,6437,2024-05-21 03:05:24.2207400,5142,LogAlways,Microsoft-Windows-Security-Auditing,Security,4,184,DC01.forela.local,0,,A network share object was added,FORELA\DC01$,,ShareName: \\*\DC-Confidential,SharePath: C:\Shares\DC-Confidential,SID: S-1-5-18,,,,,False,C:\Users\turana.rashidova\Downloads\campfire-1\Triage\Domain Controller\SECURITY-DC.evtx,Audit success,0,"{""EventData"":{""Data"":[{""@Name"":""SubjectUserSid"",""#text"":""S-1-5-18""},{""@Name"":""SubjectUserName"",""#text"":""DC01$""},{""@Name"":""SubjectDomainName"",""#text"":""FORELA""},{""@Name"":""SubjectLogonId"",""#text"":""0x3E7""},{""@Name"":""ShareName"",""#text"":""\\\\*\\DC-Confidential""},{""@Name"":""ShareLocalPath"",""#text"":""C:\\Shares\\DC-Confidential""}]}}"
22,6438,2024-05-21 03:05:24.3650828,4799,LogAlways,Microsoft-Windows-Security-Auditing,Security,748,888,DC01.forela.local,0,,A security-enabled local group membership was enumerated,FORELA\DC01$ (S-1-5-20),,Target: Builtin\Administrators (S-1-5-32-544),SubjectLogonId: 0x3E4,CallerProcessName: C:\Windows\System32\svchost.exe,CallerProcessId: 0x724,,,,False,C:\Users\turana.rashidova\Downloads\campfire-1\Triage\Domain Controller\SECURITY-DC.evtx,Audit success,0,"{""EventData"":{""Data"":[{""@Name"":""TargetUserName"",""#text"":""Administrators""},{""@Name"":""TargetDomainName"",""#text"":""Builtin""},{""@Name"":""TargetSid"",""#text"":""S-1-5-32-544""},{""@Name"":""SubjectUserSid"",""#text"":""S-1-5-20""},{""@Name"":""SubjectUserName"",""#text"":""DC01$""},{""@Name"":""SubjectDomainName"",""#text"":""FORELA""},{""@Name"":""SubjectLogonId"",""#text"":""0x3E4""},{""@Name"":""CallerProcessId"",""#text"":""0x724""},{""@Name"":""CallerProcessName"",""#text"":""C:\\Windows\\System32\\svchost.exe""}]}}"
23,6439,2024-05-21 03:05:24.3668200,4799,LogAlways,Microsoft-Windows-Security-Auditing,Security,748,888,DC01.forela.local,0,,A security-enabled local group membership was enumerated,FORELA\DC01$ (S-1-5-20),,Target: Builtin\Backup Operators (S-1-5-32-551),SubjectLogonId: 0x3E4,CallerProcessName: C:\Windows\System32\svchost.exe,CallerProcessId: 0x724,,,,False,C:\Users\turana.rashidova\Downloads\campfire-1\Triage\Domain Controller\SECURITY-DC.evtx,Audit success,0,"{""EventData"":{""Data"":[{""@Name"":""TargetUserName"",""#text"":""Backup Operators""},{""@Name"":""TargetDomainName"",""#text"":""Builtin""},{""@Name"":""TargetSid"",""#text"":""S-1-5-32-551""},{""@Name"":""SubjectUserSid"",""#text"":""S-1-5-20""},{""@Name"":""SubjectUserName"",""#text"":""DC01$""},{""@Name"":""SubjectDomainName"",""#text"":""FORELA""},{""@Name"":""SubjectLogonId"",""#text"":""0x3E4""},{""@Name"":""CallerProcessId"",""#text"":""0x724""},{""@Name"":""CallerProcessName"",""#text"":""C:\\Windows\\System32\\svchost.exe""}]}}"
24,6440,2024-05-21 03:05:24.6982390,4799,LogAlways,Microsoft-Windows-Security-Auditing,Security,748,1016,DC01.forela.local,0,,A security-enabled local group membership was enumerated,FORELA\DC01$ (S-1-5-18),,Target: Builtin\Administrators (S-1-5-32-544),SubjectLogonId: 0x3E7,CallerProcessName: C:\Windows\System32\svchost.exe,CallerProcessId: 0x830,,,,False,C:\Users\turana.rashidova\Downloads\campfire-1\Triage\Domain Controller\SECURITY-DC.evtx,Audit success,0,"{""EventData"":{""Data"":[{""@Name"":""TargetUserName"",""#text"":""Administrators""},{""@Name"":""TargetDomainName"",""#text"":""Builtin""},{""@Name"":""TargetSid"",""#text"":""S-1-5-32-544""},{""@Name"":""SubjectUserSid"",""#text"":""S-1-5-18""},{""@Name"":""SubjectUserName"",""#text"":""DC01$""},{""@Name"":""SubjectDomainName"",""#text"":""FORELA""},{""@Name"":""SubjectLogonId"",""#text"":""0x3E7""},{""@Name"":""CallerProcessId"",""#text"":""0x830""},{""@Name"":""CallerProcessName"",""#text"":""C:\\Windows\\System32\\svchost.exe""}]}}"
25,6441,2024-05-21 03:05:24.6994258,4799,LogAlways,Microsoft-Windows-Security-Auditing,Security,748,1016,DC01.forela.local,0,,A security-enabled local group membership was enumerated,FORELA\DC01$ (S-1-5-18),,Target: Builtin\Backup Operators (S-1-5-32-551),SubjectLogonId: 0x3E7,CallerProcessName: C:\Windows\System32\svchost.exe,CallerProcessId: 0x830,,,,False,C:\Users\turana.rashidova\Downloads\campfire-1\Triage\Domain Controller\SECURITY-DC.evtx,Audit success,0,"{""EventData"":{""Data"":[{""@Name"":""TargetUserName"",""#text"":""Backup Operators""},{""@Name"":""TargetDomainName"",""#text"":""Builtin""},{""@Name"":""TargetSid"",""#text"":""S-1-5-32-551""},{""@Name"":""SubjectUserSid"",""#text"":""S-1-5-18""},{""@Name"":""SubjectUserName"",""#text"":""DC01$""},{""@Name"":""SubjectDomainName"",""#text"":""FORELA""},{""@Name"":""SubjectLogonId"",""#text"":""0x3E7""},{""@Name"":""CallerProcessId"",""#text"":""0x830""},{""@Name"":""CallerProcessName"",""#text"":""C:\\Windows\\System32\\svchost.exe""}]}}"
26,6442,2024-05-21 03:05:26.2210656,4799,LogAlways,Microsoft-Windows-Security-Auditing,Security,748,360,DC01.forela.local,0,,A security-enabled local group membership was enumerated,FORELA\DC01$ (S-1-5-18),,Target: Builtin\Administrators (S-1-5-32-544),SubjectLogonId: 0x3E7,CallerProcessName: C:\Windows\System32\VSSVC.exe,CallerProcessId: 0x1344,,,,False,C:\Users\turana.rashidova\Downloads\campfire-1\Triage\Domain Controller\SECURITY-DC.evtx,Audit success,0,"{""EventData"":{""Data"":[{""@Name"":""TargetUserName"",""#text"":""Administrators""},{""@Name"":""TargetDomainName"",""#text"":""Builtin""},{""@Name"":""TargetSid"",""#text"":""S-1-5-32-544""},{""@Name"":""SubjectUserSid"",""#text"":""S-1-5-18""},{""@Name"":""SubjectUserName"",""#text"":""DC01$""},{""@Name"":""SubjectDomainName"",""#text"":""FORELA""},{""@Name"":""SubjectLogonId"",""#text"":""0x3E7""},{""@Name"":""CallerProcessId"",""#text"":""0x1344""},{""@Name"":""CallerProcessName"",""#text"":""C:\\Windows\\System32\\VSSVC.exe""}]}}"
27,6443,2024-05-21 03:05:26.2215897,4799,LogAlways,Microsoft-Windows-Security-Auditing,Security,748,360,DC01.forela.local,0,,A security-enabled local group membership was enumerated,FORELA\DC01$ (S-1-5-18),,Target: Builtin\Backup Operators (S-1-5-32-551),SubjectLogonId: 0x3E7,CallerProcessName: C:\Windows\System32\VSSVC.exe,CallerProcessId: 0x1344,,,,False,C:\Users\turana.rashidova\Downloads\campfire-1\Triage\Domain Controller\SECURITY-DC.evtx,Audit success,0,"{""EventData"":{""Data"":[{""@Name"":""TargetUserName"",""#text"":""Backup Operators""},{""@Name"":""TargetDomainName"",""#text"":""Builtin""},{""@Name"":""TargetSid"",""#text"":""S-1-5-32-551""},{""@Name"":""SubjectUserSid"",""#text"":""S-1-5-18""},{""@Name"":""SubjectUserName"",""#text"":""DC01$""},{""@Name"":""SubjectDomainName"",""#text"":""FORELA""},{""@Name"":""SubjectLogonId"",""#text"":""0x3E7""},{""@Name"":""CallerProcessId"",""#text"":""0x1344""},{""@Name"":""CallerProcessName"",""#text"":""C:\\Windows\\System32\\VSSVC.exe""}]}}"
28,6444,2024-05-21 03:05:26.2333399,4799,LogAlways,Microsoft-Windows-Security-Auditing,Security,748,360,DC01.forela.local,0,,A security-enabled local group membership was enumerated,FORELA\DC01$ (S-1-5-18),,Target: Builtin\Administrators (S-1-5-32-544),SubjectLogonId: 0x3E7,CallerProcessName: C:\Windows\System32\VSSVC.exe,CallerProcessId: 0x1344,,,,False,C:\Users\turana.rashidova\Downloads\campfire-1\Triage\Domain Controller\SECURITY-DC.evtx,Audit success,0,"{""EventData"":{""Data"":[{""@Name"":""TargetUserName"",""#text"":""Administrators""},{""@Name"":""TargetDomainName"",""#text"":""Builtin""},{""@Name"":""TargetSid"",""#text"":""S-1-5-32-544""},{""@Name"":""SubjectUserSid"",""#text"":""S-1-5-18""},{""@Name"":""SubjectUserName"",""#text"":""DC01$""},{""@Name"":""SubjectDomainName"",""#text"":""FORELA""},{""@Name"":""SubjectLogonId"",""#text"":""0x3E7""},{""@Name"":""CallerProcessId"",""#text"":""0x1344""},{""@Name"":""CallerProcessName"",""#text"":""C:\\Windows\\System32\\VSSVC.exe""}]}}"
29,6445,2024-05-21 03:05:26.2338884,4799,LogAlways,Microsoft-Windows-Security-Auditing,Security,748,360,DC01.forela.local,0,,A security-enabled local group membership was enumerated,FORELA\DC01$ (S-1-5-18),,Target: Builtin\Backup Operators (S-1-5-32-551),SubjectLogonId: 0x3E7,CallerProcessName: C:\Windows\System32\VSSVC.exe,CallerProcessId: 0x1344,,,,False,C:\Users\turana.rashidova\Downloads\campfire-1\Triage\Domain Controller\SECURITY-DC.evtx,Audit success,0,"{""EventData"":{""Data"":[{""@Name"":""TargetUserName"",""#text"":""Backup Operators""},{""@Name"":""TargetDomainName"",""#text"":""Builtin""},{""@Name"":""TargetSid"",""#text"":""S-1-5-32-551""},{""@Name"":""SubjectUserSid"",""#text"":""S-1-5-18""},{""@Name"":""SubjectUserName"",""#text"":""DC01$""},{""@Name"":""SubjectDomainName"",""#text"":""FORELA""},{""@Name"":""SubjectLogonId"",""#text"":""0x3E7""},{""@Name"":""CallerProcessId"",""#text"":""0x1344""},{""@Name"":""CallerProcessName"",""#text"":""C:\\Windows\\System32\\VSSVC.exe""}]}}"
30,6446,2024-05-21 03:05:26.2416275,4799,LogAlways,Microsoft-Windows-Security-Auditing,Security,748,360,DC01.forela.local,0,,A security-enabled local group membership was enumerated,FORELA\DC01$ (S-1-5-18),,Target: Builtin\Administrators (S-1-5-32-544),SubjectLogonId: 0x3E7,CallerProcessName: C:\Windows\System32\VSSVC.exe,CallerProcessId: 0x1344,,,,False,C:\Users\turana.rashidova\Downloads\campfire-1\Triage\Domain Controller\SECURITY-DC.evtx,Audit success,0,"{""EventData"":{""Data"":[{""@Name"":""TargetUserName"",""#text"":""Administrators""},{""@Name"":""TargetDomainName"",""#text"":""Builtin""},{""@Name"":""TargetSid"",""#text"":""S-1-5-32-544""},{""@Name"":""SubjectUserSid"",""#text"":""S-1-5-18""},{""@Name"":""SubjectUserName"",""#text"":""DC01$""},{""@Name"":""SubjectDomainName"",""#text"":""FORELA""},{""@Name"":""SubjectLogonId"",""#text"":""0x3E7""},{""@Name"":""CallerProcessId"",""#text"":""0x1344""},{""@Name"":""CallerProcessName"",""#text"":""C:\\Windows\\System32\\VSSVC.exe""}]}}"
31,6447,2024-05-21 03:05:26.2421093,4799,LogAlways,Microsoft-Windows-Security-Auditing,Security,748,360,DC01.forela.local,0,,A security-enabled local group membership was enumerated,FORELA\DC01$ (S-1-5-18),,Target: Builtin\Backup Operators (S-1-5-32-551),SubjectLogonId: 0x3E7,CallerProcessName: C:\Windows\System32\VSSVC.exe,CallerProcessId: 0x1344,,,,False,C:\Users\turana.rashidova\Downloads\campfire-1\Triage\Domain Controller\SECURITY-DC.evtx,Audit success,0,"{""EventData"":{""Data"":[{""@Name"":""TargetUserName"",""#text"":""Backup Operators""},{""@Name"":""TargetDomainName"",""#text"":""Builtin""},{""@Name"":""TargetSid"",""#text"":""S-1-5-32-551""},{""@Name"":""SubjectUserSid"",""#text"":""S-1-5-18""},{""@Name"":""SubjectUserName"",""#text"":""DC01$""},{""@Name"":""SubjectDomainName"",""#text"":""FORELA""},{""@Name"":""SubjectLogonId"",""#text"":""0x3E7""},{""@Name"":""CallerProcessId"",""#text"":""0x1344""},{""@Name"":""CallerProcessName"",""#text"":""C:\\Windows\\System32\\VSSVC.exe""}]}}"
32,6448,2024-05-21 03:05:26.2503129,4799,LogAlways,Microsoft-Windows-Security-Auditing,Security,748,360,DC01.forela.local,0,,A security-enabled local group membership was enumerated,FORELA\DC01$ (S-1-5-18),,Target: Builtin\Administrators (S-1-5-32-544),SubjectLogonId: 0x3E7,CallerProcessName: C:\Windows\System32\VSSVC.exe,CallerProcessId: 0x1344,,,,False,C:\Users\turana.rashidova\Downloads\campfire-1\Triage\Domain Controller\SECURITY-DC.evtx,Audit success,0,"{""EventData"":{""Data"":[{""@Name"":""TargetUserName"",""#text"":""Administrators""},{""@Name"":""TargetDomainName"",""#text"":""Builtin""},{""@Name"":""TargetSid"",""#text"":""S-1-5-32-544""},{""@Name"":""SubjectUserSid"",""#text"":""S-1-5-18""},{""@Name"":""SubjectUserName"",""#text"":""DC01$""},{""@Name"":""SubjectDomainName"",""#text"":""FORELA""},{""@Name"":""SubjectLogonId"",""#text"":""0x3E7""},{""@Name"":""CallerProcessId"",""#text"":""0x1344""},{""@Name"":""CallerProcessName"",""#text"":""C:\\Windows\\System32\\VSSVC.exe""}]}}"
33,6449,2024-05-21 03:05:26.2508442,4799,LogAlways,Microsoft-Windows-Security-Auditing,Security,748,360,DC01.forela.local,0,,A security-enabled local group membership was enumerated,FORELA\DC01$ (S-1-5-18),,Target: Builtin\Backup Operators (S-1-5-32-551),SubjectLogonId: 0x3E7,CallerProcessName: C:\Windows\System32\VSSVC.exe,CallerProcessId: 0x1344,,,,False,C:\Users\turana.rashidova\Downloads\campfire-1\Triage\Domain Controller\SECURITY-DC.evtx,Audit success,0,"{""EventData"":{""Data"":[{""@Name"":""TargetUserName"",""#text"":""Backup Operators""},{""@Name"":""TargetDomainName"",""#text"":""Builtin""},{""@Name"":""TargetSid"",""#text"":""S-1-5-32-551""},{""@Name"":""SubjectUserSid"",""#text"":""S-1-5-18""},{""@Name"":""SubjectUserName"",""#text"":""DC01$""},{""@Name"":""SubjectDomainName"",""#text"":""FORELA""},{""@Name"":""SubjectLogonId"",""#text"":""0x3E7""},{""@Name"":""CallerProcessId"",""#text"":""0x1344""},{""@Name"":""CallerProcessName"",""#text"":""C:\\Windows\\System32\\VSSVC.exe""}]}}"
34,6450,2024-05-21 03:05:26.4198025,5379,LogAlways,Microsoft-Windows-Security-Auditing,Security,748,360,DC01.forela.local,0,,Credential Manager credentials were read,DC01$,,SID: S-1-5-18,Domain: FORELA,LogonID: 0x3E7,CountOfCredentialsReturned: 0,,ActivityID: ad7a98cb-ab2b-0001-ef98-7aad2babda01,WindowsLive:(token):name=02juuvlgbfapztcv;serviceuri=*,False,C:\Users\turana.rashidova\Downloads\campfire-1\Triage\Domain Controller\SECURITY-DC.evtx,Audit success,0,"{""EventData"":{""Data"":[{""@Name"":""SubjectUserSid"",""#text"":""S-1-5-18""},{""@Name"":""SubjectUserName"",""#text"":""DC01$""},{""@Name"":""SubjectDomainName"",""#text"":""FORELA""},{""@Name"":""SubjectLogonId"",""#text"":""0x3E7""},{""@Name"":""TargetName"",""#text"":""WindowsLive:(token):name=02juuvlgbfapztcv;serviceuri=*""},{""@Name"":""Type"",""#text"":""0""},{""@Name"":""CountOfCredentialsReturned"",""#text"":""0""},{""@Name"":""ReadOperation"",""#text"":""%%8100""},{""@Name"":""ReturnCode"",""#text"":""3221226021""},{""@Name"":""ProcessCreationTime"",""#text"":""2024-05-21 03:05:26.3734936""},{""@Name"":""ClientProcessId"",""#text"":""4992""}]}}"
35,6451,2024-05-21 03:05:26.4200488,5379,LogAlways,Microsoft-Windows-Security-Auditing,Security,748,360,DC01.forela.local,0,,Credential Manager credentials were read,DC01$,,SID: S-1-5-18,Domain: FORELA,LogonID: 0x3E7,CountOfCredentialsReturned: 0,,ActivityID: ad7a98cb-ab2b-0001-ef98-7aad2babda01,WindowsLive:(cert):name=02juuvlgbfapztcv;serviceuri=*,False,C:\Users\turana.rashidova\Downloads\campfire-1\Triage\Domain Controller\SECURITY-DC.evtx,Audit success,0,"{""EventData"":{""Data"":[{""@Name"":""SubjectUserSid"",""#text"":""S-1-5-18""},{""@Name"":""SubjectUserName"",""#text"":""DC01$""},{""@Name"":""SubjectDomainName"",""#text"":""FORELA""},{""@Name"":""SubjectLogonId"",""#text"":""0x3E7""},{""@Name"":""TargetName"",""#text"":""WindowsLive:(cert):name=02juuvlgbfapztcv;serviceuri=*""},{""@Name"":""Type"",""#text"":""0""},{""@Name"":""CountOfCredentialsReturned"",""#text"":""0""},{""@Name"":""ReadOperation"",""#text"":""%%8100""},{""@Name"":""ReturnCode"",""#text"":""3221226021""},{""@Name"":""ProcessCreationTime"",""#text"":""2024-05-21 03:05:26.3734936""},{""@Name"":""ClientProcessId"",""#text"":""4992""}]}}"
36,6452,2024-05-21 03:05:26.4200912,5379,LogAlways,Microsoft-Windows-Security-Auditing,Security,748,360,DC01.forela.local,0,,Credential Manager credentials were read,DC01$,,SID: S-1-5-18,Domain: FORELA,LogonID: 0x3E7,CountOfCredentialsReturned: 1,,ActivityID: ad7a98cb-ab2b-0001-ef98-7aad2babda01,WindowsLive:target=virtualapp/didlogical,False,C:\Users\turana.rashidova\Downloads\campfire-1\Triage\Domain Controller\SECURITY-DC.evtx,Audit success,0,"{""EventData"":{""Data"":[{""@Name"":""SubjectUserSid"",""#text"":""S-1-5-18""},{""@Name"":""SubjectUserName"",""#text"":""DC01$""},{""@Name"":""SubjectDomainName"",""#text"":""FORELA""},{""@Name"":""SubjectLogonId"",""#text"":""0x3E7""},{""@Name"":""TargetName"",""#text"":""WindowsLive:target=virtualapp/didlogical""},{""@Name"":""Type"",""#text"":""0""},{""@Name"":""CountOfCredentialsReturned"",""#text"":""1""},{""@Name"":""ReadOperation"",""#text"":""%%8100""},{""@Name"":""ReturnCode"",""#text"":""0""},{""@Name"":""ProcessCreationTime"",""#text"":""2024-05-21 03:05:26.3734936""},{""@Name"":""ClientProcessId"",""#text"":""4992""}]}}"
37,6453,2024-05-21 03:05:27.6607069,5379,LogAlways,Microsoft-Windows-Security-Auditing,Security,748,360,DC01.forela.local,0,,Credential Manager credentials were read,LOCAL SERVICE,,SID: S-1-5-19,Domain: NT AUTHORITY,LogonID: 0x3E5,CountOfCredentialsReturned: 0,,ActivityID: ad7a98cb-ab2b-0001-ef98-7aad2babda01,WindowsLive:(token):name=02gqqycogetgggtv;serviceuri=*,False,C:\Users\turana.rashidova\Downloads\campfire-1\Triage\Domain Controller\SECURITY-DC.evtx,Audit success,0,"{""EventData"":{""Data"":[{""@Name"":""SubjectUserSid"",""#text"":""S-1-5-19""},{""@Name"":""SubjectUserName"",""#text"":""LOCAL SERVICE""},{""@Name"":""SubjectDomainName"",""#text"":""NT AUTHORITY""},{""@Name"":""SubjectLogonId"",""#text"":""0x3E5""},{""@Name"":""TargetName"",""#text"":""WindowsLive:(token):name=02gqqycogetgggtv;serviceuri=*""},{""@Name"":""Type"",""#text"":""0""},{""@Name"":""CountOfCredentialsReturned"",""#text"":""0""},{""@Name"":""ReadOperation"",""#text"":""%%8100""},{""@Name"":""ReturnCode"",""#text"":""3221226021""},{""@Name"":""ProcessCreationTime"",""#text"":""2024-05-21 03:05:26.3734936""},{""@Name"":""ClientProcessId"",""#text"":""4992""}]}}"
38,6454,2024-05-21 03:05:27.6612104,5379,LogAlways,Microsoft-Windows-Security-Auditing,Security,748,360,DC01.forela.local,0,,Credential Manager credentials were read,LOCAL SERVICE,,SID: S-1-5-19,Domain: NT AUTHORITY,LogonID: 0x3E5,CountOfCredentialsReturned: 0,,ActivityID: ad7a98cb-ab2b-0001-ef98-7aad2babda01,WindowsLive:(cert):name=02gqqycogetgggtv;serviceuri=*,False,C:\Users\turana.rashidova\Downloads\campfire-1\Triage\Domain Controller\SECURITY-DC.evtx,Audit success,0,"{""EventData"":{""Data"":[{""@Name"":""SubjectUserSid"",""#text"":""S-1-5-19""},{""@Name"":""SubjectUserName"",""#text"":""LOCAL SERVICE""},{""@Name"":""SubjectDomainName"",""#text"":""NT AUTHORITY""},{""@Name"":""SubjectLogonId"",""#text"":""0x3E5""},{""@Name"":""TargetName"",""#text"":""WindowsLive:(cert):name=02gqqycogetgggtv;serviceuri=*""},{""@Name"":""Type"",""#text"":""0""},{""@Name"":""CountOfCredentialsReturned"",""#text"":""0""},{""@Name"":""ReadOperation"",""#text"":""%%8100""},{""@Name"":""ReturnCode"",""#text"":""3221226021""},{""@Name"":""ProcessCreationTime"",""#text"":""2024-05-21 03:05:26.3734936""},{""@Name"":""ClientProcessId"",""#text"":""4992""}]}}"
39,6455,2024-05-21 03:05:27.6613221,5379,LogAlways,Microsoft-Windows-Security-Auditing,Security,748,360,DC01.forela.local,0,,Credential Manager credentials were read,LOCAL SERVICE,,SID: S-1-5-19,Domain: NT AUTHORITY,LogonID: 0x3E5,CountOfCredentialsReturned: 1,,ActivityID: ad7a98cb-ab2b-0001-ef98-7aad2babda01,WindowsLive:target=virtualapp/didlogical,False,C:\Users\turana.rashidova\Downloads\campfire-1\Triage\Domain Controller\SECURITY-DC.evtx,Audit success,0,"{""EventData"":{""Data"":[{""@Name"":""SubjectUserSid"",""#text"":""S-1-5-19""},{""@Name"":""SubjectUserName"",""#text"":""LOCAL SERVICE""},{""@Name"":""SubjectDomainName"",""#text"":""NT AUTHORITY""},{""@Name"":""SubjectLogonId"",""#text"":""0x3E5""},{""@Name"":""TargetName"",""#text"":""WindowsLive:target=virtualapp/didlogical""},{""@Name"":""Type"",""#text"":""0""},{""@Name"":""CountOfCredentialsReturned"",""#text"":""1""},{""@Name"":""ReadOperation"",""#text"":""%%8100""},{""@Name"":""ReturnCode"",""#text"":""0""},{""@Name"":""ProcessCreationTime"",""#text"":""2024-05-21 03:05:26.3734936""},{""@Name"":""ClientProcessId"",""#text"":""4992""}]}}"
40,6456,2024-05-21 03:05:27.6875454,5379,LogAlways,Microsoft-Windows-Security-Auditing,Security,748,360,DC01.forela.local,0,,Credential Manager credentials were read,DC01$,,SID: S-1-5-20,Domain: FORELA,LogonID: 0x3E4,CountOfCredentialsReturned: 0,,ActivityID: ad7a98cb-ab2b-0001-ef98-7aad2babda01,WindowsLive:(token):name=02qebrdbnivzvgrj;serviceuri=*,False,C:\Users\turana.rashidova\Downloads\campfire-1\Triage\Domain Controller\SECURITY-DC.evtx,Audit success,0,"{""EventData"":{""Data"":[{""@Name"":""SubjectUserSid"",""#text"":""S-1-5-20""},{""@Name"":""SubjectUserName"",""#text"":""DC01$""},{""@Name"":""SubjectDomainName"",""#text"":""FORELA""},{""@Name"":""SubjectLogonId"",""#text"":""0x3E4""},{""@Name"":""TargetName"",""#text"":""WindowsLive:(token):name=02qebrdbnivzvgrj;serviceuri=*""},{""@Name"":""Type"",""#text"":""0""},{""@Name"":""CountOfCredentialsReturned"",""#text"":""0""},{""@Name"":""ReadOperation"",""#text"":""%%8100""},{""@Name"":""ReturnCode"",""#text"":""3221226021""},{""@Name"":""ProcessCreationTime"",""#text"":""2024-05-21 03:05:26.3734936""},{""@Name"":""ClientProcessId"",""#text"":""4992""}]}}"
41,6457,2024-05-21 03:05:27.6886248,5379,LogAlways,Microsoft-Windows-Security-Auditing,Security,748,360,DC01.forela.local,0,,Credential Manager credentials were read,DC01$,,SID: S-1-5-20,Domain: FORELA,LogonID: 0x3E4,CountOfCredentialsReturned: 0,,ActivityID: ad7a98cb-ab2b-0001-ef98-7aad2babda01,WindowsLive:(cert):name=02qebrdbnivzvgrj;serviceuri=*,False,C:\Users\turana.rashidova\Downloads\campfire-1\Triage\Domain Controller\SECURITY-DC.evtx,Audit success,0,"{""EventData"":{""Data"":[{""@Name"":""SubjectUserSid"",""#text"":""S-1-5-20""},{""@Name"":""SubjectUserName"",""#text"":""DC01$""},{""@Name"":""SubjectDomainName"",""#text"":""FORELA""},{""@Name"":""SubjectLogonId"",""#text"":""0x3E4""},{""@Name"":""TargetName"",""#text"":""WindowsLive:(cert):name=02qebrdbnivzvgrj;serviceuri=*""},{""@Name"":""Type"",""#text"":""0""},{""@Name"":""CountOfCredentialsReturned"",""#text"":""0""},{""@Name"":""ReadOperation"",""#text"":""%%8100""},{""@Name"":""ReturnCode"",""#text"":""3221226021""},{""@Name"":""ProcessCreationTime"",""#text"":""2024-05-21 03:05:26.3734936""},{""@Name"":""ClientProcessId"",""#text"":""4992""}]}}"
42,6458,2024-05-21 03:05:27.6886666,5379,LogAlways,Microsoft-Windows-Security-Auditing,Security,748,360,DC01.forela.local,0,,Credential Manager credentials were read,DC01$,,SID: S-1-5-20,Domain: FORELA,LogonID: 0x3E4,CountOfCredentialsReturned: 0,,ActivityID: ad7a98cb-ab2b-0001-ef98-7aad2babda01,WindowsLive:target=virtualapp/didlogical,False,C:\Users\turana.rashidova\Downloads\campfire-1\Triage\Domain Controller\SECURITY-DC.evtx,Audit success,0,"{""EventData"":{""Data"":[{""@Name"":""SubjectUserSid"",""#text"":""S-1-5-20""},{""@Name"":""SubjectUserName"",""#text"":""DC01$""},{""@Name"":""SubjectDomainName"",""#text"":""FORELA""},{""@Name"":""SubjectLogonId"",""#text"":""0x3E4""},{""@Name"":""TargetName"",""#text"":""WindowsLive:target=virtualapp/didlogical""},{""@Name"":""Type"",""#text"":""0""},{""@Name"":""CountOfCredentialsReturned"",""#text"":""0""},{""@Name"":""ReadOperation"",""#text"":""%%8100""},{""@Name"":""ReturnCode"",""#text"":""3221226021""},{""@Name"":""ProcessCreationTime"",""#text"":""2024-05-21 03:05:26.3734936""},{""@Name"":""ClientProcessId"",""#text"":""4992""}]}}"
43,6459,2024-05-21 03:05:54.1431308,4768,LogAlways,Microsoft-Windows-Security-Auditing,Security,748,360,DC01.forela.local,0,,A Kerberos authentication ticket (TGT) was requested,,::1:0,Target: FORELA.LOCAL\DC01$,ServiceName: krbtgt,ServiceSid: S-1-5-21-3239415629-1862073780-2394361899-502,TicketEncryptionType: AES256-CTS-HMAC-SHA1-96,Status: KDC_ERR_NONE - No error - No errors were found.,PreAuthType: PA-ENC-TIMESTAMP - This type is normal for standard password authentication.,,False,C:\Users\turana.rashidova\Downloads\campfire-1\Triage\Domain Controller\SECURITY-DC.evtx,Audit success,0,"{""EventData"":{""Data"":[{""@Name"":""TargetUserName"",""#text"":""DC01$""},{""@Name"":""TargetDomainName"",""#text"":""FORELA.LOCAL""},{""@Name"":""TargetSid"",""#text"":""S-1-5-21-3239415629-1862073780-2394361899-1000""},{""@Name"":""ServiceName"",""#text"":""krbtgt""},{""@Name"":""ServiceSid"",""#text"":""S-1-5-21-3239415629-1862073780-2394361899-502""},{""@Name"":""TicketOptions"",""#text"":""0x40810010""},{""@Name"":""Status"",""#text"":""0x0""},{""@Name"":""TicketEncryptionType"",""#text"":""0x12""},{""@Name"":""PreAuthType"",""#text"":""2""},{""@Name"":""IpAddress"",""#text"":""::1""},{""@Name"":""IpPort"",""#text"":""0""},{""@Name"":""CertIssuerName""},{""@Name"":""CertSerialNumber""},{""@Name"":""CertThumbprint""}]}}"
44,6460,2024-05-21 03:05:54.1502267,4768,LogAlways,Microsoft-Windows-Security-Auditing,Security,748,5268,DC01.forela.local,0,,A Kerberos authentication ticket (TGT) was requested,,::1:0,Target: FORELA.LOCAL\DC01$,ServiceName: krbtgt,ServiceSid: S-1-5-21-3239415629-1862073780-2394361899-502,TicketEncryptionType: AES256-CTS-HMAC-SHA1-96,Status: KDC_ERR_NONE - No error - No errors were found.,PreAuthType: PA-ENC-TIMESTAMP - This type is normal for standard password authentication.,,False,C:\Users\turana.rashidova\Downloads\campfire-1\Triage\Domain Controller\SECURITY-DC.evtx,Audit success,0,"{""EventData"":{""Data"":[{""@Name"":""TargetUserName"",""#text"":""DC01$""},{""@Name"":""TargetDomainName"",""#text"":""FORELA.LOCAL""},{""@Name"":""TargetSid"",""#text"":""S-1-5-21-3239415629-1862073780-2394361899-1000""},{""@Name"":""ServiceName"",""#text"":""krbtgt""},{""@Name"":""ServiceSid"",""#text"":""S-1-5-21-3239415629-1862073780-2394361899-502""},{""@Name"":""TicketOptions"",""#text"":""0x40810010""},{""@Name"":""Status"",""#text"":""0x0""},{""@Name"":""TicketEncryptionType"",""#text"":""0x12""},{""@Name"":""PreAuthType"",""#text"":""2""},{""@Name"":""IpAddress"",""#text"":""::1""},{""@Name"":""IpPort"",""#text"":""0""},{""@Name"":""CertIssuerName""},{""@Name"":""CertSerialNumber""},{""@Name"":""CertThumbprint""}]}}"
45,6461,2024-05-21 03:05:54.1531230,4769,LogAlways,Microsoft-Windows-Security-Auditing,Security,748,5268,DC01.forela.local,0,,A Kerberos service ticket was requested,,::1:0,Target: FORELA.LOCAL\DC01$@FORELA.LOCAL,ServiceName: DC01$,ServiceSid: S-1-5-21-3239415629-1862073780-2394361899-1000,TicketEncryptionType: AES256-CTS-HMAC-SHA1-96,Status: KDC_ERR_NONE - No error - No errors were found.,,,False,C:\Users\turana.rashidova\Downloads\campfire-1\Triage\Domain Controller\SECURITY-DC.evtx,Audit success,0,"{""EventData"":{""Data"":[{""@Name"":""TargetUserName"",""#text"":""DC01$@FORELA.LOCAL""},{""@Name"":""TargetDomainName"",""#text"":""FORELA.LOCAL""},{""@Name"":""ServiceName"",""#text"":""DC01$""},{""@Name"":""ServiceSid"",""#text"":""S-1-5-21-3239415629-1862073780-2394361899-1000""},{""@Name"":""TicketOptions"",""#text"":""0x40810000""},{""@Name"":""TicketEncryptionType"",""#text"":""0x12""},{""@Name"":""IpAddress"",""#text"":""::1""},{""@Name"":""IpPort"",""#text"":""0""},{""@Name"":""Status"",""#text"":""0x0""},{""@Name"":""LogonGuid"",""#text"":""8adc4d32-b1dc-937f-efec-0bda6b606c42""},{""@Name"":""TransmittedServices"",""#text"":""-""}]}}"
46,6462,2024-05-21 03:05:54.1531264,4769,LogAlways,Microsoft-Windows-Security-Auditing,Security,748,360,DC01.forela.local,0,,A Kerberos service ticket was requested,,::1:0,Target: FORELA.LOCAL\DC01$@FORELA.LOCAL,ServiceName: DC01$,ServiceSid: S-1-5-21-3239415629-1862073780-2394361899-1000,TicketEncryptionType: AES256-CTS-HMAC-SHA1-96,Status: KDC_ERR_NONE - No error - No errors were found.,,,False,C:\Users\turana.rashidova\Downloads\campfire-1\Triage\Domain Controller\SECURITY-DC.evtx,Audit success,0,"{""EventData"":{""Data"":[{""@Name"":""TargetUserName"",""#text"":""DC01$@FORELA.LOCAL""},{""@Name"":""TargetDomainName"",""#text"":""FORELA.LOCAL""},{""@Name"":""ServiceName"",""#text"":""DC01$""},{""@Name"":""ServiceSid"",""#text"":""S-1-5-21-3239415629-1862073780-2394361899-1000""},{""@Name"":""TicketOptions"",""#text"":""0x40810000""},{""@Name"":""TicketEncryptionType"",""#text"":""0x12""},{""@Name"":""IpAddress"",""#text"":""::1""},{""@Name"":""IpPort"",""#text"":""0""},{""@Name"":""Status"",""#text"":""0x0""},{""@Name"":""LogonGuid"",""#text"":""8adc4d32-b1dc-937f-efec-0bda6b606c42""},{""@Name"":""TransmittedServices"",""#text"":""-""}]}}"
