375,375,2023-03-01 07:18:05.7121481,12,Info,Microsoft-Windows-Kernel-General,System,4,8,DESKTOP-887GK2L,3,S-1-5-18,OS was started,,,StartTime: 2023-03-01 07:18:04.5000000,BootMode: Normal boot,,,,,,False,C:\Users\turan\Desktop\defense-work-evtx-files\System.evtx,State,0,"{""EventData"":{""Data"":[{""@Name"":""MajorVersion"",""#text"":""10""},{""@Name"":""MinorVersion"",""#text"":""0""},{""@Name"":""BuildVersion"",""#text"":""19041""},{""@Name"":""QfeVersion"",""#text"":""1288""},{""@Name"":""ServiceVersion"",""#text"":""0""},{""@Name"":""BootMode"",""#text"":""0""},{""@Name"":""StartTime"",""#text"":""2023-03-01 07:18:04.5000000""}]}}"
376,376,2023-03-01 07:18:05.7122217,153,Info,Microsoft-Windows-Kernel-Boot,System,4,8,DESKTOP-887GK2L,3,S-1-5-18,,,,,,,,,,,False,C:\Users\turan\Desktop\defense-work-evtx-files\System.evtx,Classic,0,"{""EventData"":{""Data"":[{""@Name"":""Status"",""#text"":""0""},{""@Name"":""EnableDisableReason"",""#text"":""0""},{""@Name"":""VsmPolicy"",""#text"":""0""}]}}"
377,377,2023-03-01 07:18:05.7123738,20,Info,Microsoft-Windows-Kernel-Boot,System,4,8,DESKTOP-887GK2L,3,S-1-5-18,,,,,,,,,,,False,C:\Users\turan\Desktop\defense-work-evtx-files\System.evtx,Classic,0,"{""EventData"":{""Data"":[{""@Name"":""LastShutdownGood"",""#text"":""True""},{""@Name"":""LastBootGood"",""#text"":""True""},{""@Name"":""LastBootId"",""#text"":""3""},{""@Name"":""BootStatusPolicy"",""#text"":""2""}]}}"
378,378,2023-03-01 07:18:05.7124091,238,Info,Microsoft-Windows-Kernel-Boot,System,4,8,DESKTOP-887GK2L,3,S-1-5-18,,,,,,,,,,,False,C:\Users\turan\Desktop\defense-work-evtx-files\System.evtx,Classic,0,"{""EventData"":{""Data"":[{""@Name"":""EfiTimeZoneBias"",""#text"":""2047""},{""@Name"":""EfiDaylightFlags"",""#text"":""0""}]}}"
379,379,2023-03-01 07:18:05.7124096,25,Info,Microsoft-Windows-Kernel-Boot,System,4,8,DESKTOP-887GK2L,3,S-1-5-18,,,,,,,,,,,False,C:\Users\turan\Desktop\defense-work-evtx-files\System.evtx,Classic,0,"{""EventData"":{""Data"":{""@Name"":""BootMenuPolicy"",""#text"":""1""}}}"
380,380,2023-03-01 07:18:05.7124099,27,Info,Microsoft-Windows-Kernel-Boot,System,4,8,DESKTOP-887GK2L,3,S-1-5-18,,,,,,,,,,,False,C:\Users\turan\Desktop\defense-work-evtx-files\System.evtx,Classic,0,"{""EventData"":{""Data"":[{""@Name"":""BootType"",""#text"":""0""},{""@Name"":""LoadOptions"",""#text"":"" NOEXECUTE=OPTIN""}]}}"
381,381,2023-03-01 07:18:05.7124334,18,Info,Microsoft-Windows-Kernel-Boot,System,4,8,DESKTOP-887GK2L,3,S-1-5-18,,,,,,,,,,,False,C:\Users\turan\Desktop\defense-work-evtx-files\System.evtx,Classic,0,"{""EventData"":{""Data"":{""@Name"":""EntryCount"",""#text"":""1""}}}"
382,382,2023-03-01 07:18:05.7124626,32,Info,Microsoft-Windows-Kernel-Boot,System,4,8,DESKTOP-887GK2L,3,S-1-5-18,,,,,,,,,,,False,C:\Users\turan\Desktop\defense-work-evtx-files\System.evtx,Classic,0,"{""EventData"":{""Data"":{""@Name"":""BitlockerUserInputTime"",""#text"":""0""}}}"
383,383,2023-03-01 07:18:05.7163303,20,Info,Microsoft-Windows-Kernel-General,System,4,8,DESKTOP-887GK2L,3,S-1-5-18,,,,,,,,,,,False,C:\Users\turan\Desktop\defense-work-evtx-files\System.evtx,Time,0,"{""EventData"":{""Data"":[{""@Name"":""UpdateReason"",""#text"":""0""},{""@Name"":""EnabledNew"",""#text"":""True""},{""@Name"":""CountNew"",""#text"":""0""},{""@Name"":""CountOld"",""#text"":""0""}]}}"
384,384,2023-03-01 07:18:05.7793366,16,Info,Microsoft-Windows-HAL,System,4,8,DESKTOP-887GK2L,3,S-1-5-18,,,,,,,,,,,False,C:\Users\turan\Desktop\defense-work-evtx-files\System.evtx,Classic,0,"{""EventData"":""""}"
385,385,2023-03-01 07:18:07.7692878,3,Info,vmci,System,4,160,DESKTOP-887GK2L,3,,,,,,,,,,,,False,C:\Users\turan\Desktop\defense-work-evtx-files\System.evtx,0x80000000000000,0,"{""EventData"":{""Data"":""VMCI: Using capabilities (0x1c).\n"",""Binary"":""00-00-00-00-02-00-28-00-00-00-00-00-03-00-08-40-03-00-08-40-00-00-00-00-00-00-00-00-00-00-00-00-00-00-00-00-00-00-00-00""}}"
386,386,2023-03-01 07:18:09.7220030,6,Info,Microsoft-Windows-FilterManager,System,4,8,DESKTOP-887GK2L,3,S-1-5-18,,,,,,,,,,,False,C:\Users\turan\Desktop\defense-work-evtx-files\System.evtx,Classic,0,"{""EventData"":{""Data"":[{""@Name"":""FinalStatus"",""#text"":""0x0""},{""@Name"":""DeviceVersionMajor"",""#text"":""10""},{""@Name"":""DeviceVersionMinor"",""#text"":""0""},{""@Name"":""DeviceNameLength"",""#text"":""8""},{""@Name"":""DeviceName"",""#text"":""FileInfo""},{""@Name"":""DeviceTime"",""#text"":""2062-12-22 21:21:06.0000000""}]}}"
387,387,2023-03-01 07:18:09.7227780,6,Info,Microsoft-Windows-FilterManager,System,4,8,DESKTOP-887GK2L,3,S-1-5-18,,,,,,,,,,,False,C:\Users\turan\Desktop\defense-work-evtx-files\System.evtx,Classic,0,"{""EventData"":{""Data"":[{""@Name"":""FinalStatus"",""#text"":""0x0""},{""@Name"":""DeviceVersionMajor"",""#text"":""10""},{""@Name"":""DeviceVersionMinor"",""#text"":""0""},{""@Name"":""DeviceNameLength"",""#text"":""3""},{""@Name"":""DeviceName"",""#text"":""Wof""},{""@Name"":""DeviceTime"",""#text"":""2024-08-23 06:35:41.0000000""}]}}"
388,388,2023-03-01 07:18:09.7234681,6,Info,Microsoft-Windows-FilterManager,System,4,8,DESKTOP-887GK2L,3,S-1-5-18,,,,,,,,,,,False,C:\Users\turan\Desktop\defense-work-evtx-files\System.evtx,Classic,0,"{""EventData"":{""Data"":[{""@Name"":""FinalStatus"",""#text"":""0x0""},{""@Name"":""DeviceVersionMajor"",""#text"":""10""},{""@Name"":""DeviceVersionMinor"",""#text"":""0""},{""@Name"":""DeviceNameLength"",""#text"":""8""},{""@Name"":""DeviceName"",""#text"":""WdFilter""},{""@Name"":""DeviceTime"",""#text"":""2066-04-08 20:52:09.0000000""}]}}"
389,389,2023-03-01 07:18:09.7907115,98,Info,Microsoft-Windows-Ntfs,System,4,328,DESKTOP-887GK2L,3,S-1-5-18,,,,,,,,,,,False,C:\Users\turan\Desktop\defense-work-evtx-files\System.evtx,0x8000000000000002,0,"{""EventData"":{""Data"":[{""@Name"":""DriveName"",""#text"":""C:""},{""@Name"":""DeviceName"",""#text"":""\\Device\\HarddiskVolume3""},{""@Name"":""CorruptionActionState"",""#text"":""0""}]}}"
390,390,2023-03-01 07:18:09.8344049,6,Info,Microsoft-Windows-FilterManager,System,4,8,DESKTOP-887GK2L,3,S-1-5-18,,,,,,,,,,,False,C:\Users\turan\Desktop\defense-work-evtx-files\System.evtx,Classic,0,"{""EventData"":{""Data"":[{""@Name"":""FinalStatus"",""#text"":""0x0""},{""@Name"":""DeviceVersionMajor"",""#text"":""10""},{""@Name"":""DeviceVersionMinor"",""#text"":""0""},{""@Name"":""DeviceNameLength"",""#text"":""9""},{""@Name"":""DeviceName"",""#text"":""FileCrypt""},{""@Name"":""DeviceTime"",""#text"":""2002-03-01 03:12:42.0000000""}]}}"
391,391,2023-03-01 07:18:09.9302229,6,Info,Microsoft-Windows-FilterManager,System,4,8,DESKTOP-887GK2L,3,S-1-5-18,,,,,,,,,,,False,C:\Users\turan\Desktop\defense-work-evtx-files\System.evtx,Classic,0,"{""EventData"":{""Data"":[{""@Name"":""FinalStatus"",""#text"":""0x0""},{""@Name"":""DeviceVersionMajor"",""#text"":""10""},{""@Name"":""DeviceVersionMinor"",""#text"":""0""},{""@Name"":""DeviceNameLength"",""#text"":""9""},{""@Name"":""DeviceName"",""#text"":""npsvctrig""},{""@Name"":""DeviceTime"",""#text"":""2025-01-05 18:41:12.0000000""}]}}"
392,392,2023-03-01 07:18:09.9645408,172,Info,Microsoft-Windows-Kernel-Power,System,4,328,DESKTOP-887GK2L,3,S-1-5-18,,,,,,,,,,,False,C:\Users\turan\Desktop\defense-work-evtx-files\System.evtx,0x8000000000000404,0,"{""EventData"":{""Data"":[{""@Name"":""State"",""#text"":""2""},{""@Name"":""Reason"",""#text"":""6""}]}}"
393,393,2023-03-01 07:18:10.1488130,98,Info,Microsoft-Windows-Ntfs,System,4,32,DESKTOP-887GK2L,3,S-1-5-18,,,,,,,,,,,False,C:\Users\turan\Desktop\defense-work-evtx-files\System.evtx,0x8000000000000002,0,"{""EventData"":{""Data"":[{""@Name"":""DriveName"",""#text"":""\\\\?\\Volume{3e1ae928-61ee-4947-af5a-9cabbd50feef}""},{""@Name"":""DeviceName"",""#text"":""\\Device\\HarddiskVolume4""},{""@Name"":""CorruptionActionState"",""#text"":""0""}]}}"
394,394,2023-03-01 07:18:10.1528982,55,Info,Microsoft-Windows-Kernel-Processor-Power,System,4,352,DESKTOP-887GK2L,3,S-1-5-18,,,,,,,,,,,False,C:\Users\turan\Desktop\defense-work-evtx-files\System.evtx,Classic,0,"{""EventData"":{""Data"":[{""@Name"":""Group"",""#text"":""0""},{""@Name"":""Number"",""#text"":""0""},{""@Name"":""IdleStateCount"",""#text"":""1""},{""@Name"":""IdleImplementation"",""#text"":""1""},{""@Name"":""NominalFrequency"",""#text"":""3693""},{""@Name"":""MaximumPerformancePercent"",""#text"":""100""},{""@Name"":""MinimumPerformancePercent"",""#text"":""100""},{""@Name"":""MinimumThrottlePercent"",""#text"":""100""},{""@Name"":""PerformanceImplementation"",""#text"":""0""}]}}"
395,395,2023-03-01 07:18:10.1535873,55,Info,Microsoft-Windows-Kernel-Processor-Power,System,4,352,DESKTOP-887GK2L,3,S-1-5-18,,,,,,,,,,,False,C:\Users\turan\Desktop\defense-work-evtx-files\System.evtx,Classic,0,"{""EventData"":{""Data"":[{""@Name"":""Group"",""#text"":""0""},{""@Name"":""Number"",""#text"":""1""},{""@Name"":""IdleStateCount"",""#text"":""1""},{""@Name"":""IdleImplementation"",""#text"":""1""},{""@Name"":""NominalFrequency"",""#text"":""3693""},{""@Name"":""MaximumPerformancePercent"",""#text"":""100""},{""@Name"":""MinimumPerformancePercent"",""#text"":""100""},{""@Name"":""MinimumThrottlePercent"",""#text"":""100""},{""@Name"":""PerformanceImplementation"",""#text"":""0""}]}}"
396,396,2023-03-01 07:18:10.1541602,55,Info,Microsoft-Windows-Kernel-Processor-Power,System,4,352,DESKTOP-887GK2L,3,S-1-5-18,,,,,,,,,,,False,C:\Users\turan\Desktop\defense-work-evtx-files\System.evtx,Classic,0,"{""EventData"":{""Data"":[{""@Name"":""Group"",""#text"":""0""},{""@Name"":""Number"",""#text"":""2""},{""@Name"":""IdleStateCount"",""#text"":""1""},{""@Name"":""IdleImplementation"",""#text"":""1""},{""@Name"":""NominalFrequency"",""#text"":""3693""},{""@Name"":""MaximumPerformancePercent"",""#text"":""100""},{""@Name"":""MinimumPerformancePercent"",""#text"":""100""},{""@Name"":""MinimumThrottlePercent"",""#text"":""100""},{""@Name"":""PerformanceImplementation"",""#text"":""0""}]}}"
397,397,2023-03-01 07:18:10.1547798,55,Info,Microsoft-Windows-Kernel-Processor-Power,System,4,352,DESKTOP-887GK2L,3,S-1-5-18,,,,,,,,,,,False,C:\Users\turan\Desktop\defense-work-evtx-files\System.evtx,Classic,0,"{""EventData"":{""Data"":[{""@Name"":""Group"",""#text"":""0""},{""@Name"":""Number"",""#text"":""3""},{""@Name"":""IdleStateCount"",""#text"":""1""},{""@Name"":""IdleImplementation"",""#text"":""1""},{""@Name"":""NominalFrequency"",""#text"":""3693""},{""@Name"":""MaximumPerformancePercent"",""#text"":""100""},{""@Name"":""MinimumPerformancePercent"",""#text"":""100""},{""@Name"":""MinimumThrottlePercent"",""#text"":""100""},{""@Name"":""PerformanceImplementation"",""#text"":""0""}]}}"
398,398,2023-03-01 07:18:10.1553406,55,Info,Microsoft-Windows-Kernel-Processor-Power,System,4,352,DESKTOP-887GK2L,3,S-1-5-18,,,,,,,,,,,False,C:\Users\turan\Desktop\defense-work-evtx-files\System.evtx,Classic,0,"{""EventData"":{""Data"":[{""@Name"":""Group"",""#text"":""0""},{""@Name"":""Number"",""#text"":""4""},{""@Name"":""IdleStateCount"",""#text"":""1""},{""@Name"":""IdleImplementation"",""#text"":""1""},{""@Name"":""NominalFrequency"",""#text"":""3693""},{""@Name"":""MaximumPerformancePercent"",""#text"":""100""},{""@Name"":""MinimumPerformancePercent"",""#text"":""100""},{""@Name"":""MinimumThrottlePercent"",""#text"":""100""},{""@Name"":""PerformanceImplementation"",""#text"":""0""}]}}"
399,399,2023-03-01 07:18:10.1559234,55,Info,Microsoft-Windows-Kernel-Processor-Power,System,4,352,DESKTOP-887GK2L,3,S-1-5-18,,,,,,,,,,,False,C:\Users\turan\Desktop\defense-work-evtx-files\System.evtx,Classic,0,"{""EventData"":{""Data"":[{""@Name"":""Group"",""#text"":""0""},{""@Name"":""Number"",""#text"":""5""},{""@Name"":""IdleStateCount"",""#text"":""1""},{""@Name"":""IdleImplementation"",""#text"":""1""},{""@Name"":""NominalFrequency"",""#text"":""3693""},{""@Name"":""MaximumPerformancePercent"",""#text"":""100""},{""@Name"":""MinimumPerformancePercent"",""#text"":""100""},{""@Name"":""MinimumThrottlePercent"",""#text"":""100""},{""@Name"":""PerformanceImplementation"",""#text"":""0""}]}}"
400,400,2023-03-01 07:18:10.1931719,55,Info,Microsoft-Windows-Kernel-Processor-Power,System,4,352,DESKTOP-887GK2L,3,S-1-5-18,,,,,,,,,,,False,C:\Users\turan\Desktop\defense-work-evtx-files\System.evtx,Classic,0,"{""EventData"":{""Data"":[{""@Name"":""Group"",""#text"":""0""},{""@Name"":""Number"",""#text"":""6""},{""@Name"":""IdleStateCount"",""#text"":""1""},{""@Name"":""IdleImplementation"",""#text"":""1""},{""@Name"":""NominalFrequency"",""#text"":""3693""},{""@Name"":""MaximumPerformancePercent"",""#text"":""100""},{""@Name"":""MinimumPerformancePercent"",""#text"":""100""},{""@Name"":""MinimumThrottlePercent"",""#text"":""100""},{""@Name"":""PerformanceImplementation"",""#text"":""0""}]}}"
401,401,2023-03-01 07:18:10.1947580,55,Info,Microsoft-Windows-Kernel-Processor-Power,System,4,352,DESKTOP-887GK2L,3,S-1-5-18,,,,,,,,,,,False,C:\Users\turan\Desktop\defense-work-evtx-files\System.evtx,Classic,0,"{""EventData"":{""Data"":[{""@Name"":""Group"",""#text"":""0""},{""@Name"":""Number"",""#text"":""7""},{""@Name"":""IdleStateCount"",""#text"":""1""},{""@Name"":""IdleImplementation"",""#text"":""1""},{""@Name"":""NominalFrequency"",""#text"":""3693""},{""@Name"":""MaximumPerformancePercent"",""#text"":""100""},{""@Name"":""MinimumPerformancePercent"",""#text"":""100""},{""@Name"":""MinimumThrottlePercent"",""#text"":""100""},{""@Name"":""PerformanceImplementation"",""#text"":""0""}]}}"
402,402,2023-03-01 07:18:10.4243220,32,Info,e1i65x64,System,4,32,DESKTOP-887GK2L,3,,,,,,,,,,,,False,C:\Users\turan\Desktop\defense-work-evtx-files\System.evtx,0x80000000000000,0,"{""EventData"":{""Data"":""Intel(R) 82574L Gigabit Network Connection"",""Binary"":""00-00-04-00-02-00-30-00-00-00-00-00-20-00-04-60-00-00-00-00-00-00-00-00-00-00-00-00-00-00-00-00-00-00-00-00-00-00-00-00-20-00-04-60""}}"
403,403,2023-03-01 07:18:10.4740955,24,Info,Microsoft-Windows-Kernel-General,System,140,464,DESKTOP-887GK2L,3,S-1-5-18,,,,,,,,,,,False,C:\Users\turan\Desktop\defense-work-evtx-files\System.evtx,Time,0,"{""EventData"":{""Data"":[{""@Name"":""ExitReason"",""#text"":""0""},{""@Name"":""CurrentBias"",""#text"":""480""},{""@Name"":""CurrentTimeZoneID"",""#text"":""1""},{""@Name"":""TimeZoneInfoCacheUpdated"",""#text"":""0""},{""@Name"":""FirstRefresh"",""#text"":""0""}]}}"
404,404,2023-03-01 07:18:10.7202655,14,Info,Microsoft-Windows-Wininit,System,584,588,DESKTOP-887GK2L,3,S-1-5-18,,,,,,,,,,,False,C:\Users\turan\Desktop\defense-work-evtx-files\System.evtx,0x4000000000000000,0,"{""EventData"":{""Data"":[{""@Name"":""Config"",""#text"":""0""},{""@Name"":""IsTestConfig"",""#text"":""0""}]}}"
405,405,2023-03-01 07:18:10.8454667,16962,Info,Microsoft-Windows-Directory-Services-SAM,System,760,764,DESKTOP-887GK2L,3,S-1-5-18,,,,,,,,,,,False,C:\Users\turan\Desktop\defense-work-evtx-files\System.evtx,Classic,0,"{""EventData"":{""@Name"":""SAMMSG_RESTRICT_REMOTE_SAM_DEFAULT_SD"",""Data"":{""@Name"":""Default SD String:"",""#text"":""O:SYG:SYD:(A;;RC;;;BA)""}}}"
406,406,2023-03-01 07:18:10.8533551,16977,Info,Microsoft-Windows-Directory-Services-SAM,System,760,764,DESKTOP-887GK2L,3,S-1-5-18,,,,,,,,,,,False,C:\Users\turan\Desktop\defense-work-evtx-files\System.evtx,Classic,0,"{""EventData"":{""@Name"":""SAMMSG_MINPWDLEN_SETTINGS_IN_EFFECT"",""Data"":[{""@Name"":""MinimumPasswordLength"",""#text"":""0""},{""@Name"":""RelaxMinimumPasswordLengthLimits"",""#text"":""0""},{""@Name"":""MinimumPasswordLengthAudit"",""#text"":""-1""}]}}"
407,407,2023-03-01 07:18:10.8533589,16983,Info,Microsoft-Windows-Directory-Services-SAM,System,760,764,DESKTOP-887GK2L,3,S-1-5-18,,,,,,,,,,,False,C:\Users\turan\Desktop\defense-work-evtx-files\System.evtx,Classic,0,"{""EventData"":{""@Name"":""SAMMSG_AUDIT_LEGACY_PWD_RPC_METHODS_OFF""}}"
408,408,2023-03-01 07:18:11.1232605,6,Info,Microsoft-Windows-FilterManager,System,4,352,DESKTOP-887GK2L,3,S-1-5-18,,,,,,,,,,,False,C:\Users\turan\Desktop\defense-work-evtx-files\System.evtx,Classic,0,"{""EventData"":{""Data"":[{""@Name"":""FinalStatus"",""#text"":""0x0""},{""@Name"":""DeviceVersionMajor"",""#text"":""10""},{""@Name"":""DeviceVersionMinor"",""#text"":""0""},{""@Name"":""DeviceNameLength"",""#text"":""5""},{""@Name"":""DeviceName"",""#text"":""wcifs""},{""@Name"":""DeviceTime"",""#text"":""2080-03-16 04:57:52.0000000""}]}}"
409,409,2023-03-01 07:18:11.1356045,6,Info,Microsoft-Windows-FilterManager,System,4,344,DESKTOP-887GK2L,3,S-1-5-18,,,,,,,,,,,False,C:\Users\turan\Desktop\defense-work-evtx-files\System.evtx,Classic,0,"{""EventData"":{""Data"":[{""@Name"":""FinalStatus"",""#text"":""0x0""},{""@Name"":""DeviceVersionMajor"",""#text"":""10""},{""@Name"":""DeviceVersionMinor"",""#text"":""0""},{""@Name"":""DeviceNameLength"",""#text"":""5""},{""@Name"":""DeviceName"",""#text"":""luafv""},{""@Name"":""DeviceTime"",""#text"":""2041-09-18 21:13:33.0000000""}]}}"
410,410,2023-03-01 07:18:11.1411312,50036,Info,Microsoft-Windows-Dhcp-Client,System,1508,1572,DESKTOP-887GK2L,3,S-1-5-19,,,,,,,,,,,False,C:\Users\turan\Desktop\defense-work-evtx-files\System.evtx,0x2000000000000000,0,"{""EventData"":""""}"
411,411,2023-03-01 07:18:11.1412504,50103,Info,Microsoft-Windows-Dhcp-Client,System,1508,1572,DESKTOP-887GK2L,3,S-1-5-19,,,,,,,,,,,False,C:\Users\turan\Desktop\defense-work-evtx-files\System.evtx,0x2000000000000000,0,"{""EventData"":""""}"
412,412,2023-03-01 07:18:11.1502654,6,Info,Microsoft-Windows-FilterManager,System,4,344,DESKTOP-887GK2L,3,S-1-5-18,,,,,,,,,,,False,C:\Users\turan\Desktop\defense-work-evtx-files\System.evtx,Classic,0,"{""EventData"":{""Data"":[{""@Name"":""FinalStatus"",""#text"":""0x0""},{""@Name"":""DeviceVersionMajor"",""#text"":""10""},{""@Name"":""DeviceVersionMinor"",""#text"":""0""},{""@Name"":""DeviceNameLength"",""#text"":""6""},{""@Name"":""DeviceName"",""#text"":""CldFlt""},{""@Name"":""DeviceTime"",""#text"":""2033-11-18 18:49:10.0000000""}]}}"
413,413,2023-03-01 07:18:11.1503018,1,Info,Microsoft-Windows-FilterManager,System,4,344,DESKTOP-887GK2L,3,S-1-5-18,,,,,,,,,,,False,C:\Users\turan\Desktop\defense-work-evtx-files\System.evtx,Classic,0,"{""EventData"":{""Data"":[{""@Name"":""FinalStatus"",""#text"":""0x0""},{""@Name"":""DeviceVersionMajor"",""#text"":""10""},{""@Name"":""DeviceVersionMinor"",""#text"":""0""},{""@Name"":""DeviceNameLength"",""#text"":""6""},{""@Name"":""DeviceName"",""#text"":""CldFlt""},{""@Name"":""DeviceTime"",""#text"":""2033-11-18 18:49:10.0000000""}]}}"
414,414,2023-03-01 07:18:11.1503543,6,Info,Microsoft-Windows-FilterManager,System,4,344,DESKTOP-887GK2L,3,S-1-5-18,,,,,,,,,,,False,C:\Users\turan\Desktop\defense-work-evtx-files\System.evtx,Classic,0,"{""EventData"":{""Data"":[{""@Name"":""FinalStatus"",""#text"":""0x0""},{""@Name"":""DeviceVersionMajor"",""#text"":""10""},{""@Name"":""DeviceVersionMinor"",""#text"":""0""},{""@Name"":""DeviceNameLength"",""#text"":""6""},{""@Name"":""DeviceName"",""#text"":""CldFlt""},{""@Name"":""DeviceTime"",""#text"":""2033-11-18 18:49:10.0000000""}]}}"
415,415,2023-03-01 07:18:11.1524926,51046,Info,Microsoft-Windows-DHCPv6-Client,System,1508,1640,DESKTOP-887GK2L,3,S-1-5-19,,,,,,,,,,,False,C:\Users\turan\Desktop\defense-work-evtx-files\System.evtx,0x2000000000000000,0,"{""EventData"":""""}"
416,416,2023-03-01 07:18:11.1551627,6,Info,Microsoft-Windows-FilterManager,System,4,344,DESKTOP-887GK2L,3,S-1-5-18,,,,,,,,,,,False,C:\Users\turan\Desktop\defense-work-evtx-files\System.evtx,Classic,0,"{""EventData"":{""Data"":[{""@Name"":""FinalStatus"",""#text"":""0x0""},{""@Name"":""DeviceVersionMajor"",""#text"":""10""},{""@Name"":""DeviceVersionMinor"",""#text"":""0""},{""@Name"":""DeviceNameLength"",""#text"":""10""},{""@Name"":""DeviceName"",""#text"":""storqosflt""},{""@Name"":""DeviceTime"",""#text"":""2007-04-09 10:08:30.0000000""}]}}"
417,417,2023-03-01 07:18:11.1606295,6,Info,Microsoft-Windows-FilterManager,System,4,344,DESKTOP-887GK2L,3,S-1-5-18,,,,,,,,,,,False,C:\Users\turan\Desktop\defense-work-evtx-files\System.evtx,Classic,0,"{""EventData"":{""Data"":[{""@Name"":""FinalStatus"",""#text"":""0x0""},{""@Name"":""DeviceVersionMajor"",""#text"":""10""},{""@Name"":""DeviceVersionMinor"",""#text"":""0""},{""@Name"":""DeviceNameLength"",""#text"":""7""},{""@Name"":""DeviceName"",""#text"":""bindflt""},{""@Name"":""DeviceTime"",""#text"":""2070-08-23 01:34:13.0000000""}]}}"
418,418,2023-03-01 07:18:11.6646591,7026,Info,Service Control Manager,System,668,672,DESKTOP-887GK2L,3,,,,,,,,,,,,False,C:\Users\turan\Desktop\defense-work-evtx-files\System.evtx,"Audit success, classic",0,"{""EventData"":{""Data"":{""@Name"":""param1"",""#text"":"", dam""}}}"
419,419,2023-03-01 07:18:18.3645633,1014,Warning,Microsoft-Windows-DNS-Client,System,2312,2428,DESKTOP-887GK2L,3,S-1-5-20,,,,,,,,,,,False,C:\Users\turan\Desktop\defense-work-evtx-files\System.evtx,0x4000000010000000,0,"{""EventData"":{""Data"":[{""@Name"":""QueryName"",""#text"":""wpad""},{""@Name"":""AddressLength"",""#text"":""128""},{""@Name"":""Address"",""#text"":""02-00-00-00-C0-A8-E6-02-00-00-00-00-00-00-00-00-00-00-00-00-00-00-00-00-00-00-00-00-00-00-00-00-00-00-00-00-00-00-00-00-00-00-00-00-00-00-00-00-00-00-00-00-00-00-00-00-00-00-00-00-00-00-00-00-00-00-00-00-00-00-00-00-00-00-00-00-00-00-00-00-00-00-00-00-00-00-00-00-00-00-00-00-00-00-00-00-00-00-00-00-00-00-00-00-00-00-00-00-00-00-00-00-00-00-00-00-00-00-00-00-00-00-00-00-00-00-00-00""}]}}"
420,420,2023-03-01 07:18:20.3407238,7001,Info,Microsoft-Windows-Winlogon,System,700,812,DESKTOP-887GK2L,3,S-1-5-18,User logon,,,UserSID: S-1-5-21-3393683511-3463148672-371912004-1001,,,,,,,False,C:\Users\turan\Desktop\defense-work-evtx-files\System.evtx,0x2000200000000000,0,"{""EventData"":{""Data"":[{""@Name"":""TSId"",""#text"":""1""},{""@Name"":""UserSid"",""#text"":""S-1-5-21-3393683511-3463148672-371912004-1001""}]}}"
421,421,2023-03-01 07:18:32.2903486,7040,Info,Service Control Manager,System,668,3636,DESKTOP-887GK2L,3,S-1-5-18,Start type of a service has changed,,,The start type of the Background Intelligent Transfer Service was changed from demand start to auto start,,,,,,BITS,False,C:\Users\turan\Desktop\defense-work-evtx-files\System.evtx,"Audit success, classic",0,"{""EventData"":{""Data"":[{""@Name"":""param1"",""#text"":""Background Intelligent Transfer Service""},{""@Name"":""param2"",""#text"":""demand start""},{""@Name"":""param3"",""#text"":""auto start""},{""@Name"":""param4"",""#text"":""BITS""}]}}"
422,422,2023-03-01 07:19:38.9126923,4107,Info,Display,System,0,0,DESKTOP-887GK2L,3,,,,,,,,,,,,False,C:\Users\turan\Desktop\defense-work-evtx-files\System.evtx,0x80000000000000,0,"{""EventData"":{""Data"":"""",""Binary"":""""}}"
423,423,2023-03-01 07:19:47.0952578,16,Info,Microsoft-Windows-Kernel-General,System,8296,1792,DESKTOP-887GK2L,3,S-1-5-18,,,,,,,,,,,False,C:\Users\turan\Desktop\defense-work-evtx-files\System.evtx,Classic,0,"{""EventData"":{""Data"":[{""@Name"":""HiveNameLength"",""#text"":""111""},{""@Name"":""HiveName"",""#text"":""\\??\\C:\\Users\\CyberJunkie\\AppData\\Local\\Packages\\MicrosoftWindows.Client.CBS_cw5n1h2txyewy\\Settings\\settings.dat""},{""@Name"":""KeysUpdated"",""#text"":""2""},{""@Name"":""DirtyPages"",""#text"":""1""}]}}"
424,424,2023-03-01 07:20:12.2686474,10016,Warning,Microsoft-Windows-DistributedCOM,System,996,1416,DESKTOP-887GK2L,3,S-1-5-18,,,,,,,,,,,False,C:\Users\turan\Desktop\defense-work-evtx-files\System.evtx,"Audit success, classic",0,"{""EventData"":{""Data"":[{""@Name"":""param1"",""#text"":""application-specific""},{""@Name"":""param2"",""#text"":""Local""},{""@Name"":""param3"",""#text"":""Launch""},{""@Name"":""param4"",""#text"":""Windows.SecurityCenter.WscBrokerManager""},{""@Name"":""param5"",""#text"":""Unavailable""},{""@Name"":""param6"",""#text"":""NT AUTHORITY""},{""@Name"":""param7"",""#text"":""SYSTEM""},{""@Name"":""param8"",""#text"":""S-1-5-18""},{""@Name"":""param9"",""#text"":""LocalHost (Using LRPC)""},{""@Name"":""param10"",""#text"":""Unavailable""},{""@Name"":""param11"",""#text"":""Unavailable""}]}}"
425,425,2023-03-01 07:20:12.2686474,10016,Warning,Microsoft-Windows-DistributedCOM,System,996,1496,DESKTOP-887GK2L,3,S-1-5-18,,,,,,,,,,,False,C:\Users\turan\Desktop\defense-work-evtx-files\System.evtx,"Audit success, classic",0,"{""EventData"":{""Data"":[{""@Name"":""param1"",""#text"":""application-specific""},{""@Name"":""param2"",""#text"":""Local""},{""@Name"":""param3"",""#text"":""Launch""},{""@Name"":""param4"",""#text"":""Windows.SecurityCenter.SecurityAppBroker""},{""@Name"":""param5"",""#text"":""Unavailable""},{""@Name"":""param6"",""#text"":""NT AUTHORITY""},{""@Name"":""param7"",""#text"":""SYSTEM""},{""@Name"":""param8"",""#text"":""S-1-5-18""},{""@Name"":""param9"",""#text"":""LocalHost (Using LRPC)""},{""@Name"":""param10"",""#text"":""Unavailable""},{""@Name"":""param11"",""#text"":""Unavailable""}]}}"
426,426,2023-03-01 07:20:12.2696754,10016,Warning,Microsoft-Windows-DistributedCOM,System,996,1312,DESKTOP-887GK2L,3,S-1-5-18,,,,,,,,,,,False,C:\Users\turan\Desktop\defense-work-evtx-files\System.evtx,"Audit success, classic",0,"{""EventData"":{""Data"":[{""@Name"":""param1"",""#text"":""application-specific""},{""@Name"":""param2"",""#text"":""Local""},{""@Name"":""param3"",""#text"":""Launch""},{""@Name"":""param4"",""#text"":""Windows.SecurityCenter.WscDataProtection""},{""@Name"":""param5"",""#text"":""Unavailable""},{""@Name"":""param6"",""#text"":""NT AUTHORITY""},{""@Name"":""param7"",""#text"":""SYSTEM""},{""@Name"":""param8"",""#text"":""S-1-5-18""},{""@Name"":""param9"",""#text"":""LocalHost (Using LRPC)""},{""@Name"":""param10"",""#text"":""Unavailable""},{""@Name"":""param11"",""#text"":""Unavailable""}]}}"
427,427,2023-03-01 07:20:13.8049538,37,Info,Microsoft-Windows-Time-Service,System,8056,8048,DESKTOP-887GK2L,3,S-1-5-19,Synchronizing system time from time service,,,ServerAddress: time.windows.com,"ServerIP: time.windows.com,0x9 (ntp.m|0x9|0.0.0.0:123-&gt;20.101.57.9:123)",,,,,,False,C:\Users\turan\Desktop\defense-work-evtx-files\System.evtx,Classic,0,"{""EventData"":{""@Name"":""TMP_EVENT_TIME_SOURCE_REACHABLE"",""Data"":{""@Name"":""TimeSource"",""#text"":""time.windows.com,0x9 (ntp.m|0x9|0.0.0.0:123-&gt;20.101.57.9:123)""}}}"
428,428,2023-03-01 07:20:28.1464297,35,Info,Microsoft-Windows-Time-Service,System,8056,5548,DESKTOP-887GK2L,3,S-1-5-19,Synchronizing system time from time service,,,ServerAddress: time.windows.com,"ServerIP: time.windows.com,0x9 (ntp.m|0x9|0.0.0.0:123-&gt;20.101.57.9:123)",,,,,,False,C:\Users\turan\Desktop\defense-work-evtx-files\System.evtx,Classic,0,"{""EventData"":{""@Name"":""TMP_EVENT_TIME_SOURCE_CHOSEN"",""Data"":[{""@Name"":""TimeSource"",""#text"":""time.windows.com,0x9 (ntp.m|0x9|0.0.0.0:123-&gt;20.101.57.9:123)""},{""@Name"":""TimeSourceRefId"",""#text"":""154756372""},{""@Name"":""CurrentStratumNumber"",""#text"":""4""}]}}"
429,429,2023-03-01 07:27:51.3729733,7040,Info,Service Control Manager,System,668,824,DESKTOP-887GK2L,3,S-1-5-18,Start type of a service has changed,,,The start type of the Background Intelligent Transfer Service was changed from auto start to demand start,,,,,,BITS,False,C:\Users\turan\Desktop\defense-work-evtx-files\System.evtx,"Audit success, classic",0,"{""EventData"":{""Data"":[{""@Name"":""param1"",""#text"":""Background Intelligent Transfer Service""},{""@Name"":""param2"",""#text"":""auto start""},{""@Name"":""param3"",""#text"":""demand start""},{""@Name"":""param4"",""#text"":""BITS""}]}}"
430,430,2023-03-01 07:28:29.8375603,44,Info,Microsoft-Windows-WindowsUpdateClient,System,4660,6356,DESKTOP-887GK2L,3,S-1-5-18,,,,,,,,,,,False,C:\Users\turan\Desktop\defense-work-evtx-files\System.evtx,0x8000000000002004,0,"{""EventData"":{""Data"":[{""@Name"":""updateTitle"",""#text"":""Update for Microsoft Defender Antivirus antimalware platform - KB4052623 (Version 4.18.2301.6)""},{""@Name"":""updateGuid"",""#text"":""5900cb19-80ef-47d2-ae77-f4e449ce0e36""},{""@Name"":""updateRevisionNumber"",""#text"":""200""}]}}"
431,431,2023-03-01 07:28:34.8326370,43,Info,Microsoft-Windows-WindowsUpdateClient,System,4660,3692,DESKTOP-887GK2L,3,S-1-5-18,,,,,,,,,,,False,C:\Users\turan\Desktop\defense-work-evtx-files\System.evtx,0x8000000000002008,0,"{""EventData"":{""Data"":[{""@Name"":""updateTitle"",""#text"":""Update for Microsoft Defender Antivirus antimalware platform - KB4052623 (Version 4.18.2301.6)""},{""@Name"":""updateGuid"",""#text"":""5900cb19-80ef-47d2-ae77-f4e449ce0e36""},{""@Name"":""updateRevisionNumber"",""#text"":""200""}]}}"
432,432,2023-03-01 07:28:38.7627199,10016,Warning,Microsoft-Windows-DistributedCOM,System,996,1608,DESKTOP-887GK2L,3,S-1-5-21-3393683511-3463148672-371912004-1001,,,,,,,,,,,False,C:\Users\turan\Desktop\defense-work-evtx-files\System.evtx,"Audit success, classic",0,"{""EventData"":{""Data"":[{""@Name"":""param1"",""#text"":""machine-default""},{""@Name"":""param2"",""#text"":""Local""},{""@Name"":""param3"",""#text"":""Activation""},{""@Name"":""param4"",""#text"":""{C2F03A33-21F5-47FA-B4BB-156362A2F239}""},{""@Name"":""param5"",""#text"":""{316CDED5-E4AE-4B15-9113-7055D84DCC97}""},{""@Name"":""param6"",""#text"":""DESKTOP-887GK2L""},{""@Name"":""param7"",""#text"":""CyberJunkie""},{""@Name"":""param8"",""#text"":""S-1-5-21-3393683511-3463148672-371912004-1001""},{""@Name"":""param9"",""#text"":""LocalHost (Using LRPC)""},{""@Name"":""param10"",""#text"":""Microsoft.Windows.ShellExperienceHost_10.0.19041.1023_neutral_neutral_cw5n1h2txyewy""},{""@Name"":""param11"",""#text"":""S-1-15-2-155514346-2573954481-755741238-1654018636-1233331829-3075935687-2861478708""}]}}"
433,433,2023-03-01 07:28:40.6028815,1,Info,Microsoft-Windows-FilterManager,System,4,6672,DESKTOP-887GK2L,3,S-1-5-18,,,,,,,,,,,False,C:\Users\turan\Desktop\defense-work-evtx-files\System.evtx,Classic,0,"{""EventData"":{""Data"":[{""@Name"":""FinalStatus"",""#text"":""0x0""},{""@Name"":""DeviceVersionMajor"",""#text"":""10""},{""@Name"":""DeviceVersionMinor"",""#text"":""0""},{""@Name"":""DeviceNameLength"",""#text"":""8""},{""@Name"":""DeviceName"",""#text"":""WdFilter""},{""@Name"":""DeviceTime"",""#text"":""2066-04-08 20:52:09.0000000""}]}}"
434,434,2023-03-01 07:28:45.7391606,6,Info,Microsoft-Windows-FilterManager,System,4,32,DESKTOP-887GK2L,3,S-1-5-18,,,,,,,,,,,False,C:\Users\turan\Desktop\defense-work-evtx-files\System.evtx,Classic,0,"{""EventData"":{""Data"":[{""@Name"":""FinalStatus"",""#text"":""0x0""},{""@Name"":""DeviceVersionMajor"",""#text"":""10""},{""@Name"":""DeviceVersionMinor"",""#text"":""0""},{""@Name"":""DeviceNameLength"",""#text"":""8""},{""@Name"":""DeviceName"",""#text"":""WdFilter""},{""@Name"":""DeviceTime"",""#text"":""2101-02-28 03:30:25.0000000""}]}}"
435,435,2023-03-01 07:28:48.5687046,19,Info,Microsoft-Windows-WindowsUpdateClient,System,4660,3692,DESKTOP-887GK2L,3,S-1-5-18,,,,,,,,,,,False,C:\Users\turan\Desktop\defense-work-evtx-files\System.evtx,Installation,0,"{""EventData"":{""Data"":[{""@Name"":""updateTitle"",""#text"":""Update for Microsoft Defender Antivirus antimalware platform - KB4052623 (Version 4.18.2301.6)""},{""@Name"":""updateGuid"",""#text"":""5900cb19-80ef-47d2-ae77-f4e449ce0e36""},{""@Name"":""updateRevisionNumber"",""#text"":""200""},{""@Name"":""serviceGuid"",""#text"":""9482f4b4-e343-43b6-b170-9a65bc822c77""}]}}"
436,436,2023-03-01 07:29:18.6743108,7045,Info,Service Control Manager,System,668,824,DESKTOP-887GK2L,3,S-1-5-21-3393683511-3463148672-371912004-1001,A new service was installed in the system,,,Name: Npcap Packet Driver (NPCAP),StartType: system start,"Account: ",,,,\SystemRoot\system32\DRIVERS\npcap.sys,False,C:\Users\turan\Desktop\defense-work-evtx-files\System.evtx,"Audit success, classic",0,"{""EventData"":{""Data"":[{""@Name"":""ServiceName"",""#text"":""Npcap Packet Driver (NPCAP)""},{""@Name"":""ImagePath"",""#text"":""\\SystemRoot\\system32\\DRIVERS\\npcap.sys""},{""@Name"":""ServiceType"",""#text"":""kernel mode driver""},{""@Name"":""StartType"",""#text"":""system start""},{""@Name"":""AccountName""}]}}"
437,437,2023-03-01 07:33:18.6343567,1014,Warning,Microsoft-Windows-DNS-Client,System,2312,6468,DESKTOP-887GK2L,3,S-1-5-20,,,,,,,,,,,False,C:\Users\turan\Desktop\defense-work-evtx-files\System.evtx,0x4000000010000000,0,"{""EventData"":{""Data"":[{""@Name"":""QueryName"",""#text"":""wpad""},{""@Name"":""AddressLength"",""#text"":""128""},{""@Name"":""Address"",""#text"":""02-00-00-00-C0-A8-E6-02-00-00-00-00-00-00-00-00-00-00-00-00-00-00-00-00-00-00-00-00-00-00-00-00-00-00-00-00-00-00-00-00-00-00-00-00-00-00-00-00-00-00-00-00-00-00-00-00-00-00-00-00-00-00-00-00-00-00-00-00-00-00-00-00-00-00-00-00-00-00-00-00-00-00-00-00-00-00-00-00-00-00-00-00-00-00-00-00-00-00-00-00-00-00-00-00-00-00-00-00-00-00-00-00-00-00-00-00-00-00-00-00-00-00-00-00-00-00-00-00""}]}}"
438,438,2023-03-01 07:50:08.1754712,1014,Warning,Microsoft-Windows-DNS-Client,System,2312,5564,DESKTOP-887GK2L,3,S-1-5-20,,,,,,,,,,,False,C:\Users\turan\Desktop\defense-work-evtx-files\System.evtx,0x4000000010000000,0,"{""EventData"":{""Data"":[{""@Name"":""QueryName"",""#text"":""wpad""},{""@Name"":""AddressLength"",""#text"":""128""},{""@Name"":""Address"",""#text"":""02-00-00-00-C0-A8-E6-02-00-00-00-00-00-00-00-00-00-00-00-00-00-00-00-00-00-00-00-00-00-00-00-00-00-00-00-00-00-00-00-00-00-00-00-00-00-00-00-00-00-00-00-00-00-00-00-00-00-00-00-00-00-00-00-00-00-00-00-00-00-00-00-00-00-00-00-00-00-00-00-00-00-00-00-00-00-00-00-00-00-00-00-00-00-00-00-00-00-00-00-00-00-00-00-00-00-00-00-00-00-00-00-00-00-00-00-00-00-00-00-00-00-00-00-00-00-00-00-00""}]}}"
439,439,2023-03-01 08:10:22.1498857,1014,Warning,Microsoft-Windows-DNS-Client,System,2312,4680,DESKTOP-887GK2L,3,S-1-5-20,,,,,,,,,,,False,C:\Users\turan\Desktop\defense-work-evtx-files\System.evtx,0x4000000010000000,0,"{""EventData"":{""Data"":[{""@Name"":""QueryName"",""#text"":""wpad""},{""@Name"":""AddressLength"",""#text"":""128""},{""@Name"":""Address"",""#text"":""02-00-00-00-C0-A8-E6-02-00-00-00-00-00-00-00-00-00-00-00-00-00-00-00-00-00-00-00-00-00-00-00-00-00-00-00-00-00-00-00-00-00-00-00-00-00-00-00-00-00-00-00-00-00-00-00-00-00-00-00-00-00-00-00-00-00-00-00-00-00-00-00-00-00-00-00-00-00-00-00-00-00-00-00-00-00-00-00-00-00-00-00-00-00-00-00-00-00-00-00-00-00-00-00-00-00-00-00-00-00-00-00-00-00-00-00-00-00-00-00-00-00-00-00-00-00-00-00-00""}]}}"
440,440,2023-03-01 08:11:33.6703898,7040,Info,Service Control Manager,System,668,5872,DESKTOP-887GK2L,3,S-1-5-18,Start type of a service has changed,,,The start type of the Background Intelligent Transfer Service was changed from demand start to auto start,,,,,,BITS,False,C:\Users\turan\Desktop\defense-work-evtx-files\System.evtx,"Audit success, classic",0,"{""EventData"":{""Data"":[{""@Name"":""param1"",""#text"":""Background Intelligent Transfer Service""},{""@Name"":""param2"",""#text"":""demand start""},{""@Name"":""param3"",""#text"":""auto start""},{""@Name"":""param4"",""#text"":""BITS""}]}}"
441,441,2023-03-01 08:13:39.8386762,7040,Info,Service Control Manager,System,668,4828,DESKTOP-887GK2L,3,S-1-5-18,Start type of a service has changed,,,The start type of the Background Intelligent Transfer Service was changed from auto start to demand start,,,,,,BITS,False,C:\Users\turan\Desktop\defense-work-evtx-files\System.evtx,"Audit success, classic",0,"{""EventData"":{""Data"":[{""@Name"":""param1"",""#text"":""Background Intelligent Transfer Service""},{""@Name"":""param2"",""#text"":""auto start""},{""@Name"":""param3"",""#text"":""demand start""},{""@Name"":""param4"",""#text"":""BITS""}]}}"
442,442,2023-03-01 08:20:29.1349631,1014,Warning,Microsoft-Windows-DNS-Client,System,2312,6660,DESKTOP-887GK2L,3,S-1-5-20,,,,,,,,,,,False,C:\Users\turan\Desktop\defense-work-evtx-files\System.evtx,0x4000000010000000,0,"{""EventData"":{""Data"":[{""@Name"":""QueryName"",""#text"":""wpad""},{""@Name"":""AddressLength"",""#text"":""128""},{""@Name"":""Address"",""#text"":""02-00-00-00-C0-A8-E6-02-00-00-00-00-00-00-00-00-00-00-00-00-00-00-00-00-00-00-00-00-00-00-00-00-00-00-00-00-00-00-00-00-00-00-00-00-00-00-00-00-00-00-00-00-00-00-00-00-00-00-00-00-00-00-00-00-00-00-00-00-00-00-00-00-00-00-00-00-00-00-00-00-00-00-00-00-00-00-00-00-00-00-00-00-00-00-00-00-00-00-00-00-00-00-00-00-00-00-00-00-00-00-00-00-00-00-00-00-00-00-00-00-00-00-00-00-00-00-00-00""}]}}"
443,443,2023-03-01 08:23:02.6697699,16,Info,Microsoft-Windows-Kernel-General,System,8796,3976,DESKTOP-887GK2L,3,S-1-5-18,,,,,,,,,,,False,C:\Users\turan\Desktop\defense-work-evtx-files\System.evtx,Classic,0,"{""EventData"":{""Data"":[{""@Name"":""HiveNameLength"",""#text"":""85""},{""@Name"":""HiveName"",""#text"":""\\??\\C:\\ProgramData\\Microsoft\\Provisioning\\Microsoft-Desktop-Provisioning-Sequence.dat""},{""@Name"":""KeysUpdated"",""#text"":""0""},{""@Name"":""DirtyPages"",""#text"":""0""}]}}"
444,444,2023-03-01 08:23:02.8487030,16,Info,Microsoft-Windows-Kernel-General,System,1488,8020,DESKTOP-887GK2L,3,S-1-5-18,,,,,,,,,,,False,C:\Users\turan\Desktop\defense-work-evtx-files\System.evtx,Classic,0,"{""EventData"":{""Data"":[{""@Name"":""HiveNameLength"",""#text"":""108""},{""@Name"":""HiveName"",""#text"":""\\??\\C:\\Users\\CyberJunkie\\AppData\\Local\\Packages\\Microsoft.Windows.Photos_8wekyb3d8bbwe\\Settings\\settings.dat""},{""@Name"":""KeysUpdated"",""#text"":""8""},{""@Name"":""DirtyPages"",""#text"":""0""}]}}"
445,445,2023-03-01 08:23:04.2988948,7040,Info,Service Control Manager,System,668,5872,DESKTOP-887GK2L,3,S-1-5-18,Start type of a service has changed,,,The start type of the Windows Modules Installer was changed from demand start to auto start,,,,,,TrustedInstaller,False,C:\Users\turan\Desktop\defense-work-evtx-files\System.evtx,"Audit success, classic",0,"{""EventData"":{""Data"":[{""@Name"":""param1"",""#text"":""Windows Modules Installer""},{""@Name"":""param2"",""#text"":""demand start""},{""@Name"":""param3"",""#text"":""auto start""},{""@Name"":""param4"",""#text"":""TrustedInstaller""}]}}"
446,446,2023-03-01 08:23:05.7483724,7040,Info,Service Control Manager,System,668,5872,DESKTOP-887GK2L,3,S-1-5-18,Start type of a service has changed,,,The start type of the Windows Modules Installer was changed from auto start to demand start,,,,,,TrustedInstaller,False,C:\Users\turan\Desktop\defense-work-evtx-files\System.evtx,"Audit success, classic",0,"{""EventData"":{""Data"":[{""@Name"":""param1"",""#text"":""Windows Modules Installer""},{""@Name"":""param2"",""#text"":""auto start""},{""@Name"":""param3"",""#text"":""demand start""},{""@Name"":""param4"",""#text"":""TrustedInstaller""}]}}"
447,447,2023-03-01 08:23:18.3822728,44,Info,Microsoft-Windows-WindowsUpdateClient,System,5516,6572,DESKTOP-887GK2L,3,S-1-5-18,,,,,,,,,,,False,C:\Users\turan\Desktop\defense-work-evtx-files\System.evtx,0x8000000000002004,0,"{""EventData"":{""Data"":[{""@Name"":""updateTitle"",""#text"":""9N00JJ7S3L39-Microsoft.UI.Xaml.2.0""},{""@Name"":""updateGuid"",""#text"":""337a3b79-2ca8-4d9c-a597-c4e2d8e95852""},{""@Name"":""updateRevisionNumber"",""#text"":""1""}]}}"
448,448,2023-03-01 08:23:18.3822750,44,Info,Microsoft-Windows-WindowsUpdateClient,System,5516,6572,DESKTOP-887GK2L,3,S-1-5-18,,,,,,,,,,,False,C:\Users\turan\Desktop\defense-work-evtx-files\System.evtx,0x8000000000002004,0,"{""EventData"":{""Data"":[{""@Name"":""updateTitle"",""#text"":""9PLL735RFDSM-Microsoft.NET.Native.Runtime.2.2""},{""@Name"":""updateGuid"",""#text"":""78d00b8d-c973-4e6d-bab8-6d829f76fb3d""},{""@Name"":""updateRevisionNumber"",""#text"":""1""}]}}"
449,449,2023-03-01 08:23:23.0946553,44,Info,Microsoft-Windows-WindowsUpdateClient,System,5516,6572,DESKTOP-887GK2L,3,S-1-5-18,,,,,,,,,,,False,C:\Users\turan\Desktop\defense-work-evtx-files\System.evtx,0x8000000000002004,0,"{""EventData"":{""Data"":[{""@Name"":""updateTitle"",""#text"":""9NBLGGH537C2-Microsoft.XboxGameOverlay""},{""@Name"":""updateGuid"",""#text"":""075a4121-db52-4709-91f0-1a3dbd9beb30""},{""@Name"":""updateRevisionNumber"",""#text"":""1""}]}}"
450,450,2023-03-01 08:23:24.9920088,16,Info,Microsoft-Windows-Kernel-General,System,8412,4680,DESKTOP-887GK2L,3,S-1-5-18,,,,,,,,,,,False,C:\Users\turan\Desktop\defense-work-evtx-files\System.evtx,Classic,0,"{""EventData"":{""Data"":[{""@Name"":""HiveNameLength"",""#text"":""135""},{""@Name"":""HiveName"",""#text"":""\\??\\C:\\ProgramData\\Microsoft\\Windows\\AppRepository\\Packages\\Microsoft.UI.Xaml.2.0_2.1810.18004.0_x86__8wekyb3d8bbwe\\ActivationStore.dat""},{""@Name"":""KeysUpdated"",""#text"":""0""},{""@Name"":""DirtyPages"",""#text"":""0""}]}}"
451,451,2023-03-01 08:23:28.7647356,44,Info,Microsoft-Windows-WindowsUpdateClient,System,5516,6572,DESKTOP-887GK2L,3,S-1-5-18,,,,,,,,,,,False,C:\Users\turan\Desktop\defense-work-evtx-files\System.evtx,0x8000000000002004,0,"{""EventData"":{""Data"":[{""@Name"":""updateTitle"",""#text"":""9NBLGGH3FRZM-Microsoft.VCLibs.140.00""},{""@Name"":""updateGuid"",""#text"":""d82f41c1-893a-4a90-ac94-8f83da52a274""},{""@Name"":""updateRevisionNumber"",""#text"":""1""}]}}"
452,452,2023-03-01 08:23:28.7647427,44,Info,Microsoft-Windows-WindowsUpdateClient,System,5516,6572,DESKTOP-887GK2L,3,S-1-5-18,,,,,,,,,,,False,C:\Users\turan\Desktop\defense-work-evtx-files\System.evtx,0x8000000000002004,0,"{""EventData"":{""Data"":[{""@Name"":""updateTitle"",""#text"":""9MW2LKJ0TPJF-Microsoft.NET.Native.Framework.2.2""},{""@Name"":""updateGuid"",""#text"":""2bfc90df-c5e5-4c06-b503-16647503bf6a""},{""@Name"":""updateRevisionNumber"",""#text"":""1""}]}}"
453,453,2023-03-01 08:23:31.3664660,16,Info,Microsoft-Windows-Kernel-General,System,8412,7140,DESKTOP-887GK2L,3,S-1-5-18,,,,,,,,,,,False,C:\Users\turan\Desktop\defense-work-evtx-files\System.evtx,Classic,0,"{""EventData"":{""Data"":[{""@Name"":""HiveNameLength"",""#text"":""136""},{""@Name"":""HiveName"",""#text"":""\\??\\C:\\ProgramData\\Microsoft\\Windows\\AppRepository\\Packages\\Microsoft.XboxGameOverlay_1.54.4001.0_x64__8wekyb3d8bbwe\\ActivationStore.dat""},{""@Name"":""KeysUpdated"",""#text"":""0""},{""@Name"":""DirtyPages"",""#text"":""0""}]}}"
454,454,2023-03-01 08:23:34.0098122,44,Info,Microsoft-Windows-WindowsUpdateClient,System,5516,6572,DESKTOP-887GK2L,3,S-1-5-18,,,,,,,,,,,False,C:\Users\turan\Desktop\defense-work-evtx-files\System.evtx,0x8000000000002004,0,"{""EventData"":{""Data"":[{""@Name"":""updateTitle"",""#text"":""9NBLGGH3FRZM-Microsoft.VCLibs.140.00""},{""@Name"":""updateGuid"",""#text"":""d82f41c1-893a-4a90-ac94-8f83da52a274""},{""@Name"":""updateRevisionNumber"",""#text"":""1""}]}}"
455,455,2023-03-01 08:23:34.7906719,44,Info,Microsoft-Windows-WindowsUpdateClient,System,5516,6572,DESKTOP-887GK2L,3,S-1-5-18,,,,,,,,,,,False,C:\Users\turan\Desktop\defense-work-evtx-files\System.evtx,0x8000000000002004,0,"{""EventData"":{""Data"":[{""@Name"":""updateTitle"",""#text"":""9NBLGGH5FV99-Microsoft.MSPaint""},{""@Name"":""updateGuid"",""#text"":""06edc54b-4724-4e5d-903d-5abec05117e8""},{""@Name"":""updateRevisionNumber"",""#text"":""1""}]}}"
456,456,2023-03-01 08:23:34.7906733,44,Info,Microsoft-Windows-WindowsUpdateClient,System,5516,6572,DESKTOP-887GK2L,3,S-1-5-18,,,,,,,,,,,False,C:\Users\turan\Desktop\defense-work-evtx-files\System.evtx,0x8000000000002004,0,"{""EventData"":{""Data"":[{""@Name"":""updateTitle"",""#text"":""9NBLGGH5FV99-Microsoft.MSPaint""},{""@Name"":""updateGuid"",""#text"":""06edc54b-4724-4e5d-903d-5abec05117e8""},{""@Name"":""updateRevisionNumber"",""#text"":""1""}]}}"
457,457,2023-03-01 08:23:34.7906743,44,Info,Microsoft-Windows-WindowsUpdateClient,System,5516,6572,DESKTOP-887GK2L,3,S-1-5-18,,,,,,,,,,,False,C:\Users\turan\Desktop\defense-work-evtx-files\System.evtx,0x8000000000002004,0,"{""EventData"":{""Data"":[{""@Name"":""updateTitle"",""#text"":""9NBLGGH3FRZM-Microsoft.VCLibs.140.00""},{""@Name"":""updateGuid"",""#text"":""d82f41c1-893a-4a90-ac94-8f83da52a274""},{""@Name"":""updateRevisionNumber"",""#text"":""1""}]}}"
458,458,2023-03-01 08:23:35.3765181,43,Info,Microsoft-Windows-WindowsUpdateClient,System,5516,9096,DESKTOP-887GK2L,3,S-1-5-18,,,,,,,,,,,False,C:\Users\turan\Desktop\defense-work-evtx-files\System.evtx,0x8000000000002008,0,"{""EventData"":{""Data"":[{""@Name"":""updateTitle"",""#text"":""9NBLGGH537C2-Microsoft.XboxGameOverlay""},{""@Name"":""updateGuid"",""#text"":""d82f41c1-893a-4a90-ac94-8f83da52a274""},{""@Name"":""updateRevisionNumber"",""#text"":""1""}]}}"
459,459,2023-03-01 08:23:37.2267188,19,Info,Microsoft-Windows-WindowsUpdateClient,System,5516,9096,DESKTOP-887GK2L,3,S-1-5-18,,,,,,,,,,,False,C:\Users\turan\Desktop\defense-work-evtx-files\System.evtx,Installation,0,"{""EventData"":{""Data"":[{""@Name"":""updateTitle"",""#text"":""9NBLGGH537C2-Microsoft.XboxGameOverlay""},{""@Name"":""updateGuid"",""#text"":""d82f41c1-893a-4a90-ac94-8f83da52a274""},{""@Name"":""updateRevisionNumber"",""#text"":""1""},{""@Name"":""serviceGuid"",""#text"":""855e8a7c-ecb4-4ca3-b045-1dfa50104289""}]}}"
460,460,2023-03-01 08:23:37.2392850,43,Info,Microsoft-Windows-WindowsUpdateClient,System,5516,9096,DESKTOP-887GK2L,3,S-1-5-18,,,,,,,,,,,False,C:\Users\turan\Desktop\defense-work-evtx-files\System.evtx,0x8000000000002008,0,"{""EventData"":{""Data"":[{""@Name"":""updateTitle"",""#text"":""9NBLGGH3FRZM-Microsoft.VCLibs.140.00""},{""@Name"":""updateGuid"",""#text"":""075a4121-db52-4709-91f0-1a3dbd9beb30""},{""@Name"":""updateRevisionNumber"",""#text"":""1""}]}}"
461,461,2023-03-01 08:23:37.3929160,16,Info,Microsoft-Windows-Kernel-General,System,8412,6628,DESKTOP-887GK2L,3,S-1-5-21-3393683511-3463148672-371912004-1001,,,,,,,,,,,False,C:\Users\turan\Desktop\defense-work-evtx-files\System.evtx,Classic,0,"{""EventData"":{""Data"":[{""@Name"":""HiveNameLength"",""#text"":""109""},{""@Name"":""HiveName"",""#text"":""\\??\\C:\\Users\\CyberJunkie\\AppData\\Local\\Packages\\Microsoft.XboxGameOverlay_8wekyb3d8bbwe\\Settings\\settings.dat""},{""@Name"":""KeysUpdated"",""#text"":""3""},{""@Name"":""DirtyPages"",""#text"":""1""}]}}"
462,462,2023-03-01 08:23:37.8640799,44,Info,Microsoft-Windows-WindowsUpdateClient,System,5516,9096,DESKTOP-887GK2L,3,S-1-5-18,,,,,,,,,,,False,C:\Users\turan\Desktop\defense-work-evtx-files\System.evtx,0x8000000000002004,0,"{""EventData"":{""Data"":[{""@Name"":""updateTitle"",""#text"":""9NBLGGH3FRZM-Microsoft.VCLibs.140.00""},{""@Name"":""updateGuid"",""#text"":""d82f41c1-893a-4a90-ac94-8f83da52a274""},{""@Name"":""updateRevisionNumber"",""#text"":""1""}]}}"
463,463,2023-03-01 08:23:37.8640811,44,Info,Microsoft-Windows-WindowsUpdateClient,System,5516,9096,DESKTOP-887GK2L,3,S-1-5-18,,,,,,,,,,,False,C:\Users\turan\Desktop\defense-work-evtx-files\System.evtx,0x8000000000002004,0,"{""EventData"":{""Data"":[{""@Name"":""updateTitle"",""#text"":""9NBLGGH3FRZM-Microsoft.VCLibs.140.00""},{""@Name"":""updateGuid"",""#text"":""d82f41c1-893a-4a90-ac94-8f83da52a274""},{""@Name"":""updateRevisionNumber"",""#text"":""1""}]}}"
464,464,2023-03-01 08:23:37.8640818,19,Info,Microsoft-Windows-WindowsUpdateClient,System,5516,9096,DESKTOP-887GK2L,3,S-1-5-18,,,,,,,,,,,False,C:\Users\turan\Desktop\defense-work-evtx-files\System.evtx,Installation,0,"{""EventData"":{""Data"":[{""@Name"":""updateTitle"",""#text"":""9NBLGGH3FRZM-Microsoft.VCLibs.140.00""},{""@Name"":""updateGuid"",""#text"":""075a4121-db52-4709-91f0-1a3dbd9beb30""},{""@Name"":""updateRevisionNumber"",""#text"":""1""},{""@Name"":""serviceGuid"",""#text"":""855e8a7c-ecb4-4ca3-b045-1dfa50104289""}]}}"
465,465,2023-03-01 08:23:38.9572829,44,Info,Microsoft-Windows-WindowsUpdateClient,System,5516,6572,DESKTOP-887GK2L,3,S-1-5-18,,,,,,,,,,,False,C:\Users\turan\Desktop\defense-work-evtx-files\System.evtx,0x8000000000002004,0,"{""EventData"":{""Data"":[{""@Name"":""updateTitle"",""#text"":""9NBLGGH10PG8-MICROSOFT.PEOPLE""},{""@Name"":""updateGuid"",""#text"":""d9e29148-498c-4802-be9a-6efe30e2b610""},{""@Name"":""updateRevisionNumber"",""#text"":""1""}]}}"
466,466,2023-03-01 08:23:43.4263272,44,Info,Microsoft-Windows-WindowsUpdateClient,System,5516,6572,DESKTOP-887GK2L,3,S-1-5-18,,,,,,,,,,,False,C:\Users\turan\Desktop\defense-work-evtx-files\System.evtx,0x8000000000002004,0,"{""EventData"":{""Data"":[{""@Name"":""updateTitle"",""#text"":""9P086NHDNB9W-Microsoft.XboxSpeechtoTextOverlay""},{""@Name"":""updateGuid"",""#text"":""2d41a1c7-a089-4426-b953-037765a1ed95""},{""@Name"":""updateRevisionNumber"",""#text"":""1""}]}}"
467,467,2023-03-01 08:23:43.4263286,44,Info,Microsoft-Windows-WindowsUpdateClient,System,5516,6572,DESKTOP-887GK2L,3,S-1-5-18,,,,,,,,,,,False,C:\Users\turan\Desktop\defense-work-evtx-files\System.evtx,0x8000000000002004,0,"{""EventData"":{""Data"":[{""@Name"":""updateTitle"",""#text"":""9NBLGGH10PG8-MICROSOFT.PEOPLE""},{""@Name"":""updateGuid"",""#text"":""d9e29148-498c-4802-be9a-6efe30e2b610""},{""@Name"":""updateRevisionNumber"",""#text"":""1""}]}}"
468,468,2023-03-01 08:23:43.4263294,44,Info,Microsoft-Windows-WindowsUpdateClient,System,5516,6572,DESKTOP-887GK2L,3,S-1-5-18,,,,,,,,,,,False,C:\Users\turan\Desktop\defense-work-evtx-files\System.evtx,0x8000000000002004,0,"{""EventData"":{""Data"":[{""@Name"":""updateTitle"",""#text"":""9PLL735RFDSM-Microsoft.NET.Native.Runtime.2.2""},{""@Name"":""updateGuid"",""#text"":""78d00b8d-c973-4e6d-bab8-6d829f76fb3d""},{""@Name"":""updateRevisionNumber"",""#text"":""1""}]}}"
469,469,2023-03-01 08:23:45.3766291,44,Info,Microsoft-Windows-WindowsUpdateClient,System,5516,6572,DESKTOP-887GK2L,3,S-1-5-18,,,,,,,,,,,False,C:\Users\turan\Desktop\defense-work-evtx-files\System.evtx,0x8000000000002004,0,"{""EventData"":{""Data"":[{""@Name"":""updateTitle"",""#text"":""9NBLGGH10PG8-MICROSOFT.PEOPLE""},{""@Name"":""updateGuid"",""#text"":""d9e29148-498c-4802-be9a-6efe30e2b610""},{""@Name"":""updateRevisionNumber"",""#text"":""1""}]}}"
