672,672,2023-03-01 08:46:34.6098063,44,Info,Microsoft-Windows-WindowsUpdateClient,System,4260,7932,DESKTOP-887GK2L,5,S-1-5-18,,,,,,,,,,,False,C:\Users\turan\Desktop\defense-work-evtx-files\System.evtx,0x8000000000002004,0,"{""EventData"":{""Data"":[{""@Name"":""updateTitle"",""#text"":""9NBLGGH42THS-Microsoft.Microsoft3DViewer""},{""@Name"":""updateGuid"",""#text"":""0912bd70-623e-4fae-a6d9-9af5aa12879f""},{""@Name"":""updateRevisionNumber"",""#text"":""1""}]}}"
673,673,2023-03-01 08:46:34.6098071,44,Info,Microsoft-Windows-WindowsUpdateClient,System,4260,7932,DESKTOP-887GK2L,5,S-1-5-18,,,,,,,,,,,False,C:\Users\turan\Desktop\defense-work-evtx-files\System.evtx,0x8000000000002004,0,"{""EventData"":{""Data"":[{""@Name"":""updateTitle"",""#text"":""9NBLGGH3FRZM-Microsoft.VCLibs.140.00""},{""@Name"":""updateGuid"",""#text"":""d82f41c1-893a-4a90-ac94-8f83da52a274""},{""@Name"":""updateRevisionNumber"",""#text"":""1""}]}}"
674,674,2023-03-01 08:46:37.8523087,44,Info,Microsoft-Windows-WindowsUpdateClient,System,4260,7932,DESKTOP-887GK2L,5,S-1-5-18,,,,,,,,,,,False,C:\Users\turan\Desktop\defense-work-evtx-files\System.evtx,0x8000000000002004,0,"{""EventData"":{""Data"":[{""@Name"":""updateTitle"",""#text"":""9NBLGGH4QGHW-Microsoft.MicrosoftStickyNotes""},{""@Name"":""updateGuid"",""#text"":""40de5731-5b7d-4940-b83b-92fa9abe9c45""},{""@Name"":""updateRevisionNumber"",""#text"":""1""}]}}"
675,675,2023-03-01 08:46:42.0083999,16,Info,Microsoft-Windows-Kernel-General,System,5444,10076,DESKTOP-887GK2L,5,S-1-5-18,,,,,,,,,,,False,C:\Users\turan\Desktop\defense-work-evtx-files\System.evtx,Classic,0,"{""EventData"":{""Data"":[{""@Name"":""HiveNameLength"",""#text"":""142""},{""@Name"":""HiveName"",""#text"":""\\??\\C:\\ProgramData\\Microsoft\\Windows\\AppRepository\\Packages\\Microsoft.MicrosoftOfficeHub_18.2301.1131.0_x64__8wekyb3d8bbwe\\ActivationStore.dat""},{""@Name"":""KeysUpdated"",""#text"":""0""},{""@Name"":""DirtyPages"",""#text"":""0""}]}}"
676,676,2023-03-01 08:46:42.7289265,43,Info,Microsoft-Windows-WindowsUpdateClient,System,4260,9568,DESKTOP-887GK2L,5,S-1-5-18,,,,,,,,,,,False,C:\Users\turan\Desktop\defense-work-evtx-files\System.evtx,0x8000000000002008,0,"{""EventData"":{""Data"":[{""@Name"":""updateTitle"",""#text"":""9WZDNCRD29V9-MICROSOFT.MICROSOFTOFFICEHUB""},{""@Name"":""updateGuid"",""#text"":""9390315c-f15d-4927-928f-c022f94a09b7""},{""@Name"":""updateRevisionNumber"",""#text"":""1""}]}}"
677,677,2023-03-01 08:46:42.8321862,16,Info,Microsoft-Windows-Kernel-General,System,5444,10076,DESKTOP-887GK2L,5,S-1-5-21-3393683511-3463148672-371912004-1001,,,,,,,,,,,False,C:\Users\turan\Desktop\defense-work-evtx-files\System.evtx,Classic,0,"{""EventData"":{""Data"":[{""@Name"":""HiveNameLength"",""#text"":""112""},{""@Name"":""HiveName"",""#text"":""\\??\\C:\\Users\\CyberJunkie\\AppData\\Local\\Packages\\Microsoft.MicrosoftOfficeHub_8wekyb3d8bbwe\\Settings\\settings.dat""},{""@Name"":""KeysUpdated"",""#text"":""2""},{""@Name"":""DirtyPages"",""#text"":""1""}]}}"
678,678,2023-03-01 08:46:43.2154827,19,Info,Microsoft-Windows-WindowsUpdateClient,System,4260,9568,DESKTOP-887GK2L,5,S-1-5-18,,,,,,,,,,,False,C:\Users\turan\Desktop\defense-work-evtx-files\System.evtx,Installation,0,"{""EventData"":{""Data"":[{""@Name"":""updateTitle"",""#text"":""9WZDNCRD29V9-MICROSOFT.MICROSOFTOFFICEHUB""},{""@Name"":""updateGuid"",""#text"":""9390315c-f15d-4927-928f-c022f94a09b7""},{""@Name"":""updateRevisionNumber"",""#text"":""1""},{""@Name"":""serviceGuid"",""#text"":""855e8a7c-ecb4-4ca3-b045-1dfa50104289""}]}}"
679,679,2023-03-01 08:46:46.2506690,44,Info,Microsoft-Windows-WindowsUpdateClient,System,4260,7932,DESKTOP-887GK2L,5,S-1-5-18,,,,,,,,,,,False,C:\Users\turan\Desktop\defense-work-evtx-files\System.evtx,0x8000000000002004,0,"{""EventData"":{""Data"":[{""@Name"":""updateTitle"",""#text"":""9NBLGGH42THS-Microsoft.Microsoft3DViewer""},{""@Name"":""updateGuid"",""#text"":""0912bd70-623e-4fae-a6d9-9af5aa12879f""},{""@Name"":""updateRevisionNumber"",""#text"":""1""}]}}"
680,680,2023-03-01 08:46:46.2506701,44,Info,Microsoft-Windows-WindowsUpdateClient,System,4260,7932,DESKTOP-887GK2L,5,S-1-5-18,,,,,,,,,,,False,C:\Users\turan\Desktop\defense-work-evtx-files\System.evtx,0x8000000000002004,0,"{""EventData"":{""Data"":[{""@Name"":""updateTitle"",""#text"":""9NBLGGH4RV3K-Microsoft.VCLibs.140.00.UWPDesktop""},{""@Name"":""updateGuid"",""#text"":""b34f488c-7eb5-489e-8d93-a30096b87664""},{""@Name"":""updateRevisionNumber"",""#text"":""1""}]}}"
681,681,2023-03-01 08:46:46.2506710,44,Info,Microsoft-Windows-WindowsUpdateClient,System,4260,7932,DESKTOP-887GK2L,5,S-1-5-18,,,,,,,,,,,False,C:\Users\turan\Desktop\defense-work-evtx-files\System.evtx,0x8000000000002004,0,"{""EventData"":{""Data"":[{""@Name"":""updateTitle"",""#text"":""9NBLGGH42THS-Microsoft.Microsoft3DViewer""},{""@Name"":""updateGuid"",""#text"":""0912bd70-623e-4fae-a6d9-9af5aa12879f""},{""@Name"":""updateRevisionNumber"",""#text"":""1""}]}}"
682,682,2023-03-01 08:46:46.2506717,44,Info,Microsoft-Windows-WindowsUpdateClient,System,4260,7932,DESKTOP-887GK2L,5,S-1-5-18,,,,,,,,,,,False,C:\Users\turan\Desktop\defense-work-evtx-files\System.evtx,0x8000000000002004,0,"{""EventData"":{""Data"":[{""@Name"":""updateTitle"",""#text"":""9NBLGGH4RV3K-Microsoft.VCLibs.140.00.UWPDesktop""},{""@Name"":""updateGuid"",""#text"":""b34f488c-7eb5-489e-8d93-a30096b87664""},{""@Name"":""updateRevisionNumber"",""#text"":""1""}]}}"
683,683,2023-03-01 08:46:49.5391918,44,Info,Microsoft-Windows-WindowsUpdateClient,System,4260,7932,DESKTOP-887GK2L,5,S-1-5-18,,,,,,,,,,,False,C:\Users\turan\Desktop\defense-work-evtx-files\System.evtx,0x8000000000002004,0,"{""EventData"":{""Data"":[{""@Name"":""updateTitle"",""#text"":""9P5VK8KZB5QZ-Microsoft.UI.Xaml.2.7""},{""@Name"":""updateGuid"",""#text"":""6f84e08f-e2c0-417a-926a-e23dace58b7b""},{""@Name"":""updateRevisionNumber"",""#text"":""1""}]}}"
684,684,2023-03-01 08:46:49.5391926,44,Info,Microsoft-Windows-WindowsUpdateClient,System,4260,7932,DESKTOP-887GK2L,5,S-1-5-18,,,,,,,,,,,False,C:\Users\turan\Desktop\defense-work-evtx-files\System.evtx,0x8000000000002004,0,"{""EventData"":{""Data"":[{""@Name"":""updateTitle"",""#text"":""9P5VK8KZB5QZ-Microsoft.UI.Xaml.2.7""},{""@Name"":""updateGuid"",""#text"":""6f84e08f-e2c0-417a-926a-e23dace58b7b""},{""@Name"":""updateRevisionNumber"",""#text"":""1""}]}}"
685,685,2023-03-01 08:46:49.5391936,44,Info,Microsoft-Windows-WindowsUpdateClient,System,4260,7932,DESKTOP-887GK2L,5,S-1-5-18,,,,,,,,,,,False,C:\Users\turan\Desktop\defense-work-evtx-files\System.evtx,0x8000000000002004,0,"{""EventData"":{""Data"":[{""@Name"":""updateTitle"",""#text"":""9NBLGGH4NNS1-Microsoft.DesktopAppInstaller""},{""@Name"":""updateGuid"",""#text"":""68a36a53-ce29-43af-b928-cfa761f13603""},{""@Name"":""updateRevisionNumber"",""#text"":""1""}]}}"
686,686,2023-03-01 08:46:54.0046071,16,Info,Microsoft-Windows-Kernel-General,System,5444,404,DESKTOP-887GK2L,5,S-1-5-18,,,,,,,,,,,False,C:\Users\turan\Desktop\defense-work-evtx-files\System.evtx,Classic,0,"{""EventData"":{""Data"":[{""@Name"":""HiveNameLength"",""#text"":""137""},{""@Name"":""HiveName"",""#text"":""\\??\\C:\\ProgramData\\Microsoft\\Windows\\AppRepository\\Packages\\Microsoft.MicrosoftStickyNotes_4.5.9.0_x64__8wekyb3d8bbwe\\ActivationStore.dat""},{""@Name"":""KeysUpdated"",""#text"":""0""},{""@Name"":""DirtyPages"",""#text"":""0""}]}}"
687,687,2023-03-01 08:46:55.1894812,43,Info,Microsoft-Windows-WindowsUpdateClient,System,4260,8080,DESKTOP-887GK2L,5,S-1-5-18,,,,,,,,,,,False,C:\Users\turan\Desktop\defense-work-evtx-files\System.evtx,0x8000000000002008,0,"{""EventData"":{""Data"":[{""@Name"":""updateTitle"",""#text"":""9NBLGGH4QGHW-Microsoft.MicrosoftStickyNotes""},{""@Name"":""updateGuid"",""#text"":""40de5731-5b7d-4940-b83b-92fa9abe9c45""},{""@Name"":""updateRevisionNumber"",""#text"":""1""}]}}"
688,688,2023-03-01 08:46:55.6171076,16,Info,Microsoft-Windows-Kernel-General,System,5444,404,DESKTOP-887GK2L,5,S-1-5-21-3393683511-3463148672-371912004-1001,,,,,,,,,,,False,C:\Users\turan\Desktop\defense-work-evtx-files\System.evtx,Classic,0,"{""EventData"":{""Data"":[{""@Name"":""HiveNameLength"",""#text"":""114""},{""@Name"":""HiveName"",""#text"":""\\??\\C:\\Users\\CyberJunkie\\AppData\\Local\\Packages\\Microsoft.MicrosoftStickyNotes_8wekyb3d8bbwe\\Settings\\settings.dat""},{""@Name"":""KeysUpdated"",""#text"":""3""},{""@Name"":""DirtyPages"",""#text"":""1""}]}}"
689,689,2023-03-01 08:46:55.8000682,19,Info,Microsoft-Windows-WindowsUpdateClient,System,4260,8080,DESKTOP-887GK2L,5,S-1-5-18,,,,,,,,,,,False,C:\Users\turan\Desktop\defense-work-evtx-files\System.evtx,Installation,0,"{""EventData"":{""Data"":[{""@Name"":""updateTitle"",""#text"":""9NBLGGH4QGHW-Microsoft.MicrosoftStickyNotes""},{""@Name"":""updateGuid"",""#text"":""40de5731-5b7d-4940-b83b-92fa9abe9c45""},{""@Name"":""updateRevisionNumber"",""#text"":""1""},{""@Name"":""serviceGuid"",""#text"":""855e8a7c-ecb4-4ca3-b045-1dfa50104289""}]}}"
690,690,2023-03-01 08:46:58.4776849,16,Info,Microsoft-Windows-Kernel-General,System,5444,10076,DESKTOP-887GK2L,5,S-1-5-18,,,,,,,,,,,False,C:\Users\turan\Desktop\defense-work-evtx-files\System.evtx,Classic,0,"{""EventData"":{""Data"":[{""@Name"":""HiveNameLength"",""#text"":""141""},{""@Name"":""HiveName"",""#text"":""\\??\\C:\\ProgramData\\Microsoft\\Windows\\AppRepository\\Packages\\Microsoft.DesktopAppInstaller_1.19.10173.0_x64__8wekyb3d8bbwe\\ActivationStore.dat""},{""@Name"":""KeysUpdated"",""#text"":""0""},{""@Name"":""DirtyPages"",""#text"":""0""}]}}"
691,691,2023-03-01 08:46:59.1902333,43,Info,Microsoft-Windows-WindowsUpdateClient,System,4260,8384,DESKTOP-887GK2L,5,S-1-5-18,,,,,,,,,,,False,C:\Users\turan\Desktop\defense-work-evtx-files\System.evtx,0x8000000000002008,0,"{""EventData"":{""Data"":[{""@Name"":""updateTitle"",""#text"":""9NBLGGH4NNS1-Microsoft.DesktopAppInstaller""},{""@Name"":""updateGuid"",""#text"":""68a36a53-ce29-43af-b928-cfa761f13603""},{""@Name"":""updateRevisionNumber"",""#text"":""1""}]}}"
692,692,2023-03-01 08:46:59.3240155,16,Info,Microsoft-Windows-Kernel-General,System,5444,10076,DESKTOP-887GK2L,5,S-1-5-21-3393683511-3463148672-371912004-1001,,,,,,,,,,,False,C:\Users\turan\Desktop\defense-work-evtx-files\System.evtx,Classic,0,"{""EventData"":{""Data"":[{""@Name"":""HiveNameLength"",""#text"":""113""},{""@Name"":""HiveName"",""#text"":""\\??\\C:\\Users\\CyberJunkie\\AppData\\Local\\Packages\\Microsoft.DesktopAppInstaller_8wekyb3d8bbwe\\Settings\\settings.dat""},{""@Name"":""KeysUpdated"",""#text"":""2""},{""@Name"":""DirtyPages"",""#text"":""1""}]}}"
693,693,2023-03-01 08:46:59.6522978,19,Info,Microsoft-Windows-WindowsUpdateClient,System,4260,8384,DESKTOP-887GK2L,5,S-1-5-18,,,,,,,,,,,False,C:\Users\turan\Desktop\defense-work-evtx-files\System.evtx,Installation,0,"{""EventData"":{""Data"":[{""@Name"":""updateTitle"",""#text"":""9NBLGGH4NNS1-Microsoft.DesktopAppInstaller""},{""@Name"":""updateGuid"",""#text"":""68a36a53-ce29-43af-b928-cfa761f13603""},{""@Name"":""updateRevisionNumber"",""#text"":""1""},{""@Name"":""serviceGuid"",""#text"":""855e8a7c-ecb4-4ca3-b045-1dfa50104289""}]}}"
694,694,2023-03-01 08:47:01.1222875,16,Info,Microsoft-Windows-Kernel-General,System,5444,1216,DESKTOP-887GK2L,5,S-1-5-18,,,,,,,,,,,False,C:\Users\turan\Desktop\defense-work-evtx-files\System.evtx,Classic,0,"{""EventData"":{""Data"":[{""@Name"":""HiveNameLength"",""#text"":""141""},{""@Name"":""HiveName"",""#text"":""\\??\\C:\\ProgramData\\Microsoft\\Windows\\AppRepository\\Packages\\Microsoft.Microsoft3DViewer_7.2211.24012.0_x64__8wekyb3d8bbwe\\ActivationStore.dat""},{""@Name"":""KeysUpdated"",""#text"":""0""},{""@Name"":""DirtyPages"",""#text"":""0""}]}}"
695,695,2023-03-01 08:47:02.1271942,43,Info,Microsoft-Windows-WindowsUpdateClient,System,4260,4288,DESKTOP-887GK2L,5,S-1-5-18,,,,,,,,,,,False,C:\Users\turan\Desktop\defense-work-evtx-files\System.evtx,0x8000000000002008,0,"{""EventData"":{""Data"":[{""@Name"":""updateTitle"",""#text"":""9NBNPFNSWTGB-Microsoft.UI.Xaml.2.1""},{""@Name"":""updateGuid"",""#text"":""0f91a7f5-c9ac-4fe5-92e4-1ad6bd2c0a98""},{""@Name"":""updateRevisionNumber"",""#text"":""1""}]}}"
696,696,2023-03-01 08:47:02.3262054,19,Info,Microsoft-Windows-WindowsUpdateClient,System,4260,4288,DESKTOP-887GK2L,5,S-1-5-18,,,,,,,,,,,False,C:\Users\turan\Desktop\defense-work-evtx-files\System.evtx,Installation,0,"{""EventData"":{""Data"":[{""@Name"":""updateTitle"",""#text"":""9NBNPFNSWTGB-Microsoft.UI.Xaml.2.1""},{""@Name"":""updateGuid"",""#text"":""0f91a7f5-c9ac-4fe5-92e4-1ad6bd2c0a98""},{""@Name"":""updateRevisionNumber"",""#text"":""1""},{""@Name"":""serviceGuid"",""#text"":""855e8a7c-ecb4-4ca3-b045-1dfa50104289""}]}}"
697,697,2023-03-01 08:47:02.3402013,43,Info,Microsoft-Windows-WindowsUpdateClient,System,4260,4288,DESKTOP-887GK2L,5,S-1-5-18,,,,,,,,,,,False,C:\Users\turan\Desktop\defense-work-evtx-files\System.evtx,0x8000000000002008,0,"{""EventData"":{""Data"":[{""@Name"":""updateTitle"",""#text"":""9NBLGGH42THS-Microsoft.Microsoft3DViewer""},{""@Name"":""updateGuid"",""#text"":""0912bd70-623e-4fae-a6d9-9af5aa12879f""},{""@Name"":""updateRevisionNumber"",""#text"":""1""}]}}"
698,698,2023-03-01 08:47:02.4278748,16,Info,Microsoft-Windows-Kernel-General,System,5444,1216,DESKTOP-887GK2L,5,S-1-5-21-3393683511-3463148672-371912004-1001,,,,,,,,,,,False,C:\Users\turan\Desktop\defense-work-evtx-files\System.evtx,Classic,0,"{""EventData"":{""Data"":[{""@Name"":""HiveNameLength"",""#text"":""111""},{""@Name"":""HiveName"",""#text"":""\\??\\C:\\Users\\CyberJunkie\\AppData\\Local\\Packages\\Microsoft.Microsoft3DViewer_8wekyb3d8bbwe\\Settings\\settings.dat""},{""@Name"":""KeysUpdated"",""#text"":""3""},{""@Name"":""DirtyPages"",""#text"":""1""}]}}"
699,699,2023-03-01 08:47:02.6547145,19,Info,Microsoft-Windows-WindowsUpdateClient,System,4260,4288,DESKTOP-887GK2L,5,S-1-5-18,,,,,,,,,,,False,C:\Users\turan\Desktop\defense-work-evtx-files\System.evtx,Installation,0,"{""EventData"":{""Data"":[{""@Name"":""updateTitle"",""#text"":""9NBLGGH42THS-Microsoft.Microsoft3DViewer""},{""@Name"":""updateGuid"",""#text"":""0912bd70-623e-4fae-a6d9-9af5aa12879f""},{""@Name"":""updateRevisionNumber"",""#text"":""1""},{""@Name"":""serviceGuid"",""#text"":""855e8a7c-ecb4-4ca3-b045-1dfa50104289""}]}}"
700,700,2023-03-01 08:50:50.1617285,1014,Warning,Microsoft-Windows-DNS-Client,System,2312,4536,DESKTOP-887GK2L,5,S-1-5-20,,,,,,,,,,,False,C:\Users\turan\Desktop\defense-work-evtx-files\System.evtx,0x4000000010000000,0,"{""EventData"":{""Data"":[{""@Name"":""QueryName"",""#text"":""wpad""},{""@Name"":""AddressLength"",""#text"":""128""},{""@Name"":""Address"",""#text"":""02-00-00-00-C0-A8-E6-02-00-00-00-00-00-00-00-00-00-00-00-00-00-00-00-00-00-00-00-00-00-00-00-00-00-00-00-00-00-00-00-00-00-00-00-00-00-00-00-00-00-00-00-00-00-00-00-00-00-00-00-00-00-00-00-00-00-00-00-00-00-00-00-00-00-00-00-00-00-00-00-00-00-00-00-00-00-00-00-00-00-00-00-00-00-00-00-00-00-00-00-00-00-00-00-00-00-00-00-00-00-00-00-00-00-00-00-00-00-00-00-00-00-00-00-00-00-00-00-00""}]}}"
701,701,2023-03-01 08:55:15.1214415,44,Info,Microsoft-Windows-WindowsUpdateClient,System,4260,7932,DESKTOP-887GK2L,5,S-1-5-18,,,,,,,,,,,False,C:\Users\turan\Desktop\defense-work-evtx-files\System.evtx,0x8000000000002004,0,"{""EventData"":{""Data"":[{""@Name"":""updateTitle"",""#text"":""9PLL735RFDSM-Microsoft.NET.Native.Runtime.2.2""},{""@Name"":""updateGuid"",""#text"":""78d00b8d-c973-4e6d-bab8-6d829f76fb3d""},{""@Name"":""updateRevisionNumber"",""#text"":""1""}]}}"
702,702,2023-03-01 08:55:15.1214432,44,Info,Microsoft-Windows-WindowsUpdateClient,System,4260,7932,DESKTOP-887GK2L,5,S-1-5-18,,,,,,,,,,,False,C:\Users\turan\Desktop\defense-work-evtx-files\System.evtx,0x8000000000002004,0,"{""EventData"":{""Data"":[{""@Name"":""updateTitle"",""#text"":""9PLL735RFDSM-Microsoft.NET.Native.Runtime.2.2""},{""@Name"":""updateGuid"",""#text"":""78d00b8d-c973-4e6d-bab8-6d829f76fb3d""},{""@Name"":""updateRevisionNumber"",""#text"":""1""}]}}"
703,703,2023-03-01 08:55:15.1214440,44,Info,Microsoft-Windows-WindowsUpdateClient,System,4260,7932,DESKTOP-887GK2L,5,S-1-5-18,,,,,,,,,,,False,C:\Users\turan\Desktop\defense-work-evtx-files\System.evtx,0x8000000000002004,0,"{""EventData"":{""Data"":[{""@Name"":""updateTitle"",""#text"":""9MW2LKJ0TPJF-Microsoft.NET.Native.Framework.2.2""},{""@Name"":""updateGuid"",""#text"":""2bfc90df-c5e5-4c06-b503-16647503bf6a""},{""@Name"":""updateRevisionNumber"",""#text"":""1""}]}}"
704,704,2023-03-01 08:55:15.1214447,44,Info,Microsoft-Windows-WindowsUpdateClient,System,4260,7932,DESKTOP-887GK2L,5,S-1-5-18,,,,,,,,,,,False,C:\Users\turan\Desktop\defense-work-evtx-files\System.evtx,0x8000000000002004,0,"{""EventData"":{""Data"":[{""@Name"":""updateTitle"",""#text"":""9PLL735RFDSM-Microsoft.NET.Native.Runtime.2.2""},{""@Name"":""updateGuid"",""#text"":""78d00b8d-c973-4e6d-bab8-6d829f76fb3d""},{""@Name"":""updateRevisionNumber"",""#text"":""1""}]}}"
705,705,2023-03-01 08:55:16.3004134,44,Info,Microsoft-Windows-WindowsUpdateClient,System,4260,7932,DESKTOP-887GK2L,5,S-1-5-18,,,,,,,,,,,False,C:\Users\turan\Desktop\defense-work-evtx-files\System.evtx,0x8000000000002004,0,"{""EventData"":{""Data"":[{""@Name"":""updateTitle"",""#text"":""9MW2LKJ0TPJF-Microsoft.NET.Native.Framework.2.2""},{""@Name"":""updateGuid"",""#text"":""2bfc90df-c5e5-4c06-b503-16647503bf6a""},{""@Name"":""updateRevisionNumber"",""#text"":""1""}]}}"
706,706,2023-03-01 08:55:16.3004147,44,Info,Microsoft-Windows-WindowsUpdateClient,System,4260,7932,DESKTOP-887GK2L,5,S-1-5-18,,,,,,,,,,,False,C:\Users\turan\Desktop\defense-work-evtx-files\System.evtx,0x8000000000002004,0,"{""EventData"":{""Data"":[{""@Name"":""updateTitle"",""#text"":""9PLL735RFDSM-Microsoft.NET.Native.Runtime.2.2""},{""@Name"":""updateGuid"",""#text"":""78d00b8d-c973-4e6d-bab8-6d829f76fb3d""},{""@Name"":""updateRevisionNumber"",""#text"":""1""}]}}"
707,707,2023-03-01 08:55:16.3004160,44,Info,Microsoft-Windows-WindowsUpdateClient,System,4260,7932,DESKTOP-887GK2L,5,S-1-5-18,,,,,,,,,,,False,C:\Users\turan\Desktop\defense-work-evtx-files\System.evtx,0x8000000000002004,0,"{""EventData"":{""Data"":[{""@Name"":""updateTitle"",""#text"":""9PLL735RFDSM-Microsoft.NET.Native.Runtime.2.2""},{""@Name"":""updateGuid"",""#text"":""78d00b8d-c973-4e6d-bab8-6d829f76fb3d""},{""@Name"":""updateRevisionNumber"",""#text"":""1""}]}}"
708,708,2023-03-01 08:55:18.0530395,44,Info,Microsoft-Windows-WindowsUpdateClient,System,4260,7932,DESKTOP-887GK2L,5,S-1-5-18,,,,,,,,,,,False,C:\Users\turan\Desktop\defense-work-evtx-files\System.evtx,0x8000000000002004,0,"{""EventData"":{""Data"":[{""@Name"":""updateTitle"",""#text"":""9MW2LKJ0TPJF-Microsoft.NET.Native.Framework.2.2""},{""@Name"":""updateGuid"",""#text"":""2bfc90df-c5e5-4c06-b503-16647503bf6a""},{""@Name"":""updateRevisionNumber"",""#text"":""1""}]}}"
709,709,2023-03-01 08:55:18.0530426,44,Info,Microsoft-Windows-WindowsUpdateClient,System,4260,7932,DESKTOP-887GK2L,5,S-1-5-18,,,,,,,,,,,False,C:\Users\turan\Desktop\defense-work-evtx-files\System.evtx,0x8000000000002004,0,"{""EventData"":{""Data"":[{""@Name"":""updateTitle"",""#text"":""9NBLGGH3FRZM-Microsoft.VCLibs.140.00""},{""@Name"":""updateGuid"",""#text"":""d82f41c1-893a-4a90-ac94-8f83da52a274""},{""@Name"":""updateRevisionNumber"",""#text"":""1""}]}}"
710,710,2023-03-01 08:55:18.0530435,44,Info,Microsoft-Windows-WindowsUpdateClient,System,4260,7932,DESKTOP-887GK2L,5,S-1-5-18,,,,,,,,,,,False,C:\Users\turan\Desktop\defense-work-evtx-files\System.evtx,0x8000000000002004,0,"{""EventData"":{""Data"":[{""@Name"":""updateTitle"",""#text"":""9NBLGGH3FRZM-Microsoft.VCLibs.140.00""},{""@Name"":""updateGuid"",""#text"":""d82f41c1-893a-4a90-ac94-8f83da52a274""},{""@Name"":""updateRevisionNumber"",""#text"":""1""}]}}"
711,711,2023-03-01 08:55:19.7750579,44,Info,Microsoft-Windows-WindowsUpdateClient,System,4260,7932,DESKTOP-887GK2L,5,S-1-5-18,,,,,,,,,,,False,C:\Users\turan\Desktop\defense-work-evtx-files\System.evtx,0x8000000000002004,0,"{""EventData"":{""Data"":[{""@Name"":""updateTitle"",""#text"":""9MW2LKJ0TPJF-Microsoft.NET.Native.Framework.2.2""},{""@Name"":""updateGuid"",""#text"":""2bfc90df-c5e5-4c06-b503-16647503bf6a""},{""@Name"":""updateRevisionNumber"",""#text"":""1""}]}}"
712,712,2023-03-01 08:55:19.7750594,44,Info,Microsoft-Windows-WindowsUpdateClient,System,4260,7932,DESKTOP-887GK2L,5,S-1-5-18,,,,,,,,,,,False,C:\Users\turan\Desktop\defense-work-evtx-files\System.evtx,0x8000000000002004,0,"{""EventData"":{""Data"":[{""@Name"":""updateTitle"",""#text"":""9MW2LKJ0TPJF-Microsoft.NET.Native.Framework.2.2""},{""@Name"":""updateGuid"",""#text"":""2bfc90df-c5e5-4c06-b503-16647503bf6a""},{""@Name"":""updateRevisionNumber"",""#text"":""1""}]}}"
713,713,2023-03-01 08:55:19.7750603,44,Info,Microsoft-Windows-WindowsUpdateClient,System,4260,7932,DESKTOP-887GK2L,5,S-1-5-18,,,,,,,,,,,False,C:\Users\turan\Desktop\defense-work-evtx-files\System.evtx,0x8000000000002004,0,"{""EventData"":{""Data"":[{""@Name"":""updateTitle"",""#text"":""9MW2LKJ0TPJF-Microsoft.NET.Native.Framework.2.2""},{""@Name"":""updateGuid"",""#text"":""2bfc90df-c5e5-4c06-b503-16647503bf6a""},{""@Name"":""updateRevisionNumber"",""#text"":""1""}]}}"
714,714,2023-03-01 08:55:19.7750609,44,Info,Microsoft-Windows-WindowsUpdateClient,System,4260,7932,DESKTOP-887GK2L,5,S-1-5-18,,,,,,,,,,,False,C:\Users\turan\Desktop\defense-work-evtx-files\System.evtx,0x8000000000002004,0,"{""EventData"":{""Data"":[{""@Name"":""updateTitle"",""#text"":""9NBLGGH3FRZM-Microsoft.VCLibs.140.00""},{""@Name"":""updateGuid"",""#text"":""d82f41c1-893a-4a90-ac94-8f83da52a274""},{""@Name"":""updateRevisionNumber"",""#text"":""1""}]}}"
715,715,2023-03-01 08:55:21.0264448,44,Info,Microsoft-Windows-WindowsUpdateClient,System,4260,7932,DESKTOP-887GK2L,5,S-1-5-18,,,,,,,,,,,False,C:\Users\turan\Desktop\defense-work-evtx-files\System.evtx,0x8000000000002004,0,"{""EventData"":{""Data"":[{""@Name"":""updateTitle"",""#text"":""9P5VK8KZB5QZ-Microsoft.UI.Xaml.2.7""},{""@Name"":""updateGuid"",""#text"":""6f84e08f-e2c0-417a-926a-e23dace58b7b""},{""@Name"":""updateRevisionNumber"",""#text"":""1""}]}}"
716,716,2023-03-01 08:55:21.0264460,44,Info,Microsoft-Windows-WindowsUpdateClient,System,4260,7932,DESKTOP-887GK2L,5,S-1-5-18,,,,,,,,,,,False,C:\Users\turan\Desktop\defense-work-evtx-files\System.evtx,0x8000000000002004,0,"{""EventData"":{""Data"":[{""@Name"":""updateTitle"",""#text"":""9P5VK8KZB5QZ-Microsoft.UI.Xaml.2.7""},{""@Name"":""updateGuid"",""#text"":""6f84e08f-e2c0-417a-926a-e23dace58b7b""},{""@Name"":""updateRevisionNumber"",""#text"":""1""}]}}"
717,717,2023-03-01 08:55:21.0264468,44,Info,Microsoft-Windows-WindowsUpdateClient,System,4260,7932,DESKTOP-887GK2L,5,S-1-5-18,,,,,,,,,,,False,C:\Users\turan\Desktop\defense-work-evtx-files\System.evtx,0x8000000000002004,0,"{""EventData"":{""Data"":[{""@Name"":""updateTitle"",""#text"":""9NBLGGH3FRZM-Microsoft.VCLibs.140.00""},{""@Name"":""updateGuid"",""#text"":""d82f41c1-893a-4a90-ac94-8f83da52a274""},{""@Name"":""updateRevisionNumber"",""#text"":""1""}]}}"
718,718,2023-03-01 08:55:23.6194626,44,Info,Microsoft-Windows-WindowsUpdateClient,System,4260,7932,DESKTOP-887GK2L,5,S-1-5-18,,,,,,,,,,,False,C:\Users\turan\Desktop\defense-work-evtx-files\System.evtx,0x8000000000002004,0,"{""EventData"":{""Data"":[{""@Name"":""updateTitle"",""#text"":""9NBLGGH3FRZM-Microsoft.VCLibs.140.00""},{""@Name"":""updateGuid"",""#text"":""d82f41c1-893a-4a90-ac94-8f83da52a274""},{""@Name"":""updateRevisionNumber"",""#text"":""1""}]}}"
719,719,2023-03-01 08:55:23.6194642,44,Info,Microsoft-Windows-WindowsUpdateClient,System,4260,7932,DESKTOP-887GK2L,5,S-1-5-18,,,,,,,,,,,False,C:\Users\turan\Desktop\defense-work-evtx-files\System.evtx,0x8000000000002004,0,"{""EventData"":{""Data"":[{""@Name"":""updateTitle"",""#text"":""9WZDNCRFJBH4-Microsoft.Windows.Photos""},{""@Name"":""updateGuid"",""#text"":""4c8851dc-5be1-4157-97f1-3f5b280e1953""},{""@Name"":""updateRevisionNumber"",""#text"":""1""}]}}"
720,720,2023-03-01 08:55:23.6194650,44,Info,Microsoft-Windows-WindowsUpdateClient,System,4260,7932,DESKTOP-887GK2L,5,S-1-5-18,,,,,,,,,,,False,C:\Users\turan\Desktop\defense-work-evtx-files\System.evtx,0x8000000000002004,0,"{""EventData"":{""Data"":[{""@Name"":""updateTitle"",""#text"":""9NBLGGH4RV3K-Microsoft.VCLibs.140.00.UWPDesktop""},{""@Name"":""updateGuid"",""#text"":""b34f488c-7eb5-489e-8d93-a30096b87664""},{""@Name"":""updateRevisionNumber"",""#text"":""1""}]}}"
721,721,2023-03-01 08:55:23.6194658,44,Info,Microsoft-Windows-WindowsUpdateClient,System,4260,7932,DESKTOP-887GK2L,5,S-1-5-18,,,,,,,,,,,False,C:\Users\turan\Desktop\defense-work-evtx-files\System.evtx,0x8000000000002004,0,"{""EventData"":{""Data"":[{""@Name"":""updateTitle"",""#text"":""9NBLGGH4RV3K-Microsoft.VCLibs.140.00.UWPDesktop""},{""@Name"":""updateGuid"",""#text"":""b34f488c-7eb5-489e-8d93-a30096b87664""},{""@Name"":""updateRevisionNumber"",""#text"":""1""}]}}"
722,722,2023-03-01 08:55:24.6379271,44,Info,Microsoft-Windows-WindowsUpdateClient,System,4260,7932,DESKTOP-887GK2L,5,S-1-5-18,,,,,,,,,,,False,C:\Users\turan\Desktop\defense-work-evtx-files\System.evtx,0x8000000000002004,0,"{""EventData"":{""Data"":[{""@Name"":""updateTitle"",""#text"":""9NBLGGH3FRZM-Microsoft.VCLibs.140.00""},{""@Name"":""updateGuid"",""#text"":""d82f41c1-893a-4a90-ac94-8f83da52a274""},{""@Name"":""updateRevisionNumber"",""#text"":""1""}]}}"
723,723,2023-03-01 08:55:24.6379282,44,Info,Microsoft-Windows-WindowsUpdateClient,System,4260,7932,DESKTOP-887GK2L,5,S-1-5-18,,,,,,,,,,,False,C:\Users\turan\Desktop\defense-work-evtx-files\System.evtx,0x8000000000002004,0,"{""EventData"":{""Data"":[{""@Name"":""updateTitle"",""#text"":""9WZDNCRFJBH4-Microsoft.Windows.Photos""},{""@Name"":""updateGuid"",""#text"":""4c8851dc-5be1-4157-97f1-3f5b280e1953""},{""@Name"":""updateRevisionNumber"",""#text"":""1""}]}}"
724,724,2023-03-01 08:55:25.5642522,44,Info,Microsoft-Windows-WindowsUpdateClient,System,4260,7932,DESKTOP-887GK2L,5,S-1-5-18,,,,,,,,,,,False,C:\Users\turan\Desktop\defense-work-evtx-files\System.evtx,0x8000000000002004,0,"{""EventData"":{""Data"":[{""@Name"":""updateTitle"",""#text"":""9NBLGGH4RV3K-Microsoft.VCLibs.140.00.UWPDesktop""},{""@Name"":""updateGuid"",""#text"":""b34f488c-7eb5-489e-8d93-a30096b87664""},{""@Name"":""updateRevisionNumber"",""#text"":""1""}]}}"
725,725,2023-03-01 08:55:25.5642545,44,Info,Microsoft-Windows-WindowsUpdateClient,System,4260,7932,DESKTOP-887GK2L,5,S-1-5-18,,,,,,,,,,,False,C:\Users\turan\Desktop\defense-work-evtx-files\System.evtx,0x8000000000002004,0,"{""EventData"":{""Data"":[{""@Name"":""updateTitle"",""#text"":""9NBLGGH4RV3K-Microsoft.VCLibs.140.00.UWPDesktop""},{""@Name"":""updateGuid"",""#text"":""b34f488c-7eb5-489e-8d93-a30096b87664""},{""@Name"":""updateRevisionNumber"",""#text"":""1""}]}}"
726,726,2023-03-01 08:55:25.5642551,44,Info,Microsoft-Windows-WindowsUpdateClient,System,4260,7932,DESKTOP-887GK2L,5,S-1-5-18,,,,,,,,,,,False,C:\Users\turan\Desktop\defense-work-evtx-files\System.evtx,0x8000000000002004,0,"{""EventData"":{""Data"":[{""@Name"":""updateTitle"",""#text"":""9NSTH9KHZDLQ-Microsoft.UI.Xaml.2.8""},{""@Name"":""updateGuid"",""#text"":""f6cb2f62-0f69-4a96-90ea-191d3606c320""},{""@Name"":""updateRevisionNumber"",""#text"":""1""}]}}"
727,727,2023-03-01 08:55:29.1655720,44,Info,Microsoft-Windows-WindowsUpdateClient,System,4260,7932,DESKTOP-887GK2L,5,S-1-5-18,,,,,,,,,,,False,C:\Users\turan\Desktop\defense-work-evtx-files\System.evtx,0x8000000000002004,0,"{""EventData"":{""Data"":[{""@Name"":""updateTitle"",""#text"":""9NSTH9KHZDLQ-Microsoft.UI.Xaml.2.8""},{""@Name"":""updateGuid"",""#text"":""f6cb2f62-0f69-4a96-90ea-191d3606c320""},{""@Name"":""updateRevisionNumber"",""#text"":""1""}]}}"
728,728,2023-03-01 08:55:29.1655832,44,Info,Microsoft-Windows-WindowsUpdateClient,System,4260,7932,DESKTOP-887GK2L,5,S-1-5-18,,,,,,,,,,,False,C:\Users\turan\Desktop\defense-work-evtx-files\System.evtx,0x8000000000002004,0,"{""EventData"":{""Data"":[{""@Name"":""updateTitle"",""#text"":""9NSTH9KHZDLQ-Microsoft.UI.Xaml.2.8""},{""@Name"":""updateGuid"",""#text"":""f6cb2f62-0f69-4a96-90ea-191d3606c320""},{""@Name"":""updateRevisionNumber"",""#text"":""1""}]}}"
729,729,2023-03-01 08:55:29.1655847,44,Info,Microsoft-Windows-WindowsUpdateClient,System,4260,7932,DESKTOP-887GK2L,5,S-1-5-18,,,,,,,,,,,False,C:\Users\turan\Desktop\defense-work-evtx-files\System.evtx,0x8000000000002004,0,"{""EventData"":{""Data"":[{""@Name"":""updateTitle"",""#text"":""9WZDNCRFHVN5-MICROSOFT.WINDOWSCALCULATOR""},{""@Name"":""updateGuid"",""#text"":""e0294b84-a021-4262-847a-fe4e197f8b99""},{""@Name"":""updateRevisionNumber"",""#text"":""1""}]}}"
730,730,2023-03-01 08:55:32.2188148,44,Info,Microsoft-Windows-WindowsUpdateClient,System,4260,7932,DESKTOP-887GK2L,5,S-1-5-18,,,,,,,,,,,False,C:\Users\turan\Desktop\defense-work-evtx-files\System.evtx,0x8000000000002004,0,"{""EventData"":{""Data"":[{""@Name"":""updateTitle"",""#text"":""9NSTH9KHZDLQ-Microsoft.UI.Xaml.2.8""},{""@Name"":""updateGuid"",""#text"":""f6cb2f62-0f69-4a96-90ea-191d3606c320""},{""@Name"":""updateRevisionNumber"",""#text"":""1""}]}}"
731,731,2023-03-01 08:55:32.2188163,44,Info,Microsoft-Windows-WindowsUpdateClient,System,4260,7932,DESKTOP-887GK2L,5,S-1-5-18,,,,,,,,,,,False,C:\Users\turan\Desktop\defense-work-evtx-files\System.evtx,0x8000000000002004,0,"{""EventData"":{""Data"":[{""@Name"":""updateTitle"",""#text"":""9WZDNCRFHVN5-MICROSOFT.WINDOWSCALCULATOR""},{""@Name"":""updateGuid"",""#text"":""e0294b84-a021-4262-847a-fe4e197f8b99""},{""@Name"":""updateRevisionNumber"",""#text"":""1""}]}}"
732,732,2023-03-01 08:55:32.2188172,44,Info,Microsoft-Windows-WindowsUpdateClient,System,4260,7932,DESKTOP-887GK2L,5,S-1-5-18,,,,,,,,,,,False,C:\Users\turan\Desktop\defense-work-evtx-files\System.evtx,0x8000000000002004,0,"{""EventData"":{""Data"":[{""@Name"":""updateTitle"",""#text"":""9WZDNCRFJ3PR-MICROSOFT.WINDOWSALARMS""},{""@Name"":""updateGuid"",""#text"":""e02f0803-9b53-4987-8a89-4deb67ee3d61""},{""@Name"":""updateRevisionNumber"",""#text"":""1""}]}}"
733,733,2023-03-01 08:55:49.8566729,16,Info,Microsoft-Windows-Kernel-General,System,9276,8096,DESKTOP-887GK2L,5,S-1-5-18,,,,,,,,,,,False,C:\Users\turan\Desktop\defense-work-evtx-files\System.evtx,Classic,0,"{""EventData"":{""Data"":[{""@Name"":""HiveNameLength"",""#text"":""134""},{""@Name"":""HiveName"",""#text"":""\\??\\C:\\ProgramData\\Microsoft\\Windows\\AppRepository\\Packages\\Microsoft.WindowsAlarms_11.2212.2.0_x64__8wekyb3d8bbwe\\ActivationStore.dat""},{""@Name"":""KeysUpdated"",""#text"":""0""},{""@Name"":""DirtyPages"",""#text"":""0""}]}}"
734,734,2023-03-01 08:55:49.9574522,16,Info,Microsoft-Windows-Kernel-General,System,9276,9500,DESKTOP-887GK2L,5,S-1-5-18,,,,,,,,,,,False,C:\Users\turan\Desktop\defense-work-evtx-files\System.evtx,Classic,0,"{""EventData"":{""Data"":[{""@Name"":""HiveNameLength"",""#text"":""138""},{""@Name"":""HiveName"",""#text"":""\\??\\C:\\ProgramData\\Microsoft\\Windows\\AppRepository\\Packages\\Microsoft.WindowsCalculator_11.2210.0.0_x64__8wekyb3d8bbwe\\ActivationStore.dat""},{""@Name"":""KeysUpdated"",""#text"":""0""},{""@Name"":""DirtyPages"",""#text"":""0""}]}}"
735,735,2023-03-01 08:55:51.1080816,43,Info,Microsoft-Windows-WindowsUpdateClient,System,4260,3376,DESKTOP-887GK2L,5,S-1-5-18,,,,,,,,,,,False,C:\Users\turan\Desktop\defense-work-evtx-files\System.evtx,0x8000000000002008,0,"{""EventData"":{""Data"":[{""@Name"":""updateTitle"",""#text"":""9WZDNCRFHVN5-MICROSOFT.WINDOWSCALCULATOR""},{""@Name"":""updateGuid"",""#text"":""e0294b84-a021-4262-847a-fe4e197f8b99""},{""@Name"":""updateRevisionNumber"",""#text"":""1""}]}}"
736,736,2023-03-01 08:55:51.2322478,16,Info,Microsoft-Windows-Kernel-General,System,9276,9500,DESKTOP-887GK2L,5,S-1-5-21-3393683511-3463148672-371912004-1001,,,,,,,,,,,False,C:\Users\turan\Desktop\defense-work-evtx-files\System.evtx,Classic,0,"{""EventData"":{""Data"":[{""@Name"":""HiveNameLength"",""#text"":""111""},{""@Name"":""HiveName"",""#text"":""\\??\\C:\\Users\\CyberJunkie\\AppData\\Local\\Packages\\Microsoft.WindowsCalculator_8wekyb3d8bbwe\\Settings\\settings.dat""},{""@Name"":""KeysUpdated"",""#text"":""3""},{""@Name"":""DirtyPages"",""#text"":""1""}]}}"
737,737,2023-03-01 08:55:51.4231638,19,Info,Microsoft-Windows-WindowsUpdateClient,System,4260,3376,DESKTOP-887GK2L,5,S-1-5-18,,,,,,,,,,,False,C:\Users\turan\Desktop\defense-work-evtx-files\System.evtx,Installation,0,"{""EventData"":{""Data"":[{""@Name"":""updateTitle"",""#text"":""9WZDNCRFHVN5-MICROSOFT.WINDOWSCALCULATOR""},{""@Name"":""updateGuid"",""#text"":""e0294b84-a021-4262-847a-fe4e197f8b99""},{""@Name"":""updateRevisionNumber"",""#text"":""1""},{""@Name"":""serviceGuid"",""#text"":""855e8a7c-ecb4-4ca3-b045-1dfa50104289""}]}}"
738,738,2023-03-01 08:55:51.6324693,43,Info,Microsoft-Windows-WindowsUpdateClient,System,4260,6512,DESKTOP-887GK2L,5,S-1-5-18,,,,,,,,,,,False,C:\Users\turan\Desktop\defense-work-evtx-files\System.evtx,0x8000000000002008,0,"{""EventData"":{""Data"":[{""@Name"":""updateTitle"",""#text"":""9WZDNCRFJ3PR-MICROSOFT.WINDOWSALARMS""},{""@Name"":""updateGuid"",""#text"":""e02f0803-9b53-4987-8a89-4deb67ee3d61""},{""@Name"":""updateRevisionNumber"",""#text"":""1""}]}}"
739,739,2023-03-01 08:55:51.7335244,16,Info,Microsoft-Windows-Kernel-General,System,9276,9500,DESKTOP-887GK2L,5,S-1-5-21-3393683511-3463148672-371912004-1001,,,,,,,,,,,False,C:\Users\turan\Desktop\defense-work-evtx-files\System.evtx,Classic,0,"{""EventData"":{""Data"":[{""@Name"":""HiveNameLength"",""#text"":""107""},{""@Name"":""HiveName"",""#text"":""\\??\\C:\\Users\\CyberJunkie\\AppData\\Local\\Packages\\Microsoft.WindowsAlarms_8wekyb3d8bbwe\\Settings\\settings.dat""},{""@Name"":""KeysUpdated"",""#text"":""7""},{""@Name"":""DirtyPages"",""#text"":""1""}]}}"
740,740,2023-03-01 08:55:51.9864702,19,Info,Microsoft-Windows-WindowsUpdateClient,System,4260,6512,DESKTOP-887GK2L,5,S-1-5-18,,,,,,,,,,,False,C:\Users\turan\Desktop\defense-work-evtx-files\System.evtx,Installation,0,"{""EventData"":{""Data"":[{""@Name"":""updateTitle"",""#text"":""9WZDNCRFJ3PR-MICROSOFT.WINDOWSALARMS""},{""@Name"":""updateGuid"",""#text"":""e02f0803-9b53-4987-8a89-4deb67ee3d61""},{""@Name"":""updateRevisionNumber"",""#text"":""1""},{""@Name"":""serviceGuid"",""#text"":""855e8a7c-ecb4-4ca3-b045-1dfa50104289""}]}}"
741,741,2023-03-01 08:56:37.9757808,16,Info,Microsoft-Windows-Kernel-General,System,9276,7240,DESKTOP-887GK2L,5,S-1-5-18,,,,,,,,,,,False,C:\Users\turan\Desktop\defense-work-evtx-files\System.evtx,Classic,0,"{""EventData"":{""Data"":[{""@Name"":""HiveNameLength"",""#text"":""142""},{""@Name"":""HiveName"",""#text"":""\\??\\C:\\ProgramData\\Microsoft\\Windows\\AppRepository\\Packages\\Microsoft.Windows.Photos_2022.30120.12007.0_x64__8wekyb3d8bbwe\\ActivationStore.dat""},{""@Name"":""KeysUpdated"",""#text"":""0""},{""@Name"":""DirtyPages"",""#text"":""0""}]}}"
742,742,2023-03-01 08:56:39.3636984,43,Info,Microsoft-Windows-WindowsUpdateClient,System,4260,10064,DESKTOP-887GK2L,5,S-1-5-18,,,,,,,,,,,False,C:\Users\turan\Desktop\defense-work-evtx-files\System.evtx,0x8000000000002008,0,"{""EventData"":{""Data"":[{""@Name"":""updateTitle"",""#text"":""9WZDNCRFJBH4-Microsoft.Windows.Photos""},{""@Name"":""updateGuid"",""#text"":""4c8851dc-5be1-4157-97f1-3f5b280e1953""},{""@Name"":""updateRevisionNumber"",""#text"":""1""}]}}"
743,743,2023-03-01 08:56:40.0218552,19,Info,Microsoft-Windows-WindowsUpdateClient,System,4260,10064,DESKTOP-887GK2L,5,S-1-5-18,,,,,,,,,,,False,C:\Users\turan\Desktop\defense-work-evtx-files\System.evtx,Installation,0,"{""EventData"":{""Data"":[{""@Name"":""updateTitle"",""#text"":""9WZDNCRFJBH4-Microsoft.Windows.Photos""},{""@Name"":""updateGuid"",""#text"":""4c8851dc-5be1-4157-97f1-3f5b280e1953""},{""@Name"":""updateRevisionNumber"",""#text"":""1""},{""@Name"":""serviceGuid"",""#text"":""855e8a7c-ecb4-4ca3-b045-1dfa50104289""}]}}"
744,744,2023-03-01 09:11:04.2017488,1014,Warning,Microsoft-Windows-DNS-Client,System,2312,6572,DESKTOP-887GK2L,5,S-1-5-20,,,,,,,,,,,False,C:\Users\turan\Desktop\defense-work-evtx-files\System.evtx,0x4000000010000000,0,"{""EventData"":{""Data"":[{""@Name"":""QueryName"",""#text"":""wpad""},{""@Name"":""AddressLength"",""#text"":""128""},{""@Name"":""Address"",""#text"":""02-00-00-00-C0-A8-E6-02-00-00-00-00-00-00-00-00-00-00-00-00-00-00-00-00-00-00-00-00-00-00-00-00-00-00-00-00-00-00-00-00-00-00-00-00-00-00-00-00-00-00-00-00-00-00-00-00-00-00-00-00-00-00-00-00-00-00-00-00-00-00-00-00-00-00-00-00-00-00-00-00-00-00-00-00-00-00-00-00-00-00-00-00-00-00-00-00-00-00-00-00-00-00-00-00-00-00-00-00-00-00-00-00-00-00-00-00-00-00-00-00-00-00-00-00-00-00-00-00""}]}}"
745,745,2023-03-01 09:21:11.2435244,1014,Warning,Microsoft-Windows-DNS-Client,System,2312,6572,DESKTOP-887GK2L,5,S-1-5-20,,,,,,,,,,,False,C:\Users\turan\Desktop\defense-work-evtx-files\System.evtx,0x4000000010000000,0,"{""EventData"":{""Data"":[{""@Name"":""QueryName"",""#text"":""wpad""},{""@Name"":""AddressLength"",""#text"":""128""},{""@Name"":""Address"",""#text"":""02-00-00-00-C0-A8-E6-02-00-00-00-00-00-00-00-00-00-00-00-00-00-00-00-00-00-00-00-00-00-00-00-00-00-00-00-00-00-00-00-00-00-00-00-00-00-00-00-00-00-00-00-00-00-00-00-00-00-00-00-00-00-00-00-00-00-00-00-00-00-00-00-00-00-00-00-00-00-00-00-00-00-00-00-00-00-00-00-00-00-00-00-00-00-00-00-00-00-00-00-00-00-00-00-00-00-00-00-00-00-00-00-00-00-00-00-00-00-00-00-00-00-00-00-00-00-00-00-00""}]}}"
746,746,2023-03-01 09:26:30.7663565,44,Info,Microsoft-Windows-WindowsUpdateClient,System,5956,2076,DESKTOP-887GK2L,5,S-1-5-18,,,,,,,,,,,False,C:\Users\turan\Desktop\defense-work-evtx-files\System.evtx,0x8000000000002004,0,"{""EventData"":{""Data"":[{""@Name"":""updateTitle"",""#text"":""9PLL735RFDSM-Microsoft.NET.Native.Runtime.2.2""},{""@Name"":""updateGuid"",""#text"":""78d00b8d-c973-4e6d-bab8-6d829f76fb3d""},{""@Name"":""updateRevisionNumber"",""#text"":""1""}]}}"
747,747,2023-03-01 09:26:30.7663590,44,Info,Microsoft-Windows-WindowsUpdateClient,System,5956,2076,DESKTOP-887GK2L,5,S-1-5-18,,,,,,,,,,,False,C:\Users\turan\Desktop\defense-work-evtx-files\System.evtx,0x8000000000002004,0,"{""EventData"":{""Data"":[{""@Name"":""updateTitle"",""#text"":""9PLL735RFDSM-Microsoft.NET.Native.Runtime.2.2""},{""@Name"":""updateGuid"",""#text"":""78d00b8d-c973-4e6d-bab8-6d829f76fb3d""},{""@Name"":""updateRevisionNumber"",""#text"":""1""}]}}"
748,748,2023-03-01 09:26:30.7663599,44,Info,Microsoft-Windows-WindowsUpdateClient,System,5956,2076,DESKTOP-887GK2L,5,S-1-5-18,,,,,,,,,,,False,C:\Users\turan\Desktop\defense-work-evtx-files\System.evtx,0x8000000000002004,0,"{""EventData"":{""Data"":[{""@Name"":""updateTitle"",""#text"":""9MW2LKJ0TPJF-Microsoft.NET.Native.Framework.2.2""},{""@Name"":""updateGuid"",""#text"":""2bfc90df-c5e5-4c06-b503-16647503bf6a""},{""@Name"":""updateRevisionNumber"",""#text"":""1""}]}}"
749,749,2023-03-01 09:26:32.8647554,44,Info,Microsoft-Windows-WindowsUpdateClient,System,5956,2076,DESKTOP-887GK2L,5,S-1-5-18,,,,,,,,,,,False,C:\Users\turan\Desktop\defense-work-evtx-files\System.evtx,0x8000000000002004,0,"{""EventData"":{""Data"":[{""@Name"":""updateTitle"",""#text"":""9PLL735RFDSM-Microsoft.NET.Native.Runtime.2.2""},{""@Name"":""updateGuid"",""#text"":""78d00b8d-c973-4e6d-bab8-6d829f76fb3d""},{""@Name"":""updateRevisionNumber"",""#text"":""1""}]}}"
750,750,2023-03-01 09:26:32.8647567,44,Info,Microsoft-Windows-WindowsUpdateClient,System,5956,2076,DESKTOP-887GK2L,5,S-1-5-18,,,,,,,,,,,False,C:\Users\turan\Desktop\defense-work-evtx-files\System.evtx,0x8000000000002004,0,"{""EventData"":{""Data"":[{""@Name"":""updateTitle"",""#text"":""9MW2LKJ0TPJF-Microsoft.NET.Native.Framework.2.2""},{""@Name"":""updateGuid"",""#text"":""2bfc90df-c5e5-4c06-b503-16647503bf6a""},{""@Name"":""updateRevisionNumber"",""#text"":""1""}]}}"
751,751,2023-03-01 09:26:32.8647577,44,Info,Microsoft-Windows-WindowsUpdateClient,System,5956,2076,DESKTOP-887GK2L,5,S-1-5-18,,,,,,,,,,,False,C:\Users\turan\Desktop\defense-work-evtx-files\System.evtx,0x8000000000002004,0,"{""EventData"":{""Data"":[{""@Name"":""updateTitle"",""#text"":""9PLL735RFDSM-Microsoft.NET.Native.Runtime.2.2""},{""@Name"":""updateGuid"",""#text"":""78d00b8d-c973-4e6d-bab8-6d829f76fb3d""},{""@Name"":""updateRevisionNumber"",""#text"":""1""}]}}"
752,752,2023-03-01 09:26:32.8647584,44,Info,Microsoft-Windows-WindowsUpdateClient,System,5956,2076,DESKTOP-887GK2L,5,S-1-5-18,,,,,,,,,,,False,C:\Users\turan\Desktop\defense-work-evtx-files\System.evtx,0x8000000000002004,0,"{""EventData"":{""Data"":[{""@Name"":""updateTitle"",""#text"":""9PLL735RFDSM-Microsoft.NET.Native.Runtime.2.2""},{""@Name"":""updateGuid"",""#text"":""78d00b8d-c973-4e6d-bab8-6d829f76fb3d""},{""@Name"":""updateRevisionNumber"",""#text"":""1""}]}}"
753,753,2023-03-01 09:26:34.3920154,44,Info,Microsoft-Windows-WindowsUpdateClient,System,5956,2076,DESKTOP-887GK2L,5,S-1-5-18,,,,,,,,,,,False,C:\Users\turan\Desktop\defense-work-evtx-files\System.evtx,0x8000000000002004,0,"{""EventData"":{""Data"":[{""@Name"":""updateTitle"",""#text"":""9MW2LKJ0TPJF-Microsoft.NET.Native.Framework.2.2""},{""@Name"":""updateGuid"",""#text"":""2bfc90df-c5e5-4c06-b503-16647503bf6a""},{""@Name"":""updateRevisionNumber"",""#text"":""1""}]}}"
754,754,2023-03-01 09:26:34.3920169,44,Info,Microsoft-Windows-WindowsUpdateClient,System,5956,2076,DESKTOP-887GK2L,5,S-1-5-18,,,,,,,,,,,False,C:\Users\turan\Desktop\defense-work-evtx-files\System.evtx,0x8000000000002004,0,"{""EventData"":{""Data"":[{""@Name"":""updateTitle"",""#text"":""9NBLGGH3FRZM-Microsoft.VCLibs.140.00""},{""@Name"":""updateGuid"",""#text"":""d82f41c1-893a-4a90-ac94-8f83da52a274""},{""@Name"":""updateRevisionNumber"",""#text"":""1""}]}}"
755,755,2023-03-01 09:26:34.3920180,44,Info,Microsoft-Windows-WindowsUpdateClient,System,5956,2076,DESKTOP-887GK2L,5,S-1-5-18,,,,,,,,,,,False,C:\Users\turan\Desktop\defense-work-evtx-files\System.evtx,0x8000000000002004,0,"{""EventData"":{""Data"":[{""@Name"":""updateTitle"",""#text"":""9MW2LKJ0TPJF-Microsoft.NET.Native.Framework.2.2""},{""@Name"":""updateGuid"",""#text"":""2bfc90df-c5e5-4c06-b503-16647503bf6a""},{""@Name"":""updateRevisionNumber"",""#text"":""1""}]}}"
756,756,2023-03-01 09:26:35.5969629,44,Info,Microsoft-Windows-WindowsUpdateClient,System,5956,2076,DESKTOP-887GK2L,5,S-1-5-18,,,,,,,,,,,False,C:\Users\turan\Desktop\defense-work-evtx-files\System.evtx,0x8000000000002004,0,"{""EventData"":{""Data"":[{""@Name"":""updateTitle"",""#text"":""9NBLGGH3FRZM-Microsoft.VCLibs.140.00""},{""@Name"":""updateGuid"",""#text"":""d82f41c1-893a-4a90-ac94-8f83da52a274""},{""@Name"":""updateRevisionNumber"",""#text"":""1""}]}}"
757,757,2023-03-01 09:26:35.5969642,44,Info,Microsoft-Windows-WindowsUpdateClient,System,5956,2076,DESKTOP-887GK2L,5,S-1-5-18,,,,,,,,,,,False,C:\Users\turan\Desktop\defense-work-evtx-files\System.evtx,0x8000000000002004,0,"{""EventData"":{""Data"":[{""@Name"":""updateTitle"",""#text"":""9MW2LKJ0TPJF-Microsoft.NET.Native.Framework.2.2""},{""@Name"":""updateGuid"",""#text"":""2bfc90df-c5e5-4c06-b503-16647503bf6a""},{""@Name"":""updateRevisionNumber"",""#text"":""1""}]}}"
758,758,2023-03-01 09:26:37.3903784,44,Info,Microsoft-Windows-WindowsUpdateClient,System,5956,2076,DESKTOP-887GK2L,5,S-1-5-18,,,,,,,,,,,False,C:\Users\turan\Desktop\defense-work-evtx-files\System.evtx,0x8000000000002004,392,"{""EventData"":{""Data"":[{""@Name"":""updateTitle"",""#text"":""9NBLGGH3FRZM-Microsoft.VCLibs.140.00""},{""@Name"":""updateGuid"",""#text"":""d82f41c1-893a-4a90-ac94-8f83da52a274""},{""@Name"":""updateRevisionNumber"",""#text"":""1""}]}}"
759,759,2023-03-01 09:26:37.3903802,44,Info,Microsoft-Windows-WindowsUpdateClient,System,5956,2076,DESKTOP-887GK2L,5,S-1-5-18,,,,,,,,,,,False,C:\Users\turan\Desktop\defense-work-evtx-files\System.evtx,0x8000000000002004,0,"{""EventData"":{""Data"":[{""@Name"":""updateTitle"",""#text"":""9P5VK8KZB5QZ-Microsoft.UI.Xaml.2.7""},{""@Name"":""updateGuid"",""#text"":""6f84e08f-e2c0-417a-926a-e23dace58b7b""},{""@Name"":""updateRevisionNumber"",""#text"":""1""}]}}"
760,760,2023-03-01 09:26:37.3903814,44,Info,Microsoft-Windows-WindowsUpdateClient,System,5956,2076,DESKTOP-887GK2L,5,S-1-5-18,,,,,,,,,,,False,C:\Users\turan\Desktop\defense-work-evtx-files\System.evtx,0x8000000000002004,0,"{""EventData"":{""Data"":[{""@Name"":""updateTitle"",""#text"":""9P5VK8KZB5QZ-Microsoft.UI.Xaml.2.7""},{""@Name"":""updateGuid"",""#text"":""6f84e08f-e2c0-417a-926a-e23dace58b7b""},{""@Name"":""updateRevisionNumber"",""#text"":""1""}]}}"
761,761,2023-03-01 09:26:37.3903824,44,Info,Microsoft-Windows-WindowsUpdateClient,System,5956,2076,DESKTOP-887GK2L,5,S-1-5-18,,,,,,,,,,,False,C:\Users\turan\Desktop\defense-work-evtx-files\System.evtx,0x8000000000002004,0,"{""EventData"":{""Data"":[{""@Name"":""updateTitle"",""#text"":""9MW2LKJ0TPJF-Microsoft.NET.Native.Framework.2.2""},{""@Name"":""updateGuid"",""#text"":""2bfc90df-c5e5-4c06-b503-16647503bf6a""},{""@Name"":""updateRevisionNumber"",""#text"":""1""}]}}"
762,762,2023-03-01 09:26:37.3903834,44,Info,Microsoft-Windows-WindowsUpdateClient,System,5956,2076,DESKTOP-887GK2L,5,S-1-5-18,,,,,,,,,,,False,C:\Users\turan\Desktop\defense-work-evtx-files\System.evtx,0x8000000000002004,0,"{""EventData"":{""Data"":[{""@Name"":""updateTitle"",""#text"":""9NBLGGH3FRZM-Microsoft.VCLibs.140.00""},{""@Name"":""updateGuid"",""#text"":""d82f41c1-893a-4a90-ac94-8f83da52a274""},{""@Name"":""updateRevisionNumber"",""#text"":""1""}]}}"
763,763,2023-03-01 09:26:39.0787984,44,Info,Microsoft-Windows-WindowsUpdateClient,System,5956,2076,DESKTOP-887GK2L,5,S-1-5-18,,,,,,,,,,,False,C:\Users\turan\Desktop\defense-work-evtx-files\System.evtx,0x8000000000002004,0,"{""EventData"":{""Data"":[{""@Name"":""updateTitle"",""#text"":""9WZDNCRFHWD2-Microsoft.MicrosoftSolitaireCollection""},{""@Name"":""updateGuid"",""#text"":""7fad875e-6b2b-45bc-acf2-a6ea022c5ae1""},{""@Name"":""updateRevisionNumber"",""#text"":""1""}]}}"
764,764,2023-03-01 09:26:39.0787993,44,Info,Microsoft-Windows-WindowsUpdateClient,System,5956,2076,DESKTOP-887GK2L,5,S-1-5-18,,,,,,,,,,,False,C:\Users\turan\Desktop\defense-work-evtx-files\System.evtx,0x8000000000002004,0,"{""EventData"":{""Data"":[{""@Name"":""updateTitle"",""#text"":""9WZDNCRFHWD2-Microsoft.MicrosoftSolitaireCollection""},{""@Name"":""updateGuid"",""#text"":""7fad875e-6b2b-45bc-acf2-a6ea022c5ae1""},{""@Name"":""updateRevisionNumber"",""#text"":""1""}]}}"
765,765,2023-03-01 09:26:39.0787999,44,Info,Microsoft-Windows-WindowsUpdateClient,System,5956,2076,DESKTOP-887GK2L,5,S-1-5-18,,,,,,,,,,,False,C:\Users\turan\Desktop\defense-work-evtx-files\System.evtx,0x8000000000002004,0,"{""EventData"":{""Data"":[{""@Name"":""updateTitle"",""#text"":""9NBLGGH3FRZM-Microsoft.VCLibs.140.00""},{""@Name"":""updateGuid"",""#text"":""d82f41c1-893a-4a90-ac94-8f83da52a274""},{""@Name"":""updateRevisionNumber"",""#text"":""1""}]}}"
766,766,2023-03-01 09:26:40.9590739,44,Info,Microsoft-Windows-WindowsUpdateClient,System,5956,2076,DESKTOP-887GK2L,5,S-1-5-18,,,,,,,,,,,False,C:\Users\turan\Desktop\defense-work-evtx-files\System.evtx,0x8000000000002004,0,"{""EventData"":{""Data"":[{""@Name"":""updateTitle"",""#text"":""9WZDNCRFHWD2-Microsoft.MicrosoftSolitaireCollection""},{""@Name"":""updateGuid"",""#text"":""7fad875e-6b2b-45bc-acf2-a6ea022c5ae1""},{""@Name"":""updateRevisionNumber"",""#text"":""1""}]}}"
767,767,2023-03-01 09:26:40.9590751,44,Info,Microsoft-Windows-WindowsUpdateClient,System,5956,2076,DESKTOP-887GK2L,5,S-1-5-18,,,,,,,,,,,False,C:\Users\turan\Desktop\defense-work-evtx-files\System.evtx,0x8000000000002004,0,"{""EventData"":{""Data"":[{""@Name"":""updateTitle"",""#text"":""9NBLGGH3FRZM-Microsoft.VCLibs.140.00""},{""@Name"":""updateGuid"",""#text"":""d82f41c1-893a-4a90-ac94-8f83da52a274""},{""@Name"":""updateRevisionNumber"",""#text"":""1""}]}}"
768,768,2023-03-01 09:26:40.9590759,44,Info,Microsoft-Windows-WindowsUpdateClient,System,5956,2076,DESKTOP-887GK2L,5,S-1-5-18,,,,,,,,,,,False,C:\Users\turan\Desktop\defense-work-evtx-files\System.evtx,0x8000000000002004,0,"{""EventData"":{""Data"":[{""@Name"":""updateTitle"",""#text"":""9WZDNCRFJBMP-MICROSOFT.WINDOWSSTORE""},{""@Name"":""updateGuid"",""#text"":""7219d9e5-1e18-4c94-978c-83a491608f9b""},{""@Name"":""updateRevisionNumber"",""#text"":""1""}]}}"
769,769,2023-03-01 09:26:43.2446327,44,Info,Microsoft-Windows-WindowsUpdateClient,System,5956,2076,DESKTOP-887GK2L,5,S-1-5-18,,,,,,,,,,,False,C:\Users\turan\Desktop\defense-work-evtx-files\System.evtx,0x8000000000002004,0,"{""EventData"":{""Data"":[{""@Name"":""updateTitle"",""#text"":""9NBLGGH4RV3K-Microsoft.VCLibs.140.00.UWPDesktop""},{""@Name"":""updateGuid"",""#text"":""b34f488c-7eb5-489e-8d93-a30096b87664""},{""@Name"":""updateRevisionNumber"",""#text"":""1""}]}}"
770,770,2023-03-01 09:26:43.2446334,44,Info,Microsoft-Windows-WindowsUpdateClient,System,5956,2076,DESKTOP-887GK2L,5,S-1-5-18,,,,,,,,,,,False,C:\Users\turan\Desktop\defense-work-evtx-files\System.evtx,0x8000000000002004,0,"{""EventData"":{""Data"":[{""@Name"":""updateTitle"",""#text"":""9NBLGGH4RV3K-Microsoft.VCLibs.140.00.UWPDesktop""},{""@Name"":""updateGuid"",""#text"":""b34f488c-7eb5-489e-8d93-a30096b87664""},{""@Name"":""updateRevisionNumber"",""#text"":""1""}]}}"
771,771,2023-03-01 09:26:47.7748032,44,Info,Microsoft-Windows-WindowsUpdateClient,System,5956,2076,DESKTOP-887GK2L,5,S-1-5-18,,,,,,,,,,,False,C:\Users\turan\Desktop\defense-work-evtx-files\System.evtx,0x8000000000002004,0,"{""EventData"":{""Data"":[{""@Name"":""updateTitle"",""#text"":""9NSTH9KHZDLQ-Microsoft.UI.Xaml.2.8""},{""@Name"":""updateGuid"",""#text"":""f6cb2f62-0f69-4a96-90ea-191d3606c320""},{""@Name"":""updateRevisionNumber"",""#text"":""1""}]}}"
