1439,1439,2023-03-22 08:21:28.6329810,20,Info,Microsoft-Windows-Kernel-General,System,4,8,DESKTOP-887GK2L,12,S-1-5-18,,,,,,,,,,,False,C:\Users\turan\Desktop\defense-work-evtx-files\System.evtx,Time,0,"{""EventData"":{""Data"":[{""@Name"":""UpdateReason"",""#text"":""0""},{""@Name"":""EnabledNew"",""#text"":""True""},{""@Name"":""CountNew"",""#text"":""0""},{""@Name"":""CountOld"",""#text"":""0""}]}}"
1440,1440,2023-03-22 08:21:28.7580739,16,Info,Microsoft-Windows-HAL,System,4,8,DESKTOP-887GK2L,12,S-1-5-18,,,,,,,,,,,False,C:\Users\turan\Desktop\defense-work-evtx-files\System.evtx,Classic,0,"{""EventData"":""""}"
1441,1441,2023-03-22 08:21:30.7228386,3,Info,vmci,System,4,276,DESKTOP-887GK2L,12,,,,,,,,,,,,False,C:\Users\turan\Desktop\defense-work-evtx-files\System.evtx,0x80000000000000,0,"{""EventData"":{""Data"":""VMCI: Using capabilities (0x1c).\n"",""Binary"":""00-00-00-00-02-00-28-00-00-00-00-00-03-00-08-40-03-00-08-40-00-00-00-00-00-00-00-00-00-00-00-00-00-00-00-00-00-00-00-00""}}"
1442,1442,2023-03-22 08:21:32.6917531,6,Info,Microsoft-Windows-FilterManager,System,4,8,DESKTOP-887GK2L,12,S-1-5-18,,,,,,,,,,,False,C:\Users\turan\Desktop\defense-work-evtx-files\System.evtx,Classic,0,"{""EventData"":{""Data"":[{""@Name"":""FinalStatus"",""#text"":""0x0""},{""@Name"":""DeviceVersionMajor"",""#text"":""10""},{""@Name"":""DeviceVersionMinor"",""#text"":""0""},{""@Name"":""DeviceNameLength"",""#text"":""8""},{""@Name"":""DeviceName"",""#text"":""FileInfo""},{""@Name"":""DeviceTime"",""#text"":""2062-12-22 22:21:06.0000000""}]}}"
1443,1443,2023-03-22 08:21:32.6924320,6,Info,Microsoft-Windows-FilterManager,System,4,8,DESKTOP-887GK2L,12,S-1-5-18,,,,,,,,,,,False,C:\Users\turan\Desktop\defense-work-evtx-files\System.evtx,Classic,0,"{""EventData"":{""Data"":[{""@Name"":""FinalStatus"",""#text"":""0x0""},{""@Name"":""DeviceVersionMajor"",""#text"":""10""},{""@Name"":""DeviceVersionMinor"",""#text"":""0""},{""@Name"":""DeviceNameLength"",""#text"":""3""},{""@Name"":""DeviceName"",""#text"":""Wof""},{""@Name"":""DeviceTime"",""#text"":""2023-04-22 19:17:53.0000000""}]}}"
1444,1444,2023-03-22 08:21:32.6936695,6,Info,Microsoft-Windows-FilterManager,System,4,8,DESKTOP-887GK2L,12,S-1-5-18,,,,,,,,,,,False,C:\Users\turan\Desktop\defense-work-evtx-files\System.evtx,Classic,0,"{""EventData"":{""Data"":[{""@Name"":""FinalStatus"",""#text"":""0x0""},{""@Name"":""DeviceVersionMajor"",""#text"":""10""},{""@Name"":""DeviceVersionMinor"",""#text"":""0""},{""@Name"":""DeviceNameLength"",""#text"":""8""},{""@Name"":""DeviceName"",""#text"":""WdFilter""},{""@Name"":""DeviceTime"",""#text"":""2101-02-28 04:30:25.0000000""}]}}"
1445,1445,2023-03-22 08:21:32.7507203,98,Info,Microsoft-Windows-Ntfs,System,4,364,DESKTOP-887GK2L,12,S-1-5-18,,,,,,,,,,,False,C:\Users\turan\Desktop\defense-work-evtx-files\System.evtx,0x8000000000000002,0,"{""EventData"":{""Data"":[{""@Name"":""DriveName"",""#text"":""C:""},{""@Name"":""DeviceName"",""#text"":""\\Device\\HarddiskVolume3""},{""@Name"":""CorruptionActionState"",""#text"":""0""}]}}"
1446,1446,2023-03-22 08:21:32.8063307,6,Info,Microsoft-Windows-FilterManager,System,4,8,DESKTOP-887GK2L,12,S-1-5-18,,,,,,,,,,,False,C:\Users\turan\Desktop\defense-work-evtx-files\System.evtx,Classic,0,"{""EventData"":{""Data"":[{""@Name"":""FinalStatus"",""#text"":""0x0""},{""@Name"":""DeviceVersionMajor"",""#text"":""10""},{""@Name"":""DeviceVersionMinor"",""#text"":""0""},{""@Name"":""DeviceNameLength"",""#text"":""9""},{""@Name"":""DeviceName"",""#text"":""FileCrypt""},{""@Name"":""DeviceTime"",""#text"":""2002-03-01 04:12:42.0000000""}]}}"
1447,1447,2023-03-22 08:21:32.9366326,6,Info,Microsoft-Windows-FilterManager,System,4,8,DESKTOP-887GK2L,12,S-1-5-18,,,,,,,,,,,False,C:\Users\turan\Desktop\defense-work-evtx-files\System.evtx,Classic,0,"{""EventData"":{""Data"":[{""@Name"":""FinalStatus"",""#text"":""0x0""},{""@Name"":""DeviceVersionMajor"",""#text"":""10""},{""@Name"":""DeviceVersionMinor"",""#text"":""0""},{""@Name"":""DeviceNameLength"",""#text"":""9""},{""@Name"":""DeviceName"",""#text"":""npsvctrig""},{""@Name"":""DeviceTime"",""#text"":""2025-01-05 19:41:12.0000000""}]}}"
1448,1448,2023-03-22 08:21:32.9845415,172,Info,Microsoft-Windows-Kernel-Power,System,4,364,DESKTOP-887GK2L,12,S-1-5-18,,,,,,,,,,,False,C:\Users\turan\Desktop\defense-work-evtx-files\System.evtx,0x8000000000000404,416,"{""EventData"":{""Data"":[{""@Name"":""State"",""#text"":""2""},{""@Name"":""Reason"",""#text"":""6""}]}}"
1449,1449,2023-03-22 08:21:33.1584405,98,Info,Microsoft-Windows-Ntfs,System,4,32,DESKTOP-887GK2L,12,S-1-5-18,,,,,,,,,,,False,C:\Users\turan\Desktop\defense-work-evtx-files\System.evtx,0x8000000000000002,0,"{""EventData"":{""Data"":[{""@Name"":""DriveName"",""#text"":""\\\\?\\Volume{3e1ae928-61ee-4947-af5a-9cabbd50feef}""},{""@Name"":""DeviceName"",""#text"":""\\Device\\HarddiskVolume4""},{""@Name"":""CorruptionActionState"",""#text"":""0""}]}}"
1450,1450,2023-03-22 08:21:33.2276515,55,Info,Microsoft-Windows-Kernel-Processor-Power,System,4,380,DESKTOP-887GK2L,12,S-1-5-18,,,,,,,,,,,False,C:\Users\turan\Desktop\defense-work-evtx-files\System.evtx,Classic,0,"{""EventData"":{""Data"":[{""@Name"":""Group"",""#text"":""0""},{""@Name"":""Number"",""#text"":""0""},{""@Name"":""IdleStateCount"",""#text"":""1""},{""@Name"":""IdleImplementation"",""#text"":""1""},{""@Name"":""NominalFrequency"",""#text"":""3693""},{""@Name"":""MaximumPerformancePercent"",""#text"":""100""},{""@Name"":""MinimumPerformancePercent"",""#text"":""100""},{""@Name"":""MinimumThrottlePercent"",""#text"":""100""},{""@Name"":""PerformanceImplementation"",""#text"":""0""}]}}"
1451,1451,2023-03-22 08:21:33.2292741,55,Info,Microsoft-Windows-Kernel-Processor-Power,System,4,380,DESKTOP-887GK2L,12,S-1-5-18,,,,,,,,,,,False,C:\Users\turan\Desktop\defense-work-evtx-files\System.evtx,Classic,0,"{""EventData"":{""Data"":[{""@Name"":""Group"",""#text"":""0""},{""@Name"":""Number"",""#text"":""1""},{""@Name"":""IdleStateCount"",""#text"":""1""},{""@Name"":""IdleImplementation"",""#text"":""1""},{""@Name"":""NominalFrequency"",""#text"":""3693""},{""@Name"":""MaximumPerformancePercent"",""#text"":""100""},{""@Name"":""MinimumPerformancePercent"",""#text"":""100""},{""@Name"":""MinimumThrottlePercent"",""#text"":""100""},{""@Name"":""PerformanceImplementation"",""#text"":""0""}]}}"
1452,1452,2023-03-22 08:21:33.2298160,55,Info,Microsoft-Windows-Kernel-Processor-Power,System,4,380,DESKTOP-887GK2L,12,S-1-5-18,,,,,,,,,,,False,C:\Users\turan\Desktop\defense-work-evtx-files\System.evtx,Classic,0,"{""EventData"":{""Data"":[{""@Name"":""Group"",""#text"":""0""},{""@Name"":""Number"",""#text"":""2""},{""@Name"":""IdleStateCount"",""#text"":""1""},{""@Name"":""IdleImplementation"",""#text"":""1""},{""@Name"":""NominalFrequency"",""#text"":""3693""},{""@Name"":""MaximumPerformancePercent"",""#text"":""100""},{""@Name"":""MinimumPerformancePercent"",""#text"":""100""},{""@Name"":""MinimumThrottlePercent"",""#text"":""100""},{""@Name"":""PerformanceImplementation"",""#text"":""0""}]}}"
1453,1453,2023-03-22 08:21:33.2303982,55,Info,Microsoft-Windows-Kernel-Processor-Power,System,4,380,DESKTOP-887GK2L,12,S-1-5-18,,,,,,,,,,,False,C:\Users\turan\Desktop\defense-work-evtx-files\System.evtx,Classic,0,"{""EventData"":{""Data"":[{""@Name"":""Group"",""#text"":""0""},{""@Name"":""Number"",""#text"":""3""},{""@Name"":""IdleStateCount"",""#text"":""1""},{""@Name"":""IdleImplementation"",""#text"":""1""},{""@Name"":""NominalFrequency"",""#text"":""3693""},{""@Name"":""MaximumPerformancePercent"",""#text"":""100""},{""@Name"":""MinimumPerformancePercent"",""#text"":""100""},{""@Name"":""MinimumThrottlePercent"",""#text"":""100""},{""@Name"":""PerformanceImplementation"",""#text"":""0""}]}}"
1454,1454,2023-03-22 08:21:33.2309638,55,Info,Microsoft-Windows-Kernel-Processor-Power,System,4,380,DESKTOP-887GK2L,12,S-1-5-18,,,,,,,,,,,False,C:\Users\turan\Desktop\defense-work-evtx-files\System.evtx,Classic,0,"{""EventData"":{""Data"":[{""@Name"":""Group"",""#text"":""0""},{""@Name"":""Number"",""#text"":""4""},{""@Name"":""IdleStateCount"",""#text"":""1""},{""@Name"":""IdleImplementation"",""#text"":""1""},{""@Name"":""NominalFrequency"",""#text"":""3693""},{""@Name"":""MaximumPerformancePercent"",""#text"":""100""},{""@Name"":""MinimumPerformancePercent"",""#text"":""100""},{""@Name"":""MinimumThrottlePercent"",""#text"":""100""},{""@Name"":""PerformanceImplementation"",""#text"":""0""}]}}"
1455,1455,2023-03-22 08:21:33.2319298,55,Info,Microsoft-Windows-Kernel-Processor-Power,System,4,380,DESKTOP-887GK2L,12,S-1-5-18,,,,,,,,,,,False,C:\Users\turan\Desktop\defense-work-evtx-files\System.evtx,Classic,0,"{""EventData"":{""Data"":[{""@Name"":""Group"",""#text"":""0""},{""@Name"":""Number"",""#text"":""5""},{""@Name"":""IdleStateCount"",""#text"":""1""},{""@Name"":""IdleImplementation"",""#text"":""1""},{""@Name"":""NominalFrequency"",""#text"":""3693""},{""@Name"":""MaximumPerformancePercent"",""#text"":""100""},{""@Name"":""MinimumPerformancePercent"",""#text"":""100""},{""@Name"":""MinimumThrottlePercent"",""#text"":""100""},{""@Name"":""PerformanceImplementation"",""#text"":""0""}]}}"
1456,1456,2023-03-22 08:21:33.2324564,55,Info,Microsoft-Windows-Kernel-Processor-Power,System,4,380,DESKTOP-887GK2L,12,S-1-5-18,,,,,,,,,,,False,C:\Users\turan\Desktop\defense-work-evtx-files\System.evtx,Classic,0,"{""EventData"":{""Data"":[{""@Name"":""Group"",""#text"":""0""},{""@Name"":""Number"",""#text"":""6""},{""@Name"":""IdleStateCount"",""#text"":""1""},{""@Name"":""IdleImplementation"",""#text"":""1""},{""@Name"":""NominalFrequency"",""#text"":""3693""},{""@Name"":""MaximumPerformancePercent"",""#text"":""100""},{""@Name"":""MinimumPerformancePercent"",""#text"":""100""},{""@Name"":""MinimumThrottlePercent"",""#text"":""100""},{""@Name"":""PerformanceImplementation"",""#text"":""0""}]}}"
1457,1457,2023-03-22 08:21:33.2329947,55,Info,Microsoft-Windows-Kernel-Processor-Power,System,4,380,DESKTOP-887GK2L,12,S-1-5-18,,,,,,,,,,,False,C:\Users\turan\Desktop\defense-work-evtx-files\System.evtx,Classic,0,"{""EventData"":{""Data"":[{""@Name"":""Group"",""#text"":""0""},{""@Name"":""Number"",""#text"":""7""},{""@Name"":""IdleStateCount"",""#text"":""1""},{""@Name"":""IdleImplementation"",""#text"":""1""},{""@Name"":""NominalFrequency"",""#text"":""3693""},{""@Name"":""MaximumPerformancePercent"",""#text"":""100""},{""@Name"":""MinimumPerformancePercent"",""#text"":""100""},{""@Name"":""MinimumThrottlePercent"",""#text"":""100""},{""@Name"":""PerformanceImplementation"",""#text"":""0""}]}}"
1458,1458,2023-03-22 08:21:33.4698756,32,Info,e1i65x64,System,4,384,DESKTOP-887GK2L,12,,,,,,,,,,,,False,C:\Users\turan\Desktop\defense-work-evtx-files\System.evtx,0x80000000000000,0,"{""EventData"":{""Data"":""Intel(R) 82574L Gigabit Network Connection"",""Binary"":""00-00-04-00-02-00-30-00-00-00-00-00-20-00-04-60-00-00-00-00-00-00-00-00-00-00-00-00-00-00-00-00-00-00-00-00-00-00-00-00-20-00-04-60""}}"
1459,1459,2023-03-22 08:21:33.5064167,24,Info,Microsoft-Windows-Kernel-General,System,140,496,DESKTOP-887GK2L,12,S-1-5-18,,,,,,,,,,,False,C:\Users\turan\Desktop\defense-work-evtx-files\System.evtx,Time,0,"{""EventData"":{""Data"":[{""@Name"":""ExitReason"",""#text"":""0""},{""@Name"":""CurrentBias"",""#text"":""420""},{""@Name"":""CurrentTimeZoneID"",""#text"":""2""},{""@Name"":""TimeZoneInfoCacheUpdated"",""#text"":""0""},{""@Name"":""FirstRefresh"",""#text"":""0""}]}}"
1460,1460,2023-03-22 08:21:33.7451742,14,Info,Microsoft-Windows-Wininit,System,608,612,DESKTOP-887GK2L,12,S-1-5-18,,,,,,,,,,,False,C:\Users\turan\Desktop\defense-work-evtx-files\System.evtx,0x4000000000000000,0,"{""EventData"":{""Data"":[{""@Name"":""Config"",""#text"":""0""},{""@Name"":""IsTestConfig"",""#text"":""0""}]}}"
1461,1461,2023-03-22 08:21:33.8704761,16962,Info,Microsoft-Windows-Directory-Services-SAM,System,788,792,DESKTOP-887GK2L,12,S-1-5-18,,,,,,,,,,,False,C:\Users\turan\Desktop\defense-work-evtx-files\System.evtx,Classic,0,"{""EventData"":{""@Name"":""SAMMSG_RESTRICT_REMOTE_SAM_DEFAULT_SD"",""Data"":{""@Name"":""Default SD String:"",""#text"":""O:SYG:SYD:(A;;RC;;;BA)""}}}"
1462,1462,2023-03-22 08:21:33.8771686,16977,Info,Microsoft-Windows-Directory-Services-SAM,System,788,792,DESKTOP-887GK2L,12,S-1-5-18,,,,,,,,,,,False,C:\Users\turan\Desktop\defense-work-evtx-files\System.evtx,Classic,0,"{""EventData"":{""@Name"":""SAMMSG_MINPWDLEN_SETTINGS_IN_EFFECT"",""Data"":[{""@Name"":""MinimumPasswordLength"",""#text"":""0""},{""@Name"":""RelaxMinimumPasswordLengthLimits"",""#text"":""0""},{""@Name"":""MinimumPasswordLengthAudit"",""#text"":""-1""}]}}"
1463,1463,2023-03-22 08:21:33.8771725,16983,Info,Microsoft-Windows-Directory-Services-SAM,System,788,792,DESKTOP-887GK2L,12,S-1-5-18,,,,,,,,,,,False,C:\Users\turan\Desktop\defense-work-evtx-files\System.evtx,Classic,0,"{""EventData"":{""@Name"":""SAMMSG_AUDIT_LEGACY_PWD_RPC_METHODS_OFF""}}"
1464,1464,2023-03-22 08:21:34.1491577,6,Info,Microsoft-Windows-FilterManager,System,4,384,DESKTOP-887GK2L,12,S-1-5-18,,,,,,,,,,,False,C:\Users\turan\Desktop\defense-work-evtx-files\System.evtx,Classic,0,"{""EventData"":{""Data"":[{""@Name"":""FinalStatus"",""#text"":""0x0""},{""@Name"":""DeviceVersionMajor"",""#text"":""10""},{""@Name"":""DeviceVersionMinor"",""#text"":""0""},{""@Name"":""DeviceNameLength"",""#text"":""5""},{""@Name"":""DeviceName"",""#text"":""wcifs""},{""@Name"":""DeviceTime"",""#text"":""2084-01-02 01:25:46.0000000""}]}}"
1465,1465,2023-03-22 08:21:34.1614202,6,Info,Microsoft-Windows-FilterManager,System,4,500,DESKTOP-887GK2L,12,S-1-5-18,,,,,,,,,,,False,C:\Users\turan\Desktop\defense-work-evtx-files\System.evtx,Classic,0,"{""EventData"":{""Data"":[{""@Name"":""FinalStatus"",""#text"":""0x0""},{""@Name"":""DeviceVersionMajor"",""#text"":""10""},{""@Name"":""DeviceVersionMinor"",""#text"":""0""},{""@Name"":""DeviceNameLength"",""#text"":""5""},{""@Name"":""DeviceName"",""#text"":""luafv""},{""@Name"":""DeviceTime"",""#text"":""1986-08-13 13:58:59.0000000""}]}}"
1466,1466,2023-03-22 08:21:34.1742027,6,Info,Microsoft-Windows-FilterManager,System,4,500,DESKTOP-887GK2L,12,S-1-5-18,,,,,,,,,,,False,C:\Users\turan\Desktop\defense-work-evtx-files\System.evtx,Classic,0,"{""EventData"":{""Data"":[{""@Name"":""FinalStatus"",""#text"":""0x0""},{""@Name"":""DeviceVersionMajor"",""#text"":""10""},{""@Name"":""DeviceVersionMinor"",""#text"":""0""},{""@Name"":""DeviceNameLength"",""#text"":""6""},{""@Name"":""DeviceName"",""#text"":""CldFlt""},{""@Name"":""DeviceTime"",""#text"":""2072-04-19 10:54:12.0000000""}]}}"
1467,1467,2023-03-22 08:21:34.1742293,1,Info,Microsoft-Windows-FilterManager,System,4,500,DESKTOP-887GK2L,12,S-1-5-18,,,,,,,,,,,False,C:\Users\turan\Desktop\defense-work-evtx-files\System.evtx,Classic,0,"{""EventData"":{""Data"":[{""@Name"":""FinalStatus"",""#text"":""0x0""},{""@Name"":""DeviceVersionMajor"",""#text"":""10""},{""@Name"":""DeviceVersionMinor"",""#text"":""0""},{""@Name"":""DeviceNameLength"",""#text"":""6""},{""@Name"":""DeviceName"",""#text"":""CldFlt""},{""@Name"":""DeviceTime"",""#text"":""2072-04-19 10:54:12.0000000""}]}}"
1468,1468,2023-03-22 08:21:34.1742805,6,Info,Microsoft-Windows-FilterManager,System,4,500,DESKTOP-887GK2L,12,S-1-5-18,,,,,,,,,,,False,C:\Users\turan\Desktop\defense-work-evtx-files\System.evtx,Classic,0,"{""EventData"":{""Data"":[{""@Name"":""FinalStatus"",""#text"":""0x0""},{""@Name"":""DeviceVersionMajor"",""#text"":""10""},{""@Name"":""DeviceVersionMinor"",""#text"":""0""},{""@Name"":""DeviceNameLength"",""#text"":""6""},{""@Name"":""DeviceName"",""#text"":""CldFlt""},{""@Name"":""DeviceTime"",""#text"":""2072-04-19 10:54:12.0000000""}]}}"
1469,1469,2023-03-22 08:21:34.1791142,6,Info,Microsoft-Windows-FilterManager,System,4,500,DESKTOP-887GK2L,12,S-1-5-18,,,,,,,,,,,False,C:\Users\turan\Desktop\defense-work-evtx-files\System.evtx,Classic,0,"{""EventData"":{""Data"":[{""@Name"":""FinalStatus"",""#text"":""0x0""},{""@Name"":""DeviceVersionMajor"",""#text"":""10""},{""@Name"":""DeviceVersionMinor"",""#text"":""0""},{""@Name"":""DeviceNameLength"",""#text"":""10""},{""@Name"":""DeviceName"",""#text"":""storqosflt""},{""@Name"":""DeviceTime"",""#text"":""2007-04-09 11:08:30.0000000""}]}}"
1470,1470,2023-03-22 08:21:34.1843137,50036,Info,Microsoft-Windows-Dhcp-Client,System,1384,1424,DESKTOP-887GK2L,12,S-1-5-19,,,,,,,,,,,False,C:\Users\turan\Desktop\defense-work-evtx-files\System.evtx,0x2000000000000000,0,"{""EventData"":""""}"
1471,1471,2023-03-22 08:21:34.1845397,50103,Info,Microsoft-Windows-Dhcp-Client,System,1384,1424,DESKTOP-887GK2L,12,S-1-5-19,,,,,,,,,,,False,C:\Users\turan\Desktop\defense-work-evtx-files\System.evtx,0x2000000000000000,0,"{""EventData"":""""}"
1472,1472,2023-03-22 08:21:34.1855616,6,Info,Microsoft-Windows-FilterManager,System,4,500,DESKTOP-887GK2L,12,S-1-5-18,,,,,,,,,,,False,C:\Users\turan\Desktop\defense-work-evtx-files\System.evtx,Classic,0,"{""EventData"":{""Data"":[{""@Name"":""FinalStatus"",""#text"":""0x0""},{""@Name"":""DeviceVersionMajor"",""#text"":""10""},{""@Name"":""DeviceVersionMinor"",""#text"":""0""},{""@Name"":""DeviceNameLength"",""#text"":""7""},{""@Name"":""DeviceName"",""#text"":""bindflt""},{""@Name"":""DeviceTime"",""#text"":""2005-08-08 13:17:00.0000000""}]}}"
1473,1473,2023-03-22 08:21:34.1965647,51046,Info,Microsoft-Windows-DHCPv6-Client,System,1384,1588,DESKTOP-887GK2L,12,S-1-5-19,,,,,,,,,,,False,C:\Users\turan\Desktop\defense-work-evtx-files\System.evtx,0x2000000000000000,0,"{""EventData"":""""}"
1474,1474,2023-03-22 08:21:34.7565183,7026,Info,Service Control Manager,System,696,700,DESKTOP-887GK2L,12,,,,,,,,,,,,False,C:\Users\turan\Desktop\defense-work-evtx-files\System.evtx,"Audit success, classic",0,"{""EventData"":{""Data"":{""@Name"":""param1"",""#text"":"", dam""}}}"
1475,1475,2023-03-22 08:21:41.4094703,1014,Warning,Microsoft-Windows-DNS-Client,System,2252,3712,DESKTOP-887GK2L,12,S-1-5-20,,,,,,,,,,,False,C:\Users\turan\Desktop\defense-work-evtx-files\System.evtx,0x4000000010000000,0,"{""EventData"":{""Data"":[{""@Name"":""QueryName"",""#text"":""wpad""},{""@Name"":""AddressLength"",""#text"":""128""},{""@Name"":""Address"",""#text"":""02-00-00-00-AC-11-4F-02-00-00-00-00-00-00-00-00-00-00-00-00-00-00-00-00-00-00-00-00-00-00-00-00-00-00-00-00-00-00-00-00-00-00-00-00-00-00-00-00-00-00-00-00-00-00-00-00-00-00-00-00-00-00-00-00-00-00-00-00-00-00-00-00-00-00-00-00-00-00-00-00-00-00-00-00-00-00-00-00-00-00-00-00-00-00-00-00-00-00-00-00-00-00-00-00-00-00-00-00-00-00-00-00-00-00-00-00-00-00-00-00-00-00-00-00-00-00-00-00""}]}}"
1476,1476,2023-03-22 08:21:47.2054261,7040,Info,Service Control Manager,System,696,852,DESKTOP-887GK2L,12,S-1-5-18,Start type of a service has changed,,,The start type of the Windows Modules Installer was changed from auto start to demand start,,,,,,TrustedInstaller,False,C:\Users\turan\Desktop\defense-work-evtx-files\System.evtx,"Audit success, classic",0,"{""EventData"":{""Data"":[{""@Name"":""param1"",""#text"":""Windows Modules Installer""},{""@Name"":""param2"",""#text"":""auto start""},{""@Name"":""param3"",""#text"":""demand start""},{""@Name"":""param4"",""#text"":""TrustedInstaller""}]}}"
1477,1477,2023-03-22 08:21:53.5501791,19,Info,Microsoft-Windows-WindowsUpdateClient,System,2620,5920,DESKTOP-887GK2L,12,S-1-5-18,,,,,,,,,,,False,C:\Users\turan\Desktop\defense-work-evtx-files\System.evtx,Installation,0,"{""EventData"":{""Data"":[{""@Name"":""updateTitle"",""#text"":""2023-02 Cumulative Update for Windows 10 Version 21H2 for x64-based Systems (KB5022834)""},{""@Name"":""updateGuid"",""#text"":""54f012c4-0c78-49ce-92c0-29096c768b2a""},{""@Name"":""updateRevisionNumber"",""#text"":""1""},{""@Name"":""serviceGuid"",""#text"":""8b24b027-1dee-babb-9a95-3517dfb9c552""}]}}"
1478,1478,2023-03-22 08:21:53.5501804,19,Info,Microsoft-Windows-WindowsUpdateClient,System,2620,5920,DESKTOP-887GK2L,12,S-1-5-18,,,,,,,,,,,False,C:\Users\turan\Desktop\defense-work-evtx-files\System.evtx,Installation,0,"{""EventData"":{""Data"":[{""@Name"":""updateTitle"",""#text"":""2023-02 Cumulative Update for .NET Framework 3.5, 4.8 and 4.8.1 for Windows 10 Version 21H2 for x64 (KB5022728)""},{""@Name"":""updateGuid"",""#text"":""1229beb6-d6a0-4e64-9109-d378724924ce""},{""@Name"":""updateRevisionNumber"",""#text"":""201""},{""@Name"":""serviceGuid"",""#text"":""9482f4b4-e343-43b6-b170-9a65bc822c77""}]}}"
1479,1479,2023-03-22 08:22:15.5112521,16,Info,Microsoft-Windows-Kernel-General,System,5644,5648,DESKTOP-887GK2L,12,S-1-5-18,,,,,,,,,,,False,C:\Users\turan\Desktop\defense-work-evtx-files\System.evtx,Classic,0,"{""EventData"":{""Data"":[{""@Name"":""HiveNameLength"",""#text"":""119""},{""@Name"":""HiveName"",""#text"":""\\??\\C:\\Windows\\ServiceProfiles\\NetworkService\\AppData\\Local\\Microsoft\\Windows\\DeliveryOptimization\\State\\dosvcState.dat""},{""@Name"":""KeysUpdated"",""#text"":""8""},{""@Name"":""DirtyPages"",""#text"":""3""}]}}"
1480,1480,2023-03-22 08:22:22.1299108,44,Info,Microsoft-Windows-WindowsUpdateClient,System,2620,5920,DESKTOP-887GK2L,12,S-1-5-18,,,,,,,,,,,False,C:\Users\turan\Desktop\defense-work-evtx-files\System.evtx,0x8000000000002004,0,"{""EventData"":{""Data"":[{""@Name"":""updateTitle"",""#text"":""Update for Microsoft Defender Antivirus antimalware platform - KB4052623 (Version 4.18.2302.3)""},{""@Name"":""updateGuid"",""#text"":""bd34bbb9-8b44-4c24-b549-668cd9162f65""},{""@Name"":""updateRevisionNumber"",""#text"":""200""}]}}"
1481,1481,2023-03-22 08:22:25.8370363,44,Info,Microsoft-Windows-WindowsUpdateClient,System,2620,6044,DESKTOP-887GK2L,12,S-1-5-18,,,,,,,,,,,False,C:\Users\turan\Desktop\defense-work-evtx-files\System.evtx,0x8000000000002004,0,"{""EventData"":{""Data"":[{""@Name"":""updateTitle"",""#text"":""Security Intelligence Update for Microsoft Defender Antivirus - KB2267602 (Version 1.385.746.0)""},{""@Name"":""updateGuid"",""#text"":""420c00fd-3716-47c2-8497-56b0ba91ba71""},{""@Name"":""updateRevisionNumber"",""#text"":""200""}]}}"
1482,1482,2023-03-22 08:22:25.8370392,43,Info,Microsoft-Windows-WindowsUpdateClient,System,2620,6044,DESKTOP-887GK2L,12,S-1-5-18,,,,,,,,,,,False,C:\Users\turan\Desktop\defense-work-evtx-files\System.evtx,0x8000000000002008,0,"{""EventData"":{""Data"":[{""@Name"":""updateTitle"",""#text"":""Update for Microsoft Defender Antivirus antimalware platform - KB4052623 (Version 4.18.2302.3)""},{""@Name"":""updateGuid"",""#text"":""bd34bbb9-8b44-4c24-b549-668cd9162f65""},{""@Name"":""updateRevisionNumber"",""#text"":""200""}]}}"
1483,1483,2023-03-22 08:22:28.2834860,10016,Warning,Microsoft-Windows-DistributedCOM,System,376,1620,DESKTOP-887GK2L,12,S-1-5-18,,,,,,,,,,,False,C:\Users\turan\Desktop\defense-work-evtx-files\System.evtx,"Audit success, classic",0,"{""EventData"":{""Data"":[{""@Name"":""param1"",""#text"":""application-specific""},{""@Name"":""param2"",""#text"":""Local""},{""@Name"":""param3"",""#text"":""Launch""},{""@Name"":""param4"",""#text"":""Windows.SecurityCenter.WscDataProtection""},{""@Name"":""param5"",""#text"":""Unavailable""},{""@Name"":""param6"",""#text"":""NT AUTHORITY""},{""@Name"":""param7"",""#text"":""SYSTEM""},{""@Name"":""param8"",""#text"":""S-1-5-18""},{""@Name"":""param9"",""#text"":""LocalHost (Using LRPC)""},{""@Name"":""param10"",""#text"":""Unavailable""},{""@Name"":""param11"",""#text"":""Unavailable""}]}}"
1484,1484,2023-03-22 08:22:28.3601507,1,Info,Microsoft-Windows-FilterManager,System,4,384,DESKTOP-887GK2L,12,S-1-5-18,,,,,,,,,,,False,C:\Users\turan\Desktop\defense-work-evtx-files\System.evtx,Classic,0,"{""EventData"":{""Data"":[{""@Name"":""FinalStatus"",""#text"":""0x0""},{""@Name"":""DeviceVersionMajor"",""#text"":""10""},{""@Name"":""DeviceVersionMinor"",""#text"":""0""},{""@Name"":""DeviceNameLength"",""#text"":""8""},{""@Name"":""DeviceName"",""#text"":""WdFilter""},{""@Name"":""DeviceTime"",""#text"":""2101-02-28 04:30:25.0000000""}]}}"
1485,1485,2023-03-22 08:22:30.4338567,6,Info,Microsoft-Windows-FilterManager,System,4,228,DESKTOP-887GK2L,12,S-1-5-18,,,,,,,,,,,False,C:\Users\turan\Desktop\defense-work-evtx-files\System.evtx,Classic,0,"{""EventData"":{""Data"":[{""@Name"":""FinalStatus"",""#text"":""0x0""},{""@Name"":""DeviceVersionMajor"",""#text"":""10""},{""@Name"":""DeviceVersionMinor"",""#text"":""0""},{""@Name"":""DeviceNameLength"",""#text"":""8""},{""@Name"":""DeviceName"",""#text"":""WdFilter""},{""@Name"":""DeviceTime"",""#text"":""2037-07-31 18:01:12.0000000""}]}}"
1486,1486,2023-03-22 08:22:33.3735123,19,Info,Microsoft-Windows-WindowsUpdateClient,System,2620,6044,DESKTOP-887GK2L,12,S-1-5-18,,,,,,,,,,,False,C:\Users\turan\Desktop\defense-work-evtx-files\System.evtx,Installation,0,"{""EventData"":{""Data"":[{""@Name"":""updateTitle"",""#text"":""Update for Microsoft Defender Antivirus antimalware platform - KB4052623 (Version 4.18.2302.3)""},{""@Name"":""updateGuid"",""#text"":""bd34bbb9-8b44-4c24-b549-668cd9162f65""},{""@Name"":""updateRevisionNumber"",""#text"":""200""},{""@Name"":""serviceGuid"",""#text"":""9482f4b4-e343-43b6-b170-9a65bc822c77""}]}}"
1487,1487,2023-03-22 08:23:05.5396680,7001,Info,Microsoft-Windows-Winlogon,System,728,480,DESKTOP-887GK2L,12,S-1-5-18,User logon,,,UserSID: S-1-5-21-3393683511-3463148672-371912004-1001,,,,,,,False,C:\Users\turan\Desktop\defense-work-evtx-files\System.evtx,0x2000200000000000,0,"{""EventData"":{""Data"":[{""@Name"":""TSId"",""#text"":""1""},{""@Name"":""UserSid"",""#text"":""S-1-5-21-3393683511-3463148672-371912004-1001""}]}}"
1488,1488,2023-03-22 08:23:05.5813032,16,Info,Microsoft-Windows-Kernel-General,System,1480,5184,DESKTOP-887GK2L,12,S-1-5-18,,,,,,,,,,,False,C:\Users\turan\Desktop\defense-work-evtx-files\System.evtx,Classic,0,"{""EventData"":{""Data"":[{""@Name"":""HiveNameLength"",""#text"":""35""},{""@Name"":""HiveName"",""#text"":""\\??\\C:\\Users\\CyberJunkie\\ntuser.dat""},{""@Name"":""KeysUpdated"",""#text"":""1276""},{""@Name"":""DirtyPages"",""#text"":""163""}]}}"
1489,1489,2023-03-22 08:23:05.6351485,16,Info,Microsoft-Windows-Kernel-General,System,1480,5184,DESKTOP-887GK2L,12,S-1-5-18,,,,,,,,,,,False,C:\Users\turan\Desktop\defense-work-evtx-files\System.evtx,Classic,0,"{""EventData"":{""Data"":[{""@Name"":""HiveNameLength"",""#text"":""69""},{""@Name"":""HiveName"",""#text"":""\\??\\C:\\Users\\CyberJunkie\\AppData\\Local\\Microsoft\\Windows\\UsrClass.dat""},{""@Name"":""KeysUpdated"",""#text"":""2564""},{""@Name"":""DirtyPages"",""#text"":""427""}]}}"
1490,1490,2023-03-22 08:23:08.5853627,16,Info,Microsoft-Windows-Kernel-General,System,3948,5856,DESKTOP-887GK2L,12,S-1-5-21-3393683511-3463148672-371912004-1001,,,,,,,,,,,False,C:\Users\turan\Desktop\defense-work-evtx-files\System.evtx,Classic,0,"{""EventData"":{""Data"":[{""@Name"":""HiveNameLength"",""#text"":""121""},{""@Name"":""HiveName"",""#text"":""\\??\\C:\\Users\\CyberJunkie\\AppData\\Local\\Packages\\Microsoft.Windows.ShellExperienceHost_cw5n1h2txyewy\\Settings\\settings.dat""},{""@Name"":""KeysUpdated"",""#text"":""2""},{""@Name"":""DirtyPages"",""#text"":""1""}]}}"
1491,1491,2023-03-22 08:23:08.5873102,16,Info,Microsoft-Windows-Kernel-General,System,3948,3992,DESKTOP-887GK2L,12,S-1-5-21-3393683511-3463148672-371912004-1001,,,,,,,,,,,False,C:\Users\turan\Desktop\defense-work-evtx-files\System.evtx,Classic,0,"{""EventData"":{""Data"":[{""@Name"":""HiveNameLength"",""#text"":""108""},{""@Name"":""HiveName"",""#text"":""\\??\\C:\\Users\\CyberJunkie\\AppData\\Local\\Packages\\Microsoft.Windows.Search_cw5n1h2txyewy\\Settings\\settings.dat""},{""@Name"":""KeysUpdated"",""#text"":""31""},{""@Name"":""DirtyPages"",""#text"":""6""}]}}"
1492,1492,2023-03-22 08:23:10.7031323,16,Info,Microsoft-Windows-Kernel-General,System,6748,6820,DESKTOP-887GK2L,12,S-1-5-18,,,,,,,,,,,False,C:\Users\turan\Desktop\defense-work-evtx-files\System.evtx,Classic,0,"{""EventData"":{""Data"":[{""@Name"":""HiveNameLength"",""#text"":""125""},{""@Name"":""HiveName"",""#text"":""\\??\\C:\\Users\\CyberJunkie\\AppData\\Local\\Packages\\Microsoft.Windows.StartMenuExperienceHost_cw5n1h2txyewy\\Settings\\settings.dat""},{""@Name"":""KeysUpdated"",""#text"":""3""},{""@Name"":""DirtyPages"",""#text"":""1""}]}}"
1493,1493,2023-03-22 08:23:11.4056086,16,Info,Microsoft-Windows-Kernel-General,System,3340,7192,DESKTOP-887GK2L,12,S-1-5-18,,,,,,,,,,,False,C:\Users\turan\Desktop\defense-work-evtx-files\System.evtx,Classic,0,"{""EventData"":{""Data"":[{""@Name"":""HiveNameLength"",""#text"":""110""},{""@Name"":""HiveName"",""#text"":""\\??\\C:\\Users\\CyberJunkie\\AppData\\Local\\Packages\\Microsoft.AAD.BrokerPlugin_cw5n1h2txyewy\\Settings\\settings.dat""},{""@Name"":""KeysUpdated"",""#text"":""5""},{""@Name"":""DirtyPages"",""#text"":""1""}]}}"
1494,1494,2023-03-22 08:23:12.7494559,16,Info,Microsoft-Windows-Kernel-General,System,7592,7624,DESKTOP-887GK2L,12,S-1-5-18,,,,,,,,,,,False,C:\Users\turan\Desktop\defense-work-evtx-files\System.evtx,Classic,0,"{""EventData"":{""Data"":[{""@Name"":""HiveNameLength"",""#text"":""103""},{""@Name"":""HiveName"",""#text"":""\\??\\C:\\Users\\CyberJunkie\\AppData\\Local\\Packages\\Microsoft.YourPhone_8wekyb3d8bbwe\\Settings\\settings.dat""},{""@Name"":""KeysUpdated"",""#text"":""34""},{""@Name"":""DirtyPages"",""#text"":""6""}]}}"
1495,1495,2023-03-22 08:23:12.7901911,16,Info,Microsoft-Windows-Kernel-General,System,900,1080,DESKTOP-887GK2L,12,S-1-5-18,,,,,,,,,,,False,C:\Users\turan\Desktop\defense-work-evtx-files\System.evtx,Classic,0,"{""EventData"":{""Data"":[{""@Name"":""HiveNameLength"",""#text"":""111""},{""@Name"":""HiveName"",""#text"":""\\??\\C:\\Users\\CyberJunkie\\AppData\\Local\\Packages\\Microsoft.YourPhone_8wekyb3d8bbwe\\SystemAppData\\Helium\\User.dat""},{""@Name"":""KeysUpdated"",""#text"":""15""},{""@Name"":""DirtyPages"",""#text"":""2""}]}}"
1496,1496,2023-03-22 08:23:12.7922578,16,Info,Microsoft-Windows-Kernel-General,System,900,1080,DESKTOP-887GK2L,12,S-1-5-18,,,,,,,,,,,False,C:\Users\turan\Desktop\defense-work-evtx-files\System.evtx,Classic,0,"{""EventData"":{""Data"":[{""@Name"":""HiveNameLength"",""#text"":""118""},{""@Name"":""HiveName"",""#text"":""\\??\\C:\\Users\\CyberJunkie\\AppData\\Local\\Packages\\Microsoft.YourPhone_8wekyb3d8bbwe\\SystemAppData\\Helium\\UserClasses.dat""},{""@Name"":""KeysUpdated"",""#text"":""12""},{""@Name"":""DirtyPages"",""#text"":""1""}]}}"
1497,1497,2023-03-22 08:23:12.7937434,16,Info,Microsoft-Windows-Kernel-General,System,900,1080,DESKTOP-887GK2L,12,S-1-5-18,,,,,,,,,,,False,C:\Users\turan\Desktop\defense-work-evtx-files\System.evtx,Classic,0,"{""EventData"":{""Data"":[{""@Name"":""HiveNameLength"",""#text"":""161""},{""@Name"":""HiveName"",""#text"":""\\??\\C:\\ProgramData\\Packages\\Microsoft.YourPhone_8wekyb3d8bbwe\\S-1-5-21-3393683511-3463148672-371912004-1001\\SystemAppData\\Helium\\Cache\\62a7514d492dc87d_COM15.dat""},{""@Name"":""KeysUpdated"",""#text"":""1""},{""@Name"":""DirtyPages"",""#text"":""1""}]}}"
1498,1498,2023-03-22 08:23:18.7350539,44,Info,Microsoft-Windows-WindowsUpdateClient,System,2620,5980,DESKTOP-887GK2L,12,S-1-5-18,,,,,,,,,,,False,C:\Users\turan\Desktop\defense-work-evtx-files\System.evtx,0x8000000000002004,0,"{""EventData"":{""Data"":[{""@Name"":""updateTitle"",""#text"":""VMware, Inc. - System - 9.8.18.0""},{""@Name"":""updateGuid"",""#text"":""b5857a80-fd07-4a9d-9adf-2a3a6db94b7e""},{""@Name"":""updateRevisionNumber"",""#text"":""1""}]}}"
1499,1499,2023-03-22 08:23:18.7350556,43,Info,Microsoft-Windows-WindowsUpdateClient,System,2620,5980,DESKTOP-887GK2L,12,S-1-5-18,,,,,,,,,,,False,C:\Users\turan\Desktop\defense-work-evtx-files\System.evtx,0x8000000000002008,0,"{""EventData"":{""Data"":[{""@Name"":""updateTitle"",""#text"":""VMware, Inc. - System - 9.8.18.0""},{""@Name"":""updateGuid"",""#text"":""b5857a80-fd07-4a9d-9adf-2a3a6db94b7e""},{""@Name"":""updateRevisionNumber"",""#text"":""1""}]}}"
1500,1500,2023-03-22 08:23:18.8310362,20,Error,Microsoft-Windows-WindowsUpdateClient,System,2620,5980,DESKTOP-887GK2L,12,S-1-5-18,,,,,,,,,,,False,C:\Users\turan\Desktop\defense-work-evtx-files\System.evtx,0x8000000000000028,0,"{""EventData"":{""Data"":[{""@Name"":""errorCode"",""#text"":""0x8024200B""},{""@Name"":""updateTitle"",""#text"":""VMware, Inc. - System - 9.8.18.0""},{""@Name"":""updateGuid"",""#text"":""b5857a80-fd07-4a9d-9adf-2a3a6db94b7e""},{""@Name"":""updateRevisionNumber"",""#text"":""1""},{""@Name"":""serviceGuid"",""#text"":""8b24b027-1dee-babb-9a95-3517dfb9c552""}]}}"
1501,1501,2023-03-22 08:23:35.3950760,10016,Warning,Microsoft-Windows-DistributedCOM,System,376,556,DESKTOP-887GK2L,12,S-1-5-18,,,,,,,,,,,False,C:\Users\turan\Desktop\defense-work-evtx-files\System.evtx,"Audit success, classic",0,"{""EventData"":{""Data"":[{""@Name"":""param1"",""#text"":""application-specific""},{""@Name"":""param2"",""#text"":""Local""},{""@Name"":""param3"",""#text"":""Launch""},{""@Name"":""param4"",""#text"":""Windows.SecurityCenter.WscDataProtection""},{""@Name"":""param5"",""#text"":""Unavailable""},{""@Name"":""param6"",""#text"":""NT AUTHORITY""},{""@Name"":""param7"",""#text"":""SYSTEM""},{""@Name"":""param8"",""#text"":""S-1-5-18""},{""@Name"":""param9"",""#text"":""LocalHost (Using LRPC)""},{""@Name"":""param10"",""#text"":""Unavailable""},{""@Name"":""param11"",""#text"":""Unavailable""}]}}"
1502,1502,2023-03-22 08:23:35.3950760,10016,Warning,Microsoft-Windows-DistributedCOM,System,376,1620,DESKTOP-887GK2L,12,S-1-5-18,,,,,,,,,,,False,C:\Users\turan\Desktop\defense-work-evtx-files\System.evtx,"Audit success, classic",560,"{""EventData"":{""Data"":[{""@Name"":""param1"",""#text"":""application-specific""},{""@Name"":""param2"",""#text"":""Local""},{""@Name"":""param3"",""#text"":""Launch""},{""@Name"":""param4"",""#text"":""Windows.SecurityCenter.WscBrokerManager""},{""@Name"":""param5"",""#text"":""Unavailable""},{""@Name"":""param6"",""#text"":""NT AUTHORITY""},{""@Name"":""param7"",""#text"":""SYSTEM""},{""@Name"":""param8"",""#text"":""S-1-5-18""},{""@Name"":""param9"",""#text"":""LocalHost (Using LRPC)""},{""@Name"":""param10"",""#text"":""Unavailable""},{""@Name"":""param11"",""#text"":""Unavailable""}]}}"
1503,1503,2023-03-22 08:23:35.3950760,10016,Warning,Microsoft-Windows-DistributedCOM,System,376,528,DESKTOP-887GK2L,12,S-1-5-18,,,,,,,,,,,False,C:\Users\turan\Desktop\defense-work-evtx-files\System.evtx,"Audit success, classic",0,"{""EventData"":{""Data"":[{""@Name"":""param1"",""#text"":""application-specific""},{""@Name"":""param2"",""#text"":""Local""},{""@Name"":""param3"",""#text"":""Launch""},{""@Name"":""param4"",""#text"":""Windows.SecurityCenter.SecurityAppBroker""},{""@Name"":""param5"",""#text"":""Unavailable""},{""@Name"":""param6"",""#text"":""NT AUTHORITY""},{""@Name"":""param7"",""#text"":""SYSTEM""},{""@Name"":""param8"",""#text"":""S-1-5-18""},{""@Name"":""param9"",""#text"":""LocalHost (Using LRPC)""},{""@Name"":""param10"",""#text"":""Unavailable""},{""@Name"":""param11"",""#text"":""Unavailable""}]}}"
1504,1504,2023-03-22 08:23:36.9429786,37,Info,Microsoft-Windows-Time-Service,System,8728,9168,DESKTOP-887GK2L,12,S-1-5-19,Synchronizing system time from time service,,,ServerAddress: time.windows.com,"ServerIP: time.windows.com,0x9 (ntp.m|0x9|0.0.0.0:123-&gt;20.101.57.9:123)",,,,,,False,C:\Users\turan\Desktop\defense-work-evtx-files\System.evtx,Classic,0,"{""EventData"":{""@Name"":""TMP_EVENT_TIME_SOURCE_REACHABLE"",""Data"":{""@Name"":""TimeSource"",""#text"":""time.windows.com,0x9 (ntp.m|0x9|0.0.0.0:123-&gt;20.101.57.9:123)""}}}"
1505,1505,2023-03-22 08:23:39.2334641,16,Info,Microsoft-Windows-Kernel-General,System,3948,3992,DESKTOP-887GK2L,12,S-1-5-21-3393683511-3463148672-371912004-1001,,,,,,,,,,,False,C:\Users\turan\Desktop\defense-work-evtx-files\System.evtx,Classic,0,"{""EventData"":{""Data"":[{""@Name"":""HiveNameLength"",""#text"":""111""},{""@Name"":""HiveName"",""#text"":""\\??\\C:\\Users\\CyberJunkie\\AppData\\Local\\Packages\\MicrosoftWindows.Client.CBS_cw5n1h2txyewy\\Settings\\settings.dat""},{""@Name"":""KeysUpdated"",""#text"":""2""},{""@Name"":""DirtyPages"",""#text"":""1""}]}}"
1506,1506,2023-03-22 08:23:39.7471674,16,Info,Microsoft-Windows-Kernel-General,System,3948,3992,DESKTOP-887GK2L,12,S-1-5-21-3393683511-3463148672-371912004-1001,,,,,,,,,,,False,C:\Users\turan\Desktop\defense-work-evtx-files\System.evtx,Classic,0,"{""EventData"":{""Data"":[{""@Name"":""HiveNameLength"",""#text"":""125""},{""@Name"":""HiveName"",""#text"":""\\??\\C:\\Users\\CyberJunkie\\AppData\\Local\\Packages\\Microsoft.Windows.SecureAssessmentBrowser_cw5n1h2txyewy\\Settings\\settings.dat""},{""@Name"":""KeysUpdated"",""#text"":""3""},{""@Name"":""DirtyPages"",""#text"":""1""}]}}"
1507,1507,2023-03-22 08:23:40.1401147,16,Info,Microsoft-Windows-Kernel-General,System,3948,3992,DESKTOP-887GK2L,12,S-1-5-21-3393683511-3463148672-371912004-1001,,,,,,,,,,,False,C:\Users\turan\Desktop\defense-work-evtx-files\System.evtx,Classic,0,"{""EventData"":{""Data"":[{""@Name"":""HiveNameLength"",""#text"":""113""},{""@Name"":""HiveName"",""#text"":""\\??\\C:\\Users\\CyberJunkie\\AppData\\Local\\Packages\\Microsoft.Windows.SecHealthUI_cw5n1h2txyewy\\Settings\\settings.dat""},{""@Name"":""KeysUpdated"",""#text"":""3""},{""@Name"":""DirtyPages"",""#text"":""1""}]}}"
1508,1508,2023-03-22 08:23:40.5556592,16,Info,Microsoft-Windows-Kernel-General,System,3948,3992,DESKTOP-887GK2L,12,S-1-5-21-3393683511-3463148672-371912004-1001,,,,,,,,,,,False,C:\Users\turan\Desktop\defense-work-evtx-files\System.evtx,Classic,0,"{""EventData"":{""Data"":[{""@Name"":""HiveNameLength"",""#text"":""120""},{""@Name"":""HiveName"",""#text"":""\\??\\C:\\Users\\CyberJunkie\\AppData\\Local\\Packages\\c5e2524a-ea46-4f67-841f-6a9465d9d515_cw5n1h2txyewy\\Settings\\settings.dat""},{""@Name"":""KeysUpdated"",""#text"":""3""},{""@Name"":""DirtyPages"",""#text"":""1""}]}}"
1509,1509,2023-03-22 08:23:51.2862046,35,Info,Microsoft-Windows-Time-Service,System,8728,6612,DESKTOP-887GK2L,12,S-1-5-19,Synchronizing system time from time service,,,ServerAddress: time.windows.com,"ServerIP: time.windows.com,0x9 (ntp.m|0x9|0.0.0.0:123-&gt;20.101.57.9:123)",,,,,,False,C:\Users\turan\Desktop\defense-work-evtx-files\System.evtx,Classic,0,"{""EventData"":{""@Name"":""TMP_EVENT_TIME_SOURCE_CHOSEN"",""Data"":[{""@Name"":""TimeSource"",""#text"":""time.windows.com,0x9 (ntp.m|0x9|0.0.0.0:123-&gt;20.101.57.9:123)""},{""@Name"":""TimeSourceRefId"",""#text"":""154756372""},{""@Name"":""CurrentStratumNumber"",""#text"":""4""}]}}"
1510,1510,2023-03-22 08:23:54.2396993,16,Info,Microsoft-Windows-Kernel-General,System,8688,8984,DESKTOP-887GK2L,12,S-1-5-18,,,,,,,,,,,False,C:\Users\turan\Desktop\defense-work-evtx-files\System.evtx,Classic,0,"{""EventData"":{""Data"":[{""@Name"":""HiveNameLength"",""#text"":""119""},{""@Name"":""HiveName"",""#text"":""\\??\\C:\\Users\\CyberJunkie\\AppData\\Local\\Packages\\microsoft.windowscommunicationsapps_8wekyb3d8bbwe\\Settings\\settings.dat""},{""@Name"":""KeysUpdated"",""#text"":""22""},{""@Name"":""DirtyPages"",""#text"":""3""}]}}"
1511,1511,2023-03-22 08:23:54.4440310,16,Info,Microsoft-Windows-Kernel-General,System,4988,4688,DESKTOP-887GK2L,12,S-1-5-18,,,,,,,,,,,False,C:\Users\turan\Desktop\defense-work-evtx-files\System.evtx,Classic,0,"{""EventData"":{""Data"":[{""@Name"":""HiveNameLength"",""#text"":""106""},{""@Name"":""HiveName"",""#text"":""\\??\\C:\\Users\\CyberJunkie\\AppData\\Local\\Packages\\Microsoft.WindowsStore_8wekyb3d8bbwe\\Settings\\settings.dat""},{""@Name"":""KeysUpdated"",""#text"":""7""},{""@Name"":""DirtyPages"",""#text"":""1""}]}}"
1512,1512,2023-03-22 08:24:31.4394414,44,Info,Microsoft-Windows-WindowsUpdateClient,System,2620,5920,DESKTOP-887GK2L,12,S-1-5-18,,,,,,,,,,,False,C:\Users\turan\Desktop\defense-work-evtx-files\System.evtx,0x8000000000002004,0,"{""EventData"":{""Data"":[{""@Name"":""updateTitle"",""#text"":""2022-08 Security Update for Windows 10 Version 21H2 for x64-based Systems (KB5012170)""},{""@Name"":""updateGuid"",""#text"":""01f7dc80-5870-4a79-bb59-fe9071e01405""},{""@Name"":""updateRevisionNumber"",""#text"":""201""}]}}"
1513,1513,2023-03-22 08:24:31.4400078,44,Info,Microsoft-Windows-WindowsUpdateClient,System,2620,5920,DESKTOP-887GK2L,12,S-1-5-18,,,,,,,,,,,False,C:\Users\turan\Desktop\defense-work-evtx-files\System.evtx,0x8000000000002004,0,"{""EventData"":{""Data"":[{""@Name"":""updateTitle"",""#text"":""Windows Malicious Software Removal Tool x64 - v5.111 (KB890830)""},{""@Name"":""updateGuid"",""#text"":""40c5661b-19d6-477e-9531-8b12d13c7d60""},{""@Name"":""updateRevisionNumber"",""#text"":""201""}]}}"
1514,1514,2023-03-22 08:24:31.4400090,44,Info,Microsoft-Windows-WindowsUpdateClient,System,2620,5920,DESKTOP-887GK2L,12,S-1-5-18,,,,,,,,,,,False,C:\Users\turan\Desktop\defense-work-evtx-files\System.evtx,0x8000000000002004,0,"{""EventData"":{""Data"":[{""@Name"":""updateTitle"",""#text"":""2023-03 Cumulative Update for Windows 10 Version 21H2 for x64-based Systems (KB5023696)""},{""@Name"":""updateGuid"",""#text"":""a07eb3ff-f5fb-4d66-9f6f-fab5b7ccbf92""},{""@Name"":""updateRevisionNumber"",""#text"":""1""}]}}"
1515,1515,2023-03-22 08:24:45.1137764,7040,Info,Service Control Manager,System,696,852,DESKTOP-887GK2L,13,S-1-5-18,Start type of a service has changed,,,The start type of the Windows Modules Installer was changed from demand start to auto start,,,,,,TrustedInstaller,False,C:\Users\turan\Desktop\defense-work-evtx-files\System.evtx,"Audit success, classic",0,"{""EventData"":{""Data"":[{""@Name"":""param1"",""#text"":""Windows Modules Installer""},{""@Name"":""param2"",""#text"":""demand start""},{""@Name"":""param3"",""#text"":""auto start""},{""@Name"":""param4"",""#text"":""TrustedInstaller""}]}}"
1516,1516,2023-03-22 08:24:45.2701103,7040,Info,Service Control Manager,System,696,852,DESKTOP-887GK2L,13,S-1-5-18,Start type of a service has changed,,,The start type of the Windows Modules Installer was changed from auto start to demand start,,,,,,TrustedInstaller,False,C:\Users\turan\Desktop\defense-work-evtx-files\System.evtx,"Audit success, classic",0,"{""EventData"":{""Data"":[{""@Name"":""param1"",""#text"":""Windows Modules Installer""},{""@Name"":""param2"",""#text"":""auto start""},{""@Name"":""param3"",""#text"":""demand start""},{""@Name"":""param4"",""#text"":""TrustedInstaller""}]}}"
1517,1517,2023-03-22 08:32:00.5138821,7040,Info,Service Control Manager,System,696,852,DESKTOP-887GK2L,13,S-1-5-18,Start type of a service has changed,,,The start type of the Background Intelligent Transfer Service was changed from auto start to demand start,,,,,,BITS,False,C:\Users\turan\Desktop\defense-work-evtx-files\System.evtx,"Audit success, classic",0,"{""EventData"":{""Data"":[{""@Name"":""param1"",""#text"":""Background Intelligent Transfer Service""},{""@Name"":""param2"",""#text"":""auto start""},{""@Name"":""param3"",""#text"":""demand start""},{""@Name"":""param4"",""#text"":""BITS""}]}}"
1518,1518,2023-03-22 08:33:27.7519308,10016,Warning,Microsoft-Windows-DistributedCOM,System,376,4876,DESKTOP-887GK2L,13,S-1-5-21-3393683511-3463148672-371912004-1001,,,,,,,,,,,False,C:\Users\turan\Desktop\defense-work-evtx-files\System.evtx,"Audit success, classic",0,"{""EventData"":{""Data"":[{""@Name"":""param1"",""#text"":""machine-default""},{""@Name"":""param2"",""#text"":""Local""},{""@Name"":""param3"",""#text"":""Activation""},{""@Name"":""param4"",""#text"":""{C2F03A33-21F5-47FA-B4BB-156362A2F239}""},{""@Name"":""param5"",""#text"":""{316CDED5-E4AE-4B15-9113-7055D84DCC97}""},{""@Name"":""param6"",""#text"":""DESKTOP-887GK2L""},{""@Name"":""param7"",""#text"":""CyberJunkie""},{""@Name"":""param8"",""#text"":""S-1-5-21-3393683511-3463148672-371912004-1001""},{""@Name"":""param9"",""#text"":""LocalHost (Using LRPC)""},{""@Name"":""param10"",""#text"":""Microsoft.Windows.ShellExperienceHost_10.0.19041.1949_neutral_neutral_cw5n1h2txyewy""},{""@Name"":""param11"",""#text"":""S-1-15-2-155514346-2573954481-755741238-1654018636-1233331829-3075935687-2861478708""}]}}"
1519,1519,2023-03-22 08:34:50.6587016,16,Info,Microsoft-Windows-Kernel-General,System,7900,5160,DESKTOP-887GK2L,13,S-1-5-18,,,,,,,,,,,False,C:\Users\turan\Desktop\defense-work-evtx-files\System.evtx,Classic,0,"{""EventData"":{""Data"":[{""@Name"":""HiveNameLength"",""#text"":""85""},{""@Name"":""HiveName"",""#text"":""\\??\\C:\\ProgramData\\Microsoft\\Provisioning\\Microsoft-Desktop-Provisioning-Sequence.dat""},{""@Name"":""KeysUpdated"",""#text"":""0""},{""@Name"":""DirtyPages"",""#text"":""0""}]}}"
1520,1520,2023-03-22 08:34:51.4631841,7040,Info,Service Control Manager,System,696,9056,DESKTOP-887GK2L,13,S-1-5-18,Start type of a service has changed,,,The start type of the Windows Modules Installer was changed from demand start to auto start,,,,,,TrustedInstaller,False,C:\Users\turan\Desktop\defense-work-evtx-files\System.evtx,"Audit success, classic",0,"{""EventData"":{""Data"":[{""@Name"":""param1"",""#text"":""Windows Modules Installer""},{""@Name"":""param2"",""#text"":""demand start""},{""@Name"":""param3"",""#text"":""auto start""},{""@Name"":""param4"",""#text"":""TrustedInstaller""}]}}"
1521,1521,2023-03-22 08:34:51.7039310,43,Info,Microsoft-Windows-WindowsUpdateClient,System,2620,2996,DESKTOP-887GK2L,13,S-1-5-18,,,,,,,,,,,False,C:\Users\turan\Desktop\defense-work-evtx-files\System.evtx,0x8000000000002008,0,"{""EventData"":{""Data"":[{""@Name"":""updateTitle"",""#text"":""2022-08 Security Update for Windows 10 Version 21H2 for x64-based Systems (KB5012170)""},{""@Name"":""updateGuid"",""#text"":""01f7dc80-5870-4a79-bb59-fe9071e01405""},{""@Name"":""updateRevisionNumber"",""#text"":""201""}]}}"
1522,1522,2023-03-22 08:34:55.5787557,22,Info,Microsoft-Windows-UserModePowerService,System,900,4964,DESKTOP-887GK2L,13,S-1-5-18,,,,,,,,,,,False,C:\Users\turan\Desktop\defense-work-evtx-files\System.evtx,0x4000000000000000,0,"{""EventData"":{""Data"":{""@Name"":""Turn"",""#text"":""5""}}}"
1523,1523,2023-03-22 08:34:58.8516338,44,Info,Microsoft-Windows-WindowsUpdateClient,System,2620,5920,DESKTOP-887GK2L,13,S-1-5-18,,,,,,,,,,,False,C:\Users\turan\Desktop\defense-work-evtx-files\System.evtx,0x8000000000002004,0,"{""EventData"":{""Data"":[{""@Name"":""updateTitle"",""#text"":""9WZDNCRFJBMP-MICROSOFT.WINDOWSSTORE""},{""@Name"":""updateGuid"",""#text"":""d4ab615e-d955-4f95-95c6-c95a7c47ef8f""},{""@Name"":""updateRevisionNumber"",""#text"":""1""}]}}"
1524,1524,2023-03-22 08:34:58.8516364,44,Info,Microsoft-Windows-WindowsUpdateClient,System,2620,5920,DESKTOP-887GK2L,13,S-1-5-18,,,,,,,,,,,False,C:\Users\turan\Desktop\defense-work-evtx-files\System.evtx,0x8000000000002004,0,"{""EventData"":{""Data"":[{""@Name"":""updateTitle"",""#text"":""9PKDZBMV1H3T-Microsoft.GetHelp""},{""@Name"":""updateGuid"",""#text"":""ced82b25-290a-4ce5-b293-0226f2850ce2""},{""@Name"":""updateRevisionNumber"",""#text"":""1""}]}}"
1525,1525,2023-03-22 08:35:04.2860249,44,Info,Microsoft-Windows-WindowsUpdateClient,System,2620,5920,DESKTOP-887GK2L,13,S-1-5-18,,,,,,,,,,,False,C:\Users\turan\Desktop\defense-work-evtx-files\System.evtx,0x8000000000002004,0,"{""EventData"":{""Data"":[{""@Name"":""updateTitle"",""#text"":""9N00JJ7S3L39-Microsoft.UI.Xaml.2.0""},{""@Name"":""updateGuid"",""#text"":""337a3b79-2ca8-4d9c-a597-c4e2d8e95852""},{""@Name"":""updateRevisionNumber"",""#text"":""1""}]}}"
1526,1526,2023-03-22 08:35:04.2860284,44,Info,Microsoft-Windows-WindowsUpdateClient,System,2620,5920,DESKTOP-887GK2L,13,S-1-5-18,,,,,,,,,,,False,C:\Users\turan\Desktop\defense-work-evtx-files\System.evtx,0x8000000000002004,0,"{""EventData"":{""Data"":[{""@Name"":""updateTitle"",""#text"":""9NBLGGH5FV99-Microsoft.MSPaint""},{""@Name"":""updateGuid"",""#text"":""fc74fe7e-d744-4d50-9610-444f6cf8b620""},{""@Name"":""updateRevisionNumber"",""#text"":""1""}]}}"
1527,1527,2023-03-22 08:35:06.2932871,7040,Info,Service Control Manager,System,696,9056,DESKTOP-887GK2L,13,S-1-5-18,Start type of a service has changed,,,The start type of the Windows Modules Installer was changed from auto start to demand start,,,,,,TrustedInstaller,False,C:\Users\turan\Desktop\defense-work-evtx-files\System.evtx,"Audit success, classic",0,"{""EventData"":{""Data"":[{""@Name"":""param1"",""#text"":""Windows Modules Installer""},{""@Name"":""param2"",""#text"":""auto start""},{""@Name"":""param3"",""#text"":""demand start""},{""@Name"":""param4"",""#text"":""TrustedInstaller""}]}}"
1528,1528,2023-03-22 08:35:06.5432656,7040,Info,Service Control Manager,System,696,9056,DESKTOP-887GK2L,13,S-1-5-18,Start type of a service has changed,,,The start type of the Windows Modules Installer was changed from demand start to auto start,,,,,,TrustedInstaller,False,C:\Users\turan\Desktop\defense-work-evtx-files\System.evtx,"Audit success, classic",0,"{""EventData"":{""Data"":[{""@Name"":""param1"",""#text"":""Windows Modules Installer""},{""@Name"":""param2"",""#text"":""demand start""},{""@Name"":""param3"",""#text"":""auto start""},{""@Name"":""param4"",""#text"":""TrustedInstaller""}]}}"
1529,1529,2023-03-22 08:35:08.0279540,7045,Info,Service Control Manager,System,696,4020,DESKTOP-887GK2L,13,S-1-5-18,A new service was installed in the system,,,Name: MpKsl23e3b2bf,StartType: demand start,"Account: ",,,,C:\ProgramData\Microsoft\Windows Defender\Definition Updates\{7C8CA89F-6268-477B-A06A-DEDCEC8C784B}\MpKslDrv.sys,False,C:\Users\turan\Desktop\defense-work-evtx-files\System.evtx,"Audit success, classic",0,"{""EventData"":{""Data"":[{""@Name"":""ServiceName"",""#text"":""MpKsl23e3b2bf""},{""@Name"":""ImagePath"",""#text"":""C:\\ProgramData\\Microsoft\\Windows Defender\\Definition Updates\\{7C8CA89F-6268-477B-A06A-DEDCEC8C784B}\\MpKslDrv.sys""},{""@Name"":""ServiceType"",""#text"":""kernel mode driver""},{""@Name"":""StartType"",""#text"":""demand start""},{""@Name"":""AccountName""}]}}"
