1165,1165,2023-03-10 02:45:26.4509252,10016,Warning,Microsoft-Windows-DistributedCOM,System,452,6348,DESKTOP-887GK2L,10,S-1-5-21-3393683511-3463148672-371912004-1001,,,,,,,,,,,False,C:\Users\turan\Desktop\defense-work-evtx-files\System.evtx,"Audit success, classic",0,"{""EventData"":{""Data"":[{""@Name"":""param1"",""#text"":""machine-default""},{""@Name"":""param2"",""#text"":""Local""},{""@Name"":""param3"",""#text"":""Activation""},{""@Name"":""param4"",""#text"":""{C2F03A33-21F5-47FA-B4BB-156362A2F239}""},{""@Name"":""param5"",""#text"":""{316CDED5-E4AE-4B15-9113-7055D84DCC97}""},{""@Name"":""param6"",""#text"":""DESKTOP-887GK2L""},{""@Name"":""param7"",""#text"":""CyberJunkie""},{""@Name"":""param8"",""#text"":""S-1-5-21-3393683511-3463148672-371912004-1001""},{""@Name"":""param9"",""#text"":""LocalHost (Using LRPC)""},{""@Name"":""param10"",""#text"":""Microsoft.Windows.ShellExperienceHost_10.0.19041.1023_neutral_neutral_cw5n1h2txyewy""},{""@Name"":""param11"",""#text"":""S-1-15-2-155514346-2573954481-755741238-1654018636-1233331829-3075935687-2861478708""}]}}"
1166,1166,2023-03-10 02:45:26.4664343,10016,Warning,Microsoft-Windows-DistributedCOM,System,452,7772,DESKTOP-887GK2L,10,S-1-5-21-3393683511-3463148672-371912004-1001,,,,,,,,,,,False,C:\Users\turan\Desktop\defense-work-evtx-files\System.evtx,"Audit success, classic",0,"{""EventData"":{""Data"":[{""@Name"":""param1"",""#text"":""machine-default""},{""@Name"":""param2"",""#text"":""Local""},{""@Name"":""param3"",""#text"":""Activation""},{""@Name"":""param4"",""#text"":""{C2F03A33-21F5-47FA-B4BB-156362A2F239}""},{""@Name"":""param5"",""#text"":""{316CDED5-E4AE-4B15-9113-7055D84DCC97}""},{""@Name"":""param6"",""#text"":""DESKTOP-887GK2L""},{""@Name"":""param7"",""#text"":""CyberJunkie""},{""@Name"":""param8"",""#text"":""S-1-5-21-3393683511-3463148672-371912004-1001""},{""@Name"":""param9"",""#text"":""LocalHost (Using LRPC)""},{""@Name"":""param10"",""#text"":""Microsoft.Windows.ShellExperienceHost_10.0.19041.1023_neutral_neutral_cw5n1h2txyewy""},{""@Name"":""param11"",""#text"":""S-1-15-2-155514346-2573954481-755741238-1654018636-1233331829-3075935687-2861478708""}]}}"
1167,1167,2023-03-10 02:45:26.5616516,10016,Warning,Microsoft-Windows-DistributedCOM,System,452,7352,DESKTOP-887GK2L,10,S-1-5-21-3393683511-3463148672-371912004-1001,,,,,,,,,,,False,C:\Users\turan\Desktop\defense-work-evtx-files\System.evtx,"Audit success, classic",0,"{""EventData"":{""Data"":[{""@Name"":""param1"",""#text"":""machine-default""},{""@Name"":""param2"",""#text"":""Local""},{""@Name"":""param3"",""#text"":""Activation""},{""@Name"":""param4"",""#text"":""{C2F03A33-21F5-47FA-B4BB-156362A2F239}""},{""@Name"":""param5"",""#text"":""{316CDED5-E4AE-4B15-9113-7055D84DCC97}""},{""@Name"":""param6"",""#text"":""DESKTOP-887GK2L""},{""@Name"":""param7"",""#text"":""CyberJunkie""},{""@Name"":""param8"",""#text"":""S-1-5-21-3393683511-3463148672-371912004-1001""},{""@Name"":""param9"",""#text"":""LocalHost (Using LRPC)""},{""@Name"":""param10"",""#text"":""Microsoft.Windows.ShellExperienceHost_10.0.19041.1023_neutral_neutral_cw5n1h2txyewy""},{""@Name"":""param11"",""#text"":""S-1-15-2-155514346-2573954481-755741238-1654018636-1233331829-3075935687-2861478708""}]}}"
1168,1168,2023-03-10 02:45:26.5655810,10016,Warning,Microsoft-Windows-DistributedCOM,System,452,7772,DESKTOP-887GK2L,10,S-1-5-21-3393683511-3463148672-371912004-1001,,,,,,,,,,,False,C:\Users\turan\Desktop\defense-work-evtx-files\System.evtx,"Audit success, classic",0,"{""EventData"":{""Data"":[{""@Name"":""param1"",""#text"":""machine-default""},{""@Name"":""param2"",""#text"":""Local""},{""@Name"":""param3"",""#text"":""Activation""},{""@Name"":""param4"",""#text"":""{C2F03A33-21F5-47FA-B4BB-156362A2F239}""},{""@Name"":""param5"",""#text"":""{316CDED5-E4AE-4B15-9113-7055D84DCC97}""},{""@Name"":""param6"",""#text"":""DESKTOP-887GK2L""},{""@Name"":""param7"",""#text"":""CyberJunkie""},{""@Name"":""param8"",""#text"":""S-1-5-21-3393683511-3463148672-371912004-1001""},{""@Name"":""param9"",""#text"":""LocalHost (Using LRPC)""},{""@Name"":""param10"",""#text"":""Microsoft.Windows.ShellExperienceHost_10.0.19041.1023_neutral_neutral_cw5n1h2txyewy""},{""@Name"":""param11"",""#text"":""S-1-15-2-155514346-2573954481-755741238-1654018636-1233331829-3075935687-2861478708""}]}}"
1169,1169,2023-03-10 02:45:39.2231573,7045,Info,Service Control Manager,System,776,8272,DESKTOP-887GK2L,10,S-1-5-18,A new service was installed in the system,,,Name: zmhzvzxa,StartType: system start,"Account: ",,,,C:\Windows\system32\drivers\zmhzvzxa.sys,False,C:\Users\turan\Desktop\defense-work-evtx-files\System.evtx,"Audit success, classic",0,"{""EventData"":{""Data"":[{""@Name"":""ServiceName"",""#text"":""zmhzvzxa""},{""@Name"":""ImagePath"",""#text"":""C:\\Windows\\system32\\drivers\\zmhzvzxa.sys""},{""@Name"":""ServiceType"",""#text"":""kernel mode driver""},{""@Name"":""StartType"",""#text"":""system start""},{""@Name"":""AccountName""}]}}"
1170,1170,2023-03-10 02:45:39.2701735,10016,Warning,Microsoft-Windows-DistributedCOM,System,452,7772,DESKTOP-887GK2L,10,S-1-5-21-3393683511-3463148672-371912004-1001,,,,,,,,,,,False,C:\Users\turan\Desktop\defense-work-evtx-files\System.evtx,"Audit success, classic",0,"{""EventData"":{""Data"":[{""@Name"":""param1"",""#text"":""machine-default""},{""@Name"":""param2"",""#text"":""Local""},{""@Name"":""param3"",""#text"":""Activation""},{""@Name"":""param4"",""#text"":""{C2F03A33-21F5-47FA-B4BB-156362A2F239}""},{""@Name"":""param5"",""#text"":""{316CDED5-E4AE-4B15-9113-7055D84DCC97}""},{""@Name"":""param6"",""#text"":""DESKTOP-887GK2L""},{""@Name"":""param7"",""#text"":""CyberJunkie""},{""@Name"":""param8"",""#text"":""S-1-5-21-3393683511-3463148672-371912004-1001""},{""@Name"":""param9"",""#text"":""LocalHost (Using LRPC)""},{""@Name"":""param10"",""#text"":""Microsoft.Windows.ShellExperienceHost_10.0.19041.1023_neutral_neutral_cw5n1h2txyewy""},{""@Name"":""param11"",""#text"":""S-1-15-2-155514346-2573954481-755741238-1654018636-1233331829-3075935687-2861478708""}]}}"
1171,1171,2023-03-10 02:45:39.3872126,10016,Warning,Microsoft-Windows-DistributedCOM,System,452,3080,DESKTOP-887GK2L,10,S-1-5-21-3393683511-3463148672-371912004-1001,,,,,,,,,,,False,C:\Users\turan\Desktop\defense-work-evtx-files\System.evtx,"Audit success, classic",0,"{""EventData"":{""Data"":[{""@Name"":""param1"",""#text"":""machine-default""},{""@Name"":""param2"",""#text"":""Local""},{""@Name"":""param3"",""#text"":""Activation""},{""@Name"":""param4"",""#text"":""{C2F03A33-21F5-47FA-B4BB-156362A2F239}""},{""@Name"":""param5"",""#text"":""{316CDED5-E4AE-4B15-9113-7055D84DCC97}""},{""@Name"":""param6"",""#text"":""DESKTOP-887GK2L""},{""@Name"":""param7"",""#text"":""CyberJunkie""},{""@Name"":""param8"",""#text"":""S-1-5-21-3393683511-3463148672-371912004-1001""},{""@Name"":""param9"",""#text"":""LocalHost (Using LRPC)""},{""@Name"":""param10"",""#text"":""Microsoft.Windows.ShellExperienceHost_10.0.19041.1023_neutral_neutral_cw5n1h2txyewy""},{""@Name"":""param11"",""#text"":""S-1-15-2-155514346-2573954481-755741238-1654018636-1233331829-3075935687-2861478708""}]}}"
1172,1172,2023-03-10 02:45:52.2026220,7045,Info,Service Control Manager,System,776,5864,DESKTOP-887GK2L,10,S-1-5-18,A new service was installed in the system,,,Name: nohhftun,StartType: system start,"Account: ",,,,C:\Windows\system32\drivers\nohhftun.sys,False,C:\Users\turan\Desktop\defense-work-evtx-files\System.evtx,"Audit success, classic",0,"{""EventData"":{""Data"":[{""@Name"":""ServiceName"",""#text"":""nohhftun""},{""@Name"":""ImagePath"",""#text"":""C:\\Windows\\system32\\drivers\\nohhftun.sys""},{""@Name"":""ServiceType"",""#text"":""kernel mode driver""},{""@Name"":""StartType"",""#text"":""system start""},{""@Name"":""AccountName""}]}}"
1173,1173,2023-03-10 02:45:52.2651438,10016,Warning,Microsoft-Windows-DistributedCOM,System,452,7352,DESKTOP-887GK2L,10,S-1-5-21-3393683511-3463148672-371912004-1001,,,,,,,,,,,False,C:\Users\turan\Desktop\defense-work-evtx-files\System.evtx,"Audit success, classic",0,"{""EventData"":{""Data"":[{""@Name"":""param1"",""#text"":""machine-default""},{""@Name"":""param2"",""#text"":""Local""},{""@Name"":""param3"",""#text"":""Activation""},{""@Name"":""param4"",""#text"":""{C2F03A33-21F5-47FA-B4BB-156362A2F239}""},{""@Name"":""param5"",""#text"":""{316CDED5-E4AE-4B15-9113-7055D84DCC97}""},{""@Name"":""param6"",""#text"":""DESKTOP-887GK2L""},{""@Name"":""param7"",""#text"":""CyberJunkie""},{""@Name"":""param8"",""#text"":""S-1-5-21-3393683511-3463148672-371912004-1001""},{""@Name"":""param9"",""#text"":""LocalHost (Using LRPC)""},{""@Name"":""param10"",""#text"":""Microsoft.Windows.ShellExperienceHost_10.0.19041.1023_neutral_neutral_cw5n1h2txyewy""},{""@Name"":""param11"",""#text"":""S-1-15-2-155514346-2573954481-755741238-1654018636-1233331829-3075935687-2861478708""}]}}"
1174,1174,2023-03-10 02:45:52.3896438,10016,Warning,Microsoft-Windows-DistributedCOM,System,452,7772,DESKTOP-887GK2L,10,S-1-5-21-3393683511-3463148672-371912004-1001,,,,,,,,,,,False,C:\Users\turan\Desktop\defense-work-evtx-files\System.evtx,"Audit success, classic",0,"{""EventData"":{""Data"":[{""@Name"":""param1"",""#text"":""machine-default""},{""@Name"":""param2"",""#text"":""Local""},{""@Name"":""param3"",""#text"":""Activation""},{""@Name"":""param4"",""#text"":""{C2F03A33-21F5-47FA-B4BB-156362A2F239}""},{""@Name"":""param5"",""#text"":""{316CDED5-E4AE-4B15-9113-7055D84DCC97}""},{""@Name"":""param6"",""#text"":""DESKTOP-887GK2L""},{""@Name"":""param7"",""#text"":""CyberJunkie""},{""@Name"":""param8"",""#text"":""S-1-5-21-3393683511-3463148672-371912004-1001""},{""@Name"":""param9"",""#text"":""LocalHost (Using LRPC)""},{""@Name"":""param10"",""#text"":""Microsoft.Windows.ShellExperienceHost_10.0.19041.1023_neutral_neutral_cw5n1h2txyewy""},{""@Name"":""param11"",""#text"":""S-1-15-2-155514346-2573954481-755741238-1654018636-1233331829-3075935687-2861478708""}]}}"
1175,1175,2023-03-10 02:46:04.9313492,7045,Info,Service Control Manager,System,776,5864,DESKTOP-887GK2L,10,S-1-5-18,A new service was installed in the system,,,Name: ovoweoii,StartType: system start,"Account: ",,,,C:\Windows\system32\drivers\ovoweoii.sys,False,C:\Users\turan\Desktop\defense-work-evtx-files\System.evtx,"Audit success, classic",0,"{""EventData"":{""Data"":[{""@Name"":""ServiceName"",""#text"":""ovoweoii""},{""@Name"":""ImagePath"",""#text"":""C:\\Windows\\system32\\drivers\\ovoweoii.sys""},{""@Name"":""ServiceType"",""#text"":""kernel mode driver""},{""@Name"":""StartType"",""#text"":""system start""},{""@Name"":""AccountName""}]}}"
1176,1176,2023-03-10 02:46:04.9783436,10016,Warning,Microsoft-Windows-DistributedCOM,System,452,3080,DESKTOP-887GK2L,10,S-1-5-21-3393683511-3463148672-371912004-1001,,,,,,,,,,,False,C:\Users\turan\Desktop\defense-work-evtx-files\System.evtx,"Audit success, classic",0,"{""EventData"":{""Data"":[{""@Name"":""param1"",""#text"":""machine-default""},{""@Name"":""param2"",""#text"":""Local""},{""@Name"":""param3"",""#text"":""Activation""},{""@Name"":""param4"",""#text"":""{C2F03A33-21F5-47FA-B4BB-156362A2F239}""},{""@Name"":""param5"",""#text"":""{316CDED5-E4AE-4B15-9113-7055D84DCC97}""},{""@Name"":""param6"",""#text"":""DESKTOP-887GK2L""},{""@Name"":""param7"",""#text"":""CyberJunkie""},{""@Name"":""param8"",""#text"":""S-1-5-21-3393683511-3463148672-371912004-1001""},{""@Name"":""param9"",""#text"":""LocalHost (Using LRPC)""},{""@Name"":""param10"",""#text"":""Microsoft.Windows.ShellExperienceHost_10.0.19041.1023_neutral_neutral_cw5n1h2txyewy""},{""@Name"":""param11"",""#text"":""S-1-15-2-155514346-2573954481-755741238-1654018636-1233331829-3075935687-2861478708""}]}}"
1177,1177,2023-03-10 02:46:17.8025856,7045,Info,Service Control Manager,System,776,8272,DESKTOP-887GK2L,10,S-1-5-18,A new service was installed in the system,,,Name: ptpzfbjh,StartType: system start,"Account: ",,,,C:\Windows\system32\drivers\ptpzfbjh.sys,False,C:\Users\turan\Desktop\defense-work-evtx-files\System.evtx,"Audit success, classic",0,"{""EventData"":{""Data"":[{""@Name"":""ServiceName"",""#text"":""ptpzfbjh""},{""@Name"":""ImagePath"",""#text"":""C:\\Windows\\system32\\drivers\\ptpzfbjh.sys""},{""@Name"":""ServiceType"",""#text"":""kernel mode driver""},{""@Name"":""StartType"",""#text"":""system start""},{""@Name"":""AccountName""}]}}"
1178,1178,2023-03-10 02:46:17.8650985,10016,Warning,Microsoft-Windows-DistributedCOM,System,452,6544,DESKTOP-887GK2L,10,S-1-5-21-3393683511-3463148672-371912004-1001,,,,,,,,,,,False,C:\Users\turan\Desktop\defense-work-evtx-files\System.evtx,"Audit success, classic",0,"{""EventData"":{""Data"":[{""@Name"":""param1"",""#text"":""machine-default""},{""@Name"":""param2"",""#text"":""Local""},{""@Name"":""param3"",""#text"":""Activation""},{""@Name"":""param4"",""#text"":""{C2F03A33-21F5-47FA-B4BB-156362A2F239}""},{""@Name"":""param5"",""#text"":""{316CDED5-E4AE-4B15-9113-7055D84DCC97}""},{""@Name"":""param6"",""#text"":""DESKTOP-887GK2L""},{""@Name"":""param7"",""#text"":""CyberJunkie""},{""@Name"":""param8"",""#text"":""S-1-5-21-3393683511-3463148672-371912004-1001""},{""@Name"":""param9"",""#text"":""LocalHost (Using LRPC)""},{""@Name"":""param10"",""#text"":""Microsoft.Windows.ShellExperienceHost_10.0.19041.1023_neutral_neutral_cw5n1h2txyewy""},{""@Name"":""param11"",""#text"":""S-1-15-2-155514346-2573954481-755741238-1654018636-1233331829-3075935687-2861478708""}]}}"
1179,1179,2023-03-10 02:46:17.8650985,10016,Warning,Microsoft-Windows-DistributedCOM,System,452,4112,DESKTOP-887GK2L,10,S-1-5-21-3393683511-3463148672-371912004-1001,,,,,,,,,,,False,C:\Users\turan\Desktop\defense-work-evtx-files\System.evtx,"Audit success, classic",0,"{""EventData"":{""Data"":[{""@Name"":""param1"",""#text"":""machine-default""},{""@Name"":""param2"",""#text"":""Local""},{""@Name"":""param3"",""#text"":""Activation""},{""@Name"":""param4"",""#text"":""{C2F03A33-21F5-47FA-B4BB-156362A2F239}""},{""@Name"":""param5"",""#text"":""{316CDED5-E4AE-4B15-9113-7055D84DCC97}""},{""@Name"":""param6"",""#text"":""DESKTOP-887GK2L""},{""@Name"":""param7"",""#text"":""CyberJunkie""},{""@Name"":""param8"",""#text"":""S-1-5-21-3393683511-3463148672-371912004-1001""},{""@Name"":""param9"",""#text"":""LocalHost (Using LRPC)""},{""@Name"":""param10"",""#text"":""Microsoft.Windows.ShellExperienceHost_10.0.19041.1023_neutral_neutral_cw5n1h2txyewy""},{""@Name"":""param11"",""#text"":""S-1-15-2-155514346-2573954481-755741238-1654018636-1233331829-3075935687-2861478708""}]}}"
1180,1180,2023-03-10 02:46:17.9916542,10016,Warning,Microsoft-Windows-DistributedCOM,System,452,6544,DESKTOP-887GK2L,10,S-1-5-21-3393683511-3463148672-371912004-1001,,,,,,,,,,,False,C:\Users\turan\Desktop\defense-work-evtx-files\System.evtx,"Audit success, classic",0,"{""EventData"":{""Data"":[{""@Name"":""param1"",""#text"":""machine-default""},{""@Name"":""param2"",""#text"":""Local""},{""@Name"":""param3"",""#text"":""Activation""},{""@Name"":""param4"",""#text"":""{C2F03A33-21F5-47FA-B4BB-156362A2F239}""},{""@Name"":""param5"",""#text"":""{316CDED5-E4AE-4B15-9113-7055D84DCC97}""},{""@Name"":""param6"",""#text"":""DESKTOP-887GK2L""},{""@Name"":""param7"",""#text"":""CyberJunkie""},{""@Name"":""param8"",""#text"":""S-1-5-21-3393683511-3463148672-371912004-1001""},{""@Name"":""param9"",""#text"":""LocalHost (Using LRPC)""},{""@Name"":""param10"",""#text"":""Microsoft.Windows.ShellExperienceHost_10.0.19041.1023_neutral_neutral_cw5n1h2txyewy""},{""@Name"":""param11"",""#text"":""S-1-15-2-155514346-2573954481-755741238-1654018636-1233331829-3075935687-2861478708""}]}}"
1181,1181,2023-03-10 02:46:17.9957346,10016,Warning,Microsoft-Windows-DistributedCOM,System,452,5376,DESKTOP-887GK2L,10,S-1-5-21-3393683511-3463148672-371912004-1001,,,,,,,,,,,False,C:\Users\turan\Desktop\defense-work-evtx-files\System.evtx,"Audit success, classic",0,"{""EventData"":{""Data"":[{""@Name"":""param1"",""#text"":""machine-default""},{""@Name"":""param2"",""#text"":""Local""},{""@Name"":""param3"",""#text"":""Activation""},{""@Name"":""param4"",""#text"":""{C2F03A33-21F5-47FA-B4BB-156362A2F239}""},{""@Name"":""param5"",""#text"":""{316CDED5-E4AE-4B15-9113-7055D84DCC97}""},{""@Name"":""param6"",""#text"":""DESKTOP-887GK2L""},{""@Name"":""param7"",""#text"":""CyberJunkie""},{""@Name"":""param8"",""#text"":""S-1-5-21-3393683511-3463148672-371912004-1001""},{""@Name"":""param9"",""#text"":""LocalHost (Using LRPC)""},{""@Name"":""param10"",""#text"":""Microsoft.Windows.ShellExperienceHost_10.0.19041.1023_neutral_neutral_cw5n1h2txyewy""},{""@Name"":""param11"",""#text"":""S-1-15-2-155514346-2573954481-755741238-1654018636-1233331829-3075935687-2861478708""}]}}"
1182,1182,2023-03-10 02:46:31.0022412,7045,Info,Service Control Manager,System,776,8272,DESKTOP-887GK2L,10,S-1-5-18,A new service was installed in the system,,,Name: zoyitbut,StartType: system start,"Account: ",,,,C:\Windows\system32\drivers\zoyitbut.sys,False,C:\Users\turan\Desktop\defense-work-evtx-files\System.evtx,"Audit success, classic",0,"{""EventData"":{""Data"":[{""@Name"":""ServiceName"",""#text"":""zoyitbut""},{""@Name"":""ImagePath"",""#text"":""C:\\Windows\\system32\\drivers\\zoyitbut.sys""},{""@Name"":""ServiceType"",""#text"":""kernel mode driver""},{""@Name"":""StartType"",""#text"":""system start""},{""@Name"":""AccountName""}]}}"
1183,1183,2023-03-10 02:46:31.0803334,10016,Warning,Microsoft-Windows-DistributedCOM,System,452,2372,DESKTOP-887GK2L,10,S-1-5-21-3393683511-3463148672-371912004-1001,,,,,,,,,,,False,C:\Users\turan\Desktop\defense-work-evtx-files\System.evtx,"Audit success, classic",0,"{""EventData"":{""Data"":[{""@Name"":""param1"",""#text"":""machine-default""},{""@Name"":""param2"",""#text"":""Local""},{""@Name"":""param3"",""#text"":""Activation""},{""@Name"":""param4"",""#text"":""{C2F03A33-21F5-47FA-B4BB-156362A2F239}""},{""@Name"":""param5"",""#text"":""{316CDED5-E4AE-4B15-9113-7055D84DCC97}""},{""@Name"":""param6"",""#text"":""DESKTOP-887GK2L""},{""@Name"":""param7"",""#text"":""CyberJunkie""},{""@Name"":""param8"",""#text"":""S-1-5-21-3393683511-3463148672-371912004-1001""},{""@Name"":""param9"",""#text"":""LocalHost (Using LRPC)""},{""@Name"":""param10"",""#text"":""Microsoft.Windows.ShellExperienceHost_10.0.19041.1023_neutral_neutral_cw5n1h2txyewy""},{""@Name"":""param11"",""#text"":""S-1-15-2-155514346-2573954481-755741238-1654018636-1233331829-3075935687-2861478708""}]}}"
1184,1184,2023-03-10 02:46:31.0803334,10016,Warning,Microsoft-Windows-DistributedCOM,System,452,4112,DESKTOP-887GK2L,10,S-1-5-21-3393683511-3463148672-371912004-1001,,,,,,,,,,,False,C:\Users\turan\Desktop\defense-work-evtx-files\System.evtx,"Audit success, classic",0,"{""EventData"":{""Data"":[{""@Name"":""param1"",""#text"":""machine-default""},{""@Name"":""param2"",""#text"":""Local""},{""@Name"":""param3"",""#text"":""Activation""},{""@Name"":""param4"",""#text"":""{C2F03A33-21F5-47FA-B4BB-156362A2F239}""},{""@Name"":""param5"",""#text"":""{316CDED5-E4AE-4B15-9113-7055D84DCC97}""},{""@Name"":""param6"",""#text"":""DESKTOP-887GK2L""},{""@Name"":""param7"",""#text"":""CyberJunkie""},{""@Name"":""param8"",""#text"":""S-1-5-21-3393683511-3463148672-371912004-1001""},{""@Name"":""param9"",""#text"":""LocalHost (Using LRPC)""},{""@Name"":""param10"",""#text"":""Microsoft.Windows.ShellExperienceHost_10.0.19041.1023_neutral_neutral_cw5n1h2txyewy""},{""@Name"":""param11"",""#text"":""S-1-15-2-155514346-2573954481-755741238-1654018636-1233331829-3075935687-2861478708""}]}}"
1185,1185,2023-03-10 02:46:31.2458538,10016,Warning,Microsoft-Windows-DistributedCOM,System,452,5376,DESKTOP-887GK2L,10,S-1-5-21-3393683511-3463148672-371912004-1001,,,,,,,,,,,False,C:\Users\turan\Desktop\defense-work-evtx-files\System.evtx,"Audit success, classic",0,"{""EventData"":{""Data"":[{""@Name"":""param1"",""#text"":""machine-default""},{""@Name"":""param2"",""#text"":""Local""},{""@Name"":""param3"",""#text"":""Activation""},{""@Name"":""param4"",""#text"":""{C2F03A33-21F5-47FA-B4BB-156362A2F239}""},{""@Name"":""param5"",""#text"":""{316CDED5-E4AE-4B15-9113-7055D84DCC97}""},{""@Name"":""param6"",""#text"":""DESKTOP-887GK2L""},{""@Name"":""param7"",""#text"":""CyberJunkie""},{""@Name"":""param8"",""#text"":""S-1-5-21-3393683511-3463148672-371912004-1001""},{""@Name"":""param9"",""#text"":""LocalHost (Using LRPC)""},{""@Name"":""param10"",""#text"":""Microsoft.Windows.ShellExperienceHost_10.0.19041.1023_neutral_neutral_cw5n1h2txyewy""},{""@Name"":""param11"",""#text"":""S-1-15-2-155514346-2573954481-755741238-1654018636-1233331829-3075935687-2861478708""}]}}"
1186,1186,2023-03-10 02:46:31.2738617,10016,Warning,Microsoft-Windows-DistributedCOM,System,452,5376,DESKTOP-887GK2L,10,S-1-5-21-3393683511-3463148672-371912004-1001,,,,,,,,,,,False,C:\Users\turan\Desktop\defense-work-evtx-files\System.evtx,"Audit success, classic",0,"{""EventData"":{""Data"":[{""@Name"":""param1"",""#text"":""machine-default""},{""@Name"":""param2"",""#text"":""Local""},{""@Name"":""param3"",""#text"":""Activation""},{""@Name"":""param4"",""#text"":""{C2F03A33-21F5-47FA-B4BB-156362A2F239}""},{""@Name"":""param5"",""#text"":""{316CDED5-E4AE-4B15-9113-7055D84DCC97}""},{""@Name"":""param6"",""#text"":""DESKTOP-887GK2L""},{""@Name"":""param7"",""#text"":""CyberJunkie""},{""@Name"":""param8"",""#text"":""S-1-5-21-3393683511-3463148672-371912004-1001""},{""@Name"":""param9"",""#text"":""LocalHost (Using LRPC)""},{""@Name"":""param10"",""#text"":""Microsoft.Windows.ShellExperienceHost_10.0.19041.1023_neutral_neutral_cw5n1h2txyewy""},{""@Name"":""param11"",""#text"":""S-1-15-2-155514346-2573954481-755741238-1654018636-1233331829-3075935687-2861478708""}]}}"
1187,1187,2023-03-10 02:46:35.4935499,10016,Warning,Microsoft-Windows-DistributedCOM,System,452,6544,DESKTOP-887GK2L,10,S-1-5-21-3393683511-3463148672-371912004-1001,,,,,,,,,,,False,C:\Users\turan\Desktop\defense-work-evtx-files\System.evtx,"Audit success, classic",0,"{""EventData"":{""Data"":[{""@Name"":""param1"",""#text"":""machine-default""},{""@Name"":""param2"",""#text"":""Local""},{""@Name"":""param3"",""#text"":""Activation""},{""@Name"":""param4"",""#text"":""{C2F03A33-21F5-47FA-B4BB-156362A2F239}""},{""@Name"":""param5"",""#text"":""{316CDED5-E4AE-4B15-9113-7055D84DCC97}""},{""@Name"":""param6"",""#text"":""DESKTOP-887GK2L""},{""@Name"":""param7"",""#text"":""CyberJunkie""},{""@Name"":""param8"",""#text"":""S-1-5-21-3393683511-3463148672-371912004-1001""},{""@Name"":""param9"",""#text"":""LocalHost (Using LRPC)""},{""@Name"":""param10"",""#text"":""Microsoft.Windows.ShellExperienceHost_10.0.19041.1023_neutral_neutral_cw5n1h2txyewy""},{""@Name"":""param11"",""#text"":""S-1-15-2-155514346-2573954481-755741238-1654018636-1233331829-3075935687-2861478708""}]}}"
1188,1188,2023-03-10 02:46:35.5090872,10016,Warning,Microsoft-Windows-DistributedCOM,System,452,6544,DESKTOP-887GK2L,10,S-1-5-21-3393683511-3463148672-371912004-1001,,,,,,,,,,,False,C:\Users\turan\Desktop\defense-work-evtx-files\System.evtx,"Audit success, classic",0,"{""EventData"":{""Data"":[{""@Name"":""param1"",""#text"":""machine-default""},{""@Name"":""param2"",""#text"":""Local""},{""@Name"":""param3"",""#text"":""Activation""},{""@Name"":""param4"",""#text"":""{C2F03A33-21F5-47FA-B4BB-156362A2F239}""},{""@Name"":""param5"",""#text"":""{316CDED5-E4AE-4B15-9113-7055D84DCC97}""},{""@Name"":""param6"",""#text"":""DESKTOP-887GK2L""},{""@Name"":""param7"",""#text"":""CyberJunkie""},{""@Name"":""param8"",""#text"":""S-1-5-21-3393683511-3463148672-371912004-1001""},{""@Name"":""param9"",""#text"":""LocalHost (Using LRPC)""},{""@Name"":""param10"",""#text"":""Microsoft.Windows.ShellExperienceHost_10.0.19041.1023_neutral_neutral_cw5n1h2txyewy""},{""@Name"":""param11"",""#text"":""S-1-15-2-155514346-2573954481-755741238-1654018636-1233331829-3075935687-2861478708""}]}}"
1189,1189,2023-03-10 02:46:36.1219023,1014,Warning,Microsoft-Windows-DNS-Client,System,2148,5016,DESKTOP-887GK2L,10,S-1-5-20,,,,,,,,,,,False,C:\Users\turan\Desktop\defense-work-evtx-files\System.evtx,0x4000000010000000,0,"{""EventData"":{""Data"":[{""@Name"":""QueryName"",""#text"":""wpad""},{""@Name"":""AddressLength"",""#text"":""128""},{""@Name"":""Address"",""#text"":""02-00-00-00-AC-11-4F-02-00-00-00-00-00-00-00-00-00-00-00-00-00-00-00-00-00-00-00-00-00-00-00-00-00-00-00-00-00-00-00-00-00-00-00-00-00-00-00-00-00-00-00-00-00-00-00-00-00-00-00-00-00-00-00-00-00-00-00-00-00-00-00-00-00-00-00-00-00-00-00-00-00-00-00-00-00-00-00-00-00-00-00-00-00-00-00-00-00-00-00-00-00-00-00-00-00-00-00-00-00-00-00-00-00-00-00-00-00-00-00-00-00-00-00-00-00-00-00-00""}]}}"
1190,1190,2023-03-10 02:46:38.9654437,10016,Warning,Microsoft-Windows-DistributedCOM,System,452,2372,DESKTOP-887GK2L,10,S-1-5-21-3393683511-3463148672-371912004-1001,,,,,,,,,,,False,C:\Users\turan\Desktop\defense-work-evtx-files\System.evtx,"Audit success, classic",0,"{""EventData"":{""Data"":[{""@Name"":""param1"",""#text"":""machine-default""},{""@Name"":""param2"",""#text"":""Local""},{""@Name"":""param3"",""#text"":""Activation""},{""@Name"":""param4"",""#text"":""{C2F03A33-21F5-47FA-B4BB-156362A2F239}""},{""@Name"":""param5"",""#text"":""{316CDED5-E4AE-4B15-9113-7055D84DCC97}""},{""@Name"":""param6"",""#text"":""DESKTOP-887GK2L""},{""@Name"":""param7"",""#text"":""CyberJunkie""},{""@Name"":""param8"",""#text"":""S-1-5-21-3393683511-3463148672-371912004-1001""},{""@Name"":""param9"",""#text"":""LocalHost (Using LRPC)""},{""@Name"":""param10"",""#text"":""Microsoft.Windows.ShellExperienceHost_10.0.19041.1023_neutral_neutral_cw5n1h2txyewy""},{""@Name"":""param11"",""#text"":""S-1-15-2-155514346-2573954481-755741238-1654018636-1233331829-3075935687-2861478708""}]}}"
1191,1191,2023-03-10 02:46:44.0876563,7045,Info,Service Control Manager,System,776,5864,DESKTOP-887GK2L,10,S-1-5-18,A new service was installed in the system,,,Name: wiqbhejd,StartType: system start,"Account: ",,,,C:\Windows\system32\drivers\wiqbhejd.sys,False,C:\Users\turan\Desktop\defense-work-evtx-files\System.evtx,"Audit success, classic",0,"{""EventData"":{""Data"":[{""@Name"":""ServiceName"",""#text"":""wiqbhejd""},{""@Name"":""ImagePath"",""#text"":""C:\\Windows\\system32\\drivers\\wiqbhejd.sys""},{""@Name"":""ServiceType"",""#text"":""kernel mode driver""},{""@Name"":""StartType"",""#text"":""system start""},{""@Name"":""AccountName""}]}}"
1192,1192,2023-03-10 02:47:33.3891186,10016,Warning,Microsoft-Windows-DistributedCOM,System,452,7532,DESKTOP-887GK2L,10,S-1-5-21-3393683511-3463148672-371912004-1001,,,,,,,,,,,False,C:\Users\turan\Desktop\defense-work-evtx-files\System.evtx,"Audit success, classic",0,"{""EventData"":{""Data"":[{""@Name"":""param1"",""#text"":""machine-default""},{""@Name"":""param2"",""#text"":""Local""},{""@Name"":""param3"",""#text"":""Activation""},{""@Name"":""param4"",""#text"":""{C2F03A33-21F5-47FA-B4BB-156362A2F239}""},{""@Name"":""param5"",""#text"":""{316CDED5-E4AE-4B15-9113-7055D84DCC97}""},{""@Name"":""param6"",""#text"":""DESKTOP-887GK2L""},{""@Name"":""param7"",""#text"":""CyberJunkie""},{""@Name"":""param8"",""#text"":""S-1-5-21-3393683511-3463148672-371912004-1001""},{""@Name"":""param9"",""#text"":""LocalHost (Using LRPC)""},{""@Name"":""param10"",""#text"":""Microsoft.Windows.ShellExperienceHost_10.0.19041.1023_neutral_neutral_cw5n1h2txyewy""},{""@Name"":""param11"",""#text"":""S-1-15-2-155514346-2573954481-755741238-1654018636-1233331829-3075935687-2861478708""}]}}"
1193,1193,2023-03-10 02:47:41.3337728,10016,Warning,Microsoft-Windows-DistributedCOM,System,452,7532,DESKTOP-887GK2L,10,S-1-5-21-3393683511-3463148672-371912004-1001,,,,,,,,,,,False,C:\Users\turan\Desktop\defense-work-evtx-files\System.evtx,"Audit success, classic",0,"{""EventData"":{""Data"":[{""@Name"":""param1"",""#text"":""machine-default""},{""@Name"":""param2"",""#text"":""Local""},{""@Name"":""param3"",""#text"":""Activation""},{""@Name"":""param4"",""#text"":""{C2F03A33-21F5-47FA-B4BB-156362A2F239}""},{""@Name"":""param5"",""#text"":""{316CDED5-E4AE-4B15-9113-7055D84DCC97}""},{""@Name"":""param6"",""#text"":""DESKTOP-887GK2L""},{""@Name"":""param7"",""#text"":""CyberJunkie""},{""@Name"":""param8"",""#text"":""S-1-5-21-3393683511-3463148672-371912004-1001""},{""@Name"":""param9"",""#text"":""LocalHost (Using LRPC)""},{""@Name"":""param10"",""#text"":""Microsoft.Windows.ShellExperienceHost_10.0.19041.1023_neutral_neutral_cw5n1h2txyewy""},{""@Name"":""param11"",""#text"":""S-1-15-2-155514346-2573954481-755741238-1654018636-1233331829-3075935687-2861478708""}]}}"
1194,1194,2023-03-10 02:48:42.2723776,7040,Info,Service Control Manager,System,776,1456,DESKTOP-887GK2L,10,S-1-5-18,Start type of a service has changed,,,The start type of the Background Intelligent Transfer Service was changed from auto start to demand start,,,,,,BITS,False,C:\Users\turan\Desktop\defense-work-evtx-files\System.evtx,"Audit success, classic",0,"{""EventData"":{""Data"":[{""@Name"":""param1"",""#text"":""Background Intelligent Transfer Service""},{""@Name"":""param2"",""#text"":""auto start""},{""@Name"":""param3"",""#text"":""demand start""},{""@Name"":""param4"",""#text"":""BITS""}]}}"
1195,1195,2023-03-10 02:53:08.3111777,7031,Error,Service Control Manager,System,776,1456,DESKTOP-887GK2L,10,,Service crashed unexpectedly,,,Name: Sync Host_21d831,It has done this 1 time(s),The following corrective action will be taken in 10000 millisecond(s),CorrectiveAction: Restart the service,,,,False,C:\Users\turan\Desktop\defense-work-evtx-files\System.evtx,"Audit success, classic",0,"{""EventData"":{""Data"":[{""@Name"":""param1"",""#text"":""Sync Host_21d831""},{""@Name"":""param2"",""#text"":""1""},{""@Name"":""param3"",""#text"":""10000""},{""@Name"":""param4"",""#text"":""1""},{""@Name"":""param5"",""#text"":""Restart the service""}],""Binary"":""4F-00-6E-00-65-00-53-00-79-00-6E-00-63-00-53-00-76-00-63-00-5F-00-32-00-31-00-64-00-38-00-33-00-31-00-00-00""}}"
1196,1196,2023-03-10 02:53:08.3111777,7031,Error,Service Control Manager,System,776,1456,DESKTOP-887GK2L,10,,Service crashed unexpectedly,,,Name: Contact Data_21d831,It has done this 1 time(s),The following corrective action will be taken in 10000 millisecond(s),CorrectiveAction: Restart the service,,,,False,C:\Users\turan\Desktop\defense-work-evtx-files\System.evtx,"Audit success, classic",0,"{""EventData"":{""Data"":[{""@Name"":""param1"",""#text"":""Contact Data_21d831""},{""@Name"":""param2"",""#text"":""1""},{""@Name"":""param3"",""#text"":""10000""},{""@Name"":""param4"",""#text"":""1""},{""@Name"":""param5"",""#text"":""Restart the service""}],""Binary"":""50-00-69-00-6D-00-49-00-6E-00-64-00-65-00-78-00-4D-00-61-00-69-00-6E-00-74-00-65-00-6E-00-61-00-6E-00-63-00-65-00-53-00-76-00-63-00-5F-00-32-00-31-00-64-00-38-00-33-00-31-00-00-00""}}"
1197,1197,2023-03-10 02:53:08.3111777,7031,Error,Service Control Manager,System,776,1456,DESKTOP-887GK2L,10,,Service crashed unexpectedly,,,Name: User Data Storage_21d831,It has done this 1 time(s),The following corrective action will be taken in 10000 millisecond(s),CorrectiveAction: Restart the service,,,,False,C:\Users\turan\Desktop\defense-work-evtx-files\System.evtx,"Audit success, classic",0,"{""EventData"":{""Data"":[{""@Name"":""param1"",""#text"":""User Data Storage_21d831""},{""@Name"":""param2"",""#text"":""1""},{""@Name"":""param3"",""#text"":""10000""},{""@Name"":""param4"",""#text"":""1""},{""@Name"":""param5"",""#text"":""Restart the service""}],""Binary"":""55-00-6E-00-69-00-73-00-74-00-6F-00-72-00-65-00-53-00-76-00-63-00-5F-00-32-00-31-00-64-00-38-00-33-00-31-00-00-00""}}"
1198,1198,2023-03-10 02:53:08.3111777,7031,Error,Service Control Manager,System,776,1456,DESKTOP-887GK2L,10,,Service crashed unexpectedly,,,Name: User Data Access_21d831,It has done this 1 time(s),The following corrective action will be taken in 10000 millisecond(s),CorrectiveAction: Restart the service,,,,False,C:\Users\turan\Desktop\defense-work-evtx-files\System.evtx,"Audit success, classic",0,"{""EventData"":{""Data"":[{""@Name"":""param1"",""#text"":""User Data Access_21d831""},{""@Name"":""param2"",""#text"":""1""},{""@Name"":""param3"",""#text"":""10000""},{""@Name"":""param4"",""#text"":""1""},{""@Name"":""param5"",""#text"":""Restart the service""}],""Binary"":""55-00-73-00-65-00-72-00-44-00-61-00-74-00-61-00-53-00-76-00-63-00-5F-00-32-00-31-00-64-00-38-00-33-00-31-00-00-00""}}"
1199,1199,2023-03-10 02:56:43.2710588,1014,Warning,Microsoft-Windows-DNS-Client,System,2148,4200,DESKTOP-887GK2L,10,S-1-5-20,,,,,,,,,,,False,C:\Users\turan\Desktop\defense-work-evtx-files\System.evtx,0x4000000010000000,0,"{""EventData"":{""Data"":[{""@Name"":""QueryName"",""#text"":""wpad""},{""@Name"":""AddressLength"",""#text"":""128""},{""@Name"":""Address"",""#text"":""02-00-00-00-AC-11-4F-02-00-00-00-00-00-00-00-00-00-00-00-00-00-00-00-00-00-00-00-00-00-00-00-00-00-00-00-00-00-00-00-00-00-00-00-00-00-00-00-00-00-00-00-00-00-00-00-00-00-00-00-00-00-00-00-00-00-00-00-00-00-00-00-00-00-00-00-00-00-00-00-00-00-00-00-00-00-00-00-00-00-00-00-00-00-00-00-00-00-00-00-00-00-00-00-00-00-00-00-00-00-00-00-00-00-00-00-00-00-00-00-00-00-00-00-00-00-00-00-00""}]}}"
1200,1200,2023-03-10 03:11:03.6307837,1074,Info,User32,System,540,724,DESKTOP-887GK2L,10,S-1-5-21-3393683511-3463148672-371912004-1001,A user initiated a system restart,DESKTOP-887GK2L\CyberJunkie,,Hostname: DESKTOP-887GK2L,Reason: Other (Unplanned),Type: restart,Code: 0x0,,,C:\Windows\System32\RuntimeBroker.exe (DESKTOP-887GK2L),False,C:\Users\turan\Desktop\defense-work-evtx-files\System.evtx,"Audit success, classic",0,"{""EventData"":{""Data"":[{""@Name"":""param1"",""#text"":""C:\\Windows\\System32\\RuntimeBroker.exe (DESKTOP-887GK2L)""},{""@Name"":""param2"",""#text"":""DESKTOP-887GK2L""},{""@Name"":""param3"",""#text"":""Other (Unplanned)""},{""@Name"":""param4"",""#text"":""0x0""},{""@Name"":""param5"",""#text"":""restart""},{""@Name"":""param6""},{""@Name"":""param7"",""#text"":""DESKTOP-887GK2L\\CyberJunkie""}]}}"
1201,1201,2023-03-10 03:11:04.6514327,10010,Error,Microsoft-Windows-DistributedCOM,System,452,7752,DESKTOP-887GK2L,10,S-1-5-21-3393683511-3463148672-371912004-1001,,,,,,,,,,,False,C:\Users\turan\Desktop\defense-work-evtx-files\System.evtx,"Audit success, classic",0,"{""EventData"":{""Data"":{""@Name"":""param1"",""#text"":""{9AA46009-3CE0-458A-A354-715610A075E6}""}}}"
1202,1202,2023-03-10 03:11:04.6983297,10010,Error,Microsoft-Windows-DistributedCOM,System,452,7752,DESKTOP-887GK2L,10,S-1-5-21-3393683511-3463148672-371912004-1001,,,,,,,,,,,False,C:\Users\turan\Desktop\defense-work-evtx-files\System.evtx,"Audit success, classic",0,"{""EventData"":{""Data"":{""@Name"":""param1"",""#text"":""{9AA46009-3CE0-458A-A354-715610A075E6}""}}}"
1203,1203,2023-03-10 03:16:54.5251088,7043,Error,Service Control Manager,System,776,1892,DESKTOP-887GK2L,10,,,,,,,,,,,,False,C:\Users\turan\Desktop\defense-work-evtx-files\System.evtx,"Audit success, classic",0,"{""EventData"":{""Data"":{""@Name"":""param1"",""#text"":""Group Policy Client""},""Binary"":""67-00-70-00-73-00-76-00-63-00-00-00""}}"
1204,1204,2023-03-10 03:16:57.5414564,1014,Warning,Microsoft-Windows-DNS-Client,System,2148,7288,DESKTOP-887GK2L,10,S-1-5-20,,,,,,,,,,,False,C:\Users\turan\Desktop\defense-work-evtx-files\System.evtx,0x4000000010000000,0,"{""EventData"":{""Data"":[{""@Name"":""QueryName"",""#text"":""wpad""},{""@Name"":""AddressLength"",""#text"":""128""},{""@Name"":""Address"",""#text"":""02-00-00-00-AC-11-4F-02-00-00-00-00-00-00-00-00-00-00-00-00-00-00-00-00-00-00-00-00-00-00-00-00-00-00-00-00-00-00-00-00-00-00-00-00-00-00-00-00-00-00-00-00-00-00-00-00-00-00-00-00-00-00-00-00-00-00-00-00-00-00-00-00-00-00-00-00-00-00-00-00-00-00-00-00-00-00-00-00-00-00-00-00-00-00-00-00-00-00-00-00-00-00-00-00-00-00-00-00-00-00-00-00-00-00-00-00-00-00-00-00-00-00-00-00-00-00-00-00""}]}}"
1205,1205,2023-03-10 03:17:10.8394151,7043,Error,Service Control Manager,System,776,1892,DESKTOP-887GK2L,10,,,,,,,,,,,,False,C:\Users\turan\Desktop\defense-work-evtx-files\System.evtx,"Audit success, classic",0,"{""EventData"":{""Data"":{""@Name"":""param1"",""#text"":""Windows Biometric Service""},""Binary"":""57-00-62-00-69-00-6F-00-53-00-72-00-76-00-63-00-00-00""}}"
1206,1206,2023-03-10 05:09:47.8068069,12,Info,Microsoft-Windows-Kernel-General,System,4,8,DESKTOP-887GK2L,10,S-1-5-18,OS was started,,,StartTime: 2023-03-10 05:09:46.5000000,BootMode: Normal boot,,,,,,False,C:\Users\turan\Desktop\defense-work-evtx-files\System.evtx,State,0,"{""EventData"":{""Data"":[{""@Name"":""MajorVersion"",""#text"":""10""},{""@Name"":""MinorVersion"",""#text"":""0""},{""@Name"":""BuildVersion"",""#text"":""19041""},{""@Name"":""QfeVersion"",""#text"":""1288""},{""@Name"":""ServiceVersion"",""#text"":""0""},{""@Name"":""BootMode"",""#text"":""0""},{""@Name"":""StartTime"",""#text"":""2023-03-10 05:09:46.5000000""}]}}"
1207,1207,2023-03-10 05:09:47.8068612,153,Info,Microsoft-Windows-Kernel-Boot,System,4,8,DESKTOP-887GK2L,10,S-1-5-18,,,,,,,,,,,False,C:\Users\turan\Desktop\defense-work-evtx-files\System.evtx,Classic,0,"{""EventData"":{""Data"":[{""@Name"":""Status"",""#text"":""0""},{""@Name"":""EnableDisableReason"",""#text"":""0""},{""@Name"":""VsmPolicy"",""#text"":""0""}]}}"
1208,1208,2023-03-10 05:09:47.8069790,20,Info,Microsoft-Windows-Kernel-Boot,System,4,8,DESKTOP-887GK2L,10,S-1-5-18,,,,,,,,,,,False,C:\Users\turan\Desktop\defense-work-evtx-files\System.evtx,Classic,0,"{""EventData"":{""Data"":[{""@Name"":""LastShutdownGood"",""#text"":""True""},{""@Name"":""LastBootGood"",""#text"":""True""},{""@Name"":""LastBootId"",""#text"":""5""},{""@Name"":""BootStatusPolicy"",""#text"":""2""}]}}"
1209,1209,2023-03-10 05:09:47.8070088,238,Info,Microsoft-Windows-Kernel-Boot,System,4,8,DESKTOP-887GK2L,10,S-1-5-18,,,,,,,,,,,False,C:\Users\turan\Desktop\defense-work-evtx-files\System.evtx,Classic,0,"{""EventData"":{""Data"":[{""@Name"":""EfiTimeZoneBias"",""#text"":""2047""},{""@Name"":""EfiDaylightFlags"",""#text"":""0""}]}}"
1210,1210,2023-03-10 05:09:47.8070092,25,Info,Microsoft-Windows-Kernel-Boot,System,4,8,DESKTOP-887GK2L,10,S-1-5-18,,,,,,,,,,,False,C:\Users\turan\Desktop\defense-work-evtx-files\System.evtx,Classic,0,"{""EventData"":{""Data"":{""@Name"":""BootMenuPolicy"",""#text"":""1""}}}"
1211,1211,2023-03-10 05:09:47.8070095,27,Info,Microsoft-Windows-Kernel-Boot,System,4,8,DESKTOP-887GK2L,10,S-1-5-18,,,,,,,,,,,False,C:\Users\turan\Desktop\defense-work-evtx-files\System.evtx,Classic,0,"{""EventData"":{""Data"":[{""@Name"":""BootType"",""#text"":""0""},{""@Name"":""LoadOptions"",""#text"":"" NOEXECUTE=OPTIN""}]}}"
1212,1212,2023-03-10 05:09:47.8070287,18,Info,Microsoft-Windows-Kernel-Boot,System,4,8,DESKTOP-887GK2L,10,S-1-5-18,,,,,,,,,,,False,C:\Users\turan\Desktop\defense-work-evtx-files\System.evtx,Classic,0,"{""EventData"":{""Data"":{""@Name"":""EntryCount"",""#text"":""1""}}}"
1213,1213,2023-03-10 05:09:47.8070714,32,Info,Microsoft-Windows-Kernel-Boot,System,4,8,DESKTOP-887GK2L,10,S-1-5-18,,,,,,,,,,,False,C:\Users\turan\Desktop\defense-work-evtx-files\System.evtx,Classic,0,"{""EventData"":{""Data"":{""@Name"":""BitlockerUserInputTime"",""#text"":""0""}}}"
1214,1214,2023-03-10 05:09:47.8118060,20,Info,Microsoft-Windows-Kernel-General,System,4,8,DESKTOP-887GK2L,10,S-1-5-18,,,,,,,,,,,False,C:\Users\turan\Desktop\defense-work-evtx-files\System.evtx,Time,0,"{""EventData"":{""Data"":[{""@Name"":""UpdateReason"",""#text"":""0""},{""@Name"":""EnabledNew"",""#text"":""True""},{""@Name"":""CountNew"",""#text"":""0""},{""@Name"":""CountOld"",""#text"":""0""}]}}"
1215,1215,2023-03-10 05:09:55.6181051,6008,Error,EventLog,System,0,0,DESKTOP-887GK2L,10,,Unexpected system shutdown,,,"Timestamp: 6:40:30 PM, ‎3/‎9/‎2023, 2410",,,,,,,False,C:\Users\turan\Desktop\defense-work-evtx-files\System.evtx,0x80000000000000,0,"{""EventData"":{""Data"":""6:40:30 PM, ‎3/‎9/‎2023, 2410"",""Binary"":""E7-07-03-00-04-00-09-00-12-00-28-00-1E-00-E9-00-E7-07-03-00-05-00-0A-00-02-00-28-00-1E-00-E9-00-60-09-00-00-3C-00-00-00-01-00-00-00-60-09-00-00-01-00-00-00-B0-04-00-00-01-00-00-00-00-00-00-00""}}"
1216,1216,2023-03-10 05:09:55.6181051,6009,Info,EventLog,System,0,0,DESKTOP-887GK2L,10,,,,,,,,,,,,False,C:\Users\turan\Desktop\defense-work-evtx-files\System.evtx,0x80000000000000,0,"{""EventData"":{""Data"":""10.00., 19044, Multiprocessor Free, 0"",""Binary"":""""}}"
1217,1217,2023-03-10 05:09:55.6181051,6005,Info,EventLog,System,0,0,DESKTOP-887GK2L,10,,The Event log service was started,,,Computer: DESKTOP-887GK2L,,,,,,,False,C:\Users\turan\Desktop\defense-work-evtx-files\System.evtx,0x80000000000000,0,"{""EventData"":{""Data"":"""",""Binary"":""E7-07-03-00-05-00-0A-00-05-00-09-00-37-00-6A-02-00-00-00-00-00-00-00-00""}}"
1218,1218,2023-03-10 05:09:55.6181051,6013,Info,EventLog,System,0,0,DESKTOP-887GK2L,10,,System uptime,,,The system uptime is 9 seconds,"TimeZone: 60, 480 Pacific Standard Time",,,,,,False,C:\Users\turan\Desktop\defense-work-evtx-files\System.evtx,0x80000000000000,0,"{""EventData"":{""Data"":""9, 60, 480 Pacific Standard Time"",""Binary"":""31-00-2E-00-31-00-00-00-30-00-00-00-57-00-69-00-6E-00-64-00-6F-00-77-00-73-00-20-00-31-00-30-00-20-00-50-00-72-00-6F-00-20-00-4E-00-00-00-31-00-30-00-2E-00-30-00-2E-00-31-00-39-00-30-00-34-00-34-00-20-00-42-00-75-00-69-00-6C-00-64-00-20-00-31-00-39-00-30-00-34-00-34-00-20-00-20-00-00-00-4D-00-75-00-6C-00-74-00-69-00-70-00-72-00-6F-00-63-00-65-00-73-00-73-00-6F-00-72-00-20-00-46-00-72-00-65-00-65-00-00-00-31-00-39-00-30-00-34-00-31-00-2E-00-76-00-62-00-5F-00-72-00-65-00-6C-00-65-00-61-00-73-00-65-00-2E-00-31-00-39-00-31-00-32-00-30-00-36-00-2D-00-31-00-34-00-30-00-36-00-00-00-36-00-33-00-64-00-39-00-62-00-35-00-32-00-65-00-00-00-4E-00-6F-00-74-00-20-00-41-00-76-00-61-00-69-00-6C-00-61-00-62-00-6C-00-65-00-00-00-4E-00-6F-00-74-00-20-00-41-00-76-00-61-00-69-00-6C-00-61-00-62-00-6C-00-65-00-00-00-39-00-00-00-38-00-00-00-31-00-30-00-30-00-38-00-38-00-00-00-34-00-30-00-39-00-00-00-44-00-45-00-53-00-4B-00-54-00-4F-00-50-00-2D-00-38-00-38-00-37-00-47-00-4B-00-32-00-4C-00-00-00-00-00""}}"
1219,1219,2023-03-10 05:09:47.9674049,16,Info,Microsoft-Windows-HAL,System,4,8,DESKTOP-887GK2L,10,S-1-5-18,,,,,,,,,,,False,C:\Users\turan\Desktop\defense-work-evtx-files\System.evtx,Classic,0,"{""EventData"":""""}"
1220,1220,2023-03-10 05:09:50.1128104,3,Info,vmci,System,4,228,DESKTOP-887GK2L,10,,,,,,,,,,,,False,C:\Users\turan\Desktop\defense-work-evtx-files\System.evtx,0x80000000000000,0,"{""EventData"":{""Data"":""VMCI: Using capabilities (0x1c).\n"",""Binary"":""00-00-00-00-02-00-28-00-00-00-00-00-03-00-08-40-03-00-08-40-00-00-00-00-00-00-00-00-00-00-00-00-00-00-00-00-00-00-00-00""}}"
1221,1221,2023-03-10 05:09:52.0827067,6,Info,Microsoft-Windows-FilterManager,System,4,8,DESKTOP-887GK2L,10,S-1-5-18,,,,,,,,,,,False,C:\Users\turan\Desktop\defense-work-evtx-files\System.evtx,Classic,0,"{""EventData"":{""Data"":[{""@Name"":""FinalStatus"",""#text"":""0x0""},{""@Name"":""DeviceVersionMajor"",""#text"":""10""},{""@Name"":""DeviceVersionMinor"",""#text"":""0""},{""@Name"":""DeviceNameLength"",""#text"":""8""},{""@Name"":""DeviceName"",""#text"":""FileInfo""},{""@Name"":""DeviceTime"",""#text"":""2062-12-22 21:21:06.0000000""}]}}"
1222,1222,2023-03-10 05:09:52.0834202,6,Info,Microsoft-Windows-FilterManager,System,4,8,DESKTOP-887GK2L,10,S-1-5-18,,,,,,,,,,,False,C:\Users\turan\Desktop\defense-work-evtx-files\System.evtx,Classic,0,"{""EventData"":{""Data"":[{""@Name"":""FinalStatus"",""#text"":""0x0""},{""@Name"":""DeviceVersionMajor"",""#text"":""10""},{""@Name"":""DeviceVersionMinor"",""#text"":""0""},{""@Name"":""DeviceNameLength"",""#text"":""3""},{""@Name"":""DeviceName"",""#text"":""Wof""},{""@Name"":""DeviceTime"",""#text"":""2024-08-23 06:35:41.0000000""}]}}"
1223,1223,2023-03-10 05:09:52.0844585,6,Info,Microsoft-Windows-FilterManager,System,4,8,DESKTOP-887GK2L,10,S-1-5-18,,,,,,,,,,,False,C:\Users\turan\Desktop\defense-work-evtx-files\System.evtx,Classic,0,"{""EventData"":{""Data"":[{""@Name"":""FinalStatus"",""#text"":""0x0""},{""@Name"":""DeviceVersionMajor"",""#text"":""10""},{""@Name"":""DeviceVersionMinor"",""#text"":""0""},{""@Name"":""DeviceNameLength"",""#text"":""8""},{""@Name"":""DeviceName"",""#text"":""WdFilter""},{""@Name"":""DeviceTime"",""#text"":""2101-02-28 03:30:25.0000000""}]}}"
1224,1224,2023-03-10 05:09:52.2209398,98,Info,Microsoft-Windows-Ntfs,System,4,360,DESKTOP-887GK2L,10,S-1-5-18,,,,,,,,,,,False,C:\Users\turan\Desktop\defense-work-evtx-files\System.evtx,0x8000000000000002,0,"{""EventData"":{""Data"":[{""@Name"":""DriveName"",""#text"":""C:""},{""@Name"":""DeviceName"",""#text"":""\\Device\\HarddiskVolume3""},{""@Name"":""CorruptionActionState"",""#text"":""0""}]}}"
1225,1225,2023-03-10 05:09:52.5479036,6,Info,Microsoft-Windows-FilterManager,System,4,8,DESKTOP-887GK2L,10,S-1-5-18,,,,,,,,,,,False,C:\Users\turan\Desktop\defense-work-evtx-files\System.evtx,Classic,0,"{""EventData"":{""Data"":[{""@Name"":""FinalStatus"",""#text"":""0x0""},{""@Name"":""DeviceVersionMajor"",""#text"":""10""},{""@Name"":""DeviceVersionMinor"",""#text"":""0""},{""@Name"":""DeviceNameLength"",""#text"":""9""},{""@Name"":""DeviceName"",""#text"":""FileCrypt""},{""@Name"":""DeviceTime"",""#text"":""2002-03-01 03:12:42.0000000""}]}}"
1226,1226,2023-03-10 05:09:52.7142112,6,Info,Microsoft-Windows-FilterManager,System,4,8,DESKTOP-887GK2L,10,S-1-5-18,,,,,,,,,,,False,C:\Users\turan\Desktop\defense-work-evtx-files\System.evtx,Classic,0,"{""EventData"":{""Data"":[{""@Name"":""FinalStatus"",""#text"":""0x0""},{""@Name"":""DeviceVersionMajor"",""#text"":""10""},{""@Name"":""DeviceVersionMinor"",""#text"":""0""},{""@Name"":""DeviceNameLength"",""#text"":""9""},{""@Name"":""DeviceName"",""#text"":""npsvctrig""},{""@Name"":""DeviceTime"",""#text"":""2025-01-05 18:41:12.0000000""}]}}"
1227,1227,2023-03-10 05:09:52.7681927,172,Info,Microsoft-Windows-Kernel-Power,System,4,376,DESKTOP-887GK2L,10,S-1-5-18,,,,,,,,,,,False,C:\Users\turan\Desktop\defense-work-evtx-files\System.evtx,0x8000000000000404,0,"{""EventData"":{""Data"":[{""@Name"":""State"",""#text"":""2""},{""@Name"":""Reason"",""#text"":""6""}]}}"
1228,1228,2023-03-10 05:09:53.0112474,55,Info,Microsoft-Windows-Kernel-Processor-Power,System,4,360,DESKTOP-887GK2L,10,S-1-5-18,,,,,,,,,,,False,C:\Users\turan\Desktop\defense-work-evtx-files\System.evtx,Classic,0,"{""EventData"":{""Data"":[{""@Name"":""Group"",""#text"":""0""},{""@Name"":""Number"",""#text"":""0""},{""@Name"":""IdleStateCount"",""#text"":""1""},{""@Name"":""IdleImplementation"",""#text"":""1""},{""@Name"":""NominalFrequency"",""#text"":""3693""},{""@Name"":""MaximumPerformancePercent"",""#text"":""100""},{""@Name"":""MinimumPerformancePercent"",""#text"":""100""},{""@Name"":""MinimumThrottlePercent"",""#text"":""100""},{""@Name"":""PerformanceImplementation"",""#text"":""0""}]}}"
1229,1229,2023-03-10 05:09:53.0119638,55,Info,Microsoft-Windows-Kernel-Processor-Power,System,4,360,DESKTOP-887GK2L,10,S-1-5-18,,,,,,,,,,,False,C:\Users\turan\Desktop\defense-work-evtx-files\System.evtx,Classic,0,"{""EventData"":{""Data"":[{""@Name"":""Group"",""#text"":""0""},{""@Name"":""Number"",""#text"":""1""},{""@Name"":""IdleStateCount"",""#text"":""1""},{""@Name"":""IdleImplementation"",""#text"":""1""},{""@Name"":""NominalFrequency"",""#text"":""3693""},{""@Name"":""MaximumPerformancePercent"",""#text"":""100""},{""@Name"":""MinimumPerformancePercent"",""#text"":""100""},{""@Name"":""MinimumThrottlePercent"",""#text"":""100""},{""@Name"":""PerformanceImplementation"",""#text"":""0""}]}}"
1230,1230,2023-03-10 05:09:53.0125599,55,Info,Microsoft-Windows-Kernel-Processor-Power,System,4,360,DESKTOP-887GK2L,10,S-1-5-18,,,,,,,,,,,False,C:\Users\turan\Desktop\defense-work-evtx-files\System.evtx,Classic,0,"{""EventData"":{""Data"":[{""@Name"":""Group"",""#text"":""0""},{""@Name"":""Number"",""#text"":""2""},{""@Name"":""IdleStateCount"",""#text"":""1""},{""@Name"":""IdleImplementation"",""#text"":""1""},{""@Name"":""NominalFrequency"",""#text"":""3693""},{""@Name"":""MaximumPerformancePercent"",""#text"":""100""},{""@Name"":""MinimumPerformancePercent"",""#text"":""100""},{""@Name"":""MinimumThrottlePercent"",""#text"":""100""},{""@Name"":""PerformanceImplementation"",""#text"":""0""}]}}"
1231,1231,2023-03-10 05:09:53.0131617,55,Info,Microsoft-Windows-Kernel-Processor-Power,System,4,360,DESKTOP-887GK2L,10,S-1-5-18,,,,,,,,,,,False,C:\Users\turan\Desktop\defense-work-evtx-files\System.evtx,Classic,0,"{""EventData"":{""Data"":[{""@Name"":""Group"",""#text"":""0""},{""@Name"":""Number"",""#text"":""3""},{""@Name"":""IdleStateCount"",""#text"":""1""},{""@Name"":""IdleImplementation"",""#text"":""1""},{""@Name"":""NominalFrequency"",""#text"":""3693""},{""@Name"":""MaximumPerformancePercent"",""#text"":""100""},{""@Name"":""MinimumPerformancePercent"",""#text"":""100""},{""@Name"":""MinimumThrottlePercent"",""#text"":""100""},{""@Name"":""PerformanceImplementation"",""#text"":""0""}]}}"
1232,1232,2023-03-10 05:09:53.0137683,55,Info,Microsoft-Windows-Kernel-Processor-Power,System,4,360,DESKTOP-887GK2L,10,S-1-5-18,,,,,,,,,,,False,C:\Users\turan\Desktop\defense-work-evtx-files\System.evtx,Classic,0,"{""EventData"":{""Data"":[{""@Name"":""Group"",""#text"":""0""},{""@Name"":""Number"",""#text"":""4""},{""@Name"":""IdleStateCount"",""#text"":""1""},{""@Name"":""IdleImplementation"",""#text"":""1""},{""@Name"":""NominalFrequency"",""#text"":""3693""},{""@Name"":""MaximumPerformancePercent"",""#text"":""100""},{""@Name"":""MinimumPerformancePercent"",""#text"":""100""},{""@Name"":""MinimumThrottlePercent"",""#text"":""100""},{""@Name"":""PerformanceImplementation"",""#text"":""0""}]}}"
