1800,1800,2023-03-23 19:04:20.8253044,1014,Warning,Microsoft-Windows-DNS-Client,System,2256,4948,DESKTOP-887GK2L,15,S-1-5-20,,,,,,,,,,,False,C:\Users\turan\Desktop\defense-work-evtx-files\System.evtx,0x4000000010000000,0,"{""EventData"":{""Data"":[{""@Name"":""QueryName"",""#text"":""wpad""},{""@Name"":""AddressLength"",""#text"":""128""},{""@Name"":""Address"",""#text"":""02-00-00-00-AC-11-4F-02-00-00-00-00-00-00-00-00-00-00-00-00-00-00-00-00-00-00-00-00-00-00-00-00-00-00-00-00-00-00-00-00-00-00-00-00-00-00-00-00-00-00-00-00-00-00-00-00-00-00-00-00-00-00-00-00-00-00-00-00-00-00-00-00-00-00-00-00-00-00-00-00-00-00-00-00-00-00-00-00-00-00-00-00-00-00-00-00-00-00-00-00-00-00-00-00-00-00-00-00-00-00-00-00-00-00-00-00-00-00-00-00-00-00-00-00-00-00-00-00""}]}}"
1801,1801,2023-03-23 19:14:27.9823133,1014,Warning,Microsoft-Windows-DNS-Client,System,2256,760,DESKTOP-887GK2L,15,S-1-5-20,,,,,,,,,,,False,C:\Users\turan\Desktop\defense-work-evtx-files\System.evtx,0x4000000010000000,0,"{""EventData"":{""Data"":[{""@Name"":""QueryName"",""#text"":""wpad""},{""@Name"":""AddressLength"",""#text"":""128""},{""@Name"":""Address"",""#text"":""02-00-00-00-AC-11-4F-02-00-00-00-00-00-00-00-00-00-00-00-00-00-00-00-00-00-00-00-00-00-00-00-00-00-00-00-00-00-00-00-00-00-00-00-00-00-00-00-00-00-00-00-00-00-00-00-00-00-00-00-00-00-00-00-00-00-00-00-00-00-00-00-00-00-00-00-00-00-00-00-00-00-00-00-00-00-00-00-00-00-00-00-00-00-00-00-00-00-00-00-00-00-00-00-00-00-00-00-00-00-00-00-00-00-00-00-00-00-00-00-00-00-00-00-00-00-00-00-00""}]}}"
1802,1802,2023-03-23 19:15:12.2923290,4107,Info,Display,System,0,0,DESKTOP-887GK2L,15,,,,,,,,,,,,False,C:\Users\turan\Desktop\defense-work-evtx-files\System.evtx,0x80000000000000,0,"{""EventData"":{""Data"":"""",""Binary"":""""}}"
1803,1803,2023-03-23 19:18:46.7529528,4107,Info,Display,System,0,0,DESKTOP-887GK2L,15,,,,,,,,,,,,False,C:\Users\turan\Desktop\defense-work-evtx-files\System.evtx,0x80000000000000,0,"{""EventData"":{""Data"":"""",""Binary"":""""}}"
1804,1804,2023-03-23 20:55:14.2837042,24,Info,Microsoft-Windows-Kernel-General,System,2924,3204,DESKTOP-887GK2L,15,S-1-5-18,,,,,,,,,,,False,C:\Users\turan\Desktop\defense-work-evtx-files\System.evtx,Time,0,"{""EventData"":{""Data"":[{""@Name"":""ExitReason"",""#text"":""0""},{""@Name"":""CurrentBias"",""#text"":""420""},{""@Name"":""CurrentTimeZoneID"",""#text"":""2""},{""@Name"":""TimeZoneInfoCacheUpdated"",""#text"":""0""},{""@Name"":""FirstRefresh"",""#text"":""0""}]}}"
1805,1805,2023-03-23 20:55:14.2838611,1,Info,Microsoft-Windows-Kernel-General,System,2924,3204,DESKTOP-887GK2L,15,S-1-5-18,The system time was changed,,,OldTime: 2023-03-23 19:23:42.7956391,NewTime: 2023-03-23 20:55:14.2770000,Reason: An application or system component changed the time.,,,,,False,C:\Users\turan\Desktop\defense-work-evtx-files\System.evtx,Time,464,"{""EventData"":{""Data"":[{""@Name"":""NewTime"",""#text"":""2023-03-23 20:55:14.2770000""},{""@Name"":""OldTime"",""#text"":""2023-03-23 19:23:42.7956391""},{""@Name"":""Reason"",""#text"":""1""},{""@Name"":""ProcessName"",""#text"":""\\Device\\HarddiskVolume3\\Program Files\\VMware\\VMware Tools\\vmtoolsd.exe""},{""@Name"":""ProcessID"",""#text"":""2924""}]}}"
1806,1806,2023-03-23 20:55:24.5871056,1014,Warning,Microsoft-Windows-DNS-Client,System,2256,11200,DESKTOP-887GK2L,15,S-1-5-20,,,,,,,,,,,False,C:\Users\turan\Desktop\defense-work-evtx-files\System.evtx,0x4000000010000000,0,"{""EventData"":{""Data"":[{""@Name"":""QueryName"",""#text"":""wpad""},{""@Name"":""AddressLength"",""#text"":""128""},{""@Name"":""Address"",""#text"":""02-00-00-00-AC-11-4F-02-00-00-00-00-00-00-00-00-00-00-00-00-00-00-00-00-00-00-00-00-00-00-00-00-00-00-00-00-00-00-00-00-00-00-00-00-00-00-00-00-00-00-00-00-00-00-00-00-00-00-00-00-00-00-00-00-00-00-00-00-00-00-00-00-00-00-00-00-00-00-00-00-00-00-00-00-00-00-00-00-00-00-00-00-00-00-00-00-00-00-00-00-00-00-00-00-00-00-00-00-00-00-00-00-00-00-00-00-00-00-00-00-00-00-00-00-00-00-00-00""}]}}"
1807,1807,2023-03-23 20:55:43.0196556,44,Info,Microsoft-Windows-WindowsUpdateClient,System,1864,7180,DESKTOP-887GK2L,15,S-1-5-18,,,,,,,,,,,False,C:\Users\turan\Desktop\defense-work-evtx-files\System.evtx,0x8000000000002004,0,"{""EventData"":{""Data"":[{""@Name"":""updateTitle"",""#text"":""Update for Microsoft Defender Antivirus antimalware platform - KB4052623 (Version 4.18.2302.7)""},{""@Name"":""updateGuid"",""#text"":""643da1fd-dc03-44e3-af5a-fa1cf1c4140d""},{""@Name"":""updateRevisionNumber"",""#text"":""200""}]}}"
1808,1808,2023-03-23 20:55:43.0196570,44,Info,Microsoft-Windows-WindowsUpdateClient,System,1864,7180,DESKTOP-887GK2L,15,S-1-5-18,,,,,,,,,,,False,C:\Users\turan\Desktop\defense-work-evtx-files\System.evtx,0x8000000000002004,0,"{""EventData"":{""Data"":[{""@Name"":""updateTitle"",""#text"":""Security Intelligence Update for Microsoft Defender Antivirus - KB2267602 (Version 1.385.924.0)""},{""@Name"":""updateGuid"",""#text"":""1189e532-bfa0-48ac-bf5c-0215b499ac00""},{""@Name"":""updateRevisionNumber"",""#text"":""200""}]}}"
1809,1809,2023-03-23 20:55:43.0196585,43,Info,Microsoft-Windows-WindowsUpdateClient,System,1864,7180,DESKTOP-887GK2L,15,S-1-5-18,,,,,,,,,,,False,C:\Users\turan\Desktop\defense-work-evtx-files\System.evtx,0x8000000000002008,0,"{""EventData"":{""Data"":[{""@Name"":""updateTitle"",""#text"":""Security Intelligence Update for Microsoft Defender Antivirus - KB2267602 (Version 1.385.924.0)""},{""@Name"":""updateGuid"",""#text"":""1189e532-bfa0-48ac-bf5c-0215b499ac00""},{""@Name"":""updateRevisionNumber"",""#text"":""200""}]}}"
1810,1810,2023-03-23 20:55:47.7751856,19,Info,Microsoft-Windows-WindowsUpdateClient,System,1864,7180,DESKTOP-887GK2L,15,S-1-5-18,,,,,,,,,,,False,C:\Users\turan\Desktop\defense-work-evtx-files\System.evtx,Installation,0,"{""EventData"":{""Data"":[{""@Name"":""updateTitle"",""#text"":""Security Intelligence Update for Microsoft Defender Antivirus - KB2267602 (Version 1.385.924.0)""},{""@Name"":""updateGuid"",""#text"":""1189e532-bfa0-48ac-bf5c-0215b499ac00""},{""@Name"":""updateRevisionNumber"",""#text"":""200""},{""@Name"":""serviceGuid"",""#text"":""9482f4b4-e343-43b6-b170-9a65bc822c77""}]}}"
1811,1811,2023-03-23 20:55:48.1682597,43,Info,Microsoft-Windows-WindowsUpdateClient,System,1864,7180,DESKTOP-887GK2L,15,S-1-5-18,,,,,,,,,,,False,C:\Users\turan\Desktop\defense-work-evtx-files\System.evtx,0x8000000000002008,0,"{""EventData"":{""Data"":[{""@Name"":""updateTitle"",""#text"":""Update for Microsoft Defender Antivirus antimalware platform - KB4052623 (Version 4.18.2302.7)""},{""@Name"":""updateGuid"",""#text"":""643da1fd-dc03-44e3-af5a-fa1cf1c4140d""},{""@Name"":""updateRevisionNumber"",""#text"":""200""}]}}"
1812,1812,2023-03-23 20:55:51.5192023,1,Info,Microsoft-Windows-FilterManager,System,4,2068,DESKTOP-887GK2L,15,S-1-5-18,,,,,,,,,,,False,C:\Users\turan\Desktop\defense-work-evtx-files\System.evtx,Classic,0,"{""EventData"":{""Data"":[{""@Name"":""FinalStatus"",""#text"":""0x0""},{""@Name"":""DeviceVersionMajor"",""#text"":""10""},{""@Name"":""DeviceVersionMinor"",""#text"":""0""},{""@Name"":""DeviceNameLength"",""#text"":""8""},{""@Name"":""DeviceName"",""#text"":""WdFilter""},{""@Name"":""DeviceTime"",""#text"":""2037-07-31 18:01:12.0000000""}]}}"
1813,1813,2023-03-23 20:55:54.2051688,6,Info,Microsoft-Windows-FilterManager,System,4,7136,DESKTOP-887GK2L,15,S-1-5-18,,,,,,,,,,,False,C:\Users\turan\Desktop\defense-work-evtx-files\System.evtx,Classic,0,"{""EventData"":{""Data"":[{""@Name"":""FinalStatus"",""#text"":""0x0""},{""@Name"":""DeviceVersionMajor"",""#text"":""10""},{""@Name"":""DeviceVersionMinor"",""#text"":""0""},{""@Name"":""DeviceNameLength"",""#text"":""8""},{""@Name"":""DeviceName"",""#text"":""WdFilter""},{""@Name"":""DeviceTime"",""#text"":""2012-02-25 07:53:43.0000000""}]}}"
1814,1814,2023-03-23 20:55:57.3112628,19,Info,Microsoft-Windows-WindowsUpdateClient,System,1864,9296,DESKTOP-887GK2L,15,S-1-5-18,,,,,,,,,,,False,C:\Users\turan\Desktop\defense-work-evtx-files\System.evtx,Installation,0,"{""EventData"":{""Data"":[{""@Name"":""updateTitle"",""#text"":""Update for Microsoft Defender Antivirus antimalware platform - KB4052623 (Version 4.18.2302.7)""},{""@Name"":""updateGuid"",""#text"":""643da1fd-dc03-44e3-af5a-fa1cf1c4140d""},{""@Name"":""updateRevisionNumber"",""#text"":""200""},{""@Name"":""serviceGuid"",""#text"":""9482f4b4-e343-43b6-b170-9a65bc822c77""}]}}"
1815,1815,2023-03-23 21:17:02.4952698,1014,Warning,Microsoft-Windows-DNS-Client,System,2256,6308,DESKTOP-887GK2L,15,S-1-5-20,,,,,,,,,,,False,C:\Users\turan\Desktop\defense-work-evtx-files\System.evtx,0x4000000010000000,0,"{""EventData"":{""Data"":[{""@Name"":""QueryName"",""#text"":""wpad""},{""@Name"":""AddressLength"",""#text"":""128""},{""@Name"":""Address"",""#text"":""02-00-00-00-AC-11-4F-02-00-00-00-00-00-00-00-00-00-00-00-00-00-00-00-00-00-00-00-00-00-00-00-00-00-00-00-00-00-00-00-00-00-00-00-00-00-00-00-00-00-00-00-00-00-00-00-00-00-00-00-00-00-00-00-00-00-00-00-00-00-00-00-00-00-00-00-00-00-00-00-00-00-00-00-00-00-00-00-00-00-00-00-00-00-00-00-00-00-00-00-00-00-00-00-00-00-00-00-00-00-00-00-00-00-00-00-00-00-00-00-00-00-00-00-00-00-00-00-00""}]}}"
1816,1816,2023-03-23 21:18:58.7442252,7045,Info,Service Control Manager,System,688,9116,DESKTOP-887GK2L,15,S-1-5-21-3393683511-3463148672-371912004-1001,A new service was installed in the system,,,Name: KProcessHacker3,StartType: demand start,"Account: ",,,,C:\Program Files\Process Hacker 2\kprocesshacker.sys,False,C:\Users\turan\Desktop\defense-work-evtx-files\System.evtx,"Audit success, classic",0,"{""EventData"":{""Data"":[{""@Name"":""ServiceName"",""#text"":""KProcessHacker3""},{""@Name"":""ImagePath"",""#text"":""C:\\Program Files\\Process Hacker 2\\kprocesshacker.sys""},{""@Name"":""ServiceType"",""#text"":""kernel mode driver""},{""@Name"":""StartType"",""#text"":""demand start""},{""@Name"":""AccountName""}]}}"
1817,1817,2023-03-23 21:18:58.7826929,7045,Info,Service Control Manager,System,688,9116,DESKTOP-887GK2L,15,S-1-5-18,A new service was installed in the system,,,Name: MpKslb30949f3,StartType: demand start,"Account: ",,,,C:\ProgramData\Microsoft\Windows Defender\Definition Updates\{9C3CAFF2-B1A1-4BA4-A844-2658709EF72A}\MpKslDrv.sys,False,C:\Users\turan\Desktop\defense-work-evtx-files\System.evtx,"Audit success, classic",0,"{""EventData"":{""Data"":[{""@Name"":""ServiceName"",""#text"":""MpKslb30949f3""},{""@Name"":""ImagePath"",""#text"":""C:\\ProgramData\\Microsoft\\Windows Defender\\Definition Updates\\{9C3CAFF2-B1A1-4BA4-A844-2658709EF72A}\\MpKslDrv.sys""},{""@Name"":""ServiceType"",""#text"":""kernel mode driver""},{""@Name"":""StartType"",""#text"":""demand start""},{""@Name"":""AccountName""}]}}"
1818,1818,2023-03-23 21:27:09.6037137,1014,Warning,Microsoft-Windows-DNS-Client,System,2256,9520,DESKTOP-887GK2L,15,S-1-5-20,,,,,,,,,,,False,C:\Users\turan\Desktop\defense-work-evtx-files\System.evtx,0x4000000010000000,0,"{""EventData"":{""Data"":[{""@Name"":""QueryName"",""#text"":""wpad""},{""@Name"":""AddressLength"",""#text"":""128""},{""@Name"":""Address"",""#text"":""02-00-00-00-AC-11-4F-02-00-00-00-00-00-00-00-00-00-00-00-00-00-00-00-00-00-00-00-00-00-00-00-00-00-00-00-00-00-00-00-00-00-00-00-00-00-00-00-00-00-00-00-00-00-00-00-00-00-00-00-00-00-00-00-00-00-00-00-00-00-00-00-00-00-00-00-00-00-00-00-00-00-00-00-00-00-00-00-00-00-00-00-00-00-00-00-00-00-00-00-00-00-00-00-00-00-00-00-00-00-00-00-00-00-00-00-00-00-00-00-00-00-00-00-00-00-00-00-00""}]}}"
1819,1819,2023-03-23 21:46:34.5988807,1014,Warning,Microsoft-Windows-DNS-Client,System,2256,1984,DESKTOP-887GK2L,15,S-1-5-20,,,,,,,,,,,False,C:\Users\turan\Desktop\defense-work-evtx-files\System.evtx,0x4000000010000000,0,"{""EventData"":{""Data"":[{""@Name"":""QueryName"",""#text"":""wpad""},{""@Name"":""AddressLength"",""#text"":""128""},{""@Name"":""Address"",""#text"":""02-00-00-00-AC-11-4F-02-00-00-00-00-00-00-00-00-00-00-00-00-00-00-00-00-00-00-00-00-00-00-00-00-00-00-00-00-00-00-00-00-00-00-00-00-00-00-00-00-00-00-00-00-00-00-00-00-00-00-00-00-00-00-00-00-00-00-00-00-00-00-00-00-00-00-00-00-00-00-00-00-00-00-00-00-00-00-00-00-00-00-00-00-00-00-00-00-00-00-00-00-00-00-00-00-00-00-00-00-00-00-00-00-00-00-00-00-00-00-00-00-00-00-00-00-00-00-00-00""}]}}"
1820,1820,2023-03-23 21:57:30.8158917,1014,Warning,Microsoft-Windows-DNS-Client,System,2256,5288,DESKTOP-887GK2L,15,S-1-5-20,,,,,,,,,,,False,C:\Users\turan\Desktop\defense-work-evtx-files\System.evtx,0x4000000010000000,0,"{""EventData"":{""Data"":[{""@Name"":""QueryName"",""#text"":""wpad""},{""@Name"":""AddressLength"",""#text"":""128""},{""@Name"":""Address"",""#text"":""02-00-00-00-AC-11-4F-02-00-00-00-00-00-00-00-00-00-00-00-00-00-00-00-00-00-00-00-00-00-00-00-00-00-00-00-00-00-00-00-00-00-00-00-00-00-00-00-00-00-00-00-00-00-00-00-00-00-00-00-00-00-00-00-00-00-00-00-00-00-00-00-00-00-00-00-00-00-00-00-00-00-00-00-00-00-00-00-00-00-00-00-00-00-00-00-00-00-00-00-00-00-00-00-00-00-00-00-00-00-00-00-00-00-00-00-00-00-00-00-00-00-00-00-00-00-00-00-00""}]}}"
1821,1821,2023-03-24 11:45:34.2760000,24,Info,Microsoft-Windows-Kernel-General,System,2924,3204,DESKTOP-887GK2L,15,S-1-5-18,,,,,,,,,,,False,C:\Users\turan\Desktop\defense-work-evtx-files\System.evtx,Time,0,"{""EventData"":{""Data"":[{""@Name"":""ExitReason"",""#text"":""0""},{""@Name"":""CurrentBias"",""#text"":""420""},{""@Name"":""CurrentTimeZoneID"",""#text"":""2""},{""@Name"":""TimeZoneInfoCacheUpdated"",""#text"":""0""},{""@Name"":""FirstRefresh"",""#text"":""0""}]}}"
1822,1822,2023-03-24 11:45:34.2760000,1,Info,Microsoft-Windows-Kernel-General,System,2924,3204,DESKTOP-887GK2L,15,S-1-5-18,The system time was changed,,,OldTime: 2023-03-23 22:03:45.1084315,NewTime: 2023-03-24 11:45:34.2760000,Reason: An application or system component changed the time.,,,,,False,C:\Users\turan\Desktop\defense-work-evtx-files\System.evtx,Time,0,"{""EventData"":{""Data"":[{""@Name"":""NewTime"",""#text"":""2023-03-24 11:45:34.2760000""},{""@Name"":""OldTime"",""#text"":""2023-03-23 22:03:45.1084315""},{""@Name"":""Reason"",""#text"":""1""},{""@Name"":""ProcessName"",""#text"":""\\Device\\HarddiskVolume3\\Program Files\\VMware\\VMware Tools\\vmtoolsd.exe""},{""@Name"":""ProcessID"",""#text"":""2924""}]}}"
1823,1823,2023-03-24 11:45:34.6132666,7040,Info,Service Control Manager,System,688,11096,DESKTOP-887GK2L,15,S-1-5-18,Start type of a service has changed,,,The start type of the Background Intelligent Transfer Service was changed from demand start to auto start,,,,,,BITS,False,C:\Users\turan\Desktop\defense-work-evtx-files\System.evtx,"Audit success, classic",0,"{""EventData"":{""Data"":[{""@Name"":""param1"",""#text"":""Background Intelligent Transfer Service""},{""@Name"":""param2"",""#text"":""demand start""},{""@Name"":""param3"",""#text"":""auto start""},{""@Name"":""param4"",""#text"":""BITS""}]}}"
1824,1824,2023-03-24 11:45:35.8766012,37,Info,Microsoft-Windows-Time-Service,System,7344,4224,DESKTOP-887GK2L,15,S-1-5-19,Synchronizing system time from time service,,,ServerAddress: time.windows.com,"ServerIP: time.windows.com,0x9 (ntp.m|0x9|0.0.0.0:123-&gt;40.119.148.38:123)",,,,,,False,C:\Users\turan\Desktop\defense-work-evtx-files\System.evtx,Classic,0,"{""EventData"":{""@Name"":""TMP_EVENT_TIME_SOURCE_REACHABLE"",""Data"":{""@Name"":""TimeSource"",""#text"":""time.windows.com,0x9 (ntp.m|0x9|0.0.0.0:123-&gt;40.119.148.38:123)""}}}"
1825,1825,2023-03-24 11:45:44.7453144,1014,Warning,Microsoft-Windows-DNS-Client,System,2256,6108,DESKTOP-887GK2L,15,S-1-5-20,,,,,,,,,,,False,C:\Users\turan\Desktop\defense-work-evtx-files\System.evtx,0x4000000010000000,0,"{""EventData"":{""Data"":[{""@Name"":""QueryName"",""#text"":""wpad""},{""@Name"":""AddressLength"",""#text"":""128""},{""@Name"":""Address"",""#text"":""02-00-00-00-AC-11-4F-02-00-00-00-00-00-00-00-00-00-00-00-00-00-00-00-00-00-00-00-00-00-00-00-00-00-00-00-00-00-00-00-00-00-00-00-00-00-00-00-00-00-00-00-00-00-00-00-00-00-00-00-00-00-00-00-00-00-00-00-00-00-00-00-00-00-00-00-00-00-00-00-00-00-00-00-00-00-00-00-00-00-00-00-00-00-00-00-00-00-00-00-00-00-00-00-00-00-00-00-00-00-00-00-00-00-00-00-00-00-00-00-00-00-00-00-00-00-00-00-00""}]}}"
1826,1826,2023-03-24 11:45:52.7009567,24,Info,Microsoft-Windows-Kernel-General,System,7344,596,DESKTOP-887GK2L,15,S-1-5-19,,,,,,,,,,,False,C:\Users\turan\Desktop\defense-work-evtx-files\System.evtx,Time,0,"{""EventData"":{""Data"":[{""@Name"":""ExitReason"",""#text"":""0""},{""@Name"":""CurrentBias"",""#text"":""420""},{""@Name"":""CurrentTimeZoneID"",""#text"":""2""},{""@Name"":""TimeZoneInfoCacheUpdated"",""#text"":""0""},{""@Name"":""FirstRefresh"",""#text"":""0""}]}}"
1827,1827,2023-03-24 11:45:52.7011040,1,Info,Microsoft-Windows-Kernel-General,System,7344,596,DESKTOP-887GK2L,15,S-1-5-19,The system time was changed,,,OldTime: 2023-03-24 11:45:51.6825730,NewTime: 2023-03-24 11:45:52.7005845,Reason: An application or system component changed the time.,,,,,False,C:\Users\turan\Desktop\defense-work-evtx-files\System.evtx,Time,0,"{""EventData"":{""Data"":[{""@Name"":""NewTime"",""#text"":""2023-03-24 11:45:52.7005845""},{""@Name"":""OldTime"",""#text"":""2023-03-24 11:45:51.6825730""},{""@Name"":""Reason"",""#text"":""1""},{""@Name"":""ProcessName"",""#text"":""\\Device\\HarddiskVolume3\\Windows\\System32\\svchost.exe""},{""@Name"":""ProcessID"",""#text"":""7344""}]}}"
1828,1828,2023-03-24 11:45:52.7012576,35,Info,Microsoft-Windows-Time-Service,System,7344,872,DESKTOP-887GK2L,15,S-1-5-19,Synchronizing system time from time service,,,ServerAddress: time.windows.com,"ServerIP: time.windows.com,0x9 (ntp.m|0x9|0.0.0.0:123-&gt;40.119.148.38:123)",,,,,,False,C:\Users\turan\Desktop\defense-work-evtx-files\System.evtx,Classic,0,"{""EventData"":{""@Name"":""TMP_EVENT_TIME_SOURCE_CHOSEN"",""Data"":[{""@Name"":""TimeSource"",""#text"":""time.windows.com,0x9 (ntp.m|0x9|0.0.0.0:123-&gt;40.119.148.38:123)""},{""@Name"":""TimeSourceRefId"",""#text"":""647264040""},{""@Name"":""CurrentStratumNumber"",""#text"":""4""}]}}"
1829,1829,2023-03-24 11:45:52.7015427,24,Info,Microsoft-Windows-Kernel-General,System,7344,596,DESKTOP-887GK2L,15,S-1-5-19,,,,,,,,,,,False,C:\Users\turan\Desktop\defense-work-evtx-files\System.evtx,Time,0,"{""EventData"":{""Data"":[{""@Name"":""ExitReason"",""#text"":""0""},{""@Name"":""CurrentBias"",""#text"":""420""},{""@Name"":""CurrentTimeZoneID"",""#text"":""2""},{""@Name"":""TimeZoneInfoCacheUpdated"",""#text"":""0""},{""@Name"":""FirstRefresh"",""#text"":""0""}]}}"
1830,1830,2023-03-24 11:45:52.7017560,1,Info,Microsoft-Windows-Kernel-General,System,7344,596,DESKTOP-887GK2L,15,S-1-5-19,The system time was changed,,,OldTime: 2023-03-24 11:45:52.7015988,NewTime: 2023-03-24 11:45:52.7013669,Reason: An application or system component changed the time.,,,,,False,C:\Users\turan\Desktop\defense-work-evtx-files\System.evtx,Time,0,"{""EventData"":{""Data"":[{""@Name"":""NewTime"",""#text"":""2023-03-24 11:45:52.7013669""},{""@Name"":""OldTime"",""#text"":""2023-03-24 11:45:52.7015988""},{""@Name"":""Reason"",""#text"":""1""},{""@Name"":""ProcessName"",""#text"":""\\Device\\HarddiskVolume3\\Windows\\System32\\svchost.exe""},{""@Name"":""ProcessID"",""#text"":""7344""}]}}"
1831,1831,2023-03-24 11:47:50.4846324,7040,Info,Service Control Manager,System,688,5968,DESKTOP-887GK2L,15,S-1-5-18,Start type of a service has changed,,,The start type of the Background Intelligent Transfer Service was changed from auto start to demand start,,,,,,BITS,False,C:\Users\turan\Desktop\defense-work-evtx-files\System.evtx,"Audit success, classic",0,"{""EventData"":{""Data"":[{""@Name"":""param1"",""#text"":""Background Intelligent Transfer Service""},{""@Name"":""param2"",""#text"":""auto start""},{""@Name"":""param3"",""#text"":""demand start""},{""@Name"":""param4"",""#text"":""BITS""}]}}"
1832,1832,2023-03-24 11:55:09.7472316,10016,Warning,Microsoft-Windows-DistributedCOM,System,372,12408,DESKTOP-887GK2L,15,S-1-5-21-3393683511-3463148672-371912004-1001,,,,,,,,,,,False,C:\Users\turan\Desktop\defense-work-evtx-files\System.evtx,"Audit success, classic",0,"{""EventData"":{""Data"":[{""@Name"":""param1"",""#text"":""machine-default""},{""@Name"":""param2"",""#text"":""Local""},{""@Name"":""param3"",""#text"":""Activation""},{""@Name"":""param4"",""#text"":""{C2F03A33-21F5-47FA-B4BB-156362A2F239}""},{""@Name"":""param5"",""#text"":""{316CDED5-E4AE-4B15-9113-7055D84DCC97}""},{""@Name"":""param6"",""#text"":""DESKTOP-887GK2L""},{""@Name"":""param7"",""#text"":""CyberJunkie""},{""@Name"":""param8"",""#text"":""S-1-5-21-3393683511-3463148672-371912004-1001""},{""@Name"":""param9"",""#text"":""LocalHost (Using LRPC)""},{""@Name"":""param10"",""#text"":""Microsoft.Windows.ShellExperienceHost_10.0.19041.1949_neutral_neutral_cw5n1h2txyewy""},{""@Name"":""param11"",""#text"":""S-1-15-2-155514346-2573954481-755741238-1654018636-1233331829-3075935687-2861478708""}]}}"
1833,1833,2023-03-24 12:07:23.5037051,1014,Warning,Microsoft-Windows-DNS-Client,System,2256,7892,DESKTOP-887GK2L,15,S-1-5-20,,,,,,,,,,,False,C:\Users\turan\Desktop\defense-work-evtx-files\System.evtx,0x4000000010000000,424,"{""EventData"":{""Data"":[{""@Name"":""QueryName"",""#text"":""wpad""},{""@Name"":""AddressLength"",""#text"":""128""},{""@Name"":""Address"",""#text"":""02-00-00-00-AC-11-4F-02-00-00-00-00-00-00-00-00-00-00-00-00-00-00-00-00-00-00-00-00-00-00-00-00-00-00-00-00-00-00-00-00-00-00-00-00-00-00-00-00-00-00-00-00-00-00-00-00-00-00-00-00-00-00-00-00-00-00-00-00-00-00-00-00-00-00-00-00-00-00-00-00-00-00-00-00-00-00-00-00-00-00-00-00-00-00-00-00-00-00-00-00-00-00-00-00-00-00-00-00-00-00-00-00-00-00-00-00-00-00-00-00-00-00-00-00-00-00-00-00""}]}}"
1834,1834,2023-03-24 12:17:30.5234538,1014,Warning,Microsoft-Windows-DNS-Client,System,2256,10184,DESKTOP-887GK2L,15,S-1-5-20,,,,,,,,,,,False,C:\Users\turan\Desktop\defense-work-evtx-files\System.evtx,0x4000000010000000,0,"{""EventData"":{""Data"":[{""@Name"":""QueryName"",""#text"":""wpad""},{""@Name"":""AddressLength"",""#text"":""128""},{""@Name"":""Address"",""#text"":""02-00-00-00-AC-11-4F-02-00-00-00-00-00-00-00-00-00-00-00-00-00-00-00-00-00-00-00-00-00-00-00-00-00-00-00-00-00-00-00-00-00-00-00-00-00-00-00-00-00-00-00-00-00-00-00-00-00-00-00-00-00-00-00-00-00-00-00-00-00-00-00-00-00-00-00-00-00-00-00-00-00-00-00-00-00-00-00-00-00-00-00-00-00-00-00-00-00-00-00-00-00-00-00-00-00-00-00-00-00-00-00-00-00-00-00-00-00-00-00-00-00-00-00-00-00-00-00-00""}]}}"
1835,1835,2023-03-24 12:27:47.1287201,10016,Warning,Microsoft-Windows-DistributedCOM,System,372,12188,DESKTOP-887GK2L,15,S-1-5-21-3393683511-3463148672-371912004-1001,,,,,,,,,,,False,C:\Users\turan\Desktop\defense-work-evtx-files\System.evtx,"Audit success, classic",0,"{""EventData"":{""Data"":[{""@Name"":""param1"",""#text"":""machine-default""},{""@Name"":""param2"",""#text"":""Local""},{""@Name"":""param3"",""#text"":""Activation""},{""@Name"":""param4"",""#text"":""{C2F03A33-21F5-47FA-B4BB-156362A2F239}""},{""@Name"":""param5"",""#text"":""{316CDED5-E4AE-4B15-9113-7055D84DCC97}""},{""@Name"":""param6"",""#text"":""DESKTOP-887GK2L""},{""@Name"":""param7"",""#text"":""CyberJunkie""},{""@Name"":""param8"",""#text"":""S-1-5-21-3393683511-3463148672-371912004-1001""},{""@Name"":""param9"",""#text"":""LocalHost (Using LRPC)""},{""@Name"":""param10"",""#text"":""Microsoft.Windows.ShellExperienceHost_10.0.19041.1949_neutral_neutral_cw5n1h2txyewy""},{""@Name"":""param11"",""#text"":""S-1-15-2-155514346-2573954481-755741238-1654018636-1233331829-3075935687-2861478708""}]}}"
1836,1836,2023-03-24 12:33:15.5157818,1014,Warning,Microsoft-Windows-DNS-Client,System,2256,11764,DESKTOP-887GK2L,15,S-1-5-20,,,,,,,,,,,False,C:\Users\turan\Desktop\defense-work-evtx-files\System.evtx,0x4000000010000000,0,"{""EventData"":{""Data"":[{""@Name"":""QueryName"",""#text"":""wpad""},{""@Name"":""AddressLength"",""#text"":""128""},{""@Name"":""Address"",""#text"":""02-00-00-00-AC-11-4F-02-00-00-00-00-00-00-00-00-00-00-00-00-00-00-00-00-00-00-00-00-00-00-00-00-00-00-00-00-00-00-00-00-00-00-00-00-00-00-00-00-00-00-00-00-00-00-00-00-00-00-00-00-00-00-00-00-00-00-00-00-00-00-00-00-00-00-00-00-00-00-00-00-00-00-00-00-00-00-00-00-00-00-00-00-00-00-00-00-00-00-00-00-00-00-00-00-00-00-00-00-00-00-00-00-00-00-00-00-00-00-00-00-00-00-00-00-00-00-00-00""}]}}"
1837,1837,2023-03-24 12:47:51.6586313,1014,Warning,Microsoft-Windows-DNS-Client,System,2256,7812,DESKTOP-887GK2L,15,S-1-5-20,,,,,,,,,,,False,C:\Users\turan\Desktop\defense-work-evtx-files\System.evtx,0x4000000010000000,0,"{""EventData"":{""Data"":[{""@Name"":""QueryName"",""#text"":""wpad""},{""@Name"":""AddressLength"",""#text"":""128""},{""@Name"":""Address"",""#text"":""02-00-00-00-AC-11-4F-02-00-00-00-00-00-00-00-00-00-00-00-00-00-00-00-00-00-00-00-00-00-00-00-00-00-00-00-00-00-00-00-00-00-00-00-00-00-00-00-00-00-00-00-00-00-00-00-00-00-00-00-00-00-00-00-00-00-00-00-00-00-00-00-00-00-00-00-00-00-00-00-00-00-00-00-00-00-00-00-00-00-00-00-00-00-00-00-00-00-00-00-00-00-00-00-00-00-00-00-00-00-00-00-00-00-00-00-00-00-00-00-00-00-00-00-00-00-00-00-00""}]}}"
1838,1838,2023-03-24 13:01:38.5517361,44,Info,Microsoft-Windows-WindowsUpdateClient,System,12364,11372,DESKTOP-887GK2L,15,S-1-5-18,,,,,,,,,,,False,C:\Users\turan\Desktop\defense-work-evtx-files\System.evtx,0x8000000000002004,0,"{""EventData"":{""Data"":[{""@Name"":""updateTitle"",""#text"":""9P7VS8XHG9G5-Microsoft.WindowsAppRuntime.1.2""},{""@Name"":""updateGuid"",""#text"":""24310aa7-059c-4941-8d4f-60512c2c25cb""},{""@Name"":""updateRevisionNumber"",""#text"":""1""}]}}"
1839,1839,2023-03-24 13:01:46.7438644,16,Info,Microsoft-Windows-Kernel-General,System,6124,2204,DESKTOP-887GK2L,15,S-1-5-18,,,,,,,,,,,False,C:\Users\turan\Desktop\defense-work-evtx-files\System.evtx,Classic,0,"{""EventData"":{""Data"":[{""@Name"":""HiveNameLength"",""#text"":""144""},{""@Name"":""HiveName"",""#text"":""\\??\\C:\\ProgramData\\Microsoft\\Windows\\AppRepository\\Packages\\Microsoft.WindowsAppRuntime.1.2_2000.802.31.0_x86__8wekyb3d8bbwe\\ActivationStore.dat""},{""@Name"":""KeysUpdated"",""#text"":""0""},{""@Name"":""DirtyPages"",""#text"":""0""}]}}"
1840,1840,2023-03-24 13:01:52.9937793,16,Info,Microsoft-Windows-Kernel-General,System,6124,2204,DESKTOP-887GK2L,15,S-1-5-18,,,,,,,,,,,False,C:\Users\turan\Desktop\defense-work-evtx-files\System.evtx,Classic,0,"{""EventData"":{""Data"":[{""@Name"":""HiveNameLength"",""#text"":""144""},{""@Name"":""HiveName"",""#text"":""\\??\\C:\\ProgramData\\Microsoft\\Windows\\AppRepository\\Packages\\Microsoft.WindowsAppRuntime.1.2_2000.802.31.0_x64__8wekyb3d8bbwe\\ActivationStore.dat""},{""@Name"":""KeysUpdated"",""#text"":""0""},{""@Name"":""DirtyPages"",""#text"":""0""}]}}"
1841,1841,2023-03-24 13:08:05.7401149,1014,Warning,Microsoft-Windows-DNS-Client,System,2256,6928,DESKTOP-887GK2L,15,S-1-5-20,,,,,,,,,,,False,C:\Users\turan\Desktop\defense-work-evtx-files\System.evtx,0x4000000010000000,0,"{""EventData"":{""Data"":[{""@Name"":""QueryName"",""#text"":""wpad""},{""@Name"":""AddressLength"",""#text"":""128""},{""@Name"":""Address"",""#text"":""02-00-00-00-AC-11-4F-02-00-00-00-00-00-00-00-00-00-00-00-00-00-00-00-00-00-00-00-00-00-00-00-00-00-00-00-00-00-00-00-00-00-00-00-00-00-00-00-00-00-00-00-00-00-00-00-00-00-00-00-00-00-00-00-00-00-00-00-00-00-00-00-00-00-00-00-00-00-00-00-00-00-00-00-00-00-00-00-00-00-00-00-00-00-00-00-00-00-00-00-00-00-00-00-00-00-00-00-00-00-00-00-00-00-00-00-00-00-00-00-00-00-00-00-00-00-00-00-00""}]}}"
1842,1842,2023-03-24 13:18:12.7822708,1014,Warning,Microsoft-Windows-DNS-Client,System,2256,3664,DESKTOP-887GK2L,15,S-1-5-20,,,,,,,,,,,False,C:\Users\turan\Desktop\defense-work-evtx-files\System.evtx,0x4000000010000000,0,"{""EventData"":{""Data"":[{""@Name"":""QueryName"",""#text"":""wpad""},{""@Name"":""AddressLength"",""#text"":""128""},{""@Name"":""Address"",""#text"":""02-00-00-00-AC-11-4F-02-00-00-00-00-00-00-00-00-00-00-00-00-00-00-00-00-00-00-00-00-00-00-00-00-00-00-00-00-00-00-00-00-00-00-00-00-00-00-00-00-00-00-00-00-00-00-00-00-00-00-00-00-00-00-00-00-00-00-00-00-00-00-00-00-00-00-00-00-00-00-00-00-00-00-00-00-00-00-00-00-00-00-00-00-00-00-00-00-00-00-00-00-00-00-00-00-00-00-00-00-00-00-00-00-00-00-00-00-00-00-00-00-00-00-00-00-00-00-00-00""}]}}"
1843,1843,2023-03-24 13:38:26.8583845,1014,Warning,Microsoft-Windows-DNS-Client,System,2256,5200,DESKTOP-887GK2L,15,S-1-5-20,,,,,,,,,,,False,C:\Users\turan\Desktop\defense-work-evtx-files\System.evtx,0x4000000010000000,424,"{""EventData"":{""Data"":[{""@Name"":""QueryName"",""#text"":""wpad""},{""@Name"":""AddressLength"",""#text"":""128""},{""@Name"":""Address"",""#text"":""02-00-00-00-AC-11-4F-02-00-00-00-00-00-00-00-00-00-00-00-00-00-00-00-00-00-00-00-00-00-00-00-00-00-00-00-00-00-00-00-00-00-00-00-00-00-00-00-00-00-00-00-00-00-00-00-00-00-00-00-00-00-00-00-00-00-00-00-00-00-00-00-00-00-00-00-00-00-00-00-00-00-00-00-00-00-00-00-00-00-00-00-00-00-00-00-00-00-00-00-00-00-00-00-00-00-00-00-00-00-00-00-00-00-00-00-00-00-00-00-00-00-00-00-00-00-00-00-00""}]}}"
1844,1844,2023-03-24 19:08:30.3850000,6013,Info,EventLog,System,0,0,DESKTOP-887GK2L,15,,System uptime,,,The system uptime is 33230 seconds,"TimeZone: 60, 480 Pacific Standard Time",,,,,,False,C:\Users\turan\Desktop\defense-work-evtx-files\System.evtx,0x80000000000000,0,"{""EventData"":{""Data"":""33230, 60, 480 Pacific Standard Time"",""Binary"":""31-00-2E-00-31-00-00-00-30-00-00-00-57-00-69-00-6E-00-64-00-6F-00-77-00-73-00-20-00-31-00-30-00-20-00-50-00-72-00-6F-00-20-00-4E-00-00-00-31-00-30-00-2E-00-30-00-2E-00-31-00-39-00-30-00-34-00-34-00-20-00-42-00-75-00-69-00-6C-00-64-00-20-00-31-00-39-00-30-00-34-00-34-00-20-00-20-00-00-00-4D-00-75-00-6C-00-74-00-69-00-70-00-72-00-6F-00-63-00-65-00-73-00-73-00-6F-00-72-00-20-00-46-00-72-00-65-00-65-00-00-00-31-00-39-00-30-00-34-00-31-00-2E-00-76-00-62-00-5F-00-72-00-65-00-6C-00-65-00-61-00-73-00-65-00-2E-00-31-00-39-00-31-00-32-00-30-00-36-00-2D-00-31-00-34-00-30-00-36-00-00-00-36-00-33-00-64-00-39-00-62-00-35-00-32-00-65-00-00-00-4E-00-6F-00-74-00-20-00-41-00-76-00-61-00-69-00-6C-00-61-00-62-00-6C-00-65-00-00-00-4E-00-6F-00-74-00-20-00-41-00-76-00-61-00-69-00-6C-00-61-00-62-00-6C-00-65-00-00-00-39-00-00-00-38-00-00-00-31-00-30-00-30-00-38-00-38-00-00-00-34-00-30-00-39-00-00-00-44-00-45-00-53-00-4B-00-54-00-4F-00-50-00-2D-00-38-00-38-00-37-00-47-00-4B-00-32-00-4C-00-00-00-00-00""}}"
1845,1845,2023-03-24 19:08:30.3850000,24,Info,Microsoft-Windows-Kernel-General,System,2924,3204,DESKTOP-887GK2L,15,S-1-5-18,,,,,,,,,,,False,C:\Users\turan\Desktop\defense-work-evtx-files\System.evtx,Time,0,"{""EventData"":{""Data"":[{""@Name"":""ExitReason"",""#text"":""0""},{""@Name"":""CurrentBias"",""#text"":""420""},{""@Name"":""CurrentTimeZoneID"",""#text"":""2""},{""@Name"":""TimeZoneInfoCacheUpdated"",""#text"":""0""},{""@Name"":""FirstRefresh"",""#text"":""0""}]}}"
1846,1846,2023-03-24 19:08:30.3850000,1,Info,Microsoft-Windows-Kernel-General,System,2924,3204,DESKTOP-887GK2L,15,S-1-5-18,The system time was changed,,,OldTime: 2023-03-24 13:42:00.9121061,NewTime: 2023-03-24 19:08:30.3850000,Reason: An application or system component changed the time.,,,,,False,C:\Users\turan\Desktop\defense-work-evtx-files\System.evtx,Time,0,"{""EventData"":{""Data"":[{""@Name"":""NewTime"",""#text"":""2023-03-24 19:08:30.3850000""},{""@Name"":""OldTime"",""#text"":""2023-03-24 13:42:00.9121061""},{""@Name"":""Reason"",""#text"":""1""},{""@Name"":""ProcessName"",""#text"":""\\Device\\HarddiskVolume3\\Program Files\\VMware\\VMware Tools\\vmtoolsd.exe""},{""@Name"":""ProcessID"",""#text"":""2924""}]}}"
1847,1847,2023-03-24 19:08:40.7630675,1014,Warning,Microsoft-Windows-DNS-Client,System,2256,10492,DESKTOP-887GK2L,15,S-1-5-20,,,,,,,,,,,False,C:\Users\turan\Desktop\defense-work-evtx-files\System.evtx,0x4000000010000000,424,"{""EventData"":{""Data"":[{""@Name"":""QueryName"",""#text"":""wpad""},{""@Name"":""AddressLength"",""#text"":""128""},{""@Name"":""Address"",""#text"":""02-00-00-00-AC-11-4F-02-00-00-00-00-00-00-00-00-00-00-00-00-00-00-00-00-00-00-00-00-00-00-00-00-00-00-00-00-00-00-00-00-00-00-00-00-00-00-00-00-00-00-00-00-00-00-00-00-00-00-00-00-00-00-00-00-00-00-00-00-00-00-00-00-00-00-00-00-00-00-00-00-00-00-00-00-00-00-00-00-00-00-00-00-00-00-00-00-00-00-00-00-00-00-00-00-00-00-00-00-00-00-00-00-00-00-00-00-00-00-00-00-00-00-00-00-00-00-00-00""}]}}"
1848,1848,2023-03-24 19:09:42.6452393,44,Info,Microsoft-Windows-WindowsUpdateClient,System,1716,8568,DESKTOP-887GK2L,15,S-1-5-18,,,,,,,,,,,False,C:\Users\turan\Desktop\defense-work-evtx-files\System.evtx,0x8000000000002004,0,"{""EventData"":{""Data"":[{""@Name"":""updateTitle"",""#text"":""Security Intelligence Update for Microsoft Defender Antivirus - KB2267602 (Version 1.385.1020.0)""},{""@Name"":""updateGuid"",""#text"":""5f6cfeb6-49e0-4e51-9f5a-1dbf6ebc2756""},{""@Name"":""updateRevisionNumber"",""#text"":""200""}]}}"
1849,1849,2023-03-24 19:09:42.6452413,43,Info,Microsoft-Windows-WindowsUpdateClient,System,1716,8568,DESKTOP-887GK2L,15,S-1-5-18,,,,,,,,,,,False,C:\Users\turan\Desktop\defense-work-evtx-files\System.evtx,0x8000000000002008,0,"{""EventData"":{""Data"":[{""@Name"":""updateTitle"",""#text"":""Security Intelligence Update for Microsoft Defender Antivirus - KB2267602 (Version 1.385.1020.0)""},{""@Name"":""updateGuid"",""#text"":""5f6cfeb6-49e0-4e51-9f5a-1dbf6ebc2756""},{""@Name"":""updateRevisionNumber"",""#text"":""200""}]}}"
1850,1850,2023-03-24 19:09:46.9669691,19,Info,Microsoft-Windows-WindowsUpdateClient,System,1716,8568,DESKTOP-887GK2L,15,S-1-5-18,,,,,,,,,,,False,C:\Users\turan\Desktop\defense-work-evtx-files\System.evtx,Installation,0,"{""EventData"":{""Data"":[{""@Name"":""updateTitle"",""#text"":""Security Intelligence Update for Microsoft Defender Antivirus - KB2267602 (Version 1.385.1020.0)""},{""@Name"":""updateGuid"",""#text"":""5f6cfeb6-49e0-4e51-9f5a-1dbf6ebc2756""},{""@Name"":""updateRevisionNumber"",""#text"":""200""},{""@Name"":""serviceGuid"",""#text"":""9482f4b4-e343-43b6-b170-9a65bc822c77""}]}}"
1851,1851,2023-03-24 19:22:47.9473567,26,Info,Application Popup,System,628,7404,DESKTOP-887GK2L,15,S-1-5-18,Application Error,,,Caption: 31ff0d955a10dec0f686767a40996fca135de635bc52d96a11b578b092fc13a3.exe - System Error,"Message: The code execution cannot proceed because libcurl.dll was not found. Reinstalling the program may fix this problem. ",,,,,,False,C:\Users\turan\Desktop\defense-work-evtx-files\System.evtx,Classic,0,"{""EventData"":{""Data"":[{""@Name"":""Caption"",""#text"":""31ff0d955a10dec0f686767a40996fca135de635bc52d96a11b578b092fc13a3.exe - System Error""},{""@Name"":""Message"",""#text"":""The code execution cannot proceed because libcurl.dll was not found. Reinstalling the program may fix this problem. ""}]}}"
1852,1852,2023-03-24 19:22:47.9473705,26,Info,Application Popup,System,628,804,DESKTOP-887GK2L,15,S-1-5-18,Application Error,,,Caption: 31ff0d955a10dec0f686767a40996fca135de635bc52d96a11b578b092fc13a3.exe - System Error,"Message: The code execution cannot proceed because avutil-56.dll was not found. Reinstalling the program may fix this problem. ",,,,,,False,C:\Users\turan\Desktop\defense-work-evtx-files\System.evtx,Classic,0,"{""EventData"":{""Data"":[{""@Name"":""Caption"",""#text"":""31ff0d955a10dec0f686767a40996fca135de635bc52d96a11b578b092fc13a3.exe - System Error""},{""@Name"":""Message"",""#text"":""The code execution cannot proceed because avutil-56.dll was not found. Reinstalling the program may fix this problem. ""}]}}"
1853,1853,2023-03-24 19:22:47.9474145,26,Info,Application Popup,System,628,644,DESKTOP-887GK2L,15,S-1-5-18,Application Error,,,Caption: 31ff0d955a10dec0f686767a40996fca135de635bc52d96a11b578b092fc13a3.exe - System Error,"Message: The code execution cannot proceed because avcodec-58.dll was not found. Reinstalling the program may fix this problem. ",,,,,,False,C:\Users\turan\Desktop\defense-work-evtx-files\System.evtx,Classic,0,"{""EventData"":{""Data"":[{""@Name"":""Caption"",""#text"":""31ff0d955a10dec0f686767a40996fca135de635bc52d96a11b578b092fc13a3.exe - System Error""},{""@Name"":""Message"",""#text"":""The code execution cannot proceed because avcodec-58.dll was not found. Reinstalling the program may fix this problem. ""}]}}"
1854,1854,2023-03-24 19:22:47.9476535,26,Info,Application Popup,System,628,804,DESKTOP-887GK2L,15,S-1-5-18,Application Error,,,Caption: 31ff0d955a10dec0f686767a40996fca135de635bc52d96a11b578b092fc13a3.exe - System Error,"Message: The code execution cannot proceed because avformat-58.dll was not found. Reinstalling the program may fix this problem. ",,,,,,False,C:\Users\turan\Desktop\defense-work-evtx-files\System.evtx,Classic,0,"{""EventData"":{""Data"":[{""@Name"":""Caption"",""#text"":""31ff0d955a10dec0f686767a40996fca135de635bc52d96a11b578b092fc13a3.exe - System Error""},{""@Name"":""Message"",""#text"":""The code execution cannot proceed because avformat-58.dll was not found. Reinstalling the program may fix this problem. ""}]}}"
1855,1855,2023-03-24 19:29:26.1819561,1014,Warning,Microsoft-Windows-DNS-Client,System,2256,12492,DESKTOP-887GK2L,15,S-1-5-20,,,,,,,,,,,False,C:\Users\turan\Desktop\defense-work-evtx-files\System.evtx,0x4000000010000000,0,"{""EventData"":{""Data"":[{""@Name"":""QueryName"",""#text"":""wpad""},{""@Name"":""AddressLength"",""#text"":""128""},{""@Name"":""Address"",""#text"":""02-00-00-00-AC-11-4F-02-00-00-00-00-00-00-00-00-00-00-00-00-00-00-00-00-00-00-00-00-00-00-00-00-00-00-00-00-00-00-00-00-00-00-00-00-00-00-00-00-00-00-00-00-00-00-00-00-00-00-00-00-00-00-00-00-00-00-00-00-00-00-00-00-00-00-00-00-00-00-00-00-00-00-00-00-00-00-00-00-00-00-00-00-00-00-00-00-00-00-00-00-00-00-00-00-00-00-00-00-00-00-00-00-00-00-00-00-00-00-00-00-00-00-00-00-00-00-00-00""}]}}"
1856,1856,2023-03-24 19:32:15.7480003,10016,Warning,Microsoft-Windows-DistributedCOM,System,372,7832,DESKTOP-887GK2L,15,S-1-5-21-3393683511-3463148672-371912004-1001,,,,,,,,,,,False,C:\Users\turan\Desktop\defense-work-evtx-files\System.evtx,"Audit success, classic",0,"{""EventData"":{""Data"":[{""@Name"":""param1"",""#text"":""machine-default""},{""@Name"":""param2"",""#text"":""Local""},{""@Name"":""param3"",""#text"":""Activation""},{""@Name"":""param4"",""#text"":""{C2F03A33-21F5-47FA-B4BB-156362A2F239}""},{""@Name"":""param5"",""#text"":""{316CDED5-E4AE-4B15-9113-7055D84DCC97}""},{""@Name"":""param6"",""#text"":""DESKTOP-887GK2L""},{""@Name"":""param7"",""#text"":""CyberJunkie""},{""@Name"":""param8"",""#text"":""S-1-5-21-3393683511-3463148672-371912004-1001""},{""@Name"":""param9"",""#text"":""LocalHost (Using LRPC)""},{""@Name"":""param10"",""#text"":""Microsoft.Windows.ShellExperienceHost_10.0.19041.1949_neutral_neutral_cw5n1h2txyewy""},{""@Name"":""param11"",""#text"":""S-1-15-2-155514346-2573954481-755741238-1654018636-1233331829-3075935687-2861478708""}]}}"
1857,1857,2023-03-24 19:33:29.9206457,10016,Warning,Microsoft-Windows-DistributedCOM,System,372,10272,DESKTOP-887GK2L,15,S-1-5-21-3393683511-3463148672-371912004-1001,,,,,,,,,,,False,C:\Users\turan\Desktop\defense-work-evtx-files\System.evtx,"Audit success, classic",0,"{""EventData"":{""Data"":[{""@Name"":""param1"",""#text"":""machine-default""},{""@Name"":""param2"",""#text"":""Local""},{""@Name"":""param3"",""#text"":""Activation""},{""@Name"":""param4"",""#text"":""{C2F03A33-21F5-47FA-B4BB-156362A2F239}""},{""@Name"":""param5"",""#text"":""{316CDED5-E4AE-4B15-9113-7055D84DCC97}""},{""@Name"":""param6"",""#text"":""DESKTOP-887GK2L""},{""@Name"":""param7"",""#text"":""CyberJunkie""},{""@Name"":""param8"",""#text"":""S-1-5-21-3393683511-3463148672-371912004-1001""},{""@Name"":""param9"",""#text"":""LocalHost (Using LRPC)""},{""@Name"":""param10"",""#text"":""Microsoft.Windows.ShellExperienceHost_10.0.19041.1949_neutral_neutral_cw5n1h2txyewy""},{""@Name"":""param11"",""#text"":""S-1-15-2-155514346-2573954481-755741238-1654018636-1233331829-3075935687-2861478708""}]}}"
1858,1858,2023-03-24 19:34:11.8308565,7045,Info,Service Control Manager,System,688,9584,DESKTOP-887GK2L,15,S-1-5-18,A new service was installed in the system,,,Name: VMware Tools,StartType: auto start,Account: LocalSystem,,,,"""C:\Program Files\VMware\VMware Tools\vmtoolsd.exe""",False,C:\Users\turan\Desktop\defense-work-evtx-files\System.evtx,"Audit success, classic",0,"{""EventData"":{""Data"":[{""@Name"":""ServiceName"",""#text"":""VMware Tools""},{""@Name"":""ImagePath"",""#text"":""\""C:\\Program Files\\VMware\\VMware Tools\\vmtoolsd.exe\""""},{""@Name"":""ServiceType"",""#text"":""user mode service""},{""@Name"":""StartType"",""#text"":""auto start""},{""@Name"":""AccountName"",""#text"":""LocalSystem""}]}}"
1859,1859,2023-03-24 19:34:12.5778502,7045,Info,Service Control Manager,System,688,9584,DESKTOP-887GK2L,15,S-1-5-18,A new service was installed in the system,,,Name: VMware Snapshot Provider,StartType: demand start,Account: NT AUTHORITY\LocalService,,,,C:\Windows\system32\dllhost.exe /Processid:{296AA8F7-7CA6-4968-828D-D4BFCB72938F},False,C:\Users\turan\Desktop\defense-work-evtx-files\System.evtx,"Audit success, classic",0,"{""EventData"":{""Data"":[{""@Name"":""ServiceName"",""#text"":""VMware Snapshot Provider""},{""@Name"":""ImagePath"",""#text"":""C:\\Windows\\system32\\dllhost.exe /Processid:{296AA8F7-7CA6-4968-828D-D4BFCB72938F}""},{""@Name"":""ServiceType"",""#text"":""user mode service""},{""@Name"":""StartType"",""#text"":""demand start""},{""@Name"":""AccountName"",""#text"":""NT AUTHORITY\\LocalService""}]}}"
1860,1860,2023-03-24 19:34:32.1707755,7040,Info,Service Control Manager,System,688,9584,DESKTOP-887GK2L,15,S-1-5-18,Start type of a service has changed,,,The start type of the Background Intelligent Transfer Service was changed from demand start to auto start,,,,,,BITS,False,C:\Users\turan\Desktop\defense-work-evtx-files\System.evtx,"Audit success, classic",0,"{""EventData"":{""Data"":[{""@Name"":""param1"",""#text"":""Background Intelligent Transfer Service""},{""@Name"":""param2"",""#text"":""demand start""},{""@Name"":""param3"",""#text"":""auto start""},{""@Name"":""param4"",""#text"":""BITS""}]}}"
1861,1861,2023-03-24 19:38:55.7006402,1014,Warning,Microsoft-Windows-DNS-Client,System,2256,11620,DESKTOP-887GK2L,15,S-1-5-20,,,,,,,,,,,False,C:\Users\turan\Desktop\defense-work-evtx-files\System.evtx,0x4000000010000000,0,"{""EventData"":{""Data"":[{""@Name"":""QueryName"",""#text"":""wpad""},{""@Name"":""AddressLength"",""#text"":""128""},{""@Name"":""Address"",""#text"":""02-00-00-00-AC-11-4F-02-00-00-00-00-00-00-00-00-00-00-00-00-00-00-00-00-00-00-00-00-00-00-00-00-00-00-00-00-00-00-00-00-00-00-00-00-00-00-00-00-00-00-00-00-00-00-00-00-00-00-00-00-00-00-00-00-00-00-00-00-00-00-00-00-00-00-00-00-00-00-00-00-00-00-00-00-00-00-00-00-00-00-00-00-00-00-00-00-00-00-00-00-00-00-00-00-00-00-00-00-00-00-00-00-00-00-00-00-00-00-00-00-00-00-00-00-00-00-00-00""}]}}"
1862,1862,2023-03-24 19:41:28.2005628,7040,Info,Service Control Manager,System,688,9584,DESKTOP-887GK2L,15,S-1-5-18,Start type of a service has changed,,,The start type of the Background Intelligent Transfer Service was changed from auto start to demand start,,,,,,BITS,False,C:\Users\turan\Desktop\defense-work-evtx-files\System.evtx,"Audit success, classic",0,"{""EventData"":{""Data"":[{""@Name"":""param1"",""#text"":""Background Intelligent Transfer Service""},{""@Name"":""param2"",""#text"":""auto start""},{""@Name"":""param3"",""#text"":""demand start""},{""@Name"":""param4"",""#text"":""BITS""}]}}"
1863,1863,2023-03-24 19:41:37.4190344,7045,Info,Service Control Manager,System,688,9584,DESKTOP-887GK2L,15,S-1-5-21-3393683511-3463148672-371912004-1001,A new service was installed in the system,,,Name: Sysmon64,StartType: auto start,Account: LocalSystem,,,,C:\Windows\Sysmon64.exe,False,C:\Users\turan\Desktop\defense-work-evtx-files\System.evtx,"Audit success, classic",0,"{""EventData"":{""Data"":[{""@Name"":""ServiceName"",""#text"":""Sysmon64""},{""@Name"":""ImagePath"",""#text"":""C:\\Windows\\Sysmon64.exe""},{""@Name"":""ServiceType"",""#text"":""user mode service""},{""@Name"":""StartType"",""#text"":""auto start""},{""@Name"":""AccountName"",""#text"":""LocalSystem""}]}}"
1864,1864,2023-03-24 19:41:37.4190344,7045,Info,Service Control Manager,System,688,9584,DESKTOP-887GK2L,15,S-1-5-21-3393683511-3463148672-371912004-1001,A new service was installed in the system,,,Name: SysmonDrv,StartType: boot start,"Account: ",,,,C:\Windows\SysmonDrv.sys,False,C:\Users\turan\Desktop\defense-work-evtx-files\System.evtx,"Audit success, classic",0,"{""EventData"":{""Data"":[{""@Name"":""ServiceName"",""#text"":""SysmonDrv""},{""@Name"":""ImagePath"",""#text"":""C:\\Windows\\SysmonDrv.sys""},{""@Name"":""ServiceType"",""#text"":""kernel mode driver""},{""@Name"":""StartType"",""#text"":""boot start""},{""@Name"":""AccountName""}]}}"
1865,1865,2023-03-24 19:41:37.4398028,6,Info,Microsoft-Windows-FilterManager,System,4,10504,DESKTOP-887GK2L,15,S-1-5-18,,,,,,,,,,,False,C:\Users\turan\Desktop\defense-work-evtx-files\System.evtx,Classic,0,"{""EventData"":{""Data"":[{""@Name"":""FinalStatus"",""#text"":""0x0""},{""@Name"":""DeviceVersionMajor"",""#text"":""0""},{""@Name"":""DeviceVersionMinor"",""#text"":""0""},{""@Name"":""DeviceNameLength"",""#text"":""9""},{""@Name"":""DeviceName"",""#text"":""SysmonDrv""},{""@Name"":""DeviceTime"",""#text"":""2023-01-20 10:59:19.0000000""}]}}"
1866,1866,2023-03-24 19:42:30.0582268,104,Info,Microsoft-Windows-Eventlog,System,1408,12156,DESKTOP-887GK2L,15,S-1-5-21-3393683511-3463148672-371912004-1001,Event log cleared,DESKTOP-887GK2L\CyberJunkie,,The Microsoft-Windows-Sysmon/Operational log file was cleared,,,,,,,False,C:\Users\turan\Desktop\defense-work-evtx-files\System.evtx,Classic,0,"{""UserData"":{""LogFileCleared"":{""SubjectUserName"":""CyberJunkie"",""SubjectDomainName"":""DESKTOP-887GK2L"",""Channel"":""Microsoft-Windows-Sysmon/Operational"",""BackupPath"":""""}}}"
1867,1867,2023-03-24 20:00:37.9499892,1014,Warning,Microsoft-Windows-DNS-Client,System,2256,3708,DESKTOP-887GK2L,15,S-1-5-20,,,,,,,,,,,False,C:\Users\turan\Desktop\defense-work-evtx-files\System.evtx,0x4000000010000000,0,"{""EventData"":{""Data"":[{""@Name"":""QueryName"",""#text"":""wpad""},{""@Name"":""AddressLength"",""#text"":""128""},{""@Name"":""Address"",""#text"":""02-00-00-00-AC-11-4F-02-00-00-00-00-00-00-00-00-00-00-00-00-00-00-00-00-00-00-00-00-00-00-00-00-00-00-00-00-00-00-00-00-00-00-00-00-00-00-00-00-00-00-00-00-00-00-00-00-00-00-00-00-00-00-00-00-00-00-00-00-00-00-00-00-00-00-00-00-00-00-00-00-00-00-00-00-00-00-00-00-00-00-00-00-00-00-00-00-00-00-00-00-00-00-00-00-00-00-00-00-00-00-00-00-00-00-00-00-00-00-00-00-00-00-00-00-00-00-00-00""}]}}"
1868,1868,2023-03-24 20:06:20.4396757,104,Info,Microsoft-Windows-Eventlog,System,1408,4072,DESKTOP-887GK2L,15,S-1-5-21-3393683511-3463148672-371912004-1001,Event log cleared,DESKTOP-887GK2L\CyberJunkie,,The Microsoft-Windows-Sysmon/Operational log file was cleared,,,,,,,False,C:\Users\turan\Desktop\defense-work-evtx-files\System.evtx,Classic,0,"{""UserData"":{""LogFileCleared"":{""SubjectUserName"":""CyberJunkie"",""SubjectDomainName"":""DESKTOP-887GK2L"",""Channel"":""Microsoft-Windows-Sysmon/Operational"",""BackupPath"":""""}}}"
1869,1869,2023-03-24 20:09:34.5730002,104,Info,Microsoft-Windows-Eventlog,System,1408,8468,DESKTOP-887GK2L,15,S-1-5-21-3393683511-3463148672-371912004-1001,Event log cleared,DESKTOP-887GK2L\CyberJunkie,,The Microsoft-Windows-Sysmon/Operational log file was cleared,,,,,,,False,C:\Users\turan\Desktop\defense-work-evtx-files\System.evtx,Classic,0,"{""UserData"":{""LogFileCleared"":{""SubjectUserName"":""CyberJunkie"",""SubjectDomainName"":""DESKTOP-887GK2L"",""Channel"":""Microsoft-Windows-Sysmon/Operational"",""BackupPath"":""""}}}"
1870,1870,2023-03-24 20:10:44.9949277,1014,Warning,Microsoft-Windows-DNS-Client,System,2256,1504,DESKTOP-887GK2L,15,S-1-5-20,,,,,,,,,,,False,C:\Users\turan\Desktop\defense-work-evtx-files\System.evtx,0x4000000010000000,0,"{""EventData"":{""Data"":[{""@Name"":""QueryName"",""#text"":""wpad""},{""@Name"":""AddressLength"",""#text"":""128""},{""@Name"":""Address"",""#text"":""02-00-00-00-AC-11-4F-02-00-00-00-00-00-00-00-00-00-00-00-00-00-00-00-00-00-00-00-00-00-00-00-00-00-00-00-00-00-00-00-00-00-00-00-00-00-00-00-00-00-00-00-00-00-00-00-00-00-00-00-00-00-00-00-00-00-00-00-00-00-00-00-00-00-00-00-00-00-00-00-00-00-00-00-00-00-00-00-00-00-00-00-00-00-00-00-00-00-00-00-00-00-00-00-00-00-00-00-00-00-00-00-00-00-00-00-00-00-00-00-00-00-00-00-00-00-00-00-00""}]}}"
1871,1871,2023-03-24 20:15:30.9463880,104,Info,Microsoft-Windows-Eventlog,System,1408,7124,DESKTOP-887GK2L,15,S-1-5-21-3393683511-3463148672-371912004-1001,Event log cleared,DESKTOP-887GK2L\CyberJunkie,,The Microsoft-Windows-Sysmon/Operational log file was cleared,,,,,,,False,C:\Users\turan\Desktop\defense-work-evtx-files\System.evtx,Classic,0,"{""UserData"":{""LogFileCleared"":{""SubjectUserName"":""CyberJunkie"",""SubjectDomainName"":""DESKTOP-887GK2L"",""Channel"":""Microsoft-Windows-Sysmon/Operational"",""BackupPath"":""""}}}"
