1530,1530,2023-03-22 08:35:08.4044451,16,Info,Microsoft-Windows-Kernel-General,System,4532,752,DESKTOP-887GK2L,13,S-1-5-18,,,,,,,,,,,False,C:\Users\turan\Desktop\defense-work-evtx-files\System.evtx,Classic,0,"{""EventData"":{""Data"":[{""@Name"":""HiveNameLength"",""#text"":""132""},{""@Name"":""HiveName"",""#text"":""\\??\\C:\\ProgramData\\Microsoft\\Windows\\AppRepository\\Packages\\Microsoft.GetHelp_10.2301.10372.0_x64__8wekyb3d8bbwe\\ActivationStore.dat""},{""@Name"":""KeysUpdated"",""#text"":""0""},{""@Name"":""DirtyPages"",""#text"":""0""}]}}"
1531,1531,2023-03-22 08:35:10.0330600,43,Info,Microsoft-Windows-WindowsUpdateClient,System,2620,1452,DESKTOP-887GK2L,13,S-1-5-18,,,,,,,,,,,False,C:\Users\turan\Desktop\defense-work-evtx-files\System.evtx,0x8000000000002008,0,"{""EventData"":{""Data"":[{""@Name"":""updateTitle"",""#text"":""9PKDZBMV1H3T-Microsoft.GetHelp""},{""@Name"":""updateGuid"",""#text"":""ced82b25-290a-4ce5-b293-0226f2850ce2""},{""@Name"":""updateRevisionNumber"",""#text"":""1""}]}}"
1532,1532,2023-03-22 08:35:10.1212777,7040,Info,Service Control Manager,System,696,4020,DESKTOP-887GK2L,13,S-1-5-18,Start type of a service has changed,,,The start type of the Windows Modules Installer was changed from auto start to demand start,,,,,,TrustedInstaller,False,C:\Users\turan\Desktop\defense-work-evtx-files\System.evtx,"Audit success, classic",0,"{""EventData"":{""Data"":[{""@Name"":""param1"",""#text"":""Windows Modules Installer""},{""@Name"":""param2"",""#text"":""auto start""},{""@Name"":""param3"",""#text"":""demand start""},{""@Name"":""param4"",""#text"":""TrustedInstaller""}]}}"
1533,1533,2023-03-22 08:35:10.1705898,19,Info,Microsoft-Windows-WindowsUpdateClient,System,2620,5324,DESKTOP-887GK2L,13,S-1-5-18,,,,,,,,,,,False,C:\Users\turan\Desktop\defense-work-evtx-files\System.evtx,Installation,0,"{""EventData"":{""Data"":[{""@Name"":""updateTitle"",""#text"":""2022-08 Security Update for Windows 10 Version 21H2 for x64-based Systems (KB5012170)""},{""@Name"":""updateGuid"",""#text"":""01f7dc80-5870-4a79-bb59-fe9071e01405""},{""@Name"":""updateRevisionNumber"",""#text"":""201""},{""@Name"":""serviceGuid"",""#text"":""9482f4b4-e343-43b6-b170-9a65bc822c77""}]}}"
1534,1534,2023-03-22 08:35:10.3564486,16,Info,Microsoft-Windows-Kernel-General,System,4532,752,DESKTOP-887GK2L,13,S-1-5-21-3393683511-3463148672-371912004-1001,,,,,,,,,,,False,C:\Users\turan\Desktop\defense-work-evtx-files\System.evtx,Classic,0,"{""EventData"":{""Data"":[{""@Name"":""HiveNameLength"",""#text"":""101""},{""@Name"":""HiveName"",""#text"":""\\??\\C:\\Users\\CyberJunkie\\AppData\\Local\\Packages\\Microsoft.GetHelp_8wekyb3d8bbwe\\Settings\\settings.dat""},{""@Name"":""KeysUpdated"",""#text"":""1""},{""@Name"":""DirtyPages"",""#text"":""1""}]}}"
1535,1535,2023-03-22 08:35:10.5689136,43,Info,Microsoft-Windows-WindowsUpdateClient,System,2620,5324,DESKTOP-887GK2L,13,S-1-5-18,,,,,,,,,,,False,C:\Users\turan\Desktop\defense-work-evtx-files\System.evtx,0x8000000000002008,0,"{""EventData"":{""Data"":[{""@Name"":""updateTitle"",""#text"":""Windows Malicious Software Removal Tool x64 - v5.111 (KB890830)""},{""@Name"":""updateGuid"",""#text"":""40c5661b-19d6-477e-9531-8b12d13c7d60""},{""@Name"":""updateRevisionNumber"",""#text"":""201""}]}}"
1536,1536,2023-03-22 08:35:10.8191498,19,Info,Microsoft-Windows-WindowsUpdateClient,System,2620,1452,DESKTOP-887GK2L,13,S-1-5-18,,,,,,,,,,,False,C:\Users\turan\Desktop\defense-work-evtx-files\System.evtx,Installation,0,"{""EventData"":{""Data"":[{""@Name"":""updateTitle"",""#text"":""9PKDZBMV1H3T-Microsoft.GetHelp""},{""@Name"":""updateGuid"",""#text"":""ced82b25-290a-4ce5-b293-0226f2850ce2""},{""@Name"":""updateRevisionNumber"",""#text"":""1""},{""@Name"":""serviceGuid"",""#text"":""855e8a7c-ecb4-4ca3-b045-1dfa50104289""}]}}"
1537,1537,2023-03-22 08:35:13.6681373,7040,Info,Service Control Manager,System,696,4020,DESKTOP-887GK2L,13,S-1-5-18,Start type of a service has changed,,,The start type of the Windows Modules Installer was changed from demand start to auto start,,,,,,TrustedInstaller,False,C:\Users\turan\Desktop\defense-work-evtx-files\System.evtx,"Audit success, classic",0,"{""EventData"":{""Data"":[{""@Name"":""param1"",""#text"":""Windows Modules Installer""},{""@Name"":""param2"",""#text"":""demand start""},{""@Name"":""param3"",""#text"":""auto start""},{""@Name"":""param4"",""#text"":""TrustedInstaller""}]}}"
1538,1538,2023-03-22 08:35:16.6340829,16,Info,Microsoft-Windows-Kernel-General,System,4532,1616,DESKTOP-887GK2L,13,S-1-5-18,,,,,,,,,,,False,C:\Users\turan\Desktop\defense-work-evtx-files\System.evtx,Classic,0,"{""EventData"":{""Data"":[{""@Name"":""HiveNameLength"",""#text"":""136""},{""@Name"":""HiveName"",""#text"":""\\??\\C:\\ProgramData\\Microsoft\\Windows\\AppRepository\\Packages\\Microsoft.WindowsStore_22301.1401.6.0_x64__8wekyb3d8bbwe\\ActivationStore.dat""},{""@Name"":""KeysUpdated"",""#text"":""0""},{""@Name"":""DirtyPages"",""#text"":""0""}]}}"
1539,1539,2023-03-22 08:35:17.2361221,44,Info,Microsoft-Windows-WindowsUpdateClient,System,2620,5920,DESKTOP-887GK2L,13,S-1-5-18,,,,,,,,,,,False,C:\Users\turan\Desktop\defense-work-evtx-files\System.evtx,0x8000000000002004,0,"{""EventData"":{""Data"":[{""@Name"":""updateTitle"",""#text"":""9WZDNCRFHVQM-MICROSOFT.WINDOWSCOMMUNICATIONSAPPS""},{""@Name"":""updateGuid"",""#text"":""8ec28fd6-f563-455b-b724-aba3bba4513e""},{""@Name"":""updateRevisionNumber"",""#text"":""1""}]}}"
1540,1540,2023-03-22 08:35:18.0438383,43,Info,Microsoft-Windows-WindowsUpdateClient,System,2620,4376,DESKTOP-887GK2L,13,S-1-5-18,,,,,,,,,,,False,C:\Users\turan\Desktop\defense-work-evtx-files\System.evtx,0x8000000000002008,0,"{""EventData"":{""Data"":[{""@Name"":""updateTitle"",""#text"":""9WZDNCRFJBMP-MICROSOFT.WINDOWSSTORE""},{""@Name"":""updateGuid"",""#text"":""d4ab615e-d955-4f95-95c6-c95a7c47ef8f""},{""@Name"":""updateRevisionNumber"",""#text"":""1""}]}}"
1541,1541,2023-03-22 08:35:18.9005023,19,Info,Microsoft-Windows-WindowsUpdateClient,System,2620,4376,DESKTOP-887GK2L,13,S-1-5-18,,,,,,,,,,,False,C:\Users\turan\Desktop\defense-work-evtx-files\System.evtx,Installation,0,"{""EventData"":{""Data"":[{""@Name"":""updateTitle"",""#text"":""9WZDNCRFJBMP-MICROSOFT.WINDOWSSTORE""},{""@Name"":""updateGuid"",""#text"":""d4ab615e-d955-4f95-95c6-c95a7c47ef8f""},{""@Name"":""updateRevisionNumber"",""#text"":""1""},{""@Name"":""serviceGuid"",""#text"":""855e8a7c-ecb4-4ca3-b045-1dfa50104289""}]}}"
1542,1542,2023-03-22 08:35:19.4277314,16,Info,Microsoft-Windows-Kernel-General,System,4532,3292,DESKTOP-887GK2L,13,S-1-5-18,,,,,,,,,,,False,C:\Users\turan\Desktop\defense-work-evtx-files\System.evtx,Classic,0,"{""EventData"":{""Data"":[{""@Name"":""HiveNameLength"",""#text"":""130""},{""@Name"":""HiveName"",""#text"":""\\??\\C:\\ProgramData\\Microsoft\\Windows\\AppRepository\\Packages\\Microsoft.MSPaint_6.2203.1037.0_x64__8wekyb3d8bbwe\\ActivationStore.dat""},{""@Name"":""KeysUpdated"",""#text"":""0""},{""@Name"":""DirtyPages"",""#text"":""0""}]}}"
1543,1543,2023-03-22 08:35:20.2151340,7040,Info,Service Control Manager,System,696,4020,DESKTOP-887GK2L,13,S-1-5-18,Start type of a service has changed,,,The start type of the Windows Modules Installer was changed from auto start to demand start,,,,,,TrustedInstaller,False,C:\Users\turan\Desktop\defense-work-evtx-files\System.evtx,"Audit success, classic",0,"{""EventData"":{""Data"":[{""@Name"":""param1"",""#text"":""Windows Modules Installer""},{""@Name"":""param2"",""#text"":""auto start""},{""@Name"":""param3"",""#text"":""demand start""},{""@Name"":""param4"",""#text"":""TrustedInstaller""}]}}"
1544,1544,2023-03-22 08:35:22.3435289,44,Info,Microsoft-Windows-WindowsUpdateClient,System,2620,1576,DESKTOP-887GK2L,13,S-1-5-18,,,,,,,,,,,False,C:\Users\turan\Desktop\defense-work-evtx-files\System.evtx,0x8000000000002004,0,"{""EventData"":{""Data"":[{""@Name"":""updateTitle"",""#text"":""9WZDNCRFJ3Q2-Microsoft.BingWeather""},{""@Name"":""updateGuid"",""#text"":""86337522-24aa-43b6-86c4-152f61c87589""},{""@Name"":""updateRevisionNumber"",""#text"":""1""}]}}"
1545,1545,2023-03-22 08:35:22.3435314,43,Info,Microsoft-Windows-WindowsUpdateClient,System,2620,1576,DESKTOP-887GK2L,13,S-1-5-18,,,,,,,,,,,False,C:\Users\turan\Desktop\defense-work-evtx-files\System.evtx,0x8000000000002008,0,"{""EventData"":{""Data"":[{""@Name"":""updateTitle"",""#text"":""9N00JJ7S3L39-Microsoft.UI.Xaml.2.0""},{""@Name"":""updateGuid"",""#text"":""337a3b79-2ca8-4d9c-a597-c4e2d8e95852""},{""@Name"":""updateRevisionNumber"",""#text"":""1""}]}}"
1546,1546,2023-03-22 08:35:22.5454238,19,Info,Microsoft-Windows-WindowsUpdateClient,System,2620,1576,DESKTOP-887GK2L,13,S-1-5-18,,,,,,,,,,,False,C:\Users\turan\Desktop\defense-work-evtx-files\System.evtx,Installation,0,"{""EventData"":{""Data"":[{""@Name"":""updateTitle"",""#text"":""9N00JJ7S3L39-Microsoft.UI.Xaml.2.0""},{""@Name"":""updateGuid"",""#text"":""337a3b79-2ca8-4d9c-a597-c4e2d8e95852""},{""@Name"":""updateRevisionNumber"",""#text"":""1""},{""@Name"":""serviceGuid"",""#text"":""855e8a7c-ecb4-4ca3-b045-1dfa50104289""}]}}"
1547,1547,2023-03-22 08:35:22.5599323,43,Info,Microsoft-Windows-WindowsUpdateClient,System,2620,1576,DESKTOP-887GK2L,13,S-1-5-18,,,,,,,,,,,False,C:\Users\turan\Desktop\defense-work-evtx-files\System.evtx,0x8000000000002008,0,"{""EventData"":{""Data"":[{""@Name"":""updateTitle"",""#text"":""9NBLGGH5FV99-Microsoft.MSPaint""},{""@Name"":""updateGuid"",""#text"":""fc74fe7e-d744-4d50-9610-444f6cf8b620""},{""@Name"":""updateRevisionNumber"",""#text"":""1""}]}}"
1548,1548,2023-03-22 08:35:22.7533679,16,Info,Microsoft-Windows-Kernel-General,System,4532,3292,DESKTOP-887GK2L,13,S-1-5-21-3393683511-3463148672-371912004-1001,,,,,,,,,,,False,C:\Users\turan\Desktop\defense-work-evtx-files\System.evtx,Classic,0,"{""EventData"":{""Data"":[{""@Name"":""HiveNameLength"",""#text"":""101""},{""@Name"":""HiveName"",""#text"":""\\??\\C:\\Users\\CyberJunkie\\AppData\\Local\\Packages\\Microsoft.MSPaint_8wekyb3d8bbwe\\Settings\\settings.dat""},{""@Name"":""KeysUpdated"",""#text"":""3""},{""@Name"":""DirtyPages"",""#text"":""1""}]}}"
1549,1549,2023-03-22 08:35:23.2627418,19,Info,Microsoft-Windows-WindowsUpdateClient,System,2620,1576,DESKTOP-887GK2L,13,S-1-5-18,,,,,,,,,,,False,C:\Users\turan\Desktop\defense-work-evtx-files\System.evtx,Installation,0,"{""EventData"":{""Data"":[{""@Name"":""updateTitle"",""#text"":""9NBLGGH5FV99-Microsoft.MSPaint""},{""@Name"":""updateGuid"",""#text"":""fc74fe7e-d744-4d50-9610-444f6cf8b620""},{""@Name"":""updateRevisionNumber"",""#text"":""1""},{""@Name"":""serviceGuid"",""#text"":""855e8a7c-ecb4-4ca3-b045-1dfa50104289""}]}}"
1550,1550,2023-03-22 08:35:29.9066146,44,Info,Microsoft-Windows-WindowsUpdateClient,System,2620,5920,DESKTOP-887GK2L,13,S-1-5-18,,,,,,,,,,,False,C:\Users\turan\Desktop\defense-work-evtx-files\System.evtx,0x8000000000002004,0,"{""EventData"":{""Data"":[{""@Name"":""updateTitle"",""#text"":""9NBLGGH4LS1F-Microsoft.StorePurchaseApp""},{""@Name"":""updateGuid"",""#text"":""1a5b830a-054b-4135-a9a7-266cbe51ee2f""},{""@Name"":""updateRevisionNumber"",""#text"":""1""}]}}"
1551,1551,2023-03-22 08:35:41.0693854,16,Info,Microsoft-Windows-Kernel-General,System,4532,1616,DESKTOP-887GK2L,13,S-1-5-18,,,,,,,,,,,False,C:\Users\turan\Desktop\defense-work-evtx-files\System.evtx,Classic,0,"{""EventData"":{""Data"":[{""@Name"":""HiveNameLength"",""#text"":""140""},{""@Name"":""HiveName"",""#text"":""\\??\\C:\\ProgramData\\Microsoft\\Windows\\AppRepository\\Packages\\Microsoft.StorePurchaseApp_12301.1401.8.0_x64__8wekyb3d8bbwe\\ActivationStore.dat""},{""@Name"":""KeysUpdated"",""#text"":""0""},{""@Name"":""DirtyPages"",""#text"":""0""}]}}"
1552,1552,2023-03-22 08:35:41.8397443,43,Info,Microsoft-Windows-WindowsUpdateClient,System,2620,1172,DESKTOP-887GK2L,13,S-1-5-18,,,,,,,,,,,False,C:\Users\turan\Desktop\defense-work-evtx-files\System.evtx,0x8000000000002008,0,"{""EventData"":{""Data"":[{""@Name"":""updateTitle"",""#text"":""9NBLGGH4LS1F-Microsoft.StorePurchaseApp""},{""@Name"":""updateGuid"",""#text"":""1a5b830a-054b-4135-a9a7-266cbe51ee2f""},{""@Name"":""updateRevisionNumber"",""#text"":""1""}]}}"
1553,1553,2023-03-22 08:35:41.9682936,16,Info,Microsoft-Windows-Kernel-General,System,4532,1616,DESKTOP-887GK2L,13,S-1-5-21-3393683511-3463148672-371912004-1001,,,,,,,,,,,False,C:\Users\turan\Desktop\defense-work-evtx-files\System.evtx,Classic,0,"{""EventData"":{""Data"":[{""@Name"":""HiveNameLength"",""#text"":""110""},{""@Name"":""HiveName"",""#text"":""\\??\\C:\\Users\\CyberJunkie\\AppData\\Local\\Packages\\Microsoft.StorePurchaseApp_8wekyb3d8bbwe\\Settings\\settings.dat""},{""@Name"":""KeysUpdated"",""#text"":""1""},{""@Name"":""DirtyPages"",""#text"":""1""}]}}"
1554,1554,2023-03-22 08:35:42.2919251,19,Info,Microsoft-Windows-WindowsUpdateClient,System,2620,1172,DESKTOP-887GK2L,13,S-1-5-18,,,,,,,,,,,False,C:\Users\turan\Desktop\defense-work-evtx-files\System.evtx,Installation,0,"{""EventData"":{""Data"":[{""@Name"":""updateTitle"",""#text"":""9NBLGGH4LS1F-Microsoft.StorePurchaseApp""},{""@Name"":""updateGuid"",""#text"":""1a5b830a-054b-4135-a9a7-266cbe51ee2f""},{""@Name"":""updateRevisionNumber"",""#text"":""1""},{""@Name"":""serviceGuid"",""#text"":""855e8a7c-ecb4-4ca3-b045-1dfa50104289""}]}}"
1555,1555,2023-03-22 08:35:49.0592609,44,Info,Microsoft-Windows-WindowsUpdateClient,System,2620,5920,DESKTOP-887GK2L,13,S-1-5-18,,,,,,,,,,,False,C:\Users\turan\Desktop\defense-work-evtx-files\System.evtx,0x8000000000002004,0,"{""EventData"":{""Data"":[{""@Name"":""updateTitle"",""#text"":""9NBLGGH4R32N-Microsoft.WindowsFeedbackHub""},{""@Name"":""updateGuid"",""#text"":""535298c0-7d7e-47d7-9b24-e5c94725ea2b""},{""@Name"":""updateRevisionNumber"",""#text"":""1""}]}}"
1556,1556,2023-03-22 08:35:53.2503264,16,Info,Microsoft-Windows-Kernel-General,System,4532,3292,DESKTOP-887GK2L,13,S-1-5-18,,,,,,,,,,,False,C:\Users\turan\Desktop\defense-work-evtx-files\System.evtx,Classic,0,"{""EventData"":{""Data"":[{""@Name"":""HiveNameLength"",""#text"":""133""},{""@Name"":""HiveName"",""#text"":""\\??\\C:\\ProgramData\\Microsoft\\Windows\\AppRepository\\Packages\\Microsoft.BingWeather_4.53.50501.0_x64__8wekyb3d8bbwe\\ActivationStore.dat""},{""@Name"":""KeysUpdated"",""#text"":""0""},{""@Name"":""DirtyPages"",""#text"":""0""}]}}"
1557,1557,2023-03-22 08:35:54.7022158,43,Info,Microsoft-Windows-WindowsUpdateClient,System,2620,2036,DESKTOP-887GK2L,13,S-1-5-18,,,,,,,,,,,False,C:\Users\turan\Desktop\defense-work-evtx-files\System.evtx,0x8000000000002008,0,"{""EventData"":{""Data"":[{""@Name"":""updateTitle"",""#text"":""9WZDNCRFJ3Q2-Microsoft.BingWeather""},{""@Name"":""updateGuid"",""#text"":""86337522-24aa-43b6-86c4-152f61c87589""},{""@Name"":""updateRevisionNumber"",""#text"":""1""}]}}"
1558,1558,2023-03-22 08:35:55.0439759,16,Info,Microsoft-Windows-Kernel-General,System,4532,3292,DESKTOP-887GK2L,13,S-1-5-21-3393683511-3463148672-371912004-1001,,,,,,,,,,,False,C:\Users\turan\Desktop\defense-work-evtx-files\System.evtx,Classic,0,"{""EventData"":{""Data"":[{""@Name"":""HiveNameLength"",""#text"":""105""},{""@Name"":""HiveName"",""#text"":""\\??\\C:\\Users\\CyberJunkie\\AppData\\Local\\Packages\\Microsoft.BingWeather_8wekyb3d8bbwe\\Settings\\settings.dat""},{""@Name"":""KeysUpdated"",""#text"":""1""},{""@Name"":""DirtyPages"",""#text"":""1""}]}}"
1559,1559,2023-03-22 08:35:55.4757888,19,Info,Microsoft-Windows-WindowsUpdateClient,System,2620,2036,DESKTOP-887GK2L,13,S-1-5-18,,,,,,,,,,,False,C:\Users\turan\Desktop\defense-work-evtx-files\System.evtx,Installation,0,"{""EventData"":{""Data"":[{""@Name"":""updateTitle"",""#text"":""9WZDNCRFJ3Q2-Microsoft.BingWeather""},{""@Name"":""updateGuid"",""#text"":""86337522-24aa-43b6-86c4-152f61c87589""},{""@Name"":""updateRevisionNumber"",""#text"":""1""},{""@Name"":""serviceGuid"",""#text"":""855e8a7c-ecb4-4ca3-b045-1dfa50104289""}]}}"
1560,1560,2023-03-22 08:35:59.9274634,16,Info,Microsoft-Windows-Kernel-General,System,4532,1616,DESKTOP-887GK2L,13,S-1-5-18,,,,,,,,,,,False,C:\Users\turan\Desktop\defense-work-evtx-files\System.evtx,Classic,0,"{""EventData"":{""Data"":[{""@Name"":""HiveNameLength"",""#text"":""141""},{""@Name"":""HiveName"",""#text"":""\\??\\C:\\ProgramData\\Microsoft\\Windows\\AppRepository\\Packages\\Microsoft.WindowsFeedbackHub_1.2212.3501.0_x64__8wekyb3d8bbwe\\ActivationStore.dat""},{""@Name"":""KeysUpdated"",""#text"":""0""},{""@Name"":""DirtyPages"",""#text"":""0""}]}}"
1561,1561,2023-03-22 08:36:01.8838222,44,Info,Microsoft-Windows-WindowsUpdateClient,System,2620,5920,DESKTOP-887GK2L,13,S-1-5-18,,,,,,,,,,,False,C:\Users\turan\Desktop\defense-work-evtx-files\System.evtx,0x8000000000002004,0,"{""EventData"":{""Data"":[{""@Name"":""updateTitle"",""#text"":""9WZDNCRFHWD2-Microsoft.MicrosoftSolitaireCollection""},{""@Name"":""updateGuid"",""#text"":""4e26b016-5c59-4915-9704-27e65b4ed4df""},{""@Name"":""updateRevisionNumber"",""#text"":""1""}]}}"
1562,1562,2023-03-22 08:36:02.0935592,43,Info,Microsoft-Windows-WindowsUpdateClient,System,2620,8056,DESKTOP-887GK2L,13,S-1-5-18,,,,,,,,,,,False,C:\Users\turan\Desktop\defense-work-evtx-files\System.evtx,0x8000000000002008,0,"{""EventData"":{""Data"":[{""@Name"":""updateTitle"",""#text"":""9NBLGGH4R32N-Microsoft.WindowsFeedbackHub""},{""@Name"":""updateGuid"",""#text"":""535298c0-7d7e-47d7-9b24-e5c94725ea2b""},{""@Name"":""updateRevisionNumber"",""#text"":""1""}]}}"
1563,1563,2023-03-22 08:36:02.3250063,16,Info,Microsoft-Windows-Kernel-General,System,4532,1616,DESKTOP-887GK2L,13,S-1-5-21-3393683511-3463148672-371912004-1001,,,,,,,,,,,False,C:\Users\turan\Desktop\defense-work-evtx-files\System.evtx,Classic,0,"{""EventData"":{""Data"":[{""@Name"":""HiveNameLength"",""#text"":""112""},{""@Name"":""HiveName"",""#text"":""\\??\\C:\\Users\\CyberJunkie\\AppData\\Local\\Packages\\Microsoft.WindowsFeedbackHub_8wekyb3d8bbwe\\Settings\\settings.dat""},{""@Name"":""KeysUpdated"",""#text"":""3""},{""@Name"":""DirtyPages"",""#text"":""1""}]}}"
1564,1564,2023-03-22 08:36:02.9664004,19,Info,Microsoft-Windows-WindowsUpdateClient,System,2620,8056,DESKTOP-887GK2L,13,S-1-5-18,,,,,,,,,,,False,C:\Users\turan\Desktop\defense-work-evtx-files\System.evtx,Installation,0,"{""EventData"":{""Data"":[{""@Name"":""updateTitle"",""#text"":""9NBLGGH4R32N-Microsoft.WindowsFeedbackHub""},{""@Name"":""updateGuid"",""#text"":""535298c0-7d7e-47d7-9b24-e5c94725ea2b""},{""@Name"":""updateRevisionNumber"",""#text"":""1""},{""@Name"":""serviceGuid"",""#text"":""855e8a7c-ecb4-4ca3-b045-1dfa50104289""}]}}"
1565,1565,2023-03-22 08:36:07.6520976,19,Info,Microsoft-Windows-WindowsUpdateClient,System,2620,2652,DESKTOP-887GK2L,13,S-1-5-18,,,,,,,,,,,False,C:\Users\turan\Desktop\defense-work-evtx-files\System.evtx,Installation,0,"{""EventData"":{""Data"":[{""@Name"":""updateTitle"",""#text"":""Windows Malicious Software Removal Tool x64 - v5.111 (KB890830)""},{""@Name"":""updateGuid"",""#text"":""40c5661b-19d6-477e-9531-8b12d13c7d60""},{""@Name"":""updateRevisionNumber"",""#text"":""201""},{""@Name"":""serviceGuid"",""#text"":""9482f4b4-e343-43b6-b170-9a65bc822c77""}]}}"
1566,1566,2023-03-22 08:36:08.7067507,43,Info,Microsoft-Windows-WindowsUpdateClient,System,2620,5324,DESKTOP-887GK2L,13,S-1-5-18,,,,,,,,,,,False,C:\Users\turan\Desktop\defense-work-evtx-files\System.evtx,0x8000000000002008,0,"{""EventData"":{""Data"":[{""@Name"":""updateTitle"",""#text"":""2023-03 Cumulative Update for Windows 10 Version 21H2 for x64-based Systems (KB5023696)""},{""@Name"":""updateGuid"",""#text"":""a07eb3ff-f5fb-4d66-9f6f-fab5b7ccbf92""},{""@Name"":""updateRevisionNumber"",""#text"":""1""}]}}"
1567,1567,2023-03-22 08:36:09.3515032,7040,Info,Service Control Manager,System,696,9056,DESKTOP-887GK2L,13,S-1-5-18,Start type of a service has changed,,,The start type of the Windows Modules Installer was changed from demand start to auto start,,,,,,TrustedInstaller,False,C:\Users\turan\Desktop\defense-work-evtx-files\System.evtx,"Audit success, classic",0,"{""EventData"":{""Data"":[{""@Name"":""param1"",""#text"":""Windows Modules Installer""},{""@Name"":""param2"",""#text"":""demand start""},{""@Name"":""param3"",""#text"":""auto start""},{""@Name"":""param4"",""#text"":""TrustedInstaller""}]}}"
1568,1568,2023-03-22 08:36:12.1950094,7040,Info,Service Control Manager,System,696,9056,DESKTOP-887GK2L,13,S-1-5-18,Start type of a service has changed,,,The start type of the Windows Modules Installer was changed from auto start to demand start,,,,,,TrustedInstaller,False,C:\Users\turan\Desktop\defense-work-evtx-files\System.evtx,"Audit success, classic",0,"{""EventData"":{""Data"":[{""@Name"":""param1"",""#text"":""Windows Modules Installer""},{""@Name"":""param2"",""#text"":""auto start""},{""@Name"":""param3"",""#text"":""demand start""},{""@Name"":""param4"",""#text"":""TrustedInstaller""}]}}"
1569,1569,2023-03-22 08:36:18.0860243,7040,Info,Service Control Manager,System,696,9056,DESKTOP-887GK2L,13,S-1-5-18,Start type of a service has changed,,,The start type of the Windows Modules Installer was changed from demand start to auto start,,,,,,TrustedInstaller,False,C:\Users\turan\Desktop\defense-work-evtx-files\System.evtx,"Audit success, classic",0,"{""EventData"":{""Data"":[{""@Name"":""param1"",""#text"":""Windows Modules Installer""},{""@Name"":""param2"",""#text"":""demand start""},{""@Name"":""param3"",""#text"":""auto start""},{""@Name"":""param4"",""#text"":""TrustedInstaller""}]}}"
1570,1570,2023-03-22 08:36:21.8232008,16,Info,Microsoft-Windows-Kernel-General,System,4532,752,DESKTOP-887GK2L,13,S-1-5-18,,,,,,,,,,,False,C:\Users\turan\Desktop\defense-work-evtx-files\System.evtx,Classic,0,"{""EventData"":{""Data"":[{""@Name"":""HiveNameLength"",""#text"":""154""},{""@Name"":""HiveName"",""#text"":""\\??\\C:\\ProgramData\\Microsoft\\Windows\\AppRepository\\Packages\\microsoft.windowscommunicationsapps_16005.14326.21374.0_x64__8wekyb3d8bbwe\\ActivationStore.dat""},{""@Name"":""KeysUpdated"",""#text"":""0""},{""@Name"":""DirtyPages"",""#text"":""0""}]}}"
1571,1571,2023-03-22 08:36:22.7223585,43,Info,Microsoft-Windows-WindowsUpdateClient,System,2620,1668,DESKTOP-887GK2L,13,S-1-5-18,,,,,,,,,,,False,C:\Users\turan\Desktop\defense-work-evtx-files\System.evtx,0x8000000000002008,0,"{""EventData"":{""Data"":[{""@Name"":""updateTitle"",""#text"":""9WZDNCRFHVQM-MICROSOFT.WINDOWSCOMMUNICATIONSAPPS""},{""@Name"":""updateGuid"",""#text"":""8ec28fd6-f563-455b-b724-aba3bba4513e""},{""@Name"":""updateRevisionNumber"",""#text"":""1""}]}}"
1572,1572,2023-03-22 08:36:23.6395440,19,Info,Microsoft-Windows-WindowsUpdateClient,System,2620,1668,DESKTOP-887GK2L,13,S-1-5-18,,,,,,,,,,,False,C:\Users\turan\Desktop\defense-work-evtx-files\System.evtx,Installation,0,"{""EventData"":{""Data"":[{""@Name"":""updateTitle"",""#text"":""9WZDNCRFHVQM-MICROSOFT.WINDOWSCOMMUNICATIONSAPPS""},{""@Name"":""updateGuid"",""#text"":""8ec28fd6-f563-455b-b724-aba3bba4513e""},{""@Name"":""updateRevisionNumber"",""#text"":""1""},{""@Name"":""serviceGuid"",""#text"":""855e8a7c-ecb4-4ca3-b045-1dfa50104289""}]}}"
1573,1573,2023-03-22 08:36:27.2413637,16,Info,Microsoft-Windows-Kernel-General,System,4532,3292,DESKTOP-887GK2L,13,S-1-5-18,,,,,,,,,,,False,C:\Users\turan\Desktop\defense-work-evtx-files\System.evtx,Classic,0,"{""EventData"":{""Data"":[{""@Name"":""HiveNameLength"",""#text"":""149""},{""@Name"":""HiveName"",""#text"":""\\??\\C:\\ProgramData\\Microsoft\\Windows\\AppRepository\\Packages\\Microsoft.MicrosoftSolitaireCollection_4.16.3140.0_x64__8wekyb3d8bbwe\\ActivationStore.dat""},{""@Name"":""KeysUpdated"",""#text"":""0""},{""@Name"":""DirtyPages"",""#text"":""0""}]}}"
1574,1574,2023-03-22 08:36:27.9227457,43,Info,Microsoft-Windows-WindowsUpdateClient,System,2620,2708,DESKTOP-887GK2L,13,S-1-5-18,,,,,,,,,,,False,C:\Users\turan\Desktop\defense-work-evtx-files\System.evtx,0x8000000000002008,0,"{""EventData"":{""Data"":[{""@Name"":""updateTitle"",""#text"":""9WZDNCRFHWD2-Microsoft.MicrosoftSolitaireCollection""},{""@Name"":""updateGuid"",""#text"":""4e26b016-5c59-4915-9704-27e65b4ed4df""},{""@Name"":""updateRevisionNumber"",""#text"":""1""}]}}"
1575,1575,2023-03-22 08:36:28.0397615,16,Info,Microsoft-Windows-Kernel-General,System,4532,752,DESKTOP-887GK2L,13,S-1-5-21-3393683511-3463148672-371912004-1001,,,,,,,,,,,False,C:\Users\turan\Desktop\defense-work-evtx-files\System.evtx,Classic,0,"{""EventData"":{""Data"":[{""@Name"":""HiveNameLength"",""#text"":""122""},{""@Name"":""HiveName"",""#text"":""\\??\\C:\\Users\\CyberJunkie\\AppData\\Local\\Packages\\Microsoft.MicrosoftSolitaireCollection_8wekyb3d8bbwe\\Settings\\settings.dat""},{""@Name"":""KeysUpdated"",""#text"":""1""},{""@Name"":""DirtyPages"",""#text"":""1""}]}}"
1576,1576,2023-03-22 08:36:28.3334989,19,Info,Microsoft-Windows-WindowsUpdateClient,System,2620,2708,DESKTOP-887GK2L,13,S-1-5-18,,,,,,,,,,,False,C:\Users\turan\Desktop\defense-work-evtx-files\System.evtx,Installation,0,"{""EventData"":{""Data"":[{""@Name"":""updateTitle"",""#text"":""9WZDNCRFHWD2-Microsoft.MicrosoftSolitaireCollection""},{""@Name"":""updateGuid"",""#text"":""4e26b016-5c59-4915-9704-27e65b4ed4df""},{""@Name"":""updateRevisionNumber"",""#text"":""1""},{""@Name"":""serviceGuid"",""#text"":""855e8a7c-ecb4-4ca3-b045-1dfa50104289""}]}}"
1577,1577,2023-03-22 08:36:47.1794375,7040,Info,Service Control Manager,System,696,9056,DESKTOP-887GK2L,13,S-1-5-18,Start type of a service has changed,,,The start type of the Windows Modules Installer was changed from auto start to demand start,,,,,,TrustedInstaller,False,C:\Users\turan\Desktop\defense-work-evtx-files\System.evtx,"Audit success, classic",0,"{""EventData"":{""Data"":[{""@Name"":""param1"",""#text"":""Windows Modules Installer""},{""@Name"":""param2"",""#text"":""auto start""},{""@Name"":""param3"",""#text"":""demand start""},{""@Name"":""param4"",""#text"":""TrustedInstaller""}]}}"
1578,1578,2023-03-22 08:36:47.1794375,7040,Info,Service Control Manager,System,696,9056,DESKTOP-887GK2L,13,S-1-5-18,Start type of a service has changed,,,The start type of the Windows Modules Installer was changed from demand start to auto start,,,,,,TrustedInstaller,False,C:\Users\turan\Desktop\defense-work-evtx-files\System.evtx,"Audit success, classic",0,"{""EventData"":{""Data"":[{""@Name"":""param1"",""#text"":""Windows Modules Installer""},{""@Name"":""param2"",""#text"":""demand start""},{""@Name"":""param3"",""#text"":""auto start""},{""@Name"":""param4"",""#text"":""TrustedInstaller""}]}}"
1579,1579,2023-03-22 08:39:25.5234253,129,Warning,stornvme,System,4,6760,DESKTOP-887GK2L,13,,,,,,,,,,,,False,C:\Users\turan\Desktop\defense-work-evtx-files\System.evtx,0x80000000000000,0,"{""EventData"":{""Data"":""\\Device\\RaidPort1"",""Binary"":""0F-00-18-00-01-00-00-00-00-00-00-00-81-00-04-80-01-00-00-00-00-00-00-00-00-00-00-00-00-00-00-00-00-00-00-00-00-00-00-00-00-00-00-00-00-00-00-00-00-00-00-00-81-00-04-80-00-00-00-00-00-00-00-00""}}"
1580,1580,2023-03-22 08:43:24.5299251,1014,Warning,Microsoft-Windows-DNS-Client,System,2252,7488,DESKTOP-887GK2L,13,S-1-5-20,,,,,,,,,,,False,C:\Users\turan\Desktop\defense-work-evtx-files\System.evtx,0x4000000010000000,0,"{""EventData"":{""Data"":[{""@Name"":""QueryName"",""#text"":""wpad""},{""@Name"":""AddressLength"",""#text"":""128""},{""@Name"":""Address"",""#text"":""02-00-00-00-AC-11-4F-02-00-00-00-00-00-00-00-00-00-00-00-00-00-00-00-00-00-00-00-00-00-00-00-00-00-00-00-00-00-00-00-00-00-00-00-00-00-00-00-00-00-00-00-00-00-00-00-00-00-00-00-00-00-00-00-00-00-00-00-00-00-00-00-00-00-00-00-00-00-00-00-00-00-00-00-00-00-00-00-00-00-00-00-00-00-00-00-00-00-00-00-00-00-00-00-00-00-00-00-00-00-00-00-00-00-00-00-00-00-00-00-00-00-00-00-00-00-00-00-00""}]}}"
1581,1581,2023-03-22 08:53:06.8183185,16,Info,Microsoft-Windows-Kernel-General,System,5024,3552,DESKTOP-887GK2L,13,S-1-5-18,,,,,,,,,,,False,C:\Users\turan\Desktop\defense-work-evtx-files\System.evtx,Classic,0,"{""EventData"":{""Data"":[{""@Name"":""HiveNameLength"",""#text"":""108""},{""@Name"":""HiveName"",""#text"":""\\??\\C:\\Users\\CyberJunkie\\AppData\\Local\\Packages\\Microsoft.Windows.Photos_8wekyb3d8bbwe\\Settings\\settings.dat""},{""@Name"":""KeysUpdated"",""#text"":""3""},{""@Name"":""DirtyPages"",""#text"":""1""}]}}"
1582,1582,2023-03-22 08:53:31.6046946,1014,Warning,Microsoft-Windows-DNS-Client,System,2252,2132,DESKTOP-887GK2L,13,S-1-5-20,,,,,,,,,,,False,C:\Users\turan\Desktop\defense-work-evtx-files\System.evtx,0x4000000010000000,0,"{""EventData"":{""Data"":[{""@Name"":""QueryName"",""#text"":""wpad""},{""@Name"":""AddressLength"",""#text"":""128""},{""@Name"":""Address"",""#text"":""02-00-00-00-AC-11-4F-02-00-00-00-00-00-00-00-00-00-00-00-00-00-00-00-00-00-00-00-00-00-00-00-00-00-00-00-00-00-00-00-00-00-00-00-00-00-00-00-00-00-00-00-00-00-00-00-00-00-00-00-00-00-00-00-00-00-00-00-00-00-00-00-00-00-00-00-00-00-00-00-00-00-00-00-00-00-00-00-00-00-00-00-00-00-00-00-00-00-00-00-00-00-00-00-00-00-00-00-00-00-00-00-00-00-00-00-00-00-00-00-00-00-00-00-00-00-00-00-00""}]}}"
1583,1583,2023-03-22 09:03:12.8761841,7040,Info,Service Control Manager,System,696,6796,DESKTOP-887GK2L,13,S-1-5-18,Start type of a service has changed,,,The start type of the Background Intelligent Transfer Service was changed from demand start to auto start,,,,,,BITS,False,C:\Users\turan\Desktop\defense-work-evtx-files\System.evtx,"Audit success, classic",0,"{""EventData"":{""Data"":[{""@Name"":""param1"",""#text"":""Background Intelligent Transfer Service""},{""@Name"":""param2"",""#text"":""demand start""},{""@Name"":""param3"",""#text"":""auto start""},{""@Name"":""param4"",""#text"":""BITS""}]}}"
1584,1584,2023-03-22 09:07:17.8730283,7040,Info,Service Control Manager,System,696,7096,DESKTOP-887GK2L,13,S-1-5-18,Start type of a service has changed,,,The start type of the Background Intelligent Transfer Service was changed from auto start to demand start,,,,,,BITS,False,C:\Users\turan\Desktop\defense-work-evtx-files\System.evtx,"Audit success, classic",0,"{""EventData"":{""Data"":[{""@Name"":""param1"",""#text"":""Background Intelligent Transfer Service""},{""@Name"":""param2"",""#text"":""auto start""},{""@Name"":""param3"",""#text"":""demand start""},{""@Name"":""param4"",""#text"":""BITS""}]}}"
1585,1585,2023-03-22 09:13:45.7364817,1014,Warning,Microsoft-Windows-DNS-Client,System,2252,7296,DESKTOP-887GK2L,13,S-1-5-20,,,,,,,,,,,False,C:\Users\turan\Desktop\defense-work-evtx-files\System.evtx,0x4000000010000000,0,"{""EventData"":{""Data"":[{""@Name"":""QueryName"",""#text"":""wpad""},{""@Name"":""AddressLength"",""#text"":""128""},{""@Name"":""Address"",""#text"":""02-00-00-00-AC-11-4F-02-00-00-00-00-00-00-00-00-00-00-00-00-00-00-00-00-00-00-00-00-00-00-00-00-00-00-00-00-00-00-00-00-00-00-00-00-00-00-00-00-00-00-00-00-00-00-00-00-00-00-00-00-00-00-00-00-00-00-00-00-00-00-00-00-00-00-00-00-00-00-00-00-00-00-00-00-00-00-00-00-00-00-00-00-00-00-00-00-00-00-00-00-00-00-00-00-00-00-00-00-00-00-00-00-00-00-00-00-00-00-00-00-00-00-00-00-00-00-00-00""}]}}"
1586,1586,2023-03-22 09:23:52.7993606,1014,Warning,Microsoft-Windows-DNS-Client,System,2252,3704,DESKTOP-887GK2L,13,S-1-5-20,,,,,,,,,,,False,C:\Users\turan\Desktop\defense-work-evtx-files\System.evtx,0x4000000010000000,0,"{""EventData"":{""Data"":[{""@Name"":""QueryName"",""#text"":""wpad""},{""@Name"":""AddressLength"",""#text"":""128""},{""@Name"":""Address"",""#text"":""02-00-00-00-AC-11-4F-02-00-00-00-00-00-00-00-00-00-00-00-00-00-00-00-00-00-00-00-00-00-00-00-00-00-00-00-00-00-00-00-00-00-00-00-00-00-00-00-00-00-00-00-00-00-00-00-00-00-00-00-00-00-00-00-00-00-00-00-00-00-00-00-00-00-00-00-00-00-00-00-00-00-00-00-00-00-00-00-00-00-00-00-00-00-00-00-00-00-00-00-00-00-00-00-00-00-00-00-00-00-00-00-00-00-00-00-00-00-00-00-00-00-00-00-00-00-00-00-00""}]}}"
1587,1587,2023-03-22 09:24:01.2087277,7040,Info,Service Control Manager,System,696,1964,DESKTOP-887GK2L,13,S-1-5-18,Start type of a service has changed,,,The start type of the Background Intelligent Transfer Service was changed from demand start to auto start,,,,,,BITS,False,C:\Users\turan\Desktop\defense-work-evtx-files\System.evtx,"Audit success, classic",0,"{""EventData"":{""Data"":[{""@Name"":""param1"",""#text"":""Background Intelligent Transfer Service""},{""@Name"":""param2"",""#text"":""demand start""},{""@Name"":""param3"",""#text"":""auto start""},{""@Name"":""param4"",""#text"":""BITS""}]}}"
1588,1588,2023-03-22 09:26:11.2863102,7040,Info,Service Control Manager,System,696,7952,DESKTOP-887GK2L,13,S-1-5-18,Start type of a service has changed,,,The start type of the Background Intelligent Transfer Service was changed from auto start to demand start,,,,,,BITS,False,C:\Users\turan\Desktop\defense-work-evtx-files\System.evtx,"Audit success, classic",0,"{""EventData"":{""Data"":[{""@Name"":""param1"",""#text"":""Background Intelligent Transfer Service""},{""@Name"":""param2"",""#text"":""auto start""},{""@Name"":""param3"",""#text"":""demand start""},{""@Name"":""param4"",""#text"":""BITS""}]}}"
1589,1589,2023-03-22 09:44:06.9123351,1014,Warning,Microsoft-Windows-DNS-Client,System,2252,2820,DESKTOP-887GK2L,13,S-1-5-20,,,,,,,,,,,False,C:\Users\turan\Desktop\defense-work-evtx-files\System.evtx,0x4000000010000000,0,"{""EventData"":{""Data"":[{""@Name"":""QueryName"",""#text"":""wpad""},{""@Name"":""AddressLength"",""#text"":""128""},{""@Name"":""Address"",""#text"":""02-00-00-00-AC-11-4F-02-00-00-00-00-00-00-00-00-00-00-00-00-00-00-00-00-00-00-00-00-00-00-00-00-00-00-00-00-00-00-00-00-00-00-00-00-00-00-00-00-00-00-00-00-00-00-00-00-00-00-00-00-00-00-00-00-00-00-00-00-00-00-00-00-00-00-00-00-00-00-00-00-00-00-00-00-00-00-00-00-00-00-00-00-00-00-00-00-00-00-00-00-00-00-00-00-00-00-00-00-00-00-00-00-00-00-00-00-00-00-00-00-00-00-00-00-00-00-00-00""}]}}"
1590,1590,2023-03-22 09:54:13.9430148,1014,Warning,Microsoft-Windows-DNS-Client,System,2252,3584,DESKTOP-887GK2L,13,S-1-5-20,,,,,,,,,,,False,C:\Users\turan\Desktop\defense-work-evtx-files\System.evtx,0x4000000010000000,0,"{""EventData"":{""Data"":[{""@Name"":""QueryName"",""#text"":""wpad""},{""@Name"":""AddressLength"",""#text"":""128""},{""@Name"":""Address"",""#text"":""02-00-00-00-AC-11-4F-02-00-00-00-00-00-00-00-00-00-00-00-00-00-00-00-00-00-00-00-00-00-00-00-00-00-00-00-00-00-00-00-00-00-00-00-00-00-00-00-00-00-00-00-00-00-00-00-00-00-00-00-00-00-00-00-00-00-00-00-00-00-00-00-00-00-00-00-00-00-00-00-00-00-00-00-00-00-00-00-00-00-00-00-00-00-00-00-00-00-00-00-00-00-00-00-00-00-00-00-00-00-00-00-00-00-00-00-00-00-00-00-00-00-00-00-00-00-00-00-00""}]}}"
1591,1591,2023-03-22 16:44:22.3572554,24,Info,Microsoft-Windows-Kernel-General,System,2976,3192,DESKTOP-887GK2L,13,S-1-5-18,,,,,,,,,,,False,C:\Users\turan\Desktop\defense-work-evtx-files\System.evtx,Time,0,"{""EventData"":{""Data"":[{""@Name"":""ExitReason"",""#text"":""0""},{""@Name"":""CurrentBias"",""#text"":""420""},{""@Name"":""CurrentTimeZoneID"",""#text"":""2""},{""@Name"":""TimeZoneInfoCacheUpdated"",""#text"":""0""},{""@Name"":""FirstRefresh"",""#text"":""0""}]}}"
1592,1592,2023-03-22 16:44:22.3576829,1,Info,Microsoft-Windows-Kernel-General,System,2976,3192,DESKTOP-887GK2L,13,S-1-5-18,The system time was changed,,,OldTime: 2023-03-22 10:09:20.1499996,NewTime: 2023-03-22 16:44:22.3500000,Reason: An application or system component changed the time.,,,,,False,C:\Users\turan\Desktop\defense-work-evtx-files\System.evtx,Time,0,"{""EventData"":{""Data"":[{""@Name"":""NewTime"",""#text"":""2023-03-22 16:44:22.3500000""},{""@Name"":""OldTime"",""#text"":""2023-03-22 10:09:20.1499996""},{""@Name"":""Reason"",""#text"":""1""},{""@Name"":""ProcessName"",""#text"":""\\Device\\HarddiskVolume3\\Program Files\\VMware\\VMware Tools\\vmtoolsd.exe""},{""@Name"":""ProcessID"",""#text"":""2976""}]}}"
1593,1593,2023-03-22 16:44:32.9430167,1014,Warning,Microsoft-Windows-DNS-Client,System,2252,5116,DESKTOP-887GK2L,13,S-1-5-20,,,,,,,,,,,False,C:\Users\turan\Desktop\defense-work-evtx-files\System.evtx,0x4000000010000000,0,"{""EventData"":{""Data"":[{""@Name"":""QueryName"",""#text"":""wpad""},{""@Name"":""AddressLength"",""#text"":""128""},{""@Name"":""Address"",""#text"":""02-00-00-00-AC-11-4F-02-00-00-00-00-00-00-00-00-00-00-00-00-00-00-00-00-00-00-00-00-00-00-00-00-00-00-00-00-00-00-00-00-00-00-00-00-00-00-00-00-00-00-00-00-00-00-00-00-00-00-00-00-00-00-00-00-00-00-00-00-00-00-00-00-00-00-00-00-00-00-00-00-00-00-00-00-00-00-00-00-00-00-00-00-00-00-00-00-00-00-00-00-00-00-00-00-00-00-00-00-00-00-00-00-00-00-00-00-00-00-00-00-00-00-00-00-00-00-00-00""}]}}"
1594,1594,2023-03-22 17:00:16.3617453,1014,Warning,Microsoft-Windows-DNS-Client,System,2252,9516,DESKTOP-887GK2L,13,S-1-5-20,,,,,,,,,,,False,C:\Users\turan\Desktop\defense-work-evtx-files\System.evtx,0x4000000010000000,0,"{""EventData"":{""Data"":[{""@Name"":""QueryName"",""#text"":""wpad""},{""@Name"":""AddressLength"",""#text"":""128""},{""@Name"":""Address"",""#text"":""02-00-00-00-AC-11-4F-02-00-00-00-00-00-00-00-00-00-00-00-00-00-00-00-00-00-00-00-00-00-00-00-00-00-00-00-00-00-00-00-00-00-00-00-00-00-00-00-00-00-00-00-00-00-00-00-00-00-00-00-00-00-00-00-00-00-00-00-00-00-00-00-00-00-00-00-00-00-00-00-00-00-00-00-00-00-00-00-00-00-00-00-00-00-00-00-00-00-00-00-00-00-00-00-00-00-00-00-00-00-00-00-00-00-00-00-00-00-00-00-00-00-00-00-00-00-00-00-00""}]}}"
1595,1595,2023-03-22 17:16:17.7065165,1014,Warning,Microsoft-Windows-DNS-Client,System,2252,10236,DESKTOP-887GK2L,13,S-1-5-20,,,,,,,,,,,False,C:\Users\turan\Desktop\defense-work-evtx-files\System.evtx,0x4000000010000000,0,"{""EventData"":{""Data"":[{""@Name"":""QueryName"",""#text"":""wpad""},{""@Name"":""AddressLength"",""#text"":""128""},{""@Name"":""Address"",""#text"":""02-00-00-00-AC-11-4F-02-00-00-00-00-00-00-00-00-00-00-00-00-00-00-00-00-00-00-00-00-00-00-00-00-00-00-00-00-00-00-00-00-00-00-00-00-00-00-00-00-00-00-00-00-00-00-00-00-00-00-00-00-00-00-00-00-00-00-00-00-00-00-00-00-00-00-00-00-00-00-00-00-00-00-00-00-00-00-00-00-00-00-00-00-00-00-00-00-00-00-00-00-00-00-00-00-00-00-00-00-00-00-00-00-00-00-00-00-00-00-00-00-00-00-00-00-00-00-00-00""}]}}"
1596,1596,2023-03-22 17:16:47.5193377,1074,Info,User32,System,532,660,DESKTOP-887GK2L,13,S-1-5-18,A user initiated a system restart,NT AUTHORITY\SYSTEM,,Hostname: DESKTOP-887GK2L,Reason: Legacy API shutdown,Type: shutdown,Code: 0x80070000,,,C:\Program Files\VMware\VMware Tools\vmtoolsd.exe (DESKTOP-887GK2L),False,C:\Users\turan\Desktop\defense-work-evtx-files\System.evtx,"Audit success, classic",0,"{""EventData"":{""Data"":[{""@Name"":""param1"",""#text"":""C:\\Program Files\\VMware\\VMware Tools\\vmtoolsd.exe (DESKTOP-887GK2L)""},{""@Name"":""param2"",""#text"":""DESKTOP-887GK2L""},{""@Name"":""param3"",""#text"":""Legacy API shutdown""},{""@Name"":""param4"",""#text"":""0x80070000""},{""@Name"":""param5"",""#text"":""shutdown""},{""@Name"":""param6""},{""@Name"":""param7"",""#text"":""NT AUTHORITY\\SYSTEM""}]}}"
1597,1597,2023-03-22 17:16:47.9114962,10010,Error,Microsoft-Windows-DistributedCOM,System,376,9956,DESKTOP-887GK2L,13,S-1-5-21-3393683511-3463148672-371912004-1001,,,,,,,,,,,False,C:\Users\turan\Desktop\defense-work-evtx-files\System.evtx,"Audit success, classic",0,"{""EventData"":{""Data"":{""@Name"":""param1"",""#text"":""Microsoft.Windows.Search_1.14.8.19041_neutral_neutral_cw5n1h2txyewy!ShellFeedsUI.AppXfbff151h5bmghg166fvn34ccayg70vts.mca""}}}"
1598,1598,2023-03-22 17:16:47.9114962,10010,Error,Microsoft-Windows-DistributedCOM,System,376,7516,DESKTOP-887GK2L,13,S-1-5-21-3393683511-3463148672-371912004-1001,,,,,,,,,,,False,C:\Users\turan\Desktop\defense-work-evtx-files\System.evtx,"Audit success, classic",0,"{""EventData"":{""Data"":{""@Name"":""param1"",""#text"":""microsoft.windowscommunicationsapps_16005.14326.21374.0_x64__8wekyb3d8bbwe!microsoft.windowslive.calendar.AppXwkn9j84yh1kvnt49k5r8h6y1ecsv09hs.mca""}}}"
1599,1599,2023-03-22 17:16:49.2263444,7002,Info,Microsoft-Windows-Winlogon,System,728,480,DESKTOP-887GK2L,13,S-1-5-18,User logoff,,,UserSID: S-1-5-21-3393683511-3463148672-371912004-1001,,,,,,,False,C:\Users\turan\Desktop\defense-work-evtx-files\System.evtx,0x2000200000000000,0,"{""EventData"":{""Data"":[{""@Name"":""TSId"",""#text"":""1""},{""@Name"":""UserSid"",""#text"":""S-1-5-21-3393683511-3463148672-371912004-1001""}]}}"
1600,1600,2023-03-22 17:17:10.4587296,6006,Info,EventLog,System,0,0,DESKTOP-887GK2L,13,,The Event log service was stopped,,,Computer: DESKTOP-887GK2L,,,,,,,False,C:\Users\turan\Desktop\defense-work-evtx-files\System.evtx,0x80000000000000,0,"{""EventData"":{""Data"":"""",""Binary"":""01-00-00-00-96-5C-00-00""}}"
1601,1601,2023-03-22 17:17:10.4487341,24,Info,Microsoft-Windows-Kernel-General,System,8728,8080,DESKTOP-887GK2L,13,S-1-5-19,,,,,,,,,,,False,C:\Users\turan\Desktop\defense-work-evtx-files\System.evtx,Time,0,"{""EventData"":{""Data"":[{""@Name"":""ExitReason"",""#text"":""0""},{""@Name"":""CurrentBias"",""#text"":""420""},{""@Name"":""CurrentTimeZoneID"",""#text"":""2""},{""@Name"":""TimeZoneInfoCacheUpdated"",""#text"":""0""},{""@Name"":""FirstRefresh"",""#text"":""0""}]}}"
1602,1602,2023-03-22 17:17:10.4489734,1,Info,Microsoft-Windows-Kernel-General,System,8728,8080,DESKTOP-887GK2L,13,S-1-5-19,The system time was changed,,,OldTime: 2023-03-22 17:17:10.4432336,NewTime: 2023-03-22 17:17:10.4485819,Reason: An application or system component changed the time.,,,,,False,C:\Users\turan\Desktop\defense-work-evtx-files\System.evtx,Time,0,"{""EventData"":{""Data"":[{""@Name"":""NewTime"",""#text"":""2023-03-22 17:17:10.4485819""},{""@Name"":""OldTime"",""#text"":""2023-03-22 17:17:10.4432336""},{""@Name"":""Reason"",""#text"":""1""},{""@Name"":""ProcessName"",""#text"":""\\Device\\HarddiskVolume3\\Windows\\System32\\svchost.exe""},{""@Name"":""ProcessID"",""#text"":""8728""}]}}"
1603,1603,2023-03-22 17:17:10.4513217,50104,Info,Microsoft-Windows-Dhcp-Client,System,1384,1388,DESKTOP-887GK2L,13,S-1-5-19,,,,,,,,,,,False,C:\Users\turan\Desktop\defense-work-evtx-files\System.evtx,0x2000000000000000,0,"{""EventData"":""""}"
1604,1604,2023-03-22 17:17:10.4515739,50105,Info,Microsoft-Windows-Dhcp-Client,System,1384,1424,DESKTOP-887GK2L,13,S-1-5-19,,,,,,,,,,,False,C:\Users\turan\Desktop\defense-work-evtx-files\System.evtx,0x2000000000000000,0,"{""EventData"":""""}"
1605,1605,2023-03-22 17:17:10.4579564,50106,Info,Microsoft-Windows-Dhcp-Client,System,1384,1424,DESKTOP-887GK2L,13,S-1-5-19,,,,,,,,,,,False,C:\Users\turan\Desktop\defense-work-evtx-files\System.evtx,0x2000000000000000,0,"{""EventData"":""""}"
1606,1606,2023-03-22 17:17:10.4579984,51047,Info,Microsoft-Windows-DHCPv6-Client,System,1384,1588,DESKTOP-887GK2L,13,S-1-5-19,,,,,,,,,,,False,C:\Users\turan\Desktop\defense-work-evtx-files\System.evtx,0x2000000000000000,0,"{""EventData"":{""Data"":{""@Name"":""DwordVal"",""#text"":""1""}}}"
1607,1607,2023-03-22 17:17:10.4580151,51057,Info,Microsoft-Windows-DHCPv6-Client,System,1384,1588,DESKTOP-887GK2L,13,S-1-5-19,,,,,,,,,,,False,C:\Users\turan\Desktop\defense-work-evtx-files\System.evtx,0x2000000000000000,0,"{""EventData"":{""Data"":{""@Name"":""DwordVal"",""#text"":""1""}}}"
1608,1608,2023-03-22 17:17:10.4613589,50037,Info,Microsoft-Windows-Dhcp-Client,System,1384,1424,DESKTOP-887GK2L,13,S-1-5-19,,,,,,,,,,,False,C:\Users\turan\Desktop\defense-work-evtx-files\System.evtx,0x2000000000000000,0,"{""EventData"":{""Data"":{""@Name"":""DwordVal"",""#text"":""1""}}}"
1609,1609,2023-03-23 08:23:11.0344695,6009,Info,EventLog,System,0,0,DESKTOP-887GK2L,13,,,,,,,,,,,,False,C:\Users\turan\Desktop\defense-work-evtx-files\System.evtx,0x80000000000000,0,"{""EventData"":{""Data"":""10.00., 19044, Multiprocessor Free, 0"",""Binary"":""""}}"
1610,1610,2023-03-23 08:23:11.0344695,6005,Info,EventLog,System,0,0,DESKTOP-887GK2L,13,,The Event log service was started,,,Computer: DESKTOP-887GK2L,,,,,,,False,C:\Users\turan\Desktop\defense-work-evtx-files\System.evtx,0x80000000000000,0,"{""EventData"":{""Data"":"""",""Binary"":""E7-07-03-00-04-00-17-00-08-00-17-00-0B-00-22-00-00-00-00-00-00-00-00-00""}}"
1611,1611,2023-03-23 08:23:11.0344695,6013,Info,EventLog,System,0,0,DESKTOP-887GK2L,13,,System uptime,,,The system uptime is 7 seconds,"TimeZone: 60, 480 Pacific Standard Time",,,,,,False,C:\Users\turan\Desktop\defense-work-evtx-files\System.evtx,0x80000000000000,0,"{""EventData"":{""Data"":""7, 60, 480 Pacific Standard Time"",""Binary"":""31-00-2E-00-31-00-00-00-30-00-00-00-57-00-69-00-6E-00-64-00-6F-00-77-00-73-00-20-00-31-00-30-00-20-00-50-00-72-00-6F-00-20-00-4E-00-00-00-31-00-30-00-2E-00-30-00-2E-00-31-00-39-00-30-00-34-00-34-00-20-00-42-00-75-00-69-00-6C-00-64-00-20-00-31-00-39-00-30-00-34-00-34-00-20-00-20-00-00-00-4D-00-75-00-6C-00-74-00-69-00-70-00-72-00-6F-00-63-00-65-00-73-00-73-00-6F-00-72-00-20-00-46-00-72-00-65-00-65-00-00-00-31-00-39-00-30-00-34-00-31-00-2E-00-76-00-62-00-5F-00-72-00-65-00-6C-00-65-00-61-00-73-00-65-00-2E-00-31-00-39-00-31-00-32-00-30-00-36-00-2D-00-31-00-34-00-30-00-36-00-00-00-36-00-33-00-64-00-39-00-62-00-35-00-32-00-65-00-00-00-4E-00-6F-00-74-00-20-00-41-00-76-00-61-00-69-00-6C-00-61-00-62-00-6C-00-65-00-00-00-4E-00-6F-00-74-00-20-00-41-00-76-00-61-00-69-00-6C-00-61-00-62-00-6C-00-65-00-00-00-39-00-00-00-38-00-00-00-31-00-30-00-30-00-38-00-38-00-00-00-34-00-30-00-39-00-00-00-44-00-45-00-53-00-4B-00-54-00-4F-00-50-00-2D-00-38-00-38-00-37-00-47-00-4B-00-32-00-4C-00-00-00-00-00""}}"
1612,1612,2023-03-22 17:17:10.9183807,109,Info,Microsoft-Windows-Kernel-Power,System,608,612,DESKTOP-887GK2L,13,,,,,,,,,,,,False,C:\Users\turan\Desktop\defense-work-evtx-files\System.evtx,0x8000400000000404,0,"{""EventData"":{""Data"":[{""@Name"":""ShutdownActionType"",""#text"":""4""},{""@Name"":""ShutdownEventCode"",""#text"":""0""},{""@Name"":""ShutdownReason"",""#text"":""5""}]}}"
1613,1613,2023-03-22 17:17:11.3104090,13,Info,Microsoft-Windows-Kernel-General,System,4,3108,DESKTOP-887GK2L,13,,OS was shutdown,,,StopTime: 2023-03-22 17:17:11.3104077,"BootMode: ",,,,,,False,C:\Users\turan\Desktop\defense-work-evtx-files\System.evtx,State,0,"{""EventData"":{""Data"":{""@Name"":""StopTime"",""#text"":""2023-03-22 17:17:11.3104077""}}}"
1614,1614,2023-03-23 08:23:04.7450055,12,Info,Microsoft-Windows-Kernel-General,System,4,8,DESKTOP-887GK2L,13,S-1-5-18,OS was started,,,StartTime: 2023-03-23 08:23:03.5000000,BootMode: Normal boot,,,,,,False,C:\Users\turan\Desktop\defense-work-evtx-files\System.evtx,State,0,"{""EventData"":{""Data"":[{""@Name"":""MajorVersion"",""#text"":""10""},{""@Name"":""MinorVersion"",""#text"":""0""},{""@Name"":""BuildVersion"",""#text"":""19041""},{""@Name"":""QfeVersion"",""#text"":""2728""},{""@Name"":""ServiceVersion"",""#text"":""0""},{""@Name"":""BootMode"",""#text"":""0""},{""@Name"":""StartTime"",""#text"":""2023-03-23 08:23:03.5000000""}]}}"
1615,1615,2023-03-23 08:23:04.7450932,153,Info,Microsoft-Windows-Kernel-Boot,System,4,8,DESKTOP-887GK2L,13,S-1-5-18,,,,,,,,,,,False,C:\Users\turan\Desktop\defense-work-evtx-files\System.evtx,Classic,0,"{""EventData"":{""Data"":[{""@Name"":""Status"",""#text"":""0""},{""@Name"":""EnableDisableReason"",""#text"":""0""},{""@Name"":""VsmPolicy"",""#text"":""0""}]}}"
1616,1616,2023-03-23 08:23:04.7452479,20,Info,Microsoft-Windows-Kernel-Boot,System,4,8,DESKTOP-887GK2L,13,S-1-5-18,,,,,,,,,,,False,C:\Users\turan\Desktop\defense-work-evtx-files\System.evtx,Classic,0,"{""EventData"":{""Data"":[{""@Name"":""LastShutdownGood"",""#text"":""True""},{""@Name"":""LastBootGood"",""#text"":""True""},{""@Name"":""LastBootId"",""#text"":""9""},{""@Name"":""BootStatusPolicy"",""#text"":""2""}]}}"
1617,1617,2023-03-23 08:23:04.7452853,238,Info,Microsoft-Windows-Kernel-Boot,System,4,8,DESKTOP-887GK2L,13,S-1-5-18,,,,,,,,,,,False,C:\Users\turan\Desktop\defense-work-evtx-files\System.evtx,Classic,0,"{""EventData"":{""Data"":[{""@Name"":""EfiTimeZoneBias"",""#text"":""2047""},{""@Name"":""EfiDaylightFlags"",""#text"":""0""}]}}"
1618,1618,2023-03-23 08:23:04.7452858,25,Info,Microsoft-Windows-Kernel-Boot,System,4,8,DESKTOP-887GK2L,13,S-1-5-18,,,,,,,,,,,False,C:\Users\turan\Desktop\defense-work-evtx-files\System.evtx,Classic,0,"{""EventData"":{""Data"":{""@Name"":""BootMenuPolicy"",""#text"":""1""}}}"
1619,1619,2023-03-23 08:23:04.7452861,27,Info,Microsoft-Windows-Kernel-Boot,System,4,8,DESKTOP-887GK2L,13,S-1-5-18,,,,,,,,,,,False,C:\Users\turan\Desktop\defense-work-evtx-files\System.evtx,Classic,0,"{""EventData"":{""Data"":[{""@Name"":""BootType"",""#text"":""0""},{""@Name"":""LoadOptions"",""#text"":"" NOEXECUTE=OPTIN""}]}}"
1620,1620,2023-03-23 08:23:04.7453164,18,Info,Microsoft-Windows-Kernel-Boot,System,4,8,DESKTOP-887GK2L,13,S-1-5-18,,,,,,,,,,,False,C:\Users\turan\Desktop\defense-work-evtx-files\System.evtx,Classic,0,"{""EventData"":{""Data"":{""@Name"":""EntryCount"",""#text"":""1""}}}"
1621,1621,2023-03-23 08:23:04.7453681,32,Info,Microsoft-Windows-Kernel-Boot,System,4,8,DESKTOP-887GK2L,13,S-1-5-18,,,,,,,,,,,False,C:\Users\turan\Desktop\defense-work-evtx-files\System.evtx,Classic,0,"{""EventData"":{""Data"":{""@Name"":""BitlockerUserInputTime"",""#text"":""0""}}}"
1622,1622,2023-03-23 08:23:04.7495451,20,Info,Microsoft-Windows-Kernel-General,System,4,8,DESKTOP-887GK2L,13,S-1-5-18,,,,,,,,,,,False,C:\Users\turan\Desktop\defense-work-evtx-files\System.evtx,Time,0,"{""EventData"":{""Data"":[{""@Name"":""UpdateReason"",""#text"":""0""},{""@Name"":""EnabledNew"",""#text"":""True""},{""@Name"":""CountNew"",""#text"":""0""},{""@Name"":""CountOld"",""#text"":""0""}]}}"
1623,1623,2023-03-23 08:23:04.8286412,16,Info,Microsoft-Windows-HAL,System,4,8,DESKTOP-887GK2L,13,S-1-5-18,,,,,,,,,,,False,C:\Users\turan\Desktop\defense-work-evtx-files\System.evtx,Classic,0,"{""EventData"":""""}"
1624,1624,2023-03-23 08:23:06.8468578,3,Info,vmci,System,4,284,DESKTOP-887GK2L,13,,,,,,,,,,,,False,C:\Users\turan\Desktop\defense-work-evtx-files\System.evtx,0x80000000000000,0,"{""EventData"":{""Data"":""VMCI: Using capabilities (0x1c).\n"",""Binary"":""00-00-00-00-02-00-28-00-00-00-00-00-03-00-08-40-03-00-08-40-00-00-00-00-00-00-00-00-00-00-00-00-00-00-00-00-00-00-00-00""}}"
