869,869,2023-03-10 02:00:25.7068877,55,Info,Microsoft-Windows-Kernel-Processor-Power,System,4,260,DESKTOP-887GK2L,6,S-1-5-18,,,,,,,,,,,False,C:\Users\turan\Desktop\defense-work-evtx-files\System.evtx,Classic,0,"{""EventData"":{""Data"":[{""@Name"":""Group"",""#text"":""0""},{""@Name"":""Number"",""#text"":""3""},{""@Name"":""IdleStateCount"",""#text"":""1""},{""@Name"":""IdleImplementation"",""#text"":""1""},{""@Name"":""NominalFrequency"",""#text"":""3693""},{""@Name"":""MaximumPerformancePercent"",""#text"":""100""},{""@Name"":""MinimumPerformancePercent"",""#text"":""100""},{""@Name"":""MinimumThrottlePercent"",""#text"":""100""},{""@Name"":""PerformanceImplementation"",""#text"":""0""}]}}"
870,870,2023-03-10 02:00:25.7075020,55,Info,Microsoft-Windows-Kernel-Processor-Power,System,4,260,DESKTOP-887GK2L,6,S-1-5-18,,,,,,,,,,,False,C:\Users\turan\Desktop\defense-work-evtx-files\System.evtx,Classic,0,"{""EventData"":{""Data"":[{""@Name"":""Group"",""#text"":""0""},{""@Name"":""Number"",""#text"":""4""},{""@Name"":""IdleStateCount"",""#text"":""1""},{""@Name"":""IdleImplementation"",""#text"":""1""},{""@Name"":""NominalFrequency"",""#text"":""3693""},{""@Name"":""MaximumPerformancePercent"",""#text"":""100""},{""@Name"":""MinimumPerformancePercent"",""#text"":""100""},{""@Name"":""MinimumThrottlePercent"",""#text"":""100""},{""@Name"":""PerformanceImplementation"",""#text"":""0""}]}}"
871,871,2023-03-10 02:00:25.7081628,55,Info,Microsoft-Windows-Kernel-Processor-Power,System,4,260,DESKTOP-887GK2L,6,S-1-5-18,,,,,,,,,,,False,C:\Users\turan\Desktop\defense-work-evtx-files\System.evtx,Classic,0,"{""EventData"":{""Data"":[{""@Name"":""Group"",""#text"":""0""},{""@Name"":""Number"",""#text"":""5""},{""@Name"":""IdleStateCount"",""#text"":""1""},{""@Name"":""IdleImplementation"",""#text"":""1""},{""@Name"":""NominalFrequency"",""#text"":""3693""},{""@Name"":""MaximumPerformancePercent"",""#text"":""100""},{""@Name"":""MinimumPerformancePercent"",""#text"":""100""},{""@Name"":""MinimumThrottlePercent"",""#text"":""100""},{""@Name"":""PerformanceImplementation"",""#text"":""0""}]}}"
872,872,2023-03-10 02:00:25.7088149,55,Info,Microsoft-Windows-Kernel-Processor-Power,System,4,260,DESKTOP-887GK2L,6,S-1-5-18,,,,,,,,,,,False,C:\Users\turan\Desktop\defense-work-evtx-files\System.evtx,Classic,0,"{""EventData"":{""Data"":[{""@Name"":""Group"",""#text"":""0""},{""@Name"":""Number"",""#text"":""6""},{""@Name"":""IdleStateCount"",""#text"":""1""},{""@Name"":""IdleImplementation"",""#text"":""1""},{""@Name"":""NominalFrequency"",""#text"":""3693""},{""@Name"":""MaximumPerformancePercent"",""#text"":""100""},{""@Name"":""MinimumPerformancePercent"",""#text"":""100""},{""@Name"":""MinimumThrottlePercent"",""#text"":""100""},{""@Name"":""PerformanceImplementation"",""#text"":""0""}]}}"
873,873,2023-03-10 02:00:25.7096712,55,Info,Microsoft-Windows-Kernel-Processor-Power,System,4,260,DESKTOP-887GK2L,6,S-1-5-18,,,,,,,,,,,False,C:\Users\turan\Desktop\defense-work-evtx-files\System.evtx,Classic,0,"{""EventData"":{""Data"":[{""@Name"":""Group"",""#text"":""0""},{""@Name"":""Number"",""#text"":""7""},{""@Name"":""IdleStateCount"",""#text"":""1""},{""@Name"":""IdleImplementation"",""#text"":""1""},{""@Name"":""NominalFrequency"",""#text"":""3693""},{""@Name"":""MaximumPerformancePercent"",""#text"":""100""},{""@Name"":""MinimumPerformancePercent"",""#text"":""100""},{""@Name"":""MinimumThrottlePercent"",""#text"":""100""},{""@Name"":""PerformanceImplementation"",""#text"":""0""}]}}"
874,874,2023-03-10 02:00:25.8186402,98,Info,Microsoft-Windows-Ntfs,System,4,228,DESKTOP-887GK2L,6,S-1-5-18,,,,,,,,,,,False,C:\Users\turan\Desktop\defense-work-evtx-files\System.evtx,0x8000000000000002,0,"{""EventData"":{""Data"":[{""@Name"":""DriveName"",""#text"":""\\\\?\\Volume{3e1ae928-61ee-4947-af5a-9cabbd50feef}""},{""@Name"":""DeviceName"",""#text"":""\\Device\\HarddiskVolume4""},{""@Name"":""CorruptionActionState"",""#text"":""0""}]}}"
875,875,2023-03-10 02:00:25.8418234,16,Info,Microsoft-Windows-Kernel-General,System,408,412,DESKTOP-887GK2L,6,S-1-5-18,,,,,,,,,,,False,C:\Users\turan\Desktop\defense-work-evtx-files\System.evtx,Classic,0,"{""EventData"":{""Data"":[{""@Name"":""HiveNameLength"",""#text"":""46""},{""@Name"":""HiveName"",""#text"":""\\Device\\HarddiskVolume1\\EFI\\Microsoft\\Boot\\BCD""},{""@Name"":""KeysUpdated"",""#text"":""73""},{""@Name"":""DirtyPages"",""#text"":""5""}]}}"
876,876,2023-03-10 02:00:27.5437355,15,Info,Microsoft-Windows-Kernel-General,System,140,464,DESKTOP-887GK2L,6,S-1-5-18,,,,,,,,,,,False,C:\Users\turan\Desktop\defense-work-evtx-files\System.evtx,Classic,0,"{""EventData"":{""Data"":[{""@Name"":""HiveNameLength"",""#text"":""36""},{""@Name"":""HiveName"",""#text"":""\\SystemRoot\\System32\\Config\\SOFTWARE""},{""@Name"":""OriginalSize"",""#text"":""65871872""},{""@Name"":""NewSize"",""#text"":""65769472""}]}}"
877,877,2023-03-10 02:00:27.5636941,24,Info,Microsoft-Windows-Kernel-General,System,140,496,DESKTOP-887GK2L,6,S-1-5-18,,,,,,,,,,,False,C:\Users\turan\Desktop\defense-work-evtx-files\System.evtx,Time,0,"{""EventData"":{""Data"":[{""@Name"":""ExitReason"",""#text"":""0""},{""@Name"":""CurrentBias"",""#text"":""480""},{""@Name"":""CurrentTimeZoneID"",""#text"":""1""},{""@Name"":""TimeZoneInfoCacheUpdated"",""#text"":""0""},{""@Name"":""FirstRefresh"",""#text"":""0""}]}}"
878,878,2023-03-10 02:00:28.0412663,16,Info,Microsoft-Windows-Kernel-General,System,140,472,DESKTOP-887GK2L,6,S-1-5-18,,,,,,,,,,,False,C:\Users\turan\Desktop\defense-work-evtx-files\System.evtx,Classic,0,"{""EventData"":{""Data"":[{""@Name"":""HiveNameLength"",""#text"":""35""},{""@Name"":""HiveName"",""#text"":""\\SystemRoot\\System32\\Config\\DEFAULT""},{""@Name"":""KeysUpdated"",""#text"":""438""},{""@Name"":""DirtyPages"",""#text"":""49""}]}}"
879,879,2023-03-10 02:00:28.7105309,14,Info,Microsoft-Windows-Wininit,System,656,660,DESKTOP-887GK2L,6,S-1-5-18,,,,,,,,,,,False,C:\Users\turan\Desktop\defense-work-evtx-files\System.evtx,0x4000000000000000,0,"{""EventData"":{""Data"":[{""@Name"":""Config"",""#text"":""0""},{""@Name"":""IsTestConfig"",""#text"":""0""}]}}"
880,880,2023-03-10 02:00:28.8919568,16,Info,Microsoft-Windows-Kernel-General,System,140,460,DESKTOP-887GK2L,6,S-1-5-18,,,,,,,,,,,False,C:\Users\turan\Desktop\defense-work-evtx-files\System.evtx,Classic,0,"{""EventData"":{""Data"":[{""@Name"":""HiveNameLength"",""#text"":""36""},{""@Name"":""HiveName"",""#text"":""\\SystemRoot\\System32\\Config\\SECURITY""},{""@Name"":""KeysUpdated"",""#text"":""75""},{""@Name"":""DirtyPages"",""#text"":""4""}]}}"
881,881,2023-03-10 02:00:29.3438237,16962,Info,Microsoft-Windows-Directory-Services-SAM,System,796,800,DESKTOP-887GK2L,6,S-1-5-18,,,,,,,,,,,False,C:\Users\turan\Desktop\defense-work-evtx-files\System.evtx,Classic,0,"{""EventData"":{""@Name"":""SAMMSG_RESTRICT_REMOTE_SAM_DEFAULT_SD"",""Data"":{""@Name"":""Default SD String:"",""#text"":""O:SYG:SYD:(A;;RC;;;BA)""}}}"
882,882,2023-03-10 02:00:29.3481959,16,Info,Microsoft-Windows-Kernel-General,System,140,476,DESKTOP-887GK2L,6,S-1-5-18,,,,,,,,,,,False,C:\Users\turan\Desktop\defense-work-evtx-files\System.evtx,Classic,0,"{""EventData"":{""Data"":[{""@Name"":""HiveNameLength"",""#text"":""31""},{""@Name"":""HiveName"",""#text"":""\\SystemRoot\\System32\\Config\\SAM""},{""@Name"":""KeysUpdated"",""#text"":""67""},{""@Name"":""DirtyPages"",""#text"":""7""}]}}"
883,883,2023-03-10 02:00:29.3666941,16977,Info,Microsoft-Windows-Directory-Services-SAM,System,796,800,DESKTOP-887GK2L,6,S-1-5-18,,,,,,,,,,,False,C:\Users\turan\Desktop\defense-work-evtx-files\System.evtx,Classic,0,"{""EventData"":{""@Name"":""SAMMSG_MINPWDLEN_SETTINGS_IN_EFFECT"",""Data"":[{""@Name"":""MinimumPasswordLength"",""#text"":""0""},{""@Name"":""RelaxMinimumPasswordLengthLimits"",""#text"":""0""},{""@Name"":""MinimumPasswordLengthAudit"",""#text"":""-1""}]}}"
884,884,2023-03-10 02:00:29.3667005,16983,Info,Microsoft-Windows-Directory-Services-SAM,System,796,800,DESKTOP-887GK2L,6,S-1-5-18,,,,,,,,,,,False,C:\Users\turan\Desktop\defense-work-evtx-files\System.evtx,Classic,0,"{""EventData"":{""@Name"":""SAMMSG_AUDIT_LEGACY_PWD_RPC_METHODS_OFF""}}"
885,885,2023-03-10 02:00:29.6866845,16,Info,Microsoft-Windows-Kernel-General,System,776,780,DESKTOP-887GK2L,6,S-1-5-18,,,,,,,,,,,False,C:\Users\turan\Desktop\defense-work-evtx-files\System.evtx,Classic,0,"{""EventData"":{""Data"":[{""@Name"":""HiveNameLength"",""#text"":""56""},{""@Name"":""HiveName"",""#text"":""\\??\\C:\\Windows\\ServiceProfiles\\NetworkService\\NTUSER.DAT""},{""@Name"":""KeysUpdated"",""#text"":""107""},{""@Name"":""DirtyPages"",""#text"":""15""}]}}"
886,886,2023-03-10 02:00:30.0949021,16,Info,Microsoft-Windows-Kernel-General,System,908,1004,DESKTOP-887GK2L,6,S-1-5-18,,,,,,,,,,,False,C:\Users\turan\Desktop\defense-work-evtx-files\System.evtx,Classic,0,"{""EventData"":{""Data"":[{""@Name"":""HiveNameLength"",""#text"":""31""},{""@Name"":""HiveName"",""#text"":""\\SystemRoot\\System32\\Config\\BBI""},{""@Name"":""KeysUpdated"",""#text"":""150""},{""@Name"":""DirtyPages"",""#text"":""30""}]}}"
887,887,2023-03-10 02:00:30.1278754,16,Info,Microsoft-Windows-Kernel-General,System,776,1148,DESKTOP-887GK2L,6,S-1-5-18,,,,,,,,,,,False,C:\Users\turan\Desktop\defense-work-evtx-files\System.evtx,Classic,0,"{""EventData"":{""Data"":[{""@Name"":""HiveNameLength"",""#text"":""54""},{""@Name"":""HiveName"",""#text"":""\\??\\C:\\Windows\\ServiceProfiles\\LocalService\\NTUSER.DAT""},{""@Name"":""KeysUpdated"",""#text"":""66""},{""@Name"":""DirtyPages"",""#text"":""15""}]}}"
888,888,2023-03-10 02:00:30.1939396,6,Info,Microsoft-Windows-FilterManager,System,4,160,DESKTOP-887GK2L,6,S-1-5-18,,,,,,,,,,,False,C:\Users\turan\Desktop\defense-work-evtx-files\System.evtx,Classic,0,"{""EventData"":{""Data"":[{""@Name"":""FinalStatus"",""#text"":""0x0""},{""@Name"":""DeviceVersionMajor"",""#text"":""10""},{""@Name"":""DeviceVersionMinor"",""#text"":""0""},{""@Name"":""DeviceNameLength"",""#text"":""5""},{""@Name"":""DeviceName"",""#text"":""wcifs""},{""@Name"":""DeviceTime"",""#text"":""2080-03-16 04:57:52.0000000""}]}}"
889,889,2023-03-10 02:00:30.2572748,6,Info,Microsoft-Windows-FilterManager,System,4,264,DESKTOP-887GK2L,6,S-1-5-18,,,,,,,,,,,False,C:\Users\turan\Desktop\defense-work-evtx-files\System.evtx,Classic,0,"{""EventData"":{""Data"":[{""@Name"":""FinalStatus"",""#text"":""0x0""},{""@Name"":""DeviceVersionMajor"",""#text"":""10""},{""@Name"":""DeviceVersionMinor"",""#text"":""0""},{""@Name"":""DeviceNameLength"",""#text"":""5""},{""@Name"":""DeviceName"",""#text"":""luafv""},{""@Name"":""DeviceTime"",""#text"":""2041-09-18 21:13:33.0000000""}]}}"
890,890,2023-03-10 02:00:30.2787429,6,Info,Microsoft-Windows-FilterManager,System,4,264,DESKTOP-887GK2L,6,S-1-5-18,,,,,,,,,,,False,C:\Users\turan\Desktop\defense-work-evtx-files\System.evtx,Classic,0,"{""EventData"":{""Data"":[{""@Name"":""FinalStatus"",""#text"":""0x0""},{""@Name"":""DeviceVersionMajor"",""#text"":""10""},{""@Name"":""DeviceVersionMinor"",""#text"":""0""},{""@Name"":""DeviceNameLength"",""#text"":""6""},{""@Name"":""DeviceName"",""#text"":""CldFlt""},{""@Name"":""DeviceTime"",""#text"":""2033-11-18 18:49:10.0000000""}]}}"
891,891,2023-03-10 02:00:30.2787519,1,Info,Microsoft-Windows-FilterManager,System,4,264,DESKTOP-887GK2L,6,S-1-5-18,,,,,,,,,,,False,C:\Users\turan\Desktop\defense-work-evtx-files\System.evtx,Classic,0,"{""EventData"":{""Data"":[{""@Name"":""FinalStatus"",""#text"":""0x0""},{""@Name"":""DeviceVersionMajor"",""#text"":""10""},{""@Name"":""DeviceVersionMinor"",""#text"":""0""},{""@Name"":""DeviceNameLength"",""#text"":""6""},{""@Name"":""DeviceName"",""#text"":""CldFlt""},{""@Name"":""DeviceTime"",""#text"":""2033-11-18 18:49:10.0000000""}]}}"
892,892,2023-03-10 02:00:30.2787928,6,Info,Microsoft-Windows-FilterManager,System,4,264,DESKTOP-887GK2L,6,S-1-5-18,,,,,,,,,,,False,C:\Users\turan\Desktop\defense-work-evtx-files\System.evtx,Classic,0,"{""EventData"":{""Data"":[{""@Name"":""FinalStatus"",""#text"":""0x0""},{""@Name"":""DeviceVersionMajor"",""#text"":""10""},{""@Name"":""DeviceVersionMinor"",""#text"":""0""},{""@Name"":""DeviceNameLength"",""#text"":""6""},{""@Name"":""DeviceName"",""#text"":""CldFlt""},{""@Name"":""DeviceTime"",""#text"":""2033-11-18 18:49:10.0000000""}]}}"
893,893,2023-03-10 02:00:30.2841352,6,Info,Microsoft-Windows-FilterManager,System,4,264,DESKTOP-887GK2L,6,S-1-5-18,,,,,,,,,,,False,C:\Users\turan\Desktop\defense-work-evtx-files\System.evtx,Classic,0,"{""EventData"":{""Data"":[{""@Name"":""FinalStatus"",""#text"":""0x0""},{""@Name"":""DeviceVersionMajor"",""#text"":""10""},{""@Name"":""DeviceVersionMinor"",""#text"":""0""},{""@Name"":""DeviceNameLength"",""#text"":""10""},{""@Name"":""DeviceName"",""#text"":""storqosflt""},{""@Name"":""DeviceTime"",""#text"":""2007-04-09 10:08:30.0000000""}]}}"
894,894,2023-03-10 02:00:30.2899311,6,Info,Microsoft-Windows-FilterManager,System,4,264,DESKTOP-887GK2L,6,S-1-5-18,,,,,,,,,,,False,C:\Users\turan\Desktop\defense-work-evtx-files\System.evtx,Classic,0,"{""EventData"":{""Data"":[{""@Name"":""FinalStatus"",""#text"":""0x0""},{""@Name"":""DeviceVersionMajor"",""#text"":""10""},{""@Name"":""DeviceVersionMinor"",""#text"":""0""},{""@Name"":""DeviceNameLength"",""#text"":""7""},{""@Name"":""DeviceName"",""#text"":""bindflt""},{""@Name"":""DeviceTime"",""#text"":""2070-08-23 01:34:13.0000000""}]}}"
895,895,2023-03-10 02:00:30.2998437,50036,Info,Microsoft-Windows-Dhcp-Client,System,1520,1540,DESKTOP-887GK2L,6,S-1-5-19,,,,,,,,,,,False,C:\Users\turan\Desktop\defense-work-evtx-files\System.evtx,0x2000000000000000,0,"{""EventData"":""""}"
896,896,2023-03-10 02:00:30.2999714,50103,Info,Microsoft-Windows-Dhcp-Client,System,1520,1540,DESKTOP-887GK2L,6,S-1-5-19,,,,,,,,,,,False,C:\Users\turan\Desktop\defense-work-evtx-files\System.evtx,0x2000000000000000,0,"{""EventData"":""""}"
897,897,2023-03-10 02:00:30.3433691,51046,Info,Microsoft-Windows-DHCPv6-Client,System,1520,1724,DESKTOP-887GK2L,6,S-1-5-19,,,,,,,,,,,False,C:\Users\turan\Desktop\defense-work-evtx-files\System.evtx,0x2000000000000000,0,"{""EventData"":""""}"
898,898,2023-03-10 02:00:31.3051908,7026,Info,Service Control Manager,System,776,780,DESKTOP-887GK2L,6,,,,,,,,,,,,False,C:\Users\turan\Desktop\defense-work-evtx-files\System.evtx,"Audit success, classic",0,"{""EventData"":{""Data"":{""@Name"":""param1"",""#text"":"", dam""}}}"
899,899,2023-03-10 02:00:31.9771443,27,Warning,e1i65x64,System,4,264,DESKTOP-887GK2L,6,,,,,,,,,,,,False,C:\Users\turan\Desktop\defense-work-evtx-files\System.evtx,0x80000000000000,0,"{""EventData"":{""Data"":""Intel(R) 82574L Gigabit Network Connection"",""Binary"":""00-00-04-00-02-00-30-00-00-00-00-00-1B-00-04-A0-00-00-00-00-00-00-00-00-00-00-00-00-00-00-00-00-00-00-00-00-00-00-00-00-1B-00-04-A0""}}"
900,900,2023-03-10 02:00:32.9923305,4107,Info,Display,System,0,0,DESKTOP-887GK2L,6,,,,,,,,,,,,False,C:\Users\turan\Desktop\defense-work-evtx-files\System.evtx,0x80000000000000,0,"{""EventData"":{""Data"":"""",""Binary"":""""}}"
901,901,2023-03-10 02:00:32.6266534,16,Info,Microsoft-Windows-Kernel-General,System,2896,3888,DESKTOP-887GK2L,6,S-1-5-18,,,,,,,,,,,False,C:\Users\turan\Desktop\defense-work-evtx-files\System.evtx,Classic,0,"{""EventData"":{""Data"":[{""@Name"":""HiveNameLength"",""#text"":""45""},{""@Name"":""HiveName"",""#text"":""\\??\\C:\\Windows\\AppCompat\\Programs\\Amcache.hve""},{""@Name"":""KeysUpdated"",""#text"":""945""},{""@Name"":""DirtyPages"",""#text"":""387""}]}}"
902,902,2023-03-10 02:00:37.1754966,16,Info,Microsoft-Windows-Kernel-General,System,4,512,DESKTOP-887GK2L,6,S-1-5-18,,,,,,,,,,,False,C:\Users\turan\Desktop\defense-work-evtx-files\System.evtx,Classic,0,"{""EventData"":{""Data"":[{""@Name"":""HiveNameLength"",""#text"":""35""},{""@Name"":""HiveName"",""#text"":""\\SystemRoot\\System32\\config\\DRIVERS""},{""@Name"":""KeysUpdated"",""#text"":""20335""},{""@Name"":""DirtyPages"",""#text"":""898""}]}}"
903,903,2023-03-10 02:00:52.2267924,7040,Info,Service Control Manager,System,776,3608,DESKTOP-887GK2L,6,S-1-5-18,Start type of a service has changed,,,The start type of the Background Intelligent Transfer Service was changed from demand start to auto start,,,,,,BITS,False,C:\Users\turan\Desktop\defense-work-evtx-files\System.evtx,"Audit success, classic",0,"{""EventData"":{""Data"":[{""@Name"":""param1"",""#text"":""Background Intelligent Transfer Service""},{""@Name"":""param2"",""#text"":""demand start""},{""@Name"":""param3"",""#text"":""auto start""},{""@Name"":""param4"",""#text"":""BITS""}]}}"
904,904,2023-03-10 02:02:31.5011583,16,Info,Microsoft-Windows-Kernel-General,System,5652,5672,DESKTOP-887GK2L,6,S-1-5-18,,,,,,,,,,,False,C:\Users\turan\Desktop\defense-work-evtx-files\System.evtx,Classic,0,"{""EventData"":{""Data"":[{""@Name"":""HiveNameLength"",""#text"":""119""},{""@Name"":""HiveName"",""#text"":""\\??\\C:\\Windows\\ServiceProfiles\\NetworkService\\AppData\\Local\\Microsoft\\Windows\\DeliveryOptimization\\State\\dosvcState.dat""},{""@Name"":""KeysUpdated"",""#text"":""76""},{""@Name"":""DirtyPages"",""#text"":""22""}]}}"
905,905,2023-03-10 02:02:32.4808061,134,Warning,Microsoft-Windows-Time-Service,System,964,1464,DESKTOP-887GK2L,6,S-1-5-19,,,,,,,,,,,False,C:\Users\turan\Desktop\defense-work-evtx-files\System.evtx,Classic,0,"{""EventData"":{""@Name"":""TMP_EVENT_MANUAL_PEER_DNS_ERROR"",""Data"":[{""@Name"":""ErrorMessage"",""#text"":""No such host is known. (0x80072AF9)""},{""@Name"":""RetryMinutes"",""#text"":""15""},{""@Name"":""DomainPeer"",""#text"":""time.windows.com,0x9""}]}}"
906,906,2023-03-10 02:02:32.5550643,10016,Warning,Microsoft-Windows-DistributedCOM,System,452,3044,DESKTOP-887GK2L,6,S-1-5-18,,,,,,,,,,,False,C:\Users\turan\Desktop\defense-work-evtx-files\System.evtx,"Audit success, classic",0,"{""EventData"":{""Data"":[{""@Name"":""param1"",""#text"":""application-specific""},{""@Name"":""param2"",""#text"":""Local""},{""@Name"":""param3"",""#text"":""Launch""},{""@Name"":""param4"",""#text"":""Windows.SecurityCenter.WscDataProtection""},{""@Name"":""param5"",""#text"":""Unavailable""},{""@Name"":""param6"",""#text"":""NT AUTHORITY""},{""@Name"":""param7"",""#text"":""SYSTEM""},{""@Name"":""param8"",""#text"":""S-1-5-18""},{""@Name"":""param9"",""#text"":""LocalHost (Using LRPC)""},{""@Name"":""param10"",""#text"":""Unavailable""},{""@Name"":""param11"",""#text"":""Unavailable""}]}}"
907,907,2023-03-10 02:02:33.7642068,43,Info,Microsoft-Windows-WindowsUpdateClient,System,4884,5024,DESKTOP-887GK2L,6,S-1-5-18,,,,,,,,,,,False,C:\Users\turan\Desktop\defense-work-evtx-files\System.evtx,0x8000000000002008,0,"{""EventData"":{""Data"":[{""@Name"":""updateTitle"",""#text"":""2022-04 Update for Windows 10 Version 21H2 for x64-based Systems (KB5005463)""},{""@Name"":""updateGuid"",""#text"":""9151c073-854c-474e-8e4c-3b7b067824b1""},{""@Name"":""updateRevisionNumber"",""#text"":""200""}]}}"
908,908,2023-03-10 02:02:33.9928917,134,Warning,Microsoft-Windows-Time-Service,System,964,1612,DESKTOP-887GK2L,6,S-1-5-19,,,,,,,,,,,False,C:\Users\turan\Desktop\defense-work-evtx-files\System.evtx,Classic,0,"{""EventData"":{""@Name"":""TMP_EVENT_MANUAL_PEER_DNS_ERROR"",""Data"":[{""@Name"":""ErrorMessage"",""#text"":""No such host is known. (0x80072AF9)""},{""@Name"":""RetryMinutes"",""#text"":""15""},{""@Name"":""DomainPeer"",""#text"":""time.windows.com,0x9""}]}}"
909,909,2023-03-10 02:02:35.0443965,19,Info,Microsoft-Windows-WindowsUpdateClient,System,4884,1828,DESKTOP-887GK2L,6,S-1-5-18,,,,,,,,,,,False,C:\Users\turan\Desktop\defense-work-evtx-files\System.evtx,Installation,0,"{""EventData"":{""Data"":[{""@Name"":""updateTitle"",""#text"":""2022-04 Update for Windows 10 Version 21H2 for x64-based Systems (KB5005463)""},{""@Name"":""updateGuid"",""#text"":""9151c073-854c-474e-8e4c-3b7b067824b1""},{""@Name"":""updateRevisionNumber"",""#text"":""200""},{""@Name"":""serviceGuid"",""#text"":""9482f4b4-e343-43b6-b170-9a65bc822c77""}]}}"
910,910,2023-03-10 02:02:35.3516985,43,Info,Microsoft-Windows-WindowsUpdateClient,System,4884,1828,DESKTOP-887GK2L,6,S-1-5-18,,,,,,,,,,,False,C:\Users\turan\Desktop\defense-work-evtx-files\System.evtx,0x8000000000002008,0,"{""EventData"":{""Data"":[{""@Name"":""updateTitle"",""#text"":""Windows Malicious Software Removal Tool x64 - v5.110 (KB890830)""},{""@Name"":""updateGuid"",""#text"":""8e212273-94f0-4b31-8bb5-00676a5423f4""},{""@Name"":""updateRevisionNumber"",""#text"":""200""}]}}"
911,911,2023-03-10 02:03:09.2183390,19,Info,Microsoft-Windows-WindowsUpdateClient,System,4884,1828,DESKTOP-887GK2L,6,S-1-5-18,,,,,,,,,,,False,C:\Users\turan\Desktop\defense-work-evtx-files\System.evtx,Installation,0,"{""EventData"":{""Data"":[{""@Name"":""updateTitle"",""#text"":""Windows Malicious Software Removal Tool x64 - v5.110 (KB890830)""},{""@Name"":""updateGuid"",""#text"":""8e212273-94f0-4b31-8bb5-00676a5423f4""},{""@Name"":""updateRevisionNumber"",""#text"":""200""},{""@Name"":""serviceGuid"",""#text"":""9482f4b4-e343-43b6-b170-9a65bc822c77""}]}}"
912,912,2023-03-10 02:03:09.7411725,16,Info,Microsoft-Windows-Kernel-General,System,2676,2988,DESKTOP-887GK2L,6,S-1-5-18,,,,,,,,,,,False,C:\Users\turan\Desktop\defense-work-evtx-files\System.evtx,Classic,0,"{""EventData"":{""Data"":[{""@Name"":""HiveNameLength"",""#text"":""41""},{""@Name"":""HiveName"",""#text"":""\\??\\C:\\Windows\\System32\\config\\COMPONENTS""},{""@Name"":""KeysUpdated"",""#text"":""53823""},{""@Name"":""DirtyPages"",""#text"":""6157""}]}}"
913,913,2023-03-10 02:03:09.8808141,43,Info,Microsoft-Windows-WindowsUpdateClient,System,4884,4936,DESKTOP-887GK2L,6,S-1-5-18,,,,,,,,,,,False,C:\Users\turan\Desktop\defense-work-evtx-files\System.evtx,0x8000000000002008,0,"{""EventData"":{""Data"":[{""@Name"":""updateTitle"",""#text"":""2023-02 Cumulative Update for .NET Framework 3.5, 4.8 and 4.8.1 for Windows 10 Version 21H2 for x64 (KB5022728)""},{""@Name"":""updateGuid"",""#text"":""1229beb6-d6a0-4e64-9109-d378724924ce""},{""@Name"":""updateRevisionNumber"",""#text"":""201""}]}}"
914,914,2023-03-10 02:03:10.5704382,7040,Info,Service Control Manager,System,776,3600,DESKTOP-887GK2L,6,S-1-5-18,Start type of a service has changed,,,The start type of the Windows Modules Installer was changed from demand start to auto start,,,,,,TrustedInstaller,False,C:\Users\turan\Desktop\defense-work-evtx-files\System.evtx,"Audit success, classic",0,"{""EventData"":{""Data"":[{""@Name"":""param1"",""#text"":""Windows Modules Installer""},{""@Name"":""param2"",""#text"":""demand start""},{""@Name"":""param3"",""#text"":""auto start""},{""@Name"":""param4"",""#text"":""TrustedInstaller""}]}}"
915,915,2023-03-10 02:03:17.5903204,16,Info,Microsoft-Windows-Kernel-General,System,2676,4256,DESKTOP-887GK2L,6,S-1-5-18,,,,,,,,,,,False,C:\Users\turan\Desktop\defense-work-evtx-files\System.evtx,Classic,0,"{""EventData"":{""Data"":[{""@Name"":""HiveNameLength"",""#text"":""52""},{""@Name"":""HiveName"",""#text"":""\\??\\C:\\Windows\\System32\\SMI\\Store\\Machine\\SCHEMA.DAT""},{""@Name"":""KeysUpdated"",""#text"":""1""},{""@Name"":""DirtyPages"",""#text"":""1""}]}}"
916,916,2023-03-10 02:03:21.6432238,43,Info,Microsoft-Windows-WindowsUpdateClient,System,4884,4936,DESKTOP-887GK2L,6,S-1-5-18,,,,,,,,,,,False,C:\Users\turan\Desktop\defense-work-evtx-files\System.evtx,0x8000000000002008,0,"{""EventData"":{""Data"":[{""@Name"":""updateTitle"",""#text"":""VMware, Inc. - System - 9.8.18.0""},{""@Name"":""updateGuid"",""#text"":""b5857a80-fd07-4a9d-9adf-2a3a6db94b7e""},{""@Name"":""updateRevisionNumber"",""#text"":""1""}]}}"
917,917,2023-03-10 02:03:21.6708881,20,Error,Microsoft-Windows-WindowsUpdateClient,System,4884,4936,DESKTOP-887GK2L,7,S-1-5-18,,,,,,,,,,,False,C:\Users\turan\Desktop\defense-work-evtx-files\System.evtx,0x8000000000000028,0,"{""EventData"":{""Data"":[{""@Name"":""errorCode"",""#text"":""0x80246007""},{""@Name"":""updateTitle"",""#text"":""VMware, Inc. - System - 9.8.18.0""},{""@Name"":""updateGuid"",""#text"":""b5857a80-fd07-4a9d-9adf-2a3a6db94b7e""},{""@Name"":""updateRevisionNumber"",""#text"":""1""},{""@Name"":""serviceGuid"",""#text"":""8b24b027-1dee-babb-9a95-3517dfb9c552""}]}}"
918,918,2023-03-10 02:03:21.8786242,43,Info,Microsoft-Windows-WindowsUpdateClient,System,4884,4936,DESKTOP-887GK2L,7,S-1-5-18,,,,,,,,,,,False,C:\Users\turan\Desktop\defense-work-evtx-files\System.evtx,0x8000000000002008,0,"{""EventData"":{""Data"":[{""@Name"":""updateTitle"",""#text"":""2023-01 Update for Windows 10 Version 21H2 for x64-based Systems (KB4023057)""},{""@Name"":""updateGuid"",""#text"":""ab12df76-8ef0-49d1-b9dc-3c3013c25039""},{""@Name"":""updateRevisionNumber"",""#text"":""1""}]}}"
919,919,2023-03-10 02:03:22.3051046,7045,Info,Service Control Manager,System,776,3600,DESKTOP-887GK2L,7,S-1-5-18,A new service was installed in the system,,,Name: Microsoft Update Health Service,StartType: disabled,Account: LocalSystem,,,,"""C:\Program Files\Microsoft Update Health Tools\uhssvc.exe""",False,C:\Users\turan\Desktop\defense-work-evtx-files\System.evtx,"Audit success, classic",0,"{""EventData"":{""Data"":[{""@Name"":""ServiceName"",""#text"":""Microsoft Update Health Service""},{""@Name"":""ImagePath"",""#text"":""\""C:\\Program Files\\Microsoft Update Health Tools\\uhssvc.exe\""""},{""@Name"":""ServiceType"",""#text"":""user mode service""},{""@Name"":""StartType"",""#text"":""disabled""},{""@Name"":""AccountName"",""#text"":""LocalSystem""}]}}"
920,920,2023-03-10 02:03:22.4127102,19,Info,Microsoft-Windows-WindowsUpdateClient,System,4884,4936,DESKTOP-887GK2L,7,S-1-5-18,,,,,,,,,,,False,C:\Users\turan\Desktop\defense-work-evtx-files\System.evtx,Installation,0,"{""EventData"":{""Data"":[{""@Name"":""updateTitle"",""#text"":""2023-01 Update for Windows 10 Version 21H2 for x64-based Systems (KB4023057)""},{""@Name"":""updateGuid"",""#text"":""ab12df76-8ef0-49d1-b9dc-3c3013c25039""},{""@Name"":""updateRevisionNumber"",""#text"":""1""},{""@Name"":""serviceGuid"",""#text"":""8b24b027-1dee-babb-9a95-3517dfb9c552""}]}}"
921,921,2023-03-10 02:03:23.0577864,43,Info,Microsoft-Windows-WindowsUpdateClient,System,4884,4936,DESKTOP-887GK2L,7,S-1-5-18,,,,,,,,,,,False,C:\Users\turan\Desktop\defense-work-evtx-files\System.evtx,0x8000000000002008,0,"{""EventData"":{""Data"":[{""@Name"":""updateTitle"",""#text"":""2023-02 Cumulative Update for Windows 10 Version 21H2 for x64-based Systems (KB5022834)""},{""@Name"":""updateGuid"",""#text"":""54f012c4-0c78-49ce-92c0-29096c768b2a""},{""@Name"":""updateRevisionNumber"",""#text"":""1""}]}}"
922,922,2023-03-10 02:04:11.6874185,7001,Info,Microsoft-Windows-Winlogon,System,696,496,DESKTOP-887GK2L,7,S-1-5-18,User logon,,,UserSID: S-1-5-21-3393683511-3463148672-371912004-1001,,,,,,,False,C:\Users\turan\Desktop\defense-work-evtx-files\System.evtx,0x2000200000000000,0,"{""EventData"":{""Data"":[{""@Name"":""TSId"",""#text"":""1""},{""@Name"":""UserSid"",""#text"":""S-1-5-21-3393683511-3463148672-371912004-1001""}]}}"
923,923,2023-03-10 02:04:11.7072299,16,Info,Microsoft-Windows-Kernel-General,System,1308,5380,DESKTOP-887GK2L,7,S-1-5-18,,,,,,,,,,,False,C:\Users\turan\Desktop\defense-work-evtx-files\System.evtx,Classic,0,"{""EventData"":{""Data"":[{""@Name"":""HiveNameLength"",""#text"":""35""},{""@Name"":""HiveName"",""#text"":""\\??\\C:\\Users\\CyberJunkie\\ntuser.dat""},{""@Name"":""KeysUpdated"",""#text"":""1687""},{""@Name"":""DirtyPages"",""#text"":""167""}]}}"
924,924,2023-03-10 02:04:11.7209215,16,Info,Microsoft-Windows-Kernel-General,System,1308,5380,DESKTOP-887GK2L,7,S-1-5-18,,,,,,,,,,,False,C:\Users\turan\Desktop\defense-work-evtx-files\System.evtx,Classic,0,"{""EventData"":{""Data"":[{""@Name"":""HiveNameLength"",""#text"":""69""},{""@Name"":""HiveName"",""#text"":""\\??\\C:\\Users\\CyberJunkie\\AppData\\Local\\Microsoft\\Windows\\UsrClass.dat""},{""@Name"":""KeysUpdated"",""#text"":""4254""},{""@Name"":""DirtyPages"",""#text"":""467""}]}}"
925,925,2023-03-10 02:04:13.0285998,16,Info,Microsoft-Windows-Kernel-General,System,6168,6236,DESKTOP-887GK2L,7,S-1-5-18,,,,,,,,,,,False,C:\Users\turan\Desktop\defense-work-evtx-files\System.evtx,Classic,0,"{""EventData"":{""Data"":[{""@Name"":""HiveNameLength"",""#text"":""125""},{""@Name"":""HiveName"",""#text"":""\\??\\C:\\Users\\CyberJunkie\\AppData\\Local\\Packages\\Microsoft.Windows.StartMenuExperienceHost_cw5n1h2txyewy\\Settings\\settings.dat""},{""@Name"":""KeysUpdated"",""#text"":""3""},{""@Name"":""DirtyPages"",""#text"":""1""}]}}"
926,926,2023-03-10 02:04:13.2932893,16,Info,Microsoft-Windows-Kernel-General,System,6372,6460,DESKTOP-887GK2L,7,S-1-5-18,,,,,,,,,,,False,C:\Users\turan\Desktop\defense-work-evtx-files\System.evtx,Classic,0,"{""EventData"":{""Data"":[{""@Name"":""HiveNameLength"",""#text"":""108""},{""@Name"":""HiveName"",""#text"":""\\??\\C:\\Users\\CyberJunkie\\AppData\\Local\\Packages\\Microsoft.Windows.Search_cw5n1h2txyewy\\Settings\\settings.dat""},{""@Name"":""KeysUpdated"",""#text"":""31""},{""@Name"":""DirtyPages"",""#text"":""6""}]}}"
927,927,2023-03-10 02:04:13.5496817,16,Info,Microsoft-Windows-Kernel-General,System,6868,6992,DESKTOP-887GK2L,7,S-1-5-18,,,,,,,,,,,False,C:\Users\turan\Desktop\defense-work-evtx-files\System.evtx,Classic,0,"{""EventData"":{""Data"":[{""@Name"":""HiveNameLength"",""#text"":""110""},{""@Name"":""HiveName"",""#text"":""\\??\\C:\\Users\\CyberJunkie\\AppData\\Local\\Packages\\Microsoft.AAD.BrokerPlugin_cw5n1h2txyewy\\Settings\\settings.dat""},{""@Name"":""KeysUpdated"",""#text"":""5""},{""@Name"":""DirtyPages"",""#text"":""1""}]}}"
928,928,2023-03-10 02:04:14.6473180,16,Info,Microsoft-Windows-Kernel-General,System,6840,6884,DESKTOP-887GK2L,7,S-1-5-18,,,,,,,,,,,False,C:\Users\turan\Desktop\defense-work-evtx-files\System.evtx,Classic,0,"{""EventData"":{""Data"":[{""@Name"":""HiveNameLength"",""#text"":""103""},{""@Name"":""HiveName"",""#text"":""\\??\\C:\\Users\\CyberJunkie\\AppData\\Local\\Packages\\Microsoft.YourPhone_8wekyb3d8bbwe\\Settings\\settings.dat""},{""@Name"":""KeysUpdated"",""#text"":""8""},{""@Name"":""DirtyPages"",""#text"":""1""}]}}"
929,929,2023-03-10 02:04:43.4908437,16,Info,Microsoft-Windows-Kernel-General,System,3184,5888,DESKTOP-887GK2L,7,S-1-5-21-3393683511-3463148672-371912004-1001,,,,,,,,,,,False,C:\Users\turan\Desktop\defense-work-evtx-files\System.evtx,Classic,0,"{""EventData"":{""Data"":[{""@Name"":""HiveNameLength"",""#text"":""114""},{""@Name"":""HiveName"",""#text"":""\\??\\C:\\Users\\CyberJunkie\\AppData\\Local\\Packages\\Microsoft.MicrosoftEdge.Stable_8wekyb3d8bbwe\\Settings\\settings.dat""},{""@Name"":""KeysUpdated"",""#text"":""3""},{""@Name"":""DirtyPages"",""#text"":""1""}]}}"
930,930,2023-03-10 02:05:29.9746525,16,Info,Microsoft-Windows-Kernel-General,System,8588,2040,DESKTOP-887GK2L,7,S-1-5-18,,,,,,,,,,,False,C:\Users\turan\Desktop\defense-work-evtx-files\System.evtx,Classic,0,"{""EventData"":{""Data"":[{""@Name"":""HiveNameLength"",""#text"":""119""},{""@Name"":""HiveName"",""#text"":""\\??\\C:\\Users\\CyberJunkie\\AppData\\Local\\Packages\\microsoft.windowscommunicationsapps_8wekyb3d8bbwe\\Settings\\settings.dat""},{""@Name"":""KeysUpdated"",""#text"":""33""},{""@Name"":""DirtyPages"",""#text"":""3""}]}}"
931,931,2023-03-10 02:06:48.1889151,129,Warning,stornvme,System,4,508,DESKTOP-887GK2L,7,,,,,,,,,,,,False,C:\Users\turan\Desktop\defense-work-evtx-files\System.evtx,0x80000000000000,0,"{""EventData"":{""Data"":""\\Device\\RaidPort1"",""Binary"":""0F-00-18-00-01-00-00-00-00-00-00-00-81-00-04-80-01-00-00-00-00-00-00-00-00-00-00-00-00-00-00-00-00-00-00-00-00-00-00-00-00-00-00-00-00-00-00-00-00-00-00-00-81-00-04-80-00-00-00-00-00-00-00-00""}}"
932,932,2023-03-10 02:09:08.0941752,16,Info,Microsoft-Windows-Kernel-General,System,5792,1272,DESKTOP-887GK2L,7,S-1-5-18,,,,,,,,,,,False,C:\Users\turan\Desktop\defense-work-evtx-files\System.evtx,Classic,0,"{""EventData"":{""Data"":[{""@Name"":""HiveNameLength"",""#text"":""111""},{""@Name"":""HiveName"",""#text"":""\\??\\C:\\Users\\CyberJunkie\\AppData\\Local\\Packages\\MicrosoftWindows.Client.CBS_cw5n1h2txyewy\\Settings\\settings.dat""},{""@Name"":""KeysUpdated"",""#text"":""2""},{""@Name"":""DirtyPages"",""#text"":""1""}]}}"
933,933,2023-03-10 02:11:28.0508678,10016,Warning,Microsoft-Windows-DistributedCOM,System,452,6680,DESKTOP-887GK2L,7,S-1-5-21-3393683511-3463148672-371912004-1001,,,,,,,,,,,False,C:\Users\turan\Desktop\defense-work-evtx-files\System.evtx,"Audit success, classic",0,"{""EventData"":{""Data"":[{""@Name"":""param1"",""#text"":""machine-default""},{""@Name"":""param2"",""#text"":""Local""},{""@Name"":""param3"",""#text"":""Activation""},{""@Name"":""param4"",""#text"":""{C2F03A33-21F5-47FA-B4BB-156362A2F239}""},{""@Name"":""param5"",""#text"":""{316CDED5-E4AE-4B15-9113-7055D84DCC97}""},{""@Name"":""param6"",""#text"":""DESKTOP-887GK2L""},{""@Name"":""param7"",""#text"":""CyberJunkie""},{""@Name"":""param8"",""#text"":""S-1-5-21-3393683511-3463148672-371912004-1001""},{""@Name"":""param9"",""#text"":""LocalHost (Using LRPC)""},{""@Name"":""param10"",""#text"":""Microsoft.Windows.ShellExperienceHost_10.0.19041.1023_neutral_neutral_cw5n1h2txyewy""},{""@Name"":""param11"",""#text"":""S-1-15-2-155514346-2573954481-755741238-1654018636-1233331829-3075935687-2861478708""}]}}"
934,934,2023-03-10 02:11:28.1340009,16,Info,Microsoft-Windows-Kernel-General,System,6676,2684,DESKTOP-887GK2L,7,S-1-5-18,,,,,,,,,,,False,C:\Users\turan\Desktop\defense-work-evtx-files\System.evtx,Classic,0,"{""EventData"":{""Data"":[{""@Name"":""HiveNameLength"",""#text"":""121""},{""@Name"":""HiveName"",""#text"":""\\??\\C:\\Users\\CyberJunkie\\AppData\\Local\\Packages\\Microsoft.Windows.ShellExperienceHost_cw5n1h2txyewy\\Settings\\settings.dat""},{""@Name"":""KeysUpdated"",""#text"":""2""},{""@Name"":""DirtyPages"",""#text"":""1""}]}}"
935,935,2023-03-10 02:11:50.5886193,10016,Warning,Microsoft-Windows-DistributedCOM,System,452,6648,DESKTOP-887GK2L,7,S-1-5-21-3393683511-3463148672-371912004-1001,,,,,,,,,,,False,C:\Users\turan\Desktop\defense-work-evtx-files\System.evtx,"Audit success, classic",0,"{""EventData"":{""Data"":[{""@Name"":""param1"",""#text"":""machine-default""},{""@Name"":""param2"",""#text"":""Local""},{""@Name"":""param3"",""#text"":""Activation""},{""@Name"":""param4"",""#text"":""{C2F03A33-21F5-47FA-B4BB-156362A2F239}""},{""@Name"":""param5"",""#text"":""{316CDED5-E4AE-4B15-9113-7055D84DCC97}""},{""@Name"":""param6"",""#text"":""DESKTOP-887GK2L""},{""@Name"":""param7"",""#text"":""CyberJunkie""},{""@Name"":""param8"",""#text"":""S-1-5-21-3393683511-3463148672-371912004-1001""},{""@Name"":""param9"",""#text"":""LocalHost (Using LRPC)""},{""@Name"":""param10"",""#text"":""Microsoft.Windows.ShellExperienceHost_10.0.19041.1023_neutral_neutral_cw5n1h2txyewy""},{""@Name"":""param11"",""#text"":""S-1-15-2-155514346-2573954481-755741238-1654018636-1233331829-3075935687-2861478708""}]}}"
936,936,2023-03-10 02:23:44.8022633,32,Info,e1i65x64,System,4,260,DESKTOP-887GK2L,7,,,,,,,,,,,,False,C:\Users\turan\Desktop\defense-work-evtx-files\System.evtx,0x80000000000000,0,"{""EventData"":{""Data"":""Intel(R) 82574L Gigabit Network Connection"",""Binary"":""00-00-04-00-02-00-30-00-00-00-00-00-20-00-04-60-00-00-00-00-00-00-00-00-00-00-00-00-00-00-00-00-00-00-00-00-00-00-00-00-20-00-04-60""}}"
937,937,2023-03-10 02:23:46.0962664,134,Warning,Microsoft-Windows-Time-Service,System,964,1320,DESKTOP-887GK2L,7,S-1-5-19,,,,,,,,,,,False,C:\Users\turan\Desktop\defense-work-evtx-files\System.evtx,Classic,0,"{""EventData"":{""@Name"":""TMP_EVENT_MANUAL_PEER_DNS_ERROR"",""Data"":[{""@Name"":""ErrorMessage"",""#text"":""No such host is known. (0x80072AF9)""},{""@Name"":""RetryMinutes"",""#text"":""15""},{""@Name"":""DomainPeer"",""#text"":""time.windows.com,0x9""}]}}"
938,938,2023-03-10 02:23:48.1003646,134,Warning,Microsoft-Windows-Time-Service,System,964,1612,DESKTOP-887GK2L,7,S-1-5-19,,,,,,,,,,,False,C:\Users\turan\Desktop\defense-work-evtx-files\System.evtx,Classic,0,"{""EventData"":{""@Name"":""TMP_EVENT_MANUAL_PEER_DNS_ERROR"",""Data"":[{""@Name"":""ErrorMessage"",""#text"":""No such host is known. (0x80072AF9)""},{""@Name"":""RetryMinutes"",""#text"":""15""},{""@Name"":""DomainPeer"",""#text"":""time.windows.com,0x9""}]}}"
939,939,2023-03-10 02:24:39.8967450,27,Warning,e1i65x64,System,4,4384,DESKTOP-887GK2L,7,,,,,,,,,,,,False,C:\Users\turan\Desktop\defense-work-evtx-files\System.evtx,0x80000000000000,0,"{""EventData"":{""Data"":""Intel(R) 82574L Gigabit Network Connection"",""Binary"":""00-00-04-00-02-00-30-00-00-00-00-00-1B-00-04-A0-00-00-00-00-00-00-00-00-00-00-00-00-00-00-00-00-00-00-00-00-00-00-00-00-1B-00-04-A0""}}"
940,940,2023-03-10 02:24:39.9163387,134,Warning,Microsoft-Windows-Time-Service,System,964,1612,DESKTOP-887GK2L,7,S-1-5-19,,,,,,,,,,,False,C:\Users\turan\Desktop\defense-work-evtx-files\System.evtx,Classic,0,"{""EventData"":{""@Name"":""TMP_EVENT_MANUAL_PEER_DNS_ERROR"",""Data"":[{""@Name"":""ErrorMessage"",""#text"":""No such host is known. (0x80072AF9)""},{""@Name"":""RetryMinutes"",""#text"":""15""},{""@Name"":""DomainPeer"",""#text"":""time.windows.com,0x9""}]}}"
941,941,2023-03-10 02:24:41.4176722,134,Warning,Microsoft-Windows-Time-Service,System,964,5964,DESKTOP-887GK2L,7,S-1-5-19,,,,,,,,,,,False,C:\Users\turan\Desktop\defense-work-evtx-files\System.evtx,Classic,0,"{""EventData"":{""@Name"":""TMP_EVENT_MANUAL_PEER_DNS_ERROR"",""Data"":[{""@Name"":""ErrorMessage"",""#text"":""No such host is known. (0x80072AF9)""},{""@Name"":""RetryMinutes"",""#text"":""15""},{""@Name"":""DomainPeer"",""#text"":""time.windows.com,0x9""}]}}"
942,942,2023-03-10 02:24:47.0631064,32,Info,e1i65x64,System,4,4384,DESKTOP-887GK2L,7,,,,,,,,,,,,False,C:\Users\turan\Desktop\defense-work-evtx-files\System.evtx,0x80000000000000,0,"{""EventData"":{""Data"":""Intel(R) 82574L Gigabit Network Connection"",""Binary"":""00-00-04-00-02-00-30-00-00-00-00-00-20-00-04-60-00-00-00-00-00-00-00-00-00-00-00-00-00-00-00-00-00-00-00-00-00-00-00-00-20-00-04-60""}}"
943,943,2023-03-10 02:24:48.0983753,134,Warning,Microsoft-Windows-Time-Service,System,964,1320,DESKTOP-887GK2L,7,S-1-5-19,,,,,,,,,,,False,C:\Users\turan\Desktop\defense-work-evtx-files\System.evtx,Classic,0,"{""EventData"":{""@Name"":""TMP_EVENT_MANUAL_PEER_DNS_ERROR"",""Data"":[{""@Name"":""ErrorMessage"",""#text"":""No such host is known. (0x80072AF9)""},{""@Name"":""RetryMinutes"",""#text"":""15""},{""@Name"":""DomainPeer"",""#text"":""time.windows.com,0x9""}]}}"
944,944,2023-03-10 02:24:49.7719810,37,Info,Microsoft-Windows-Time-Service,System,964,1320,DESKTOP-887GK2L,7,S-1-5-19,Synchronizing system time from time service,,,ServerAddress: time.windows.com,"ServerIP: time.windows.com,0x9 (ntp.m|0x9|0.0.0.0:123-&gt;40.119.148.38:123)",,,,,,False,C:\Users\turan\Desktop\defense-work-evtx-files\System.evtx,Classic,0,"{""EventData"":{""@Name"":""TMP_EVENT_TIME_SOURCE_REACHABLE"",""Data"":{""@Name"":""TimeSource"",""#text"":""time.windows.com,0x9 (ntp.m|0x9|0.0.0.0:123-&gt;40.119.148.38:123)""}}}"
945,945,2023-03-10 02:24:49.7835316,35,Info,Microsoft-Windows-Time-Service,System,964,1612,DESKTOP-887GK2L,7,S-1-5-19,Synchronizing system time from time service,,,ServerAddress: time.windows.com,"ServerIP: time.windows.com,0x9 (ntp.m|0x9|0.0.0.0:123-&gt;40.119.148.38:123)",,,,,,False,C:\Users\turan\Desktop\defense-work-evtx-files\System.evtx,Classic,0,"{""EventData"":{""@Name"":""TMP_EVENT_TIME_SOURCE_CHOSEN"",""Data"":[{""@Name"":""TimeSource"",""#text"":""time.windows.com,0x9 (ntp.m|0x9|0.0.0.0:123-&gt;40.119.148.38:123)""},{""@Name"":""TimeSourceRefId"",""#text"":""647264040""},{""@Name"":""CurrentStratumNumber"",""#text"":""4""}]}}"
946,946,2023-03-10 02:24:52.0721043,16,Info,Microsoft-Windows-Kernel-General,System,8500,4372,DESKTOP-887GK2L,7,S-1-5-18,,,,,,,,,,,False,C:\Users\turan\Desktop\defense-work-evtx-files\System.evtx,Classic,0,"{""EventData"":{""Data"":[{""@Name"":""HiveNameLength"",""#text"":""106""},{""@Name"":""HiveName"",""#text"":""\\??\\C:\\Users\\CyberJunkie\\AppData\\Local\\Packages\\Microsoft.WindowsStore_8wekyb3d8bbwe\\Settings\\settings.dat""},{""@Name"":""KeysUpdated"",""#text"":""8""},{""@Name"":""DirtyPages"",""#text"":""1""}]}}"
947,947,2023-03-10 02:24:56.1177227,1014,Warning,Microsoft-Windows-DNS-Client,System,2148,1600,DESKTOP-887GK2L,7,S-1-5-20,,,,,,,,,,,False,C:\Users\turan\Desktop\defense-work-evtx-files\System.evtx,0x4000000010000000,0,"{""EventData"":{""Data"":[{""@Name"":""QueryName"",""#text"":""wpad""},{""@Name"":""AddressLength"",""#text"":""128""},{""@Name"":""Address"",""#text"":""02-00-00-00-AC-11-4F-02-00-00-00-00-00-00-00-00-00-00-00-00-00-00-00-00-00-00-00-00-00-00-00-00-00-00-00-00-00-00-00-00-00-00-00-00-00-00-00-00-00-00-00-00-00-00-00-00-00-00-00-00-00-00-00-00-00-00-00-00-00-00-00-00-00-00-00-00-00-00-00-00-00-00-00-00-00-00-00-00-00-00-00-00-00-00-00-00-00-00-00-00-00-00-00-00-00-00-00-00-00-00-00-00-00-00-00-00-00-00-00-00-00-00-00-00-00-00-00-00""}]}}"
948,948,2023-03-10 02:31:52.1414993,44,Info,Microsoft-Windows-WindowsUpdateClient,System,3820,8744,DESKTOP-887GK2L,7,S-1-5-18,,,,,,,,,,,False,C:\Users\turan\Desktop\defense-work-evtx-files\System.evtx,0x8000000000002004,0,"{""EventData"":{""Data"":[{""@Name"":""updateTitle"",""#text"":""Security Intelligence Update for Microsoft Defender Antivirus - KB2267602 (Version 1.383.1419.0)""},{""@Name"":""updateGuid"",""#text"":""867c53aa-906b-4332-9bbb-185e62a3e733""},{""@Name"":""updateRevisionNumber"",""#text"":""200""}]}}"
949,949,2023-03-10 02:31:52.1415011,43,Info,Microsoft-Windows-WindowsUpdateClient,System,3820,8744,DESKTOP-887GK2L,7,S-1-5-18,,,,,,,,,,,False,C:\Users\turan\Desktop\defense-work-evtx-files\System.evtx,0x8000000000002008,0,"{""EventData"":{""Data"":[{""@Name"":""updateTitle"",""#text"":""Security Intelligence Update for Microsoft Defender Antivirus - KB2267602 (Version 1.383.1419.0)""},{""@Name"":""updateGuid"",""#text"":""867c53aa-906b-4332-9bbb-185e62a3e733""},{""@Name"":""updateRevisionNumber"",""#text"":""200""}]}}"
950,950,2023-03-10 02:31:55.7612463,19,Info,Microsoft-Windows-WindowsUpdateClient,System,3820,8744,DESKTOP-887GK2L,7,S-1-5-18,,,,,,,,,,,False,C:\Users\turan\Desktop\defense-work-evtx-files\System.evtx,Installation,0,"{""EventData"":{""Data"":[{""@Name"":""updateTitle"",""#text"":""Security Intelligence Update for Microsoft Defender Antivirus - KB2267602 (Version 1.383.1419.0)""},{""@Name"":""updateGuid"",""#text"":""867c53aa-906b-4332-9bbb-185e62a3e733""},{""@Name"":""updateRevisionNumber"",""#text"":""200""},{""@Name"":""serviceGuid"",""#text"":""9482f4b4-e343-43b6-b170-9a65bc822c77""}]}}"
951,951,2023-03-10 02:32:04.9033369,10016,Warning,Microsoft-Windows-DistributedCOM,System,452,5312,DESKTOP-887GK2L,7,S-1-5-21-3393683511-3463148672-371912004-1001,,,,,,,,,,,False,C:\Users\turan\Desktop\defense-work-evtx-files\System.evtx,"Audit success, classic",0,"{""EventData"":{""Data"":[{""@Name"":""param1"",""#text"":""machine-default""},{""@Name"":""param2"",""#text"":""Local""},{""@Name"":""param3"",""#text"":""Activation""},{""@Name"":""param4"",""#text"":""{C2F03A33-21F5-47FA-B4BB-156362A2F239}""},{""@Name"":""param5"",""#text"":""{316CDED5-E4AE-4B15-9113-7055D84DCC97}""},{""@Name"":""param6"",""#text"":""DESKTOP-887GK2L""},{""@Name"":""param7"",""#text"":""CyberJunkie""},{""@Name"":""param8"",""#text"":""S-1-5-21-3393683511-3463148672-371912004-1001""},{""@Name"":""param9"",""#text"":""LocalHost (Using LRPC)""},{""@Name"":""param10"",""#text"":""Microsoft.Windows.ShellExperienceHost_10.0.19041.1023_neutral_neutral_cw5n1h2txyewy""},{""@Name"":""param11"",""#text"":""S-1-15-2-155514346-2573954481-755741238-1654018636-1233331829-3075935687-2861478708""}]}}"
952,952,2023-03-10 02:32:20.6248034,7045,Info,Service Control Manager,System,776,6984,DESKTOP-887GK2L,7,S-1-5-18,A new service was installed in the system,,,Name: iggdtqla,StartType: system start,"Account: ",,,,C:\Windows\system32\drivers\iggdtqla.sys,False,C:\Users\turan\Desktop\defense-work-evtx-files\System.evtx,"Audit success, classic",0,"{""EventData"":{""Data"":[{""@Name"":""ServiceName"",""#text"":""iggdtqla""},{""@Name"":""ImagePath"",""#text"":""C:\\Windows\\system32\\drivers\\iggdtqla.sys""},{""@Name"":""ServiceType"",""#text"":""kernel mode driver""},{""@Name"":""StartType"",""#text"":""system start""},{""@Name"":""AccountName""}]}}"
953,953,2023-03-10 02:32:20.6717862,10016,Warning,Microsoft-Windows-DistributedCOM,System,452,2332,DESKTOP-887GK2L,7,S-1-5-21-3393683511-3463148672-371912004-1001,,,,,,,,,,,False,C:\Users\turan\Desktop\defense-work-evtx-files\System.evtx,"Audit success, classic",0,"{""EventData"":{""Data"":[{""@Name"":""param1"",""#text"":""machine-default""},{""@Name"":""param2"",""#text"":""Local""},{""@Name"":""param3"",""#text"":""Activation""},{""@Name"":""param4"",""#text"":""{C2F03A33-21F5-47FA-B4BB-156362A2F239}""},{""@Name"":""param5"",""#text"":""{316CDED5-E4AE-4B15-9113-7055D84DCC97}""},{""@Name"":""param6"",""#text"":""DESKTOP-887GK2L""},{""@Name"":""param7"",""#text"":""CyberJunkie""},{""@Name"":""param8"",""#text"":""S-1-5-21-3393683511-3463148672-371912004-1001""},{""@Name"":""param9"",""#text"":""LocalHost (Using LRPC)""},{""@Name"":""param10"",""#text"":""Microsoft.Windows.ShellExperienceHost_10.0.19041.1023_neutral_neutral_cw5n1h2txyewy""},{""@Name"":""param11"",""#text"":""S-1-15-2-155514346-2573954481-755741238-1654018636-1233331829-3075935687-2861478708""}]}}"
954,954,2023-03-10 02:32:20.7103037,10016,Warning,Microsoft-Windows-DistributedCOM,System,452,2024,DESKTOP-887GK2L,7,S-1-5-21-3393683511-3463148672-371912004-1001,,,,,,,,,,,False,C:\Users\turan\Desktop\defense-work-evtx-files\System.evtx,"Audit success, classic",0,"{""EventData"":{""Data"":[{""@Name"":""param1"",""#text"":""machine-default""},{""@Name"":""param2"",""#text"":""Local""},{""@Name"":""param3"",""#text"":""Activation""},{""@Name"":""param4"",""#text"":""{C2F03A33-21F5-47FA-B4BB-156362A2F239}""},{""@Name"":""param5"",""#text"":""{316CDED5-E4AE-4B15-9113-7055D84DCC97}""},{""@Name"":""param6"",""#text"":""DESKTOP-887GK2L""},{""@Name"":""param7"",""#text"":""CyberJunkie""},{""@Name"":""param8"",""#text"":""S-1-5-21-3393683511-3463148672-371912004-1001""},{""@Name"":""param9"",""#text"":""LocalHost (Using LRPC)""},{""@Name"":""param10"",""#text"":""Microsoft.Windows.ShellExperienceHost_10.0.19041.1023_neutral_neutral_cw5n1h2txyewy""},{""@Name"":""param11"",""#text"":""S-1-15-2-155514346-2573954481-755741238-1654018636-1233331829-3075935687-2861478708""}]}}"
955,955,2023-03-10 02:32:33.5668560,7045,Info,Service Control Manager,System,776,6984,DESKTOP-887GK2L,7,S-1-5-18,A new service was installed in the system,,,Name: iwglfhqu,StartType: system start,"Account: ",,,,C:\Windows\system32\drivers\iwglfhqu.sys,False,C:\Users\turan\Desktop\defense-work-evtx-files\System.evtx,"Audit success, classic",0,"{""EventData"":{""Data"":[{""@Name"":""ServiceName"",""#text"":""iwglfhqu""},{""@Name"":""ImagePath"",""#text"":""C:\\Windows\\system32\\drivers\\iwglfhqu.sys""},{""@Name"":""ServiceType"",""#text"":""kernel mode driver""},{""@Name"":""StartType"",""#text"":""system start""},{""@Name"":""AccountName""}]}}"
956,956,2023-03-10 02:32:33.6138786,10016,Warning,Microsoft-Windows-DistributedCOM,System,452,2332,DESKTOP-887GK2L,7,S-1-5-21-3393683511-3463148672-371912004-1001,,,,,,,,,,,False,C:\Users\turan\Desktop\defense-work-evtx-files\System.evtx,"Audit success, classic",0,"{""EventData"":{""Data"":[{""@Name"":""param1"",""#text"":""machine-default""},{""@Name"":""param2"",""#text"":""Local""},{""@Name"":""param3"",""#text"":""Activation""},{""@Name"":""param4"",""#text"":""{C2F03A33-21F5-47FA-B4BB-156362A2F239}""},{""@Name"":""param5"",""#text"":""{316CDED5-E4AE-4B15-9113-7055D84DCC97}""},{""@Name"":""param6"",""#text"":""DESKTOP-887GK2L""},{""@Name"":""param7"",""#text"":""CyberJunkie""},{""@Name"":""param8"",""#text"":""S-1-5-21-3393683511-3463148672-371912004-1001""},{""@Name"":""param9"",""#text"":""LocalHost (Using LRPC)""},{""@Name"":""param10"",""#text"":""Microsoft.Windows.ShellExperienceHost_10.0.19041.1023_neutral_neutral_cw5n1h2txyewy""},{""@Name"":""param11"",""#text"":""S-1-15-2-155514346-2573954481-755741238-1654018636-1233331829-3075935687-2861478708""}]}}"
957,957,2023-03-10 02:32:45.6479640,7045,Info,Service Control Manager,System,776,6984,DESKTOP-887GK2L,7,S-1-5-18,A new service was installed in the system,,,Name: owkyxjoh,StartType: system start,"Account: ",,,,C:\Windows\system32\drivers\owkyxjoh.sys,False,C:\Users\turan\Desktop\defense-work-evtx-files\System.evtx,"Audit success, classic",0,"{""EventData"":{""Data"":[{""@Name"":""ServiceName"",""#text"":""owkyxjoh""},{""@Name"":""ImagePath"",""#text"":""C:\\Windows\\system32\\drivers\\owkyxjoh.sys""},{""@Name"":""ServiceType"",""#text"":""kernel mode driver""},{""@Name"":""StartType"",""#text"":""system start""},{""@Name"":""AccountName""}]}}"
