1625,1625,2023-03-23 08:23:08.8003600,6,Info,Microsoft-Windows-FilterManager,System,4,8,DESKTOP-887GK2L,13,S-1-5-18,,,,,,,,,,,False,C:\Users\turan\Desktop\defense-work-evtx-files\System.evtx,Classic,0,"{""EventData"":{""Data"":[{""@Name"":""FinalStatus"",""#text"":""0x0""},{""@Name"":""DeviceVersionMajor"",""#text"":""10""},{""@Name"":""DeviceVersionMinor"",""#text"":""0""},{""@Name"":""DeviceNameLength"",""#text"":""8""},{""@Name"":""DeviceName"",""#text"":""FileInfo""},{""@Name"":""DeviceTime"",""#text"":""2062-12-22 22:21:06.0000000""}]}}"
1626,1626,2023-03-23 08:23:08.8010467,6,Info,Microsoft-Windows-FilterManager,System,4,8,DESKTOP-887GK2L,13,S-1-5-18,,,,,,,,,,,False,C:\Users\turan\Desktop\defense-work-evtx-files\System.evtx,Classic,0,"{""EventData"":{""Data"":[{""@Name"":""FinalStatus"",""#text"":""0x0""},{""@Name"":""DeviceVersionMajor"",""#text"":""10""},{""@Name"":""DeviceVersionMinor"",""#text"":""0""},{""@Name"":""DeviceNameLength"",""#text"":""3""},{""@Name"":""DeviceName"",""#text"":""Wof""},{""@Name"":""DeviceTime"",""#text"":""2023-04-22 19:17:53.0000000""}]}}"
1627,1627,2023-03-23 08:23:08.8022063,6,Info,Microsoft-Windows-FilterManager,System,4,8,DESKTOP-887GK2L,13,S-1-5-18,,,,,,,,,,,False,C:\Users\turan\Desktop\defense-work-evtx-files\System.evtx,Classic,0,"{""EventData"":{""Data"":[{""@Name"":""FinalStatus"",""#text"":""0x0""},{""@Name"":""DeviceVersionMajor"",""#text"":""10""},{""@Name"":""DeviceVersionMinor"",""#text"":""0""},{""@Name"":""DeviceNameLength"",""#text"":""8""},{""@Name"":""DeviceName"",""#text"":""WdFilter""},{""@Name"":""DeviceTime"",""#text"":""2037-07-31 18:01:12.0000000""}]}}"
1628,1628,2023-03-23 08:23:08.9200874,98,Info,Microsoft-Windows-Ntfs,System,4,276,DESKTOP-887GK2L,13,S-1-5-18,,,,,,,,,,,False,C:\Users\turan\Desktop\defense-work-evtx-files\System.evtx,0x8000000000000002,0,"{""EventData"":{""Data"":[{""@Name"":""DriveName"",""#text"":""C:""},{""@Name"":""DeviceName"",""#text"":""\\Device\\HarddiskVolume3""},{""@Name"":""CorruptionActionState"",""#text"":""0""}]}}"
1629,1629,2023-03-23 08:23:09.0166202,6,Info,Microsoft-Windows-FilterManager,System,4,8,DESKTOP-887GK2L,13,S-1-5-18,,,,,,,,,,,False,C:\Users\turan\Desktop\defense-work-evtx-files\System.evtx,Classic,0,"{""EventData"":{""Data"":[{""@Name"":""FinalStatus"",""#text"":""0x0""},{""@Name"":""DeviceVersionMajor"",""#text"":""10""},{""@Name"":""DeviceVersionMinor"",""#text"":""0""},{""@Name"":""DeviceNameLength"",""#text"":""9""},{""@Name"":""DeviceName"",""#text"":""FileCrypt""},{""@Name"":""DeviceTime"",""#text"":""2002-03-01 04:12:42.0000000""}]}}"
1630,1630,2023-03-23 08:23:09.1813961,6,Info,Microsoft-Windows-FilterManager,System,4,8,DESKTOP-887GK2L,13,S-1-5-18,,,,,,,,,,,False,C:\Users\turan\Desktop\defense-work-evtx-files\System.evtx,Classic,0,"{""EventData"":{""Data"":[{""@Name"":""FinalStatus"",""#text"":""0x0""},{""@Name"":""DeviceVersionMajor"",""#text"":""10""},{""@Name"":""DeviceVersionMinor"",""#text"":""0""},{""@Name"":""DeviceNameLength"",""#text"":""9""},{""@Name"":""DeviceName"",""#text"":""npsvctrig""},{""@Name"":""DeviceTime"",""#text"":""2025-01-05 19:41:12.0000000""}]}}"
1631,1631,2023-03-23 08:23:09.2326387,172,Info,Microsoft-Windows-Kernel-Power,System,4,392,DESKTOP-887GK2L,13,S-1-5-18,,,,,,,,,,,False,C:\Users\turan\Desktop\defense-work-evtx-files\System.evtx,0x8000000000000404,0,"{""EventData"":{""Data"":[{""@Name"":""State"",""#text"":""2""},{""@Name"":""Reason"",""#text"":""6""}]}}"
1632,1632,2023-03-23 08:23:09.4737273,55,Info,Microsoft-Windows-Kernel-Processor-Power,System,4,232,DESKTOP-887GK2L,13,S-1-5-18,,,,,,,,,,,False,C:\Users\turan\Desktop\defense-work-evtx-files\System.evtx,Classic,0,"{""EventData"":{""Data"":[{""@Name"":""Group"",""#text"":""0""},{""@Name"":""Number"",""#text"":""0""},{""@Name"":""IdleStateCount"",""#text"":""1""},{""@Name"":""IdleImplementation"",""#text"":""1""},{""@Name"":""NominalFrequency"",""#text"":""3693""},{""@Name"":""MaximumPerformancePercent"",""#text"":""100""},{""@Name"":""MinimumPerformancePercent"",""#text"":""100""},{""@Name"":""MinimumThrottlePercent"",""#text"":""100""},{""@Name"":""PerformanceImplementation"",""#text"":""0""}]}}"
1633,1633,2023-03-23 08:23:09.4746228,55,Info,Microsoft-Windows-Kernel-Processor-Power,System,4,232,DESKTOP-887GK2L,13,S-1-5-18,,,,,,,,,,,False,C:\Users\turan\Desktop\defense-work-evtx-files\System.evtx,Classic,0,"{""EventData"":{""Data"":[{""@Name"":""Group"",""#text"":""0""},{""@Name"":""Number"",""#text"":""1""},{""@Name"":""IdleStateCount"",""#text"":""1""},{""@Name"":""IdleImplementation"",""#text"":""1""},{""@Name"":""NominalFrequency"",""#text"":""3693""},{""@Name"":""MaximumPerformancePercent"",""#text"":""100""},{""@Name"":""MinimumPerformancePercent"",""#text"":""100""},{""@Name"":""MinimumThrottlePercent"",""#text"":""100""},{""@Name"":""PerformanceImplementation"",""#text"":""0""}]}}"
1634,1634,2023-03-23 08:23:09.4754005,55,Info,Microsoft-Windows-Kernel-Processor-Power,System,4,232,DESKTOP-887GK2L,13,S-1-5-18,,,,,,,,,,,False,C:\Users\turan\Desktop\defense-work-evtx-files\System.evtx,Classic,0,"{""EventData"":{""Data"":[{""@Name"":""Group"",""#text"":""0""},{""@Name"":""Number"",""#text"":""2""},{""@Name"":""IdleStateCount"",""#text"":""1""},{""@Name"":""IdleImplementation"",""#text"":""1""},{""@Name"":""NominalFrequency"",""#text"":""3693""},{""@Name"":""MaximumPerformancePercent"",""#text"":""100""},{""@Name"":""MinimumPerformancePercent"",""#text"":""100""},{""@Name"":""MinimumThrottlePercent"",""#text"":""100""},{""@Name"":""PerformanceImplementation"",""#text"":""0""}]}}"
1635,1635,2023-03-23 08:23:09.4760235,55,Info,Microsoft-Windows-Kernel-Processor-Power,System,4,232,DESKTOP-887GK2L,13,S-1-5-18,,,,,,,,,,,False,C:\Users\turan\Desktop\defense-work-evtx-files\System.evtx,Classic,0,"{""EventData"":{""Data"":[{""@Name"":""Group"",""#text"":""0""},{""@Name"":""Number"",""#text"":""3""},{""@Name"":""IdleStateCount"",""#text"":""1""},{""@Name"":""IdleImplementation"",""#text"":""1""},{""@Name"":""NominalFrequency"",""#text"":""3693""},{""@Name"":""MaximumPerformancePercent"",""#text"":""100""},{""@Name"":""MinimumPerformancePercent"",""#text"":""100""},{""@Name"":""MinimumThrottlePercent"",""#text"":""100""},{""@Name"":""PerformanceImplementation"",""#text"":""0""}]}}"
1636,1636,2023-03-23 08:23:09.4766051,55,Info,Microsoft-Windows-Kernel-Processor-Power,System,4,232,DESKTOP-887GK2L,13,S-1-5-18,,,,,,,,,,,False,C:\Users\turan\Desktop\defense-work-evtx-files\System.evtx,Classic,0,"{""EventData"":{""Data"":[{""@Name"":""Group"",""#text"":""0""},{""@Name"":""Number"",""#text"":""4""},{""@Name"":""IdleStateCount"",""#text"":""1""},{""@Name"":""IdleImplementation"",""#text"":""1""},{""@Name"":""NominalFrequency"",""#text"":""3693""},{""@Name"":""MaximumPerformancePercent"",""#text"":""100""},{""@Name"":""MinimumPerformancePercent"",""#text"":""100""},{""@Name"":""MinimumThrottlePercent"",""#text"":""100""},{""@Name"":""PerformanceImplementation"",""#text"":""0""}]}}"
1637,1637,2023-03-23 08:23:09.4772654,55,Info,Microsoft-Windows-Kernel-Processor-Power,System,4,232,DESKTOP-887GK2L,13,S-1-5-18,,,,,,,,,,,False,C:\Users\turan\Desktop\defense-work-evtx-files\System.evtx,Classic,0,"{""EventData"":{""Data"":[{""@Name"":""Group"",""#text"":""0""},{""@Name"":""Number"",""#text"":""5""},{""@Name"":""IdleStateCount"",""#text"":""1""},{""@Name"":""IdleImplementation"",""#text"":""1""},{""@Name"":""NominalFrequency"",""#text"":""3693""},{""@Name"":""MaximumPerformancePercent"",""#text"":""100""},{""@Name"":""MinimumPerformancePercent"",""#text"":""100""},{""@Name"":""MinimumThrottlePercent"",""#text"":""100""},{""@Name"":""PerformanceImplementation"",""#text"":""0""}]}}"
1638,1638,2023-03-23 08:23:09.4779047,55,Info,Microsoft-Windows-Kernel-Processor-Power,System,4,232,DESKTOP-887GK2L,13,S-1-5-18,,,,,,,,,,,False,C:\Users\turan\Desktop\defense-work-evtx-files\System.evtx,Classic,0,"{""EventData"":{""Data"":[{""@Name"":""Group"",""#text"":""0""},{""@Name"":""Number"",""#text"":""6""},{""@Name"":""IdleStateCount"",""#text"":""1""},{""@Name"":""IdleImplementation"",""#text"":""1""},{""@Name"":""NominalFrequency"",""#text"":""3693""},{""@Name"":""MaximumPerformancePercent"",""#text"":""100""},{""@Name"":""MinimumPerformancePercent"",""#text"":""100""},{""@Name"":""MinimumThrottlePercent"",""#text"":""100""},{""@Name"":""PerformanceImplementation"",""#text"":""0""}]}}"
1639,1639,2023-03-23 08:23:09.4785301,55,Info,Microsoft-Windows-Kernel-Processor-Power,System,4,232,DESKTOP-887GK2L,13,S-1-5-18,,,,,,,,,,,False,C:\Users\turan\Desktop\defense-work-evtx-files\System.evtx,Classic,0,"{""EventData"":{""Data"":[{""@Name"":""Group"",""#text"":""0""},{""@Name"":""Number"",""#text"":""7""},{""@Name"":""IdleStateCount"",""#text"":""1""},{""@Name"":""IdleImplementation"",""#text"":""1""},{""@Name"":""NominalFrequency"",""#text"":""3693""},{""@Name"":""MaximumPerformancePercent"",""#text"":""100""},{""@Name"":""MinimumPerformancePercent"",""#text"":""100""},{""@Name"":""MinimumThrottlePercent"",""#text"":""100""},{""@Name"":""PerformanceImplementation"",""#text"":""0""}]}}"
1640,1640,2023-03-23 08:23:09.5711390,98,Info,Microsoft-Windows-Ntfs,System,4,380,DESKTOP-887GK2L,13,S-1-5-18,,,,,,,,,,,False,C:\Users\turan\Desktop\defense-work-evtx-files\System.evtx,0x8000000000000002,0,"{""EventData"":{""Data"":[{""@Name"":""DriveName"",""#text"":""\\\\?\\Volume{3e1ae928-61ee-4947-af5a-9cabbd50feef}""},{""@Name"":""DeviceName"",""#text"":""\\Device\\HarddiskVolume4""},{""@Name"":""CorruptionActionState"",""#text"":""0""}]}}"
1641,1641,2023-03-23 08:23:09.7463217,32,Info,e1i65x64,System,4,388,DESKTOP-887GK2L,13,,,,,,,,,,,,False,C:\Users\turan\Desktop\defense-work-evtx-files\System.evtx,0x80000000000000,0,"{""EventData"":{""Data"":""Intel(R) 82574L Gigabit Network Connection"",""Binary"":""00-00-04-00-02-00-30-00-00-00-00-00-20-00-04-60-00-00-00-00-00-00-00-00-00-00-00-00-00-00-00-00-00-00-00-00-00-00-00-00-20-00-04-60""}}"
1642,1642,2023-03-23 08:23:09.9786678,24,Info,Microsoft-Windows-Kernel-General,System,140,504,DESKTOP-887GK2L,13,S-1-5-18,,,,,,,,,,,False,C:\Users\turan\Desktop\defense-work-evtx-files\System.evtx,Time,0,"{""EventData"":{""Data"":[{""@Name"":""ExitReason"",""#text"":""0""},{""@Name"":""CurrentBias"",""#text"":""420""},{""@Name"":""CurrentTimeZoneID"",""#text"":""2""},{""@Name"":""TimeZoneInfoCacheUpdated"",""#text"":""0""},{""@Name"":""FirstRefresh"",""#text"":""0""}]}}"
1643,1643,2023-03-23 08:23:10.3547337,14,Info,Microsoft-Windows-Wininit,System,616,620,DESKTOP-887GK2L,13,S-1-5-18,,,,,,,,,,,False,C:\Users\turan\Desktop\defense-work-evtx-files\System.evtx,0x4000000000000000,0,"{""EventData"":{""Data"":[{""@Name"":""Config"",""#text"":""0""},{""@Name"":""IsTestConfig"",""#text"":""0""}]}}"
1644,1644,2023-03-23 08:23:10.5761533,16962,Info,Microsoft-Windows-Directory-Services-SAM,System,780,784,DESKTOP-887GK2L,13,S-1-5-18,,,,,,,,,,,False,C:\Users\turan\Desktop\defense-work-evtx-files\System.evtx,Classic,0,"{""EventData"":{""@Name"":""SAMMSG_RESTRICT_REMOTE_SAM_DEFAULT_SD"",""Data"":{""@Name"":""Default SD String:"",""#text"":""O:SYG:SYD:(A;;RC;;;BA)""}}}"
1645,1645,2023-03-23 08:23:10.5858554,16977,Info,Microsoft-Windows-Directory-Services-SAM,System,780,784,DESKTOP-887GK2L,14,S-1-5-18,,,,,,,,,,,False,C:\Users\turan\Desktop\defense-work-evtx-files\System.evtx,Classic,0,"{""EventData"":{""@Name"":""SAMMSG_MINPWDLEN_SETTINGS_IN_EFFECT"",""Data"":[{""@Name"":""MinimumPasswordLength"",""#text"":""0""},{""@Name"":""RelaxMinimumPasswordLengthLimits"",""#text"":""0""},{""@Name"":""MinimumPasswordLengthAudit"",""#text"":""-1""}]}}"
1646,1646,2023-03-23 08:23:10.5858594,16983,Info,Microsoft-Windows-Directory-Services-SAM,System,780,784,DESKTOP-887GK2L,14,S-1-5-18,,,,,,,,,,,False,C:\Users\turan\Desktop\defense-work-evtx-files\System.evtx,Classic,0,"{""EventData"":{""@Name"":""SAMMSG_AUDIT_LEGACY_PWD_RPC_METHODS_OFF""}}"
1647,1647,2023-03-23 08:23:11.0111896,6,Info,Microsoft-Windows-FilterManager,System,4,148,DESKTOP-887GK2L,14,S-1-5-18,,,,,,,,,,,False,C:\Users\turan\Desktop\defense-work-evtx-files\System.evtx,Classic,0,"{""EventData"":{""Data"":[{""@Name"":""FinalStatus"",""#text"":""0x0""},{""@Name"":""DeviceVersionMajor"",""#text"":""10""},{""@Name"":""DeviceVersionMinor"",""#text"":""0""},{""@Name"":""DeviceNameLength"",""#text"":""5""},{""@Name"":""DeviceName"",""#text"":""wcifs""},{""@Name"":""DeviceTime"",""#text"":""2084-01-02 01:25:46.0000000""}]}}"
1648,1648,2023-03-23 08:23:11.0358577,6,Info,Microsoft-Windows-FilterManager,System,4,384,DESKTOP-887GK2L,14,S-1-5-18,,,,,,,,,,,False,C:\Users\turan\Desktop\defense-work-evtx-files\System.evtx,Classic,0,"{""EventData"":{""Data"":[{""@Name"":""FinalStatus"",""#text"":""0x0""},{""@Name"":""DeviceVersionMajor"",""#text"":""10""},{""@Name"":""DeviceVersionMinor"",""#text"":""0""},{""@Name"":""DeviceNameLength"",""#text"":""5""},{""@Name"":""DeviceName"",""#text"":""luafv""},{""@Name"":""DeviceTime"",""#text"":""1986-08-13 13:58:59.0000000""}]}}"
1649,1649,2023-03-23 08:23:11.0537725,6,Info,Microsoft-Windows-FilterManager,System,4,384,DESKTOP-887GK2L,14,S-1-5-18,,,,,,,,,,,False,C:\Users\turan\Desktop\defense-work-evtx-files\System.evtx,Classic,0,"{""EventData"":{""Data"":[{""@Name"":""FinalStatus"",""#text"":""0x0""},{""@Name"":""DeviceVersionMajor"",""#text"":""10""},{""@Name"":""DeviceVersionMinor"",""#text"":""0""},{""@Name"":""DeviceNameLength"",""#text"":""6""},{""@Name"":""DeviceName"",""#text"":""CldFlt""},{""@Name"":""DeviceTime"",""#text"":""2072-04-19 10:54:12.0000000""}]}}"
1650,1650,2023-03-23 08:23:11.0537999,1,Info,Microsoft-Windows-FilterManager,System,4,384,DESKTOP-887GK2L,14,S-1-5-18,,,,,,,,,,,False,C:\Users\turan\Desktop\defense-work-evtx-files\System.evtx,Classic,0,"{""EventData"":{""Data"":[{""@Name"":""FinalStatus"",""#text"":""0x0""},{""@Name"":""DeviceVersionMajor"",""#text"":""10""},{""@Name"":""DeviceVersionMinor"",""#text"":""0""},{""@Name"":""DeviceNameLength"",""#text"":""6""},{""@Name"":""DeviceName"",""#text"":""CldFlt""},{""@Name"":""DeviceTime"",""#text"":""2072-04-19 10:54:12.0000000""}]}}"
1651,1651,2023-03-23 08:23:11.0538417,6,Info,Microsoft-Windows-FilterManager,System,4,384,DESKTOP-887GK2L,14,S-1-5-18,,,,,,,,,,,False,C:\Users\turan\Desktop\defense-work-evtx-files\System.evtx,Classic,0,"{""EventData"":{""Data"":[{""@Name"":""FinalStatus"",""#text"":""0x0""},{""@Name"":""DeviceVersionMajor"",""#text"":""10""},{""@Name"":""DeviceVersionMinor"",""#text"":""0""},{""@Name"":""DeviceNameLength"",""#text"":""6""},{""@Name"":""DeviceName"",""#text"":""CldFlt""},{""@Name"":""DeviceTime"",""#text"":""2072-04-19 10:54:12.0000000""}]}}"
1652,1652,2023-03-23 08:23:11.0596264,6,Info,Microsoft-Windows-FilterManager,System,4,384,DESKTOP-887GK2L,14,S-1-5-18,,,,,,,,,,,False,C:\Users\turan\Desktop\defense-work-evtx-files\System.evtx,Classic,0,"{""EventData"":{""Data"":[{""@Name"":""FinalStatus"",""#text"":""0x0""},{""@Name"":""DeviceVersionMajor"",""#text"":""10""},{""@Name"":""DeviceVersionMinor"",""#text"":""0""},{""@Name"":""DeviceNameLength"",""#text"":""10""},{""@Name"":""DeviceName"",""#text"":""storqosflt""},{""@Name"":""DeviceTime"",""#text"":""2007-04-09 11:08:30.0000000""}]}}"
1653,1653,2023-03-23 08:23:11.0649068,6,Info,Microsoft-Windows-FilterManager,System,4,384,DESKTOP-887GK2L,14,S-1-5-18,,,,,,,,,,,False,C:\Users\turan\Desktop\defense-work-evtx-files\System.evtx,Classic,0,"{""EventData"":{""Data"":[{""@Name"":""FinalStatus"",""#text"":""0x0""},{""@Name"":""DeviceVersionMajor"",""#text"":""10""},{""@Name"":""DeviceVersionMinor"",""#text"":""0""},{""@Name"":""DeviceNameLength"",""#text"":""7""},{""@Name"":""DeviceName"",""#text"":""bindflt""},{""@Name"":""DeviceTime"",""#text"":""2005-08-08 13:17:00.0000000""}]}}"
1654,1654,2023-03-23 08:23:11.0907847,50036,Info,Microsoft-Windows-Dhcp-Client,System,1372,1520,DESKTOP-887GK2L,14,S-1-5-19,,,,,,,,,,,False,C:\Users\turan\Desktop\defense-work-evtx-files\System.evtx,0x2000000000000000,0,"{""EventData"":""""}"
1655,1655,2023-03-23 08:23:11.0909505,50103,Info,Microsoft-Windows-Dhcp-Client,System,1372,1520,DESKTOP-887GK2L,14,S-1-5-19,,,,,,,,,,,False,C:\Users\turan\Desktop\defense-work-evtx-files\System.evtx,0x2000000000000000,0,"{""EventData"":""""}"
1656,1656,2023-03-23 08:23:11.1081863,51046,Info,Microsoft-Windows-DHCPv6-Client,System,1372,1628,DESKTOP-887GK2L,14,S-1-5-19,,,,,,,,,,,False,C:\Users\turan\Desktop\defense-work-evtx-files\System.evtx,0x2000000000000000,0,"{""EventData"":""""}"
1657,1657,2023-03-23 08:23:11.8627420,7026,Info,Service Control Manager,System,724,728,DESKTOP-887GK2L,14,,,,,,,,,,,,False,C:\Users\turan\Desktop\defense-work-evtx-files\System.evtx,"Audit success, classic",0,"{""EventData"":{""Data"":{""@Name"":""param1"",""#text"":"", dam""}}}"
1658,1658,2023-03-23 08:23:14.6404528,15008,Info,Microsoft-Windows-HttpEvent,System,4,508,DESKTOP-887GK2L,14,,,,,,,,,,,,False,C:\Users\turan\Desktop\defense-work-evtx-files\System.evtx,0x80000000000000,0,"{""EventData"":{""Data"":[{""@Name"":""DeviceObject""},{""@Name"":""Url"",""#text"":""https://+:3392/rdp/""}]}}"
1659,1659,2023-03-23 08:23:14.6404528,15008,Info,Microsoft-Windows-HttpEvent,System,4,508,DESKTOP-887GK2L,14,,,,,,,,,,,,False,C:\Users\turan\Desktop\defense-work-evtx-files\System.evtx,0x80000000000000,0,"{""EventData"":{""Data"":[{""@Name"":""DeviceObject""},{""@Name"":""Url"",""#text"":""http://+:3387/rdp/""}]}}"
1660,1660,2023-03-23 08:23:16.7969450,15007,Info,Microsoft-Windows-HttpEvent,System,4,3504,DESKTOP-887GK2L,14,,,,,,,,,,,,False,C:\Users\turan\Desktop\defense-work-evtx-files\System.evtx,0x80000000000000,0,"{""EventData"":{""Data"":[{""@Name"":""DeviceObject""},{""@Name"":""Url"",""#text"":""https://+:3392/rdp/""}]}}"
1661,1661,2023-03-23 08:23:16.7969450,15007,Info,Microsoft-Windows-HttpEvent,System,4,3504,DESKTOP-887GK2L,14,,,,,,,,,,,,False,C:\Users\turan\Desktop\defense-work-evtx-files\System.evtx,0x80000000000000,0,"{""EventData"":{""Data"":[{""@Name"":""DeviceObject""},{""@Name"":""Url"",""#text"":""http://+:3387/rdp/""}]}}"
1662,1662,2023-03-23 08:23:20.1717985,1014,Warning,Microsoft-Windows-DNS-Client,System,1792,4212,DESKTOP-887GK2L,14,S-1-5-20,,,,,,,,,,,False,C:\Users\turan\Desktop\defense-work-evtx-files\System.evtx,0x4000000010000000,0,"{""EventData"":{""Data"":[{""@Name"":""QueryName"",""#text"":""wpad""},{""@Name"":""AddressLength"",""#text"":""128""},{""@Name"":""Address"",""#text"":""02-00-00-00-AC-11-4F-02-00-00-00-00-00-00-00-00-00-00-00-00-00-00-00-00-00-00-00-00-00-00-00-00-00-00-00-00-00-00-00-00-00-00-00-00-00-00-00-00-00-00-00-00-00-00-00-00-00-00-00-00-00-00-00-00-00-00-00-00-00-00-00-00-00-00-00-00-00-00-00-00-00-00-00-00-00-00-00-00-00-00-00-00-00-00-00-00-00-00-00-00-00-00-00-00-00-00-00-00-00-00-00-00-00-00-00-00-00-00-00-00-00-00-00-00-00-00-00-00""}]}}"
1663,1663,2023-03-23 08:23:22.8750395,7040,Info,Service Control Manager,System,724,844,DESKTOP-887GK2L,14,S-1-5-18,Start type of a service has changed,,,The start type of the Windows Modules Installer was changed from auto start to demand start,,,,,,TrustedInstaller,False,C:\Users\turan\Desktop\defense-work-evtx-files\System.evtx,"Audit success, classic",0,"{""EventData"":{""Data"":[{""@Name"":""param1"",""#text"":""Windows Modules Installer""},{""@Name"":""param2"",""#text"":""auto start""},{""@Name"":""param3"",""#text"":""demand start""},{""@Name"":""param4"",""#text"":""TrustedInstaller""}]}}"
1664,1664,2023-03-23 08:23:28.3619250,19,Info,Microsoft-Windows-WindowsUpdateClient,System,4824,5600,DESKTOP-887GK2L,14,S-1-5-18,,,,,,,,,,,False,C:\Users\turan\Desktop\defense-work-evtx-files\System.evtx,Installation,0,"{""EventData"":{""Data"":[{""@Name"":""updateTitle"",""#text"":""2023-03 Cumulative Update for Windows 10 Version 21H2 for x64-based Systems (KB5023696)""},{""@Name"":""updateGuid"",""#text"":""a07eb3ff-f5fb-4d66-9f6f-fab5b7ccbf92""},{""@Name"":""updateRevisionNumber"",""#text"":""1""},{""@Name"":""serviceGuid"",""#text"":""8b24b027-1dee-babb-9a95-3517dfb9c552""}]}}"
1665,1665,2023-03-23 08:23:33.2813975,7040,Info,Service Control Manager,System,724,4076,DESKTOP-887GK2L,14,S-1-5-18,Start type of a service has changed,,,The start type of the Background Intelligent Transfer Service was changed from demand start to auto start,,,,,,BITS,False,C:\Users\turan\Desktop\defense-work-evtx-files\System.evtx,"Audit success, classic",0,"{""EventData"":{""Data"":[{""@Name"":""param1"",""#text"":""Background Intelligent Transfer Service""},{""@Name"":""param2"",""#text"":""demand start""},{""@Name"":""param3"",""#text"":""auto start""},{""@Name"":""param4"",""#text"":""BITS""}]}}"
1666,1666,2023-03-23 08:23:50.6530611,44,Info,Microsoft-Windows-WindowsUpdateClient,System,4824,5160,DESKTOP-887GK2L,14,S-1-5-18,,,,,,,,,,,False,C:\Users\turan\Desktop\defense-work-evtx-files\System.evtx,0x8000000000002004,0,"{""EventData"":{""Data"":[{""@Name"":""updateTitle"",""#text"":""Security Intelligence Update for Microsoft Defender Antivirus - KB2267602 (Version 1.385.865.0)""},{""@Name"":""updateGuid"",""#text"":""28781344-4c15-4dd1-9c36-23886b945ee7""},{""@Name"":""updateRevisionNumber"",""#text"":""200""}]}}"
1667,1667,2023-03-23 08:23:50.6530631,43,Info,Microsoft-Windows-WindowsUpdateClient,System,4824,5160,DESKTOP-887GK2L,14,S-1-5-18,,,,,,,,,,,False,C:\Users\turan\Desktop\defense-work-evtx-files\System.evtx,0x8000000000002008,0,"{""EventData"":{""Data"":[{""@Name"":""updateTitle"",""#text"":""Security Intelligence Update for Microsoft Defender Antivirus - KB2267602 (Version 1.385.865.0)""},{""@Name"":""updateGuid"",""#text"":""28781344-4c15-4dd1-9c36-23886b945ee7""},{""@Name"":""updateRevisionNumber"",""#text"":""200""}]}}"
1668,1668,2023-03-23 08:23:54.2092596,19,Info,Microsoft-Windows-WindowsUpdateClient,System,4824,5160,DESKTOP-887GK2L,14,S-1-5-18,,,,,,,,,,,False,C:\Users\turan\Desktop\defense-work-evtx-files\System.evtx,Installation,0,"{""EventData"":{""Data"":[{""@Name"":""updateTitle"",""#text"":""Security Intelligence Update for Microsoft Defender Antivirus - KB2267602 (Version 1.385.865.0)""},{""@Name"":""updateGuid"",""#text"":""28781344-4c15-4dd1-9c36-23886b945ee7""},{""@Name"":""updateRevisionNumber"",""#text"":""200""},{""@Name"":""serviceGuid"",""#text"":""9482f4b4-e343-43b6-b170-9a65bc822c77""}]}}"
1669,1669,2023-03-23 08:25:12.9375389,10016,Warning,Microsoft-Windows-DistributedCOM,System,456,480,DESKTOP-887GK2L,14,S-1-5-18,,,,,,,,,,,False,C:\Users\turan\Desktop\defense-work-evtx-files\System.evtx,"Audit success, classic",0,"{""EventData"":{""Data"":[{""@Name"":""param1"",""#text"":""application-specific""},{""@Name"":""param2"",""#text"":""Local""},{""@Name"":""param3"",""#text"":""Launch""},{""@Name"":""param4"",""#text"":""Windows.SecurityCenter.WscDataProtection""},{""@Name"":""param5"",""#text"":""Unavailable""},{""@Name"":""param6"",""#text"":""NT AUTHORITY""},{""@Name"":""param7"",""#text"":""SYSTEM""},{""@Name"":""param8"",""#text"":""S-1-5-18""},{""@Name"":""param9"",""#text"":""LocalHost (Using LRPC)""},{""@Name"":""param10"",""#text"":""Unavailable""},{""@Name"":""param11"",""#text"":""Unavailable""}]}}"
1670,1670,2023-03-23 08:25:14.4846827,37,Info,Microsoft-Windows-Time-Service,System,1604,5288,DESKTOP-887GK2L,14,S-1-5-19,Synchronizing system time from time service,,,ServerAddress: time.windows.com,"ServerIP: time.windows.com,0x9 (ntp.m|0x9|0.0.0.0:123-&gt;40.119.148.38:123)",,,,,,False,C:\Users\turan\Desktop\defense-work-evtx-files\System.evtx,Classic,0,"{""EventData"":{""@Name"":""TMP_EVENT_TIME_SOURCE_REACHABLE"",""Data"":{""@Name"":""TimeSource"",""#text"":""time.windows.com,0x9 (ntp.m|0x9|0.0.0.0:123-&gt;40.119.148.38:123)""}}}"
1671,1671,2023-03-23 08:25:28.8283077,35,Info,Microsoft-Windows-Time-Service,System,1604,5220,DESKTOP-887GK2L,14,S-1-5-19,Synchronizing system time from time service,,,ServerAddress: time.windows.com,"ServerIP: time.windows.com,0x9 (ntp.m|0x9|0.0.0.0:123-&gt;40.119.148.38:123)",,,,,,False,C:\Users\turan\Desktop\defense-work-evtx-files\System.evtx,Classic,0,"{""EventData"":{""@Name"":""TMP_EVENT_TIME_SOURCE_CHOSEN"",""Data"":[{""@Name"":""TimeSource"",""#text"":""time.windows.com,0x9 (ntp.m|0x9|0.0.0.0:123-&gt;40.119.148.38:123)""},{""@Name"":""TimeSourceRefId"",""#text"":""647264040""},{""@Name"":""CurrentStratumNumber"",""#text"":""4""}]}}"
1672,1672,2023-03-23 08:25:38.2721650,7001,Info,Microsoft-Windows-Winlogon,System,716,924,DESKTOP-887GK2L,14,S-1-5-18,User logon,,,UserSID: S-1-5-21-3393683511-3463148672-371912004-1001,,,,,,,False,C:\Users\turan\Desktop\defense-work-evtx-files\System.evtx,0x2000200000000000,0,"{""EventData"":{""Data"":[{""@Name"":""TSId"",""#text"":""1""},{""@Name"":""UserSid"",""#text"":""S-1-5-21-3393683511-3463148672-371912004-1001""}]}}"
1673,1673,2023-03-23 08:26:49.4671259,4107,Info,Display,System,0,0,DESKTOP-887GK2L,14,,,,,,,,,,,,False,C:\Users\turan\Desktop\defense-work-evtx-files\System.evtx,0x80000000000000,0,"{""EventData"":{""Data"":"""",""Binary"":""""}}"
1674,1674,2023-03-23 08:27:02.7496013,129,Warning,stornvme,System,4,3004,DESKTOP-887GK2L,14,,,,,,,,,,,,False,C:\Users\turan\Desktop\defense-work-evtx-files\System.evtx,0x80000000000000,0,"{""EventData"":{""Data"":""\\Device\\RaidPort1"",""Binary"":""0F-00-18-00-01-00-00-00-00-00-00-00-81-00-04-80-01-00-00-00-00-00-00-00-00-00-00-00-00-00-00-00-00-00-00-00-00-00-00-00-00-00-00-00-00-00-00-00-00-00-00-00-81-00-04-80-00-00-00-00-00-00-00-00""}}"
1675,1675,2023-03-23 08:33:39.5956610,7040,Info,Service Control Manager,System,724,4036,DESKTOP-887GK2L,14,S-1-5-18,Start type of a service has changed,,,The start type of the Background Intelligent Transfer Service was changed from auto start to demand start,,,,,,BITS,False,C:\Users\turan\Desktop\defense-work-evtx-files\System.evtx,"Audit success, classic",0,"{""EventData"":{""Data"":[{""@Name"":""param1"",""#text"":""Background Intelligent Transfer Service""},{""@Name"":""param2"",""#text"":""auto start""},{""@Name"":""param3"",""#text"":""demand start""},{""@Name"":""param4"",""#text"":""BITS""}]}}"
1676,1676,2023-03-23 08:33:47.2434131,16,Info,Microsoft-Windows-Kernel-General,System,8696,4752,DESKTOP-887GK2L,14,S-1-5-18,,,,,,,,,,,False,C:\Users\turan\Desktop\defense-work-evtx-files\System.evtx,Classic,0,"{""EventData"":{""Data"":[{""@Name"":""HiveNameLength"",""#text"":""85""},{""@Name"":""HiveName"",""#text"":""\\??\\C:\\ProgramData\\Microsoft\\Provisioning\\Microsoft-Desktop-Provisioning-Sequence.dat""},{""@Name"":""KeysUpdated"",""#text"":""0""},{""@Name"":""DirtyPages"",""#text"":""0""}]}}"
1677,1677,2023-03-23 08:34:14.8300623,7045,Info,Service Control Manager,System,724,3744,DESKTOP-887GK2L,14,S-1-5-18,A new service was installed in the system,,,Name: MpKsl5824ab6d,StartType: demand start,"Account: ",,,,C:\ProgramData\Microsoft\Windows Defender\Definition Updates\{A104E7D6-BC87-4358-A3F4-F2B5D0986A10}\MpKslDrv.sys,False,C:\Users\turan\Desktop\defense-work-evtx-files\System.evtx,"Audit success, classic",0,"{""EventData"":{""Data"":[{""@Name"":""ServiceName"",""#text"":""MpKsl5824ab6d""},{""@Name"":""ImagePath"",""#text"":""C:\\ProgramData\\Microsoft\\Windows Defender\\Definition Updates\\{A104E7D6-BC87-4358-A3F4-F2B5D0986A10}\\MpKslDrv.sys""},{""@Name"":""ServiceType"",""#text"":""kernel mode driver""},{""@Name"":""StartType"",""#text"":""demand start""},{""@Name"":""AccountName""}]}}"
1678,1678,2023-03-23 08:37:25.4935553,16,Info,Microsoft-Windows-Kernel-General,System,4016,5884,DESKTOP-887GK2L,14,S-1-5-21-3393683511-3463148672-371912004-1001,,,,,,,,,,,False,C:\Users\turan\Desktop\defense-work-evtx-files\System.evtx,Classic,0,"{""EventData"":{""Data"":[{""@Name"":""HiveNameLength"",""#text"":""114""},{""@Name"":""HiveName"",""#text"":""\\??\\C:\\Users\\CyberJunkie\\AppData\\Local\\Packages\\Microsoft.MicrosoftEdge.Stable_8wekyb3d8bbwe\\Settings\\settings.dat""},{""@Name"":""KeysUpdated"",""#text"":""1""},{""@Name"":""DirtyPages"",""#text"":""1""}]}}"
1679,1679,2023-03-23 08:38:17.3938939,1014,Warning,Microsoft-Windows-DNS-Client,System,1792,6352,DESKTOP-887GK2L,14,S-1-5-20,,,,,,,,,,,False,C:\Users\turan\Desktop\defense-work-evtx-files\System.evtx,0x4000000010000000,0,"{""EventData"":{""Data"":[{""@Name"":""QueryName"",""#text"":""wpad""},{""@Name"":""AddressLength"",""#text"":""128""},{""@Name"":""Address"",""#text"":""02-00-00-00-AC-11-4F-02-00-00-00-00-00-00-00-00-00-00-00-00-00-00-00-00-00-00-00-00-00-00-00-00-00-00-00-00-00-00-00-00-00-00-00-00-00-00-00-00-00-00-00-00-00-00-00-00-00-00-00-00-00-00-00-00-00-00-00-00-00-00-00-00-00-00-00-00-00-00-00-00-00-00-00-00-00-00-00-00-00-00-00-00-00-00-00-00-00-00-00-00-00-00-00-00-00-00-00-00-00-00-00-00-00-00-00-00-00-00-00-00-00-00-00-00-00-00-00-00""}]}}"
1680,1680,2023-03-23 08:38:25.7515338,7040,Info,Service Control Manager,System,724,4408,DESKTOP-887GK2L,14,S-1-5-18,Start type of a service has changed,,,The start type of the Background Intelligent Transfer Service was changed from demand start to auto start,,,,,,BITS,False,C:\Users\turan\Desktop\defense-work-evtx-files\System.evtx,"Audit success, classic",0,"{""EventData"":{""Data"":[{""@Name"":""param1"",""#text"":""Background Intelligent Transfer Service""},{""@Name"":""param2"",""#text"":""demand start""},{""@Name"":""param3"",""#text"":""auto start""},{""@Name"":""param4"",""#text"":""BITS""}]}}"
1681,1681,2023-03-23 08:40:30.6624873,7045,Info,Service Control Manager,System,724,6288,DESKTOP-887GK2L,14,S-1-5-21-3393683511-3463148672-371912004-1001,A new service was installed in the system,,,Name: Npcap Packet Driver (NPCAP) (Wi-Fi),StartType: demand start,"Account: ",,,,\SystemRoot\system32\DRIVERS\npcap.sys,False,C:\Users\turan\Desktop\defense-work-evtx-files\System.evtx,"Audit success, classic",0,"{""EventData"":{""Data"":[{""@Name"":""ServiceName"",""#text"":""Npcap Packet Driver (NPCAP) (Wi-Fi)""},{""@Name"":""ImagePath"",""#text"":""\\SystemRoot\\system32\\DRIVERS\\npcap.sys""},{""@Name"":""ServiceType"",""#text"":""kernel mode driver""},{""@Name"":""StartType"",""#text"":""demand start""},{""@Name"":""AccountName""}]}}"
1682,1682,2023-03-23 08:40:30.6779968,7000,Error,Service Control Manager,System,724,6288,DESKTOP-887GK2L,14,,,,,,,,,,,,False,C:\Users\turan\Desktop\defense-work-evtx-files\System.evtx,"Audit success, classic",0,"{""EventData"":{""Data"":[{""@Name"":""param1"",""#text"":""Npcap Packet Driver (NPCAP) (Wi-Fi)""},{""@Name"":""param2"",""#text"":""%%2""}],""Binary"":""6E-00-70-00-63-00-61-00-70-00-5F-00-77-00-69-00-66-00-69-00-00-00""}}"
1683,1683,2023-03-23 08:40:42.4712467,7045,Info,Service Control Manager,System,724,7100,DESKTOP-887GK2L,14,S-1-5-21-3393683511-3463148672-371912004-1001,A new service was installed in the system,,,Name: USBPcap Capture Service,StartType: demand start,"Account: ",,,,\SystemRoot\system32\DRIVERS\USBPcap.sys,False,C:\Users\turan\Desktop\defense-work-evtx-files\System.evtx,"Audit success, classic",0,"{""EventData"":{""Data"":[{""@Name"":""ServiceName"",""#text"":""USBPcap Capture Service""},{""@Name"":""ImagePath"",""#text"":""\\SystemRoot\\system32\\DRIVERS\\USBPcap.sys""},{""@Name"":""ServiceType"",""#text"":""kernel mode driver""},{""@Name"":""StartType"",""#text"":""demand start""},{""@Name"":""AccountName""}]}}"
1684,1684,2023-03-23 08:40:54.5959341,7040,Info,Service Control Manager,System,724,7100,DESKTOP-887GK2L,14,S-1-5-18,Start type of a service has changed,,,The start type of the Background Intelligent Transfer Service was changed from auto start to demand start,,,,,,BITS,False,C:\Users\turan\Desktop\defense-work-evtx-files\System.evtx,"Audit success, classic",0,"{""EventData"":{""Data"":[{""@Name"":""param1"",""#text"":""Background Intelligent Transfer Service""},{""@Name"":""param2"",""#text"":""auto start""},{""@Name"":""param3"",""#text"":""demand start""},{""@Name"":""param4"",""#text"":""BITS""}]}}"
1685,1685,2023-03-23 08:41:02.1117730,1074,Info,User32,System,540,3204,DESKTOP-887GK2L,14,S-1-5-21-3393683511-3463148672-371912004-1001,A user initiated a system restart,DESKTOP-887GK2L\CyberJunkie,,Hostname: DESKTOP-887GK2L,Reason: Application: Installation (Planned),Type: restart,Code: 0x80040002,,,C:\Users\CyberJunkie\Downloads\Wireshark-win64-4.0.4.exe (DESKTOP-887GK2L),False,C:\Users\turan\Desktop\defense-work-evtx-files\System.evtx,"Audit success, classic",0,"{""EventData"":{""Data"":[{""@Name"":""param1"",""#text"":""C:\\Users\\CyberJunkie\\Downloads\\Wireshark-win64-4.0.4.exe (DESKTOP-887GK2L)""},{""@Name"":""param2"",""#text"":""DESKTOP-887GK2L""},{""@Name"":""param3"",""#text"":""Application: Installation (Planned)""},{""@Name"":""param4"",""#text"":""0x80040002""},{""@Name"":""param5"",""#text"":""restart""},{""@Name"":""param6""},{""@Name"":""param7"",""#text"":""DESKTOP-887GK2L\\CyberJunkie""}]}}"
1686,1686,2023-03-23 08:41:03.2177221,7002,Info,Microsoft-Windows-Winlogon,System,716,924,DESKTOP-887GK2L,14,S-1-5-18,User logoff,,,UserSID: S-1-5-21-3393683511-3463148672-371912004-1001,,,,,,,False,C:\Users\turan\Desktop\defense-work-evtx-files\System.evtx,0x2000200000000000,0,"{""EventData"":{""Data"":[{""@Name"":""TSId"",""#text"":""1""},{""@Name"":""UserSid"",""#text"":""S-1-5-21-3393683511-3463148672-371912004-1001""}]}}"
1687,1687,2023-03-23 08:41:04.4107796,6006,Info,EventLog,System,0,0,DESKTOP-887GK2L,14,,The Event log service was stopped,,,Computer: DESKTOP-887GK2L,,,,,,,False,C:\Users\turan\Desktop\defense-work-evtx-files\System.evtx,0x80000000000000,0,"{""EventData"":{""Data"":"""",""Binary"":""01-00-00-00-00-00-00-00""}}"
1688,1688,2023-03-23 08:41:04.4109423,24,Info,Microsoft-Windows-Kernel-General,System,1604,5280,DESKTOP-887GK2L,14,S-1-5-19,,,,,,,,,,,False,C:\Users\turan\Desktop\defense-work-evtx-files\System.evtx,Time,0,"{""EventData"":{""Data"":[{""@Name"":""ExitReason"",""#text"":""0""},{""@Name"":""CurrentBias"",""#text"":""420""},{""@Name"":""CurrentTimeZoneID"",""#text"":""2""},{""@Name"":""TimeZoneInfoCacheUpdated"",""#text"":""0""},{""@Name"":""FirstRefresh"",""#text"":""0""}]}}"
1689,1689,2023-03-23 08:41:04.4111736,1,Info,Microsoft-Windows-Kernel-General,System,1604,5280,DESKTOP-887GK2L,14,S-1-5-19,The system time was changed,,,OldTime: 2023-03-23 08:41:04.4085008,NewTime: 2023-03-23 08:41:04.4107796,Reason: An application or system component changed the time.,,,,,False,C:\Users\turan\Desktop\defense-work-evtx-files\System.evtx,Time,0,"{""EventData"":{""Data"":[{""@Name"":""NewTime"",""#text"":""2023-03-23 08:41:04.4107796""},{""@Name"":""OldTime"",""#text"":""2023-03-23 08:41:04.4085008""},{""@Name"":""Reason"",""#text"":""1""},{""@Name"":""ProcessName"",""#text"":""\\Device\\HarddiskVolume3\\Windows\\System32\\svchost.exe""},{""@Name"":""ProcessID"",""#text"":""1604""}]}}"
1690,1690,2023-03-23 08:41:04.4136836,50104,Info,Microsoft-Windows-Dhcp-Client,System,1372,1376,DESKTOP-887GK2L,14,S-1-5-19,,,,,,,,,,,False,C:\Users\turan\Desktop\defense-work-evtx-files\System.evtx,0x2000000000000000,0,"{""EventData"":""""}"
1691,1691,2023-03-23 08:41:04.4137304,50105,Info,Microsoft-Windows-Dhcp-Client,System,1372,1520,DESKTOP-887GK2L,14,S-1-5-19,,,,,,,,,,,False,C:\Users\turan\Desktop\defense-work-evtx-files\System.evtx,0x2000000000000000,0,"{""EventData"":""""}"
1692,1692,2023-03-23 08:41:04.4175749,51047,Info,Microsoft-Windows-DHCPv6-Client,System,1372,1628,DESKTOP-887GK2L,14,S-1-5-19,,,,,,,,,,,False,C:\Users\turan\Desktop\defense-work-evtx-files\System.evtx,0x2000000000000000,0,"{""EventData"":{""Data"":{""@Name"":""DwordVal"",""#text"":""1""}}}"
1693,1693,2023-03-23 08:41:04.4175761,51057,Info,Microsoft-Windows-DHCPv6-Client,System,1372,1628,DESKTOP-887GK2L,14,S-1-5-19,,,,,,,,,,,False,C:\Users\turan\Desktop\defense-work-evtx-files\System.evtx,0x2000000000000000,0,"{""EventData"":{""Data"":{""@Name"":""DwordVal"",""#text"":""1""}}}"
1694,1694,2023-03-23 08:41:04.4192622,50106,Info,Microsoft-Windows-Dhcp-Client,System,1372,1520,DESKTOP-887GK2L,14,S-1-5-19,,,,,,,,,,,False,C:\Users\turan\Desktop\defense-work-evtx-files\System.evtx,0x2000000000000000,0,"{""EventData"":""""}"
1695,1695,2023-03-23 08:41:04.4206258,50037,Info,Microsoft-Windows-Dhcp-Client,System,1372,1520,DESKTOP-887GK2L,14,S-1-5-19,,,,,,,,,,,False,C:\Users\turan\Desktop\defense-work-evtx-files\System.evtx,0x2000000000000000,0,"{""EventData"":{""Data"":{""@Name"":""DwordVal"",""#text"":""1""}}}"
1696,1696,2023-03-23 08:41:19.1591021,6009,Info,EventLog,System,0,0,DESKTOP-887GK2L,14,,,,,,,,,,,,False,C:\Users\turan\Desktop\defense-work-evtx-files\System.evtx,0x80000000000000,0,"{""EventData"":{""Data"":""10.00., 19044, Multiprocessor Free, 0"",""Binary"":""""}}"
1697,1697,2023-03-23 08:41:19.1591021,6005,Info,EventLog,System,0,0,DESKTOP-887GK2L,14,,The Event log service was started,,,Computer: DESKTOP-887GK2L,,,,,,,False,C:\Users\turan\Desktop\defense-work-evtx-files\System.evtx,0x80000000000000,0,"{""EventData"":{""Data"":"""",""Binary"":""E7-07-03-00-04-00-17-00-08-00-29-00-13-00-9F-00-00-00-00-00-00-00-00-00""}}"
1698,1698,2023-03-23 08:41:19.1591021,6013,Info,EventLog,System,0,0,DESKTOP-887GK2L,14,,System uptime,,,The system uptime is 6 seconds,"TimeZone: 60, 480 Pacific Standard Time",,,,,,False,C:\Users\turan\Desktop\defense-work-evtx-files\System.evtx,0x80000000000000,0,"{""EventData"":{""Data"":""6, 60, 480 Pacific Standard Time"",""Binary"":""31-00-2E-00-31-00-00-00-30-00-00-00-57-00-69-00-6E-00-64-00-6F-00-77-00-73-00-20-00-31-00-30-00-20-00-50-00-72-00-6F-00-20-00-4E-00-00-00-31-00-30-00-2E-00-30-00-2E-00-31-00-39-00-30-00-34-00-34-00-20-00-42-00-75-00-69-00-6C-00-64-00-20-00-31-00-39-00-30-00-34-00-34-00-20-00-20-00-00-00-4D-00-75-00-6C-00-74-00-69-00-70-00-72-00-6F-00-63-00-65-00-73-00-73-00-6F-00-72-00-20-00-46-00-72-00-65-00-65-00-00-00-31-00-39-00-30-00-34-00-31-00-2E-00-76-00-62-00-5F-00-72-00-65-00-6C-00-65-00-61-00-73-00-65-00-2E-00-31-00-39-00-31-00-32-00-30-00-36-00-2D-00-31-00-34-00-30-00-36-00-00-00-36-00-33-00-64-00-39-00-62-00-35-00-32-00-65-00-00-00-4E-00-6F-00-74-00-20-00-41-00-76-00-61-00-69-00-6C-00-61-00-62-00-6C-00-65-00-00-00-4E-00-6F-00-74-00-20-00-41-00-76-00-61-00-69-00-6C-00-61-00-62-00-6C-00-65-00-00-00-39-00-00-00-38-00-00-00-31-00-30-00-30-00-38-00-38-00-00-00-34-00-30-00-39-00-00-00-44-00-45-00-53-00-4B-00-54-00-4F-00-50-00-2D-00-38-00-38-00-37-00-47-00-4B-00-32-00-4C-00-00-00-00-00""}}"
1699,1699,2023-03-23 08:41:05.7591698,109,Info,Microsoft-Windows-Kernel-Power,System,616,620,DESKTOP-887GK2L,14,,,,,,,,,,,,False,C:\Users\turan\Desktop\defense-work-evtx-files\System.evtx,0x8000400000000404,0,"{""EventData"":{""Data"":[{""@Name"":""ShutdownActionType"",""#text"":""5""},{""@Name"":""ShutdownEventCode"",""#text"":""0""},{""@Name"":""ShutdownReason"",""#text"":""5""}]}}"
1700,1700,2023-03-23 08:41:06.5269186,13,Info,Microsoft-Windows-Kernel-General,System,4,2068,DESKTOP-887GK2L,14,,OS was shutdown,,,StopTime: 2023-03-23 08:41:06.5269173,"BootMode: ",,,,,,False,C:\Users\turan\Desktop\defense-work-evtx-files\System.evtx,State,0,"{""EventData"":{""Data"":{""@Name"":""StopTime"",""#text"":""2023-03-23 08:41:06.5269173""}}}"
1701,1701,2023-03-23 08:41:13.6948507,12,Info,Microsoft-Windows-Kernel-General,System,4,8,DESKTOP-887GK2L,14,S-1-5-18,OS was started,,,StartTime: 2023-03-23 08:41:12.5000000,BootMode: Normal boot,,,,,,False,C:\Users\turan\Desktop\defense-work-evtx-files\System.evtx,State,0,"{""EventData"":{""Data"":[{""@Name"":""MajorVersion"",""#text"":""10""},{""@Name"":""MinorVersion"",""#text"":""0""},{""@Name"":""BuildVersion"",""#text"":""19041""},{""@Name"":""QfeVersion"",""#text"":""2728""},{""@Name"":""ServiceVersion"",""#text"":""0""},{""@Name"":""BootMode"",""#text"":""0""},{""@Name"":""StartTime"",""#text"":""2023-03-23 08:41:12.5000000""}]}}"
1702,1702,2023-03-23 08:41:13.6949059,153,Info,Microsoft-Windows-Kernel-Boot,System,4,8,DESKTOP-887GK2L,14,S-1-5-18,,,,,,,,,,,False,C:\Users\turan\Desktop\defense-work-evtx-files\System.evtx,Classic,496,"{""EventData"":{""Data"":[{""@Name"":""Status"",""#text"":""0""},{""@Name"":""EnableDisableReason"",""#text"":""0""},{""@Name"":""VsmPolicy"",""#text"":""0""}]}}"
1703,1703,2023-03-23 08:41:13.6950030,20,Info,Microsoft-Windows-Kernel-Boot,System,4,8,DESKTOP-887GK2L,14,S-1-5-18,,,,,,,,,,,False,C:\Users\turan\Desktop\defense-work-evtx-files\System.evtx,Classic,0,"{""EventData"":{""Data"":[{""@Name"":""LastShutdownGood"",""#text"":""True""},{""@Name"":""LastBootGood"",""#text"":""True""},{""@Name"":""LastBootId"",""#text"":""10""},{""@Name"":""BootStatusPolicy"",""#text"":""2""}]}}"
1704,1704,2023-03-23 08:41:13.6950260,238,Info,Microsoft-Windows-Kernel-Boot,System,4,8,DESKTOP-887GK2L,14,S-1-5-18,,,,,,,,,,,False,C:\Users\turan\Desktop\defense-work-evtx-files\System.evtx,Classic,0,"{""EventData"":{""Data"":[{""@Name"":""EfiTimeZoneBias"",""#text"":""2047""},{""@Name"":""EfiDaylightFlags"",""#text"":""0""}]}}"
1705,1705,2023-03-23 08:41:13.6950263,25,Info,Microsoft-Windows-Kernel-Boot,System,4,8,DESKTOP-887GK2L,14,S-1-5-18,,,,,,,,,,,False,C:\Users\turan\Desktop\defense-work-evtx-files\System.evtx,Classic,0,"{""EventData"":{""Data"":{""@Name"":""BootMenuPolicy"",""#text"":""1""}}}"
1706,1706,2023-03-23 08:41:13.6950265,27,Info,Microsoft-Windows-Kernel-Boot,System,4,8,DESKTOP-887GK2L,14,S-1-5-18,,,,,,,,,,,False,C:\Users\turan\Desktop\defense-work-evtx-files\System.evtx,Classic,0,"{""EventData"":{""Data"":[{""@Name"":""BootType"",""#text"":""0""},{""@Name"":""LoadOptions"",""#text"":"" NOEXECUTE=OPTIN""}]}}"
1707,1707,2023-03-23 08:41:13.6950409,18,Info,Microsoft-Windows-Kernel-Boot,System,4,8,DESKTOP-887GK2L,14,S-1-5-18,,,,,,,,,,,False,C:\Users\turan\Desktop\defense-work-evtx-files\System.evtx,Classic,0,"{""EventData"":{""Data"":{""@Name"":""EntryCount"",""#text"":""1""}}}"
1708,1708,2023-03-23 08:41:13.6950616,32,Info,Microsoft-Windows-Kernel-Boot,System,4,8,DESKTOP-887GK2L,14,S-1-5-18,,,,,,,,,,,False,C:\Users\turan\Desktop\defense-work-evtx-files\System.evtx,Classic,0,"{""EventData"":{""Data"":{""@Name"":""BitlockerUserInputTime"",""#text"":""0""}}}"
1709,1709,2023-03-23 08:41:13.6988344,20,Info,Microsoft-Windows-Kernel-General,System,4,8,DESKTOP-887GK2L,14,S-1-5-18,,,,,,,,,,,False,C:\Users\turan\Desktop\defense-work-evtx-files\System.evtx,Time,0,"{""EventData"":{""Data"":[{""@Name"":""UpdateReason"",""#text"":""0""},{""@Name"":""EnabledNew"",""#text"":""True""},{""@Name"":""CountNew"",""#text"":""0""},{""@Name"":""CountOld"",""#text"":""0""}]}}"
1710,1710,2023-03-23 08:41:13.7609802,16,Info,Microsoft-Windows-HAL,System,4,8,DESKTOP-887GK2L,14,S-1-5-18,,,,,,,,,,,False,C:\Users\turan\Desktop\defense-work-evtx-files\System.evtx,Classic,0,"{""EventData"":""""}"
1711,1711,2023-03-23 08:41:15.7070733,3,Info,vmci,System,4,228,DESKTOP-887GK2L,14,,,,,,,,,,,,False,C:\Users\turan\Desktop\defense-work-evtx-files\System.evtx,0x80000000000000,0,"{""EventData"":{""Data"":""VMCI: Using capabilities (0x1c).\n"",""Binary"":""00-00-00-00-02-00-28-00-00-00-00-00-03-00-08-40-03-00-08-40-00-00-00-00-00-00-00-00-00-00-00-00-00-00-00-00-00-00-00-00""}}"
1712,1712,2023-03-23 08:41:17.6597155,6,Info,Microsoft-Windows-FilterManager,System,4,8,DESKTOP-887GK2L,14,S-1-5-18,,,,,,,,,,,False,C:\Users\turan\Desktop\defense-work-evtx-files\System.evtx,Classic,0,"{""EventData"":{""Data"":[{""@Name"":""FinalStatus"",""#text"":""0x0""},{""@Name"":""DeviceVersionMajor"",""#text"":""10""},{""@Name"":""DeviceVersionMinor"",""#text"":""0""},{""@Name"":""DeviceNameLength"",""#text"":""8""},{""@Name"":""DeviceName"",""#text"":""FileInfo""},{""@Name"":""DeviceTime"",""#text"":""2062-12-22 22:21:06.0000000""}]}}"
1713,1713,2023-03-23 08:41:17.6604136,6,Info,Microsoft-Windows-FilterManager,System,4,8,DESKTOP-887GK2L,14,S-1-5-18,,,,,,,,,,,False,C:\Users\turan\Desktop\defense-work-evtx-files\System.evtx,Classic,0,"{""EventData"":{""Data"":[{""@Name"":""FinalStatus"",""#text"":""0x0""},{""@Name"":""DeviceVersionMajor"",""#text"":""10""},{""@Name"":""DeviceVersionMinor"",""#text"":""0""},{""@Name"":""DeviceNameLength"",""#text"":""3""},{""@Name"":""DeviceName"",""#text"":""Wof""},{""@Name"":""DeviceTime"",""#text"":""2023-04-22 19:17:53.0000000""}]}}"
1714,1714,2023-03-23 08:41:17.6615987,6,Info,Microsoft-Windows-FilterManager,System,4,8,DESKTOP-887GK2L,14,S-1-5-18,,,,,,,,,,,False,C:\Users\turan\Desktop\defense-work-evtx-files\System.evtx,Classic,0,"{""EventData"":{""Data"":[{""@Name"":""FinalStatus"",""#text"":""0x0""},{""@Name"":""DeviceVersionMajor"",""#text"":""10""},{""@Name"":""DeviceVersionMinor"",""#text"":""0""},{""@Name"":""DeviceNameLength"",""#text"":""8""},{""@Name"":""DeviceName"",""#text"":""WdFilter""},{""@Name"":""DeviceTime"",""#text"":""2037-07-31 18:01:12.0000000""}]}}"
1715,1715,2023-03-23 08:41:17.7341029,98,Info,Microsoft-Windows-Ntfs,System,4,360,DESKTOP-887GK2L,14,S-1-5-18,,,,,,,,,,,False,C:\Users\turan\Desktop\defense-work-evtx-files\System.evtx,0x8000000000000002,0,"{""EventData"":{""Data"":[{""@Name"":""DriveName"",""#text"":""C:""},{""@Name"":""DeviceName"",""#text"":""\\Device\\HarddiskVolume3""},{""@Name"":""CorruptionActionState"",""#text"":""0""}]}}"
1716,1716,2023-03-23 08:41:17.7911540,6,Info,Microsoft-Windows-FilterManager,System,4,8,DESKTOP-887GK2L,14,S-1-5-18,,,,,,,,,,,False,C:\Users\turan\Desktop\defense-work-evtx-files\System.evtx,Classic,0,"{""EventData"":{""Data"":[{""@Name"":""FinalStatus"",""#text"":""0x0""},{""@Name"":""DeviceVersionMajor"",""#text"":""10""},{""@Name"":""DeviceVersionMinor"",""#text"":""0""},{""@Name"":""DeviceNameLength"",""#text"":""9""},{""@Name"":""DeviceName"",""#text"":""FileCrypt""},{""@Name"":""DeviceTime"",""#text"":""2002-03-01 04:12:42.0000000""}]}}"
1717,1717,2023-03-23 08:41:17.9296431,6,Info,Microsoft-Windows-FilterManager,System,4,8,DESKTOP-887GK2L,14,S-1-5-18,,,,,,,,,,,False,C:\Users\turan\Desktop\defense-work-evtx-files\System.evtx,Classic,0,"{""EventData"":{""Data"":[{""@Name"":""FinalStatus"",""#text"":""0x0""},{""@Name"":""DeviceVersionMajor"",""#text"":""10""},{""@Name"":""DeviceVersionMinor"",""#text"":""0""},{""@Name"":""DeviceNameLength"",""#text"":""9""},{""@Name"":""DeviceName"",""#text"":""npsvctrig""},{""@Name"":""DeviceTime"",""#text"":""2025-01-05 19:41:12.0000000""}]}}"
1718,1718,2023-03-23 08:41:17.9745897,172,Info,Microsoft-Windows-Kernel-Power,System,4,360,DESKTOP-887GK2L,14,S-1-5-18,,,,,,,,,,,False,C:\Users\turan\Desktop\defense-work-evtx-files\System.evtx,0x8000000000000404,0,"{""EventData"":{""Data"":[{""@Name"":""State"",""#text"":""2""},{""@Name"":""Reason"",""#text"":""6""}]}}"
1719,1719,2023-03-23 08:41:18.1494376,98,Info,Microsoft-Windows-Ntfs,System,4,388,DESKTOP-887GK2L,14,S-1-5-18,,,,,,,,,,,False,C:\Users\turan\Desktop\defense-work-evtx-files\System.evtx,0x8000000000000002,0,"{""EventData"":{""Data"":[{""@Name"":""DriveName"",""#text"":""\\\\?\\Volume{3e1ae928-61ee-4947-af5a-9cabbd50feef}""},{""@Name"":""DeviceName"",""#text"":""\\Device\\HarddiskVolume4""},{""@Name"":""CorruptionActionState"",""#text"":""0""}]}}"
1720,1720,2023-03-23 08:41:18.2221409,55,Info,Microsoft-Windows-Kernel-Processor-Power,System,4,160,DESKTOP-887GK2L,14,S-1-5-18,,,,,,,,,,,False,C:\Users\turan\Desktop\defense-work-evtx-files\System.evtx,Classic,0,"{""EventData"":{""Data"":[{""@Name"":""Group"",""#text"":""0""},{""@Name"":""Number"",""#text"":""0""},{""@Name"":""IdleStateCount"",""#text"":""1""},{""@Name"":""IdleImplementation"",""#text"":""1""},{""@Name"":""NominalFrequency"",""#text"":""3693""},{""@Name"":""MaximumPerformancePercent"",""#text"":""100""},{""@Name"":""MinimumPerformancePercent"",""#text"":""100""},{""@Name"":""MinimumThrottlePercent"",""#text"":""100""},{""@Name"":""PerformanceImplementation"",""#text"":""0""}]}}"
1721,1721,2023-03-23 08:41:18.2227602,55,Info,Microsoft-Windows-Kernel-Processor-Power,System,4,160,DESKTOP-887GK2L,14,S-1-5-18,,,,,,,,,,,False,C:\Users\turan\Desktop\defense-work-evtx-files\System.evtx,Classic,0,"{""EventData"":{""Data"":[{""@Name"":""Group"",""#text"":""0""},{""@Name"":""Number"",""#text"":""1""},{""@Name"":""IdleStateCount"",""#text"":""1""},{""@Name"":""IdleImplementation"",""#text"":""1""},{""@Name"":""NominalFrequency"",""#text"":""3693""},{""@Name"":""MaximumPerformancePercent"",""#text"":""100""},{""@Name"":""MinimumPerformancePercent"",""#text"":""100""},{""@Name"":""MinimumThrottlePercent"",""#text"":""100""},{""@Name"":""PerformanceImplementation"",""#text"":""0""}]}}"
1722,1722,2023-03-23 08:41:18.2242502,55,Info,Microsoft-Windows-Kernel-Processor-Power,System,4,160,DESKTOP-887GK2L,14,S-1-5-18,,,,,,,,,,,False,C:\Users\turan\Desktop\defense-work-evtx-files\System.evtx,Classic,0,"{""EventData"":{""Data"":[{""@Name"":""Group"",""#text"":""0""},{""@Name"":""Number"",""#text"":""2""},{""@Name"":""IdleStateCount"",""#text"":""1""},{""@Name"":""IdleImplementation"",""#text"":""1""},{""@Name"":""NominalFrequency"",""#text"":""3693""},{""@Name"":""MaximumPerformancePercent"",""#text"":""100""},{""@Name"":""MinimumPerformancePercent"",""#text"":""100""},{""@Name"":""MinimumThrottlePercent"",""#text"":""100""},{""@Name"":""PerformanceImplementation"",""#text"":""0""}]}}"
1723,1723,2023-03-23 08:41:18.2252666,55,Info,Microsoft-Windows-Kernel-Processor-Power,System,4,160,DESKTOP-887GK2L,14,S-1-5-18,,,,,,,,,,,False,C:\Users\turan\Desktop\defense-work-evtx-files\System.evtx,Classic,0,"{""EventData"":{""Data"":[{""@Name"":""Group"",""#text"":""0""},{""@Name"":""Number"",""#text"":""3""},{""@Name"":""IdleStateCount"",""#text"":""1""},{""@Name"":""IdleImplementation"",""#text"":""1""},{""@Name"":""NominalFrequency"",""#text"":""3693""},{""@Name"":""MaximumPerformancePercent"",""#text"":""100""},{""@Name"":""MinimumPerformancePercent"",""#text"":""100""},{""@Name"":""MinimumThrottlePercent"",""#text"":""100""},{""@Name"":""PerformanceImplementation"",""#text"":""0""}]}}"
