2174,2174,2023-03-27 14:37:16.9117996,1014,Warning,Microsoft-Windows-DNS-Client,System,2240,2588,DESKTOP-887GK2L,17,S-1-5-20,,,,,,,,,,,False,C:\Users\turan\Desktop\defense-work-evtx-files\System.evtx,0x4000000010000000,0,"{""EventData"":{""Data"":[{""@Name"":""QueryName"",""#text"":""wpad""},{""@Name"":""AddressLength"",""#text"":""128""},{""@Name"":""Address"",""#text"":""02-00-00-00-AC-11-4F-02-00-00-00-00-00-00-00-00-00-00-00-00-00-00-00-00-00-00-00-00-00-00-00-00-00-00-00-00-00-00-00-00-00-00-00-00-00-00-00-00-00-00-00-00-00-00-00-00-00-00-00-00-00-00-00-00-00-00-00-00-00-00-00-00-00-00-00-00-00-00-00-00-00-00-00-00-00-00-00-00-00-00-00-00-00-00-00-00-00-00-00-00-00-00-00-00-00-00-00-00-00-00-00-00-00-00-00-00-00-00-00-00-00-00-00-00-00-00-00-00""}]}}"
2175,2175,2023-03-27 14:37:17.9901077,7045,Info,Service Control Manager,System,712,2412,DESKTOP-887GK2L,17,S-1-5-18,A new service was installed in the system,,,Name: MpKsl9f162b76,StartType: demand start,"Account: ",,,,C:\ProgramData\Microsoft\Windows Defender\Definition Updates\{DBE27B70-E32D-40D3-9CC5-3FD7E408D751}\MpKslDrv.sys,False,C:\Users\turan\Desktop\defense-work-evtx-files\System.evtx,"Audit success, classic",0,"{""EventData"":{""Data"":[{""@Name"":""ServiceName"",""#text"":""MpKsl9f162b76""},{""@Name"":""ImagePath"",""#text"":""C:\\ProgramData\\Microsoft\\Windows Defender\\Definition Updates\\{DBE27B70-E32D-40D3-9CC5-3FD7E408D751}\\MpKslDrv.sys""},{""@Name"":""ServiceType"",""#text"":""kernel mode driver""},{""@Name"":""StartType"",""#text"":""demand start""},{""@Name"":""AccountName""}]}}"
2176,2176,2023-03-27 14:39:11.3470352,10016,Warning,Microsoft-Windows-DistributedCOM,System,1004,1616,DESKTOP-887GK2L,17,S-1-5-18,,,,,,,,,,,False,C:\Users\turan\Desktop\defense-work-evtx-files\System.evtx,"Audit success, classic",0,"{""EventData"":{""Data"":[{""@Name"":""param1"",""#text"":""application-specific""},{""@Name"":""param2"",""#text"":""Local""},{""@Name"":""param3"",""#text"":""Launch""},{""@Name"":""param4"",""#text"":""Windows.SecurityCenter.WscBrokerManager""},{""@Name"":""param5"",""#text"":""Unavailable""},{""@Name"":""param6"",""#text"":""NT AUTHORITY""},{""@Name"":""param7"",""#text"":""SYSTEM""},{""@Name"":""param8"",""#text"":""S-1-5-18""},{""@Name"":""param9"",""#text"":""LocalHost (Using LRPC)""},{""@Name"":""param10"",""#text"":""Unavailable""},{""@Name"":""param11"",""#text"":""Unavailable""}]}}"
2177,2177,2023-03-27 14:39:11.3470352,10016,Warning,Microsoft-Windows-DistributedCOM,System,1004,2528,DESKTOP-887GK2L,17,S-1-5-18,,,,,,,,,,,False,C:\Users\turan\Desktop\defense-work-evtx-files\System.evtx,"Audit success, classic",0,"{""EventData"":{""Data"":[{""@Name"":""param1"",""#text"":""application-specific""},{""@Name"":""param2"",""#text"":""Local""},{""@Name"":""param3"",""#text"":""Launch""},{""@Name"":""param4"",""#text"":""Windows.SecurityCenter.WscDataProtection""},{""@Name"":""param5"",""#text"":""Unavailable""},{""@Name"":""param6"",""#text"":""NT AUTHORITY""},{""@Name"":""param7"",""#text"":""SYSTEM""},{""@Name"":""param8"",""#text"":""S-1-5-18""},{""@Name"":""param9"",""#text"":""LocalHost (Using LRPC)""},{""@Name"":""param10"",""#text"":""Unavailable""},{""@Name"":""param11"",""#text"":""Unavailable""}]}}"
2178,2178,2023-03-27 14:39:11.3470352,10016,Warning,Microsoft-Windows-DistributedCOM,System,1004,3336,DESKTOP-887GK2L,17,S-1-5-18,,,,,,,,,,,False,C:\Users\turan\Desktop\defense-work-evtx-files\System.evtx,"Audit success, classic",0,"{""EventData"":{""Data"":[{""@Name"":""param1"",""#text"":""application-specific""},{""@Name"":""param2"",""#text"":""Local""},{""@Name"":""param3"",""#text"":""Launch""},{""@Name"":""param4"",""#text"":""Windows.SecurityCenter.SecurityAppBroker""},{""@Name"":""param5"",""#text"":""Unavailable""},{""@Name"":""param6"",""#text"":""NT AUTHORITY""},{""@Name"":""param7"",""#text"":""SYSTEM""},{""@Name"":""param8"",""#text"":""S-1-5-18""},{""@Name"":""param9"",""#text"":""LocalHost (Using LRPC)""},{""@Name"":""param10"",""#text"":""Unavailable""},{""@Name"":""param11"",""#text"":""Unavailable""}]}}"
2179,2179,2023-03-27 14:41:35.8529928,7040,Info,Service Control Manager,System,712,2660,DESKTOP-887GK2L,17,S-1-5-18,Start type of a service has changed,,,The start type of the Background Intelligent Transfer Service was changed from auto start to demand start,,,,,,BITS,False,C:\Users\turan\Desktop\defense-work-evtx-files\System.evtx,"Audit success, classic",552,"{""EventData"":{""Data"":[{""@Name"":""param1"",""#text"":""Background Intelligent Transfer Service""},{""@Name"":""param2"",""#text"":""auto start""},{""@Name"":""param3"",""#text"":""demand start""},{""@Name"":""param4"",""#text"":""BITS""}]}}"
2180,2180,2023-03-27 14:42:34.8749712,10016,Warning,Microsoft-Windows-DistributedCOM,System,1004,2368,DESKTOP-887GK2L,17,S-1-5-21-3393683511-3463148672-371912004-1001,,,,,,,,,,,False,C:\Users\turan\Desktop\defense-work-evtx-files\System.evtx,"Audit success, classic",0,"{""EventData"":{""Data"":[{""@Name"":""param1"",""#text"":""machine-default""},{""@Name"":""param2"",""#text"":""Local""},{""@Name"":""param3"",""#text"":""Activation""},{""@Name"":""param4"",""#text"":""{C2F03A33-21F5-47FA-B4BB-156362A2F239}""},{""@Name"":""param5"",""#text"":""{316CDED5-E4AE-4B15-9113-7055D84DCC97}""},{""@Name"":""param6"",""#text"":""DESKTOP-887GK2L""},{""@Name"":""param7"",""#text"":""CyberJunkie""},{""@Name"":""param8"",""#text"":""S-1-5-21-3393683511-3463148672-371912004-1001""},{""@Name"":""param9"",""#text"":""LocalHost (Using LRPC)""},{""@Name"":""param10"",""#text"":""Microsoft.Windows.ShellExperienceHost_10.0.19041.1949_neutral_neutral_cw5n1h2txyewy""},{""@Name"":""param11"",""#text"":""S-1-15-2-155514346-2573954481-755741238-1654018636-1233331829-3075935687-2861478708""}]}}"
2181,2181,2023-03-27 14:50:03.7173118,1500,Info,Microsoft-Windows-GroupPolicy,System,2416,604,DESKTOP-887GK2L,17,S-1-5-18,Group Policy Settings processed successfully for COMPUTER,,,,,,,,,,False,C:\Users\turan\Desktop\defense-work-evtx-files\System.evtx,Classic,0,"{""EventData"":{""Data"":[{""@Name"":""SupportInfo1"",""#text"":""1""},{""@Name"":""SupportInfo2"",""#text"":""4292""},{""@Name"":""ProcessingMode"",""#text"":""0""},{""@Name"":""ProcessingTimeInMilliseconds"",""#text"":""47""},{""@Name"":""DCName""}]}}"
2182,2182,2023-03-27 14:56:44.5189802,1502,Info,Microsoft-Windows-GroupPolicy,System,2416,604,DESKTOP-887GK2L,17,S-1-5-18,,,,,,,,,,,False,C:\Users\turan\Desktop\defense-work-evtx-files\System.evtx,Classic,0,"{""EventData"":{""Data"":[{""@Name"":""SupportInfo1"",""#text"":""1""},{""@Name"":""SupportInfo2"",""#text"":""4273""},{""@Name"":""ProcessingMode"",""#text"":""0""},{""@Name"":""ProcessingTimeInMilliseconds"",""#text"":""938""},{""@Name"":""DCName""},{""@Name"":""NumberOfGroupPolicyObjects"",""#text"":""1""}]}}"
2183,2183,2023-03-27 14:57:34.5623821,1502,Info,Microsoft-Windows-GroupPolicy,System,2416,604,DESKTOP-887GK2L,17,S-1-5-18,,,,,,,,,,,False,C:\Users\turan\Desktop\defense-work-evtx-files\System.evtx,Classic,0,"{""EventData"":{""Data"":[{""@Name"":""SupportInfo1"",""#text"":""1""},{""@Name"":""SupportInfo2"",""#text"":""4273""},{""@Name"":""ProcessingMode"",""#text"":""0""},{""@Name"":""ProcessingTimeInMilliseconds"",""#text"":""47""},{""@Name"":""DCName""},{""@Name"":""NumberOfGroupPolicyObjects"",""#text"":""1""}]}}"
2184,2184,2023-03-27 14:57:42.9204956,1502,Info,Microsoft-Windows-GroupPolicy,System,2416,604,DESKTOP-887GK2L,17,S-1-5-18,,,,,,,,,,,False,C:\Users\turan\Desktop\defense-work-evtx-files\System.evtx,Classic,0,"{""EventData"":{""Data"":[{""@Name"":""SupportInfo1"",""#text"":""1""},{""@Name"":""SupportInfo2"",""#text"":""4273""},{""@Name"":""ProcessingMode"",""#text"":""0""},{""@Name"":""ProcessingTimeInMilliseconds"",""#text"":""62""},{""@Name"":""DCName""},{""@Name"":""NumberOfGroupPolicyObjects"",""#text"":""1""}]}}"
2185,2185,2023-03-27 14:58:56.8392291,1014,Warning,Microsoft-Windows-DNS-Client,System,2240,4732,DESKTOP-887GK2L,17,S-1-5-20,,,,,,,,,,,False,C:\Users\turan\Desktop\defense-work-evtx-files\System.evtx,0x4000000010000000,0,"{""EventData"":{""Data"":[{""@Name"":""QueryName"",""#text"":""wpad""},{""@Name"":""AddressLength"",""#text"":""128""},{""@Name"":""Address"",""#text"":""02-00-00-00-AC-11-4F-02-00-00-00-00-00-00-00-00-00-00-00-00-00-00-00-00-00-00-00-00-00-00-00-00-00-00-00-00-00-00-00-00-00-00-00-00-00-00-00-00-00-00-00-00-00-00-00-00-00-00-00-00-00-00-00-00-00-00-00-00-00-00-00-00-00-00-00-00-00-00-00-00-00-00-00-00-00-00-00-00-00-00-00-00-00-00-00-00-00-00-00-00-00-00-00-00-00-00-00-00-00-00-00-00-00-00-00-00-00-00-00-00-00-00-00-00-00-00-00-00""}]}}"
2186,2186,2023-03-27 15:01:56.5158362,104,Info,Microsoft-Windows-Eventlog,System,1332,5332,DESKTOP-887GK2L,18,S-1-5-21-3393683511-3463148672-371912004-1001,Event log cleared,DESKTOP-887GK2L\CyberJunkie,,The Microsoft-Windows-Windows Firewall With Advanced Security/Firewall log file was cleared,,,,,,,False,C:\Users\turan\Desktop\defense-work-evtx-files\System.evtx,Classic,0,"{""UserData"":{""LogFileCleared"":{""SubjectUserName"":""CyberJunkie"",""SubjectDomainName"":""DESKTOP-887GK2L"",""Channel"":""Microsoft-Windows-Windows Firewall With Advanced Security/Firewall"",""BackupPath"":""""}}}"
