1233,1233,2023-03-10 05:09:53.0143679,55,Info,Microsoft-Windows-Kernel-Processor-Power,System,4,360,DESKTOP-887GK2L,10,S-1-5-18,,,,,,,,,,,False,C:\Users\turan\Desktop\defense-work-evtx-files\System.evtx,Classic,0,"{""EventData"":{""Data"":[{""@Name"":""Group"",""#text"":""0""},{""@Name"":""Number"",""#text"":""5""},{""@Name"":""IdleStateCount"",""#text"":""1""},{""@Name"":""IdleImplementation"",""#text"":""1""},{""@Name"":""NominalFrequency"",""#text"":""3693""},{""@Name"":""MaximumPerformancePercent"",""#text"":""100""},{""@Name"":""MinimumPerformancePercent"",""#text"":""100""},{""@Name"":""MinimumThrottlePercent"",""#text"":""100""},{""@Name"":""PerformanceImplementation"",""#text"":""0""}]}}"
1234,1234,2023-03-10 05:09:53.0151865,55,Info,Microsoft-Windows-Kernel-Processor-Power,System,4,360,DESKTOP-887GK2L,10,S-1-5-18,,,,,,,,,,,False,C:\Users\turan\Desktop\defense-work-evtx-files\System.evtx,Classic,0,"{""EventData"":{""Data"":[{""@Name"":""Group"",""#text"":""0""},{""@Name"":""Number"",""#text"":""6""},{""@Name"":""IdleStateCount"",""#text"":""1""},{""@Name"":""IdleImplementation"",""#text"":""1""},{""@Name"":""NominalFrequency"",""#text"":""3693""},{""@Name"":""MaximumPerformancePercent"",""#text"":""100""},{""@Name"":""MinimumPerformancePercent"",""#text"":""100""},{""@Name"":""MinimumThrottlePercent"",""#text"":""100""},{""@Name"":""PerformanceImplementation"",""#text"":""0""}]}}"
1235,1235,2023-03-10 05:09:53.0159061,55,Info,Microsoft-Windows-Kernel-Processor-Power,System,4,360,DESKTOP-887GK2L,10,S-1-5-18,,,,,,,,,,,False,C:\Users\turan\Desktop\defense-work-evtx-files\System.evtx,Classic,0,"{""EventData"":{""Data"":[{""@Name"":""Group"",""#text"":""0""},{""@Name"":""Number"",""#text"":""7""},{""@Name"":""IdleStateCount"",""#text"":""1""},{""@Name"":""IdleImplementation"",""#text"":""1""},{""@Name"":""NominalFrequency"",""#text"":""3693""},{""@Name"":""MaximumPerformancePercent"",""#text"":""100""},{""@Name"":""MinimumPerformancePercent"",""#text"":""100""},{""@Name"":""MinimumThrottlePercent"",""#text"":""100""},{""@Name"":""PerformanceImplementation"",""#text"":""0""}]}}"
1236,1236,2023-03-10 05:09:53.1485888,98,Info,Microsoft-Windows-Ntfs,System,4,384,DESKTOP-887GK2L,10,S-1-5-18,,,,,,,,,,,False,C:\Users\turan\Desktop\defense-work-evtx-files\System.evtx,0x8000000000000002,0,"{""EventData"":{""Data"":[{""@Name"":""DriveName"",""#text"":""\\\\?\\Volume{3e1ae928-61ee-4947-af5a-9cabbd50feef}""},{""@Name"":""DeviceName"",""#text"":""\\Device\\HarddiskVolume4""},{""@Name"":""CorruptionActionState"",""#text"":""0""}]}}"
1237,1237,2023-03-10 05:09:53.2819917,32,Info,e1i65x64,System,4,228,DESKTOP-887GK2L,10,,,,,,,,,,,,False,C:\Users\turan\Desktop\defense-work-evtx-files\System.evtx,0x80000000000000,0,"{""EventData"":{""Data"":""Intel(R) 82574L Gigabit Network Connection"",""Binary"":""00-00-04-00-02-00-30-00-00-00-00-00-20-00-04-60-00-00-00-00-00-00-00-00-00-00-00-00-00-00-00-00-00-00-00-00-00-00-00-00-20-00-04-60""}}"
1238,1238,2023-03-10 05:09:53.5664076,24,Info,Microsoft-Windows-Kernel-General,System,140,500,DESKTOP-887GK2L,10,S-1-5-18,,,,,,,,,,,False,C:\Users\turan\Desktop\defense-work-evtx-files\System.evtx,Time,0,"{""EventData"":{""Data"":[{""@Name"":""ExitReason"",""#text"":""0""},{""@Name"":""CurrentBias"",""#text"":""480""},{""@Name"":""CurrentTimeZoneID"",""#text"":""1""},{""@Name"":""TimeZoneInfoCacheUpdated"",""#text"":""0""},{""@Name"":""FirstRefresh"",""#text"":""0""}]}}"
1239,1239,2023-03-10 05:09:53.9732796,14,Info,Microsoft-Windows-Wininit,System,624,628,DESKTOP-887GK2L,10,S-1-5-18,,,,,,,,,,,False,C:\Users\turan\Desktop\defense-work-evtx-files\System.evtx,0x4000000000000000,0,"{""EventData"":{""Data"":[{""@Name"":""Config"",""#text"":""0""},{""@Name"":""IsTestConfig"",""#text"":""0""}]}}"
1240,1240,2023-03-10 05:09:54.2204042,16962,Info,Microsoft-Windows-Directory-Services-SAM,System,788,792,DESKTOP-887GK2L,10,S-1-5-18,,,,,,,,,,,False,C:\Users\turan\Desktop\defense-work-evtx-files\System.evtx,Classic,0,"{""EventData"":{""@Name"":""SAMMSG_RESTRICT_REMOTE_SAM_DEFAULT_SD"",""Data"":{""@Name"":""Default SD String:"",""#text"":""O:SYG:SYD:(A;;RC;;;BA)""}}}"
1241,1241,2023-03-10 05:09:54.2319725,16977,Info,Microsoft-Windows-Directory-Services-SAM,System,788,792,DESKTOP-887GK2L,10,S-1-5-18,,,,,,,,,,,False,C:\Users\turan\Desktop\defense-work-evtx-files\System.evtx,Classic,0,"{""EventData"":{""@Name"":""SAMMSG_MINPWDLEN_SETTINGS_IN_EFFECT"",""Data"":[{""@Name"":""MinimumPasswordLength"",""#text"":""0""},{""@Name"":""RelaxMinimumPasswordLengthLimits"",""#text"":""0""},{""@Name"":""MinimumPasswordLengthAudit"",""#text"":""-1""}]}}"
1242,1242,2023-03-10 05:09:54.2319768,16983,Info,Microsoft-Windows-Directory-Services-SAM,System,788,792,DESKTOP-887GK2L,10,S-1-5-18,,,,,,,,,,,False,C:\Users\turan\Desktop\defense-work-evtx-files\System.evtx,Classic,0,"{""EventData"":{""@Name"":""SAMMSG_AUDIT_LEGACY_PWD_RPC_METHODS_OFF""}}"
1243,1243,2023-03-10 05:09:55.6010801,6,Info,Microsoft-Windows-FilterManager,System,4,160,DESKTOP-887GK2L,10,S-1-5-18,,,,,,,,,,,False,C:\Users\turan\Desktop\defense-work-evtx-files\System.evtx,Classic,0,"{""EventData"":{""Data"":[{""@Name"":""FinalStatus"",""#text"":""0x0""},{""@Name"":""DeviceVersionMajor"",""#text"":""10""},{""@Name"":""DeviceVersionMinor"",""#text"":""0""},{""@Name"":""DeviceNameLength"",""#text"":""5""},{""@Name"":""DeviceName"",""#text"":""wcifs""},{""@Name"":""DeviceTime"",""#text"":""2080-03-16 04:57:52.0000000""}]}}"
1244,1244,2023-03-10 05:09:55.6195425,6,Info,Microsoft-Windows-FilterManager,System,4,148,DESKTOP-887GK2L,10,S-1-5-18,,,,,,,,,,,False,C:\Users\turan\Desktop\defense-work-evtx-files\System.evtx,Classic,0,"{""EventData"":{""Data"":[{""@Name"":""FinalStatus"",""#text"":""0x0""},{""@Name"":""DeviceVersionMajor"",""#text"":""10""},{""@Name"":""DeviceVersionMinor"",""#text"":""0""},{""@Name"":""DeviceNameLength"",""#text"":""5""},{""@Name"":""DeviceName"",""#text"":""luafv""},{""@Name"":""DeviceTime"",""#text"":""2041-09-18 21:13:33.0000000""}]}}"
1245,1245,2023-03-10 05:09:55.6495252,6,Info,Microsoft-Windows-FilterManager,System,4,148,DESKTOP-887GK2L,10,S-1-5-18,,,,,,,,,,,False,C:\Users\turan\Desktop\defense-work-evtx-files\System.evtx,Classic,0,"{""EventData"":{""Data"":[{""@Name"":""FinalStatus"",""#text"":""0x0""},{""@Name"":""DeviceVersionMajor"",""#text"":""10""},{""@Name"":""DeviceVersionMinor"",""#text"":""0""},{""@Name"":""DeviceNameLength"",""#text"":""6""},{""@Name"":""DeviceName"",""#text"":""CldFlt""},{""@Name"":""DeviceTime"",""#text"":""2033-11-18 18:49:10.0000000""}]}}"
1246,1246,2023-03-10 05:09:55.6495717,1,Info,Microsoft-Windows-FilterManager,System,4,148,DESKTOP-887GK2L,10,S-1-5-18,,,,,,,,,,,False,C:\Users\turan\Desktop\defense-work-evtx-files\System.evtx,Classic,0,"{""EventData"":{""Data"":[{""@Name"":""FinalStatus"",""#text"":""0x0""},{""@Name"":""DeviceVersionMajor"",""#text"":""10""},{""@Name"":""DeviceVersionMinor"",""#text"":""0""},{""@Name"":""DeviceNameLength"",""#text"":""6""},{""@Name"":""DeviceName"",""#text"":""CldFlt""},{""@Name"":""DeviceTime"",""#text"":""2033-11-18 18:49:10.0000000""}]}}"
1247,1247,2023-03-10 05:09:55.6496363,6,Info,Microsoft-Windows-FilterManager,System,4,148,DESKTOP-887GK2L,11,S-1-5-18,,,,,,,,,,,False,C:\Users\turan\Desktop\defense-work-evtx-files\System.evtx,Classic,0,"{""EventData"":{""Data"":[{""@Name"":""FinalStatus"",""#text"":""0x0""},{""@Name"":""DeviceVersionMajor"",""#text"":""10""},{""@Name"":""DeviceVersionMinor"",""#text"":""0""},{""@Name"":""DeviceNameLength"",""#text"":""6""},{""@Name"":""DeviceName"",""#text"":""CldFlt""},{""@Name"":""DeviceTime"",""#text"":""2033-11-18 18:49:10.0000000""}]}}"
1248,1248,2023-03-10 05:09:55.6557974,6,Info,Microsoft-Windows-FilterManager,System,4,148,DESKTOP-887GK2L,11,S-1-5-18,,,,,,,,,,,False,C:\Users\turan\Desktop\defense-work-evtx-files\System.evtx,Classic,0,"{""EventData"":{""Data"":[{""@Name"":""FinalStatus"",""#text"":""0x0""},{""@Name"":""DeviceVersionMajor"",""#text"":""10""},{""@Name"":""DeviceVersionMinor"",""#text"":""0""},{""@Name"":""DeviceNameLength"",""#text"":""10""},{""@Name"":""DeviceName"",""#text"":""storqosflt""},{""@Name"":""DeviceTime"",""#text"":""2007-04-09 10:08:30.0000000""}]}}"
1249,1249,2023-03-10 05:09:55.6648301,6,Info,Microsoft-Windows-FilterManager,System,4,148,DESKTOP-887GK2L,11,S-1-5-18,,,,,,,,,,,False,C:\Users\turan\Desktop\defense-work-evtx-files\System.evtx,Classic,0,"{""EventData"":{""Data"":[{""@Name"":""FinalStatus"",""#text"":""0x0""},{""@Name"":""DeviceVersionMajor"",""#text"":""10""},{""@Name"":""DeviceVersionMinor"",""#text"":""0""},{""@Name"":""DeviceNameLength"",""#text"":""7""},{""@Name"":""DeviceName"",""#text"":""bindflt""},{""@Name"":""DeviceTime"",""#text"":""2070-08-23 01:34:13.0000000""}]}}"
1250,1250,2023-03-10 05:09:55.6963187,50036,Info,Microsoft-Windows-Dhcp-Client,System,1824,1912,DESKTOP-887GK2L,11,S-1-5-19,,,,,,,,,,,False,C:\Users\turan\Desktop\defense-work-evtx-files\System.evtx,0x2000000000000000,0,"{""EventData"":""""}"
1251,1251,2023-03-10 05:09:55.6965957,50103,Info,Microsoft-Windows-Dhcp-Client,System,1824,1912,DESKTOP-887GK2L,11,S-1-5-19,,,,,,,,,,,False,C:\Users\turan\Desktop\defense-work-evtx-files\System.evtx,0x2000000000000000,0,"{""EventData"":""""}"
1252,1252,2023-03-10 05:09:55.7179056,51046,Info,Microsoft-Windows-DHCPv6-Client,System,1824,2028,DESKTOP-887GK2L,11,S-1-5-19,,,,,,,,,,,False,C:\Users\turan\Desktop\defense-work-evtx-files\System.evtx,0x2000000000000000,0,"{""EventData"":""""}"
1253,1253,2023-03-10 05:09:56.3058987,7026,Info,Service Control Manager,System,744,748,DESKTOP-887GK2L,11,,,,,,,,,,,,False,C:\Users\turan\Desktop\defense-work-evtx-files\System.evtx,"Audit success, classic",0,"{""EventData"":{""Data"":{""@Name"":""param1"",""#text"":"", dam""}}}"
1254,1254,2023-03-10 05:10:04.7684782,1014,Warning,Microsoft-Windows-DNS-Client,System,2224,2488,DESKTOP-887GK2L,11,S-1-5-20,,,,,,,,,,,False,C:\Users\turan\Desktop\defense-work-evtx-files\System.evtx,0x4000000010000000,0,"{""EventData"":{""Data"":[{""@Name"":""QueryName"",""#text"":""wpad""},{""@Name"":""AddressLength"",""#text"":""128""},{""@Name"":""Address"",""#text"":""02-00-00-00-AC-11-4F-02-00-00-00-00-00-00-00-00-00-00-00-00-00-00-00-00-00-00-00-00-00-00-00-00-00-00-00-00-00-00-00-00-00-00-00-00-00-00-00-00-00-00-00-00-00-00-00-00-00-00-00-00-00-00-00-00-00-00-00-00-00-00-00-00-00-00-00-00-00-00-00-00-00-00-00-00-00-00-00-00-00-00-00-00-00-00-00-00-00-00-00-00-00-00-00-00-00-00-00-00-00-00-00-00-00-00-00-00-00-00-00-00-00-00-00-00-00-00-00-00""}]}}"
1255,1255,2023-03-10 05:10:07.2196758,7001,Info,Microsoft-Windows-Winlogon,System,724,840,DESKTOP-887GK2L,11,S-1-5-18,User logon,,,UserSID: S-1-5-21-3393683511-3463148672-371912004-1001,,,,,,,False,C:\Users\turan\Desktop\defense-work-evtx-files\System.evtx,0x2000200000000000,0,"{""EventData"":{""Data"":[{""@Name"":""TSId"",""#text"":""1""},{""@Name"":""UserSid"",""#text"":""S-1-5-21-3393683511-3463148672-371912004-1001""}]}}"
1256,1256,2023-03-10 05:10:17.1205884,7040,Info,Service Control Manager,System,744,3376,DESKTOP-887GK2L,11,S-1-5-18,Start type of a service has changed,,,The start type of the Background Intelligent Transfer Service was changed from demand start to auto start,,,,,,BITS,False,C:\Users\turan\Desktop\defense-work-evtx-files\System.evtx,"Audit success, classic",0,"{""EventData"":{""Data"":[{""@Name"":""param1"",""#text"":""Background Intelligent Transfer Service""},{""@Name"":""param2"",""#text"":""demand start""},{""@Name"":""param3"",""#text"":""auto start""},{""@Name"":""param4"",""#text"":""BITS""}]}}"
1257,1257,2023-03-10 05:11:57.2825079,10016,Warning,Microsoft-Windows-DistributedCOM,System,444,1892,DESKTOP-887GK2L,11,S-1-5-18,,,,,,,,,,,False,C:\Users\turan\Desktop\defense-work-evtx-files\System.evtx,"Audit success, classic",0,"{""EventData"":{""Data"":[{""@Name"":""param1"",""#text"":""application-specific""},{""@Name"":""param2"",""#text"":""Local""},{""@Name"":""param3"",""#text"":""Launch""},{""@Name"":""param4"",""#text"":""Windows.SecurityCenter.WscBrokerManager""},{""@Name"":""param5"",""#text"":""Unavailable""},{""@Name"":""param6"",""#text"":""NT AUTHORITY""},{""@Name"":""param7"",""#text"":""SYSTEM""},{""@Name"":""param8"",""#text"":""S-1-5-18""},{""@Name"":""param9"",""#text"":""LocalHost (Using LRPC)""},{""@Name"":""param10"",""#text"":""Unavailable""},{""@Name"":""param11"",""#text"":""Unavailable""}]}}"
1258,1258,2023-03-10 05:11:57.2825079,10016,Warning,Microsoft-Windows-DistributedCOM,System,444,584,DESKTOP-887GK2L,11,S-1-5-18,,,,,,,,,,,False,C:\Users\turan\Desktop\defense-work-evtx-files\System.evtx,"Audit success, classic",0,"{""EventData"":{""Data"":[{""@Name"":""param1"",""#text"":""application-specific""},{""@Name"":""param2"",""#text"":""Local""},{""@Name"":""param3"",""#text"":""Launch""},{""@Name"":""param4"",""#text"":""Windows.SecurityCenter.SecurityAppBroker""},{""@Name"":""param5"",""#text"":""Unavailable""},{""@Name"":""param6"",""#text"":""NT AUTHORITY""},{""@Name"":""param7"",""#text"":""SYSTEM""},{""@Name"":""param8"",""#text"":""S-1-5-18""},{""@Name"":""param9"",""#text"":""LocalHost (Using LRPC)""},{""@Name"":""param10"",""#text"":""Unavailable""},{""@Name"":""param11"",""#text"":""Unavailable""}]}}"
1259,1259,2023-03-10 05:11:57.2825079,10016,Warning,Microsoft-Windows-DistributedCOM,System,444,3036,DESKTOP-887GK2L,11,S-1-5-18,,,,,,,,,,,False,C:\Users\turan\Desktop\defense-work-evtx-files\System.evtx,"Audit success, classic",0,"{""EventData"":{""Data"":[{""@Name"":""param1"",""#text"":""application-specific""},{""@Name"":""param2"",""#text"":""Local""},{""@Name"":""param3"",""#text"":""Launch""},{""@Name"":""param4"",""#text"":""Windows.SecurityCenter.WscDataProtection""},{""@Name"":""param5"",""#text"":""Unavailable""},{""@Name"":""param6"",""#text"":""NT AUTHORITY""},{""@Name"":""param7"",""#text"":""SYSTEM""},{""@Name"":""param8"",""#text"":""S-1-5-18""},{""@Name"":""param9"",""#text"":""LocalHost (Using LRPC)""},{""@Name"":""param10"",""#text"":""Unavailable""},{""@Name"":""param11"",""#text"":""Unavailable""}]}}"
1260,1260,2023-03-10 05:11:58.8274052,37,Info,Microsoft-Windows-Time-Service,System,6944,8164,DESKTOP-887GK2L,11,S-1-5-19,Synchronizing system time from time service,,,ServerAddress: time.windows.com,"ServerIP: time.windows.com,0x9 (ntp.m|0x9|0.0.0.0:123-&gt;40.119.148.38:123)",,,,,,False,C:\Users\turan\Desktop\defense-work-evtx-files\System.evtx,Classic,0,"{""EventData"":{""@Name"":""TMP_EVENT_TIME_SOURCE_REACHABLE"",""Data"":{""@Name"":""TimeSource"",""#text"":""time.windows.com,0x9 (ntp.m|0x9|0.0.0.0:123-&gt;40.119.148.38:123)""}}}"
1261,1261,2023-03-10 05:12:13.1584383,35,Info,Microsoft-Windows-Time-Service,System,6944,8876,DESKTOP-887GK2L,11,S-1-5-19,Synchronizing system time from time service,,,ServerAddress: time.windows.com,"ServerIP: time.windows.com,0x9 (ntp.m|0x9|0.0.0.0:123-&gt;40.119.148.38:123)",,,,,,False,C:\Users\turan\Desktop\defense-work-evtx-files\System.evtx,Classic,0,"{""EventData"":{""@Name"":""TMP_EVENT_TIME_SOURCE_CHOSEN"",""Data"":[{""@Name"":""TimeSource"",""#text"":""time.windows.com,0x9 (ntp.m|0x9|0.0.0.0:123-&gt;40.119.148.38:123)""},{""@Name"":""TimeSourceRefId"",""#text"":""647264040""},{""@Name"":""CurrentStratumNumber"",""#text"":""4""}]}}"
1262,1262,2023-03-10 05:13:25.2382175,7045,Info,Service Control Manager,System,744,852,DESKTOP-887GK2L,11,S-1-5-21-3393683511-3463148672-371912004-1001,A new service was installed in the system,,,Name: KProcessHacker3,StartType: demand start,"Account: ",,,,C:\Program Files\Process Hacker 2\kprocesshacker.sys,False,C:\Users\turan\Desktop\defense-work-evtx-files\System.evtx,"Audit success, classic",0,"{""EventData"":{""Data"":[{""@Name"":""ServiceName"",""#text"":""KProcessHacker3""},{""@Name"":""ImagePath"",""#text"":""C:\\Program Files\\Process Hacker 2\\kprocesshacker.sys""},{""@Name"":""ServiceType"",""#text"":""kernel mode driver""},{""@Name"":""StartType"",""#text"":""demand start""},{""@Name"":""AccountName""}]}}"
1263,1263,2023-03-10 05:13:25.2752872,7045,Info,Service Control Manager,System,744,852,DESKTOP-887GK2L,11,S-1-5-18,A new service was installed in the system,,,Name: MpKslefdd42f6,StartType: demand start,"Account: ",,,,C:\ProgramData\Microsoft\Windows Defender\Definition Updates\{C4A77C05-E53B-483A-B7D2-487F984876C4}\MpKslDrv.sys,False,C:\Users\turan\Desktop\defense-work-evtx-files\System.evtx,"Audit success, classic",0,"{""EventData"":{""Data"":[{""@Name"":""ServiceName"",""#text"":""MpKslefdd42f6""},{""@Name"":""ImagePath"",""#text"":""C:\\ProgramData\\Microsoft\\Windows Defender\\Definition Updates\\{C4A77C05-E53B-483A-B7D2-487F984876C4}\\MpKslDrv.sys""},{""@Name"":""ServiceType"",""#text"":""kernel mode driver""},{""@Name"":""StartType"",""#text"":""demand start""},{""@Name"":""AccountName""}]}}"
1264,1264,2023-03-10 05:17:00.4146367,7040,Info,Service Control Manager,System,744,1164,DESKTOP-887GK2L,11,S-1-5-18,Start type of a service has changed,,,The start type of the Background Intelligent Transfer Service was changed from auto start to demand start,,,,,,BITS,False,C:\Users\turan\Desktop\defense-work-evtx-files\System.evtx,"Audit success, classic",0,"{""EventData"":{""Data"":[{""@Name"":""param1"",""#text"":""Background Intelligent Transfer Service""},{""@Name"":""param2"",""#text"":""auto start""},{""@Name"":""param3"",""#text"":""demand start""},{""@Name"":""param4"",""#text"":""BITS""}]}}"
1265,1265,2023-03-10 05:20:19.0706886,16,Info,Microsoft-Windows-Kernel-General,System,6996,7040,DESKTOP-887GK2L,11,S-1-5-18,,,,,,,,,,,False,C:\Users\turan\Desktop\defense-work-evtx-files\System.evtx,Classic,0,"{""EventData"":{""Data"":[{""@Name"":""HiveNameLength"",""#text"":""85""},{""@Name"":""HiveName"",""#text"":""\\??\\C:\\ProgramData\\Microsoft\\Provisioning\\Microsoft-Desktop-Provisioning-Sequence.dat""},{""@Name"":""KeysUpdated"",""#text"":""0""},{""@Name"":""DirtyPages"",""#text"":""0""}]}}"
1266,1266,2023-03-10 05:20:22.9831357,44,Info,Microsoft-Windows-WindowsUpdateClient,System,4616,4296,DESKTOP-887GK2L,11,S-1-5-18,,,,,,,,,,,False,C:\Users\turan\Desktop\defense-work-evtx-files\System.evtx,0x8000000000002004,0,"{""EventData"":{""Data"":[{""@Name"":""updateTitle"",""#text"":""Security Intelligence Update for Microsoft Defender Antivirus - KB2267602 (Version 1.383.1419.0)""},{""@Name"":""updateGuid"",""#text"":""867c53aa-906b-4332-9bbb-185e62a3e733""},{""@Name"":""updateRevisionNumber"",""#text"":""200""}]}}"
1267,1267,2023-03-10 05:20:22.9831377,43,Info,Microsoft-Windows-WindowsUpdateClient,System,4616,4296,DESKTOP-887GK2L,11,S-1-5-18,,,,,,,,,,,False,C:\Users\turan\Desktop\defense-work-evtx-files\System.evtx,0x8000000000002008,0,"{""EventData"":{""Data"":[{""@Name"":""updateTitle"",""#text"":""Security Intelligence Update for Microsoft Defender Antivirus - KB2267602 (Version 1.383.1419.0)""},{""@Name"":""updateGuid"",""#text"":""867c53aa-906b-4332-9bbb-185e62a3e733""},{""@Name"":""updateRevisionNumber"",""#text"":""200""}]}}"
1268,1268,2023-03-10 05:20:27.9997586,19,Info,Microsoft-Windows-WindowsUpdateClient,System,4616,4296,DESKTOP-887GK2L,11,S-1-5-18,,,,,,,,,,,False,C:\Users\turan\Desktop\defense-work-evtx-files\System.evtx,Installation,0,"{""EventData"":{""Data"":[{""@Name"":""updateTitle"",""#text"":""Security Intelligence Update for Microsoft Defender Antivirus - KB2267602 (Version 1.383.1419.0)""},{""@Name"":""updateGuid"",""#text"":""867c53aa-906b-4332-9bbb-185e62a3e733""},{""@Name"":""updateRevisionNumber"",""#text"":""200""},{""@Name"":""serviceGuid"",""#text"":""9482f4b4-e343-43b6-b170-9a65bc822c77""}]}}"
1269,1269,2023-03-10 05:31:40.7347001,1014,Warning,Microsoft-Windows-DNS-Client,System,2224,4708,DESKTOP-887GK2L,11,S-1-5-20,,,,,,,,,,,False,C:\Users\turan\Desktop\defense-work-evtx-files\System.evtx,0x4000000010000000,0,"{""EventData"":{""Data"":[{""@Name"":""QueryName"",""#text"":""wpad""},{""@Name"":""AddressLength"",""#text"":""128""},{""@Name"":""Address"",""#text"":""02-00-00-00-AC-11-4F-02-00-00-00-00-00-00-00-00-00-00-00-00-00-00-00-00-00-00-00-00-00-00-00-00-00-00-00-00-00-00-00-00-00-00-00-00-00-00-00-00-00-00-00-00-00-00-00-00-00-00-00-00-00-00-00-00-00-00-00-00-00-00-00-00-00-00-00-00-00-00-00-00-00-00-00-00-00-00-00-00-00-00-00-00-00-00-00-00-00-00-00-00-00-00-00-00-00-00-00-00-00-00-00-00-00-00-00-00-00-00-00-00-00-00-00-00-00-00-00-00""}]}}"
1270,1270,2023-03-22 08:19:19.8226482,12,Info,Microsoft-Windows-Kernel-General,System,4,8,DESKTOP-887GK2L,11,S-1-5-18,OS was started,,,StartTime: 2023-03-22 08:19:18.5000000,BootMode: Normal boot,,,,,,False,C:\Users\turan\Desktop\defense-work-evtx-files\System.evtx,State,0,"{""EventData"":{""Data"":[{""@Name"":""MajorVersion"",""#text"":""10""},{""@Name"":""MinorVersion"",""#text"":""0""},{""@Name"":""BuildVersion"",""#text"":""19041""},{""@Name"":""QfeVersion"",""#text"":""1288""},{""@Name"":""ServiceVersion"",""#text"":""0""},{""@Name"":""BootMode"",""#text"":""0""},{""@Name"":""StartTime"",""#text"":""2023-03-22 08:19:18.5000000""}]}}"
1271,1271,2023-03-22 08:19:19.8226990,153,Info,Microsoft-Windows-Kernel-Boot,System,4,8,DESKTOP-887GK2L,11,S-1-5-18,,,,,,,,,,,False,C:\Users\turan\Desktop\defense-work-evtx-files\System.evtx,Classic,0,"{""EventData"":{""Data"":[{""@Name"":""Status"",""#text"":""0""},{""@Name"":""EnableDisableReason"",""#text"":""0""},{""@Name"":""VsmPolicy"",""#text"":""0""}]}}"
1272,1272,2023-03-22 08:19:19.8227988,20,Info,Microsoft-Windows-Kernel-Boot,System,4,8,DESKTOP-887GK2L,11,S-1-5-18,,,,,,,,,,,False,C:\Users\turan\Desktop\defense-work-evtx-files\System.evtx,Classic,0,"{""EventData"":{""Data"":[{""@Name"":""LastShutdownGood"",""#text"":""False""},{""@Name"":""LastBootGood"",""#text"":""True""},{""@Name"":""LastBootId"",""#text"":""6""},{""@Name"":""BootStatusPolicy"",""#text"":""2""}]}}"
1273,1273,2023-03-22 08:19:19.8228493,238,Info,Microsoft-Windows-Kernel-Boot,System,4,8,DESKTOP-887GK2L,11,S-1-5-18,,,,,,,,,,,False,C:\Users\turan\Desktop\defense-work-evtx-files\System.evtx,Classic,0,"{""EventData"":{""Data"":[{""@Name"":""EfiTimeZoneBias"",""#text"":""2047""},{""@Name"":""EfiDaylightFlags"",""#text"":""0""}]}}"
1274,1274,2023-03-22 08:19:19.8228496,25,Info,Microsoft-Windows-Kernel-Boot,System,4,8,DESKTOP-887GK2L,11,S-1-5-18,,,,,,,,,,,False,C:\Users\turan\Desktop\defense-work-evtx-files\System.evtx,Classic,0,"{""EventData"":{""Data"":{""@Name"":""BootMenuPolicy"",""#text"":""1""}}}"
1275,1275,2023-03-22 08:19:19.8228498,27,Info,Microsoft-Windows-Kernel-Boot,System,4,8,DESKTOP-887GK2L,11,S-1-5-18,,,,,,,,,,,False,C:\Users\turan\Desktop\defense-work-evtx-files\System.evtx,Classic,0,"{""EventData"":{""Data"":[{""@Name"":""BootType"",""#text"":""0""},{""@Name"":""LoadOptions"",""#text"":"" NOEXECUTE=OPTIN""}]}}"
1276,1276,2023-03-22 08:19:19.8228647,18,Info,Microsoft-Windows-Kernel-Boot,System,4,8,DESKTOP-887GK2L,11,S-1-5-18,,,,,,,,,,,False,C:\Users\turan\Desktop\defense-work-evtx-files\System.evtx,Classic,0,"{""EventData"":{""Data"":{""@Name"":""EntryCount"",""#text"":""1""}}}"
1277,1277,2023-03-22 08:19:19.8228769,32,Info,Microsoft-Windows-Kernel-Boot,System,4,8,DESKTOP-887GK2L,11,S-1-5-18,,,,,,,,,,,False,C:\Users\turan\Desktop\defense-work-evtx-files\System.evtx,Classic,0,"{""EventData"":{""Data"":{""@Name"":""BitlockerUserInputTime"",""#text"":""0""}}}"
1278,1278,2023-03-22 08:19:19.8301189,20,Info,Microsoft-Windows-Kernel-General,System,4,8,DESKTOP-887GK2L,11,S-1-5-18,,,,,,,,,,,False,C:\Users\turan\Desktop\defense-work-evtx-files\System.evtx,Time,0,"{""EventData"":{""Data"":[{""@Name"":""UpdateReason"",""#text"":""0""},{""@Name"":""EnabledNew"",""#text"":""True""},{""@Name"":""CountNew"",""#text"":""0""},{""@Name"":""CountOld"",""#text"":""0""}]}}"
1279,1279,2023-03-22 08:19:27.5835727,6008,Error,EventLog,System,0,0,DESKTOP-887GK2L,11,,Unexpected system shutdown,,,"Timestamp: 9:09:55 PM, ‎3/‎9/‎2023, 9",,,,,,,False,C:\Users\turan\Desktop\defense-work-evtx-files\System.evtx,0x80000000000000,0,"{""EventData"":{""Data"":""9:09:55 PM, ‎3/‎9/‎2023, 9"",""Binary"":""E7-07-03-00-04-00-09-00-15-00-09-00-37-00-6A-02-E7-07-03-00-05-00-0A-00-05-00-09-00-37-00-6A-02-3C-00-00-00-3C-00-00-00-00-00-00-00-00-00-00-00-00-00-00-00-00-00-00-00-01-00-00-00-00-00-00-00""}}"
1280,1280,2023-03-22 08:19:27.5835727,6009,Info,EventLog,System,0,0,DESKTOP-887GK2L,11,,,,,,,,,,,,False,C:\Users\turan\Desktop\defense-work-evtx-files\System.evtx,0x80000000000000,0,"{""EventData"":{""Data"":""10.00., 19044, Multiprocessor Free, 0"",""Binary"":""""}}"
1281,1281,2023-03-22 08:19:27.5835727,6005,Info,EventLog,System,0,0,DESKTOP-887GK2L,11,,The Event log service was started,,,Computer: DESKTOP-887GK2L,,,,,,,False,C:\Users\turan\Desktop\defense-work-evtx-files\System.evtx,0x80000000000000,0,"{""EventData"":{""Data"":"""",""Binary"":""E7-07-03-00-03-00-16-00-08-00-13-00-1B-00-47-02-00-00-00-00-00-00-00-00""}}"
1282,1282,2023-03-22 08:19:27.5835727,6013,Info,EventLog,System,0,0,DESKTOP-887GK2L,11,,System uptime,,,The system uptime is 9 seconds,"TimeZone: 60, 480 Pacific Standard Time",,,,,,False,C:\Users\turan\Desktop\defense-work-evtx-files\System.evtx,0x80000000000000,0,"{""EventData"":{""Data"":""9, 60, 480 Pacific Standard Time"",""Binary"":""31-00-2E-00-31-00-00-00-30-00-00-00-57-00-69-00-6E-00-64-00-6F-00-77-00-73-00-20-00-31-00-30-00-20-00-50-00-72-00-6F-00-20-00-4E-00-00-00-31-00-30-00-2E-00-30-00-2E-00-31-00-39-00-30-00-34-00-34-00-20-00-42-00-75-00-69-00-6C-00-64-00-20-00-31-00-39-00-30-00-34-00-34-00-20-00-20-00-00-00-4D-00-75-00-6C-00-74-00-69-00-70-00-72-00-6F-00-63-00-65-00-73-00-73-00-6F-00-72-00-20-00-46-00-72-00-65-00-65-00-00-00-31-00-39-00-30-00-34-00-31-00-2E-00-76-00-62-00-5F-00-72-00-65-00-6C-00-65-00-61-00-73-00-65-00-2E-00-31-00-39-00-31-00-32-00-30-00-36-00-2D-00-31-00-34-00-30-00-36-00-00-00-36-00-33-00-64-00-39-00-62-00-35-00-32-00-65-00-00-00-4E-00-6F-00-74-00-20-00-41-00-76-00-61-00-69-00-6C-00-61-00-62-00-6C-00-65-00-00-00-4E-00-6F-00-74-00-20-00-41-00-76-00-61-00-69-00-6C-00-61-00-62-00-6C-00-65-00-00-00-39-00-00-00-38-00-00-00-31-00-30-00-30-00-38-00-38-00-00-00-34-00-30-00-39-00-00-00-44-00-45-00-53-00-4B-00-54-00-4F-00-50-00-2D-00-38-00-38-00-37-00-47-00-4B-00-32-00-4C-00-00-00-00-00""}}"
1283,1283,2023-03-22 08:19:19.9528413,16,Info,Microsoft-Windows-HAL,System,4,8,DESKTOP-887GK2L,11,S-1-5-18,,,,,,,,,,,False,C:\Users\turan\Desktop\defense-work-evtx-files\System.evtx,Classic,0,"{""EventData"":""""}"
1284,1284,2023-03-22 08:19:21.8651286,3,Info,vmci,System,4,160,DESKTOP-887GK2L,11,,,,,,,,,,,,False,C:\Users\turan\Desktop\defense-work-evtx-files\System.evtx,0x80000000000000,0,"{""EventData"":{""Data"":""VMCI: Using capabilities (0x1c).\n"",""Binary"":""00-00-00-00-02-00-28-00-00-00-00-00-03-00-08-40-03-00-08-40-00-00-00-00-00-00-00-00-00-00-00-00-00-00-00-00-00-00-00-00""}}"
1285,1285,2023-03-22 08:19:23.8153109,6,Info,Microsoft-Windows-FilterManager,System,4,8,DESKTOP-887GK2L,11,S-1-5-18,,,,,,,,,,,False,C:\Users\turan\Desktop\defense-work-evtx-files\System.evtx,Classic,0,"{""EventData"":{""Data"":[{""@Name"":""FinalStatus"",""#text"":""0x0""},{""@Name"":""DeviceVersionMajor"",""#text"":""10""},{""@Name"":""DeviceVersionMinor"",""#text"":""0""},{""@Name"":""DeviceNameLength"",""#text"":""8""},{""@Name"":""DeviceName"",""#text"":""FileInfo""},{""@Name"":""DeviceTime"",""#text"":""2062-12-22 22:21:06.0000000""}]}}"
1286,1286,2023-03-22 08:19:23.8161414,6,Info,Microsoft-Windows-FilterManager,System,4,8,DESKTOP-887GK2L,11,S-1-5-18,,,,,,,,,,,False,C:\Users\turan\Desktop\defense-work-evtx-files\System.evtx,Classic,0,"{""EventData"":{""Data"":[{""@Name"":""FinalStatus"",""#text"":""0x0""},{""@Name"":""DeviceVersionMajor"",""#text"":""10""},{""@Name"":""DeviceVersionMinor"",""#text"":""0""},{""@Name"":""DeviceNameLength"",""#text"":""3""},{""@Name"":""DeviceName"",""#text"":""Wof""},{""@Name"":""DeviceTime"",""#text"":""2024-08-23 07:35:41.0000000""}]}}"
1287,1287,2023-03-22 08:19:23.8173461,6,Info,Microsoft-Windows-FilterManager,System,4,8,DESKTOP-887GK2L,11,S-1-5-18,,,,,,,,,,,False,C:\Users\turan\Desktop\defense-work-evtx-files\System.evtx,Classic,0,"{""EventData"":{""Data"":[{""@Name"":""FinalStatus"",""#text"":""0x0""},{""@Name"":""DeviceVersionMajor"",""#text"":""10""},{""@Name"":""DeviceVersionMinor"",""#text"":""0""},{""@Name"":""DeviceNameLength"",""#text"":""8""},{""@Name"":""DeviceName"",""#text"":""WdFilter""},{""@Name"":""DeviceTime"",""#text"":""2101-02-28 04:30:25.0000000""}]}}"
1288,1288,2023-03-22 08:19:23.9777780,98,Info,Microsoft-Windows-Ntfs,System,4,356,DESKTOP-887GK2L,11,S-1-5-18,,,,,,,,,,,False,C:\Users\turan\Desktop\defense-work-evtx-files\System.evtx,0x8000000000000002,0,"{""EventData"":{""Data"":[{""@Name"":""DriveName"",""#text"":""C:""},{""@Name"":""DeviceName"",""#text"":""\\Device\\HarddiskVolume3""},{""@Name"":""CorruptionActionState"",""#text"":""0""}]}}"
1289,1289,2023-03-22 08:19:24.0739432,6,Info,Microsoft-Windows-FilterManager,System,4,8,DESKTOP-887GK2L,11,S-1-5-18,,,,,,,,,,,False,C:\Users\turan\Desktop\defense-work-evtx-files\System.evtx,Classic,0,"{""EventData"":{""Data"":[{""@Name"":""FinalStatus"",""#text"":""0x0""},{""@Name"":""DeviceVersionMajor"",""#text"":""10""},{""@Name"":""DeviceVersionMinor"",""#text"":""0""},{""@Name"":""DeviceNameLength"",""#text"":""9""},{""@Name"":""DeviceName"",""#text"":""FileCrypt""},{""@Name"":""DeviceTime"",""#text"":""2002-03-01 04:12:42.0000000""}]}}"
1290,1290,2023-03-22 08:19:24.2225628,6,Info,Microsoft-Windows-FilterManager,System,4,8,DESKTOP-887GK2L,11,S-1-5-18,,,,,,,,,,,False,C:\Users\turan\Desktop\defense-work-evtx-files\System.evtx,Classic,0,"{""EventData"":{""Data"":[{""@Name"":""FinalStatus"",""#text"":""0x0""},{""@Name"":""DeviceVersionMajor"",""#text"":""10""},{""@Name"":""DeviceVersionMinor"",""#text"":""0""},{""@Name"":""DeviceNameLength"",""#text"":""9""},{""@Name"":""DeviceName"",""#text"":""npsvctrig""},{""@Name"":""DeviceTime"",""#text"":""2025-01-05 19:41:12.0000000""}]}}"
1291,1291,2023-03-22 08:19:24.2667287,41,Critical,Microsoft-Windows-Kernel-Power,System,4,8,DESKTOP-887GK2L,11,S-1-5-18,,,,,,,,,,,False,C:\Users\turan\Desktop\defense-work-evtx-files\System.evtx,0x8000400000000002,0,"{""EventData"":{""Data"":[{""@Name"":""BugcheckCode"",""#text"":""0""},{""@Name"":""BugcheckParameter1"",""#text"":""0x0""},{""@Name"":""BugcheckParameter2"",""#text"":""0x0""},{""@Name"":""BugcheckParameter3"",""#text"":""0x0""},{""@Name"":""BugcheckParameter4"",""#text"":""0x0""},{""@Name"":""SleepInProgress"",""#text"":""0""},{""@Name"":""PowerButtonTimestamp"",""#text"":""0""},{""@Name"":""BootAppStatus"",""#text"":""0""},{""@Name"":""Checkpoint"",""#text"":""0""},{""@Name"":""ConnectedStandbyInProgress"",""#text"":""False""},{""@Name"":""SystemSleepTransitionsToOn"",""#text"":""0""},{""@Name"":""CsEntryScenarioInstanceId"",""#text"":""0""},{""@Name"":""BugcheckInfoFromEFI"",""#text"":""False""},{""@Name"":""CheckpointStatus"",""#text"":""0""},{""@Name"":""CsEntryScenarioInstanceIdV2"",""#text"":""0""},{""@Name"":""LongPowerButtonPressDetected"",""#text"":""False""}]}}"
1292,1292,2023-03-22 08:19:24.2671780,172,Info,Microsoft-Windows-Kernel-Power,System,4,356,DESKTOP-887GK2L,11,S-1-5-18,,,,,,,,,,,False,C:\Users\turan\Desktop\defense-work-evtx-files\System.evtx,0x8000000000000404,0,"{""EventData"":{""Data"":[{""@Name"":""State"",""#text"":""2""},{""@Name"":""Reason"",""#text"":""6""}]}}"
1293,1293,2023-03-22 08:19:24.4786020,55,Info,Microsoft-Windows-Kernel-Processor-Power,System,4,228,DESKTOP-887GK2L,11,S-1-5-18,,,,,,,,,,,False,C:\Users\turan\Desktop\defense-work-evtx-files\System.evtx,Classic,0,"{""EventData"":{""Data"":[{""@Name"":""Group"",""#text"":""0""},{""@Name"":""Number"",""#text"":""0""},{""@Name"":""IdleStateCount"",""#text"":""1""},{""@Name"":""IdleImplementation"",""#text"":""1""},{""@Name"":""NominalFrequency"",""#text"":""3693""},{""@Name"":""MaximumPerformancePercent"",""#text"":""100""},{""@Name"":""MinimumPerformancePercent"",""#text"":""100""},{""@Name"":""MinimumThrottlePercent"",""#text"":""100""},{""@Name"":""PerformanceImplementation"",""#text"":""0""}]}}"
1294,1294,2023-03-22 08:19:24.4793855,55,Info,Microsoft-Windows-Kernel-Processor-Power,System,4,228,DESKTOP-887GK2L,11,S-1-5-18,,,,,,,,,,,False,C:\Users\turan\Desktop\defense-work-evtx-files\System.evtx,Classic,0,"{""EventData"":{""Data"":[{""@Name"":""Group"",""#text"":""0""},{""@Name"":""Number"",""#text"":""1""},{""@Name"":""IdleStateCount"",""#text"":""1""},{""@Name"":""IdleImplementation"",""#text"":""1""},{""@Name"":""NominalFrequency"",""#text"":""3693""},{""@Name"":""MaximumPerformancePercent"",""#text"":""100""},{""@Name"":""MinimumPerformancePercent"",""#text"":""100""},{""@Name"":""MinimumThrottlePercent"",""#text"":""100""},{""@Name"":""PerformanceImplementation"",""#text"":""0""}]}}"
1295,1295,2023-03-22 08:19:24.4800174,55,Info,Microsoft-Windows-Kernel-Processor-Power,System,4,228,DESKTOP-887GK2L,11,S-1-5-18,,,,,,,,,,,False,C:\Users\turan\Desktop\defense-work-evtx-files\System.evtx,Classic,0,"{""EventData"":{""Data"":[{""@Name"":""Group"",""#text"":""0""},{""@Name"":""Number"",""#text"":""2""},{""@Name"":""IdleStateCount"",""#text"":""1""},{""@Name"":""IdleImplementation"",""#text"":""1""},{""@Name"":""NominalFrequency"",""#text"":""3693""},{""@Name"":""MaximumPerformancePercent"",""#text"":""100""},{""@Name"":""MinimumPerformancePercent"",""#text"":""100""},{""@Name"":""MinimumThrottlePercent"",""#text"":""100""},{""@Name"":""PerformanceImplementation"",""#text"":""0""}]}}"
1296,1296,2023-03-22 08:19:24.4805896,55,Info,Microsoft-Windows-Kernel-Processor-Power,System,4,228,DESKTOP-887GK2L,11,S-1-5-18,,,,,,,,,,,False,C:\Users\turan\Desktop\defense-work-evtx-files\System.evtx,Classic,0,"{""EventData"":{""Data"":[{""@Name"":""Group"",""#text"":""0""},{""@Name"":""Number"",""#text"":""3""},{""@Name"":""IdleStateCount"",""#text"":""1""},{""@Name"":""IdleImplementation"",""#text"":""1""},{""@Name"":""NominalFrequency"",""#text"":""3693""},{""@Name"":""MaximumPerformancePercent"",""#text"":""100""},{""@Name"":""MinimumPerformancePercent"",""#text"":""100""},{""@Name"":""MinimumThrottlePercent"",""#text"":""100""},{""@Name"":""PerformanceImplementation"",""#text"":""0""}]}}"
1297,1297,2023-03-22 08:19:24.4811334,55,Info,Microsoft-Windows-Kernel-Processor-Power,System,4,228,DESKTOP-887GK2L,11,S-1-5-18,,,,,,,,,,,False,C:\Users\turan\Desktop\defense-work-evtx-files\System.evtx,Classic,0,"{""EventData"":{""Data"":[{""@Name"":""Group"",""#text"":""0""},{""@Name"":""Number"",""#text"":""4""},{""@Name"":""IdleStateCount"",""#text"":""1""},{""@Name"":""IdleImplementation"",""#text"":""1""},{""@Name"":""NominalFrequency"",""#text"":""3693""},{""@Name"":""MaximumPerformancePercent"",""#text"":""100""},{""@Name"":""MinimumPerformancePercent"",""#text"":""100""},{""@Name"":""MinimumThrottlePercent"",""#text"":""100""},{""@Name"":""PerformanceImplementation"",""#text"":""0""}]}}"
1298,1298,2023-03-22 08:19:24.4816990,55,Info,Microsoft-Windows-Kernel-Processor-Power,System,4,228,DESKTOP-887GK2L,11,S-1-5-18,,,,,,,,,,,False,C:\Users\turan\Desktop\defense-work-evtx-files\System.evtx,Classic,0,"{""EventData"":{""Data"":[{""@Name"":""Group"",""#text"":""0""},{""@Name"":""Number"",""#text"":""5""},{""@Name"":""IdleStateCount"",""#text"":""1""},{""@Name"":""IdleImplementation"",""#text"":""1""},{""@Name"":""NominalFrequency"",""#text"":""3693""},{""@Name"":""MaximumPerformancePercent"",""#text"":""100""},{""@Name"":""MinimumPerformancePercent"",""#text"":""100""},{""@Name"":""MinimumThrottlePercent"",""#text"":""100""},{""@Name"":""PerformanceImplementation"",""#text"":""0""}]}}"
1299,1299,2023-03-22 08:19:24.4822815,55,Info,Microsoft-Windows-Kernel-Processor-Power,System,4,228,DESKTOP-887GK2L,11,S-1-5-18,,,,,,,,,,,False,C:\Users\turan\Desktop\defense-work-evtx-files\System.evtx,Classic,0,"{""EventData"":{""Data"":[{""@Name"":""Group"",""#text"":""0""},{""@Name"":""Number"",""#text"":""6""},{""@Name"":""IdleStateCount"",""#text"":""1""},{""@Name"":""IdleImplementation"",""#text"":""1""},{""@Name"":""NominalFrequency"",""#text"":""3693""},{""@Name"":""MaximumPerformancePercent"",""#text"":""100""},{""@Name"":""MinimumPerformancePercent"",""#text"":""100""},{""@Name"":""MinimumThrottlePercent"",""#text"":""100""},{""@Name"":""PerformanceImplementation"",""#text"":""0""}]}}"
1300,1300,2023-03-22 08:19:24.4828415,55,Info,Microsoft-Windows-Kernel-Processor-Power,System,4,228,DESKTOP-887GK2L,11,S-1-5-18,,,,,,,,,,,False,C:\Users\turan\Desktop\defense-work-evtx-files\System.evtx,Classic,0,"{""EventData"":{""Data"":[{""@Name"":""Group"",""#text"":""0""},{""@Name"":""Number"",""#text"":""7""},{""@Name"":""IdleStateCount"",""#text"":""1""},{""@Name"":""IdleImplementation"",""#text"":""1""},{""@Name"":""NominalFrequency"",""#text"":""3693""},{""@Name"":""MaximumPerformancePercent"",""#text"":""100""},{""@Name"":""MinimumPerformancePercent"",""#text"":""100""},{""@Name"":""MinimumThrottlePercent"",""#text"":""100""},{""@Name"":""PerformanceImplementation"",""#text"":""0""}]}}"
1301,1301,2023-03-22 08:19:24.6174898,98,Info,Microsoft-Windows-Ntfs,System,4,32,DESKTOP-887GK2L,11,S-1-5-18,,,,,,,,,,,False,C:\Users\turan\Desktop\defense-work-evtx-files\System.evtx,0x8000000000000002,0,"{""EventData"":{""Data"":[{""@Name"":""DriveName"",""#text"":""\\\\?\\Volume{3e1ae928-61ee-4947-af5a-9cabbd50feef}""},{""@Name"":""DeviceName"",""#text"":""\\Device\\HarddiskVolume4""},{""@Name"":""CorruptionActionState"",""#text"":""0""}]}}"
1302,1302,2023-03-22 08:19:24.6379362,16,Info,Microsoft-Windows-Kernel-General,System,140,480,DESKTOP-887GK2L,11,S-1-5-18,,,,,,,,,,,False,C:\Users\turan\Desktop\defense-work-evtx-files\System.evtx,Classic,0,"{""EventData"":{""Data"":[{""@Name"":""HiveNameLength"",""#text"":""31""},{""@Name"":""HiveName"",""#text"":""\\SystemRoot\\System32\\Config\\SAM""},{""@Name"":""KeysUpdated"",""#text"":""67""},{""@Name"":""DirtyPages"",""#text"":""7""}]}}"
1303,1303,2023-03-22 08:19:24.6401478,16,Info,Microsoft-Windows-Kernel-General,System,140,464,DESKTOP-887GK2L,11,S-1-5-18,,,,,,,,,,,False,C:\Users\turan\Desktop\defense-work-evtx-files\System.evtx,Classic,0,"{""EventData"":{""Data"":[{""@Name"":""HiveNameLength"",""#text"":""36""},{""@Name"":""HiveName"",""#text"":""\\SystemRoot\\System32\\Config\\SECURITY""},{""@Name"":""KeysUpdated"",""#text"":""75""},{""@Name"":""DirtyPages"",""#text"":""4""}]}}"
1304,1304,2023-03-22 08:19:24.6490240,16,Info,Microsoft-Windows-Kernel-General,System,140,476,DESKTOP-887GK2L,11,S-1-5-18,,,,,,,,,,,False,C:\Users\turan\Desktop\defense-work-evtx-files\System.evtx,Classic,0,"{""EventData"":{""Data"":[{""@Name"":""HiveNameLength"",""#text"":""35""},{""@Name"":""HiveName"",""#text"":""\\SystemRoot\\System32\\Config\\DEFAULT""},{""@Name"":""KeysUpdated"",""#text"":""393""},{""@Name"":""DirtyPages"",""#text"":""46""}]}}"
1305,1305,2023-03-22 08:19:24.8385590,32,Info,e1i65x64,System,4,376,DESKTOP-887GK2L,11,,,,,,,,,,,,False,C:\Users\turan\Desktop\defense-work-evtx-files\System.evtx,0x80000000000000,0,"{""EventData"":{""Data"":""Intel(R) 82574L Gigabit Network Connection"",""Binary"":""00-00-04-00-02-00-30-00-00-00-00-00-20-00-04-60-00-00-00-00-00-00-00-00-00-00-00-00-00-00-00-00-00-00-00-00-00-00-00-00-20-00-04-60""}}"
1306,1306,2023-03-22 08:19:26.1955757,15,Info,Microsoft-Windows-Kernel-General,System,140,468,DESKTOP-887GK2L,11,S-1-5-18,,,,,,,,,,,False,C:\Users\turan\Desktop\defense-work-evtx-files\System.evtx,Classic,0,"{""EventData"":{""Data"":[{""@Name"":""HiveNameLength"",""#text"":""36""},{""@Name"":""HiveName"",""#text"":""\\SystemRoot\\System32\\Config\\SOFTWARE""},{""@Name"":""OriginalSize"",""#text"":""69939200""},{""@Name"":""NewSize"",""#text"":""69910528""}]}}"
1307,1307,2023-03-22 08:19:26.2209936,24,Info,Microsoft-Windows-Kernel-General,System,140,500,DESKTOP-887GK2L,11,S-1-5-18,,,,,,,,,,,False,C:\Users\turan\Desktop\defense-work-evtx-files\System.evtx,Time,0,"{""EventData"":{""Data"":[{""@Name"":""ExitReason"",""#text"":""0""},{""@Name"":""CurrentBias"",""#text"":""420""},{""@Name"":""CurrentTimeZoneID"",""#text"":""2""},{""@Name"":""TimeZoneInfoCacheUpdated"",""#text"":""0""},{""@Name"":""FirstRefresh"",""#text"":""0""}]}}"
1308,1308,2023-03-22 08:19:26.2241834,16,Info,Microsoft-Windows-Kernel-General,System,404,408,DESKTOP-887GK2L,11,S-1-5-18,,,,,,,,,,,False,C:\Users\turan\Desktop\defense-work-evtx-files\System.evtx,Classic,0,"{""EventData"":{""Data"":[{""@Name"":""HiveNameLength"",""#text"":""46""},{""@Name"":""HiveName"",""#text"":""\\Device\\HarddiskVolume1\\EFI\\Microsoft\\Boot\\BCD""},{""@Name"":""KeysUpdated"",""#text"":""73""},{""@Name"":""DirtyPages"",""#text"":""5""}]}}"
1309,1309,2023-03-22 08:19:27.0051156,14,Info,Microsoft-Windows-Wininit,System,604,608,DESKTOP-887GK2L,11,S-1-5-18,,,,,,,,,,,False,C:\Users\turan\Desktop\defense-work-evtx-files\System.evtx,0x4000000000000000,0,"{""EventData"":{""Data"":[{""@Name"":""Config"",""#text"":""0""},{""@Name"":""IsTestConfig"",""#text"":""0""}]}}"
1310,1310,2023-03-22 08:19:27.2051224,16962,Info,Microsoft-Windows-Directory-Services-SAM,System,768,772,DESKTOP-887GK2L,11,S-1-5-18,,,,,,,,,,,False,C:\Users\turan\Desktop\defense-work-evtx-files\System.evtx,Classic,0,"{""EventData"":{""@Name"":""SAMMSG_RESTRICT_REMOTE_SAM_DEFAULT_SD"",""Data"":{""@Name"":""Default SD String:"",""#text"":""O:SYG:SYD:(A;;RC;;;BA)""}}}"
1311,1311,2023-03-22 08:19:27.2126311,16977,Info,Microsoft-Windows-Directory-Services-SAM,System,768,772,DESKTOP-887GK2L,11,S-1-5-18,,,,,,,,,,,False,C:\Users\turan\Desktop\defense-work-evtx-files\System.evtx,Classic,0,"{""EventData"":{""@Name"":""SAMMSG_MINPWDLEN_SETTINGS_IN_EFFECT"",""Data"":[{""@Name"":""MinimumPasswordLength"",""#text"":""0""},{""@Name"":""RelaxMinimumPasswordLengthLimits"",""#text"":""0""},{""@Name"":""MinimumPasswordLengthAudit"",""#text"":""-1""}]}}"
1312,1312,2023-03-22 08:19:27.2126361,16983,Info,Microsoft-Windows-Directory-Services-SAM,System,768,772,DESKTOP-887GK2L,11,S-1-5-18,,,,,,,,,,,False,C:\Users\turan\Desktop\defense-work-evtx-files\System.evtx,Classic,0,"{""EventData"":{""@Name"":""SAMMSG_AUDIT_LEGACY_PWD_RPC_METHODS_OFF""}}"
1313,1313,2023-03-22 08:19:27.3256740,16,Info,Microsoft-Windows-Kernel-General,System,748,752,DESKTOP-887GK2L,11,S-1-5-18,,,,,,,,,,,False,C:\Users\turan\Desktop\defense-work-evtx-files\System.evtx,Classic,0,"{""EventData"":{""Data"":[{""@Name"":""HiveNameLength"",""#text"":""56""},{""@Name"":""HiveName"",""#text"":""\\??\\C:\\Windows\\ServiceProfiles\\NetworkService\\NTUSER.DAT""},{""@Name"":""KeysUpdated"",""#text"":""99""},{""@Name"":""DirtyPages"",""#text"":""15""}]}}"
1314,1314,2023-03-22 08:19:27.5077600,16,Info,Microsoft-Windows-Kernel-General,System,896,996,DESKTOP-887GK2L,11,S-1-5-18,,,,,,,,,,,False,C:\Users\turan\Desktop\defense-work-evtx-files\System.evtx,Classic,0,"{""EventData"":{""Data"":[{""@Name"":""HiveNameLength"",""#text"":""31""},{""@Name"":""HiveName"",""#text"":""\\SystemRoot\\System32\\Config\\BBI""},{""@Name"":""KeysUpdated"",""#text"":""145""},{""@Name"":""DirtyPages"",""#text"":""33""}]}}"
1315,1315,2023-03-22 08:19:27.5113064,16,Info,Microsoft-Windows-Kernel-General,System,748,840,DESKTOP-887GK2L,11,S-1-5-18,,,,,,,,,,,False,C:\Users\turan\Desktop\defense-work-evtx-files\System.evtx,Classic,0,"{""EventData"":{""Data"":[{""@Name"":""HiveNameLength"",""#text"":""54""},{""@Name"":""HiveName"",""#text"":""\\??\\C:\\Windows\\ServiceProfiles\\LocalService\\NTUSER.DAT""},{""@Name"":""KeysUpdated"",""#text"":""57""},{""@Name"":""DirtyPages"",""#text"":""15""}]}}"
1316,1316,2023-03-22 08:19:27.5712481,6,Info,Microsoft-Windows-FilterManager,System,4,32,DESKTOP-887GK2L,11,S-1-5-18,,,,,,,,,,,False,C:\Users\turan\Desktop\defense-work-evtx-files\System.evtx,Classic,0,"{""EventData"":{""Data"":[{""@Name"":""FinalStatus"",""#text"":""0x0""},{""@Name"":""DeviceVersionMajor"",""#text"":""10""},{""@Name"":""DeviceVersionMinor"",""#text"":""0""},{""@Name"":""DeviceNameLength"",""#text"":""5""},{""@Name"":""DeviceName"",""#text"":""wcifs""},{""@Name"":""DeviceTime"",""#text"":""2080-03-16 05:57:52.0000000""}]}}"
1317,1317,2023-03-22 08:19:27.5872268,6,Info,Microsoft-Windows-FilterManager,System,4,504,DESKTOP-887GK2L,11,S-1-5-18,,,,,,,,,,,False,C:\Users\turan\Desktop\defense-work-evtx-files\System.evtx,Classic,0,"{""EventData"":{""Data"":[{""@Name"":""FinalStatus"",""#text"":""0x0""},{""@Name"":""DeviceVersionMajor"",""#text"":""10""},{""@Name"":""DeviceVersionMinor"",""#text"":""0""},{""@Name"":""DeviceNameLength"",""#text"":""5""},{""@Name"":""DeviceName"",""#text"":""luafv""},{""@Name"":""DeviceTime"",""#text"":""2041-09-18 22:13:33.0000000""}]}}"
1318,1318,2023-03-22 08:19:27.5970467,6,Info,Microsoft-Windows-FilterManager,System,4,504,DESKTOP-887GK2L,11,S-1-5-18,,,,,,,,,,,False,C:\Users\turan\Desktop\defense-work-evtx-files\System.evtx,Classic,0,"{""EventData"":{""Data"":[{""@Name"":""FinalStatus"",""#text"":""0x0""},{""@Name"":""DeviceVersionMajor"",""#text"":""10""},{""@Name"":""DeviceVersionMinor"",""#text"":""0""},{""@Name"":""DeviceNameLength"",""#text"":""6""},{""@Name"":""DeviceName"",""#text"":""CldFlt""},{""@Name"":""DeviceTime"",""#text"":""2033-11-18 19:49:10.0000000""}]}}"
1319,1319,2023-03-22 08:19:27.5970777,1,Info,Microsoft-Windows-FilterManager,System,4,504,DESKTOP-887GK2L,11,S-1-5-18,,,,,,,,,,,False,C:\Users\turan\Desktop\defense-work-evtx-files\System.evtx,Classic,0,"{""EventData"":{""Data"":[{""@Name"":""FinalStatus"",""#text"":""0x0""},{""@Name"":""DeviceVersionMajor"",""#text"":""10""},{""@Name"":""DeviceVersionMinor"",""#text"":""0""},{""@Name"":""DeviceNameLength"",""#text"":""6""},{""@Name"":""DeviceName"",""#text"":""CldFlt""},{""@Name"":""DeviceTime"",""#text"":""2033-11-18 19:49:10.0000000""}]}}"
1320,1320,2023-03-22 08:19:27.5971095,6,Info,Microsoft-Windows-FilterManager,System,4,504,DESKTOP-887GK2L,11,S-1-5-18,,,,,,,,,,,False,C:\Users\turan\Desktop\defense-work-evtx-files\System.evtx,Classic,0,"{""EventData"":{""Data"":[{""@Name"":""FinalStatus"",""#text"":""0x0""},{""@Name"":""DeviceVersionMajor"",""#text"":""10""},{""@Name"":""DeviceVersionMinor"",""#text"":""0""},{""@Name"":""DeviceNameLength"",""#text"":""6""},{""@Name"":""DeviceName"",""#text"":""CldFlt""},{""@Name"":""DeviceTime"",""#text"":""2033-11-18 19:49:10.0000000""}]}}"
1321,1321,2023-03-22 08:19:27.6004572,6,Info,Microsoft-Windows-FilterManager,System,4,504,DESKTOP-887GK2L,11,S-1-5-18,,,,,,,,,,,False,C:\Users\turan\Desktop\defense-work-evtx-files\System.evtx,Classic,0,"{""EventData"":{""Data"":[{""@Name"":""FinalStatus"",""#text"":""0x0""},{""@Name"":""DeviceVersionMajor"",""#text"":""10""},{""@Name"":""DeviceVersionMinor"",""#text"":""0""},{""@Name"":""DeviceNameLength"",""#text"":""10""},{""@Name"":""DeviceName"",""#text"":""storqosflt""},{""@Name"":""DeviceTime"",""#text"":""2007-04-09 11:08:30.0000000""}]}}"
1322,1322,2023-03-22 08:19:27.6047480,6,Info,Microsoft-Windows-FilterManager,System,4,504,DESKTOP-887GK2L,11,S-1-5-18,,,,,,,,,,,False,C:\Users\turan\Desktop\defense-work-evtx-files\System.evtx,Classic,0,"{""EventData"":{""Data"":[{""@Name"":""FinalStatus"",""#text"":""0x0""},{""@Name"":""DeviceVersionMajor"",""#text"":""10""},{""@Name"":""DeviceVersionMinor"",""#text"":""0""},{""@Name"":""DeviceNameLength"",""#text"":""7""},{""@Name"":""DeviceName"",""#text"":""bindflt""},{""@Name"":""DeviceTime"",""#text"":""2070-08-23 02:34:13.0000000""}]}}"
1323,1323,2023-03-22 08:19:27.6323716,50036,Info,Microsoft-Windows-Dhcp-Client,System,1560,1632,DESKTOP-887GK2L,11,S-1-5-19,,,,,,,,,,,False,C:\Users\turan\Desktop\defense-work-evtx-files\System.evtx,0x2000000000000000,0,"{""EventData"":""""}"
1324,1324,2023-03-22 08:19:27.6324135,50103,Info,Microsoft-Windows-Dhcp-Client,System,1560,1632,DESKTOP-887GK2L,11,S-1-5-19,,,,,,,,,,,False,C:\Users\turan\Desktop\defense-work-evtx-files\System.evtx,0x2000000000000000,0,"{""EventData"":""""}"
1325,1325,2023-03-22 08:19:27.6465246,51046,Info,Microsoft-Windows-DHCPv6-Client,System,1560,1748,DESKTOP-887GK2L,11,S-1-5-19,,,,,,,,,,,False,C:\Users\turan\Desktop\defense-work-evtx-files\System.evtx,0x2000000000000000,0,"{""EventData"":""""}"
1326,1326,2023-03-22 08:19:28.3493163,7026,Info,Service Control Manager,System,748,752,DESKTOP-887GK2L,11,,,,,,,,,,,,False,C:\Users\turan\Desktop\defense-work-evtx-files\System.evtx,"Audit success, classic",0,"{""EventData"":{""Data"":{""@Name"":""param1"",""#text"":"", dam""}}}"
1327,1327,2023-03-22 08:19:29.3629788,15,Info,Microsoft-Windows-Kernel-General,System,1908,1968,DESKTOP-887GK2L,11,S-1-5-18,,,,,,,,,,,False,C:\Users\turan\Desktop\defense-work-evtx-files\System.evtx,Classic,0,"{""EventData"":{""Data"":[{""@Name"":""HiveNameLength"",""#text"":""41""},{""@Name"":""HiveName"",""#text"":""\\??\\C:\\Windows\\System32\\config\\COMPONENTS""},{""@Name"":""OriginalSize"",""#text"":""43638784""},{""@Name"":""NewSize"",""#text"":""43573248""}]}}"
1328,1328,2023-03-22 08:19:29.7602273,16,Info,Microsoft-Windows-Kernel-General,System,2884,4272,DESKTOP-887GK2L,11,S-1-5-18,,,,,,,,,,,False,C:\Users\turan\Desktop\defense-work-evtx-files\System.evtx,Classic,0,"{""EventData"":{""Data"":[{""@Name"":""HiveNameLength"",""#text"":""45""},{""@Name"":""HiveName"",""#text"":""\\??\\C:\\Windows\\AppCompat\\Programs\\Amcache.hve""},{""@Name"":""KeysUpdated"",""#text"":""433""},{""@Name"":""DirtyPages"",""#text"":""217""}]}}"
1329,1329,2023-03-22 08:19:32.2482253,15,Info,Microsoft-Windows-Kernel-General,System,4,356,DESKTOP-887GK2L,11,S-1-5-18,,,,,,,,,,,False,C:\Users\turan\Desktop\defense-work-evtx-files\System.evtx,Classic,0,"{""EventData"":{""Data"":[{""@Name"":""HiveNameLength"",""#text"":""35""},{""@Name"":""HiveName"",""#text"":""\\SystemRoot\\System32\\config\\DRIVERS""},{""@Name"":""OriginalSize"",""#text"":""3911680""},{""@Name"":""NewSize"",""#text"":""3895296""}]}}"
