1872,1872,2023-03-24 20:17:38.6130345,104,Info,Microsoft-Windows-Eventlog,System,1408,7124,DESKTOP-887GK2L,15,S-1-5-21-3393683511-3463148672-371912004-1001,Event log cleared,DESKTOP-887GK2L\CyberJunkie,,The Microsoft-Windows-Sysmon/Operational log file was cleared,,,,,,,False,C:\Users\turan\Desktop\defense-work-evtx-files\System.evtx,Classic,0,"{""UserData"":{""LogFileCleared"":{""SubjectUserName"":""CyberJunkie"",""SubjectDomainName"":""DESKTOP-887GK2L"",""Channel"":""Microsoft-Windows-Sysmon/Operational"",""BackupPath"":""""}}}"
1873,1873,2023-03-24 20:17:53.8130261,26,Info,Application Popup,System,628,7404,DESKTOP-887GK2L,15,S-1-5-18,Application Error,,,Caption: 31ff0d955a10dec0f686767a40996fca135de635bc52d96a11b578b092fc13a3.exe - System Error,"Message: The code execution cannot proceed because libcurl.dll was not found. Reinstalling the program may fix this problem. ",,,,,,False,C:\Users\turan\Desktop\defense-work-evtx-files\System.evtx,Classic,0,"{""EventData"":{""Data"":[{""@Name"":""Caption"",""#text"":""31ff0d955a10dec0f686767a40996fca135de635bc52d96a11b578b092fc13a3.exe - System Error""},{""@Name"":""Message"",""#text"":""The code execution cannot proceed because libcurl.dll was not found. Reinstalling the program may fix this problem. ""}]}}"
1874,1874,2023-03-24 20:17:53.8130504,26,Info,Application Popup,System,628,804,DESKTOP-887GK2L,15,S-1-5-18,Application Error,,,Caption: 31ff0d955a10dec0f686767a40996fca135de635bc52d96a11b578b092fc13a3.exe - System Error,"Message: The code execution cannot proceed because avutil-56.dll was not found. Reinstalling the program may fix this problem. ",,,,,,False,C:\Users\turan\Desktop\defense-work-evtx-files\System.evtx,Classic,0,"{""EventData"":{""Data"":[{""@Name"":""Caption"",""#text"":""31ff0d955a10dec0f686767a40996fca135de635bc52d96a11b578b092fc13a3.exe - System Error""},{""@Name"":""Message"",""#text"":""The code execution cannot proceed because avutil-56.dll was not found. Reinstalling the program may fix this problem. ""}]}}"
1875,1875,2023-03-24 20:17:53.8131468,26,Info,Application Popup,System,628,756,DESKTOP-887GK2L,15,S-1-5-18,Application Error,,,Caption: 31ff0d955a10dec0f686767a40996fca135de635bc52d96a11b578b092fc13a3.exe - System Error,"Message: The code execution cannot proceed because avcodec-58.dll was not found. Reinstalling the program may fix this problem. ",,,,,,False,C:\Users\turan\Desktop\defense-work-evtx-files\System.evtx,Classic,0,"{""EventData"":{""Data"":[{""@Name"":""Caption"",""#text"":""31ff0d955a10dec0f686767a40996fca135de635bc52d96a11b578b092fc13a3.exe - System Error""},{""@Name"":""Message"",""#text"":""The code execution cannot proceed because avcodec-58.dll was not found. Reinstalling the program may fix this problem. ""}]}}"
1876,1876,2023-03-24 20:17:53.8538692,26,Info,Application Popup,System,628,644,DESKTOP-887GK2L,15,S-1-5-18,Application Error,,,Caption: 31ff0d955a10dec0f686767a40996fca135de635bc52d96a11b578b092fc13a3.exe - System Error,"Message: The code execution cannot proceed because avformat-58.dll was not found. Reinstalling the program may fix this problem. ",,,,,,False,C:\Users\turan\Desktop\defense-work-evtx-files\System.evtx,Classic,0,"{""EventData"":{""Data"":[{""@Name"":""Caption"",""#text"":""31ff0d955a10dec0f686767a40996fca135de635bc52d96a11b578b092fc13a3.exe - System Error""},{""@Name"":""Message"",""#text"":""The code execution cannot proceed because avformat-58.dll was not found. Reinstalling the program may fix this problem. ""}]}}"
1877,1877,2023-03-24 20:30:59.0646167,1014,Warning,Microsoft-Windows-DNS-Client,System,2256,6916,DESKTOP-887GK2L,15,S-1-5-20,,,,,,,,,,,False,C:\Users\turan\Desktop\defense-work-evtx-files\System.evtx,0x4000000010000000,0,"{""EventData"":{""Data"":[{""@Name"":""QueryName"",""#text"":""wpad""},{""@Name"":""AddressLength"",""#text"":""128""},{""@Name"":""Address"",""#text"":""02-00-00-00-AC-11-4F-02-00-00-00-00-00-00-00-00-00-00-00-00-00-00-00-00-00-00-00-00-00-00-00-00-00-00-00-00-00-00-00-00-00-00-00-00-00-00-00-00-00-00-00-00-00-00-00-00-00-00-00-00-00-00-00-00-00-00-00-00-00-00-00-00-00-00-00-00-00-00-00-00-00-00-00-00-00-00-00-00-00-00-00-00-00-00-00-00-00-00-00-00-00-00-00-00-00-00-00-00-00-00-00-00-00-00-00-00-00-00-00-00-00-00-00-00-00-00-00-00""}]}}"
1878,1878,2023-03-24 20:41:06.1040172,1014,Warning,Microsoft-Windows-DNS-Client,System,2256,1156,DESKTOP-887GK2L,15,S-1-5-20,,,,,,,,,,,False,C:\Users\turan\Desktop\defense-work-evtx-files\System.evtx,0x4000000010000000,0,"{""EventData"":{""Data"":[{""@Name"":""QueryName"",""#text"":""wpad""},{""@Name"":""AddressLength"",""#text"":""128""},{""@Name"":""Address"",""#text"":""02-00-00-00-AC-11-4F-02-00-00-00-00-00-00-00-00-00-00-00-00-00-00-00-00-00-00-00-00-00-00-00-00-00-00-00-00-00-00-00-00-00-00-00-00-00-00-00-00-00-00-00-00-00-00-00-00-00-00-00-00-00-00-00-00-00-00-00-00-00-00-00-00-00-00-00-00-00-00-00-00-00-00-00-00-00-00-00-00-00-00-00-00-00-00-00-00-00-00-00-00-00-00-00-00-00-00-00-00-00-00-00-00-00-00-00-00-00-00-00-00-00-00-00-00-00-00-00-00""}]}}"
1879,1879,2023-03-25 13:38:09.2480014,24,Info,Microsoft-Windows-Kernel-General,System,9952,6648,DESKTOP-887GK2L,15,S-1-5-18,,,,,,,,,,,False,C:\Users\turan\Desktop\defense-work-evtx-files\System.evtx,Time,0,"{""EventData"":{""Data"":[{""@Name"":""ExitReason"",""#text"":""0""},{""@Name"":""CurrentBias"",""#text"":""420""},{""@Name"":""CurrentTimeZoneID"",""#text"":""2""},{""@Name"":""TimeZoneInfoCacheUpdated"",""#text"":""0""},{""@Name"":""FirstRefresh"",""#text"":""0""}]}}"
1880,1880,2023-03-25 13:38:09.2480014,1,Info,Microsoft-Windows-Kernel-General,System,9952,6648,DESKTOP-887GK2L,15,S-1-5-18,The system time was changed,,,OldTime: 2023-03-24 20:41:15.5377195,NewTime: 2023-03-25 13:38:09.2480000,Reason: An application or system component changed the time.,,,,,False,C:\Users\turan\Desktop\defense-work-evtx-files\System.evtx,Time,0,"{""EventData"":{""Data"":[{""@Name"":""NewTime"",""#text"":""2023-03-25 13:38:09.2480000""},{""@Name"":""OldTime"",""#text"":""2023-03-24 20:41:15.5377195""},{""@Name"":""Reason"",""#text"":""1""},{""@Name"":""ProcessName"",""#text"":""\\Device\\HarddiskVolume3\\Program Files\\VMware\\VMware Tools\\vmtoolsd.exe""},{""@Name"":""ProcessID"",""#text"":""9952""}]}}"
1881,1881,2023-03-25 13:38:09.6548200,7040,Info,Service Control Manager,System,688,10328,DESKTOP-887GK2L,15,S-1-5-18,Start type of a service has changed,,,The start type of the Background Intelligent Transfer Service was changed from demand start to auto start,,,,,,BITS,False,C:\Users\turan\Desktop\defense-work-evtx-files\System.evtx,"Audit success, classic",0,"{""EventData"":{""Data"":[{""@Name"":""param1"",""#text"":""Background Intelligent Transfer Service""},{""@Name"":""param2"",""#text"":""demand start""},{""@Name"":""param3"",""#text"":""auto start""},{""@Name"":""param4"",""#text"":""BITS""}]}}"
1882,1882,2023-03-25 13:38:10.8313805,37,Info,Microsoft-Windows-Time-Service,System,7344,872,DESKTOP-887GK2L,15,S-1-5-19,Synchronizing system time from time service,,,ServerAddress: time.windows.com,"ServerIP: time.windows.com,0x9 (ntp.m|0x9|0.0.0.0:123-&gt;20.101.57.9:123)",,,,,,False,C:\Users\turan\Desktop\defense-work-evtx-files\System.evtx,Classic,0,"{""EventData"":{""@Name"":""TMP_EVENT_TIME_SOURCE_REACHABLE"",""Data"":{""@Name"":""TimeSource"",""#text"":""time.windows.com,0x9 (ntp.m|0x9|0.0.0.0:123-&gt;20.101.57.9:123)""}}}"
1883,1883,2023-03-25 13:38:19.6921384,1014,Warning,Microsoft-Windows-DNS-Client,System,2256,1156,DESKTOP-887GK2L,15,S-1-5-20,,,,,,,,,,,False,C:\Users\turan\Desktop\defense-work-evtx-files\System.evtx,0x4000000010000000,0,"{""EventData"":{""Data"":[{""@Name"":""QueryName"",""#text"":""wpad""},{""@Name"":""AddressLength"",""#text"":""128""},{""@Name"":""Address"",""#text"":""02-00-00-00-AC-11-4F-02-00-00-00-00-00-00-00-00-00-00-00-00-00-00-00-00-00-00-00-00-00-00-00-00-00-00-00-00-00-00-00-00-00-00-00-00-00-00-00-00-00-00-00-00-00-00-00-00-00-00-00-00-00-00-00-00-00-00-00-00-00-00-00-00-00-00-00-00-00-00-00-00-00-00-00-00-00-00-00-00-00-00-00-00-00-00-00-00-00-00-00-00-00-00-00-00-00-00-00-00-00-00-00-00-00-00-00-00-00-00-00-00-00-00-00-00-00-00-00-00""}]}}"
1884,1884,2023-03-24 20:41:31.7497949,24,Info,Microsoft-Windows-Kernel-General,System,7344,596,DESKTOP-887GK2L,15,S-1-5-19,,,,,,,,,,,False,C:\Users\turan\Desktop\defense-work-evtx-files\System.evtx,Time,0,"{""EventData"":{""Data"":[{""@Name"":""ExitReason"",""#text"":""0""},{""@Name"":""CurrentBias"",""#text"":""420""},{""@Name"":""CurrentTimeZoneID"",""#text"":""2""},{""@Name"":""TimeZoneInfoCacheUpdated"",""#text"":""0""},{""@Name"":""FirstRefresh"",""#text"":""0""}]}}"
1885,1885,2023-03-24 20:41:31.7499397,1,Info,Microsoft-Windows-Kernel-General,System,7344,596,DESKTOP-887GK2L,15,S-1-5-19,The system time was changed,,,OldTime: 2023-03-25 13:38:26.6450639,NewTime: 2023-03-24 20:41:31.7495310,Reason: An application or system component changed the time.,,,,,False,C:\Users\turan\Desktop\defense-work-evtx-files\System.evtx,Time,0,"{""EventData"":{""Data"":[{""@Name"":""NewTime"",""#text"":""2023-03-24 20:41:31.7495310""},{""@Name"":""OldTime"",""#text"":""2023-03-25 13:38:26.6450639""},{""@Name"":""Reason"",""#text"":""1""},{""@Name"":""ProcessName"",""#text"":""\\Device\\HarddiskVolume3\\Windows\\System32\\svchost.exe""},{""@Name"":""ProcessID"",""#text"":""7344""}]}}"
1886,1886,2023-03-24 20:41:31.7500209,52,Warning,Microsoft-Windows-Time-Service,System,7344,596,DESKTOP-887GK2L,15,S-1-5-19,,,,,,,,,,,False,C:\Users\turan\Desktop\defense-work-evtx-files\System.evtx,Classic,0,"{""EventData"":{""@Name"":""TMP_EVENT_TIME_JUMP_AUDIT"",""Data"":{""@Name"":""TimeOffsetSeconds"",""#text"":""61014""}}}"
1887,1887,2023-03-24 20:41:31.7505427,34,Error,Microsoft-Windows-Time-Service,System,7344,5264,DESKTOP-887GK2L,15,S-1-5-19,,,,,,,,,,,False,C:\Users\turan\Desktop\defense-work-evtx-files\System.evtx,Classic,0,"{""EventData"":{""@Name"":""TMP_EVENT_TIME_CHANGE_TOO_BIG"",""Data"":[{""@Name"":""SystemTimeChangeSeconds"",""#text"":""0""},{""@Name"":""MaxSystemTimeChangeSeconds"",""#text"":""54000""},{""@Name"":""TimeSource"",""#text"":""time.windows.com,0x9 (ntp.m|0x9|0.0.0.0:123-&gt;20.101.57.9:123)""}]}}"
1888,1888,2023-03-24 20:43:30.3790157,7040,Info,Service Control Manager,System,688,1496,DESKTOP-887GK2L,15,S-1-5-18,Start type of a service has changed,,,The start type of the Background Intelligent Transfer Service was changed from auto start to demand start,,,,,,BITS,False,C:\Users\turan\Desktop\defense-work-evtx-files\System.evtx,"Audit success, classic",0,"{""EventData"":{""Data"":[{""@Name"":""param1"",""#text"":""Background Intelligent Transfer Service""},{""@Name"":""param2"",""#text"":""auto start""},{""@Name"":""param3"",""#text"":""demand start""},{""@Name"":""param4"",""#text"":""BITS""}]}}"
1889,1889,2023-03-24 20:45:03.9532787,104,Info,Microsoft-Windows-Eventlog,System,1408,11444,DESKTOP-887GK2L,15,S-1-5-21-3393683511-3463148672-371912004-1001,Event log cleared,DESKTOP-887GK2L\CyberJunkie,,The Microsoft-Windows-Sysmon/Operational log file was cleared,,,,,,,False,C:\Users\turan\Desktop\defense-work-evtx-files\System.evtx,Classic,0,"{""UserData"":{""LogFileCleared"":{""SubjectUserName"":""CyberJunkie"",""SubjectDomainName"":""DESKTOP-887GK2L"",""Channel"":""Microsoft-Windows-Sysmon/Operational"",""BackupPath"":""""}}}"
1890,1890,2023-03-24 20:50:22.8951471,104,Info,Microsoft-Windows-Eventlog,System,1408,11600,DESKTOP-887GK2L,15,S-1-5-21-3393683511-3463148672-371912004-1001,Event log cleared,DESKTOP-887GK2L\CyberJunkie,,The Microsoft-Windows-Sysmon/Operational log file was cleared,,,,,,,False,C:\Users\turan\Desktop\defense-work-evtx-files\System.evtx,Classic,0,"{""UserData"":{""LogFileCleared"":{""SubjectUserName"":""CyberJunkie"",""SubjectDomainName"":""DESKTOP-887GK2L"",""Channel"":""Microsoft-Windows-Sysmon/Operational"",""BackupPath"":""""}}}"
1891,1891,2023-03-24 20:50:54.2699978,104,Info,Microsoft-Windows-Eventlog,System,1408,6032,DESKTOP-887GK2L,16,S-1-5-21-3393683511-3463148672-371912004-1001,Event log cleared,DESKTOP-887GK2L\CyberJunkie,,The Microsoft-Windows-Sysmon/Operational log file was cleared,,,,,,,False,C:\Users\turan\Desktop\defense-work-evtx-files\System.evtx,Classic,0,"{""UserData"":{""LogFileCleared"":{""SubjectUserName"":""CyberJunkie"",""SubjectDomainName"":""DESKTOP-887GK2L"",""Channel"":""Microsoft-Windows-Sysmon/Operational"",""BackupPath"":""""}}}"
1892,1892,2023-03-24 20:56:01.0448015,104,Info,Microsoft-Windows-Eventlog,System,1408,5780,DESKTOP-887GK2L,16,S-1-5-21-3393683511-3463148672-371912004-1001,Event log cleared,DESKTOP-887GK2L\CyberJunkie,,The Microsoft-Windows-Sysmon/Operational log file was cleared,,,,,,,False,C:\Users\turan\Desktop\defense-work-evtx-files\System.evtx,Classic,0,"{""UserData"":{""LogFileCleared"":{""SubjectUserName"":""CyberJunkie"",""SubjectDomainName"":""DESKTOP-887GK2L"",""Channel"":""Microsoft-Windows-Sysmon/Operational"",""BackupPath"":""""}}}"
1893,1893,2023-03-24 20:58:18.9399800,104,Info,Microsoft-Windows-Eventlog,System,1408,10216,DESKTOP-887GK2L,16,S-1-5-21-3393683511-3463148672-371912004-1001,Event log cleared,DESKTOP-887GK2L\CyberJunkie,,The Microsoft-Windows-Sysmon/Operational log file was cleared,,,,,,,False,C:\Users\turan\Desktop\defense-work-evtx-files\System.evtx,Classic,0,"{""UserData"":{""LogFileCleared"":{""SubjectUserName"":""CyberJunkie"",""SubjectDomainName"":""DESKTOP-887GK2L"",""Channel"":""Microsoft-Windows-Sysmon/Operational"",""BackupPath"":""""}}}"
1894,1894,2023-03-24 20:59:03.4445811,104,Info,Microsoft-Windows-Eventlog,System,1408,7456,DESKTOP-887GK2L,16,S-1-5-21-3393683511-3463148672-371912004-1001,Event log cleared,DESKTOP-887GK2L\CyberJunkie,,The Microsoft-Windows-Sysmon/Operational log file was cleared,,,,,,,False,C:\Users\turan\Desktop\defense-work-evtx-files\System.evtx,Classic,0,"{""UserData"":{""LogFileCleared"":{""SubjectUserName"":""CyberJunkie"",""SubjectDomainName"":""DESKTOP-887GK2L"",""Channel"":""Microsoft-Windows-Sysmon/Operational"",""BackupPath"":""""}}}"
1895,1895,2023-03-24 21:03:02.6173082,1014,Warning,Microsoft-Windows-DNS-Client,System,2256,6920,DESKTOP-887GK2L,16,S-1-5-20,,,,,,,,,,,False,C:\Users\turan\Desktop\defense-work-evtx-files\System.evtx,0x4000000010000000,0,"{""EventData"":{""Data"":[{""@Name"":""QueryName"",""#text"":""wpad""},{""@Name"":""AddressLength"",""#text"":""128""},{""@Name"":""Address"",""#text"":""02-00-00-00-AC-11-4F-02-00-00-00-00-00-00-00-00-00-00-00-00-00-00-00-00-00-00-00-00-00-00-00-00-00-00-00-00-00-00-00-00-00-00-00-00-00-00-00-00-00-00-00-00-00-00-00-00-00-00-00-00-00-00-00-00-00-00-00-00-00-00-00-00-00-00-00-00-00-00-00-00-00-00-00-00-00-00-00-00-00-00-00-00-00-00-00-00-00-00-00-00-00-00-00-00-00-00-00-00-00-00-00-00-00-00-00-00-00-00-00-00-00-00-00-00-00-00-00-00""}]}}"
1896,1896,2023-03-24 21:10:32.3742078,104,Info,Microsoft-Windows-Eventlog,System,1408,8632,DESKTOP-887GK2L,16,S-1-5-21-3393683511-3463148672-371912004-1001,Event log cleared,DESKTOP-887GK2L\CyberJunkie,,The Microsoft-Windows-Sysmon/Operational log file was cleared,,,,,,,False,C:\Users\turan\Desktop\defense-work-evtx-files\System.evtx,Classic,0,"{""UserData"":{""LogFileCleared"":{""SubjectUserName"":""CyberJunkie"",""SubjectDomainName"":""DESKTOP-887GK2L"",""Channel"":""Microsoft-Windows-Sysmon/Operational"",""BackupPath"":""""}}}"
1897,1897,2023-03-24 21:13:09.6465771,1014,Warning,Microsoft-Windows-DNS-Client,System,2256,6920,DESKTOP-887GK2L,16,S-1-5-20,,,,,,,,,,,False,C:\Users\turan\Desktop\defense-work-evtx-files\System.evtx,0x4000000010000000,0,"{""EventData"":{""Data"":[{""@Name"":""QueryName"",""#text"":""wpad""},{""@Name"":""AddressLength"",""#text"":""128""},{""@Name"":""Address"",""#text"":""02-00-00-00-AC-11-4F-02-00-00-00-00-00-00-00-00-00-00-00-00-00-00-00-00-00-00-00-00-00-00-00-00-00-00-00-00-00-00-00-00-00-00-00-00-00-00-00-00-00-00-00-00-00-00-00-00-00-00-00-00-00-00-00-00-00-00-00-00-00-00-00-00-00-00-00-00-00-00-00-00-00-00-00-00-00-00-00-00-00-00-00-00-00-00-00-00-00-00-00-00-00-00-00-00-00-00-00-00-00-00-00-00-00-00-00-00-00-00-00-00-00-00-00-00-00-00-00-00""}]}}"
1898,1898,2023-03-24 21:22:42.8537141,104,Info,Microsoft-Windows-Eventlog,System,1408,12236,DESKTOP-887GK2L,16,S-1-5-21-3393683511-3463148672-371912004-1001,Event log cleared,DESKTOP-887GK2L\CyberJunkie,,The Microsoft-Windows-Sysmon/Operational log file was cleared,,,,,,,False,C:\Users\turan\Desktop\defense-work-evtx-files\System.evtx,Classic,0,"{""UserData"":{""LogFileCleared"":{""SubjectUserName"":""CyberJunkie"",""SubjectDomainName"":""DESKTOP-887GK2L"",""Channel"":""Microsoft-Windows-Sysmon/Operational"",""BackupPath"":""""}}}"
1899,1899,2023-03-24 21:31:57.3605468,104,Info,Microsoft-Windows-Eventlog,System,1408,6068,DESKTOP-887GK2L,16,S-1-5-21-3393683511-3463148672-371912004-1001,Event log cleared,DESKTOP-887GK2L\CyberJunkie,,The Microsoft-Windows-Sysmon/Operational log file was cleared,,,,,,,False,C:\Users\turan\Desktop\defense-work-evtx-files\System.evtx,Classic,0,"{""UserData"":{""LogFileCleared"":{""SubjectUserName"":""CyberJunkie"",""SubjectDomainName"":""DESKTOP-887GK2L"",""Channel"":""Microsoft-Windows-Sysmon/Operational"",""BackupPath"":""""}}}"
1900,1900,2023-03-24 21:33:23.7297370,1014,Warning,Microsoft-Windows-DNS-Client,System,2256,8448,DESKTOP-887GK2L,16,S-1-5-20,,,,,,,,,,,False,C:\Users\turan\Desktop\defense-work-evtx-files\System.evtx,0x4000000010000000,0,"{""EventData"":{""Data"":[{""@Name"":""QueryName"",""#text"":""wpad""},{""@Name"":""AddressLength"",""#text"":""128""},{""@Name"":""Address"",""#text"":""02-00-00-00-AC-11-4F-02-00-00-00-00-00-00-00-00-00-00-00-00-00-00-00-00-00-00-00-00-00-00-00-00-00-00-00-00-00-00-00-00-00-00-00-00-00-00-00-00-00-00-00-00-00-00-00-00-00-00-00-00-00-00-00-00-00-00-00-00-00-00-00-00-00-00-00-00-00-00-00-00-00-00-00-00-00-00-00-00-00-00-00-00-00-00-00-00-00-00-00-00-00-00-00-00-00-00-00-00-00-00-00-00-00-00-00-00-00-00-00-00-00-00-00-00-00-00-00-00""}]}}"
1901,1901,2023-03-24 21:37:29.9144116,1074,Info,User32,System,528,544,DESKTOP-887GK2L,16,S-1-5-21-3393683511-3463148672-371912004-1001,A user initiated a system restart,DESKTOP-887GK2L\CyberJunkie,,Hostname: DESKTOP-887GK2L,Reason: Other (Unplanned),Type: restart,Code: 0x0,,,C:\Windows\System32\RuntimeBroker.exe (DESKTOP-887GK2L),False,C:\Users\turan\Desktop\defense-work-evtx-files\System.evtx,"Audit success, classic",0,"{""EventData"":{""Data"":[{""@Name"":""param1"",""#text"":""C:\\Windows\\System32\\RuntimeBroker.exe (DESKTOP-887GK2L)""},{""@Name"":""param2"",""#text"":""DESKTOP-887GK2L""},{""@Name"":""param3"",""#text"":""Other (Unplanned)""},{""@Name"":""param4"",""#text"":""0x0""},{""@Name"":""param5"",""#text"":""restart""},{""@Name"":""param6""},{""@Name"":""param7"",""#text"":""DESKTOP-887GK2L\\CyberJunkie""}]}}"
1902,1902,2023-03-24 21:37:31.3555775,10010,Error,Microsoft-Windows-DistributedCOM,System,372,3164,DESKTOP-887GK2L,16,S-1-5-21-3393683511-3463148672-371912004-1001,,,,,,,,,,,False,C:\Users\turan\Desktop\defense-work-evtx-files\System.evtx,"Audit success, classic",0,"{""EventData"":{""Data"":{""@Name"":""param1"",""#text"":""{9BA05972-F6A8-11CF-A442-00A0C90A8F39}""}}}"
1903,1903,2023-03-24 21:37:31.8815545,7002,Info,Microsoft-Windows-Winlogon,System,720,676,DESKTOP-887GK2L,16,S-1-5-18,User logoff,,,UserSID: S-1-5-21-3393683511-3463148672-371912004-1001,,,,,,,False,C:\Users\turan\Desktop\defense-work-evtx-files\System.evtx,0x2000200000000000,0,"{""EventData"":{""Data"":[{""@Name"":""TSId"",""#text"":""1""},{""@Name"":""UserSid"",""#text"":""S-1-5-21-3393683511-3463148672-371912004-1001""}]}}"
1904,1904,2023-03-24 21:37:32.5107685,6006,Info,EventLog,System,0,0,DESKTOP-887GK2L,16,,The Event log service was stopped,,,Computer: DESKTOP-887GK2L,,,,,,,False,C:\Users\turan\Desktop\defense-work-evtx-files\System.evtx,0x80000000000000,0,"{""EventData"":{""Data"":"""",""Binary"":""01-00-00-00-B6-62-01-00""}}"
1905,1905,2023-03-24 21:37:32.4899641,24,Info,Microsoft-Windows-Kernel-General,System,7344,596,DESKTOP-887GK2L,16,S-1-5-19,,,,,,,,,,,False,C:\Users\turan\Desktop\defense-work-evtx-files\System.evtx,Time,0,"{""EventData"":{""Data"":[{""@Name"":""ExitReason"",""#text"":""0""},{""@Name"":""CurrentBias"",""#text"":""420""},{""@Name"":""CurrentTimeZoneID"",""#text"":""2""},{""@Name"":""TimeZoneInfoCacheUpdated"",""#text"":""0""},{""@Name"":""FirstRefresh"",""#text"":""0""}]}}"
1906,1906,2023-03-24 21:37:32.4905052,1,Info,Microsoft-Windows-Kernel-General,System,7344,596,DESKTOP-887GK2L,16,S-1-5-19,The system time was changed,,,OldTime: 2023-03-24 21:37:32.4810875,NewTime: 2023-03-24 21:37:32.4897349,Reason: An application or system component changed the time.,,,,,False,C:\Users\turan\Desktop\defense-work-evtx-files\System.evtx,Time,0,"{""EventData"":{""Data"":[{""@Name"":""NewTime"",""#text"":""2023-03-24 21:37:32.4897349""},{""@Name"":""OldTime"",""#text"":""2023-03-24 21:37:32.4810875""},{""@Name"":""Reason"",""#text"":""1""},{""@Name"":""ProcessName"",""#text"":""\\Device\\HarddiskVolume3\\Windows\\System32\\svchost.exe""},{""@Name"":""ProcessID"",""#text"":""7344""}]}}"
1907,1907,2023-03-24 21:37:32.4951776,50104,Info,Microsoft-Windows-Dhcp-Client,System,1612,1616,DESKTOP-887GK2L,16,S-1-5-19,,,,,,,,,,,False,C:\Users\turan\Desktop\defense-work-evtx-files\System.evtx,0x2000000000000000,0,"{""EventData"":""""}"
1908,1908,2023-03-24 21:37:32.4956885,50105,Info,Microsoft-Windows-Dhcp-Client,System,1612,1652,DESKTOP-887GK2L,16,S-1-5-19,,,,,,,,,,,False,C:\Users\turan\Desktop\defense-work-evtx-files\System.evtx,0x2000000000000000,0,"{""EventData"":""""}"
1909,1909,2023-03-24 21:37:32.4970575,50106,Info,Microsoft-Windows-Dhcp-Client,System,1612,1652,DESKTOP-887GK2L,16,S-1-5-19,,,,,,,,,,,False,C:\Users\turan\Desktop\defense-work-evtx-files\System.evtx,0x2000000000000000,0,"{""EventData"":""""}"
1910,1910,2023-03-24 21:37:32.5025609,51047,Info,Microsoft-Windows-DHCPv6-Client,System,1612,1752,DESKTOP-887GK2L,16,S-1-5-19,,,,,,,,,,,False,C:\Users\turan\Desktop\defense-work-evtx-files\System.evtx,0x2000000000000000,0,"{""EventData"":{""Data"":{""@Name"":""DwordVal"",""#text"":""1""}}}"
1911,1911,2023-03-24 21:37:32.5042322,51057,Info,Microsoft-Windows-DHCPv6-Client,System,1612,1752,DESKTOP-887GK2L,16,S-1-5-19,,,,,,,,,,,False,C:\Users\turan\Desktop\defense-work-evtx-files\System.evtx,0x2000000000000000,0,"{""EventData"":{""Data"":{""@Name"":""DwordVal"",""#text"":""1""}}}"
1912,1912,2023-03-24 21:37:32.5106868,50037,Info,Microsoft-Windows-Dhcp-Client,System,1612,1652,DESKTOP-887GK2L,16,S-1-5-19,,,,,,,,,,,False,C:\Users\turan\Desktop\defense-work-evtx-files\System.evtx,0x2000000000000000,0,"{""EventData"":{""Data"":{""@Name"":""DwordVal"",""#text"":""1""}}}"
1913,1913,2023-03-24 21:37:52.0651484,6009,Info,EventLog,System,0,0,DESKTOP-887GK2L,16,,,,,,,,,,,,False,C:\Users\turan\Desktop\defense-work-evtx-files\System.evtx,0x80000000000000,0,"{""EventData"":{""Data"":""10.00., 19044, Multiprocessor Free, 0"",""Binary"":""""}}"
1914,1914,2023-03-24 21:37:52.0651484,6005,Info,EventLog,System,0,0,DESKTOP-887GK2L,16,,The Event log service was started,,,Computer: DESKTOP-887GK2L,,,,,,,False,C:\Users\turan\Desktop\defense-work-evtx-files\System.evtx,0x80000000000000,0,"{""EventData"":{""Data"":"""",""Binary"":""E7-07-03-00-05-00-18-00-15-00-25-00-34-00-41-00-00-00-00-00-00-00-00-00""}}"
1915,1915,2023-03-24 21:37:52.0806800,6013,Info,EventLog,System,0,0,DESKTOP-887GK2L,16,,System uptime,,,The system uptime is 8 seconds,"TimeZone: 60, 480 Pacific Standard Time",,,,,,False,C:\Users\turan\Desktop\defense-work-evtx-files\System.evtx,0x80000000000000,0,"{""EventData"":{""Data"":""8, 60, 480 Pacific Standard Time"",""Binary"":""31-00-2E-00-31-00-00-00-30-00-00-00-57-00-69-00-6E-00-64-00-6F-00-77-00-73-00-20-00-31-00-30-00-20-00-50-00-72-00-6F-00-20-00-4E-00-00-00-31-00-30-00-2E-00-30-00-2E-00-31-00-39-00-30-00-34-00-34-00-20-00-42-00-75-00-69-00-6C-00-64-00-20-00-31-00-39-00-30-00-34-00-34-00-20-00-20-00-00-00-4D-00-75-00-6C-00-74-00-69-00-70-00-72-00-6F-00-63-00-65-00-73-00-73-00-6F-00-72-00-20-00-46-00-72-00-65-00-65-00-00-00-31-00-39-00-30-00-34-00-31-00-2E-00-76-00-62-00-5F-00-72-00-65-00-6C-00-65-00-61-00-73-00-65-00-2E-00-31-00-39-00-31-00-32-00-30-00-36-00-2D-00-31-00-34-00-30-00-36-00-00-00-36-00-33-00-64-00-39-00-62-00-35-00-32-00-65-00-00-00-4E-00-6F-00-74-00-20-00-41-00-76-00-61-00-69-00-6C-00-61-00-62-00-6C-00-65-00-00-00-4E-00-6F-00-74-00-20-00-41-00-76-00-61-00-69-00-6C-00-61-00-62-00-6C-00-65-00-00-00-39-00-00-00-38-00-00-00-31-00-30-00-30-00-38-00-38-00-00-00-34-00-30-00-39-00-00-00-44-00-45-00-53-00-4B-00-54-00-4F-00-50-00-2D-00-38-00-38-00-37-00-47-00-4B-00-32-00-4C-00-00-00-00-00""}}"
1916,1916,2023-03-24 21:37:33.8666110,109,Info,Microsoft-Windows-Kernel-Power,System,604,608,DESKTOP-887GK2L,16,,,,,,,,,,,,False,C:\Users\turan\Desktop\defense-work-evtx-files\System.evtx,0x8000400000000404,0,"{""EventData"":{""Data"":[{""@Name"":""ShutdownActionType"",""#text"":""5""},{""@Name"":""ShutdownEventCode"",""#text"":""0""},{""@Name"":""ShutdownReason"",""#text"":""5""}]}}"
1917,1917,2023-03-24 21:37:35.5043116,13,Info,Microsoft-Windows-Kernel-General,System,4,8204,DESKTOP-887GK2L,16,,OS was shutdown,,,StopTime: 2023-03-24 21:37:35.5043103,"BootMode: ",,,,,,False,C:\Users\turan\Desktop\defense-work-evtx-files\System.evtx,State,0,"{""EventData"":{""Data"":{""@Name"":""StopTime"",""#text"":""2023-03-24 21:37:35.5043103""}}}"
1918,1918,2023-03-24 21:37:45.1373427,12,Info,Microsoft-Windows-Kernel-General,System,4,8,DESKTOP-887GK2L,16,S-1-5-18,OS was started,,,StartTime: 2023-03-24 21:37:43.5000000,BootMode: Normal boot,,,,,,False,C:\Users\turan\Desktop\defense-work-evtx-files\System.evtx,State,0,"{""EventData"":{""Data"":[{""@Name"":""MajorVersion"",""#text"":""10""},{""@Name"":""MinorVersion"",""#text"":""0""},{""@Name"":""BuildVersion"",""#text"":""19041""},{""@Name"":""QfeVersion"",""#text"":""2728""},{""@Name"":""ServiceVersion"",""#text"":""0""},{""@Name"":""BootMode"",""#text"":""0""},{""@Name"":""StartTime"",""#text"":""2023-03-24 21:37:43.5000000""}]}}"
1919,1919,2023-03-24 21:37:45.1374148,153,Info,Microsoft-Windows-Kernel-Boot,System,4,8,DESKTOP-887GK2L,16,S-1-5-18,,,,,,,,,,,False,C:\Users\turan\Desktop\defense-work-evtx-files\System.evtx,Classic,0,"{""EventData"":{""Data"":[{""@Name"":""Status"",""#text"":""0""},{""@Name"":""EnableDisableReason"",""#text"":""0""},{""@Name"":""VsmPolicy"",""#text"":""0""}]}}"
1920,1920,2023-03-24 21:37:45.1375581,20,Info,Microsoft-Windows-Kernel-Boot,System,4,8,DESKTOP-887GK2L,16,S-1-5-18,,,,,,,,,,,False,C:\Users\turan\Desktop\defense-work-evtx-files\System.evtx,Classic,0,"{""EventData"":{""Data"":[{""@Name"":""LastShutdownGood"",""#text"":""True""},{""@Name"":""LastBootGood"",""#text"":""True""},{""@Name"":""LastBootId"",""#text"":""11""},{""@Name"":""BootStatusPolicy"",""#text"":""2""}]}}"
1921,1921,2023-03-24 21:37:45.1375968,238,Info,Microsoft-Windows-Kernel-Boot,System,4,8,DESKTOP-887GK2L,16,S-1-5-18,,,,,,,,,,,False,C:\Users\turan\Desktop\defense-work-evtx-files\System.evtx,Classic,0,"{""EventData"":{""Data"":[{""@Name"":""EfiTimeZoneBias"",""#text"":""2047""},{""@Name"":""EfiDaylightFlags"",""#text"":""0""}]}}"
1922,1922,2023-03-24 21:37:45.1375975,25,Info,Microsoft-Windows-Kernel-Boot,System,4,8,DESKTOP-887GK2L,16,S-1-5-18,,,,,,,,,,,False,C:\Users\turan\Desktop\defense-work-evtx-files\System.evtx,Classic,0,"{""EventData"":{""Data"":{""@Name"":""BootMenuPolicy"",""#text"":""1""}}}"
1923,1923,2023-03-24 21:37:45.1375979,27,Info,Microsoft-Windows-Kernel-Boot,System,4,8,DESKTOP-887GK2L,16,S-1-5-18,,,,,,,,,,,False,C:\Users\turan\Desktop\defense-work-evtx-files\System.evtx,Classic,0,"{""EventData"":{""Data"":[{""@Name"":""BootType"",""#text"":""0""},{""@Name"":""LoadOptions"",""#text"":"" NOEXECUTE=OPTIN""}]}}"
1924,1924,2023-03-24 21:37:45.1376289,18,Info,Microsoft-Windows-Kernel-Boot,System,4,8,DESKTOP-887GK2L,16,S-1-5-18,,,,,,,,,,,False,C:\Users\turan\Desktop\defense-work-evtx-files\System.evtx,Classic,0,"{""EventData"":{""Data"":{""@Name"":""EntryCount"",""#text"":""1""}}}"
1925,1925,2023-03-24 21:37:45.1376753,32,Info,Microsoft-Windows-Kernel-Boot,System,4,8,DESKTOP-887GK2L,16,S-1-5-18,,,,,,,,,,,False,C:\Users\turan\Desktop\defense-work-evtx-files\System.evtx,Classic,0,"{""EventData"":{""Data"":{""@Name"":""BitlockerUserInputTime"",""#text"":""0""}}}"
1926,1926,2023-03-24 21:37:45.1438460,20,Info,Microsoft-Windows-Kernel-General,System,4,8,DESKTOP-887GK2L,16,S-1-5-18,,,,,,,,,,,False,C:\Users\turan\Desktop\defense-work-evtx-files\System.evtx,Time,0,"{""EventData"":{""Data"":[{""@Name"":""UpdateReason"",""#text"":""0""},{""@Name"":""EnabledNew"",""#text"":""True""},{""@Name"":""CountNew"",""#text"":""0""},{""@Name"":""CountOld"",""#text"":""0""}]}}"
1927,1927,2023-03-24 21:37:45.2832942,16,Info,Microsoft-Windows-HAL,System,4,8,DESKTOP-887GK2L,16,S-1-5-18,,,,,,,,,,,False,C:\Users\turan\Desktop\defense-work-evtx-files\System.evtx,Classic,0,"{""EventData"":""""}"
1928,1928,2023-03-24 21:37:47.1916377,3,Info,vmci,System,4,160,DESKTOP-887GK2L,16,,,,,,,,,,,,False,C:\Users\turan\Desktop\defense-work-evtx-files\System.evtx,0x80000000000000,0,"{""EventData"":{""Data"":""VMCI: Using capabilities (0x1c).\n"",""Binary"":""00-00-00-00-02-00-28-00-00-00-00-00-03-00-08-40-03-00-08-40-00-00-00-00-00-00-00-00-00-00-00-00-00-00-00-00-00-00-00-00""}}"
1929,1929,2023-03-24 21:37:49.1452178,6,Info,Microsoft-Windows-FilterManager,System,4,8,DESKTOP-887GK2L,16,S-1-5-18,,,,,,,,,,,False,C:\Users\turan\Desktop\defense-work-evtx-files\System.evtx,Classic,0,"{""EventData"":{""Data"":[{""@Name"":""FinalStatus"",""#text"":""0x0""},{""@Name"":""DeviceVersionMajor"",""#text"":""10""},{""@Name"":""DeviceVersionMinor"",""#text"":""0""},{""@Name"":""DeviceNameLength"",""#text"":""8""},{""@Name"":""DeviceName"",""#text"":""FileInfo""},{""@Name"":""DeviceTime"",""#text"":""2062-12-22 22:21:06.0000000""}]}}"
1930,1930,2023-03-24 21:37:49.1459105,6,Info,Microsoft-Windows-FilterManager,System,4,8,DESKTOP-887GK2L,16,S-1-5-18,,,,,,,,,,,False,C:\Users\turan\Desktop\defense-work-evtx-files\System.evtx,Classic,0,"{""EventData"":{""Data"":[{""@Name"":""FinalStatus"",""#text"":""0x0""},{""@Name"":""DeviceVersionMajor"",""#text"":""10""},{""@Name"":""DeviceVersionMinor"",""#text"":""0""},{""@Name"":""DeviceNameLength"",""#text"":""3""},{""@Name"":""DeviceName"",""#text"":""Wof""},{""@Name"":""DeviceTime"",""#text"":""2023-04-22 19:17:53.0000000""}]}}"
1931,1931,2023-03-24 21:37:49.1469387,6,Info,Microsoft-Windows-FilterManager,System,4,8,DESKTOP-887GK2L,16,S-1-5-18,,,,,,,,,,,False,C:\Users\turan\Desktop\defense-work-evtx-files\System.evtx,Classic,0,"{""EventData"":{""Data"":[{""@Name"":""FinalStatus"",""#text"":""0x0""},{""@Name"":""DeviceVersionMajor"",""#text"":""10""},{""@Name"":""DeviceVersionMinor"",""#text"":""0""},{""@Name"":""DeviceNameLength"",""#text"":""8""},{""@Name"":""DeviceName"",""#text"":""WdFilter""},{""@Name"":""DeviceTime"",""#text"":""2012-02-25 07:53:43.0000000""}]}}"
1932,1932,2023-03-24 21:37:49.1747859,6,Info,Microsoft-Windows-FilterManager,System,4,8,DESKTOP-887GK2L,16,S-1-5-18,,,,,,,,,,,False,C:\Users\turan\Desktop\defense-work-evtx-files\System.evtx,Classic,0,"{""EventData"":{""Data"":[{""@Name"":""FinalStatus"",""#text"":""0x0""},{""@Name"":""DeviceVersionMajor"",""#text"":""0""},{""@Name"":""DeviceVersionMinor"",""#text"":""0""},{""@Name"":""DeviceNameLength"",""#text"":""9""},{""@Name"":""DeviceName"",""#text"":""SysmonDrv""},{""@Name"":""DeviceTime"",""#text"":""2023-01-20 10:59:19.0000000""}]}}"
1933,1933,2023-03-24 21:37:49.4010032,98,Info,Microsoft-Windows-Ntfs,System,4,364,DESKTOP-887GK2L,16,S-1-5-18,,,,,,,,,,,False,C:\Users\turan\Desktop\defense-work-evtx-files\System.evtx,0x8000000000000002,0,"{""EventData"":{""Data"":[{""@Name"":""DriveName"",""#text"":""C:""},{""@Name"":""DeviceName"",""#text"":""\\Device\\HarddiskVolume3""},{""@Name"":""CorruptionActionState"",""#text"":""0""}]}}"
1934,1934,2023-03-24 21:37:49.4974810,6,Info,Microsoft-Windows-FilterManager,System,4,8,DESKTOP-887GK2L,16,S-1-5-18,,,,,,,,,,,False,C:\Users\turan\Desktop\defense-work-evtx-files\System.evtx,Classic,0,"{""EventData"":{""Data"":[{""@Name"":""FinalStatus"",""#text"":""0x0""},{""@Name"":""DeviceVersionMajor"",""#text"":""10""},{""@Name"":""DeviceVersionMinor"",""#text"":""0""},{""@Name"":""DeviceNameLength"",""#text"":""9""},{""@Name"":""DeviceName"",""#text"":""FileCrypt""},{""@Name"":""DeviceTime"",""#text"":""2002-03-01 04:12:42.0000000""}]}}"
1935,1935,2023-03-24 21:37:49.8056223,6,Info,Microsoft-Windows-FilterManager,System,4,8,DESKTOP-887GK2L,16,S-1-5-18,,,,,,,,,,,False,C:\Users\turan\Desktop\defense-work-evtx-files\System.evtx,Classic,0,"{""EventData"":{""Data"":[{""@Name"":""FinalStatus"",""#text"":""0x0""},{""@Name"":""DeviceVersionMajor"",""#text"":""10""},{""@Name"":""DeviceVersionMinor"",""#text"":""0""},{""@Name"":""DeviceNameLength"",""#text"":""9""},{""@Name"":""DeviceName"",""#text"":""npsvctrig""},{""@Name"":""DeviceTime"",""#text"":""2025-01-05 19:41:12.0000000""}]}}"
1936,1936,2023-03-24 21:37:49.8948293,172,Info,Microsoft-Windows-Kernel-Power,System,4,392,DESKTOP-887GK2L,16,S-1-5-18,,,,,,,,,,,False,C:\Users\turan\Desktop\defense-work-evtx-files\System.evtx,0x8000000000000404,0,"{""EventData"":{""Data"":[{""@Name"":""State"",""#text"":""2""},{""@Name"":""Reason"",""#text"":""6""}]}}"
1937,1937,2023-03-24 21:37:50.2700726,55,Info,Microsoft-Windows-Kernel-Processor-Power,System,4,364,DESKTOP-887GK2L,16,S-1-5-18,,,,,,,,,,,False,C:\Users\turan\Desktop\defense-work-evtx-files\System.evtx,Classic,0,"{""EventData"":{""Data"":[{""@Name"":""Group"",""#text"":""0""},{""@Name"":""Number"",""#text"":""0""},{""@Name"":""IdleStateCount"",""#text"":""1""},{""@Name"":""IdleImplementation"",""#text"":""1""},{""@Name"":""NominalFrequency"",""#text"":""3693""},{""@Name"":""MaximumPerformancePercent"",""#text"":""100""},{""@Name"":""MinimumPerformancePercent"",""#text"":""100""},{""@Name"":""MinimumThrottlePercent"",""#text"":""100""},{""@Name"":""PerformanceImplementation"",""#text"":""0""}]}}"
1938,1938,2023-03-24 21:37:50.2712898,55,Info,Microsoft-Windows-Kernel-Processor-Power,System,4,364,DESKTOP-887GK2L,16,S-1-5-18,,,,,,,,,,,False,C:\Users\turan\Desktop\defense-work-evtx-files\System.evtx,Classic,0,"{""EventData"":{""Data"":[{""@Name"":""Group"",""#text"":""0""},{""@Name"":""Number"",""#text"":""1""},{""@Name"":""IdleStateCount"",""#text"":""1""},{""@Name"":""IdleImplementation"",""#text"":""1""},{""@Name"":""NominalFrequency"",""#text"":""3693""},{""@Name"":""MaximumPerformancePercent"",""#text"":""100""},{""@Name"":""MinimumPerformancePercent"",""#text"":""100""},{""@Name"":""MinimumThrottlePercent"",""#text"":""100""},{""@Name"":""PerformanceImplementation"",""#text"":""0""}]}}"
1939,1939,2023-03-24 21:37:50.2720682,55,Info,Microsoft-Windows-Kernel-Processor-Power,System,4,364,DESKTOP-887GK2L,16,S-1-5-18,,,,,,,,,,,False,C:\Users\turan\Desktop\defense-work-evtx-files\System.evtx,Classic,0,"{""EventData"":{""Data"":[{""@Name"":""Group"",""#text"":""0""},{""@Name"":""Number"",""#text"":""2""},{""@Name"":""IdleStateCount"",""#text"":""1""},{""@Name"":""IdleImplementation"",""#text"":""1""},{""@Name"":""NominalFrequency"",""#text"":""3693""},{""@Name"":""MaximumPerformancePercent"",""#text"":""100""},{""@Name"":""MinimumPerformancePercent"",""#text"":""100""},{""@Name"":""MinimumThrottlePercent"",""#text"":""100""},{""@Name"":""PerformanceImplementation"",""#text"":""0""}]}}"
1940,1940,2023-03-24 21:37:50.2736409,55,Info,Microsoft-Windows-Kernel-Processor-Power,System,4,364,DESKTOP-887GK2L,16,S-1-5-18,,,,,,,,,,,False,C:\Users\turan\Desktop\defense-work-evtx-files\System.evtx,Classic,0,"{""EventData"":{""Data"":[{""@Name"":""Group"",""#text"":""0""},{""@Name"":""Number"",""#text"":""3""},{""@Name"":""IdleStateCount"",""#text"":""1""},{""@Name"":""IdleImplementation"",""#text"":""1""},{""@Name"":""NominalFrequency"",""#text"":""3693""},{""@Name"":""MaximumPerformancePercent"",""#text"":""100""},{""@Name"":""MinimumPerformancePercent"",""#text"":""100""},{""@Name"":""MinimumThrottlePercent"",""#text"":""100""},{""@Name"":""PerformanceImplementation"",""#text"":""0""}]}}"
1941,1941,2023-03-24 21:37:50.2754687,55,Info,Microsoft-Windows-Kernel-Processor-Power,System,4,364,DESKTOP-887GK2L,16,S-1-5-18,,,,,,,,,,,False,C:\Users\turan\Desktop\defense-work-evtx-files\System.evtx,Classic,0,"{""EventData"":{""Data"":[{""@Name"":""Group"",""#text"":""0""},{""@Name"":""Number"",""#text"":""4""},{""@Name"":""IdleStateCount"",""#text"":""1""},{""@Name"":""IdleImplementation"",""#text"":""1""},{""@Name"":""NominalFrequency"",""#text"":""3693""},{""@Name"":""MaximumPerformancePercent"",""#text"":""100""},{""@Name"":""MinimumPerformancePercent"",""#text"":""100""},{""@Name"":""MinimumThrottlePercent"",""#text"":""100""},{""@Name"":""PerformanceImplementation"",""#text"":""0""}]}}"
1942,1942,2023-03-24 21:37:50.2798456,55,Info,Microsoft-Windows-Kernel-Processor-Power,System,4,364,DESKTOP-887GK2L,16,S-1-5-18,,,,,,,,,,,False,C:\Users\turan\Desktop\defense-work-evtx-files\System.evtx,Classic,0,"{""EventData"":{""Data"":[{""@Name"":""Group"",""#text"":""0""},{""@Name"":""Number"",""#text"":""5""},{""@Name"":""IdleStateCount"",""#text"":""1""},{""@Name"":""IdleImplementation"",""#text"":""1""},{""@Name"":""NominalFrequency"",""#text"":""3693""},{""@Name"":""MaximumPerformancePercent"",""#text"":""100""},{""@Name"":""MinimumPerformancePercent"",""#text"":""100""},{""@Name"":""MinimumThrottlePercent"",""#text"":""100""},{""@Name"":""PerformanceImplementation"",""#text"":""0""}]}}"
1943,1943,2023-03-24 21:37:50.2807935,55,Info,Microsoft-Windows-Kernel-Processor-Power,System,4,364,DESKTOP-887GK2L,16,S-1-5-18,,,,,,,,,,,False,C:\Users\turan\Desktop\defense-work-evtx-files\System.evtx,Classic,0,"{""EventData"":{""Data"":[{""@Name"":""Group"",""#text"":""0""},{""@Name"":""Number"",""#text"":""6""},{""@Name"":""IdleStateCount"",""#text"":""1""},{""@Name"":""IdleImplementation"",""#text"":""1""},{""@Name"":""NominalFrequency"",""#text"":""3693""},{""@Name"":""MaximumPerformancePercent"",""#text"":""100""},{""@Name"":""MinimumPerformancePercent"",""#text"":""100""},{""@Name"":""MinimumThrottlePercent"",""#text"":""100""},{""@Name"":""PerformanceImplementation"",""#text"":""0""}]}}"
1944,1944,2023-03-24 21:37:50.2816468,55,Info,Microsoft-Windows-Kernel-Processor-Power,System,4,364,DESKTOP-887GK2L,16,S-1-5-18,,,,,,,,,,,False,C:\Users\turan\Desktop\defense-work-evtx-files\System.evtx,Classic,0,"{""EventData"":{""Data"":[{""@Name"":""Group"",""#text"":""0""},{""@Name"":""Number"",""#text"":""7""},{""@Name"":""IdleStateCount"",""#text"":""1""},{""@Name"":""IdleImplementation"",""#text"":""1""},{""@Name"":""NominalFrequency"",""#text"":""3693""},{""@Name"":""MaximumPerformancePercent"",""#text"":""100""},{""@Name"":""MinimumPerformancePercent"",""#text"":""100""},{""@Name"":""MinimumThrottlePercent"",""#text"":""100""},{""@Name"":""PerformanceImplementation"",""#text"":""0""}]}}"
1945,1945,2023-03-24 21:37:50.5891518,32,Info,e1i65x64,System,4,388,DESKTOP-887GK2L,16,,,,,,,,,,,,False,C:\Users\turan\Desktop\defense-work-evtx-files\System.evtx,0x80000000000000,0,"{""EventData"":{""Data"":""Intel(R) 82574L Gigabit Network Connection"",""Binary"":""00-00-04-00-02-00-30-00-00-00-00-00-20-00-04-60-00-00-00-00-00-00-00-00-00-00-00-00-00-00-00-00-00-00-00-00-00-00-00-00-20-00-04-60""}}"
1946,1946,2023-03-24 21:37:50.7197442,98,Info,Microsoft-Windows-Ntfs,System,4,388,DESKTOP-887GK2L,16,S-1-5-18,,,,,,,,,,,False,C:\Users\turan\Desktop\defense-work-evtx-files\System.evtx,0x8000000000000002,0,"{""EventData"":{""Data"":[{""@Name"":""DriveName"",""#text"":""\\\\?\\Volume{3e1ae928-61ee-4947-af5a-9cabbd50feef}""},{""@Name"":""DeviceName"",""#text"":""\\Device\\HarddiskVolume4""},{""@Name"":""CorruptionActionState"",""#text"":""0""}]}}"
1947,1947,2023-03-24 21:37:51.1109790,24,Info,Microsoft-Windows-Kernel-General,System,140,520,DESKTOP-887GK2L,16,S-1-5-18,,,,,,,,,,,False,C:\Users\turan\Desktop\defense-work-evtx-files\System.evtx,Time,0,"{""EventData"":{""Data"":[{""@Name"":""ExitReason"",""#text"":""0""},{""@Name"":""CurrentBias"",""#text"":""420""},{""@Name"":""CurrentTimeZoneID"",""#text"":""2""},{""@Name"":""TimeZoneInfoCacheUpdated"",""#text"":""0""},{""@Name"":""FirstRefresh"",""#text"":""0""}]}}"
1948,1948,2023-03-24 21:37:51.3867875,14,Info,Microsoft-Windows-Wininit,System,628,632,DESKTOP-887GK2L,16,S-1-5-18,,,,,,,,,,,False,C:\Users\turan\Desktop\defense-work-evtx-files\System.evtx,0x4000000000000000,0,"{""EventData"":{""Data"":[{""@Name"":""Config"",""#text"":""0""},{""@Name"":""IsTestConfig"",""#text"":""0""}]}}"
1949,1949,2023-03-24 21:37:51.6159578,16962,Info,Microsoft-Windows-Directory-Services-SAM,System,796,800,DESKTOP-887GK2L,16,S-1-5-18,,,,,,,,,,,False,C:\Users\turan\Desktop\defense-work-evtx-files\System.evtx,Classic,0,"{""EventData"":{""@Name"":""SAMMSG_RESTRICT_REMOTE_SAM_DEFAULT_SD"",""Data"":{""@Name"":""Default SD String:"",""#text"":""O:SYG:SYD:(A;;RC;;;BA)""}}}"
1950,1950,2023-03-24 21:37:51.6266755,16977,Info,Microsoft-Windows-Directory-Services-SAM,System,796,800,DESKTOP-887GK2L,16,S-1-5-18,,,,,,,,,,,False,C:\Users\turan\Desktop\defense-work-evtx-files\System.evtx,Classic,0,"{""EventData"":{""@Name"":""SAMMSG_MINPWDLEN_SETTINGS_IN_EFFECT"",""Data"":[{""@Name"":""MinimumPasswordLength"",""#text"":""0""},{""@Name"":""RelaxMinimumPasswordLengthLimits"",""#text"":""0""},{""@Name"":""MinimumPasswordLengthAudit"",""#text"":""-1""}]}}"
1951,1951,2023-03-24 21:37:51.6266778,16983,Info,Microsoft-Windows-Directory-Services-SAM,System,796,800,DESKTOP-887GK2L,16,S-1-5-18,,,,,,,,,,,False,C:\Users\turan\Desktop\defense-work-evtx-files\System.evtx,Classic,0,"{""EventData"":{""@Name"":""SAMMSG_AUDIT_LEGACY_PWD_RPC_METHODS_OFF""}}"
1952,1952,2023-03-24 21:37:52.0579337,6,Info,Microsoft-Windows-FilterManager,System,4,384,DESKTOP-887GK2L,16,S-1-5-18,,,,,,,,,,,False,C:\Users\turan\Desktop\defense-work-evtx-files\System.evtx,Classic,0,"{""EventData"":{""Data"":[{""@Name"":""FinalStatus"",""#text"":""0x0""},{""@Name"":""DeviceVersionMajor"",""#text"":""10""},{""@Name"":""DeviceVersionMinor"",""#text"":""0""},{""@Name"":""DeviceNameLength"",""#text"":""5""},{""@Name"":""DeviceName"",""#text"":""wcifs""},{""@Name"":""DeviceTime"",""#text"":""2084-01-02 01:25:46.0000000""}]}}"
1953,1953,2023-03-24 21:37:52.0813210,6,Info,Microsoft-Windows-FilterManager,System,4,160,DESKTOP-887GK2L,16,S-1-5-18,,,,,,,,,,,False,C:\Users\turan\Desktop\defense-work-evtx-files\System.evtx,Classic,0,"{""EventData"":{""Data"":[{""@Name"":""FinalStatus"",""#text"":""0x0""},{""@Name"":""DeviceVersionMajor"",""#text"":""10""},{""@Name"":""DeviceVersionMinor"",""#text"":""0""},{""@Name"":""DeviceNameLength"",""#text"":""5""},{""@Name"":""DeviceName"",""#text"":""luafv""},{""@Name"":""DeviceTime"",""#text"":""1986-08-13 13:58:59.0000000""}]}}"
1954,1954,2023-03-24 21:37:52.1003645,6,Info,Microsoft-Windows-FilterManager,System,4,32,DESKTOP-887GK2L,16,S-1-5-18,,,,,,,,,,,False,C:\Users\turan\Desktop\defense-work-evtx-files\System.evtx,Classic,0,"{""EventData"":{""Data"":[{""@Name"":""FinalStatus"",""#text"":""0x0""},{""@Name"":""DeviceVersionMajor"",""#text"":""10""},{""@Name"":""DeviceVersionMinor"",""#text"":""0""},{""@Name"":""DeviceNameLength"",""#text"":""6""},{""@Name"":""DeviceName"",""#text"":""CldFlt""},{""@Name"":""DeviceTime"",""#text"":""2072-04-19 10:54:12.0000000""}]}}"
1955,1955,2023-03-24 21:37:52.1003742,1,Info,Microsoft-Windows-FilterManager,System,4,32,DESKTOP-887GK2L,16,S-1-5-18,,,,,,,,,,,False,C:\Users\turan\Desktop\defense-work-evtx-files\System.evtx,Classic,0,"{""EventData"":{""Data"":[{""@Name"":""FinalStatus"",""#text"":""0x0""},{""@Name"":""DeviceVersionMajor"",""#text"":""10""},{""@Name"":""DeviceVersionMinor"",""#text"":""0""},{""@Name"":""DeviceNameLength"",""#text"":""6""},{""@Name"":""DeviceName"",""#text"":""CldFlt""},{""@Name"":""DeviceTime"",""#text"":""2072-04-19 10:54:12.0000000""}]}}"
1956,1956,2023-03-24 21:37:52.1004487,6,Info,Microsoft-Windows-FilterManager,System,4,32,DESKTOP-887GK2L,16,S-1-5-18,,,,,,,,,,,False,C:\Users\turan\Desktop\defense-work-evtx-files\System.evtx,Classic,0,"{""EventData"":{""Data"":[{""@Name"":""FinalStatus"",""#text"":""0x0""},{""@Name"":""DeviceVersionMajor"",""#text"":""10""},{""@Name"":""DeviceVersionMinor"",""#text"":""0""},{""@Name"":""DeviceNameLength"",""#text"":""6""},{""@Name"":""DeviceName"",""#text"":""CldFlt""},{""@Name"":""DeviceTime"",""#text"":""2072-04-19 10:54:12.0000000""}]}}"
1957,1957,2023-03-24 21:37:52.1075429,6,Info,Microsoft-Windows-FilterManager,System,4,32,DESKTOP-887GK2L,16,S-1-5-18,,,,,,,,,,,False,C:\Users\turan\Desktop\defense-work-evtx-files\System.evtx,Classic,0,"{""EventData"":{""Data"":[{""@Name"":""FinalStatus"",""#text"":""0x0""},{""@Name"":""DeviceVersionMajor"",""#text"":""10""},{""@Name"":""DeviceVersionMinor"",""#text"":""0""},{""@Name"":""DeviceNameLength"",""#text"":""10""},{""@Name"":""DeviceName"",""#text"":""storqosflt""},{""@Name"":""DeviceTime"",""#text"":""2007-04-09 11:08:30.0000000""}]}}"
1958,1958,2023-03-24 21:37:52.1157944,6,Info,Microsoft-Windows-FilterManager,System,4,364,DESKTOP-887GK2L,16,S-1-5-18,,,,,,,,,,,False,C:\Users\turan\Desktop\defense-work-evtx-files\System.evtx,Classic,0,"{""EventData"":{""Data"":[{""@Name"":""FinalStatus"",""#text"":""0x0""},{""@Name"":""DeviceVersionMajor"",""#text"":""10""},{""@Name"":""DeviceVersionMinor"",""#text"":""0""},{""@Name"":""DeviceNameLength"",""#text"":""7""},{""@Name"":""DeviceName"",""#text"":""bindflt""},{""@Name"":""DeviceTime"",""#text"":""2005-08-08 13:17:00.0000000""}]}}"
1959,1959,2023-03-24 21:37:52.1398479,50036,Info,Microsoft-Windows-Dhcp-Client,System,1568,1696,DESKTOP-887GK2L,16,S-1-5-19,,,,,,,,,,,False,C:\Users\turan\Desktop\defense-work-evtx-files\System.evtx,0x2000000000000000,0,"{""EventData"":""""}"
1960,1960,2023-03-24 21:37:52.1398996,50103,Info,Microsoft-Windows-Dhcp-Client,System,1568,1696,DESKTOP-887GK2L,16,S-1-5-19,,,,,,,,,,,False,C:\Users\turan\Desktop\defense-work-evtx-files\System.evtx,0x2000000000000000,0,"{""EventData"":""""}"
1961,1961,2023-03-24 21:37:52.1571084,51046,Info,Microsoft-Windows-DHCPv6-Client,System,1568,1756,DESKTOP-887GK2L,16,S-1-5-19,,,,,,,,,,,False,C:\Users\turan\Desktop\defense-work-evtx-files\System.evtx,0x2000000000000000,0,"{""EventData"":""""}"
1962,1962,2023-03-24 21:37:52.3097884,7001,Info,Microsoft-Windows-Winlogon,System,728,816,DESKTOP-887GK2L,16,S-1-5-18,User logon,,,UserSID: S-1-5-21-3393683511-3463148672-371912004-1001,,,,,,,False,C:\Users\turan\Desktop\defense-work-evtx-files\System.evtx,0x2000200000000000,0,"{""EventData"":{""Data"":[{""@Name"":""TSId"",""#text"":""1""},{""@Name"":""UserSid"",""#text"":""S-1-5-21-3393683511-3463148672-371912004-1001""}]}}"
1963,1963,2023-03-24 21:37:52.9398856,7026,Info,Service Control Manager,System,736,740,DESKTOP-887GK2L,16,,,,,,,,,,,,False,C:\Users\turan\Desktop\defense-work-evtx-files\System.evtx,"Audit success, classic",0,"{""EventData"":{""Data"":{""@Name"":""param1"",""#text"":"", dam""}}}"
1964,1964,2023-03-25 14:34:42.0591922,24,Info,Microsoft-Windows-Kernel-General,System,2956,3288,DESKTOP-887GK2L,16,S-1-5-18,,,,,,,,,,,False,C:\Users\turan\Desktop\defense-work-evtx-files\System.evtx,Time,0,"{""EventData"":{""Data"":[{""@Name"":""ExitReason"",""#text"":""0""},{""@Name"":""CurrentBias"",""#text"":""420""},{""@Name"":""CurrentTimeZoneID"",""#text"":""2""},{""@Name"":""TimeZoneInfoCacheUpdated"",""#text"":""0""},{""@Name"":""FirstRefresh"",""#text"":""0""}]}}"
1965,1965,2023-03-25 14:34:42.0594474,1,Info,Microsoft-Windows-Kernel-General,System,2956,3288,DESKTOP-887GK2L,16,S-1-5-18,The system time was changed,,,OldTime: 2023-03-24 21:37:53.1275860,NewTime: 2023-03-25 14:34:42.0590000,Reason: An application or system component changed the time.,,,,,False,C:\Users\turan\Desktop\defense-work-evtx-files\System.evtx,Time,0,"{""EventData"":{""Data"":[{""@Name"":""NewTime"",""#text"":""2023-03-25 14:34:42.0590000""},{""@Name"":""OldTime"",""#text"":""2023-03-24 21:37:53.1275860""},{""@Name"":""Reason"",""#text"":""1""},{""@Name"":""ProcessName"",""#text"":""\\Device\\HarddiskVolume3\\Program Files\\VMware\\VMware Tools\\vmtoolsd.exe""},{""@Name"":""ProcessID"",""#text"":""2956""}]}}"
1966,1966,2023-03-25 14:34:43.4818781,4107,Info,Display,System,0,0,DESKTOP-887GK2L,16,,,,,,,,,,,,False,C:\Users\turan\Desktop\defense-work-evtx-files\System.evtx,0x80000000000000,0,"{""EventData"":{""Data"":"""",""Binary"":""""}}"
1967,1967,2023-03-25 14:34:48.3572097,1014,Warning,Microsoft-Windows-DNS-Client,System,2224,2520,DESKTOP-887GK2L,16,S-1-5-20,,,,,,,,,,,False,C:\Users\turan\Desktop\defense-work-evtx-files\System.evtx,0x4000000010000000,0,"{""EventData"":{""Data"":[{""@Name"":""QueryName"",""#text"":""wpad""},{""@Name"":""AddressLength"",""#text"":""128""},{""@Name"":""Address"",""#text"":""02-00-00-00-AC-11-4F-02-00-00-00-00-00-00-00-00-00-00-00-00-00-00-00-00-00-00-00-00-00-00-00-00-00-00-00-00-00-00-00-00-00-00-00-00-00-00-00-00-00-00-00-00-00-00-00-00-00-00-00-00-00-00-00-00-00-00-00-00-00-00-00-00-00-00-00-00-00-00-00-00-00-00-00-00-00-00-00-00-00-00-00-00-00-00-00-00-00-00-00-00-00-00-00-00-00-00-00-00-00-00-00-00-00-00-00-00-00-00-00-00-00-00-00-00-00-00-00-00""}]}}"
1968,1968,2023-03-25 14:34:48.6069432,7040,Info,Service Control Manager,System,736,3480,DESKTOP-887GK2L,16,S-1-5-18,Start type of a service has changed,,,The start type of the Background Intelligent Transfer Service was changed from demand start to auto start,,,,,,BITS,False,C:\Users\turan\Desktop\defense-work-evtx-files\System.evtx,"Audit success, classic",0,"{""EventData"":{""Data"":[{""@Name"":""param1"",""#text"":""Background Intelligent Transfer Service""},{""@Name"":""param2"",""#text"":""demand start""},{""@Name"":""param3"",""#text"":""auto start""},{""@Name"":""param4"",""#text"":""BITS""}]}}"
