958,958,2023-03-10 02:32:45.6898926,10016,Warning,Microsoft-Windows-DistributedCOM,System,452,2024,DESKTOP-887GK2L,7,S-1-5-21-3393683511-3463148672-371912004-1001,,,,,,,,,,,False,C:\Users\turan\Desktop\defense-work-evtx-files\System.evtx,"Audit success, classic",0,"{""EventData"":{""Data"":[{""@Name"":""param1"",""#text"":""machine-default""},{""@Name"":""param2"",""#text"":""Local""},{""@Name"":""param3"",""#text"":""Activation""},{""@Name"":""param4"",""#text"":""{C2F03A33-21F5-47FA-B4BB-156362A2F239}""},{""@Name"":""param5"",""#text"":""{316CDED5-E4AE-4B15-9113-7055D84DCC97}""},{""@Name"":""param6"",""#text"":""DESKTOP-887GK2L""},{""@Name"":""param7"",""#text"":""CyberJunkie""},{""@Name"":""param8"",""#text"":""S-1-5-21-3393683511-3463148672-371912004-1001""},{""@Name"":""param9"",""#text"":""LocalHost (Using LRPC)""},{""@Name"":""param10"",""#text"":""Microsoft.Windows.ShellExperienceHost_10.0.19041.1023_neutral_neutral_cw5n1h2txyewy""},{""@Name"":""param11"",""#text"":""S-1-15-2-155514346-2573954481-755741238-1654018636-1233331829-3075935687-2861478708""}]}}"
959,959,2023-03-10 02:32:57.6081159,7045,Info,Service Control Manager,System,776,6984,DESKTOP-887GK2L,7,S-1-5-18,A new service was installed in the system,,,Name: hyxcmjis,StartType: system start,"Account: ",,,,C:\Windows\system32\drivers\hyxcmjis.sys,False,C:\Users\turan\Desktop\defense-work-evtx-files\System.evtx,"Audit success, classic",0,"{""EventData"":{""Data"":[{""@Name"":""ServiceName"",""#text"":""hyxcmjis""},{""@Name"":""ImagePath"",""#text"":""C:\\Windows\\system32\\drivers\\hyxcmjis.sys""},{""@Name"":""ServiceType"",""#text"":""kernel mode driver""},{""@Name"":""StartType"",""#text"":""system start""},{""@Name"":""AccountName""}]}}"
960,960,2023-03-10 02:32:57.6396600,10016,Warning,Microsoft-Windows-DistributedCOM,System,452,5312,DESKTOP-887GK2L,7,S-1-5-21-3393683511-3463148672-371912004-1001,,,,,,,,,,,False,C:\Users\turan\Desktop\defense-work-evtx-files\System.evtx,"Audit success, classic",0,"{""EventData"":{""Data"":[{""@Name"":""param1"",""#text"":""machine-default""},{""@Name"":""param2"",""#text"":""Local""},{""@Name"":""param3"",""#text"":""Activation""},{""@Name"":""param4"",""#text"":""{C2F03A33-21F5-47FA-B4BB-156362A2F239}""},{""@Name"":""param5"",""#text"":""{316CDED5-E4AE-4B15-9113-7055D84DCC97}""},{""@Name"":""param6"",""#text"":""DESKTOP-887GK2L""},{""@Name"":""param7"",""#text"":""CyberJunkie""},{""@Name"":""param8"",""#text"":""S-1-5-21-3393683511-3463148672-371912004-1001""},{""@Name"":""param9"",""#text"":""LocalHost (Using LRPC)""},{""@Name"":""param10"",""#text"":""Microsoft.Windows.ShellExperienceHost_10.0.19041.1023_neutral_neutral_cw5n1h2txyewy""},{""@Name"":""param11"",""#text"":""S-1-15-2-155514346-2573954481-755741238-1654018636-1233331829-3075935687-2861478708""}]}}"
961,961,2023-03-10 02:33:09.5768073,7045,Info,Service Control Manager,System,776,8492,DESKTOP-887GK2L,7,S-1-5-18,A new service was installed in the system,,,Name: urfnacmj,StartType: system start,"Account: ",,,,C:\Windows\system32\drivers\urfnacmj.sys,False,C:\Users\turan\Desktop\defense-work-evtx-files\System.evtx,"Audit success, classic",0,"{""EventData"":{""Data"":[{""@Name"":""ServiceName"",""#text"":""urfnacmj""},{""@Name"":""ImagePath"",""#text"":""C:\\Windows\\system32\\drivers\\urfnacmj.sys""},{""@Name"":""ServiceType"",""#text"":""kernel mode driver""},{""@Name"":""StartType"",""#text"":""system start""},{""@Name"":""AccountName""}]}}"
962,962,2023-03-10 02:33:09.6187330,10016,Warning,Microsoft-Windows-DistributedCOM,System,452,2332,DESKTOP-887GK2L,7,S-1-5-21-3393683511-3463148672-371912004-1001,,,,,,,,,,,False,C:\Users\turan\Desktop\defense-work-evtx-files\System.evtx,"Audit success, classic",0,"{""EventData"":{""Data"":[{""@Name"":""param1"",""#text"":""machine-default""},{""@Name"":""param2"",""#text"":""Local""},{""@Name"":""param3"",""#text"":""Activation""},{""@Name"":""param4"",""#text"":""{C2F03A33-21F5-47FA-B4BB-156362A2F239}""},{""@Name"":""param5"",""#text"":""{316CDED5-E4AE-4B15-9113-7055D84DCC97}""},{""@Name"":""param6"",""#text"":""DESKTOP-887GK2L""},{""@Name"":""param7"",""#text"":""CyberJunkie""},{""@Name"":""param8"",""#text"":""S-1-5-21-3393683511-3463148672-371912004-1001""},{""@Name"":""param9"",""#text"":""LocalHost (Using LRPC)""},{""@Name"":""param10"",""#text"":""Microsoft.Windows.ShellExperienceHost_10.0.19041.1023_neutral_neutral_cw5n1h2txyewy""},{""@Name"":""param11"",""#text"":""S-1-15-2-155514346-2573954481-755741238-1654018636-1233331829-3075935687-2861478708""}]}}"
963,963,2023-03-10 02:33:21.5596405,7045,Info,Service Control Manager,System,776,8492,DESKTOP-887GK2L,7,S-1-5-18,A new service was installed in the system,,,Name: zystpxge,StartType: system start,"Account: ",,,,C:\Windows\system32\drivers\zystpxge.sys,False,C:\Users\turan\Desktop\defense-work-evtx-files\System.evtx,"Audit success, classic",0,"{""EventData"":{""Data"":[{""@Name"":""ServiceName"",""#text"":""zystpxge""},{""@Name"":""ImagePath"",""#text"":""C:\\Windows\\system32\\drivers\\zystpxge.sys""},{""@Name"":""ServiceType"",""#text"":""kernel mode driver""},{""@Name"":""StartType"",""#text"":""system start""},{""@Name"":""AccountName""}]}}"
964,964,2023-03-10 02:33:21.5911607,10016,Warning,Microsoft-Windows-DistributedCOM,System,452,5312,DESKTOP-887GK2L,7,S-1-5-21-3393683511-3463148672-371912004-1001,,,,,,,,,,,False,C:\Users\turan\Desktop\defense-work-evtx-files\System.evtx,"Audit success, classic",0,"{""EventData"":{""Data"":[{""@Name"":""param1"",""#text"":""machine-default""},{""@Name"":""param2"",""#text"":""Local""},{""@Name"":""param3"",""#text"":""Activation""},{""@Name"":""param4"",""#text"":""{C2F03A33-21F5-47FA-B4BB-156362A2F239}""},{""@Name"":""param5"",""#text"":""{316CDED5-E4AE-4B15-9113-7055D84DCC97}""},{""@Name"":""param6"",""#text"":""DESKTOP-887GK2L""},{""@Name"":""param7"",""#text"":""CyberJunkie""},{""@Name"":""param8"",""#text"":""S-1-5-21-3393683511-3463148672-371912004-1001""},{""@Name"":""param9"",""#text"":""LocalHost (Using LRPC)""},{""@Name"":""param10"",""#text"":""Microsoft.Windows.ShellExperienceHost_10.0.19041.1023_neutral_neutral_cw5n1h2txyewy""},{""@Name"":""param11"",""#text"":""S-1-15-2-155514346-2573954481-755741238-1654018636-1233331829-3075935687-2861478708""}]}}"
965,965,2023-03-10 02:33:33.7218699,7045,Info,Service Control Manager,System,776,6984,DESKTOP-887GK2L,7,S-1-5-18,A new service was installed in the system,,,Name: bcjmfsmk,StartType: system start,"Account: ",,,,C:\Windows\system32\drivers\bcjmfsmk.sys,False,C:\Users\turan\Desktop\defense-work-evtx-files\System.evtx,"Audit success, classic",0,"{""EventData"":{""Data"":[{""@Name"":""ServiceName"",""#text"":""bcjmfsmk""},{""@Name"":""ImagePath"",""#text"":""C:\\Windows\\system32\\drivers\\bcjmfsmk.sys""},{""@Name"":""ServiceType"",""#text"":""kernel mode driver""},{""@Name"":""StartType"",""#text"":""system start""},{""@Name"":""AccountName""}]}}"
966,966,2023-03-10 02:33:33.7534094,10016,Warning,Microsoft-Windows-DistributedCOM,System,452,2332,DESKTOP-887GK2L,7,S-1-5-21-3393683511-3463148672-371912004-1001,,,,,,,,,,,False,C:\Users\turan\Desktop\defense-work-evtx-files\System.evtx,"Audit success, classic",0,"{""EventData"":{""Data"":[{""@Name"":""param1"",""#text"":""machine-default""},{""@Name"":""param2"",""#text"":""Local""},{""@Name"":""param3"",""#text"":""Activation""},{""@Name"":""param4"",""#text"":""{C2F03A33-21F5-47FA-B4BB-156362A2F239}""},{""@Name"":""param5"",""#text"":""{316CDED5-E4AE-4B15-9113-7055D84DCC97}""},{""@Name"":""param6"",""#text"":""DESKTOP-887GK2L""},{""@Name"":""param7"",""#text"":""CyberJunkie""},{""@Name"":""param8"",""#text"":""S-1-5-21-3393683511-3463148672-371912004-1001""},{""@Name"":""param9"",""#text"":""LocalHost (Using LRPC)""},{""@Name"":""param10"",""#text"":""Microsoft.Windows.ShellExperienceHost_10.0.19041.1023_neutral_neutral_cw5n1h2txyewy""},{""@Name"":""param11"",""#text"":""S-1-15-2-155514346-2573954481-755741238-1654018636-1233331829-3075935687-2861478708""}]}}"
967,967,2023-03-10 02:33:45.6620883,7045,Info,Service Control Manager,System,776,5428,DESKTOP-887GK2L,7,S-1-5-18,A new service was installed in the system,,,Name: ofodwxoy,StartType: system start,"Account: ",,,,C:\Windows\system32\drivers\ofodwxoy.sys,False,C:\Users\turan\Desktop\defense-work-evtx-files\System.evtx,"Audit success, classic",0,"{""EventData"":{""Data"":[{""@Name"":""ServiceName"",""#text"":""ofodwxoy""},{""@Name"":""ImagePath"",""#text"":""C:\\Windows\\system32\\drivers\\ofodwxoy.sys""},{""@Name"":""ServiceType"",""#text"":""kernel mode driver""},{""@Name"":""StartType"",""#text"":""system start""},{""@Name"":""AccountName""}]}}"
968,968,2023-03-10 02:33:45.6936282,10016,Warning,Microsoft-Windows-DistributedCOM,System,452,1088,DESKTOP-887GK2L,7,S-1-5-21-3393683511-3463148672-371912004-1001,,,,,,,,,,,False,C:\Users\turan\Desktop\defense-work-evtx-files\System.evtx,"Audit success, classic",0,"{""EventData"":{""Data"":[{""@Name"":""param1"",""#text"":""machine-default""},{""@Name"":""param2"",""#text"":""Local""},{""@Name"":""param3"",""#text"":""Activation""},{""@Name"":""param4"",""#text"":""{C2F03A33-21F5-47FA-B4BB-156362A2F239}""},{""@Name"":""param5"",""#text"":""{316CDED5-E4AE-4B15-9113-7055D84DCC97}""},{""@Name"":""param6"",""#text"":""DESKTOP-887GK2L""},{""@Name"":""param7"",""#text"":""CyberJunkie""},{""@Name"":""param8"",""#text"":""S-1-5-21-3393683511-3463148672-371912004-1001""},{""@Name"":""param9"",""#text"":""LocalHost (Using LRPC)""},{""@Name"":""param10"",""#text"":""Microsoft.Windows.ShellExperienceHost_10.0.19041.1023_neutral_neutral_cw5n1h2txyewy""},{""@Name"":""param11"",""#text"":""S-1-15-2-155514346-2573954481-755741238-1654018636-1233331829-3075935687-2861478708""}]}}"
969,969,2023-03-10 02:33:48.3592383,16,Info,Microsoft-Windows-Kernel-General,System,7444,7692,DESKTOP-887GK2L,7,S-1-5-18,,,,,,,,,,,False,C:\Users\turan\Desktop\defense-work-evtx-files\System.evtx,Classic,0,"{""EventData"":{""Data"":[{""@Name"":""HiveNameLength"",""#text"":""85""},{""@Name"":""HiveName"",""#text"":""\\??\\C:\\ProgramData\\Microsoft\\Provisioning\\Microsoft-Desktop-Provisioning-Sequence.dat""},{""@Name"":""KeysUpdated"",""#text"":""0""},{""@Name"":""DirtyPages"",""#text"":""0""}]}}"
970,970,2023-03-10 02:33:59.7063167,7045,Info,Service Control Manager,System,776,4220,DESKTOP-887GK2L,7,S-1-5-18,A new service was installed in the system,,,Name: sdugwsbd,StartType: system start,"Account: ",,,,C:\Windows\system32\drivers\sdugwsbd.sys,False,C:\Users\turan\Desktop\defense-work-evtx-files\System.evtx,"Audit success, classic",0,"{""EventData"":{""Data"":[{""@Name"":""ServiceName"",""#text"":""sdugwsbd""},{""@Name"":""ImagePath"",""#text"":""C:\\Windows\\system32\\drivers\\sdugwsbd.sys""},{""@Name"":""ServiceType"",""#text"":""kernel mode driver""},{""@Name"":""StartType"",""#text"":""system start""},{""@Name"":""AccountName""}]}}"
971,971,2023-03-10 02:33:59.7689266,10016,Warning,Microsoft-Windows-DistributedCOM,System,452,416,DESKTOP-887GK2L,7,S-1-5-21-3393683511-3463148672-371912004-1001,,,,,,,,,,,False,C:\Users\turan\Desktop\defense-work-evtx-files\System.evtx,"Audit success, classic",0,"{""EventData"":{""Data"":[{""@Name"":""param1"",""#text"":""machine-default""},{""@Name"":""param2"",""#text"":""Local""},{""@Name"":""param3"",""#text"":""Activation""},{""@Name"":""param4"",""#text"":""{C2F03A33-21F5-47FA-B4BB-156362A2F239}""},{""@Name"":""param5"",""#text"":""{316CDED5-E4AE-4B15-9113-7055D84DCC97}""},{""@Name"":""param6"",""#text"":""DESKTOP-887GK2L""},{""@Name"":""param7"",""#text"":""CyberJunkie""},{""@Name"":""param8"",""#text"":""S-1-5-21-3393683511-3463148672-371912004-1001""},{""@Name"":""param9"",""#text"":""LocalHost (Using LRPC)""},{""@Name"":""param10"",""#text"":""Microsoft.Windows.ShellExperienceHost_10.0.19041.1023_neutral_neutral_cw5n1h2txyewy""},{""@Name"":""param11"",""#text"":""S-1-15-2-155514346-2573954481-755741238-1654018636-1233331829-3075935687-2861478708""}]}}"
972,972,2023-03-10 02:34:12.7117699,7045,Info,Service Control Manager,System,776,6984,DESKTOP-887GK2L,7,S-1-5-18,A new service was installed in the system,,,Name: mfjwilze,StartType: system start,"Account: ",,,,C:\Windows\system32\drivers\mfjwilze.sys,False,C:\Users\turan\Desktop\defense-work-evtx-files\System.evtx,"Audit success, classic",0,"{""EventData"":{""Data"":[{""@Name"":""ServiceName"",""#text"":""mfjwilze""},{""@Name"":""ImagePath"",""#text"":""C:\\Windows\\system32\\drivers\\mfjwilze.sys""},{""@Name"":""ServiceType"",""#text"":""kernel mode driver""},{""@Name"":""StartType"",""#text"":""system start""},{""@Name"":""AccountName""}]}}"
973,973,2023-03-10 02:34:12.7585689,10016,Warning,Microsoft-Windows-DistributedCOM,System,452,3404,DESKTOP-887GK2L,7,S-1-5-21-3393683511-3463148672-371912004-1001,,,,,,,,,,,False,C:\Users\turan\Desktop\defense-work-evtx-files\System.evtx,"Audit success, classic",0,"{""EventData"":{""Data"":[{""@Name"":""param1"",""#text"":""machine-default""},{""@Name"":""param2"",""#text"":""Local""},{""@Name"":""param3"",""#text"":""Activation""},{""@Name"":""param4"",""#text"":""{C2F03A33-21F5-47FA-B4BB-156362A2F239}""},{""@Name"":""param5"",""#text"":""{316CDED5-E4AE-4B15-9113-7055D84DCC97}""},{""@Name"":""param6"",""#text"":""DESKTOP-887GK2L""},{""@Name"":""param7"",""#text"":""CyberJunkie""},{""@Name"":""param8"",""#text"":""S-1-5-21-3393683511-3463148672-371912004-1001""},{""@Name"":""param9"",""#text"":""LocalHost (Using LRPC)""},{""@Name"":""param10"",""#text"":""Microsoft.Windows.ShellExperienceHost_10.0.19041.1023_neutral_neutral_cw5n1h2txyewy""},{""@Name"":""param11"",""#text"":""S-1-15-2-155514346-2573954481-755741238-1654018636-1233331829-3075935687-2861478708""}]}}"
974,974,2023-03-10 02:34:18.8019318,16,Info,Microsoft-Windows-Kernel-General,System,1132,2312,DESKTOP-887GK2L,7,S-1-5-18,,,,,,,,,,,False,C:\Users\turan\Desktop\defense-work-evtx-files\System.evtx,Classic,0,"{""EventData"":{""Data"":[{""@Name"":""HiveNameLength"",""#text"":""108""},{""@Name"":""HiveName"",""#text"":""\\??\\C:\\Users\\CyberJunkie\\AppData\\Local\\Packages\\Microsoft.Windows.Photos_8wekyb3d8bbwe\\Settings\\settings.dat""},{""@Name"":""KeysUpdated"",""#text"":""8""},{""@Name"":""DirtyPages"",""#text"":""2""}]}}"
975,975,2023-03-10 02:34:21.7081501,7045,Info,Service Control Manager,System,776,4220,DESKTOP-887GK2L,7,S-1-5-18,A new service was installed in the system,,,Name: MpKsl1c4ff8d0,StartType: demand start,"Account: ",,,,C:\ProgramData\Microsoft\Windows Defender\Definition Updates\{970E7F93-C3FE-4C80-897A-4ED473D45E49}\MpKslDrv.sys,False,C:\Users\turan\Desktop\defense-work-evtx-files\System.evtx,"Audit success, classic",0,"{""EventData"":{""Data"":[{""@Name"":""ServiceName"",""#text"":""MpKsl1c4ff8d0""},{""@Name"":""ImagePath"",""#text"":""C:\\ProgramData\\Microsoft\\Windows Defender\\Definition Updates\\{970E7F93-C3FE-4C80-897A-4ED473D45E49}\\MpKslDrv.sys""},{""@Name"":""ServiceType"",""#text"":""kernel mode driver""},{""@Name"":""StartType"",""#text"":""demand start""},{""@Name"":""AccountName""}]}}"
976,976,2023-03-10 02:34:27.1641374,7045,Info,Service Control Manager,System,776,6984,DESKTOP-887GK2L,7,S-1-5-18,A new service was installed in the system,,,Name: bvkvfaca,StartType: system start,"Account: ",,,,C:\Windows\system32\drivers\bvkvfaca.sys,False,C:\Users\turan\Desktop\defense-work-evtx-files\System.evtx,"Audit success, classic",0,"{""EventData"":{""Data"":[{""@Name"":""ServiceName"",""#text"":""bvkvfaca""},{""@Name"":""ImagePath"",""#text"":""C:\\Windows\\system32\\drivers\\bvkvfaca.sys""},{""@Name"":""ServiceType"",""#text"":""kernel mode driver""},{""@Name"":""StartType"",""#text"":""system start""},{""@Name"":""AccountName""}]}}"
977,977,2023-03-10 02:34:27.2111389,10016,Warning,Microsoft-Windows-DistributedCOM,System,452,2024,DESKTOP-887GK2L,7,S-1-5-21-3393683511-3463148672-371912004-1001,,,,,,,,,,,False,C:\Users\turan\Desktop\defense-work-evtx-files\System.evtx,"Audit success, classic",0,"{""EventData"":{""Data"":[{""@Name"":""param1"",""#text"":""machine-default""},{""@Name"":""param2"",""#text"":""Local""},{""@Name"":""param3"",""#text"":""Activation""},{""@Name"":""param4"",""#text"":""{C2F03A33-21F5-47FA-B4BB-156362A2F239}""},{""@Name"":""param5"",""#text"":""{316CDED5-E4AE-4B15-9113-7055D84DCC97}""},{""@Name"":""param6"",""#text"":""DESKTOP-887GK2L""},{""@Name"":""param7"",""#text"":""CyberJunkie""},{""@Name"":""param8"",""#text"":""S-1-5-21-3393683511-3463148672-371912004-1001""},{""@Name"":""param9"",""#text"":""LocalHost (Using LRPC)""},{""@Name"":""param10"",""#text"":""Microsoft.Windows.ShellExperienceHost_10.0.19041.1023_neutral_neutral_cw5n1h2txyewy""},{""@Name"":""param11"",""#text"":""S-1-15-2-155514346-2573954481-755741238-1654018636-1233331829-3075935687-2861478708""}]}}"
978,978,2023-03-10 02:34:32.4050515,10016,Warning,Microsoft-Windows-DistributedCOM,System,452,2332,DESKTOP-887GK2L,7,S-1-5-21-3393683511-3463148672-371912004-1001,,,,,,,,,,,False,C:\Users\turan\Desktop\defense-work-evtx-files\System.evtx,"Audit success, classic",0,"{""EventData"":{""Data"":[{""@Name"":""param1"",""#text"":""machine-default""},{""@Name"":""param2"",""#text"":""Local""},{""@Name"":""param3"",""#text"":""Activation""},{""@Name"":""param4"",""#text"":""{C2F03A33-21F5-47FA-B4BB-156362A2F239}""},{""@Name"":""param5"",""#text"":""{316CDED5-E4AE-4B15-9113-7055D84DCC97}""},{""@Name"":""param6"",""#text"":""DESKTOP-887GK2L""},{""@Name"":""param7"",""#text"":""CyberJunkie""},{""@Name"":""param8"",""#text"":""S-1-5-21-3393683511-3463148672-371912004-1001""},{""@Name"":""param9"",""#text"":""LocalHost (Using LRPC)""},{""@Name"":""param10"",""#text"":""Microsoft.Windows.ShellExperienceHost_10.0.19041.1023_neutral_neutral_cw5n1h2txyewy""},{""@Name"":""param11"",""#text"":""S-1-15-2-155514346-2573954481-755741238-1654018636-1233331829-3075935687-2861478708""}]}}"
979,979,2023-03-10 02:34:34.3887599,10016,Warning,Microsoft-Windows-DistributedCOM,System,452,2752,DESKTOP-887GK2L,7,S-1-5-21-3393683511-3463148672-371912004-1001,,,,,,,,,,,False,C:\Users\turan\Desktop\defense-work-evtx-files\System.evtx,"Audit success, classic",0,"{""EventData"":{""Data"":[{""@Name"":""param1"",""#text"":""machine-default""},{""@Name"":""param2"",""#text"":""Local""},{""@Name"":""param3"",""#text"":""Activation""},{""@Name"":""param4"",""#text"":""{C2F03A33-21F5-47FA-B4BB-156362A2F239}""},{""@Name"":""param5"",""#text"":""{316CDED5-E4AE-4B15-9113-7055D84DCC97}""},{""@Name"":""param6"",""#text"":""DESKTOP-887GK2L""},{""@Name"":""param7"",""#text"":""CyberJunkie""},{""@Name"":""param8"",""#text"":""S-1-5-21-3393683511-3463148672-371912004-1001""},{""@Name"":""param9"",""#text"":""LocalHost (Using LRPC)""},{""@Name"":""param10"",""#text"":""Microsoft.Windows.ShellExperienceHost_10.0.19041.1023_neutral_neutral_cw5n1h2txyewy""},{""@Name"":""param11"",""#text"":""S-1-15-2-155514346-2573954481-755741238-1654018636-1233331829-3075935687-2861478708""}]}}"
980,980,2023-03-10 02:34:39.7979052,7045,Info,Service Control Manager,System,776,4220,DESKTOP-887GK2L,7,S-1-5-18,A new service was installed in the system,,,Name: xzriwnah,StartType: system start,"Account: ",,,,C:\Windows\system32\drivers\xzriwnah.sys,False,C:\Users\turan\Desktop\defense-work-evtx-files\System.evtx,"Audit success, classic",0,"{""EventData"":{""Data"":[{""@Name"":""ServiceName"",""#text"":""xzriwnah""},{""@Name"":""ImagePath"",""#text"":""C:\\Windows\\system32\\drivers\\xzriwnah.sys""},{""@Name"":""ServiceType"",""#text"":""kernel mode driver""},{""@Name"":""StartType"",""#text"":""system start""},{""@Name"":""AccountName""}]}}"
981,981,2023-03-10 02:34:39.8923947,10016,Warning,Microsoft-Windows-DistributedCOM,System,452,2752,DESKTOP-887GK2L,7,S-1-5-21-3393683511-3463148672-371912004-1001,,,,,,,,,,,False,C:\Users\turan\Desktop\defense-work-evtx-files\System.evtx,"Audit success, classic",0,"{""EventData"":{""Data"":[{""@Name"":""param1"",""#text"":""machine-default""},{""@Name"":""param2"",""#text"":""Local""},{""@Name"":""param3"",""#text"":""Activation""},{""@Name"":""param4"",""#text"":""{C2F03A33-21F5-47FA-B4BB-156362A2F239}""},{""@Name"":""param5"",""#text"":""{316CDED5-E4AE-4B15-9113-7055D84DCC97}""},{""@Name"":""param6"",""#text"":""DESKTOP-887GK2L""},{""@Name"":""param7"",""#text"":""CyberJunkie""},{""@Name"":""param8"",""#text"":""S-1-5-21-3393683511-3463148672-371912004-1001""},{""@Name"":""param9"",""#text"":""LocalHost (Using LRPC)""},{""@Name"":""param10"",""#text"":""Microsoft.Windows.ShellExperienceHost_10.0.19041.1023_neutral_neutral_cw5n1h2txyewy""},{""@Name"":""param11"",""#text"":""S-1-15-2-155514346-2573954481-755741238-1654018636-1233331829-3075935687-2861478708""}]}}"
982,982,2023-03-10 02:34:47.7245301,7045,Info,Service Control Manager,System,776,7940,DESKTOP-887GK2L,7,S-1-5-18,A new service was installed in the system,,,Name: ovvdfggj,StartType: system start,"Account: ",,,,C:\Windows\system32\drivers\ovvdfggj.sys,False,C:\Users\turan\Desktop\defense-work-evtx-files\System.evtx,"Audit success, classic",0,"{""EventData"":{""Data"":[{""@Name"":""ServiceName"",""#text"":""ovvdfggj""},{""@Name"":""ImagePath"",""#text"":""C:\\Windows\\system32\\drivers\\ovvdfggj.sys""},{""@Name"":""ServiceType"",""#text"":""kernel mode driver""},{""@Name"":""StartType"",""#text"":""system start""},{""@Name"":""AccountName""}]}}"
983,983,2023-03-10 02:34:49.4053484,10016,Warning,Microsoft-Windows-DistributedCOM,System,452,2752,DESKTOP-887GK2L,7,S-1-5-21-3393683511-3463148672-371912004-1001,,,,,,,,,,,False,C:\Users\turan\Desktop\defense-work-evtx-files\System.evtx,"Audit success, classic",0,"{""EventData"":{""Data"":[{""@Name"":""param1"",""#text"":""machine-default""},{""@Name"":""param2"",""#text"":""Local""},{""@Name"":""param3"",""#text"":""Activation""},{""@Name"":""param4"",""#text"":""{C2F03A33-21F5-47FA-B4BB-156362A2F239}""},{""@Name"":""param5"",""#text"":""{316CDED5-E4AE-4B15-9113-7055D84DCC97}""},{""@Name"":""param6"",""#text"":""DESKTOP-887GK2L""},{""@Name"":""param7"",""#text"":""CyberJunkie""},{""@Name"":""param8"",""#text"":""S-1-5-21-3393683511-3463148672-371912004-1001""},{""@Name"":""param9"",""#text"":""LocalHost (Using LRPC)""},{""@Name"":""param10"",""#text"":""Microsoft.Windows.ShellExperienceHost_10.0.19041.1023_neutral_neutral_cw5n1h2txyewy""},{""@Name"":""param11"",""#text"":""S-1-15-2-155514346-2573954481-755741238-1654018636-1233331829-3075935687-2861478708""}]}}"
984,984,2023-03-10 02:34:59.7843014,7045,Info,Service Control Manager,System,776,7940,DESKTOP-887GK2L,7,S-1-5-18,A new service was installed in the system,,,Name: sqvnbshv,StartType: system start,"Account: ",,,,C:\Windows\system32\drivers\sqvnbshv.sys,False,C:\Users\turan\Desktop\defense-work-evtx-files\System.evtx,"Audit success, classic",0,"{""EventData"":{""Data"":[{""@Name"":""ServiceName"",""#text"":""sqvnbshv""},{""@Name"":""ImagePath"",""#text"":""C:\\Windows\\system32\\drivers\\sqvnbshv.sys""},{""@Name"":""ServiceType"",""#text"":""kernel mode driver""},{""@Name"":""StartType"",""#text"":""system start""},{""@Name"":""AccountName""}]}}"
985,985,2023-03-10 02:34:59.8313268,10016,Warning,Microsoft-Windows-DistributedCOM,System,452,4904,DESKTOP-887GK2L,7,S-1-5-21-3393683511-3463148672-371912004-1001,,,,,,,,,,,False,C:\Users\turan\Desktop\defense-work-evtx-files\System.evtx,"Audit success, classic",0,"{""EventData"":{""Data"":[{""@Name"":""param1"",""#text"":""machine-default""},{""@Name"":""param2"",""#text"":""Local""},{""@Name"":""param3"",""#text"":""Activation""},{""@Name"":""param4"",""#text"":""{C2F03A33-21F5-47FA-B4BB-156362A2F239}""},{""@Name"":""param5"",""#text"":""{316CDED5-E4AE-4B15-9113-7055D84DCC97}""},{""@Name"":""param6"",""#text"":""DESKTOP-887GK2L""},{""@Name"":""param7"",""#text"":""CyberJunkie""},{""@Name"":""param8"",""#text"":""S-1-5-21-3393683511-3463148672-371912004-1001""},{""@Name"":""param9"",""#text"":""LocalHost (Using LRPC)""},{""@Name"":""param10"",""#text"":""Microsoft.Windows.ShellExperienceHost_10.0.19041.1023_neutral_neutral_cw5n1h2txyewy""},{""@Name"":""param11"",""#text"":""S-1-15-2-155514346-2573954481-755741238-1654018636-1233331829-3075935687-2861478708""}]}}"
986,986,2023-03-10 02:34:59.8313268,10016,Warning,Microsoft-Windows-DistributedCOM,System,452,4904,DESKTOP-887GK2L,7,S-1-5-21-3393683511-3463148672-371912004-1001,,,,,,,,,,,False,C:\Users\turan\Desktop\defense-work-evtx-files\System.evtx,"Audit success, classic",0,"{""EventData"":{""Data"":[{""@Name"":""param1"",""#text"":""machine-default""},{""@Name"":""param2"",""#text"":""Local""},{""@Name"":""param3"",""#text"":""Activation""},{""@Name"":""param4"",""#text"":""{C2F03A33-21F5-47FA-B4BB-156362A2F239}""},{""@Name"":""param5"",""#text"":""{316CDED5-E4AE-4B15-9113-7055D84DCC97}""},{""@Name"":""param6"",""#text"":""DESKTOP-887GK2L""},{""@Name"":""param7"",""#text"":""CyberJunkie""},{""@Name"":""param8"",""#text"":""S-1-5-21-3393683511-3463148672-371912004-1001""},{""@Name"":""param9"",""#text"":""LocalHost (Using LRPC)""},{""@Name"":""param10"",""#text"":""Microsoft.Windows.ShellExperienceHost_10.0.19041.1023_neutral_neutral_cw5n1h2txyewy""},{""@Name"":""param11"",""#text"":""S-1-15-2-155514346-2573954481-755741238-1654018636-1233331829-3075935687-2861478708""}]}}"
987,987,2023-03-10 02:34:59.9373573,10016,Warning,Microsoft-Windows-DistributedCOM,System,452,3404,DESKTOP-887GK2L,7,S-1-5-21-3393683511-3463148672-371912004-1001,,,,,,,,,,,False,C:\Users\turan\Desktop\defense-work-evtx-files\System.evtx,"Audit success, classic",0,"{""EventData"":{""Data"":[{""@Name"":""param1"",""#text"":""machine-default""},{""@Name"":""param2"",""#text"":""Local""},{""@Name"":""param3"",""#text"":""Activation""},{""@Name"":""param4"",""#text"":""{C2F03A33-21F5-47FA-B4BB-156362A2F239}""},{""@Name"":""param5"",""#text"":""{316CDED5-E4AE-4B15-9113-7055D84DCC97}""},{""@Name"":""param6"",""#text"":""DESKTOP-887GK2L""},{""@Name"":""param7"",""#text"":""CyberJunkie""},{""@Name"":""param8"",""#text"":""S-1-5-21-3393683511-3463148672-371912004-1001""},{""@Name"":""param9"",""#text"":""LocalHost (Using LRPC)""},{""@Name"":""param10"",""#text"":""Microsoft.Windows.ShellExperienceHost_10.0.19041.1023_neutral_neutral_cw5n1h2txyewy""},{""@Name"":""param11"",""#text"":""S-1-15-2-155514346-2573954481-755741238-1654018636-1233331829-3075935687-2861478708""}]}}"
988,988,2023-03-10 02:34:59.9474038,10016,Warning,Microsoft-Windows-DistributedCOM,System,452,3404,DESKTOP-887GK2L,7,S-1-5-21-3393683511-3463148672-371912004-1001,,,,,,,,,,,False,C:\Users\turan\Desktop\defense-work-evtx-files\System.evtx,"Audit success, classic",0,"{""EventData"":{""Data"":[{""@Name"":""param1"",""#text"":""machine-default""},{""@Name"":""param2"",""#text"":""Local""},{""@Name"":""param3"",""#text"":""Activation""},{""@Name"":""param4"",""#text"":""{C2F03A33-21F5-47FA-B4BB-156362A2F239}""},{""@Name"":""param5"",""#text"":""{316CDED5-E4AE-4B15-9113-7055D84DCC97}""},{""@Name"":""param6"",""#text"":""DESKTOP-887GK2L""},{""@Name"":""param7"",""#text"":""CyberJunkie""},{""@Name"":""param8"",""#text"":""S-1-5-21-3393683511-3463148672-371912004-1001""},{""@Name"":""param9"",""#text"":""LocalHost (Using LRPC)""},{""@Name"":""param10"",""#text"":""Microsoft.Windows.ShellExperienceHost_10.0.19041.1023_neutral_neutral_cw5n1h2txyewy""},{""@Name"":""param11"",""#text"":""S-1-15-2-155514346-2573954481-755741238-1654018636-1233331829-3075935687-2861478708""}]}}"
989,989,2023-03-10 02:35:11.9411263,7045,Info,Service Control Manager,System,776,8272,DESKTOP-887GK2L,7,S-1-5-18,A new service was installed in the system,,,Name: pkjvbnyv,StartType: system start,"Account: ",,,,C:\Windows\system32\drivers\pkjvbnyv.sys,False,C:\Users\turan\Desktop\defense-work-evtx-files\System.evtx,"Audit success, classic",0,"{""EventData"":{""Data"":[{""@Name"":""ServiceName"",""#text"":""pkjvbnyv""},{""@Name"":""ImagePath"",""#text"":""C:\\Windows\\system32\\drivers\\pkjvbnyv.sys""},{""@Name"":""ServiceType"",""#text"":""kernel mode driver""},{""@Name"":""StartType"",""#text"":""system start""},{""@Name"":""AccountName""}]}}"
990,990,2023-03-10 02:35:11.9946241,10016,Warning,Microsoft-Windows-DistributedCOM,System,452,5312,DESKTOP-887GK2L,7,S-1-5-21-3393683511-3463148672-371912004-1001,,,,,,,,,,,False,C:\Users\turan\Desktop\defense-work-evtx-files\System.evtx,"Audit success, classic",0,"{""EventData"":{""Data"":[{""@Name"":""param1"",""#text"":""machine-default""},{""@Name"":""param2"",""#text"":""Local""},{""@Name"":""param3"",""#text"":""Activation""},{""@Name"":""param4"",""#text"":""{C2F03A33-21F5-47FA-B4BB-156362A2F239}""},{""@Name"":""param5"",""#text"":""{316CDED5-E4AE-4B15-9113-7055D84DCC97}""},{""@Name"":""param6"",""#text"":""DESKTOP-887GK2L""},{""@Name"":""param7"",""#text"":""CyberJunkie""},{""@Name"":""param8"",""#text"":""S-1-5-21-3393683511-3463148672-371912004-1001""},{""@Name"":""param9"",""#text"":""LocalHost (Using LRPC)""},{""@Name"":""param10"",""#text"":""Microsoft.Windows.ShellExperienceHost_10.0.19041.1023_neutral_neutral_cw5n1h2txyewy""},{""@Name"":""param11"",""#text"":""S-1-15-2-155514346-2573954481-755741238-1654018636-1233331829-3075935687-2861478708""}]}}"
991,991,2023-03-10 02:35:11.9946241,10016,Warning,Microsoft-Windows-DistributedCOM,System,452,2024,DESKTOP-887GK2L,7,S-1-5-21-3393683511-3463148672-371912004-1001,,,,,,,,,,,False,C:\Users\turan\Desktop\defense-work-evtx-files\System.evtx,"Audit success, classic",0,"{""EventData"":{""Data"":[{""@Name"":""param1"",""#text"":""machine-default""},{""@Name"":""param2"",""#text"":""Local""},{""@Name"":""param3"",""#text"":""Activation""},{""@Name"":""param4"",""#text"":""{C2F03A33-21F5-47FA-B4BB-156362A2F239}""},{""@Name"":""param5"",""#text"":""{316CDED5-E4AE-4B15-9113-7055D84DCC97}""},{""@Name"":""param6"",""#text"":""DESKTOP-887GK2L""},{""@Name"":""param7"",""#text"":""CyberJunkie""},{""@Name"":""param8"",""#text"":""S-1-5-21-3393683511-3463148672-371912004-1001""},{""@Name"":""param9"",""#text"":""LocalHost (Using LRPC)""},{""@Name"":""param10"",""#text"":""Microsoft.Windows.ShellExperienceHost_10.0.19041.1023_neutral_neutral_cw5n1h2txyewy""},{""@Name"":""param11"",""#text"":""S-1-15-2-155514346-2573954481-755741238-1654018636-1233331829-3075935687-2861478708""}]}}"
992,992,2023-03-10 02:35:12.0996813,10016,Warning,Microsoft-Windows-DistributedCOM,System,452,2332,DESKTOP-887GK2L,7,S-1-5-21-3393683511-3463148672-371912004-1001,,,,,,,,,,,False,C:\Users\turan\Desktop\defense-work-evtx-files\System.evtx,"Audit success, classic",0,"{""EventData"":{""Data"":[{""@Name"":""param1"",""#text"":""machine-default""},{""@Name"":""param2"",""#text"":""Local""},{""@Name"":""param3"",""#text"":""Activation""},{""@Name"":""param4"",""#text"":""{C2F03A33-21F5-47FA-B4BB-156362A2F239}""},{""@Name"":""param5"",""#text"":""{316CDED5-E4AE-4B15-9113-7055D84DCC97}""},{""@Name"":""param6"",""#text"":""DESKTOP-887GK2L""},{""@Name"":""param7"",""#text"":""CyberJunkie""},{""@Name"":""param8"",""#text"":""S-1-5-21-3393683511-3463148672-371912004-1001""},{""@Name"":""param9"",""#text"":""LocalHost (Using LRPC)""},{""@Name"":""param10"",""#text"":""Microsoft.Windows.ShellExperienceHost_10.0.19041.1023_neutral_neutral_cw5n1h2txyewy""},{""@Name"":""param11"",""#text"":""S-1-15-2-155514346-2573954481-755741238-1654018636-1233331829-3075935687-2861478708""}]}}"
993,993,2023-03-10 02:35:12.1145813,10016,Warning,Microsoft-Windows-DistributedCOM,System,452,2024,DESKTOP-887GK2L,7,S-1-5-21-3393683511-3463148672-371912004-1001,,,,,,,,,,,False,C:\Users\turan\Desktop\defense-work-evtx-files\System.evtx,"Audit success, classic",0,"{""EventData"":{""Data"":[{""@Name"":""param1"",""#text"":""machine-default""},{""@Name"":""param2"",""#text"":""Local""},{""@Name"":""param3"",""#text"":""Activation""},{""@Name"":""param4"",""#text"":""{C2F03A33-21F5-47FA-B4BB-156362A2F239}""},{""@Name"":""param5"",""#text"":""{316CDED5-E4AE-4B15-9113-7055D84DCC97}""},{""@Name"":""param6"",""#text"":""DESKTOP-887GK2L""},{""@Name"":""param7"",""#text"":""CyberJunkie""},{""@Name"":""param8"",""#text"":""S-1-5-21-3393683511-3463148672-371912004-1001""},{""@Name"":""param9"",""#text"":""LocalHost (Using LRPC)""},{""@Name"":""param10"",""#text"":""Microsoft.Windows.ShellExperienceHost_10.0.19041.1023_neutral_neutral_cw5n1h2txyewy""},{""@Name"":""param11"",""#text"":""S-1-15-2-155514346-2573954481-755741238-1654018636-1233331829-3075935687-2861478708""}]}}"
994,994,2023-03-10 02:35:24.1994251,7045,Info,Service Control Manager,System,776,7940,DESKTOP-887GK2L,7,S-1-5-18,A new service was installed in the system,,,Name: sakzipkp,StartType: system start,"Account: ",,,,C:\Windows\system32\drivers\sakzipkp.sys,False,C:\Users\turan\Desktop\defense-work-evtx-files\System.evtx,"Audit success, classic",0,"{""EventData"":{""Data"":[{""@Name"":""ServiceName"",""#text"":""sakzipkp""},{""@Name"":""ImagePath"",""#text"":""C:\\Windows\\system32\\drivers\\sakzipkp.sys""},{""@Name"":""ServiceType"",""#text"":""kernel mode driver""},{""@Name"":""StartType"",""#text"":""system start""},{""@Name"":""AccountName""}]}}"
995,995,2023-03-10 02:35:24.2464289,10016,Warning,Microsoft-Windows-DistributedCOM,System,452,416,DESKTOP-887GK2L,7,S-1-5-21-3393683511-3463148672-371912004-1001,,,,,,,,,,,False,C:\Users\turan\Desktop\defense-work-evtx-files\System.evtx,"Audit success, classic",0,"{""EventData"":{""Data"":[{""@Name"":""param1"",""#text"":""machine-default""},{""@Name"":""param2"",""#text"":""Local""},{""@Name"":""param3"",""#text"":""Activation""},{""@Name"":""param4"",""#text"":""{C2F03A33-21F5-47FA-B4BB-156362A2F239}""},{""@Name"":""param5"",""#text"":""{316CDED5-E4AE-4B15-9113-7055D84DCC97}""},{""@Name"":""param6"",""#text"":""DESKTOP-887GK2L""},{""@Name"":""param7"",""#text"":""CyberJunkie""},{""@Name"":""param8"",""#text"":""S-1-5-21-3393683511-3463148672-371912004-1001""},{""@Name"":""param9"",""#text"":""LocalHost (Using LRPC)""},{""@Name"":""param10"",""#text"":""Microsoft.Windows.ShellExperienceHost_10.0.19041.1023_neutral_neutral_cw5n1h2txyewy""},{""@Name"":""param11"",""#text"":""S-1-15-2-155514346-2573954481-755741238-1654018636-1233331829-3075935687-2861478708""}]}}"
996,996,2023-03-10 02:35:24.2464289,10016,Warning,Microsoft-Windows-DistributedCOM,System,452,6348,DESKTOP-887GK2L,7,S-1-5-21-3393683511-3463148672-371912004-1001,,,,,,,,,,,False,C:\Users\turan\Desktop\defense-work-evtx-files\System.evtx,"Audit success, classic",0,"{""EventData"":{""Data"":[{""@Name"":""param1"",""#text"":""machine-default""},{""@Name"":""param2"",""#text"":""Local""},{""@Name"":""param3"",""#text"":""Activation""},{""@Name"":""param4"",""#text"":""{C2F03A33-21F5-47FA-B4BB-156362A2F239}""},{""@Name"":""param5"",""#text"":""{316CDED5-E4AE-4B15-9113-7055D84DCC97}""},{""@Name"":""param6"",""#text"":""DESKTOP-887GK2L""},{""@Name"":""param7"",""#text"":""CyberJunkie""},{""@Name"":""param8"",""#text"":""S-1-5-21-3393683511-3463148672-371912004-1001""},{""@Name"":""param9"",""#text"":""LocalHost (Using LRPC)""},{""@Name"":""param10"",""#text"":""Microsoft.Windows.ShellExperienceHost_10.0.19041.1023_neutral_neutral_cw5n1h2txyewy""},{""@Name"":""param11"",""#text"":""S-1-15-2-155514346-2573954481-755741238-1654018636-1233331829-3075935687-2861478708""}]}}"
997,997,2023-03-10 02:35:24.3524933,10016,Warning,Microsoft-Windows-DistributedCOM,System,452,2332,DESKTOP-887GK2L,7,S-1-5-21-3393683511-3463148672-371912004-1001,,,,,,,,,,,False,C:\Users\turan\Desktop\defense-work-evtx-files\System.evtx,"Audit success, classic",0,"{""EventData"":{""Data"":[{""@Name"":""param1"",""#text"":""machine-default""},{""@Name"":""param2"",""#text"":""Local""},{""@Name"":""param3"",""#text"":""Activation""},{""@Name"":""param4"",""#text"":""{C2F03A33-21F5-47FA-B4BB-156362A2F239}""},{""@Name"":""param5"",""#text"":""{316CDED5-E4AE-4B15-9113-7055D84DCC97}""},{""@Name"":""param6"",""#text"":""DESKTOP-887GK2L""},{""@Name"":""param7"",""#text"":""CyberJunkie""},{""@Name"":""param8"",""#text"":""S-1-5-21-3393683511-3463148672-371912004-1001""},{""@Name"":""param9"",""#text"":""LocalHost (Using LRPC)""},{""@Name"":""param10"",""#text"":""Microsoft.Windows.ShellExperienceHost_10.0.19041.1023_neutral_neutral_cw5n1h2txyewy""},{""@Name"":""param11"",""#text"":""S-1-15-2-155514346-2573954481-755741238-1654018636-1233331829-3075935687-2861478708""}]}}"
998,998,2023-03-10 02:35:24.3557067,10016,Warning,Microsoft-Windows-DistributedCOM,System,452,2332,DESKTOP-887GK2L,7,S-1-5-21-3393683511-3463148672-371912004-1001,,,,,,,,,,,False,C:\Users\turan\Desktop\defense-work-evtx-files\System.evtx,"Audit success, classic",0,"{""EventData"":{""Data"":[{""@Name"":""param1"",""#text"":""machine-default""},{""@Name"":""param2"",""#text"":""Local""},{""@Name"":""param3"",""#text"":""Activation""},{""@Name"":""param4"",""#text"":""{C2F03A33-21F5-47FA-B4BB-156362A2F239}""},{""@Name"":""param5"",""#text"":""{316CDED5-E4AE-4B15-9113-7055D84DCC97}""},{""@Name"":""param6"",""#text"":""DESKTOP-887GK2L""},{""@Name"":""param7"",""#text"":""CyberJunkie""},{""@Name"":""param8"",""#text"":""S-1-5-21-3393683511-3463148672-371912004-1001""},{""@Name"":""param9"",""#text"":""LocalHost (Using LRPC)""},{""@Name"":""param10"",""#text"":""Microsoft.Windows.ShellExperienceHost_10.0.19041.1023_neutral_neutral_cw5n1h2txyewy""},{""@Name"":""param11"",""#text"":""S-1-15-2-155514346-2573954481-755741238-1654018636-1233331829-3075935687-2861478708""}]}}"
999,999,2023-03-10 02:35:37.0236938,7045,Info,Service Control Manager,System,776,4220,DESKTOP-887GK2L,7,S-1-5-18,A new service was installed in the system,,,Name: wemiepnm,StartType: system start,"Account: ",,,,C:\Windows\system32\drivers\wemiepnm.sys,False,C:\Users\turan\Desktop\defense-work-evtx-files\System.evtx,"Audit success, classic",0,"{""EventData"":{""Data"":[{""@Name"":""ServiceName"",""#text"":""wemiepnm""},{""@Name"":""ImagePath"",""#text"":""C:\\Windows\\system32\\drivers\\wemiepnm.sys""},{""@Name"":""ServiceType"",""#text"":""kernel mode driver""},{""@Name"":""StartType"",""#text"":""system start""},{""@Name"":""AccountName""}]}}"
1000,1000,2023-03-10 02:35:37.0707198,10016,Warning,Microsoft-Windows-DistributedCOM,System,452,2024,DESKTOP-887GK2L,7,S-1-5-21-3393683511-3463148672-371912004-1001,,,,,,,,,,,False,C:\Users\turan\Desktop\defense-work-evtx-files\System.evtx,"Audit success, classic",0,"{""EventData"":{""Data"":[{""@Name"":""param1"",""#text"":""machine-default""},{""@Name"":""param2"",""#text"":""Local""},{""@Name"":""param3"",""#text"":""Activation""},{""@Name"":""param4"",""#text"":""{C2F03A33-21F5-47FA-B4BB-156362A2F239}""},{""@Name"":""param5"",""#text"":""{316CDED5-E4AE-4B15-9113-7055D84DCC97}""},{""@Name"":""param6"",""#text"":""DESKTOP-887GK2L""},{""@Name"":""param7"",""#text"":""CyberJunkie""},{""@Name"":""param8"",""#text"":""S-1-5-21-3393683511-3463148672-371912004-1001""},{""@Name"":""param9"",""#text"":""LocalHost (Using LRPC)""},{""@Name"":""param10"",""#text"":""Microsoft.Windows.ShellExperienceHost_10.0.19041.1023_neutral_neutral_cw5n1h2txyewy""},{""@Name"":""param11"",""#text"":""S-1-15-2-155514346-2573954481-755741238-1654018636-1233331829-3075935687-2861478708""}]}}"
1001,1001,2023-03-10 02:35:37.0707198,10016,Warning,Microsoft-Windows-DistributedCOM,System,452,416,DESKTOP-887GK2L,7,S-1-5-21-3393683511-3463148672-371912004-1001,,,,,,,,,,,False,C:\Users\turan\Desktop\defense-work-evtx-files\System.evtx,"Audit success, classic",0,"{""EventData"":{""Data"":[{""@Name"":""param1"",""#text"":""machine-default""},{""@Name"":""param2"",""#text"":""Local""},{""@Name"":""param3"",""#text"":""Activation""},{""@Name"":""param4"",""#text"":""{C2F03A33-21F5-47FA-B4BB-156362A2F239}""},{""@Name"":""param5"",""#text"":""{316CDED5-E4AE-4B15-9113-7055D84DCC97}""},{""@Name"":""param6"",""#text"":""DESKTOP-887GK2L""},{""@Name"":""param7"",""#text"":""CyberJunkie""},{""@Name"":""param8"",""#text"":""S-1-5-21-3393683511-3463148672-371912004-1001""},{""@Name"":""param9"",""#text"":""LocalHost (Using LRPC)""},{""@Name"":""param10"",""#text"":""Microsoft.Windows.ShellExperienceHost_10.0.19041.1023_neutral_neutral_cw5n1h2txyewy""},{""@Name"":""param11"",""#text"":""S-1-15-2-155514346-2573954481-755741238-1654018636-1233331829-3075935687-2861478708""}]}}"
1002,1002,2023-03-10 02:35:37.1856641,10016,Warning,Microsoft-Windows-DistributedCOM,System,452,416,DESKTOP-887GK2L,7,S-1-5-21-3393683511-3463148672-371912004-1001,,,,,,,,,,,False,C:\Users\turan\Desktop\defense-work-evtx-files\System.evtx,"Audit success, classic",0,"{""EventData"":{""Data"":[{""@Name"":""param1"",""#text"":""machine-default""},{""@Name"":""param2"",""#text"":""Local""},{""@Name"":""param3"",""#text"":""Activation""},{""@Name"":""param4"",""#text"":""{C2F03A33-21F5-47FA-B4BB-156362A2F239}""},{""@Name"":""param5"",""#text"":""{316CDED5-E4AE-4B15-9113-7055D84DCC97}""},{""@Name"":""param6"",""#text"":""DESKTOP-887GK2L""},{""@Name"":""param7"",""#text"":""CyberJunkie""},{""@Name"":""param8"",""#text"":""S-1-5-21-3393683511-3463148672-371912004-1001""},{""@Name"":""param9"",""#text"":""LocalHost (Using LRPC)""},{""@Name"":""param10"",""#text"":""Microsoft.Windows.ShellExperienceHost_10.0.19041.1023_neutral_neutral_cw5n1h2txyewy""},{""@Name"":""param11"",""#text"":""S-1-15-2-155514346-2573954481-755741238-1654018636-1233331829-3075935687-2861478708""}]}}"
1003,1003,2023-03-10 02:35:37.1907336,10016,Warning,Microsoft-Windows-DistributedCOM,System,452,416,DESKTOP-887GK2L,7,S-1-5-21-3393683511-3463148672-371912004-1001,,,,,,,,,,,False,C:\Users\turan\Desktop\defense-work-evtx-files\System.evtx,"Audit success, classic",0,"{""EventData"":{""Data"":[{""@Name"":""param1"",""#text"":""machine-default""},{""@Name"":""param2"",""#text"":""Local""},{""@Name"":""param3"",""#text"":""Activation""},{""@Name"":""param4"",""#text"":""{C2F03A33-21F5-47FA-B4BB-156362A2F239}""},{""@Name"":""param5"",""#text"":""{316CDED5-E4AE-4B15-9113-7055D84DCC97}""},{""@Name"":""param6"",""#text"":""DESKTOP-887GK2L""},{""@Name"":""param7"",""#text"":""CyberJunkie""},{""@Name"":""param8"",""#text"":""S-1-5-21-3393683511-3463148672-371912004-1001""},{""@Name"":""param9"",""#text"":""LocalHost (Using LRPC)""},{""@Name"":""param10"",""#text"":""Microsoft.Windows.ShellExperienceHost_10.0.19041.1023_neutral_neutral_cw5n1h2txyewy""},{""@Name"":""param11"",""#text"":""S-1-15-2-155514346-2573954481-755741238-1654018636-1233331829-3075935687-2861478708""}]}}"
1004,1004,2023-03-10 02:35:49.3735186,7045,Info,Service Control Manager,System,776,4220,DESKTOP-887GK2L,7,S-1-5-18,A new service was installed in the system,,,Name: rbugbqav,StartType: system start,"Account: ",,,,C:\Windows\system32\drivers\rbugbqav.sys,False,C:\Users\turan\Desktop\defense-work-evtx-files\System.evtx,"Audit success, classic",0,"{""EventData"":{""Data"":[{""@Name"":""ServiceName"",""#text"":""rbugbqav""},{""@Name"":""ImagePath"",""#text"":""C:\\Windows\\system32\\drivers\\rbugbqav.sys""},{""@Name"":""ServiceType"",""#text"":""kernel mode driver""},{""@Name"":""StartType"",""#text"":""system start""},{""@Name"":""AccountName""}]}}"
1005,1005,2023-03-10 02:35:49.4205449,10016,Warning,Microsoft-Windows-DistributedCOM,System,452,6348,DESKTOP-887GK2L,8,S-1-5-21-3393683511-3463148672-371912004-1001,,,,,,,,,,,False,C:\Users\turan\Desktop\defense-work-evtx-files\System.evtx,"Audit success, classic",0,"{""EventData"":{""Data"":[{""@Name"":""param1"",""#text"":""machine-default""},{""@Name"":""param2"",""#text"":""Local""},{""@Name"":""param3"",""#text"":""Activation""},{""@Name"":""param4"",""#text"":""{C2F03A33-21F5-47FA-B4BB-156362A2F239}""},{""@Name"":""param5"",""#text"":""{316CDED5-E4AE-4B15-9113-7055D84DCC97}""},{""@Name"":""param6"",""#text"":""DESKTOP-887GK2L""},{""@Name"":""param7"",""#text"":""CyberJunkie""},{""@Name"":""param8"",""#text"":""S-1-5-21-3393683511-3463148672-371912004-1001""},{""@Name"":""param9"",""#text"":""LocalHost (Using LRPC)""},{""@Name"":""param10"",""#text"":""Microsoft.Windows.ShellExperienceHost_10.0.19041.1023_neutral_neutral_cw5n1h2txyewy""},{""@Name"":""param11"",""#text"":""S-1-15-2-155514346-2573954481-755741238-1654018636-1233331829-3075935687-2861478708""}]}}"
1006,1006,2023-03-10 02:35:49.4360550,10016,Warning,Microsoft-Windows-DistributedCOM,System,452,2332,DESKTOP-887GK2L,8,S-1-5-21-3393683511-3463148672-371912004-1001,,,,,,,,,,,False,C:\Users\turan\Desktop\defense-work-evtx-files\System.evtx,"Audit success, classic",0,"{""EventData"":{""Data"":[{""@Name"":""param1"",""#text"":""machine-default""},{""@Name"":""param2"",""#text"":""Local""},{""@Name"":""param3"",""#text"":""Activation""},{""@Name"":""param4"",""#text"":""{C2F03A33-21F5-47FA-B4BB-156362A2F239}""},{""@Name"":""param5"",""#text"":""{316CDED5-E4AE-4B15-9113-7055D84DCC97}""},{""@Name"":""param6"",""#text"":""DESKTOP-887GK2L""},{""@Name"":""param7"",""#text"":""CyberJunkie""},{""@Name"":""param8"",""#text"":""S-1-5-21-3393683511-3463148672-371912004-1001""},{""@Name"":""param9"",""#text"":""LocalHost (Using LRPC)""},{""@Name"":""param10"",""#text"":""Microsoft.Windows.ShellExperienceHost_10.0.19041.1023_neutral_neutral_cw5n1h2txyewy""},{""@Name"":""param11"",""#text"":""S-1-15-2-155514346-2573954481-755741238-1654018636-1233331829-3075935687-2861478708""}]}}"
1007,1007,2023-03-10 02:35:49.5169223,10016,Warning,Microsoft-Windows-DistributedCOM,System,452,6348,DESKTOP-887GK2L,8,S-1-5-21-3393683511-3463148672-371912004-1001,,,,,,,,,,,False,C:\Users\turan\Desktop\defense-work-evtx-files\System.evtx,"Audit success, classic",0,"{""EventData"":{""Data"":[{""@Name"":""param1"",""#text"":""machine-default""},{""@Name"":""param2"",""#text"":""Local""},{""@Name"":""param3"",""#text"":""Activation""},{""@Name"":""param4"",""#text"":""{C2F03A33-21F5-47FA-B4BB-156362A2F239}""},{""@Name"":""param5"",""#text"":""{316CDED5-E4AE-4B15-9113-7055D84DCC97}""},{""@Name"":""param6"",""#text"":""DESKTOP-887GK2L""},{""@Name"":""param7"",""#text"":""CyberJunkie""},{""@Name"":""param8"",""#text"":""S-1-5-21-3393683511-3463148672-371912004-1001""},{""@Name"":""param9"",""#text"":""LocalHost (Using LRPC)""},{""@Name"":""param10"",""#text"":""Microsoft.Windows.ShellExperienceHost_10.0.19041.1023_neutral_neutral_cw5n1h2txyewy""},{""@Name"":""param11"",""#text"":""S-1-15-2-155514346-2573954481-755741238-1654018636-1233331829-3075935687-2861478708""}]}}"
1008,1008,2023-03-10 02:35:49.5169223,10016,Warning,Microsoft-Windows-DistributedCOM,System,452,2024,DESKTOP-887GK2L,8,S-1-5-21-3393683511-3463148672-371912004-1001,,,,,,,,,,,False,C:\Users\turan\Desktop\defense-work-evtx-files\System.evtx,"Audit success, classic",0,"{""EventData"":{""Data"":[{""@Name"":""param1"",""#text"":""machine-default""},{""@Name"":""param2"",""#text"":""Local""},{""@Name"":""param3"",""#text"":""Activation""},{""@Name"":""param4"",""#text"":""{C2F03A33-21F5-47FA-B4BB-156362A2F239}""},{""@Name"":""param5"",""#text"":""{316CDED5-E4AE-4B15-9113-7055D84DCC97}""},{""@Name"":""param6"",""#text"":""DESKTOP-887GK2L""},{""@Name"":""param7"",""#text"":""CyberJunkie""},{""@Name"":""param8"",""#text"":""S-1-5-21-3393683511-3463148672-371912004-1001""},{""@Name"":""param9"",""#text"":""LocalHost (Using LRPC)""},{""@Name"":""param10"",""#text"":""Microsoft.Windows.ShellExperienceHost_10.0.19041.1023_neutral_neutral_cw5n1h2txyewy""},{""@Name"":""param11"",""#text"":""S-1-15-2-155514346-2573954481-755741238-1654018636-1233331829-3075935687-2861478708""}]}}"
1009,1009,2023-03-10 02:36:01.8245955,7045,Info,Service Control Manager,System,776,7940,DESKTOP-887GK2L,8,S-1-5-18,A new service was installed in the system,,,Name: kikfkpts,StartType: system start,"Account: ",,,,C:\Windows\system32\drivers\kikfkpts.sys,False,C:\Users\turan\Desktop\defense-work-evtx-files\System.evtx,"Audit success, classic",0,"{""EventData"":{""Data"":[{""@Name"":""ServiceName"",""#text"":""kikfkpts""},{""@Name"":""ImagePath"",""#text"":""C:\\Windows\\system32\\drivers\\kikfkpts.sys""},{""@Name"":""ServiceType"",""#text"":""kernel mode driver""},{""@Name"":""StartType"",""#text"":""system start""},{""@Name"":""AccountName""}]}}"
1010,1010,2023-03-10 02:36:01.8715838,10016,Warning,Microsoft-Windows-DistributedCOM,System,452,2024,DESKTOP-887GK2L,8,S-1-5-21-3393683511-3463148672-371912004-1001,,,,,,,,,,,False,C:\Users\turan\Desktop\defense-work-evtx-files\System.evtx,"Audit success, classic",0,"{""EventData"":{""Data"":[{""@Name"":""param1"",""#text"":""machine-default""},{""@Name"":""param2"",""#text"":""Local""},{""@Name"":""param3"",""#text"":""Activation""},{""@Name"":""param4"",""#text"":""{C2F03A33-21F5-47FA-B4BB-156362A2F239}""},{""@Name"":""param5"",""#text"":""{316CDED5-E4AE-4B15-9113-7055D84DCC97}""},{""@Name"":""param6"",""#text"":""DESKTOP-887GK2L""},{""@Name"":""param7"",""#text"":""CyberJunkie""},{""@Name"":""param8"",""#text"":""S-1-5-21-3393683511-3463148672-371912004-1001""},{""@Name"":""param9"",""#text"":""LocalHost (Using LRPC)""},{""@Name"":""param10"",""#text"":""Microsoft.Windows.ShellExperienceHost_10.0.19041.1023_neutral_neutral_cw5n1h2txyewy""},{""@Name"":""param11"",""#text"":""S-1-15-2-155514346-2573954481-755741238-1654018636-1233331829-3075935687-2861478708""}]}}"
