470,470,2023-03-01 08:23:45.3766301,44,Info,Microsoft-Windows-WindowsUpdateClient,System,5516,6572,DESKTOP-887GK2L,3,S-1-5-18,,,,,,,,,,,False,C:\Users\turan\Desktop\defense-work-evtx-files\System.evtx,0x8000000000002004,0,"{""EventData"":{""Data"":[{""@Name"":""updateTitle"",""#text"":""9MW2LKJ0TPJF-Microsoft.NET.Native.Framework.2.2""},{""@Name"":""updateGuid"",""#text"":""2bfc90df-c5e5-4c06-b503-16647503bf6a""},{""@Name"":""updateRevisionNumber"",""#text"":""1""}]}}"
471,471,2023-03-01 08:23:45.3766310,44,Info,Microsoft-Windows-WindowsUpdateClient,System,5516,6572,DESKTOP-887GK2L,3,S-1-5-18,,,,,,,,,,,False,C:\Users\turan\Desktop\defense-work-evtx-files\System.evtx,0x8000000000002004,0,"{""EventData"":{""Data"":[{""@Name"":""updateTitle"",""#text"":""9NBLGGH10PG8-MICROSOFT.PEOPLE""},{""@Name"":""updateGuid"",""#text"":""d9e29148-498c-4802-be9a-6efe30e2b610""},{""@Name"":""updateRevisionNumber"",""#text"":""1""}]}}"
472,472,2023-03-01 08:23:45.3766318,44,Info,Microsoft-Windows-WindowsUpdateClient,System,5516,6572,DESKTOP-887GK2L,3,S-1-5-18,,,,,,,,,,,False,C:\Users\turan\Desktop\defense-work-evtx-files\System.evtx,0x8000000000002004,0,"{""EventData"":{""Data"":[{""@Name"":""updateTitle"",""#text"":""9MW2LKJ0TPJF-Microsoft.NET.Native.Framework.2.2""},{""@Name"":""updateGuid"",""#text"":""2bfc90df-c5e5-4c06-b503-16647503bf6a""},{""@Name"":""updateRevisionNumber"",""#text"":""1""}]}}"
473,473,2023-03-01 08:23:45.7394714,44,Info,Microsoft-Windows-WindowsUpdateClient,System,5516,6572,DESKTOP-887GK2L,3,S-1-5-18,,,,,,,,,,,False,C:\Users\turan\Desktop\defense-work-evtx-files\System.evtx,0x8000000000002004,0,"{""EventData"":{""Data"":[{""@Name"":""updateTitle"",""#text"":""9NBLGGH3FRZM-Microsoft.VCLibs.140.00""},{""@Name"":""updateGuid"",""#text"":""d82f41c1-893a-4a90-ac94-8f83da52a274""},{""@Name"":""updateRevisionNumber"",""#text"":""1""}]}}"
474,474,2023-03-01 08:23:45.7394727,44,Info,Microsoft-Windows-WindowsUpdateClient,System,5516,6572,DESKTOP-887GK2L,3,S-1-5-18,,,,,,,,,,,False,C:\Users\turan\Desktop\defense-work-evtx-files\System.evtx,0x8000000000002004,0,"{""EventData"":{""Data"":[{""@Name"":""updateTitle"",""#text"":""9P086NHDNB9W-Microsoft.XboxSpeechtoTextOverlay""},{""@Name"":""updateGuid"",""#text"":""2d41a1c7-a089-4426-b953-037765a1ed95""},{""@Name"":""updateRevisionNumber"",""#text"":""1""}]}}"
475,475,2023-03-01 08:23:45.7394739,44,Info,Microsoft-Windows-WindowsUpdateClient,System,5516,6572,DESKTOP-887GK2L,3,S-1-5-18,,,,,,,,,,,False,C:\Users\turan\Desktop\defense-work-evtx-files\System.evtx,0x8000000000002004,0,"{""EventData"":{""Data"":[{""@Name"":""updateTitle"",""#text"":""9NBLGGH3FRZM-Microsoft.VCLibs.140.00""},{""@Name"":""updateGuid"",""#text"":""d82f41c1-893a-4a90-ac94-8f83da52a274""},{""@Name"":""updateRevisionNumber"",""#text"":""1""}]}}"
476,476,2023-03-01 08:23:47.3320108,7045,Info,Service Control Manager,System,668,4728,DESKTOP-887GK2L,3,S-1-5-18,A new service was installed in the system,,,Name: MpKsl381005d1,StartType: demand start,"Account: ",,,,C:\ProgramData\Microsoft\Windows Defender\Definition Updates\{65B8C91E-8610-4AA1-AD59-2D7263763F37}\MpKslDrv.sys,False,C:\Users\turan\Desktop\defense-work-evtx-files\System.evtx,"Audit success, classic",0,"{""EventData"":{""Data"":[{""@Name"":""ServiceName"",""#text"":""MpKsl381005d1""},{""@Name"":""ImagePath"",""#text"":""C:\\ProgramData\\Microsoft\\Windows Defender\\Definition Updates\\{65B8C91E-8610-4AA1-AD59-2D7263763F37}\\MpKslDrv.sys""},{""@Name"":""ServiceType"",""#text"":""kernel mode driver""},{""@Name"":""StartType"",""#text"":""demand start""},{""@Name"":""AccountName""}]}}"
477,477,2023-03-01 08:23:48.2427959,16,Info,Microsoft-Windows-Kernel-General,System,8412,4680,DESKTOP-887GK2L,3,S-1-5-18,,,,,,,,,,,False,C:\Users\turan\Desktop\defense-work-evtx-files\System.evtx,Classic,0,"{""EventData"":{""Data"":[{""@Name"":""HiveNameLength"",""#text"":""145""},{""@Name"":""HiveName"",""#text"":""\\??\\C:\\ProgramData\\Microsoft\\Windows\\AppRepository\\Packages\\Microsoft.XboxSpeechToTextOverlay_1.21.13002.0_x64__8wekyb3d8bbwe\\ActivationStore.dat""},{""@Name"":""KeysUpdated"",""#text"":""0""},{""@Name"":""DirtyPages"",""#text"":""0""}]}}"
478,478,2023-03-01 08:23:49.3514588,44,Info,Microsoft-Windows-WindowsUpdateClient,System,5516,6572,DESKTOP-887GK2L,3,S-1-5-18,,,,,,,,,,,False,C:\Users\turan\Desktop\defense-work-evtx-files\System.evtx,0x8000000000002004,0,"{""EventData"":{""Data"":[{""@Name"":""updateTitle"",""#text"":""9P086NHDNB9W-Microsoft.XboxSpeechtoTextOverlay""},{""@Name"":""updateGuid"",""#text"":""2d41a1c7-a089-4426-b953-037765a1ed95""},{""@Name"":""updateRevisionNumber"",""#text"":""1""}]}}"
479,479,2023-03-01 08:23:49.3514602,44,Info,Microsoft-Windows-WindowsUpdateClient,System,5516,6572,DESKTOP-887GK2L,3,S-1-5-18,,,,,,,,,,,False,C:\Users\turan\Desktop\defense-work-evtx-files\System.evtx,0x8000000000002004,0,"{""EventData"":{""Data"":[{""@Name"":""updateTitle"",""#text"":""9NBLGGH4RV3K-Microsoft.VCLibs.140.00.UWPDesktop""},{""@Name"":""updateGuid"",""#text"":""b34f488c-7eb5-489e-8d93-a30096b87664""},{""@Name"":""updateRevisionNumber"",""#text"":""1""}]}}"
480,480,2023-03-01 08:23:49.3724590,43,Info,Microsoft-Windows-WindowsUpdateClient,System,5516,3752,DESKTOP-887GK2L,3,S-1-5-18,,,,,,,,,,,False,C:\Users\turan\Desktop\defense-work-evtx-files\System.evtx,0x8000000000002008,0,"{""EventData"":{""Data"":[{""@Name"":""updateTitle"",""#text"":""9P086NHDNB9W-Microsoft.XboxSpeechtoTextOverlay""},{""@Name"":""updateGuid"",""#text"":""2d41a1c7-a089-4426-b953-037765a1ed95""},{""@Name"":""updateRevisionNumber"",""#text"":""1""}]}}"
481,481,2023-03-01 08:23:49.4570323,16,Info,Microsoft-Windows-Kernel-General,System,8412,4680,DESKTOP-887GK2L,3,S-1-5-21-3393683511-3463148672-371912004-1001,,,,,,,,,,,False,C:\Users\turan\Desktop\defense-work-evtx-files\System.evtx,Classic,0,"{""EventData"":{""Data"":[{""@Name"":""HiveNameLength"",""#text"":""117""},{""@Name"":""HiveName"",""#text"":""\\??\\C:\\Users\\CyberJunkie\\AppData\\Local\\Packages\\Microsoft.XboxSpeechToTextOverlay_8wekyb3d8bbwe\\Settings\\settings.dat""},{""@Name"":""KeysUpdated"",""#text"":""3""},{""@Name"":""DirtyPages"",""#text"":""1""}]}}"
482,482,2023-03-01 08:23:49.6697943,19,Info,Microsoft-Windows-WindowsUpdateClient,System,5516,3752,DESKTOP-887GK2L,3,S-1-5-18,,,,,,,,,,,False,C:\Users\turan\Desktop\defense-work-evtx-files\System.evtx,Installation,0,"{""EventData"":{""Data"":[{""@Name"":""updateTitle"",""#text"":""9P086NHDNB9W-Microsoft.XboxSpeechtoTextOverlay""},{""@Name"":""updateGuid"",""#text"":""2d41a1c7-a089-4426-b953-037765a1ed95""},{""@Name"":""updateRevisionNumber"",""#text"":""1""},{""@Name"":""serviceGuid"",""#text"":""855e8a7c-ecb4-4ca3-b045-1dfa50104289""}]}}"
483,483,2023-03-01 08:23:53.6421646,7040,Info,Service Control Manager,System,668,6160,DESKTOP-887GK2L,3,S-1-5-18,Start type of a service has changed,,,The start type of the Background Intelligent Transfer Service was changed from demand start to auto start,,,,,,BITS,False,C:\Users\turan\Desktop\defense-work-evtx-files\System.evtx,"Audit success, classic",0,"{""EventData"":{""Data"":[{""@Name"":""param1"",""#text"":""Background Intelligent Transfer Service""},{""@Name"":""param2"",""#text"":""demand start""},{""@Name"":""param3"",""#text"":""auto start""},{""@Name"":""param4"",""#text"":""BITS""}]}}"
484,484,2023-03-01 08:23:54.1227764,16,Info,Microsoft-Windows-Kernel-General,System,8412,6628,DESKTOP-887GK2L,3,S-1-5-18,,,,,,,,,,,False,C:\Users\turan\Desktop\defense-work-evtx-files\System.evtx,Classic,0,"{""EventData"":{""Data"":[{""@Name"":""HiveNameLength"",""#text"":""127""},{""@Name"":""HiveName"",""#text"":""\\??\\C:\\ProgramData\\Microsoft\\Windows\\AppRepository\\Packages\\Microsoft.People_10.2105.4.0_x64__8wekyb3d8bbwe\\ActivationStore.dat""},{""@Name"":""KeysUpdated"",""#text"":""0""},{""@Name"":""DirtyPages"",""#text"":""0""}]}}"
485,485,2023-03-01 08:23:55.9769934,44,Info,Microsoft-Windows-WindowsUpdateClient,System,5516,6572,DESKTOP-887GK2L,3,S-1-5-18,,,,,,,,,,,False,C:\Users\turan\Desktop\defense-work-evtx-files\System.evtx,0x8000000000002004,0,"{""EventData"":{""Data"":[{""@Name"":""updateTitle"",""#text"":""9NZM7B1BB5TR-Microsoft.NET.Native.Framework.1.7""},{""@Name"":""updateGuid"",""#text"":""a04d658c-eb50-4098-97cb-bb4cfaff07a8""},{""@Name"":""updateRevisionNumber"",""#text"":""1""}]}}"
486,486,2023-03-01 08:23:55.9769949,44,Info,Microsoft-Windows-WindowsUpdateClient,System,5516,6572,DESKTOP-887GK2L,3,S-1-5-18,,,,,,,,,,,False,C:\Users\turan\Desktop\defense-work-evtx-files\System.evtx,0x8000000000002004,0,"{""EventData"":{""Data"":[{""@Name"":""updateTitle"",""#text"":""9NBLGGH3FRZM-Microsoft.VCLibs.140.00""},{""@Name"":""updateGuid"",""#text"":""d82f41c1-893a-4a90-ac94-8f83da52a274""},{""@Name"":""updateRevisionNumber"",""#text"":""1""}]}}"
487,487,2023-03-01 08:23:55.9769957,44,Info,Microsoft-Windows-WindowsUpdateClient,System,5516,6572,DESKTOP-887GK2L,3,S-1-5-18,,,,,,,,,,,False,C:\Users\turan\Desktop\defense-work-evtx-files\System.evtx,0x8000000000002004,0,"{""EventData"":{""Data"":[{""@Name"":""updateTitle"",""#text"":""9NBLGGH3FRZM-Microsoft.VCLibs.140.00""},{""@Name"":""updateGuid"",""#text"":""d82f41c1-893a-4a90-ac94-8f83da52a274""},{""@Name"":""updateRevisionNumber"",""#text"":""1""}]}}"
488,488,2023-03-01 08:23:57.7187059,43,Info,Microsoft-Windows-WindowsUpdateClient,System,5516,9528,DESKTOP-887GK2L,3,S-1-5-18,,,,,,,,,,,False,C:\Users\turan\Desktop\defense-work-evtx-files\System.evtx,0x8000000000002008,0,"{""EventData"":{""Data"":[{""@Name"":""updateTitle"",""#text"":""9PLL735RFDSM-Microsoft.NET.Native.Runtime.2.2""},{""@Name"":""updateGuid"",""#text"":""78d00b8d-c973-4e6d-bab8-6d829f76fb3d""},{""@Name"":""updateRevisionNumber"",""#text"":""1""}]}}"
489,489,2023-03-01 08:23:58.2321816,19,Info,Microsoft-Windows-WindowsUpdateClient,System,5516,9528,DESKTOP-887GK2L,3,S-1-5-18,,,,,,,,,,,False,C:\Users\turan\Desktop\defense-work-evtx-files\System.evtx,Installation,0,"{""EventData"":{""Data"":[{""@Name"":""updateTitle"",""#text"":""9PLL735RFDSM-Microsoft.NET.Native.Runtime.2.2""},{""@Name"":""updateGuid"",""#text"":""78d00b8d-c973-4e6d-bab8-6d829f76fb3d""},{""@Name"":""updateRevisionNumber"",""#text"":""1""},{""@Name"":""serviceGuid"",""#text"":""855e8a7c-ecb4-4ca3-b045-1dfa50104289""}]}}"
490,490,2023-03-01 08:23:58.2518609,43,Info,Microsoft-Windows-WindowsUpdateClient,System,5516,9528,DESKTOP-887GK2L,3,S-1-5-18,,,,,,,,,,,False,C:\Users\turan\Desktop\defense-work-evtx-files\System.evtx,0x8000000000002008,0,"{""EventData"":{""Data"":[{""@Name"":""updateTitle"",""#text"":""9MW2LKJ0TPJF-Microsoft.NET.Native.Framework.2.2""},{""@Name"":""updateGuid"",""#text"":""2bfc90df-c5e5-4c06-b503-16647503bf6a""},{""@Name"":""updateRevisionNumber"",""#text"":""1""}]}}"
491,491,2023-03-01 08:23:58.7372698,19,Info,Microsoft-Windows-WindowsUpdateClient,System,5516,9528,DESKTOP-887GK2L,3,S-1-5-18,,,,,,,,,,,False,C:\Users\turan\Desktop\defense-work-evtx-files\System.evtx,Installation,0,"{""EventData"":{""Data"":[{""@Name"":""updateTitle"",""#text"":""9MW2LKJ0TPJF-Microsoft.NET.Native.Framework.2.2""},{""@Name"":""updateGuid"",""#text"":""2bfc90df-c5e5-4c06-b503-16647503bf6a""},{""@Name"":""updateRevisionNumber"",""#text"":""1""},{""@Name"":""serviceGuid"",""#text"":""855e8a7c-ecb4-4ca3-b045-1dfa50104289""}]}}"
492,492,2023-03-01 08:23:58.7511699,43,Info,Microsoft-Windows-WindowsUpdateClient,System,5516,9528,DESKTOP-887GK2L,3,S-1-5-18,,,,,,,,,,,False,C:\Users\turan\Desktop\defense-work-evtx-files\System.evtx,0x8000000000002008,0,"{""EventData"":{""Data"":[{""@Name"":""updateTitle"",""#text"":""9NBLGGH10PG8-MICROSOFT.PEOPLE""},{""@Name"":""updateGuid"",""#text"":""d9e29148-498c-4802-be9a-6efe30e2b610""},{""@Name"":""updateRevisionNumber"",""#text"":""1""}]}}"
493,493,2023-03-01 08:23:58.9482084,16,Info,Microsoft-Windows-Kernel-General,System,8412,7140,DESKTOP-887GK2L,3,S-1-5-21-3393683511-3463148672-371912004-1001,,,,,,,,,,,False,C:\Users\turan\Desktop\defense-work-evtx-files\System.evtx,Classic,0,"{""EventData"":{""Data"":[{""@Name"":""HiveNameLength"",""#text"":""100""},{""@Name"":""HiveName"",""#text"":""\\??\\C:\\Users\\CyberJunkie\\AppData\\Local\\Packages\\Microsoft.People_8wekyb3d8bbwe\\Settings\\settings.dat""},{""@Name"":""KeysUpdated"",""#text"":""3""},{""@Name"":""DirtyPages"",""#text"":""1""}]}}"
494,494,2023-03-01 08:23:59.1925843,44,Info,Microsoft-Windows-WindowsUpdateClient,System,5516,9528,DESKTOP-887GK2L,3,S-1-5-18,,,,,,,,,,,False,C:\Users\turan\Desktop\defense-work-evtx-files\System.evtx,0x8000000000002004,0,"{""EventData"":{""Data"":[{""@Name"":""updateTitle"",""#text"":""9MTW6RN84LVM-Microsoft.NET.Native.Runtime.1.7""},{""@Name"":""updateGuid"",""#text"":""5b23cc34-97ff-441e-92e8-4712ad9d0774""},{""@Name"":""updateRevisionNumber"",""#text"":""1""}]}}"
495,495,2023-03-01 08:23:59.1925863,19,Info,Microsoft-Windows-WindowsUpdateClient,System,5516,9528,DESKTOP-887GK2L,3,S-1-5-18,,,,,,,,,,,False,C:\Users\turan\Desktop\defense-work-evtx-files\System.evtx,Installation,0,"{""EventData"":{""Data"":[{""@Name"":""updateTitle"",""#text"":""9NBLGGH10PG8-MICROSOFT.PEOPLE""},{""@Name"":""updateGuid"",""#text"":""d9e29148-498c-4802-be9a-6efe30e2b610""},{""@Name"":""updateRevisionNumber"",""#text"":""1""},{""@Name"":""serviceGuid"",""#text"":""855e8a7c-ecb4-4ca3-b045-1dfa50104289""}]}}"
496,496,2023-03-01 08:24:04.3115379,44,Info,Microsoft-Windows-WindowsUpdateClient,System,5516,6572,DESKTOP-887GK2L,3,S-1-5-18,,,,,,,,,,,False,C:\Users\turan\Desktop\defense-work-evtx-files\System.evtx,0x8000000000002004,0,"{""EventData"":{""Data"":[{""@Name"":""updateTitle"",""#text"":""9NBLGGH3FRZM-Microsoft.VCLibs.140.00""},{""@Name"":""updateGuid"",""#text"":""d82f41c1-893a-4a90-ac94-8f83da52a274""},{""@Name"":""updateRevisionNumber"",""#text"":""1""}]}}"
497,497,2023-03-01 08:24:04.3115392,44,Info,Microsoft-Windows-WindowsUpdateClient,System,5516,6572,DESKTOP-887GK2L,3,S-1-5-18,,,,,,,,,,,False,C:\Users\turan\Desktop\defense-work-evtx-files\System.evtx,0x8000000000002004,0,"{""EventData"":{""Data"":[{""@Name"":""updateTitle"",""#text"":""9NBLGGH3FRZM-Microsoft.VCLibs.140.00""},{""@Name"":""updateGuid"",""#text"":""d82f41c1-893a-4a90-ac94-8f83da52a274""},{""@Name"":""updateRevisionNumber"",""#text"":""1""}]}}"
498,498,2023-03-01 08:24:04.3115399,44,Info,Microsoft-Windows-WindowsUpdateClient,System,5516,6572,DESKTOP-887GK2L,3,S-1-5-18,,,,,,,,,,,False,C:\Users\turan\Desktop\defense-work-evtx-files\System.evtx,0x8000000000002004,0,"{""EventData"":{""Data"":[{""@Name"":""updateTitle"",""#text"":""9NFFX4SZZ23L-Microsoft.549981C3F5F10""},{""@Name"":""updateGuid"",""#text"":""28d92035-a2b0-42e4-ac9b-247f8c2c872e""},{""@Name"":""updateRevisionNumber"",""#text"":""1""}]}}"
499,499,2023-03-01 08:24:04.6845478,44,Info,Microsoft-Windows-WindowsUpdateClient,System,5516,6572,DESKTOP-887GK2L,3,S-1-5-18,,,,,,,,,,,False,C:\Users\turan\Desktop\defense-work-evtx-files\System.evtx,0x8000000000002004,0,"{""EventData"":{""Data"":[{""@Name"":""updateTitle"",""#text"":""9NFFX4SZZ23L-Microsoft.549981C3F5F10""},{""@Name"":""updateGuid"",""#text"":""28d92035-a2b0-42e4-ac9b-247f8c2c872e""},{""@Name"":""updateRevisionNumber"",""#text"":""1""}]}}"
500,500,2023-03-01 08:24:04.6845489,44,Info,Microsoft-Windows-WindowsUpdateClient,System,5516,6572,DESKTOP-887GK2L,4,S-1-5-18,,,,,,,,,,,False,C:\Users\turan\Desktop\defense-work-evtx-files\System.evtx,0x8000000000002004,0,"{""EventData"":{""Data"":[{""@Name"":""updateTitle"",""#text"":""9NBLGGH3FRZM-Microsoft.VCLibs.140.00""},{""@Name"":""updateGuid"",""#text"":""d82f41c1-893a-4a90-ac94-8f83da52a274""},{""@Name"":""updateRevisionNumber"",""#text"":""1""}]}}"
501,501,2023-03-01 08:24:04.6845501,44,Info,Microsoft-Windows-WindowsUpdateClient,System,5516,6572,DESKTOP-887GK2L,4,S-1-5-18,,,,,,,,,,,False,C:\Users\turan\Desktop\defense-work-evtx-files\System.evtx,0x8000000000002004,0,"{""EventData"":{""Data"":[{""@Name"":""updateTitle"",""#text"":""9NFFX4SZZ23L-Microsoft.549981C3F5F10""},{""@Name"":""updateGuid"",""#text"":""28d92035-a2b0-42e4-ac9b-247f8c2c872e""},{""@Name"":""updateRevisionNumber"",""#text"":""1""}]}}"
502,502,2023-03-01 08:24:07.6183271,44,Info,Microsoft-Windows-WindowsUpdateClient,System,5516,6572,DESKTOP-887GK2L,4,S-1-5-18,,,,,,,,,,,False,C:\Users\turan\Desktop\defense-work-evtx-files\System.evtx,0x8000000000002004,0,"{""EventData"":{""Data"":[{""@Name"":""updateTitle"",""#text"":""9NBLGGH3FRZM-Microsoft.VCLibs.140.00""},{""@Name"":""updateGuid"",""#text"":""d82f41c1-893a-4a90-ac94-8f83da52a274""},{""@Name"":""updateRevisionNumber"",""#text"":""1""}]}}"
503,503,2023-03-01 08:24:07.6183285,44,Info,Microsoft-Windows-WindowsUpdateClient,System,5516,6572,DESKTOP-887GK2L,4,S-1-5-18,,,,,,,,,,,False,C:\Users\turan\Desktop\defense-work-evtx-files\System.evtx,0x8000000000002004,0,"{""EventData"":{""Data"":[{""@Name"":""updateTitle"",""#text"":""9WZDNCRFHVJL-MICROSOFT.OFFICE.ONENOTE""},{""@Name"":""updateGuid"",""#text"":""43ce8834-d8e2-411b-8962-887a6d3a90c7""},{""@Name"":""updateRevisionNumber"",""#text"":""1""}]}}"
504,504,2023-03-01 08:24:07.6183296,44,Info,Microsoft-Windows-WindowsUpdateClient,System,5516,6572,DESKTOP-887GK2L,4,S-1-5-18,,,,,,,,,,,False,C:\Users\turan\Desktop\defense-work-evtx-files\System.evtx,0x8000000000002004,0,"{""EventData"":{""Data"":[{""@Name"":""updateTitle"",""#text"":""9NFFX4SZZ23L-Microsoft.549981C3F5F10""},{""@Name"":""updateGuid"",""#text"":""28d92035-a2b0-42e4-ac9b-247f8c2c872e""},{""@Name"":""updateRevisionNumber"",""#text"":""1""}]}}"
505,505,2023-03-01 08:24:07.6183301,44,Info,Microsoft-Windows-WindowsUpdateClient,System,5516,6572,DESKTOP-887GK2L,4,S-1-5-18,,,,,,,,,,,False,C:\Users\turan\Desktop\defense-work-evtx-files\System.evtx,0x8000000000002004,0,"{""EventData"":{""Data"":[{""@Name"":""updateTitle"",""#text"":""9NBLGGH4RV3K-Microsoft.VCLibs.140.00.UWPDesktop""},{""@Name"":""updateGuid"",""#text"":""b34f488c-7eb5-489e-8d93-a30096b87664""},{""@Name"":""updateRevisionNumber"",""#text"":""1""}]}}"
506,506,2023-03-01 08:24:09.4568400,44,Info,Microsoft-Windows-WindowsUpdateClient,System,5516,6572,DESKTOP-887GK2L,4,S-1-5-18,,,,,,,,,,,False,C:\Users\turan\Desktop\defense-work-evtx-files\System.evtx,0x8000000000002004,0,"{""EventData"":{""Data"":[{""@Name"":""updateTitle"",""#text"":""9NFFX4SZZ23L-Microsoft.549981C3F5F10""},{""@Name"":""updateGuid"",""#text"":""28d92035-a2b0-42e4-ac9b-247f8c2c872e""},{""@Name"":""updateRevisionNumber"",""#text"":""1""}]}}"
507,507,2023-03-01 08:24:09.4568412,44,Info,Microsoft-Windows-WindowsUpdateClient,System,5516,6572,DESKTOP-887GK2L,4,S-1-5-18,,,,,,,,,,,False,C:\Users\turan\Desktop\defense-work-evtx-files\System.evtx,0x8000000000002004,0,"{""EventData"":{""Data"":[{""@Name"":""updateTitle"",""#text"":""9NBLGGH4RV3K-Microsoft.VCLibs.140.00.UWPDesktop""},{""@Name"":""updateGuid"",""#text"":""b34f488c-7eb5-489e-8d93-a30096b87664""},{""@Name"":""updateRevisionNumber"",""#text"":""1""}]}}"
508,508,2023-03-01 08:24:09.4568432,44,Info,Microsoft-Windows-WindowsUpdateClient,System,5516,6572,DESKTOP-887GK2L,4,S-1-5-18,,,,,,,,,,,False,C:\Users\turan\Desktop\defense-work-evtx-files\System.evtx,0x8000000000002004,0,"{""EventData"":{""Data"":[{""@Name"":""updateTitle"",""#text"":""9WZDNCRFJBD8-Microsoft.XboxApp""},{""@Name"":""updateGuid"",""#text"":""7f18a5fb-1500-40d2-a7a1-ea867ceefdfe""},{""@Name"":""updateRevisionNumber"",""#text"":""1""}]}}"
509,509,2023-03-01 08:24:22.0758854,16,Info,Microsoft-Windows-Kernel-General,System,8412,4680,DESKTOP-887GK2L,4,S-1-5-18,,,,,,,,,,,False,C:\Users\turan\Desktop\defense-work-evtx-files\System.evtx,Classic,0,"{""EventData"":{""Data"":[{""@Name"":""HiveNameLength"",""#text"":""137""},{""@Name"":""HiveName"",""#text"":""\\??\\C:\\ProgramData\\Microsoft\\Windows\\AppRepository\\Packages\\Microsoft.549981C3F5F10_4.2204.13303.0_x64__8wekyb3d8bbwe\\ActivationStore.dat""},{""@Name"":""KeysUpdated"",""#text"":""0""},{""@Name"":""DirtyPages"",""#text"":""0""}]}}"
510,510,2023-03-01 08:24:27.2660814,44,Info,Microsoft-Windows-WindowsUpdateClient,System,5516,6572,DESKTOP-887GK2L,4,S-1-5-18,,,,,,,,,,,False,C:\Users\turan\Desktop\defense-work-evtx-files\System.evtx,0x8000000000002004,0,"{""EventData"":{""Data"":[{""@Name"":""updateTitle"",""#text"":""9P5VK8KZB5QZ-Microsoft.UI.Xaml.2.7""},{""@Name"":""updateGuid"",""#text"":""6f84e08f-e2c0-417a-926a-e23dace58b7b""},{""@Name"":""updateRevisionNumber"",""#text"":""1""}]}}"
511,511,2023-03-01 08:24:29.3240976,16,Info,Microsoft-Windows-Kernel-General,System,8412,4680,DESKTOP-887GK2L,4,S-1-5-18,,,,,,,,,,,False,C:\Users\turan\Desktop\defense-work-evtx-files\System.evtx,Classic,0,"{""EventData"":{""Data"":[{""@Name"":""HiveNameLength"",""#text"":""135""},{""@Name"":""HiveName"",""#text"":""\\??\\C:\\ProgramData\\Microsoft\\Windows\\AppRepository\\Packages\\Microsoft.UI.Xaml.2.7_7.2208.15002.0_x64__8wekyb3d8bbwe\\ActivationStore.dat""},{""@Name"":""KeysUpdated"",""#text"":""0""},{""@Name"":""DirtyPages"",""#text"":""0""}]}}"
512,512,2023-03-01 08:24:31.4712700,16,Info,Microsoft-Windows-Kernel-General,System,8412,4680,DESKTOP-887GK2L,4,S-1-5-18,,,,,,,,,,,False,C:\Users\turan\Desktop\defense-work-evtx-files\System.evtx,Classic,0,"{""EventData"":{""Data"":[{""@Name"":""HiveNameLength"",""#text"":""135""},{""@Name"":""HiveName"",""#text"":""\\??\\C:\\ProgramData\\Microsoft\\Windows\\AppRepository\\Packages\\Microsoft.UI.Xaml.2.7_7.2208.15002.0_x86__8wekyb3d8bbwe\\ActivationStore.dat""},{""@Name"":""KeysUpdated"",""#text"":""0""},{""@Name"":""DirtyPages"",""#text"":""0""}]}}"
513,513,2023-03-01 08:24:32.5305463,43,Info,Microsoft-Windows-WindowsUpdateClient,System,5516,4712,DESKTOP-887GK2L,4,S-1-5-18,,,,,,,,,,,False,C:\Users\turan\Desktop\defense-work-evtx-files\System.evtx,0x8000000000002008,0,"{""EventData"":{""Data"":[{""@Name"":""updateTitle"",""#text"":""9NBLGGH4RV3K-Microsoft.VCLibs.140.00.UWPDesktop""},{""@Name"":""updateGuid"",""#text"":""b34f488c-7eb5-489e-8d93-a30096b87664""},{""@Name"":""updateRevisionNumber"",""#text"":""1""}]}}"
514,514,2023-03-01 08:24:32.8270007,19,Info,Microsoft-Windows-WindowsUpdateClient,System,5516,4712,DESKTOP-887GK2L,4,S-1-5-18,,,,,,,,,,,False,C:\Users\turan\Desktop\defense-work-evtx-files\System.evtx,Installation,0,"{""EventData"":{""Data"":[{""@Name"":""updateTitle"",""#text"":""9NBLGGH4RV3K-Microsoft.VCLibs.140.00.UWPDesktop""},{""@Name"":""updateGuid"",""#text"":""b34f488c-7eb5-489e-8d93-a30096b87664""},{""@Name"":""updateRevisionNumber"",""#text"":""1""},{""@Name"":""serviceGuid"",""#text"":""855e8a7c-ecb4-4ca3-b045-1dfa50104289""}]}}"
515,515,2023-03-01 08:24:32.8445287,43,Info,Microsoft-Windows-WindowsUpdateClient,System,5516,4712,DESKTOP-887GK2L,4,S-1-5-18,,,,,,,,,,,False,C:\Users\turan\Desktop\defense-work-evtx-files\System.evtx,0x8000000000002008,0,"{""EventData"":{""Data"":[{""@Name"":""updateTitle"",""#text"":""9NFFX4SZZ23L-Microsoft.549981C3F5F10""},{""@Name"":""updateGuid"",""#text"":""6f84e08f-e2c0-417a-926a-e23dace58b7b""},{""@Name"":""updateRevisionNumber"",""#text"":""1""}]}}"
516,516,2023-03-01 08:24:33.1204997,19,Info,Microsoft-Windows-WindowsUpdateClient,System,5516,4712,DESKTOP-887GK2L,4,S-1-5-18,,,,,,,,,,,False,C:\Users\turan\Desktop\defense-work-evtx-files\System.evtx,Installation,0,"{""EventData"":{""Data"":[{""@Name"":""updateTitle"",""#text"":""9NFFX4SZZ23L-Microsoft.549981C3F5F10""},{""@Name"":""updateGuid"",""#text"":""6f84e08f-e2c0-417a-926a-e23dace58b7b""},{""@Name"":""updateRevisionNumber"",""#text"":""1""},{""@Name"":""serviceGuid"",""#text"":""855e8a7c-ecb4-4ca3-b045-1dfa50104289""}]}}"
517,517,2023-03-01 08:24:33.1367656,43,Info,Microsoft-Windows-WindowsUpdateClient,System,5516,4712,DESKTOP-887GK2L,4,S-1-5-18,,,,,,,,,,,False,C:\Users\turan\Desktop\defense-work-evtx-files\System.evtx,0x8000000000002008,0,"{""EventData"":{""Data"":[{""@Name"":""updateTitle"",""#text"":""9P5VK8KZB5QZ-Microsoft.UI.Xaml.2.7""},{""@Name"":""updateGuid"",""#text"":""28d92035-a2b0-42e4-ac9b-247f8c2c872e""},{""@Name"":""updateRevisionNumber"",""#text"":""1""}]}}"
518,518,2023-03-01 08:24:33.2571565,16,Info,Microsoft-Windows-Kernel-General,System,8412,4680,DESKTOP-887GK2L,4,S-1-5-21-3393683511-3463148672-371912004-1001,,,,,,,,,,,False,C:\Users\turan\Desktop\defense-work-evtx-files\System.evtx,Classic,0,"{""EventData"":{""Data"":[{""@Name"":""HiveNameLength"",""#text"":""107""},{""@Name"":""HiveName"",""#text"":""\\??\\C:\\Users\\CyberJunkie\\AppData\\Local\\Packages\\Microsoft.549981C3F5F10_8wekyb3d8bbwe\\Settings\\settings.dat""},{""@Name"":""KeysUpdated"",""#text"":""2""},{""@Name"":""DirtyPages"",""#text"":""1""}]}}"
519,519,2023-03-01 08:24:33.4505866,19,Info,Microsoft-Windows-WindowsUpdateClient,System,5516,4712,DESKTOP-887GK2L,4,S-1-5-18,,,,,,,,,,,False,C:\Users\turan\Desktop\defense-work-evtx-files\System.evtx,Installation,0,"{""EventData"":{""Data"":[{""@Name"":""updateTitle"",""#text"":""9P5VK8KZB5QZ-Microsoft.UI.Xaml.2.7""},{""@Name"":""updateGuid"",""#text"":""28d92035-a2b0-42e4-ac9b-247f8c2c872e""},{""@Name"":""updateRevisionNumber"",""#text"":""1""},{""@Name"":""serviceGuid"",""#text"":""855e8a7c-ecb4-4ca3-b045-1dfa50104289""}]}}"
520,520,2023-03-01 08:24:42.9387125,16,Info,Microsoft-Windows-Kernel-General,System,8412,6628,DESKTOP-887GK2L,4,S-1-5-18,,,,,,,,,,,False,C:\Users\turan\Desktop\defense-work-evtx-files\System.evtx,Classic,0,"{""EventData"":{""Data"":[{""@Name"":""HiveNameLength"",""#text"":""130""},{""@Name"":""HiveName"",""#text"":""\\??\\C:\\ProgramData\\Microsoft\\Windows\\AppRepository\\Packages\\Microsoft.XboxApp_48.89.25001.0_x64__8wekyb3d8bbwe\\ActivationStore.dat""},{""@Name"":""KeysUpdated"",""#text"":""0""},{""@Name"":""DirtyPages"",""#text"":""0""}]}}"
521,521,2023-03-01 08:24:43.6339776,43,Info,Microsoft-Windows-WindowsUpdateClient,System,5516,7540,DESKTOP-887GK2L,4,S-1-5-18,,,,,,,,,,,False,C:\Users\turan\Desktop\defense-work-evtx-files\System.evtx,0x8000000000002008,0,"{""EventData"":{""Data"":[{""@Name"":""updateTitle"",""#text"":""9NZM7B1BB5TR-Microsoft.NET.Native.Framework.1.7""},{""@Name"":""updateGuid"",""#text"":""a04d658c-eb50-4098-97cb-bb4cfaff07a8""},{""@Name"":""updateRevisionNumber"",""#text"":""1""}]}}"
522,522,2023-03-01 08:24:43.9479103,19,Info,Microsoft-Windows-WindowsUpdateClient,System,5516,7540,DESKTOP-887GK2L,4,S-1-5-18,,,,,,,,,,,False,C:\Users\turan\Desktop\defense-work-evtx-files\System.evtx,Installation,0,"{""EventData"":{""Data"":[{""@Name"":""updateTitle"",""#text"":""9NZM7B1BB5TR-Microsoft.NET.Native.Framework.1.7""},{""@Name"":""updateGuid"",""#text"":""a04d658c-eb50-4098-97cb-bb4cfaff07a8""},{""@Name"":""updateRevisionNumber"",""#text"":""1""},{""@Name"":""serviceGuid"",""#text"":""855e8a7c-ecb4-4ca3-b045-1dfa50104289""}]}}"
523,523,2023-03-01 08:24:43.9636502,43,Info,Microsoft-Windows-WindowsUpdateClient,System,5516,7540,DESKTOP-887GK2L,4,S-1-5-18,,,,,,,,,,,False,C:\Users\turan\Desktop\defense-work-evtx-files\System.evtx,0x8000000000002008,0,"{""EventData"":{""Data"":[{""@Name"":""updateTitle"",""#text"":""9MTW6RN84LVM-Microsoft.NET.Native.Runtime.1.7""},{""@Name"":""updateGuid"",""#text"":""5b23cc34-97ff-441e-92e8-4712ad9d0774""},{""@Name"":""updateRevisionNumber"",""#text"":""1""}]}}"
524,524,2023-03-01 08:24:44.2368107,19,Info,Microsoft-Windows-WindowsUpdateClient,System,5516,7540,DESKTOP-887GK2L,4,S-1-5-18,,,,,,,,,,,False,C:\Users\turan\Desktop\defense-work-evtx-files\System.evtx,Installation,0,"{""EventData"":{""Data"":[{""@Name"":""updateTitle"",""#text"":""9MTW6RN84LVM-Microsoft.NET.Native.Runtime.1.7""},{""@Name"":""updateGuid"",""#text"":""5b23cc34-97ff-441e-92e8-4712ad9d0774""},{""@Name"":""updateRevisionNumber"",""#text"":""1""},{""@Name"":""serviceGuid"",""#text"":""855e8a7c-ecb4-4ca3-b045-1dfa50104289""}]}}"
525,525,2023-03-01 08:24:44.2521995,43,Info,Microsoft-Windows-WindowsUpdateClient,System,5516,7540,DESKTOP-887GK2L,4,S-1-5-18,,,,,,,,,,,False,C:\Users\turan\Desktop\defense-work-evtx-files\System.evtx,0x8000000000002008,0,"{""EventData"":{""Data"":[{""@Name"":""updateTitle"",""#text"":""9WZDNCRFJBD8-Microsoft.XboxApp""},{""@Name"":""updateGuid"",""#text"":""7f18a5fb-1500-40d2-a7a1-ea867ceefdfe""},{""@Name"":""updateRevisionNumber"",""#text"":""1""}]}}"
526,526,2023-03-01 08:24:44.3521648,16,Info,Microsoft-Windows-Kernel-General,System,8412,6628,DESKTOP-887GK2L,4,S-1-5-21-3393683511-3463148672-371912004-1001,,,,,,,,,,,False,C:\Users\turan\Desktop\defense-work-evtx-files\System.evtx,Classic,0,"{""EventData"":{""Data"":[{""@Name"":""HiveNameLength"",""#text"":""101""},{""@Name"":""HiveName"",""#text"":""\\??\\C:\\Users\\CyberJunkie\\AppData\\Local\\Packages\\Microsoft.XboxApp_8wekyb3d8bbwe\\Settings\\settings.dat""},{""@Name"":""KeysUpdated"",""#text"":""2""},{""@Name"":""DirtyPages"",""#text"":""1""}]}}"
527,527,2023-03-01 08:24:44.6447951,19,Info,Microsoft-Windows-WindowsUpdateClient,System,5516,7540,DESKTOP-887GK2L,4,S-1-5-18,,,,,,,,,,,False,C:\Users\turan\Desktop\defense-work-evtx-files\System.evtx,Installation,0,"{""EventData"":{""Data"":[{""@Name"":""updateTitle"",""#text"":""9WZDNCRFJBD8-Microsoft.XboxApp""},{""@Name"":""updateGuid"",""#text"":""7f18a5fb-1500-40d2-a7a1-ea867ceefdfe""},{""@Name"":""updateRevisionNumber"",""#text"":""1""},{""@Name"":""serviceGuid"",""#text"":""855e8a7c-ecb4-4ca3-b045-1dfa50104289""}]}}"
528,528,2023-03-01 08:25:15.0015049,16,Info,Microsoft-Windows-Kernel-General,System,8412,7140,DESKTOP-887GK2L,4,S-1-5-18,,,,,,,,,,,False,C:\Users\turan\Desktop\defense-work-evtx-files\System.evtx,Classic,0,"{""EventData"":{""Data"":[{""@Name"":""HiveNameLength"",""#text"":""143""},{""@Name"":""HiveName"",""#text"":""\\??\\C:\\ProgramData\\Microsoft\\Windows\\AppRepository\\Packages\\Microsoft.Office.OneNote_16001.14326.21146.0_x64__8wekyb3d8bbwe\\ActivationStore.dat""},{""@Name"":""KeysUpdated"",""#text"":""0""},{""@Name"":""DirtyPages"",""#text"":""0""}]}}"
529,529,2023-03-01 08:25:15.8077207,43,Info,Microsoft-Windows-WindowsUpdateClient,System,5516,5440,DESKTOP-887GK2L,4,S-1-5-18,,,,,,,,,,,False,C:\Users\turan\Desktop\defense-work-evtx-files\System.evtx,0x8000000000002008,0,"{""EventData"":{""Data"":[{""@Name"":""updateTitle"",""#text"":""9WZDNCRFHVJL-MICROSOFT.OFFICE.ONENOTE""},{""@Name"":""updateGuid"",""#text"":""43ce8834-d8e2-411b-8962-887a6d3a90c7""},{""@Name"":""updateRevisionNumber"",""#text"":""1""}]}}"
530,530,2023-03-01 08:25:15.9079486,16,Info,Microsoft-Windows-Kernel-General,System,8412,7140,DESKTOP-887GK2L,4,S-1-5-21-3393683511-3463148672-371912004-1001,,,,,,,,,,,False,C:\Users\turan\Desktop\defense-work-evtx-files\System.evtx,Classic,0,"{""EventData"":{""Data"":[{""@Name"":""HiveNameLength"",""#text"":""108""},{""@Name"":""HiveName"",""#text"":""\\??\\C:\\Users\\CyberJunkie\\AppData\\Local\\Packages\\Microsoft.Office.OneNote_8wekyb3d8bbwe\\Settings\\settings.dat""},{""@Name"":""KeysUpdated"",""#text"":""3""},{""@Name"":""DirtyPages"",""#text"":""1""}]}}"
531,531,2023-03-01 08:25:16.3257865,19,Info,Microsoft-Windows-WindowsUpdateClient,System,5516,5440,DESKTOP-887GK2L,4,S-1-5-18,,,,,,,,,,,False,C:\Users\turan\Desktop\defense-work-evtx-files\System.evtx,Installation,0,"{""EventData"":{""Data"":[{""@Name"":""updateTitle"",""#text"":""9WZDNCRFHVJL-MICROSOFT.OFFICE.ONENOTE""},{""@Name"":""updateGuid"",""#text"":""43ce8834-d8e2-411b-8962-887a6d3a90c7""},{""@Name"":""updateRevisionNumber"",""#text"":""1""},{""@Name"":""serviceGuid"",""#text"":""855e8a7c-ecb4-4ca3-b045-1dfa50104289""}]}}"
532,532,2023-03-01 08:25:57.8052878,7040,Info,Service Control Manager,System,668,1712,DESKTOP-887GK2L,4,S-1-5-18,Start type of a service has changed,,,The start type of the Background Intelligent Transfer Service was changed from auto start to demand start,,,,,,BITS,False,C:\Users\turan\Desktop\defense-work-evtx-files\System.evtx,"Audit success, classic",0,"{""EventData"":{""Data"":[{""@Name"":""param1"",""#text"":""Background Intelligent Transfer Service""},{""@Name"":""param2"",""#text"":""auto start""},{""@Name"":""param3"",""#text"":""demand start""},{""@Name"":""param4"",""#text"":""BITS""}]}}"
533,533,2023-03-01 08:37:19.1542511,44,Info,Microsoft-Windows-WindowsUpdateClient,System,4260,7932,DESKTOP-887GK2L,4,S-1-5-18,,,,,,,,,,,False,C:\Users\turan\Desktop\defense-work-evtx-files\System.evtx,0x8000000000002004,0,"{""EventData"":{""Data"":[{""@Name"":""updateTitle"",""#text"":""9PLL735RFDSM-Microsoft.NET.Native.Runtime.2.2""},{""@Name"":""updateGuid"",""#text"":""78d00b8d-c973-4e6d-bab8-6d829f76fb3d""},{""@Name"":""updateRevisionNumber"",""#text"":""1""}]}}"
534,534,2023-03-01 08:37:19.1542526,44,Info,Microsoft-Windows-WindowsUpdateClient,System,4260,7932,DESKTOP-887GK2L,4,S-1-5-18,,,,,,,,,,,False,C:\Users\turan\Desktop\defense-work-evtx-files\System.evtx,0x8000000000002004,0,"{""EventData"":{""Data"":[{""@Name"":""updateTitle"",""#text"":""9PLL735RFDSM-Microsoft.NET.Native.Runtime.2.2""},{""@Name"":""updateGuid"",""#text"":""78d00b8d-c973-4e6d-bab8-6d829f76fb3d""},{""@Name"":""updateRevisionNumber"",""#text"":""1""}]}}"
535,535,2023-03-01 08:37:19.1542535,44,Info,Microsoft-Windows-WindowsUpdateClient,System,4260,7932,DESKTOP-887GK2L,4,S-1-5-18,,,,,,,,,,,False,C:\Users\turan\Desktop\defense-work-evtx-files\System.evtx,0x8000000000002004,0,"{""EventData"":{""Data"":[{""@Name"":""updateTitle"",""#text"":""9MW2LKJ0TPJF-Microsoft.NET.Native.Framework.2.2""},{""@Name"":""updateGuid"",""#text"":""2bfc90df-c5e5-4c06-b503-16647503bf6a""},{""@Name"":""updateRevisionNumber"",""#text"":""1""}]}}"
536,536,2023-03-01 08:37:20.3494441,44,Info,Microsoft-Windows-WindowsUpdateClient,System,4260,7932,DESKTOP-887GK2L,4,S-1-5-18,,,,,,,,,,,False,C:\Users\turan\Desktop\defense-work-evtx-files\System.evtx,0x8000000000002004,0,"{""EventData"":{""Data"":[{""@Name"":""updateTitle"",""#text"":""9PLL735RFDSM-Microsoft.NET.Native.Runtime.2.2""},{""@Name"":""updateGuid"",""#text"":""78d00b8d-c973-4e6d-bab8-6d829f76fb3d""},{""@Name"":""updateRevisionNumber"",""#text"":""1""}]}}"
537,537,2023-03-01 08:37:20.3494453,44,Info,Microsoft-Windows-WindowsUpdateClient,System,4260,7932,DESKTOP-887GK2L,4,S-1-5-18,,,,,,,,,,,False,C:\Users\turan\Desktop\defense-work-evtx-files\System.evtx,0x8000000000002004,0,"{""EventData"":{""Data"":[{""@Name"":""updateTitle"",""#text"":""9MW2LKJ0TPJF-Microsoft.NET.Native.Framework.2.2""},{""@Name"":""updateGuid"",""#text"":""2bfc90df-c5e5-4c06-b503-16647503bf6a""},{""@Name"":""updateRevisionNumber"",""#text"":""1""}]}}"
538,538,2023-03-01 08:37:20.3494461,44,Info,Microsoft-Windows-WindowsUpdateClient,System,4260,7932,DESKTOP-887GK2L,4,S-1-5-18,,,,,,,,,,,False,C:\Users\turan\Desktop\defense-work-evtx-files\System.evtx,0x8000000000002004,0,"{""EventData"":{""Data"":[{""@Name"":""updateTitle"",""#text"":""9PLL735RFDSM-Microsoft.NET.Native.Runtime.2.2""},{""@Name"":""updateGuid"",""#text"":""78d00b8d-c973-4e6d-bab8-6d829f76fb3d""},{""@Name"":""updateRevisionNumber"",""#text"":""1""}]}}"
539,539,2023-03-01 08:37:20.3494467,44,Info,Microsoft-Windows-WindowsUpdateClient,System,4260,7932,DESKTOP-887GK2L,4,S-1-5-18,,,,,,,,,,,False,C:\Users\turan\Desktop\defense-work-evtx-files\System.evtx,0x8000000000002004,0,"{""EventData"":{""Data"":[{""@Name"":""updateTitle"",""#text"":""9PLL735RFDSM-Microsoft.NET.Native.Runtime.2.2""},{""@Name"":""updateGuid"",""#text"":""78d00b8d-c973-4e6d-bab8-6d829f76fb3d""},{""@Name"":""updateRevisionNumber"",""#text"":""1""}]}}"
540,540,2023-03-01 08:37:21.7036697,44,Info,Microsoft-Windows-WindowsUpdateClient,System,4260,7932,DESKTOP-887GK2L,4,S-1-5-18,,,,,,,,,,,False,C:\Users\turan\Desktop\defense-work-evtx-files\System.evtx,0x8000000000002004,0,"{""EventData"":{""Data"":[{""@Name"":""updateTitle"",""#text"":""9MW2LKJ0TPJF-Microsoft.NET.Native.Framework.2.2""},{""@Name"":""updateGuid"",""#text"":""2bfc90df-c5e5-4c06-b503-16647503bf6a""},{""@Name"":""updateRevisionNumber"",""#text"":""1""}]}}"
541,541,2023-03-01 08:37:21.7036721,44,Info,Microsoft-Windows-WindowsUpdateClient,System,4260,7932,DESKTOP-887GK2L,4,S-1-5-18,,,,,,,,,,,False,C:\Users\turan\Desktop\defense-work-evtx-files\System.evtx,0x8000000000002004,0,"{""EventData"":{""Data"":[{""@Name"":""updateTitle"",""#text"":""9NBLGGH3FRZM-Microsoft.VCLibs.140.00""},{""@Name"":""updateGuid"",""#text"":""d82f41c1-893a-4a90-ac94-8f83da52a274""},{""@Name"":""updateRevisionNumber"",""#text"":""1""}]}}"
542,542,2023-03-01 08:37:21.7036732,44,Info,Microsoft-Windows-WindowsUpdateClient,System,4260,7932,DESKTOP-887GK2L,4,S-1-5-18,,,,,,,,,,,False,C:\Users\turan\Desktop\defense-work-evtx-files\System.evtx,0x8000000000002004,0,"{""EventData"":{""Data"":[{""@Name"":""updateTitle"",""#text"":""9NBLGGH3FRZM-Microsoft.VCLibs.140.00""},{""@Name"":""updateGuid"",""#text"":""d82f41c1-893a-4a90-ac94-8f83da52a274""},{""@Name"":""updateRevisionNumber"",""#text"":""1""}]}}"
543,543,2023-03-01 08:37:24.7884116,44,Info,Microsoft-Windows-WindowsUpdateClient,System,4260,7932,DESKTOP-887GK2L,4,S-1-5-18,,,,,,,,,,,False,C:\Users\turan\Desktop\defense-work-evtx-files\System.evtx,0x8000000000002004,0,"{""EventData"":{""Data"":[{""@Name"":""updateTitle"",""#text"":""9MW2LKJ0TPJF-Microsoft.NET.Native.Framework.2.2""},{""@Name"":""updateGuid"",""#text"":""2bfc90df-c5e5-4c06-b503-16647503bf6a""},{""@Name"":""updateRevisionNumber"",""#text"":""1""}]}}"
544,544,2023-03-01 08:37:24.7884129,44,Info,Microsoft-Windows-WindowsUpdateClient,System,4260,7932,DESKTOP-887GK2L,4,S-1-5-18,,,,,,,,,,,False,C:\Users\turan\Desktop\defense-work-evtx-files\System.evtx,0x8000000000002004,0,"{""EventData"":{""Data"":[{""@Name"":""updateTitle"",""#text"":""9MW2LKJ0TPJF-Microsoft.NET.Native.Framework.2.2""},{""@Name"":""updateGuid"",""#text"":""2bfc90df-c5e5-4c06-b503-16647503bf6a""},{""@Name"":""updateRevisionNumber"",""#text"":""1""}]}}"
545,545,2023-03-01 08:37:24.7884138,44,Info,Microsoft-Windows-WindowsUpdateClient,System,4260,7932,DESKTOP-887GK2L,4,S-1-5-18,,,,,,,,,,,False,C:\Users\turan\Desktop\defense-work-evtx-files\System.evtx,0x8000000000002004,0,"{""EventData"":{""Data"":[{""@Name"":""updateTitle"",""#text"":""9NBLGGH4LS1F-Microsoft.StorePurchaseApp""},{""@Name"":""updateGuid"",""#text"":""5572fd4b-2e5a-48fa-8977-2ba3343d43fc""},{""@Name"":""updateRevisionNumber"",""#text"":""1""}]}}"
546,546,2023-03-01 08:37:24.7897489,44,Info,Microsoft-Windows-WindowsUpdateClient,System,4260,7932,DESKTOP-887GK2L,4,S-1-5-18,,,,,,,,,,,False,C:\Users\turan\Desktop\defense-work-evtx-files\System.evtx,0x8000000000002004,0,"{""EventData"":{""Data"":[{""@Name"":""updateTitle"",""#text"":""9NBLGGH4LS1F-Microsoft.StorePurchaseApp""},{""@Name"":""updateGuid"",""#text"":""5572fd4b-2e5a-48fa-8977-2ba3343d43fc""},{""@Name"":""updateRevisionNumber"",""#text"":""1""}]}}"
547,547,2023-03-01 08:37:24.7897500,44,Info,Microsoft-Windows-WindowsUpdateClient,System,4260,7932,DESKTOP-887GK2L,4,S-1-5-18,,,,,,,,,,,False,C:\Users\turan\Desktop\defense-work-evtx-files\System.evtx,0x8000000000002004,0,"{""EventData"":{""Data"":[{""@Name"":""updateTitle"",""#text"":""9NBLGGH3FRZM-Microsoft.VCLibs.140.00""},{""@Name"":""updateGuid"",""#text"":""d82f41c1-893a-4a90-ac94-8f83da52a274""},{""@Name"":""updateRevisionNumber"",""#text"":""1""}]}}"
548,548,2023-03-01 08:37:24.7897510,44,Info,Microsoft-Windows-WindowsUpdateClient,System,4260,7932,DESKTOP-887GK2L,4,S-1-5-18,,,,,,,,,,,False,C:\Users\turan\Desktop\defense-work-evtx-files\System.evtx,0x8000000000002004,400,"{""EventData"":{""Data"":[{""@Name"":""updateTitle"",""#text"":""9NBLGGH4LS1F-Microsoft.StorePurchaseApp""},{""@Name"":""updateGuid"",""#text"":""5572fd4b-2e5a-48fa-8977-2ba3343d43fc""},{""@Name"":""updateRevisionNumber"",""#text"":""1""}]}}"
549,549,2023-03-01 08:37:24.7897517,44,Info,Microsoft-Windows-WindowsUpdateClient,System,4260,7932,DESKTOP-887GK2L,4,S-1-5-18,,,,,,,,,,,False,C:\Users\turan\Desktop\defense-work-evtx-files\System.evtx,0x8000000000002004,0,"{""EventData"":{""Data"":[{""@Name"":""updateTitle"",""#text"":""9MW2LKJ0TPJF-Microsoft.NET.Native.Framework.2.2""},{""@Name"":""updateGuid"",""#text"":""2bfc90df-c5e5-4c06-b503-16647503bf6a""},{""@Name"":""updateRevisionNumber"",""#text"":""1""}]}}"
550,550,2023-03-01 08:37:53.4193933,44,Info,Microsoft-Windows-WindowsUpdateClient,System,4260,7932,DESKTOP-887GK2L,4,S-1-5-18,,,,,,,,,,,False,C:\Users\turan\Desktop\defense-work-evtx-files\System.evtx,0x8000000000002004,0,"{""EventData"":{""Data"":[{""@Name"":""updateTitle"",""#text"":""9WZDNCRD1HKW-Microsoft.XboxIdentityProvider""},{""@Name"":""updateGuid"",""#text"":""509bb857-4725-4f38-b4e9-c4561d0a95e0""},{""@Name"":""updateRevisionNumber"",""#text"":""1""}]}}"
551,551,2023-03-01 08:37:54.3148376,44,Info,Microsoft-Windows-WindowsUpdateClient,System,4260,7932,DESKTOP-887GK2L,4,S-1-5-18,,,,,,,,,,,False,C:\Users\turan\Desktop\defense-work-evtx-files\System.evtx,0x8000000000002004,0,"{""EventData"":{""Data"":[{""@Name"":""updateTitle"",""#text"":""9NBLGGH4LS1F-Microsoft.StorePurchaseApp""},{""@Name"":""updateGuid"",""#text"":""5572fd4b-2e5a-48fa-8977-2ba3343d43fc""},{""@Name"":""updateRevisionNumber"",""#text"":""1""}]}}"
552,552,2023-03-01 08:37:54.3148392,44,Info,Microsoft-Windows-WindowsUpdateClient,System,4260,7932,DESKTOP-887GK2L,4,S-1-5-18,,,,,,,,,,,False,C:\Users\turan\Desktop\defense-work-evtx-files\System.evtx,0x8000000000002004,0,"{""EventData"":{""Data"":[{""@Name"":""updateTitle"",""#text"":""9WZDNCRD1HKW-Microsoft.XboxIdentityProvider""},{""@Name"":""updateGuid"",""#text"":""509bb857-4725-4f38-b4e9-c4561d0a95e0""},{""@Name"":""updateRevisionNumber"",""#text"":""1""}]}}"
553,553,2023-03-01 08:37:54.3148402,44,Info,Microsoft-Windows-WindowsUpdateClient,System,4260,7932,DESKTOP-887GK2L,4,S-1-5-18,,,,,,,,,,,False,C:\Users\turan\Desktop\defense-work-evtx-files\System.evtx,0x8000000000002004,0,"{""EventData"":{""Data"":[{""@Name"":""updateTitle"",""#text"":""9NBLGGH3FRZM-Microsoft.VCLibs.140.00""},{""@Name"":""updateGuid"",""#text"":""d82f41c1-893a-4a90-ac94-8f83da52a274""},{""@Name"":""updateRevisionNumber"",""#text"":""1""}]}}"
554,554,2023-03-01 08:37:55.9183971,44,Info,Microsoft-Windows-WindowsUpdateClient,System,4260,7932,DESKTOP-887GK2L,4,S-1-5-18,,,,,,,,,,,False,C:\Users\turan\Desktop\defense-work-evtx-files\System.evtx,0x8000000000002004,0,"{""EventData"":{""Data"":[{""@Name"":""updateTitle"",""#text"":""9NBLGGH4RV3K-Microsoft.VCLibs.140.00.UWPDesktop""},{""@Name"":""updateGuid"",""#text"":""b34f488c-7eb5-489e-8d93-a30096b87664""},{""@Name"":""updateRevisionNumber"",""#text"":""1""}]}}"
555,555,2023-03-01 08:37:55.9183978,44,Info,Microsoft-Windows-WindowsUpdateClient,System,4260,7932,DESKTOP-887GK2L,4,S-1-5-18,,,,,,,,,,,False,C:\Users\turan\Desktop\defense-work-evtx-files\System.evtx,0x8000000000002004,0,"{""EventData"":{""Data"":[{""@Name"":""updateTitle"",""#text"":""9NBLGGH4RV3K-Microsoft.VCLibs.140.00.UWPDesktop""},{""@Name"":""updateGuid"",""#text"":""b34f488c-7eb5-489e-8d93-a30096b87664""},{""@Name"":""updateRevisionNumber"",""#text"":""1""}]}}"
556,556,2023-03-01 08:38:01.4545213,44,Info,Microsoft-Windows-WindowsUpdateClient,System,4260,7932,DESKTOP-887GK2L,4,S-1-5-18,,,,,,,,,,,False,C:\Users\turan\Desktop\defense-work-evtx-files\System.evtx,0x8000000000002004,0,"{""EventData"":{""Data"":[{""@Name"":""updateTitle"",""#text"":""9WZDNCRFJ3Q2-Microsoft.BingWeather""},{""@Name"":""updateGuid"",""#text"":""4d8b240e-c9af-46ec-9fd7-8ccbf5833f0c""},{""@Name"":""updateRevisionNumber"",""#text"":""1""}]}}"
557,557,2023-03-01 08:38:02.8689955,16,Info,Microsoft-Windows-Kernel-General,System,5444,404,DESKTOP-887GK2L,4,S-1-5-18,,,,,,,,,,,False,C:\Users\turan\Desktop\defense-work-evtx-files\System.evtx,Classic,0,"{""EventData"":{""Data"":[{""@Name"":""HiveNameLength"",""#text"":""142""},{""@Name"":""HiveName"",""#text"":""\\??\\C:\\ProgramData\\Microsoft\\Windows\\AppRepository\\Packages\\Microsoft.XboxIdentityProvider_12.95.3001.0_x64__8wekyb3d8bbwe\\ActivationStore.dat""},{""@Name"":""KeysUpdated"",""#text"":""0""},{""@Name"":""DirtyPages"",""#text"":""0""}]}}"
558,558,2023-03-01 08:38:03.8128270,43,Info,Microsoft-Windows-WindowsUpdateClient,System,4260,5204,DESKTOP-887GK2L,4,S-1-5-18,,,,,,,,,,,False,C:\Users\turan\Desktop\defense-work-evtx-files\System.evtx,0x8000000000002008,0,"{""EventData"":{""Data"":[{""@Name"":""updateTitle"",""#text"":""9WZDNCRD1HKW-Microsoft.XboxIdentityProvider""},{""@Name"":""updateGuid"",""#text"":""509bb857-4725-4f38-b4e9-c4561d0a95e0""},{""@Name"":""updateRevisionNumber"",""#text"":""1""}]}}"
559,559,2023-03-01 08:38:03.9132340,16,Info,Microsoft-Windows-Kernel-General,System,5444,404,DESKTOP-887GK2L,4,S-1-5-21-3393683511-3463148672-371912004-1001,,,,,,,,,,,False,C:\Users\turan\Desktop\defense-work-evtx-files\System.evtx,Classic,0,"{""EventData"":{""Data"":[{""@Name"":""HiveNameLength"",""#text"":""114""},{""@Name"":""HiveName"",""#text"":""\\??\\C:\\Users\\CyberJunkie\\AppData\\Local\\Packages\\Microsoft.XboxIdentityProvider_8wekyb3d8bbwe\\Settings\\settings.dat""},{""@Name"":""KeysUpdated"",""#text"":""2""},{""@Name"":""DirtyPages"",""#text"":""1""}]}}"
560,560,2023-03-01 08:38:04.0843456,19,Info,Microsoft-Windows-WindowsUpdateClient,System,4260,5204,DESKTOP-887GK2L,4,S-1-5-18,,,,,,,,,,,False,C:\Users\turan\Desktop\defense-work-evtx-files\System.evtx,Installation,0,"{""EventData"":{""Data"":[{""@Name"":""updateTitle"",""#text"":""9WZDNCRD1HKW-Microsoft.XboxIdentityProvider""},{""@Name"":""updateGuid"",""#text"":""509bb857-4725-4f38-b4e9-c4561d0a95e0""},{""@Name"":""updateRevisionNumber"",""#text"":""1""},{""@Name"":""serviceGuid"",""#text"":""855e8a7c-ecb4-4ca3-b045-1dfa50104289""}]}}"
561,561,2023-03-01 08:38:11.7489150,16,Info,Microsoft-Windows-Kernel-General,System,5444,10076,DESKTOP-887GK2L,4,S-1-5-18,,,,,,,,,,,False,C:\Users\turan\Desktop\defense-work-evtx-files\System.evtx,Classic,0,"{""EventData"":{""Data"":[{""@Name"":""HiveNameLength"",""#text"":""138""},{""@Name"":""HiveName"",""#text"":""\\??\\C:\\ProgramData\\Microsoft\\Windows\\AppRepository\\Packages\\Microsoft.StorePurchaseApp_12207.44.6.0_x64__8wekyb3d8bbwe\\ActivationStore.dat""},{""@Name"":""KeysUpdated"",""#text"":""0""},{""@Name"":""DirtyPages"",""#text"":""0""}]}}"
562,562,2023-03-01 08:38:12.3062839,43,Info,Microsoft-Windows-WindowsUpdateClient,System,4260,9876,DESKTOP-887GK2L,4,S-1-5-18,,,,,,,,,,,False,C:\Users\turan\Desktop\defense-work-evtx-files\System.evtx,0x8000000000002008,0,"{""EventData"":{""Data"":[{""@Name"":""updateTitle"",""#text"":""9NBLGGH4LS1F-Microsoft.StorePurchaseApp""},{""@Name"":""updateGuid"",""#text"":""5572fd4b-2e5a-48fa-8977-2ba3343d43fc""},{""@Name"":""updateRevisionNumber"",""#text"":""1""}]}}"
563,563,2023-03-01 08:38:12.3918230,16,Info,Microsoft-Windows-Kernel-General,System,5444,10076,DESKTOP-887GK2L,4,S-1-5-21-3393683511-3463148672-371912004-1001,,,,,,,,,,,False,C:\Users\turan\Desktop\defense-work-evtx-files\System.evtx,Classic,0,"{""EventData"":{""Data"":[{""@Name"":""HiveNameLength"",""#text"":""110""},{""@Name"":""HiveName"",""#text"":""\\??\\C:\\Users\\CyberJunkie\\AppData\\Local\\Packages\\Microsoft.StorePurchaseApp_8wekyb3d8bbwe\\Settings\\settings.dat""},{""@Name"":""KeysUpdated"",""#text"":""3""},{""@Name"":""DirtyPages"",""#text"":""1""}]}}"
564,564,2023-03-01 08:38:12.5615838,19,Info,Microsoft-Windows-WindowsUpdateClient,System,4260,9876,DESKTOP-887GK2L,4,S-1-5-18,,,,,,,,,,,False,C:\Users\turan\Desktop\defense-work-evtx-files\System.evtx,Installation,0,"{""EventData"":{""Data"":[{""@Name"":""updateTitle"",""#text"":""9NBLGGH4LS1F-Microsoft.StorePurchaseApp""},{""@Name"":""updateGuid"",""#text"":""5572fd4b-2e5a-48fa-8977-2ba3343d43fc""},{""@Name"":""updateRevisionNumber"",""#text"":""1""},{""@Name"":""serviceGuid"",""#text"":""855e8a7c-ecb4-4ca3-b045-1dfa50104289""}]}}"
565,565,2023-03-01 08:38:16.2312038,16,Info,Microsoft-Windows-Kernel-General,System,5444,1216,DESKTOP-887GK2L,4,S-1-5-18,,,,,,,,,,,False,C:\Users\turan\Desktop\defense-work-evtx-files\System.evtx,Classic,0,"{""EventData"":{""Data"":[{""@Name"":""HiveNameLength"",""#text"":""133""},{""@Name"":""HiveName"",""#text"":""\\??\\C:\\ProgramData\\Microsoft\\Windows\\AppRepository\\Packages\\Microsoft.BingWeather_4.53.43112.0_x64__8wekyb3d8bbwe\\ActivationStore.dat""},{""@Name"":""KeysUpdated"",""#text"":""0""},{""@Name"":""DirtyPages"",""#text"":""0""}]}}"
566,566,2023-03-01 08:38:21.4272041,44,Info,Microsoft-Windows-WindowsUpdateClient,System,4260,7932,DESKTOP-887GK2L,4,S-1-5-18,,,,,,,,,,,False,C:\Users\turan\Desktop\defense-work-evtx-files\System.evtx,0x8000000000002004,0,"{""EventData"":{""Data"":[{""@Name"":""updateTitle"",""#text"":""9NSTH9KHZDLQ-Microsoft.UI.Xaml.2.8""},{""@Name"":""updateGuid"",""#text"":""f6cb2f62-0f69-4a96-90ea-191d3606c320""},{""@Name"":""updateRevisionNumber"",""#text"":""1""}]}}"
567,567,2023-03-01 08:38:23.6880004,16,Info,Microsoft-Windows-Kernel-General,System,5444,1216,DESKTOP-887GK2L,4,S-1-5-18,,,,,,,,,,,False,C:\Users\turan\Desktop\defense-work-evtx-files\System.evtx,Classic,0,"{""EventData"":{""Data"":[{""@Name"":""HiveNameLength"",""#text"":""135""},{""@Name"":""HiveName"",""#text"":""\\??\\C:\\ProgramData\\Microsoft\\Windows\\AppRepository\\Packages\\Microsoft.UI.Xaml.2.8_8.2212.15002.0_x64__8wekyb3d8bbwe\\ActivationStore.dat""},{""@Name"":""KeysUpdated"",""#text"":""0""},{""@Name"":""DirtyPages"",""#text"":""0""}]}}"
568,568,2023-03-01 08:38:26.1070519,16,Info,Microsoft-Windows-Kernel-General,System,5444,1216,DESKTOP-887GK2L,4,S-1-5-18,,,,,,,,,,,False,C:\Users\turan\Desktop\defense-work-evtx-files\System.evtx,Classic,0,"{""EventData"":{""Data"":[{""@Name"":""HiveNameLength"",""#text"":""135""},{""@Name"":""HiveName"",""#text"":""\\??\\C:\\ProgramData\\Microsoft\\Windows\\AppRepository\\Packages\\Microsoft.UI.Xaml.2.8_8.2212.15002.0_x86__8wekyb3d8bbwe\\ActivationStore.dat""},{""@Name"":""KeysUpdated"",""#text"":""0""},{""@Name"":""DirtyPages"",""#text"":""0""}]}}"
