1969,1969,2023-03-25 14:35:14.4555732,44,Info,Microsoft-Windows-WindowsUpdateClient,System,6392,7368,DESKTOP-887GK2L,16,S-1-5-18,,,,,,,,,,,False,C:\Users\turan\Desktop\defense-work-evtx-files\System.evtx,0x8000000000002004,0,"{""EventData"":{""Data"":[{""@Name"":""updateTitle"",""#text"":""Security Intelligence Update for Microsoft Defender Antivirus - KB2267602 (Version 1.385.1102.0)""},{""@Name"":""updateGuid"",""#text"":""a98e427d-ff17-4327-ac3c-12314c4a5b7c""},{""@Name"":""updateRevisionNumber"",""#text"":""200""}]}}"
1970,1970,2023-03-25 14:35:26.4216929,43,Info,Microsoft-Windows-WindowsUpdateClient,System,6392,7356,DESKTOP-887GK2L,16,S-1-5-18,,,,,,,,,,,False,C:\Users\turan\Desktop\defense-work-evtx-files\System.evtx,0x8000000000002008,0,"{""EventData"":{""Data"":[{""@Name"":""updateTitle"",""#text"":""Security Intelligence Update for Microsoft Defender Antivirus - KB2267602 (Version 1.385.1102.0)""},{""@Name"":""updateGuid"",""#text"":""a98e427d-ff17-4327-ac3c-12314c4a5b7c""},{""@Name"":""updateRevisionNumber"",""#text"":""200""}]}}"
1971,1971,2023-03-25 14:35:31.1731561,19,Info,Microsoft-Windows-WindowsUpdateClient,System,6392,7356,DESKTOP-887GK2L,16,S-1-5-18,,,,,,,,,,,False,C:\Users\turan\Desktop\defense-work-evtx-files\System.evtx,Installation,0,"{""EventData"":{""Data"":[{""@Name"":""updateTitle"",""#text"":""Security Intelligence Update for Microsoft Defender Antivirus - KB2267602 (Version 1.385.1102.0)""},{""@Name"":""updateGuid"",""#text"":""a98e427d-ff17-4327-ac3c-12314c4a5b7c""},{""@Name"":""updateRevisionNumber"",""#text"":""200""},{""@Name"":""serviceGuid"",""#text"":""9482f4b4-e343-43b6-b170-9a65bc822c77""}]}}"
1972,1972,2023-03-25 14:36:42.6158566,10016,Warning,Microsoft-Windows-DistributedCOM,System,84,492,DESKTOP-887GK2L,16,S-1-5-18,,,,,,,,,,,False,C:\Users\turan\Desktop\defense-work-evtx-files\System.evtx,"Audit success, classic",0,"{""EventData"":{""Data"":[{""@Name"":""param1"",""#text"":""application-specific""},{""@Name"":""param2"",""#text"":""Local""},{""@Name"":""param3"",""#text"":""Launch""},{""@Name"":""param4"",""#text"":""Windows.SecurityCenter.WscBrokerManager""},{""@Name"":""param5"",""#text"":""Unavailable""},{""@Name"":""param6"",""#text"":""NT AUTHORITY""},{""@Name"":""param7"",""#text"":""SYSTEM""},{""@Name"":""param8"",""#text"":""S-1-5-18""},{""@Name"":""param9"",""#text"":""LocalHost (Using LRPC)""},{""@Name"":""param10"",""#text"":""Unavailable""},{""@Name"":""param11"",""#text"":""Unavailable""}]}}"
1973,1973,2023-03-25 14:36:42.6158566,10016,Warning,Microsoft-Windows-DistributedCOM,System,84,1692,DESKTOP-887GK2L,16,S-1-5-18,,,,,,,,,,,False,C:\Users\turan\Desktop\defense-work-evtx-files\System.evtx,"Audit success, classic",0,"{""EventData"":{""Data"":[{""@Name"":""param1"",""#text"":""application-specific""},{""@Name"":""param2"",""#text"":""Local""},{""@Name"":""param3"",""#text"":""Launch""},{""@Name"":""param4"",""#text"":""Windows.SecurityCenter.SecurityAppBroker""},{""@Name"":""param5"",""#text"":""Unavailable""},{""@Name"":""param6"",""#text"":""NT AUTHORITY""},{""@Name"":""param7"",""#text"":""SYSTEM""},{""@Name"":""param8"",""#text"":""S-1-5-18""},{""@Name"":""param9"",""#text"":""LocalHost (Using LRPC)""},{""@Name"":""param10"",""#text"":""Unavailable""},{""@Name"":""param11"",""#text"":""Unavailable""}]}}"
1974,1974,2023-03-25 14:39:03.0241477,7040,Info,Service Control Manager,System,736,2476,DESKTOP-887GK2L,16,S-1-5-18,Start type of a service has changed,,,The start type of the Background Intelligent Transfer Service was changed from auto start to demand start,,,,,,BITS,False,C:\Users\turan\Desktop\defense-work-evtx-files\System.evtx,"Audit success, classic",0,"{""EventData"":{""Data"":[{""@Name"":""param1"",""#text"":""Background Intelligent Transfer Service""},{""@Name"":""param2"",""#text"":""auto start""},{""@Name"":""param3"",""#text"":""demand start""},{""@Name"":""param4"",""#text"":""BITS""}]}}"
1975,1975,2023-03-25 14:40:36.5528041,1074,Info,User32,System,540,1188,DESKTOP-887GK2L,16,S-1-5-21-3393683511-3463148672-371912004-1001,A user initiated a system restart,DESKTOP-887GK2L\CyberJunkie,,Hostname: DESKTOP-887GK2L,Reason: Other (Unplanned),Type: power off,Code: 0x0,,,C:\Windows\System32\RuntimeBroker.exe (DESKTOP-887GK2L),False,C:\Users\turan\Desktop\defense-work-evtx-files\System.evtx,"Audit success, classic",0,"{""EventData"":{""Data"":[{""@Name"":""param1"",""#text"":""C:\\Windows\\System32\\RuntimeBroker.exe (DESKTOP-887GK2L)""},{""@Name"":""param2"",""#text"":""DESKTOP-887GK2L""},{""@Name"":""param3"",""#text"":""Other (Unplanned)""},{""@Name"":""param4"",""#text"":""0x0""},{""@Name"":""param5"",""#text"":""power off""},{""@Name"":""param6""},{""@Name"":""param7"",""#text"":""DESKTOP-887GK2L\\CyberJunkie""}]}}"
1976,1976,2023-03-25 14:40:37.6754152,7002,Info,Microsoft-Windows-Winlogon,System,728,816,DESKTOP-887GK2L,16,S-1-5-18,User logoff,,,UserSID: S-1-5-21-3393683511-3463148672-371912004-1001,,,,,,,False,C:\Users\turan\Desktop\defense-work-evtx-files\System.evtx,0x2000200000000000,0,"{""EventData"":{""Data"":[{""@Name"":""TSId"",""#text"":""1""},{""@Name"":""UserSid"",""#text"":""S-1-5-21-3393683511-3463148672-371912004-1001""}]}}"
1977,1977,2023-03-25 14:40:38.8967785,6006,Info,EventLog,System,0,0,DESKTOP-887GK2L,16,,The Event log service was stopped,,,Computer: DESKTOP-887GK2L,,,,,,,False,C:\Users\turan\Desktop\defense-work-evtx-files\System.evtx,0x80000000000000,0,"{""EventData"":{""Data"":"""",""Binary"":""01-00-00-00-50-EE-00-00""}}"
1978,1978,2023-03-25 14:40:38.9006911,50104,Info,Microsoft-Windows-Dhcp-Client,System,1568,1572,DESKTOP-887GK2L,16,S-1-5-19,,,,,,,,,,,False,C:\Users\turan\Desktop\defense-work-evtx-files\System.evtx,0x2000000000000000,0,"{""EventData"":""""}"
1979,1979,2023-03-25 14:40:38.9007394,50105,Info,Microsoft-Windows-Dhcp-Client,System,1568,1696,DESKTOP-887GK2L,16,S-1-5-19,,,,,,,,,,,False,C:\Users\turan\Desktop\defense-work-evtx-files\System.evtx,0x2000000000000000,0,"{""EventData"":""""}"
1980,1980,2023-03-25 14:40:38.9030417,51047,Info,Microsoft-Windows-DHCPv6-Client,System,1568,1756,DESKTOP-887GK2L,16,S-1-5-19,,,,,,,,,,,False,C:\Users\turan\Desktop\defense-work-evtx-files\System.evtx,0x2000000000000000,0,"{""EventData"":{""Data"":{""@Name"":""DwordVal"",""#text"":""1""}}}"
1981,1981,2023-03-25 14:40:38.9030427,51057,Info,Microsoft-Windows-DHCPv6-Client,System,1568,1756,DESKTOP-887GK2L,16,S-1-5-19,,,,,,,,,,,False,C:\Users\turan\Desktop\defense-work-evtx-files\System.evtx,0x2000000000000000,0,"{""EventData"":{""Data"":{""@Name"":""DwordVal"",""#text"":""1""}}}"
1982,1982,2023-03-25 14:40:38.9045062,50106,Info,Microsoft-Windows-Dhcp-Client,System,1568,1696,DESKTOP-887GK2L,16,S-1-5-19,,,,,,,,,,,False,C:\Users\turan\Desktop\defense-work-evtx-files\System.evtx,0x2000000000000000,0,"{""EventData"":""""}"
1983,1983,2023-03-25 14:40:38.9045151,50037,Info,Microsoft-Windows-Dhcp-Client,System,1568,1696,DESKTOP-887GK2L,16,S-1-5-19,,,,,,,,,,,False,C:\Users\turan\Desktop\defense-work-evtx-files\System.evtx,0x2000000000000000,0,"{""EventData"":{""Data"":{""@Name"":""DwordVal"",""#text"":""1""}}}"
1984,1984,2023-03-26 19:00:22.1283251,6009,Info,EventLog,System,0,0,DESKTOP-887GK2L,16,,,,,,,,,,,,False,C:\Users\turan\Desktop\defense-work-evtx-files\System.evtx,0x80000000000000,0,"{""EventData"":{""Data"":""10.00., 19044, Multiprocessor Free, 0"",""Binary"":""""}}"
1985,1985,2023-03-26 19:00:22.1283251,6005,Info,EventLog,System,0,0,DESKTOP-887GK2L,16,,The Event log service was started,,,Computer: DESKTOP-887GK2L,,,,,,,False,C:\Users\turan\Desktop\defense-work-evtx-files\System.evtx,0x80000000000000,0,"{""EventData"":{""Data"":"""",""Binary"":""E7-07-03-00-00-00-1A-00-13-00-00-00-16-00-80-00-00-00-00-00-00-00-00-00""}}"
1986,1986,2023-03-26 19:00:22.1439697,6013,Info,EventLog,System,0,0,DESKTOP-887GK2L,16,,System uptime,,,The system uptime is 8 seconds,"TimeZone: 60, 480 Pacific Standard Time",,,,,,False,C:\Users\turan\Desktop\defense-work-evtx-files\System.evtx,0x80000000000000,0,"{""EventData"":{""Data"":""8, 60, 480 Pacific Standard Time"",""Binary"":""31-00-2E-00-31-00-00-00-30-00-00-00-57-00-69-00-6E-00-64-00-6F-00-77-00-73-00-20-00-31-00-30-00-20-00-50-00-72-00-6F-00-20-00-4E-00-00-00-31-00-30-00-2E-00-30-00-2E-00-31-00-39-00-30-00-34-00-34-00-20-00-42-00-75-00-69-00-6C-00-64-00-20-00-31-00-39-00-30-00-34-00-34-00-20-00-20-00-00-00-4D-00-75-00-6C-00-74-00-69-00-70-00-72-00-6F-00-63-00-65-00-73-00-73-00-6F-00-72-00-20-00-46-00-72-00-65-00-65-00-00-00-31-00-39-00-30-00-34-00-31-00-2E-00-76-00-62-00-5F-00-72-00-65-00-6C-00-65-00-61-00-73-00-65-00-2E-00-31-00-39-00-31-00-32-00-30-00-36-00-2D-00-31-00-34-00-30-00-36-00-00-00-36-00-33-00-64-00-39-00-62-00-35-00-32-00-65-00-00-00-4E-00-6F-00-74-00-20-00-41-00-76-00-61-00-69-00-6C-00-61-00-62-00-6C-00-65-00-00-00-4E-00-6F-00-74-00-20-00-41-00-76-00-61-00-69-00-6C-00-61-00-62-00-6C-00-65-00-00-00-39-00-00-00-38-00-00-00-31-00-30-00-30-00-38-00-38-00-00-00-34-00-30-00-39-00-00-00-44-00-45-00-53-00-4B-00-54-00-4F-00-50-00-2D-00-38-00-38-00-37-00-47-00-4B-00-32-00-4C-00-00-00-00-00""}}"
1987,1987,2023-03-25 14:40:39.3077703,109,Info,Microsoft-Windows-Kernel-Power,System,628,632,DESKTOP-887GK2L,16,,,,,,,,,,,,False,C:\Users\turan\Desktop\defense-work-evtx-files\System.evtx,0x8000400000000404,0,"{""EventData"":{""Data"":[{""@Name"":""ShutdownActionType"",""#text"":""6""},{""@Name"":""ShutdownEventCode"",""#text"":""0""},{""@Name"":""ShutdownReason"",""#text"":""5""}]}}"
1988,1988,2023-03-25 14:40:39.8202988,13,Info,Microsoft-Windows-Kernel-General,System,4,8896,DESKTOP-887GK2L,16,,OS was shutdown,,,StopTime: 2023-03-25 14:40:39.8202976,"BootMode: ",,,,,,False,C:\Users\turan\Desktop\defense-work-evtx-files\System.evtx,State,0,"{""EventData"":{""Data"":{""@Name"":""StopTime"",""#text"":""2023-03-25 14:40:39.8202976""}}}"
1989,1989,2023-03-26 19:00:15.0415753,12,Info,Microsoft-Windows-Kernel-General,System,4,8,DESKTOP-887GK2L,16,S-1-5-18,OS was started,,,StartTime: 2023-03-26 19:00:13.5000000,BootMode: Normal boot,,,,,,False,C:\Users\turan\Desktop\defense-work-evtx-files\System.evtx,State,0,"{""EventData"":{""Data"":[{""@Name"":""MajorVersion"",""#text"":""10""},{""@Name"":""MinorVersion"",""#text"":""0""},{""@Name"":""BuildVersion"",""#text"":""19041""},{""@Name"":""QfeVersion"",""#text"":""2728""},{""@Name"":""ServiceVersion"",""#text"":""0""},{""@Name"":""BootMode"",""#text"":""0""},{""@Name"":""StartTime"",""#text"":""2023-03-26 19:00:13.5000000""}]}}"
1990,1990,2023-03-26 19:00:15.0416234,153,Info,Microsoft-Windows-Kernel-Boot,System,4,8,DESKTOP-887GK2L,16,S-1-5-18,,,,,,,,,,,False,C:\Users\turan\Desktop\defense-work-evtx-files\System.evtx,Classic,0,"{""EventData"":{""Data"":[{""@Name"":""Status"",""#text"":""0""},{""@Name"":""EnableDisableReason"",""#text"":""0""},{""@Name"":""VsmPolicy"",""#text"":""0""}]}}"
1991,1991,2023-03-26 19:00:15.0417223,20,Info,Microsoft-Windows-Kernel-Boot,System,4,8,DESKTOP-887GK2L,16,S-1-5-18,,,,,,,,,,,False,C:\Users\turan\Desktop\defense-work-evtx-files\System.evtx,Classic,0,"{""EventData"":{""Data"":[{""@Name"":""LastShutdownGood"",""#text"":""True""},{""@Name"":""LastBootGood"",""#text"":""True""},{""@Name"":""LastBootId"",""#text"":""12""},{""@Name"":""BootStatusPolicy"",""#text"":""2""}]}}"
1992,1992,2023-03-26 19:00:15.0417496,238,Info,Microsoft-Windows-Kernel-Boot,System,4,8,DESKTOP-887GK2L,16,S-1-5-18,,,,,,,,,,,False,C:\Users\turan\Desktop\defense-work-evtx-files\System.evtx,Classic,0,"{""EventData"":{""Data"":[{""@Name"":""EfiTimeZoneBias"",""#text"":""2047""},{""@Name"":""EfiDaylightFlags"",""#text"":""0""}]}}"
1993,1993,2023-03-26 19:00:15.0417498,25,Info,Microsoft-Windows-Kernel-Boot,System,4,8,DESKTOP-887GK2L,16,S-1-5-18,,,,,,,,,,,False,C:\Users\turan\Desktop\defense-work-evtx-files\System.evtx,Classic,0,"{""EventData"":{""Data"":{""@Name"":""BootMenuPolicy"",""#text"":""1""}}}"
1994,1994,2023-03-26 19:00:15.0417501,27,Info,Microsoft-Windows-Kernel-Boot,System,4,8,DESKTOP-887GK2L,16,S-1-5-18,,,,,,,,,,,False,C:\Users\turan\Desktop\defense-work-evtx-files\System.evtx,Classic,0,"{""EventData"":{""Data"":[{""@Name"":""BootType"",""#text"":""0""},{""@Name"":""LoadOptions"",""#text"":"" NOEXECUTE=OPTIN""}]}}"
1995,1995,2023-03-26 19:00:15.0417647,18,Info,Microsoft-Windows-Kernel-Boot,System,4,8,DESKTOP-887GK2L,16,S-1-5-18,,,,,,,,,,,False,C:\Users\turan\Desktop\defense-work-evtx-files\System.evtx,Classic,0,"{""EventData"":{""Data"":{""@Name"":""EntryCount"",""#text"":""1""}}}"
1996,1996,2023-03-26 19:00:15.0417903,32,Info,Microsoft-Windows-Kernel-Boot,System,4,8,DESKTOP-887GK2L,16,S-1-5-18,,,,,,,,,,,False,C:\Users\turan\Desktop\defense-work-evtx-files\System.evtx,Classic,0,"{""EventData"":{""Data"":{""@Name"":""BitlockerUserInputTime"",""#text"":""0""}}}"
1997,1997,2023-03-26 19:00:15.1034628,20,Info,Microsoft-Windows-Kernel-General,System,4,8,DESKTOP-887GK2L,16,S-1-5-18,,,,,,,,,,,False,C:\Users\turan\Desktop\defense-work-evtx-files\System.evtx,Time,0,"{""EventData"":{""Data"":[{""@Name"":""UpdateReason"",""#text"":""0""},{""@Name"":""EnabledNew"",""#text"":""True""},{""@Name"":""CountNew"",""#text"":""0""},{""@Name"":""CountOld"",""#text"":""0""}]}}"
1998,1998,2023-03-26 19:00:15.1855279,16,Info,Microsoft-Windows-HAL,System,4,8,DESKTOP-887GK2L,16,S-1-5-18,,,,,,,,,,,False,C:\Users\turan\Desktop\defense-work-evtx-files\System.evtx,Classic,0,"{""EventData"":""""}"
1999,1999,2023-03-26 19:00:17.2385910,3,Info,vmci,System,4,160,DESKTOP-887GK2L,16,,,,,,,,,,,,False,C:\Users\turan\Desktop\defense-work-evtx-files\System.evtx,0x80000000000000,0,"{""EventData"":{""Data"":""VMCI: Using capabilities (0x1c).\n"",""Binary"":""00-00-00-00-02-00-28-00-00-00-00-00-03-00-08-40-03-00-08-40-00-00-00-00-00-00-00-00-00-00-00-00-00-00-00-00-00-00-00-00""}}"
2000,2000,2023-03-26 19:00:19.1913013,6,Info,Microsoft-Windows-FilterManager,System,4,8,DESKTOP-887GK2L,16,S-1-5-18,,,,,,,,,,,False,C:\Users\turan\Desktop\defense-work-evtx-files\System.evtx,Classic,0,"{""EventData"":{""Data"":[{""@Name"":""FinalStatus"",""#text"":""0x0""},{""@Name"":""DeviceVersionMajor"",""#text"":""10""},{""@Name"":""DeviceVersionMinor"",""#text"":""0""},{""@Name"":""DeviceNameLength"",""#text"":""8""},{""@Name"":""DeviceName"",""#text"":""FileInfo""},{""@Name"":""DeviceTime"",""#text"":""2062-12-22 22:21:06.0000000""}]}}"
2001,2001,2023-03-26 19:00:19.1919659,6,Info,Microsoft-Windows-FilterManager,System,4,8,DESKTOP-887GK2L,16,S-1-5-18,,,,,,,,,,,False,C:\Users\turan\Desktop\defense-work-evtx-files\System.evtx,Classic,0,"{""EventData"":{""Data"":[{""@Name"":""FinalStatus"",""#text"":""0x0""},{""@Name"":""DeviceVersionMajor"",""#text"":""10""},{""@Name"":""DeviceVersionMinor"",""#text"":""0""},{""@Name"":""DeviceNameLength"",""#text"":""3""},{""@Name"":""DeviceName"",""#text"":""Wof""},{""@Name"":""DeviceTime"",""#text"":""2023-04-22 19:17:53.0000000""}]}}"
2002,2002,2023-03-26 19:00:19.1935400,6,Info,Microsoft-Windows-FilterManager,System,4,8,DESKTOP-887GK2L,16,S-1-5-18,,,,,,,,,,,False,C:\Users\turan\Desktop\defense-work-evtx-files\System.evtx,Classic,0,"{""EventData"":{""Data"":[{""@Name"":""FinalStatus"",""#text"":""0x0""},{""@Name"":""DeviceVersionMajor"",""#text"":""10""},{""@Name"":""DeviceVersionMinor"",""#text"":""0""},{""@Name"":""DeviceNameLength"",""#text"":""8""},{""@Name"":""DeviceName"",""#text"":""WdFilter""},{""@Name"":""DeviceTime"",""#text"":""2012-02-25 07:53:43.0000000""}]}}"
2003,2003,2023-03-26 19:00:19.2245593,6,Info,Microsoft-Windows-FilterManager,System,4,8,DESKTOP-887GK2L,16,S-1-5-18,,,,,,,,,,,False,C:\Users\turan\Desktop\defense-work-evtx-files\System.evtx,Classic,0,"{""EventData"":{""Data"":[{""@Name"":""FinalStatus"",""#text"":""0x0""},{""@Name"":""DeviceVersionMajor"",""#text"":""0""},{""@Name"":""DeviceVersionMinor"",""#text"":""0""},{""@Name"":""DeviceNameLength"",""#text"":""9""},{""@Name"":""DeviceName"",""#text"":""SysmonDrv""},{""@Name"":""DeviceTime"",""#text"":""2023-01-20 10:59:19.0000000""}]}}"
2004,2004,2023-03-26 19:00:19.2912056,98,Info,Microsoft-Windows-Ntfs,System,4,360,DESKTOP-887GK2L,16,S-1-5-18,,,,,,,,,,,False,C:\Users\turan\Desktop\defense-work-evtx-files\System.evtx,0x8000000000000002,0,"{""EventData"":{""Data"":[{""@Name"":""DriveName"",""#text"":""C:""},{""@Name"":""DeviceName"",""#text"":""\\Device\\HarddiskVolume3""},{""@Name"":""CorruptionActionState"",""#text"":""0""}]}}"
2005,2005,2023-03-26 19:00:19.3998525,6,Info,Microsoft-Windows-FilterManager,System,4,8,DESKTOP-887GK2L,16,S-1-5-18,,,,,,,,,,,False,C:\Users\turan\Desktop\defense-work-evtx-files\System.evtx,Classic,0,"{""EventData"":{""Data"":[{""@Name"":""FinalStatus"",""#text"":""0x0""},{""@Name"":""DeviceVersionMajor"",""#text"":""10""},{""@Name"":""DeviceVersionMinor"",""#text"":""0""},{""@Name"":""DeviceNameLength"",""#text"":""9""},{""@Name"":""DeviceName"",""#text"":""FileCrypt""},{""@Name"":""DeviceTime"",""#text"":""2002-03-01 04:12:42.0000000""}]}}"
2006,2006,2023-03-26 19:00:19.6423836,6,Info,Microsoft-Windows-FilterManager,System,4,8,DESKTOP-887GK2L,16,S-1-5-18,,,,,,,,,,,False,C:\Users\turan\Desktop\defense-work-evtx-files\System.evtx,Classic,0,"{""EventData"":{""Data"":[{""@Name"":""FinalStatus"",""#text"":""0x0""},{""@Name"":""DeviceVersionMajor"",""#text"":""10""},{""@Name"":""DeviceVersionMinor"",""#text"":""0""},{""@Name"":""DeviceNameLength"",""#text"":""9""},{""@Name"":""DeviceName"",""#text"":""npsvctrig""},{""@Name"":""DeviceTime"",""#text"":""2025-01-05 19:41:12.0000000""}]}}"
2007,2007,2023-03-26 19:00:19.7080021,172,Info,Microsoft-Windows-Kernel-Power,System,4,360,DESKTOP-887GK2L,16,S-1-5-18,,,,,,,,,,,False,C:\Users\turan\Desktop\defense-work-evtx-files\System.evtx,0x8000000000000404,0,"{""EventData"":{""Data"":[{""@Name"":""State"",""#text"":""2""},{""@Name"":""Reason"",""#text"":""6""}]}}"
2008,2008,2023-03-26 19:00:20.0163202,55,Info,Microsoft-Windows-Kernel-Processor-Power,System,4,384,DESKTOP-887GK2L,16,S-1-5-18,,,,,,,,,,,False,C:\Users\turan\Desktop\defense-work-evtx-files\System.evtx,Classic,0,"{""EventData"":{""Data"":[{""@Name"":""Group"",""#text"":""0""},{""@Name"":""Number"",""#text"":""0""},{""@Name"":""IdleStateCount"",""#text"":""1""},{""@Name"":""IdleImplementation"",""#text"":""1""},{""@Name"":""NominalFrequency"",""#text"":""3693""},{""@Name"":""MaximumPerformancePercent"",""#text"":""100""},{""@Name"":""MinimumPerformancePercent"",""#text"":""100""},{""@Name"":""MinimumThrottlePercent"",""#text"":""100""},{""@Name"":""PerformanceImplementation"",""#text"":""0""}]}}"
2009,2009,2023-03-26 19:00:20.0171717,55,Info,Microsoft-Windows-Kernel-Processor-Power,System,4,384,DESKTOP-887GK2L,16,S-1-5-18,,,,,,,,,,,False,C:\Users\turan\Desktop\defense-work-evtx-files\System.evtx,Classic,0,"{""EventData"":{""Data"":[{""@Name"":""Group"",""#text"":""0""},{""@Name"":""Number"",""#text"":""1""},{""@Name"":""IdleStateCount"",""#text"":""1""},{""@Name"":""IdleImplementation"",""#text"":""1""},{""@Name"":""NominalFrequency"",""#text"":""3693""},{""@Name"":""MaximumPerformancePercent"",""#text"":""100""},{""@Name"":""MinimumPerformancePercent"",""#text"":""100""},{""@Name"":""MinimumThrottlePercent"",""#text"":""100""},{""@Name"":""PerformanceImplementation"",""#text"":""0""}]}}"
2010,2010,2023-03-26 19:00:20.0178310,55,Info,Microsoft-Windows-Kernel-Processor-Power,System,4,384,DESKTOP-887GK2L,16,S-1-5-18,,,,,,,,,,,False,C:\Users\turan\Desktop\defense-work-evtx-files\System.evtx,Classic,0,"{""EventData"":{""Data"":[{""@Name"":""Group"",""#text"":""0""},{""@Name"":""Number"",""#text"":""2""},{""@Name"":""IdleStateCount"",""#text"":""1""},{""@Name"":""IdleImplementation"",""#text"":""1""},{""@Name"":""NominalFrequency"",""#text"":""3693""},{""@Name"":""MaximumPerformancePercent"",""#text"":""100""},{""@Name"":""MinimumPerformancePercent"",""#text"":""100""},{""@Name"":""MinimumThrottlePercent"",""#text"":""100""},{""@Name"":""PerformanceImplementation"",""#text"":""0""}]}}"
2011,2011,2023-03-26 19:00:20.0183979,55,Info,Microsoft-Windows-Kernel-Processor-Power,System,4,384,DESKTOP-887GK2L,16,S-1-5-18,,,,,,,,,,,False,C:\Users\turan\Desktop\defense-work-evtx-files\System.evtx,Classic,0,"{""EventData"":{""Data"":[{""@Name"":""Group"",""#text"":""0""},{""@Name"":""Number"",""#text"":""3""},{""@Name"":""IdleStateCount"",""#text"":""1""},{""@Name"":""IdleImplementation"",""#text"":""1""},{""@Name"":""NominalFrequency"",""#text"":""3693""},{""@Name"":""MaximumPerformancePercent"",""#text"":""100""},{""@Name"":""MinimumPerformancePercent"",""#text"":""100""},{""@Name"":""MinimumThrottlePercent"",""#text"":""100""},{""@Name"":""PerformanceImplementation"",""#text"":""0""}]}}"
2012,2012,2023-03-26 19:00:20.0216182,55,Info,Microsoft-Windows-Kernel-Processor-Power,System,4,384,DESKTOP-887GK2L,16,S-1-5-18,,,,,,,,,,,False,C:\Users\turan\Desktop\defense-work-evtx-files\System.evtx,Classic,0,"{""EventData"":{""Data"":[{""@Name"":""Group"",""#text"":""0""},{""@Name"":""Number"",""#text"":""4""},{""@Name"":""IdleStateCount"",""#text"":""1""},{""@Name"":""IdleImplementation"",""#text"":""1""},{""@Name"":""NominalFrequency"",""#text"":""3693""},{""@Name"":""MaximumPerformancePercent"",""#text"":""100""},{""@Name"":""MinimumPerformancePercent"",""#text"":""100""},{""@Name"":""MinimumThrottlePercent"",""#text"":""100""},{""@Name"":""PerformanceImplementation"",""#text"":""0""}]}}"
2013,2013,2023-03-26 19:00:20.0222731,55,Info,Microsoft-Windows-Kernel-Processor-Power,System,4,384,DESKTOP-887GK2L,16,S-1-5-18,,,,,,,,,,,False,C:\Users\turan\Desktop\defense-work-evtx-files\System.evtx,Classic,0,"{""EventData"":{""Data"":[{""@Name"":""Group"",""#text"":""0""},{""@Name"":""Number"",""#text"":""5""},{""@Name"":""IdleStateCount"",""#text"":""1""},{""@Name"":""IdleImplementation"",""#text"":""1""},{""@Name"":""NominalFrequency"",""#text"":""3693""},{""@Name"":""MaximumPerformancePercent"",""#text"":""100""},{""@Name"":""MinimumPerformancePercent"",""#text"":""100""},{""@Name"":""MinimumThrottlePercent"",""#text"":""100""},{""@Name"":""PerformanceImplementation"",""#text"":""0""}]}}"
2014,2014,2023-03-26 19:00:20.0231636,55,Info,Microsoft-Windows-Kernel-Processor-Power,System,4,384,DESKTOP-887GK2L,16,S-1-5-18,,,,,,,,,,,False,C:\Users\turan\Desktop\defense-work-evtx-files\System.evtx,Classic,0,"{""EventData"":{""Data"":[{""@Name"":""Group"",""#text"":""0""},{""@Name"":""Number"",""#text"":""6""},{""@Name"":""IdleStateCount"",""#text"":""1""},{""@Name"":""IdleImplementation"",""#text"":""1""},{""@Name"":""NominalFrequency"",""#text"":""3693""},{""@Name"":""MaximumPerformancePercent"",""#text"":""100""},{""@Name"":""MinimumPerformancePercent"",""#text"":""100""},{""@Name"":""MinimumThrottlePercent"",""#text"":""100""},{""@Name"":""PerformanceImplementation"",""#text"":""0""}]}}"
2015,2015,2023-03-26 19:00:20.0238036,55,Info,Microsoft-Windows-Kernel-Processor-Power,System,4,384,DESKTOP-887GK2L,16,S-1-5-18,,,,,,,,,,,False,C:\Users\turan\Desktop\defense-work-evtx-files\System.evtx,Classic,0,"{""EventData"":{""Data"":[{""@Name"":""Group"",""#text"":""0""},{""@Name"":""Number"",""#text"":""7""},{""@Name"":""IdleStateCount"",""#text"":""1""},{""@Name"":""IdleImplementation"",""#text"":""1""},{""@Name"":""NominalFrequency"",""#text"":""3693""},{""@Name"":""MaximumPerformancePercent"",""#text"":""100""},{""@Name"":""MinimumPerformancePercent"",""#text"":""100""},{""@Name"":""MinimumThrottlePercent"",""#text"":""100""},{""@Name"":""PerformanceImplementation"",""#text"":""0""}]}}"
2016,2016,2023-03-26 19:00:20.2779039,32,Info,e1i65x64,System,4,388,DESKTOP-887GK2L,16,,,,,,,,,,,,False,C:\Users\turan\Desktop\defense-work-evtx-files\System.evtx,0x80000000000000,0,"{""EventData"":{""Data"":""Intel(R) 82574L Gigabit Network Connection"",""Binary"":""00-00-04-00-02-00-30-00-00-00-00-00-20-00-04-60-00-00-00-00-00-00-00-00-00-00-00-00-00-00-00-00-00-00-00-00-00-00-00-00-20-00-04-60""}}"
2017,2017,2023-03-26 19:00:20.4249065,98,Info,Microsoft-Windows-Ntfs,System,4,360,DESKTOP-887GK2L,16,S-1-5-18,,,,,,,,,,,False,C:\Users\turan\Desktop\defense-work-evtx-files\System.evtx,0x8000000000000002,0,"{""EventData"":{""Data"":[{""@Name"":""DriveName"",""#text"":""\\\\?\\Volume{3e1ae928-61ee-4947-af5a-9cabbd50feef}""},{""@Name"":""DeviceName"",""#text"":""\\Device\\HarddiskVolume4""},{""@Name"":""CorruptionActionState"",""#text"":""0""}]}}"
2018,2018,2023-03-26 19:00:20.9032598,24,Info,Microsoft-Windows-Kernel-General,System,140,524,DESKTOP-887GK2L,16,S-1-5-18,,,,,,,,,,,False,C:\Users\turan\Desktop\defense-work-evtx-files\System.evtx,Time,0,"{""EventData"":{""Data"":[{""@Name"":""ExitReason"",""#text"":""0""},{""@Name"":""CurrentBias"",""#text"":""420""},{""@Name"":""CurrentTimeZoneID"",""#text"":""2""},{""@Name"":""TimeZoneInfoCacheUpdated"",""#text"":""0""},{""@Name"":""FirstRefresh"",""#text"":""0""}]}}"
2019,2019,2023-03-26 19:00:21.2871200,14,Info,Microsoft-Windows-Wininit,System,616,620,DESKTOP-887GK2L,16,S-1-5-18,,,,,,,,,,,False,C:\Users\turan\Desktop\defense-work-evtx-files\System.evtx,0x4000000000000000,0,"{""EventData"":{""Data"":[{""@Name"":""Config"",""#text"":""0""},{""@Name"":""IsTestConfig"",""#text"":""0""}]}}"
2020,2020,2023-03-26 19:00:21.5750104,16962,Info,Microsoft-Windows-Directory-Services-SAM,System,760,764,DESKTOP-887GK2L,16,S-1-5-18,,,,,,,,,,,False,C:\Users\turan\Desktop\defense-work-evtx-files\System.evtx,Classic,0,"{""EventData"":{""@Name"":""SAMMSG_RESTRICT_REMOTE_SAM_DEFAULT_SD"",""Data"":{""@Name"":""Default SD String:"",""#text"":""O:SYG:SYD:(A;;RC;;;BA)""}}}"
2021,2021,2023-03-26 19:00:21.5878657,16977,Info,Microsoft-Windows-Directory-Services-SAM,System,760,764,DESKTOP-887GK2L,16,S-1-5-18,,,,,,,,,,,False,C:\Users\turan\Desktop\defense-work-evtx-files\System.evtx,Classic,0,"{""EventData"":{""@Name"":""SAMMSG_MINPWDLEN_SETTINGS_IN_EFFECT"",""Data"":[{""@Name"":""MinimumPasswordLength"",""#text"":""0""},{""@Name"":""RelaxMinimumPasswordLengthLimits"",""#text"":""0""},{""@Name"":""MinimumPasswordLengthAudit"",""#text"":""-1""}]}}"
2022,2022,2023-03-26 19:00:21.5878688,16983,Info,Microsoft-Windows-Directory-Services-SAM,System,760,764,DESKTOP-887GK2L,16,S-1-5-18,,,,,,,,,,,False,C:\Users\turan\Desktop\defense-work-evtx-files\System.evtx,Classic,0,"{""EventData"":{""@Name"":""SAMMSG_AUDIT_LEGACY_PWD_RPC_METHODS_OFF""}}"
2023,2023,2023-03-26 19:00:22.1184459,6,Info,Microsoft-Windows-FilterManager,System,4,376,DESKTOP-887GK2L,16,S-1-5-18,,,,,,,,,,,False,C:\Users\turan\Desktop\defense-work-evtx-files\System.evtx,Classic,0,"{""EventData"":{""Data"":[{""@Name"":""FinalStatus"",""#text"":""0x0""},{""@Name"":""DeviceVersionMajor"",""#text"":""10""},{""@Name"":""DeviceVersionMinor"",""#text"":""0""},{""@Name"":""DeviceNameLength"",""#text"":""5""},{""@Name"":""DeviceName"",""#text"":""wcifs""},{""@Name"":""DeviceTime"",""#text"":""2084-01-02 01:25:46.0000000""}]}}"
2024,2024,2023-03-26 19:00:22.1408665,6,Info,Microsoft-Windows-FilterManager,System,4,388,DESKTOP-887GK2L,16,S-1-5-18,,,,,,,,,,,False,C:\Users\turan\Desktop\defense-work-evtx-files\System.evtx,Classic,0,"{""EventData"":{""Data"":[{""@Name"":""FinalStatus"",""#text"":""0x0""},{""@Name"":""DeviceVersionMajor"",""#text"":""10""},{""@Name"":""DeviceVersionMinor"",""#text"":""0""},{""@Name"":""DeviceNameLength"",""#text"":""5""},{""@Name"":""DeviceName"",""#text"":""luafv""},{""@Name"":""DeviceTime"",""#text"":""1986-08-13 13:58:59.0000000""}]}}"
2025,2025,2023-03-26 19:00:22.1625029,6,Info,Microsoft-Windows-FilterManager,System,4,376,DESKTOP-887GK2L,16,S-1-5-18,,,,,,,,,,,False,C:\Users\turan\Desktop\defense-work-evtx-files\System.evtx,Classic,0,"{""EventData"":{""Data"":[{""@Name"":""FinalStatus"",""#text"":""0x0""},{""@Name"":""DeviceVersionMajor"",""#text"":""10""},{""@Name"":""DeviceVersionMinor"",""#text"":""0""},{""@Name"":""DeviceNameLength"",""#text"":""6""},{""@Name"":""DeviceName"",""#text"":""CldFlt""},{""@Name"":""DeviceTime"",""#text"":""2072-04-19 10:54:12.0000000""}]}}"
2026,2026,2023-03-26 19:00:22.1625325,1,Info,Microsoft-Windows-FilterManager,System,4,376,DESKTOP-887GK2L,16,S-1-5-18,,,,,,,,,,,False,C:\Users\turan\Desktop\defense-work-evtx-files\System.evtx,Classic,0,"{""EventData"":{""Data"":[{""@Name"":""FinalStatus"",""#text"":""0x0""},{""@Name"":""DeviceVersionMajor"",""#text"":""10""},{""@Name"":""DeviceVersionMinor"",""#text"":""0""},{""@Name"":""DeviceNameLength"",""#text"":""6""},{""@Name"":""DeviceName"",""#text"":""CldFlt""},{""@Name"":""DeviceTime"",""#text"":""2072-04-19 10:54:12.0000000""}]}}"
2027,2027,2023-03-26 19:00:22.1625827,6,Info,Microsoft-Windows-FilterManager,System,4,376,DESKTOP-887GK2L,16,S-1-5-18,,,,,,,,,,,False,C:\Users\turan\Desktop\defense-work-evtx-files\System.evtx,Classic,0,"{""EventData"":{""Data"":[{""@Name"":""FinalStatus"",""#text"":""0x0""},{""@Name"":""DeviceVersionMajor"",""#text"":""10""},{""@Name"":""DeviceVersionMinor"",""#text"":""0""},{""@Name"":""DeviceNameLength"",""#text"":""6""},{""@Name"":""DeviceName"",""#text"":""CldFlt""},{""@Name"":""DeviceTime"",""#text"":""2072-04-19 10:54:12.0000000""}]}}"
2028,2028,2023-03-26 19:00:22.1701386,6,Info,Microsoft-Windows-FilterManager,System,4,376,DESKTOP-887GK2L,16,S-1-5-18,,,,,,,,,,,False,C:\Users\turan\Desktop\defense-work-evtx-files\System.evtx,Classic,0,"{""EventData"":{""Data"":[{""@Name"":""FinalStatus"",""#text"":""0x0""},{""@Name"":""DeviceVersionMajor"",""#text"":""10""},{""@Name"":""DeviceVersionMinor"",""#text"":""0""},{""@Name"":""DeviceNameLength"",""#text"":""10""},{""@Name"":""DeviceName"",""#text"":""storqosflt""},{""@Name"":""DeviceTime"",""#text"":""2007-04-09 11:08:30.0000000""}]}}"
2029,2029,2023-03-26 19:00:22.1800006,6,Info,Microsoft-Windows-FilterManager,System,4,376,DESKTOP-887GK2L,16,S-1-5-18,,,,,,,,,,,False,C:\Users\turan\Desktop\defense-work-evtx-files\System.evtx,Classic,0,"{""EventData"":{""Data"":[{""@Name"":""FinalStatus"",""#text"":""0x0""},{""@Name"":""DeviceVersionMajor"",""#text"":""10""},{""@Name"":""DeviceVersionMinor"",""#text"":""0""},{""@Name"":""DeviceNameLength"",""#text"":""7""},{""@Name"":""DeviceName"",""#text"":""bindflt""},{""@Name"":""DeviceTime"",""#text"":""2005-08-08 13:17:00.0000000""}]}}"
2030,2030,2023-03-26 19:00:22.2150129,50036,Info,Microsoft-Windows-Dhcp-Client,System,1564,1676,DESKTOP-887GK2L,16,S-1-5-19,,,,,,,,,,,False,C:\Users\turan\Desktop\defense-work-evtx-files\System.evtx,0x2000000000000000,0,"{""EventData"":""""}"
2031,2031,2023-03-26 19:00:22.2151193,50103,Info,Microsoft-Windows-Dhcp-Client,System,1564,1676,DESKTOP-887GK2L,16,S-1-5-19,,,,,,,,,,,False,C:\Users\turan\Desktop\defense-work-evtx-files\System.evtx,0x2000000000000000,0,"{""EventData"":""""}"
2032,2032,2023-03-26 19:00:22.2380919,51046,Info,Microsoft-Windows-DHCPv6-Client,System,1564,1800,DESKTOP-887GK2L,16,S-1-5-19,,,,,,,,,,,False,C:\Users\turan\Desktop\defense-work-evtx-files\System.evtx,0x2000000000000000,0,"{""EventData"":""""}"
2033,2033,2023-03-26 19:00:22.5832815,7001,Info,Microsoft-Windows-Winlogon,System,724,808,DESKTOP-887GK2L,16,S-1-5-18,User logon,,,UserSID: S-1-5-21-3393683511-3463148672-371912004-1001,,,,,,,False,C:\Users\turan\Desktop\defense-work-evtx-files\System.evtx,0x2000200000000000,0,"{""EventData"":{""Data"":[{""@Name"":""TSId"",""#text"":""1""},{""@Name"":""UserSid"",""#text"":""S-1-5-21-3393683511-3463148672-371912004-1001""}]}}"
2034,2034,2023-03-26 19:00:23.0501955,7026,Info,Service Control Manager,System,696,700,DESKTOP-887GK2L,16,,,,,,,,,,,,False,C:\Users\turan\Desktop\defense-work-evtx-files\System.evtx,"Audit success, classic",0,"{""EventData"":{""Data"":{""@Name"":""param1"",""#text"":"", dam""}}}"
2035,2035,2023-03-26 19:00:31.3112925,1014,Warning,Microsoft-Windows-DNS-Client,System,2332,2460,DESKTOP-887GK2L,16,S-1-5-20,,,,,,,,,,,False,C:\Users\turan\Desktop\defense-work-evtx-files\System.evtx,0x4000000010000000,0,"{""EventData"":{""Data"":[{""@Name"":""QueryName"",""#text"":""wpad""},{""@Name"":""AddressLength"",""#text"":""128""},{""@Name"":""Address"",""#text"":""02-00-00-00-AC-11-4F-02-00-00-00-00-00-00-00-00-00-00-00-00-00-00-00-00-00-00-00-00-00-00-00-00-00-00-00-00-00-00-00-00-00-00-00-00-00-00-00-00-00-00-00-00-00-00-00-00-00-00-00-00-00-00-00-00-00-00-00-00-00-00-00-00-00-00-00-00-00-00-00-00-00-00-00-00-00-00-00-00-00-00-00-00-00-00-00-00-00-00-00-00-00-00-00-00-00-00-00-00-00-00-00-00-00-00-00-00-00-00-00-00-00-00-00-00-00-00-00-00""}]}}"
2036,2036,2023-03-26 19:00:43.9623649,7040,Info,Service Control Manager,System,696,848,DESKTOP-887GK2L,16,S-1-5-18,Start type of a service has changed,,,The start type of the Background Intelligent Transfer Service was changed from demand start to auto start,,,,,,BITS,False,C:\Users\turan\Desktop\defense-work-evtx-files\System.evtx,"Audit success, classic",0,"{""EventData"":{""Data"":[{""@Name"":""param1"",""#text"":""Background Intelligent Transfer Service""},{""@Name"":""param2"",""#text"":""demand start""},{""@Name"":""param3"",""#text"":""auto start""},{""@Name"":""param4"",""#text"":""BITS""}]}}"
2037,2037,2023-03-26 19:01:05.9725685,44,Info,Microsoft-Windows-WindowsUpdateClient,System,5800,6316,DESKTOP-887GK2L,16,S-1-5-18,,,,,,,,,,,False,C:\Users\turan\Desktop\defense-work-evtx-files\System.evtx,0x8000000000002004,0,"{""EventData"":{""Data"":[{""@Name"":""updateTitle"",""#text"":""Security Intelligence Update for Microsoft Defender Antivirus - KB2267602 (Version 1.385.1178.0)""},{""@Name"":""updateGuid"",""#text"":""6575599a-08b4-4f24-bf46-859defbc865f""},{""@Name"":""updateRevisionNumber"",""#text"":""200""}]}}"
2038,2038,2023-03-26 19:01:05.9725705,43,Info,Microsoft-Windows-WindowsUpdateClient,System,5800,6316,DESKTOP-887GK2L,16,S-1-5-18,,,,,,,,,,,False,C:\Users\turan\Desktop\defense-work-evtx-files\System.evtx,0x8000000000002008,0,"{""EventData"":{""Data"":[{""@Name"":""updateTitle"",""#text"":""Security Intelligence Update for Microsoft Defender Antivirus - KB2267602 (Version 1.385.1178.0)""},{""@Name"":""updateGuid"",""#text"":""6575599a-08b4-4f24-bf46-859defbc865f""},{""@Name"":""updateRevisionNumber"",""#text"":""200""}]}}"
2039,2039,2023-03-27 00:00:00.8295396,24,Info,Microsoft-Windows-Kernel-General,System,2940,3276,DESKTOP-887GK2L,16,S-1-5-18,,,,,,,,,,,False,C:\Users\turan\Desktop\defense-work-evtx-files\System.evtx,Time,0,"{""EventData"":{""Data"":[{""@Name"":""ExitReason"",""#text"":""0""},{""@Name"":""CurrentBias"",""#text"":""420""},{""@Name"":""CurrentTimeZoneID"",""#text"":""2""},{""@Name"":""TimeZoneInfoCacheUpdated"",""#text"":""0""},{""@Name"":""FirstRefresh"",""#text"":""0""}]}}"
2040,2040,2023-03-27 00:00:00.8298221,1,Info,Microsoft-Windows-Kernel-General,System,2940,3276,DESKTOP-887GK2L,16,S-1-5-18,The system time was changed,,,OldTime: 2023-03-26 19:01:08.1926078,NewTime: 2023-03-27 00:00:00.8190000,Reason: An application or system component changed the time.,,,,,False,C:\Users\turan\Desktop\defense-work-evtx-files\System.evtx,Time,0,"{""EventData"":{""Data"":[{""@Name"":""NewTime"",""#text"":""2023-03-27 00:00:00.8190000""},{""@Name"":""OldTime"",""#text"":""2023-03-26 19:01:08.1926078""},{""@Name"":""Reason"",""#text"":""1""},{""@Name"":""ProcessName"",""#text"":""\\Device\\HarddiskVolume3\\Program Files\\VMware\\VMware Tools\\vmtoolsd.exe""},{""@Name"":""ProcessID"",""#text"":""2940""}]}}"
2041,2041,2023-03-27 00:00:06.8966675,19,Info,Microsoft-Windows-WindowsUpdateClient,System,5800,10308,DESKTOP-887GK2L,17,S-1-5-18,,,,,,,,,,,False,C:\Users\turan\Desktop\defense-work-evtx-files\System.evtx,Installation,0,"{""EventData"":{""Data"":[{""@Name"":""updateTitle"",""#text"":""Security Intelligence Update for Microsoft Defender Antivirus - KB2267602 (Version 1.385.1178.0)""},{""@Name"":""updateGuid"",""#text"":""6575599a-08b4-4f24-bf46-859defbc865f""},{""@Name"":""updateRevisionNumber"",""#text"":""200""},{""@Name"":""serviceGuid"",""#text"":""9482f4b4-e343-43b6-b170-9a65bc822c77""}]}}"
2042,2042,2023-03-27 00:00:08.8892734,1074,Info,User32,System,540,1612,DESKTOP-887GK2L,17,S-1-5-21-3393683511-3463148672-371912004-1001,A user initiated a system restart,DESKTOP-887GK2L\CyberJunkie,,Hostname: DESKTOP-887GK2L,Reason: Other (Unplanned),Type: power off,Code: 0x0,,,C:\Windows\System32\RuntimeBroker.exe (DESKTOP-887GK2L),False,C:\Users\turan\Desktop\defense-work-evtx-files\System.evtx,"Audit success, classic",0,"{""EventData"":{""Data"":[{""@Name"":""param1"",""#text"":""C:\\Windows\\System32\\RuntimeBroker.exe (DESKTOP-887GK2L)""},{""@Name"":""param2"",""#text"":""DESKTOP-887GK2L""},{""@Name"":""param3"",""#text"":""Other (Unplanned)""},{""@Name"":""param4"",""#text"":""0x0""},{""@Name"":""param5"",""#text"":""power off""},{""@Name"":""param6""},{""@Name"":""param7"",""#text"":""DESKTOP-887GK2L\\CyberJunkie""}]}}"
2043,2043,2023-03-27 00:00:10.9241708,6006,Info,EventLog,System,0,0,DESKTOP-887GK2L,17,,The Event log service was stopped,,,Computer: DESKTOP-887GK2L,,,,,,,False,C:\Users\turan\Desktop\defense-work-evtx-files\System.evtx,0x80000000000000,0,"{""EventData"":{""Data"":"""",""Binary"":""01-00-00-00-0C-46-00-00""}}"
2044,2044,2023-03-27 00:00:10.2978196,7002,Info,Microsoft-Windows-Winlogon,System,724,808,DESKTOP-887GK2L,17,S-1-5-18,User logoff,,,UserSID: S-1-5-21-3393683511-3463148672-371912004-1001,,,,,,,False,C:\Users\turan\Desktop\defense-work-evtx-files\System.evtx,0x2000200000000000,0,"{""EventData"":{""Data"":[{""@Name"":""TSId"",""#text"":""1""},{""@Name"":""UserSid"",""#text"":""S-1-5-21-3393683511-3463148672-371912004-1001""}]}}"
2045,2045,2023-03-27 00:00:10.8881475,50104,Info,Microsoft-Windows-Dhcp-Client,System,1564,1568,DESKTOP-887GK2L,17,S-1-5-19,,,,,,,,,,,False,C:\Users\turan\Desktop\defense-work-evtx-files\System.evtx,0x2000000000000000,0,"{""EventData"":""""}"
2046,2046,2023-03-27 00:00:10.8887542,50105,Info,Microsoft-Windows-Dhcp-Client,System,1564,1676,DESKTOP-887GK2L,17,S-1-5-19,,,,,,,,,,,False,C:\Users\turan\Desktop\defense-work-evtx-files\System.evtx,0x2000000000000000,0,"{""EventData"":""""}"
2047,2047,2023-03-27 00:00:10.9044700,51047,Info,Microsoft-Windows-DHCPv6-Client,System,1564,1800,DESKTOP-887GK2L,17,S-1-5-19,,,,,,,,,,,False,C:\Users\turan\Desktop\defense-work-evtx-files\System.evtx,0x2000000000000000,0,"{""EventData"":{""Data"":{""@Name"":""DwordVal"",""#text"":""1""}}}"
2048,2048,2023-03-27 00:00:10.9168236,50106,Info,Microsoft-Windows-Dhcp-Client,System,1564,1676,DESKTOP-887GK2L,17,S-1-5-19,,,,,,,,,,,False,C:\Users\turan\Desktop\defense-work-evtx-files\System.evtx,0x2000000000000000,0,"{""EventData"":""""}"
2049,2049,2023-03-27 00:00:11.0181345,51057,Info,Microsoft-Windows-DHCPv6-Client,System,1564,1800,DESKTOP-887GK2L,17,S-1-5-19,,,,,,,,,,,False,C:\Users\turan\Desktop\defense-work-evtx-files\System.evtx,0x2000000000000000,0,"{""EventData"":{""Data"":{""@Name"":""DwordVal"",""#text"":""1""}}}"
2050,2050,2023-03-27 14:32:00.9388417,6009,Info,EventLog,System,0,0,DESKTOP-887GK2L,17,,,,,,,,,,,,False,C:\Users\turan\Desktop\defense-work-evtx-files\System.evtx,0x80000000000000,0,"{""EventData"":{""Data"":""10.00., 19044, Multiprocessor Free, 0"",""Binary"":""""}}"
2051,2051,2023-03-27 14:32:00.9388417,6005,Info,EventLog,System,0,0,DESKTOP-887GK2L,17,,The Event log service was started,,,Computer: DESKTOP-887GK2L,,,,,,,False,C:\Users\turan\Desktop\defense-work-evtx-files\System.evtx,0x80000000000000,0,"{""EventData"":{""Data"":"""",""Binary"":""E7-07-03-00-01-00-1B-00-0E-00-20-00-00-00-AA-03-00-00-00-00-00-00-00-00""}}"
2052,2052,2023-03-27 14:32:00.9388417,6013,Info,EventLog,System,0,0,DESKTOP-887GK2L,17,,System uptime,,,The system uptime is 9 seconds,"TimeZone: 60, 480 Pacific Standard Time",,,,,,False,C:\Users\turan\Desktop\defense-work-evtx-files\System.evtx,0x80000000000000,0,"{""EventData"":{""Data"":""9, 60, 480 Pacific Standard Time"",""Binary"":""31-00-2E-00-31-00-00-00-30-00-00-00-57-00-69-00-6E-00-64-00-6F-00-77-00-73-00-20-00-31-00-30-00-20-00-50-00-72-00-6F-00-20-00-4E-00-00-00-31-00-30-00-2E-00-30-00-2E-00-31-00-39-00-30-00-34-00-34-00-20-00-42-00-75-00-69-00-6C-00-64-00-20-00-31-00-39-00-30-00-34-00-34-00-20-00-20-00-00-00-4D-00-75-00-6C-00-74-00-69-00-70-00-72-00-6F-00-63-00-65-00-73-00-73-00-6F-00-72-00-20-00-46-00-72-00-65-00-65-00-00-00-31-00-39-00-30-00-34-00-31-00-2E-00-76-00-62-00-5F-00-72-00-65-00-6C-00-65-00-61-00-73-00-65-00-2E-00-31-00-39-00-31-00-32-00-30-00-36-00-2D-00-31-00-34-00-30-00-36-00-00-00-36-00-33-00-64-00-39-00-62-00-35-00-32-00-65-00-00-00-4E-00-6F-00-74-00-20-00-41-00-76-00-61-00-69-00-6C-00-61-00-62-00-6C-00-65-00-00-00-4E-00-6F-00-74-00-20-00-41-00-76-00-61-00-69-00-6C-00-61-00-62-00-6C-00-65-00-00-00-39-00-00-00-38-00-00-00-31-00-30-00-30-00-38-00-38-00-00-00-34-00-30-00-39-00-00-00-44-00-45-00-53-00-4B-00-54-00-4F-00-50-00-2D-00-38-00-38-00-37-00-47-00-4B-00-32-00-4C-00-00-00-00-00""}}"
2053,2053,2023-03-27 00:00:11.0192337,50037,Info,Microsoft-Windows-Dhcp-Client,System,1564,1676,DESKTOP-887GK2L,17,S-1-5-19,,,,,,,,,,,False,C:\Users\turan\Desktop\defense-work-evtx-files\System.evtx,0x2000000000000000,0,"{""EventData"":{""Data"":{""@Name"":""DwordVal"",""#text"":""1""}}}"
2054,2054,2023-03-27 00:00:12.2290292,109,Info,Microsoft-Windows-Kernel-Power,System,616,620,DESKTOP-887GK2L,17,,,,,,,,,,,,False,C:\Users\turan\Desktop\defense-work-evtx-files\System.evtx,0x8000400000000404,0,"{""EventData"":{""Data"":[{""@Name"":""ShutdownActionType"",""#text"":""6""},{""@Name"":""ShutdownEventCode"",""#text"":""0""},{""@Name"":""ShutdownReason"",""#text"":""5""}]}}"
2055,2055,2023-03-27 00:00:13.4420718,13,Info,Microsoft-Windows-Kernel-General,System,4,6272,DESKTOP-887GK2L,17,,OS was shutdown,,,StopTime: 2023-03-27 00:00:13.4420707,"BootMode: ",,,,,,False,C:\Users\turan\Desktop\defense-work-evtx-files\System.evtx,State,0,"{""EventData"":{""Data"":{""@Name"":""StopTime"",""#text"":""2023-03-27 00:00:13.4420707""}}}"
2056,2056,2023-03-27 14:31:52.7437559,12,Info,Microsoft-Windows-Kernel-General,System,4,8,DESKTOP-887GK2L,17,S-1-5-18,OS was started,,,StartTime: 2023-03-27 14:31:51.5000000,BootMode: Normal boot,,,,,,False,C:\Users\turan\Desktop\defense-work-evtx-files\System.evtx,State,0,"{""EventData"":{""Data"":[{""@Name"":""MajorVersion"",""#text"":""10""},{""@Name"":""MinorVersion"",""#text"":""0""},{""@Name"":""BuildVersion"",""#text"":""19041""},{""@Name"":""QfeVersion"",""#text"":""2728""},{""@Name"":""ServiceVersion"",""#text"":""0""},{""@Name"":""BootMode"",""#text"":""0""},{""@Name"":""StartTime"",""#text"":""2023-03-27 14:31:51.5000000""}]}}"
2057,2057,2023-03-27 14:31:52.7438151,153,Info,Microsoft-Windows-Kernel-Boot,System,4,8,DESKTOP-887GK2L,17,S-1-5-18,,,,,,,,,,,False,C:\Users\turan\Desktop\defense-work-evtx-files\System.evtx,Classic,0,"{""EventData"":{""Data"":[{""@Name"":""Status"",""#text"":""0""},{""@Name"":""EnableDisableReason"",""#text"":""0""},{""@Name"":""VsmPolicy"",""#text"":""0""}]}}"
2058,2058,2023-03-27 14:31:52.7439144,20,Info,Microsoft-Windows-Kernel-Boot,System,4,8,DESKTOP-887GK2L,17,S-1-5-18,,,,,,,,,,,False,C:\Users\turan\Desktop\defense-work-evtx-files\System.evtx,Classic,0,"{""EventData"":{""Data"":[{""@Name"":""LastShutdownGood"",""#text"":""True""},{""@Name"":""LastBootGood"",""#text"":""True""},{""@Name"":""LastBootId"",""#text"":""13""},{""@Name"":""BootStatusPolicy"",""#text"":""2""}]}}"
2059,2059,2023-03-27 14:31:52.7439491,238,Info,Microsoft-Windows-Kernel-Boot,System,4,8,DESKTOP-887GK2L,17,S-1-5-18,,,,,,,,,,,False,C:\Users\turan\Desktop\defense-work-evtx-files\System.evtx,Classic,0,"{""EventData"":{""Data"":[{""@Name"":""EfiTimeZoneBias"",""#text"":""2047""},{""@Name"":""EfiDaylightFlags"",""#text"":""0""}]}}"
2060,2060,2023-03-27 14:31:52.7439495,25,Info,Microsoft-Windows-Kernel-Boot,System,4,8,DESKTOP-887GK2L,17,S-1-5-18,,,,,,,,,,,False,C:\Users\turan\Desktop\defense-work-evtx-files\System.evtx,Classic,0,"{""EventData"":{""Data"":{""@Name"":""BootMenuPolicy"",""#text"":""1""}}}"
2061,2061,2023-03-27 14:31:52.7439498,27,Info,Microsoft-Windows-Kernel-Boot,System,4,8,DESKTOP-887GK2L,17,S-1-5-18,,,,,,,,,,,False,C:\Users\turan\Desktop\defense-work-evtx-files\System.evtx,Classic,0,"{""EventData"":{""Data"":[{""@Name"":""BootType"",""#text"":""0""},{""@Name"":""LoadOptions"",""#text"":"" NOEXECUTE=OPTIN""}]}}"
2062,2062,2023-03-27 14:31:52.7439695,18,Info,Microsoft-Windows-Kernel-Boot,System,4,8,DESKTOP-887GK2L,17,S-1-5-18,,,,,,,,,,,False,C:\Users\turan\Desktop\defense-work-evtx-files\System.evtx,Classic,0,"{""EventData"":{""Data"":{""@Name"":""EntryCount"",""#text"":""1""}}}"
2063,2063,2023-03-27 14:31:52.7440004,32,Info,Microsoft-Windows-Kernel-Boot,System,4,8,DESKTOP-887GK2L,17,S-1-5-18,,,,,,,,,,,False,C:\Users\turan\Desktop\defense-work-evtx-files\System.evtx,Classic,0,"{""EventData"":{""Data"":{""@Name"":""BitlockerUserInputTime"",""#text"":""0""}}}"
2064,2064,2023-03-27 14:31:52.7977664,20,Info,Microsoft-Windows-Kernel-General,System,4,8,DESKTOP-887GK2L,17,S-1-5-18,,,,,,,,,,,False,C:\Users\turan\Desktop\defense-work-evtx-files\System.evtx,Time,0,"{""EventData"":{""Data"":[{""@Name"":""UpdateReason"",""#text"":""0""},{""@Name"":""EnabledNew"",""#text"":""True""},{""@Name"":""CountNew"",""#text"":""0""},{""@Name"":""CountOld"",""#text"":""0""}]}}"
2065,2065,2023-03-27 14:31:52.8708845,16,Info,Microsoft-Windows-HAL,System,4,8,DESKTOP-887GK2L,17,S-1-5-18,,,,,,,,,,,False,C:\Users\turan\Desktop\defense-work-evtx-files\System.evtx,Classic,0,"{""EventData"":""""}"
2066,2066,2023-03-27 14:31:54.8003543,3,Info,vmci,System,4,268,DESKTOP-887GK2L,17,,,,,,,,,,,,False,C:\Users\turan\Desktop\defense-work-evtx-files\System.evtx,0x80000000000000,0,"{""EventData"":{""Data"":""VMCI: Using capabilities (0x1c).\n"",""Binary"":""00-00-00-00-02-00-28-00-00-00-00-00-03-00-08-40-03-00-08-40-00-00-00-00-00-00-00-00-00-00-00-00-00-00-00-00-00-00-00-00""}}"
2067,2067,2023-03-27 14:31:56.7546410,6,Info,Microsoft-Windows-FilterManager,System,4,8,DESKTOP-887GK2L,17,S-1-5-18,,,,,,,,,,,False,C:\Users\turan\Desktop\defense-work-evtx-files\System.evtx,Classic,0,"{""EventData"":{""Data"":[{""@Name"":""FinalStatus"",""#text"":""0x0""},{""@Name"":""DeviceVersionMajor"",""#text"":""10""},{""@Name"":""DeviceVersionMinor"",""#text"":""0""},{""@Name"":""DeviceNameLength"",""#text"":""8""},{""@Name"":""DeviceName"",""#text"":""FileInfo""},{""@Name"":""DeviceTime"",""#text"":""2062-12-22 22:21:06.0000000""}]}}"
2068,2068,2023-03-27 14:31:56.7556453,6,Info,Microsoft-Windows-FilterManager,System,4,8,DESKTOP-887GK2L,17,S-1-5-18,,,,,,,,,,,False,C:\Users\turan\Desktop\defense-work-evtx-files\System.evtx,Classic,0,"{""EventData"":{""Data"":[{""@Name"":""FinalStatus"",""#text"":""0x0""},{""@Name"":""DeviceVersionMajor"",""#text"":""10""},{""@Name"":""DeviceVersionMinor"",""#text"":""0""},{""@Name"":""DeviceNameLength"",""#text"":""3""},{""@Name"":""DeviceName"",""#text"":""Wof""},{""@Name"":""DeviceTime"",""#text"":""2023-04-22 19:17:53.0000000""}]}}"
2069,2069,2023-03-27 14:31:56.7573065,6,Info,Microsoft-Windows-FilterManager,System,4,8,DESKTOP-887GK2L,17,S-1-5-18,,,,,,,,,,,False,C:\Users\turan\Desktop\defense-work-evtx-files\System.evtx,Classic,0,"{""EventData"":{""Data"":[{""@Name"":""FinalStatus"",""#text"":""0x0""},{""@Name"":""DeviceVersionMajor"",""#text"":""10""},{""@Name"":""DeviceVersionMinor"",""#text"":""0""},{""@Name"":""DeviceNameLength"",""#text"":""8""},{""@Name"":""DeviceName"",""#text"":""WdFilter""},{""@Name"":""DeviceTime"",""#text"":""2012-02-25 07:53:43.0000000""}]}}"
2070,2070,2023-03-27 14:31:56.7888287,6,Info,Microsoft-Windows-FilterManager,System,4,8,DESKTOP-887GK2L,17,S-1-5-18,,,,,,,,,,,False,C:\Users\turan\Desktop\defense-work-evtx-files\System.evtx,Classic,0,"{""EventData"":{""Data"":[{""@Name"":""FinalStatus"",""#text"":""0x0""},{""@Name"":""DeviceVersionMajor"",""#text"":""0""},{""@Name"":""DeviceVersionMinor"",""#text"":""0""},{""@Name"":""DeviceNameLength"",""#text"":""9""},{""@Name"":""DeviceName"",""#text"":""SysmonDrv""},{""@Name"":""DeviceTime"",""#text"":""2023-01-20 10:59:19.0000000""}]}}"
2071,2071,2023-03-27 14:31:56.9437204,98,Info,Microsoft-Windows-Ntfs,System,4,160,DESKTOP-887GK2L,17,S-1-5-18,,,,,,,,,,,False,C:\Users\turan\Desktop\defense-work-evtx-files\System.evtx,0x8000000000000002,0,"{""EventData"":{""Data"":[{""@Name"":""DriveName"",""#text"":""C:""},{""@Name"":""DeviceName"",""#text"":""\\Device\\HarddiskVolume3""},{""@Name"":""CorruptionActionState"",""#text"":""0""}]}}"
2072,2072,2023-03-27 14:31:57.1294494,6,Info,Microsoft-Windows-FilterManager,System,4,8,DESKTOP-887GK2L,17,S-1-5-18,,,,,,,,,,,False,C:\Users\turan\Desktop\defense-work-evtx-files\System.evtx,Classic,0,"{""EventData"":{""Data"":[{""@Name"":""FinalStatus"",""#text"":""0x0""},{""@Name"":""DeviceVersionMajor"",""#text"":""10""},{""@Name"":""DeviceVersionMinor"",""#text"":""0""},{""@Name"":""DeviceNameLength"",""#text"":""9""},{""@Name"":""DeviceName"",""#text"":""FileCrypt""},{""@Name"":""DeviceTime"",""#text"":""2002-03-01 04:12:42.0000000""}]}}"
2073,2073,2023-03-27 14:31:57.4519173,6,Info,Microsoft-Windows-FilterManager,System,4,8,DESKTOP-887GK2L,17,S-1-5-18,,,,,,,,,,,False,C:\Users\turan\Desktop\defense-work-evtx-files\System.evtx,Classic,0,"{""EventData"":{""Data"":[{""@Name"":""FinalStatus"",""#text"":""0x0""},{""@Name"":""DeviceVersionMajor"",""#text"":""10""},{""@Name"":""DeviceVersionMinor"",""#text"":""0""},{""@Name"":""DeviceNameLength"",""#text"":""9""},{""@Name"":""DeviceName"",""#text"":""npsvctrig""},{""@Name"":""DeviceTime"",""#text"":""2025-01-05 19:41:12.0000000""}]}}"
2074,2074,2023-03-27 14:31:57.5295093,172,Info,Microsoft-Windows-Kernel-Power,System,4,388,DESKTOP-887GK2L,17,S-1-5-18,,,,,,,,,,,False,C:\Users\turan\Desktop\defense-work-evtx-files\System.evtx,0x8000000000000404,0,"{""EventData"":{""Data"":[{""@Name"":""State"",""#text"":""2""},{""@Name"":""Reason"",""#text"":""6""}]}}"
