RecordNumber,EventRecordId,TimeCreated,EventId,Level,Provider,Channel,ProcessId,ThreadId,Computer,ChunkNumber,UserId,MapDescription,UserName,RemoteHost,PayloadData1,PayloadData2,PayloadData3,PayloadData4,PayloadData5,PayloadData6,ExecutableInfo,HiddenRecord,SourceFile,Keywords,ExtraDataOffset,Payload
1,1,2023-02-01 00:40:18.3956821,6009,Info,EventLog,System,0,0,WIN-5OGN97SDH8J,0,,,,,,,,,,,,False,C:\Users\turan\Desktop\defense-work-evtx-files\System.evtx,0x80000000000000,0,"{""EventData"":{""Data"":""10.00., 19044, Multiprocessor Free, 0"",""Binary"":""""}}"
2,2,2023-02-01 00:40:18.3956821,6005,Info,EventLog,System,0,0,WIN-5OGN97SDH8J,0,,The Event log service was started,,,Computer: WIN-5OGN97SDH8J,,,,,,,False,C:\Users\turan\Desktop\defense-work-evtx-files\System.evtx,0x80000000000000,0,"{""EventData"":{""Data"":"""",""Binary"":""E7-07-02-00-03-00-01-00-00-00-28-00-12-00-8B-01-00-00-00-00-00-00-00-00""}}"
3,3,2023-02-01 00:40:06.5425652,12,Info,Microsoft-Windows-Kernel-General,System,4,8,WIN-5OGN97SDH8J,0,S-1-5-18,OS was started,,,StartTime: 2023-02-01 00:40:06.5000000,BootMode: Normal boot,,,,,,False,C:\Users\turan\Desktop\defense-work-evtx-files\System.evtx,State,0,"{""EventData"":{""Data"":[{""@Name"":""MajorVersion"",""#text"":""10""},{""@Name"":""MinorVersion"",""#text"":""0""},{""@Name"":""BuildVersion"",""#text"":""19041""},{""@Name"":""QfeVersion"",""#text"":""1288""},{""@Name"":""ServiceVersion"",""#text"":""0""},{""@Name"":""BootMode"",""#text"":""0""},{""@Name"":""StartTime"",""#text"":""2023-02-01 00:40:06.5000000""}]}}"
4,4,2023-02-01 00:40:06.5426139,153,Info,Microsoft-Windows-Kernel-Boot,System,4,8,WIN-5OGN97SDH8J,0,S-1-5-18,,,,,,,,,,,False,C:\Users\turan\Desktop\defense-work-evtx-files\System.evtx,Classic,0,"{""EventData"":{""Data"":[{""@Name"":""Status"",""#text"":""0""},{""@Name"":""EnableDisableReason"",""#text"":""0""},{""@Name"":""VsmPolicy"",""#text"":""0""}]}}"
5,5,2023-02-01 00:40:06.5427735,238,Info,Microsoft-Windows-Kernel-Boot,System,4,8,WIN-5OGN97SDH8J,0,S-1-5-18,,,,,,,,,,,False,C:\Users\turan\Desktop\defense-work-evtx-files\System.evtx,Classic,0,"{""EventData"":{""Data"":[{""@Name"":""EfiTimeZoneBias"",""#text"":""2047""},{""@Name"":""EfiDaylightFlags"",""#text"":""0""}]}}"
6,6,2023-02-01 00:40:06.5427738,25,Info,Microsoft-Windows-Kernel-Boot,System,4,8,WIN-5OGN97SDH8J,0,S-1-5-18,,,,,,,,,,,False,C:\Users\turan\Desktop\defense-work-evtx-files\System.evtx,Classic,0,"{""EventData"":{""Data"":{""@Name"":""BootMenuPolicy"",""#text"":""1""}}}"
7,7,2023-02-01 00:40:06.5427740,27,Info,Microsoft-Windows-Kernel-Boot,System,4,8,WIN-5OGN97SDH8J,0,S-1-5-18,,,,,,,,,,,False,C:\Users\turan\Desktop\defense-work-evtx-files\System.evtx,Classic,0,"{""EventData"":{""Data"":[{""@Name"":""BootType"",""#text"":""0""},{""@Name"":""LoadOptions"",""#text"":"" NOEXECUTE=OPTIN""}]}}"
8,8,2023-02-01 00:40:06.5427981,18,Info,Microsoft-Windows-Kernel-Boot,System,4,8,WIN-5OGN97SDH8J,0,S-1-5-18,,,,,,,,,,,False,C:\Users\turan\Desktop\defense-work-evtx-files\System.evtx,Classic,0,"{""EventData"":{""Data"":{""@Name"":""EntryCount"",""#text"":""1""}}}"
9,9,2023-02-01 00:40:06.5428098,32,Info,Microsoft-Windows-Kernel-Boot,System,4,8,WIN-5OGN97SDH8J,0,S-1-5-18,,,,,,,,,,,False,C:\Users\turan\Desktop\defense-work-evtx-files\System.evtx,Classic,0,"{""EventData"":{""Data"":{""@Name"":""BitlockerUserInputTime"",""#text"":""0""}}}"
10,10,2023-02-01 00:40:06.5996267,20,Info,Microsoft-Windows-Kernel-General,System,4,8,WIN-5OGN97SDH8J,0,S-1-5-18,,,,,,,,,,,False,C:\Users\turan\Desktop\defense-work-evtx-files\System.evtx,Time,0,"{""EventData"":{""Data"":[{""@Name"":""UpdateReason"",""#text"":""0""},{""@Name"":""EnabledNew"",""#text"":""True""},{""@Name"":""CountNew"",""#text"":""0""},{""@Name"":""CountOld"",""#text"":""0""}]}}"
11,11,2023-02-01 00:40:06.6626326,16,Info,Microsoft-Windows-HAL,System,4,8,WIN-5OGN97SDH8J,0,S-1-5-18,,,,,,,,,,,False,C:\Users\turan\Desktop\defense-work-evtx-files\System.evtx,Classic,0,"{""EventData"":""""}"
12,12,2023-02-01 00:40:10.8760216,6,Info,Microsoft-Windows-FilterManager,System,4,8,WIN-5OGN97SDH8J,0,S-1-5-18,,,,,,,,,,,False,C:\Users\turan\Desktop\defense-work-evtx-files\System.evtx,Classic,0,"{""EventData"":{""Data"":[{""@Name"":""FinalStatus"",""#text"":""0x0""},{""@Name"":""DeviceVersionMajor"",""#text"":""10""},{""@Name"":""DeviceVersionMinor"",""#text"":""0""},{""@Name"":""DeviceNameLength"",""#text"":""8""},{""@Name"":""DeviceName"",""#text"":""FileInfo""},{""@Name"":""DeviceTime"",""#text"":""2062-12-22 21:21:06.0000000""}]}}"
13,13,2023-02-01 00:40:10.8766518,6,Info,Microsoft-Windows-FilterManager,System,4,8,WIN-5OGN97SDH8J,0,S-1-5-18,,,,,,,,,,,False,C:\Users\turan\Desktop\defense-work-evtx-files\System.evtx,Classic,0,"{""EventData"":{""Data"":[{""@Name"":""FinalStatus"",""#text"":""0x0""},{""@Name"":""DeviceVersionMajor"",""#text"":""10""},{""@Name"":""DeviceVersionMinor"",""#text"":""0""},{""@Name"":""DeviceNameLength"",""#text"":""3""},{""@Name"":""DeviceName"",""#text"":""Wof""},{""@Name"":""DeviceTime"",""#text"":""2024-08-23 06:35:41.0000000""}]}}"
14,14,2023-02-01 00:40:10.8773520,6,Info,Microsoft-Windows-FilterManager,System,4,8,WIN-5OGN97SDH8J,0,S-1-5-18,,,,,,,,,,,False,C:\Users\turan\Desktop\defense-work-evtx-files\System.evtx,Classic,0,"{""EventData"":{""Data"":[{""@Name"":""FinalStatus"",""#text"":""0x0""},{""@Name"":""DeviceVersionMajor"",""#text"":""10""},{""@Name"":""DeviceVersionMinor"",""#text"":""0""},{""@Name"":""DeviceNameLength"",""#text"":""8""},{""@Name"":""DeviceName"",""#text"":""WdFilter""},{""@Name"":""DeviceTime"",""#text"":""2066-04-08 20:52:09.0000000""}]}}"
15,15,2023-02-01 00:40:11.0979924,98,Info,Microsoft-Windows-Ntfs,System,4,344,WIN-5OGN97SDH8J,0,S-1-5-18,,,,,,,,,,,False,C:\Users\turan\Desktop\defense-work-evtx-files\System.evtx,0x8000000000000002,0,"{""EventData"":{""Data"":[{""@Name"":""DriveName"",""#text"":""C:""},{""@Name"":""DeviceName"",""#text"":""\\Device\\HarddiskVolume3""},{""@Name"":""CorruptionActionState"",""#text"":""0""}]}}"
16,16,2023-02-01 00:40:11.1352812,6,Info,Microsoft-Windows-FilterManager,System,4,8,WIN-5OGN97SDH8J,0,S-1-5-18,,,,,,,,,,,False,C:\Users\turan\Desktop\defense-work-evtx-files\System.evtx,Classic,0,"{""EventData"":{""Data"":[{""@Name"":""FinalStatus"",""#text"":""0x0""},{""@Name"":""DeviceVersionMajor"",""#text"":""10""},{""@Name"":""DeviceVersionMinor"",""#text"":""0""},{""@Name"":""DeviceNameLength"",""#text"":""9""},{""@Name"":""DeviceName"",""#text"":""FileCrypt""},{""@Name"":""DeviceTime"",""#text"":""2002-03-01 03:12:42.0000000""}]}}"
17,17,2023-02-01 00:40:11.2463089,6,Info,Microsoft-Windows-FilterManager,System,4,8,WIN-5OGN97SDH8J,0,S-1-5-18,,,,,,,,,,,False,C:\Users\turan\Desktop\defense-work-evtx-files\System.evtx,Classic,0,"{""EventData"":{""Data"":[{""@Name"":""FinalStatus"",""#text"":""0x0""},{""@Name"":""DeviceVersionMajor"",""#text"":""10""},{""@Name"":""DeviceVersionMinor"",""#text"":""0""},{""@Name"":""DeviceNameLength"",""#text"":""9""},{""@Name"":""DeviceName"",""#text"":""npsvctrig""},{""@Name"":""DeviceTime"",""#text"":""2025-01-05 18:41:12.0000000""}]}}"
18,18,2023-02-01 00:40:11.3066713,2,Info,Serial,System,4,372,WIN-5OGN97SDH8J,0,,,,,,,,,,,,False,C:\Users\turan\Desktop\defense-work-evtx-files\System.evtx,0x80000000000000,0,"{""EventData"":{""Data"":""\\Device\\Serial0, \\Device\\Serial0"",""Binary"":""00-00-08-00-02-00-30-00-00-00-00-00-02-00-06-40-0F-00-00-00-00-00-00-00-00-00-00-00-00-00-00-00-00-00-00-00-00-00-00-00-F8-03-00-00-00-00-00-00""}}"
19,19,2023-02-01 00:40:11.3608978,55,Info,Microsoft-Windows-Kernel-Processor-Power,System,4,288,WIN-5OGN97SDH8J,0,S-1-5-18,,,,,,,,,,,False,C:\Users\turan\Desktop\defense-work-evtx-files\System.evtx,Classic,0,"{""EventData"":{""Data"":[{""@Name"":""Group"",""#text"":""0""},{""@Name"":""Number"",""#text"":""0""},{""@Name"":""IdleStateCount"",""#text"":""1""},{""@Name"":""IdleImplementation"",""#text"":""1""},{""@Name"":""NominalFrequency"",""#text"":""3693""},{""@Name"":""MaximumPerformancePercent"",""#text"":""100""},{""@Name"":""MinimumPerformancePercent"",""#text"":""100""},{""@Name"":""MinimumThrottlePercent"",""#text"":""100""},{""@Name"":""PerformanceImplementation"",""#text"":""0""}]}}"
20,20,2023-02-01 00:40:11.3618870,55,Info,Microsoft-Windows-Kernel-Processor-Power,System,4,288,WIN-5OGN97SDH8J,0,S-1-5-18,,,,,,,,,,,False,C:\Users\turan\Desktop\defense-work-evtx-files\System.evtx,Classic,0,"{""EventData"":{""Data"":[{""@Name"":""Group"",""#text"":""0""},{""@Name"":""Number"",""#text"":""1""},{""@Name"":""IdleStateCount"",""#text"":""1""},{""@Name"":""IdleImplementation"",""#text"":""1""},{""@Name"":""NominalFrequency"",""#text"":""3693""},{""@Name"":""MaximumPerformancePercent"",""#text"":""100""},{""@Name"":""MinimumPerformancePercent"",""#text"":""100""},{""@Name"":""MinimumThrottlePercent"",""#text"":""100""},{""@Name"":""PerformanceImplementation"",""#text"":""0""}]}}"
21,21,2023-02-01 00:40:11.3625081,55,Info,Microsoft-Windows-Kernel-Processor-Power,System,4,288,WIN-5OGN97SDH8J,0,S-1-5-18,,,,,,,,,,,False,C:\Users\turan\Desktop\defense-work-evtx-files\System.evtx,Classic,0,"{""EventData"":{""Data"":[{""@Name"":""Group"",""#text"":""0""},{""@Name"":""Number"",""#text"":""2""},{""@Name"":""IdleStateCount"",""#text"":""1""},{""@Name"":""IdleImplementation"",""#text"":""1""},{""@Name"":""NominalFrequency"",""#text"":""3693""},{""@Name"":""MaximumPerformancePercent"",""#text"":""100""},{""@Name"":""MinimumPerformancePercent"",""#text"":""100""},{""@Name"":""MinimumThrottlePercent"",""#text"":""100""},{""@Name"":""PerformanceImplementation"",""#text"":""0""}]}}"
22,22,2023-02-01 00:40:11.3631199,55,Info,Microsoft-Windows-Kernel-Processor-Power,System,4,288,WIN-5OGN97SDH8J,0,S-1-5-18,,,,,,,,,,,False,C:\Users\turan\Desktop\defense-work-evtx-files\System.evtx,Classic,0,"{""EventData"":{""Data"":[{""@Name"":""Group"",""#text"":""0""},{""@Name"":""Number"",""#text"":""3""},{""@Name"":""IdleStateCount"",""#text"":""1""},{""@Name"":""IdleImplementation"",""#text"":""1""},{""@Name"":""NominalFrequency"",""#text"":""3693""},{""@Name"":""MaximumPerformancePercent"",""#text"":""100""},{""@Name"":""MinimumPerformancePercent"",""#text"":""100""},{""@Name"":""MinimumThrottlePercent"",""#text"":""100""},{""@Name"":""PerformanceImplementation"",""#text"":""0""}]}}"
23,23,2023-02-01 00:40:11.3637979,55,Info,Microsoft-Windows-Kernel-Processor-Power,System,4,288,WIN-5OGN97SDH8J,0,S-1-5-18,,,,,,,,,,,False,C:\Users\turan\Desktop\defense-work-evtx-files\System.evtx,Classic,0,"{""EventData"":{""Data"":[{""@Name"":""Group"",""#text"":""0""},{""@Name"":""Number"",""#text"":""4""},{""@Name"":""IdleStateCount"",""#text"":""1""},{""@Name"":""IdleImplementation"",""#text"":""1""},{""@Name"":""NominalFrequency"",""#text"":""3693""},{""@Name"":""MaximumPerformancePercent"",""#text"":""100""},{""@Name"":""MinimumPerformancePercent"",""#text"":""100""},{""@Name"":""MinimumThrottlePercent"",""#text"":""100""},{""@Name"":""PerformanceImplementation"",""#text"":""0""}]}}"
24,24,2023-02-01 00:40:11.3645064,55,Info,Microsoft-Windows-Kernel-Processor-Power,System,4,288,WIN-5OGN97SDH8J,0,S-1-5-18,,,,,,,,,,,False,C:\Users\turan\Desktop\defense-work-evtx-files\System.evtx,Classic,0,"{""EventData"":{""Data"":[{""@Name"":""Group"",""#text"":""0""},{""@Name"":""Number"",""#text"":""5""},{""@Name"":""IdleStateCount"",""#text"":""1""},{""@Name"":""IdleImplementation"",""#text"":""1""},{""@Name"":""NominalFrequency"",""#text"":""3693""},{""@Name"":""MaximumPerformancePercent"",""#text"":""100""},{""@Name"":""MinimumPerformancePercent"",""#text"":""100""},{""@Name"":""MinimumThrottlePercent"",""#text"":""100""},{""@Name"":""PerformanceImplementation"",""#text"":""0""}]}}"
25,25,2023-02-01 00:40:11.3651557,55,Info,Microsoft-Windows-Kernel-Processor-Power,System,4,288,WIN-5OGN97SDH8J,0,S-1-5-18,,,,,,,,,,,False,C:\Users\turan\Desktop\defense-work-evtx-files\System.evtx,Classic,0,"{""EventData"":{""Data"":[{""@Name"":""Group"",""#text"":""0""},{""@Name"":""Number"",""#text"":""6""},{""@Name"":""IdleStateCount"",""#text"":""1""},{""@Name"":""IdleImplementation"",""#text"":""1""},{""@Name"":""NominalFrequency"",""#text"":""3693""},{""@Name"":""MaximumPerformancePercent"",""#text"":""100""},{""@Name"":""MinimumPerformancePercent"",""#text"":""100""},{""@Name"":""MinimumThrottlePercent"",""#text"":""100""},{""@Name"":""PerformanceImplementation"",""#text"":""0""}]}}"
26,26,2023-02-01 00:40:11.3658068,55,Info,Microsoft-Windows-Kernel-Processor-Power,System,4,288,WIN-5OGN97SDH8J,0,S-1-5-18,,,,,,,,,,,False,C:\Users\turan\Desktop\defense-work-evtx-files\System.evtx,Classic,0,"{""EventData"":{""Data"":[{""@Name"":""Group"",""#text"":""0""},{""@Name"":""Number"",""#text"":""7""},{""@Name"":""IdleStateCount"",""#text"":""1""},{""@Name"":""IdleImplementation"",""#text"":""1""},{""@Name"":""NominalFrequency"",""#text"":""3693""},{""@Name"":""MaximumPerformancePercent"",""#text"":""100""},{""@Name"":""MinimumPerformancePercent"",""#text"":""100""},{""@Name"":""MinimumThrottlePercent"",""#text"":""100""},{""@Name"":""PerformanceImplementation"",""#text"":""0""}]}}"
27,27,2023-02-01 00:40:11.5005705,172,Info,Microsoft-Windows-Kernel-Power,System,4,372,WIN-5OGN97SDH8J,0,S-1-5-18,,,,,,,,,,,False,C:\Users\turan\Desktop\defense-work-evtx-files\System.evtx,0x8000000000000404,0,"{""EventData"":{""Data"":[{""@Name"":""State"",""#text"":""2""},{""@Name"":""Reason"",""#text"":""6""}]}}"
28,28,2023-02-01 00:40:12.1514836,24,Info,Microsoft-Windows-Kernel-General,System,140,472,WIN-5OGN97SDH8J,0,S-1-5-18,,,,,,,,,,,False,C:\Users\turan\Desktop\defense-work-evtx-files\System.evtx,Time,0,"{""EventData"":{""Data"":[{""@Name"":""ExitReason"",""#text"":""0""},{""@Name"":""CurrentBias"",""#text"":""480""},{""@Name"":""CurrentTimeZoneID"",""#text"":""1""},{""@Name"":""TimeZoneInfoCacheUpdated"",""#text"":""0""},{""@Name"":""FirstRefresh"",""#text"":""0""}]}}"
29,29,2023-02-01 00:40:12.4445530,14,Info,Microsoft-Windows-Wininit,System,588,592,WIN-5OGN97SDH8J,0,S-1-5-18,,,,,,,,,,,False,C:\Users\turan\Desktop\defense-work-evtx-files\System.evtx,0x4000000000000000,0,"{""EventData"":{""Data"":[{""@Name"":""Config"",""#text"":""0""},{""@Name"":""IsTestConfig"",""#text"":""0""}]}}"
30,30,2023-02-01 00:40:12.5982343,16962,Info,Microsoft-Windows-Directory-Services-SAM,System,752,756,WIN-5OGN97SDH8J,0,S-1-5-18,,,,,,,,,,,False,C:\Users\turan\Desktop\defense-work-evtx-files\System.evtx,Classic,0,"{""EventData"":{""@Name"":""SAMMSG_RESTRICT_REMOTE_SAM_DEFAULT_SD"",""Data"":{""@Name"":""Default SD String:"",""#text"":""O:SYG:SYD:(A;;RC;;;BA)""}}}"
31,31,2023-02-01 00:40:12.6094613,16977,Info,Microsoft-Windows-Directory-Services-SAM,System,752,756,WIN-5OGN97SDH8J,0,S-1-5-18,,,,,,,,,,,False,C:\Users\turan\Desktop\defense-work-evtx-files\System.evtx,Classic,0,"{""EventData"":{""@Name"":""SAMMSG_MINPWDLEN_SETTINGS_IN_EFFECT"",""Data"":[{""@Name"":""MinimumPasswordLength"",""#text"":""0""},{""@Name"":""RelaxMinimumPasswordLengthLimits"",""#text"":""0""},{""@Name"":""MinimumPasswordLengthAudit"",""#text"":""-1""}]}}"
32,32,2023-02-01 00:40:12.6094638,16983,Info,Microsoft-Windows-Directory-Services-SAM,System,752,756,WIN-5OGN97SDH8J,0,S-1-5-18,,,,,,,,,,,False,C:\Users\turan\Desktop\defense-work-evtx-files\System.evtx,Classic,0,"{""EventData"":{""@Name"":""SAMMSG_AUDIT_LEGACY_PWD_RPC_METHODS_OFF""}}"
33,33,2023-02-01 00:40:18.9736642,3261,Info,Workstation,System,0,0,WIN-5OGN97SDH8J,0,,,,,,,,,,,,False,C:\Users\turan\Desktop\defense-work-evtx-files\System.evtx,0x80000000000000,0,"{""EventData"":{""Data"":""WORKGROUP"",""Binary"":""""}}"
34,34,2023-02-01 00:40:18.0396363,16977,Info,Microsoft-Windows-Directory-Services-SAM,System,752,868,WIN-5OGN97SDH8J,0,S-1-5-18,,,,,,,,,,,False,C:\Users\turan\Desktop\defense-work-evtx-files\System.evtx,Classic,0,"{""EventData"":{""@Name"":""SAMMSG_MINPWDLEN_SETTINGS_IN_EFFECT"",""Data"":[{""@Name"":""MinimumPasswordLength"",""#text"":""0""},{""@Name"":""RelaxMinimumPasswordLengthLimits"",""#text"":""0""},{""@Name"":""MinimumPasswordLengthAudit"",""#text"":""-1""}]}}"
35,35,2023-02-01 00:40:18.3424843,16,Info,Microsoft-Windows-Kernel-General,System,872,1576,WIN-5OGN97SDH8J,0,S-1-5-18,,,,,,,,,,,False,C:\Users\turan\Desktop\defense-work-evtx-files\System.evtx,Classic,0,"{""EventData"":{""Data"":[{""@Name"":""HiveNameLength"",""#text"":""31""},{""@Name"":""HiveName"",""#text"":""\\SystemRoot\\System32\\Config\\BBI""},{""@Name"":""KeysUpdated"",""#text"":""1""},{""@Name"":""DirtyPages"",""#text"":""1""}]}}"
36,36,2023-02-01 00:40:18.4034655,6,Info,Microsoft-Windows-FilterManager,System,4,344,WIN-5OGN97SDH8J,0,S-1-5-18,,,,,,,,,,,False,C:\Users\turan\Desktop\defense-work-evtx-files\System.evtx,Classic,0,"{""EventData"":{""Data"":[{""@Name"":""FinalStatus"",""#text"":""0x0""},{""@Name"":""DeviceVersionMajor"",""#text"":""10""},{""@Name"":""DeviceVersionMinor"",""#text"":""0""},{""@Name"":""DeviceNameLength"",""#text"":""5""},{""@Name"":""DeviceName"",""#text"":""wcifs""},{""@Name"":""DeviceTime"",""#text"":""2080-03-16 04:57:52.0000000""}]}}"
37,37,2023-02-01 00:40:18.4116621,6,Info,Microsoft-Windows-FilterManager,System,4,1228,WIN-5OGN97SDH8J,0,S-1-5-18,,,,,,,,,,,False,C:\Users\turan\Desktop\defense-work-evtx-files\System.evtx,Classic,0,"{""EventData"":{""Data"":[{""@Name"":""FinalStatus"",""#text"":""0x0""},{""@Name"":""DeviceVersionMajor"",""#text"":""10""},{""@Name"":""DeviceVersionMinor"",""#text"":""0""},{""@Name"":""DeviceNameLength"",""#text"":""5""},{""@Name"":""DeviceName"",""#text"":""luafv""},{""@Name"":""DeviceTime"",""#text"":""2041-09-18 21:13:33.0000000""}]}}"
38,38,2023-02-01 00:40:18.4218462,6,Info,Microsoft-Windows-FilterManager,System,4,1228,WIN-5OGN97SDH8J,0,S-1-5-18,,,,,,,,,,,False,C:\Users\turan\Desktop\defense-work-evtx-files\System.evtx,Classic,0,"{""EventData"":{""Data"":[{""@Name"":""FinalStatus"",""#text"":""0x0""},{""@Name"":""DeviceVersionMajor"",""#text"":""10""},{""@Name"":""DeviceVersionMinor"",""#text"":""0""},{""@Name"":""DeviceNameLength"",""#text"":""6""},{""@Name"":""DeviceName"",""#text"":""CldFlt""},{""@Name"":""DeviceTime"",""#text"":""2033-11-18 18:49:10.0000000""}]}}"
39,39,2023-02-01 00:40:18.4218725,1,Info,Microsoft-Windows-FilterManager,System,4,1228,WIN-5OGN97SDH8J,0,S-1-5-18,,,,,,,,,,,False,C:\Users\turan\Desktop\defense-work-evtx-files\System.evtx,Classic,0,"{""EventData"":{""Data"":[{""@Name"":""FinalStatus"",""#text"":""0x0""},{""@Name"":""DeviceVersionMajor"",""#text"":""10""},{""@Name"":""DeviceVersionMinor"",""#text"":""0""},{""@Name"":""DeviceNameLength"",""#text"":""6""},{""@Name"":""DeviceName"",""#text"":""CldFlt""},{""@Name"":""DeviceTime"",""#text"":""2033-11-18 18:49:10.0000000""}]}}"
40,40,2023-02-01 00:40:18.4219060,6,Info,Microsoft-Windows-FilterManager,System,4,1228,WIN-5OGN97SDH8J,0,S-1-5-18,,,,,,,,,,,False,C:\Users\turan\Desktop\defense-work-evtx-files\System.evtx,Classic,0,"{""EventData"":{""Data"":[{""@Name"":""FinalStatus"",""#text"":""0x0""},{""@Name"":""DeviceVersionMajor"",""#text"":""10""},{""@Name"":""DeviceVersionMinor"",""#text"":""0""},{""@Name"":""DeviceNameLength"",""#text"":""6""},{""@Name"":""DeviceName"",""#text"":""CldFlt""},{""@Name"":""DeviceTime"",""#text"":""2033-11-18 18:49:10.0000000""}]}}"
41,41,2023-02-01 00:40:18.4244686,6,Info,Microsoft-Windows-FilterManager,System,4,1228,WIN-5OGN97SDH8J,0,S-1-5-18,,,,,,,,,,,False,C:\Users\turan\Desktop\defense-work-evtx-files\System.evtx,Classic,0,"{""EventData"":{""Data"":[{""@Name"":""FinalStatus"",""#text"":""0x0""},{""@Name"":""DeviceVersionMajor"",""#text"":""10""},{""@Name"":""DeviceVersionMinor"",""#text"":""0""},{""@Name"":""DeviceNameLength"",""#text"":""10""},{""@Name"":""DeviceName"",""#text"":""storqosflt""},{""@Name"":""DeviceTime"",""#text"":""2007-04-09 10:08:30.0000000""}]}}"
42,42,2023-02-01 00:40:18.4280701,6,Info,Microsoft-Windows-FilterManager,System,4,1228,WIN-5OGN97SDH8J,0,S-1-5-18,,,,,,,,,,,False,C:\Users\turan\Desktop\defense-work-evtx-files\System.evtx,Classic,0,"{""EventData"":{""Data"":[{""@Name"":""FinalStatus"",""#text"":""0x0""},{""@Name"":""DeviceVersionMajor"",""#text"":""10""},{""@Name"":""DeviceVersionMinor"",""#text"":""0""},{""@Name"":""DeviceNameLength"",""#text"":""7""},{""@Name"":""DeviceName"",""#text"":""bindflt""},{""@Name"":""DeviceTime"",""#text"":""2070-08-23 01:34:13.0000000""}]}}"
43,43,2023-02-01 00:40:18.4323141,50036,Info,Microsoft-Windows-Dhcp-Client,System,1820,1844,WIN-5OGN97SDH8J,0,S-1-5-19,,,,,,,,,,,False,C:\Users\turan\Desktop\defense-work-evtx-files\System.evtx,0x2000000000000000,0,"{""EventData"":""""}"
44,44,2023-02-01 00:40:18.4323512,50103,Info,Microsoft-Windows-Dhcp-Client,System,1820,1844,WIN-5OGN97SDH8J,0,S-1-5-19,,,,,,,,,,,False,C:\Users\turan\Desktop\defense-work-evtx-files\System.evtx,0x2000000000000000,0,"{""EventData"":""""}"
45,45,2023-02-01 00:40:18.4392876,51046,Info,Microsoft-Windows-DHCPv6-Client,System,1820,2004,WIN-5OGN97SDH8J,0,S-1-5-19,,,,,,,,,,,False,C:\Users\turan\Desktop\defense-work-evtx-files\System.evtx,0x2000000000000000,0,"{""EventData"":""""}"
46,46,2023-02-01 00:40:18.4736054,7023,Error,Service Control Manager,System,704,820,WIN-5OGN97SDH8J,0,,,,,,,,,,,,False,C:\Users\turan\Desktop\defense-work-evtx-files\System.evtx,"Audit success, classic",0,"{""EventData"":{""Data"":[{""@Name"":""param1"",""#text"":""netprofm""},{""@Name"":""param2"",""#text"":""%%21""}],""Binary"":""6E-00-65-00-74-00-70-00-72-00-6F-00-66-00-6D-00-00-00""}}"
47,47,2023-02-01 00:40:18.9736642,7026,Info,Service Control Manager,System,704,708,WIN-5OGN97SDH8J,0,,,,,,,,,,,,False,C:\Users\turan\Desktop\defense-work-evtx-files\System.evtx,"Audit success, classic",0,"{""EventData"":{""Data"":{""@Name"":""param1"",""#text"":"", CSC, dam""}}}"
48,48,2023-02-01 00:40:19.0204941,7045,Info,Service Control Manager,System,704,824,WIN-5OGN97SDH8J,0,S-1-5-18,A new service was installed in the system,,,Name: Intel(R) PRO/1000 PCI Express Network Connection Driver I,StartType: demand start,"Account: ",,,,\SystemRoot\System32\drivers\e1i65x64.sys,False,C:\Users\turan\Desktop\defense-work-evtx-files\System.evtx,"Audit success, classic",0,"{""EventData"":{""Data"":[{""@Name"":""ServiceName"",""#text"":""Intel(R) PRO/1000 PCI Express Network Connection Driver I""},{""@Name"":""ImagePath"",""#text"":""\\SystemRoot\\System32\\drivers\\e1i65x64.sys""},{""@Name"":""ServiceType"",""#text"":""kernel mode driver""},{""@Name"":""StartType"",""#text"":""demand start""},{""@Name"":""AccountName""}]}}"
49,49,2023-02-01 00:40:19.3253408,20003,Info,Microsoft-Windows-UserPnp,System,3224,3272,WIN-5OGN97SDH8J,0,S-1-5-18,Service installation,,,ServiceName: Serial,AddServiceStatus: Unknown code (0),,UpdateService: True,PrimaryService: True,DeviceInstanceID: ACPI\PNP0501\1,\SystemRoot\system32\DRIVERS\serial.sys,False,C:\Users\turan\Desktop\defense-work-evtx-files\System.evtx,Classic,0,"{""UserData"":{""AddServiceID"":{""ServiceName"":""Serial"",""DriverFileName"":""\\SystemRoot\\system32\\DRIVERS\\serial.sys"",""DeviceInstanceID"":""ACPI\\PNP0501\\1"",""PrimaryService"":""True"",""UpdateService"":""True"",""AddServiceStatus"":""0""}}}"
50,50,2023-02-01 00:40:19.3308328,20003,Info,Microsoft-Windows-UserPnp,System,3224,3272,WIN-5OGN97SDH8J,0,S-1-5-18,Service installation,,,ServiceName: Serenum,AddServiceStatus: Unknown code (0),,UpdateService: True,PrimaryService: False,DeviceInstanceID: ACPI\PNP0501\1,\SystemRoot\system32\DRIVERS\serenum.sys,False,C:\Users\turan\Desktop\defense-work-evtx-files\System.evtx,Classic,0,"{""UserData"":{""AddServiceID"":{""ServiceName"":""Serenum"",""DriverFileName"":""\\SystemRoot\\system32\\DRIVERS\\serenum.sys"",""DeviceInstanceID"":""ACPI\\PNP0501\\1"",""PrimaryService"":""False"",""UpdateService"":""True"",""AddServiceStatus"":""0""}}}"
51,51,2023-02-01 00:40:19.8760627,16,Info,Microsoft-Windows-Kernel-General,System,4168,4608,WIN-5OGN97SDH8J,0,S-1-5-18,,,,,,,,,,,False,C:\Users\turan\Desktop\defense-work-evtx-files\System.evtx,Classic,0,"{""EventData"":{""Data"":[{""@Name"":""HiveNameLength"",""#text"":""162""},{""@Name"":""HiveName"",""#text"":""\\??\\C:\\ProgramData\\Microsoft\\Windows\\AppRepository\\Packages\\1527c705-839a-4832-9118-54d4Bd6a0c89_10.0.19041.1023_neutral_neutral_cw5n1h2txyewy\\ActivationStore.dat""},{""@Name"":""KeysUpdated"",""#text"":""0""},{""@Name"":""DirtyPages"",""#text"":""0""}]}}"
52,52,2023-02-01 00:40:20.0052118,16,Info,Microsoft-Windows-Kernel-General,System,4168,4608,WIN-5OGN97SDH8J,0,S-1-5-18,,,,,,,,,,,False,C:\Users\turan\Desktop\defense-work-evtx-files\System.evtx,Classic,0,"{""EventData"":{""Data"":[{""@Name"":""HiveNameLength"",""#text"":""162""},{""@Name"":""HiveName"",""#text"":""\\??\\C:\\ProgramData\\Microsoft\\Windows\\AppRepository\\Packages\\c5e2524a-ea46-4f67-841f-6a9465d9d515_10.0.19041.1023_neutral_neutral_cw5n1h2txyewy\\ActivationStore.dat""},{""@Name"":""KeysUpdated"",""#text"":""0""},{""@Name"":""DirtyPages"",""#text"":""0""}]}}"
53,53,2023-02-01 00:40:20.1362654,16,Info,Microsoft-Windows-Kernel-General,System,4168,4608,WIN-5OGN97SDH8J,0,S-1-5-18,,,,,,,,,,,False,C:\Users\turan\Desktop\defense-work-evtx-files\System.evtx,Classic,0,"{""EventData"":{""Data"":[{""@Name"":""HiveNameLength"",""#text"":""162""},{""@Name"":""HiveName"",""#text"":""\\??\\C:\\ProgramData\\Microsoft\\Windows\\AppRepository\\Packages\\E2A4F912-2574-4A75-9BB0-0D023378592B_10.0.19041.1023_neutral_neutral_cw5n1h2txyewy\\ActivationStore.dat""},{""@Name"":""KeysUpdated"",""#text"":""0""},{""@Name"":""DirtyPages"",""#text"":""0""}]}}"
54,54,2023-02-01 00:40:20.2477884,16,Info,Microsoft-Windows-Kernel-General,System,4168,4608,WIN-5OGN97SDH8J,0,S-1-5-18,,,,,,,,,,,False,C:\Users\turan\Desktop\defense-work-evtx-files\System.evtx,Classic,0,"{""EventData"":{""Data"":[{""@Name"":""HiveNameLength"",""#text"":""162""},{""@Name"":""HiveName"",""#text"":""\\??\\C:\\ProgramData\\Microsoft\\Windows\\AppRepository\\Packages\\F46D4000-FD22-4DB4-AC8E-4E1DDDE828FE_10.0.19041.1023_neutral_neutral_cw5n1h2txyewy\\ActivationStore.dat""},{""@Name"":""KeysUpdated"",""#text"":""0""},{""@Name"":""DirtyPages"",""#text"":""0""}]}}"
55,55,2023-02-01 00:40:20.5591134,16,Info,Microsoft-Windows-Kernel-General,System,4168,4608,WIN-5OGN97SDH8J,0,S-1-5-18,,,,,,,,,,,False,C:\Users\turan\Desktop\defense-work-evtx-files\System.evtx,Classic,0,"{""EventData"":{""Data"":[{""@Name"":""HiveNameLength"",""#text"":""154""},{""@Name"":""HiveName"",""#text"":""\\??\\C:\\ProgramData\\Microsoft\\Windows\\AppRepository\\Packages\\Microsoft.AAD.BrokerPlugin_1000.19041.1023.0_neutral_neutral_cw5n1h2txyewy\\ActivationStore.dat""},{""@Name"":""KeysUpdated"",""#text"":""0""},{""@Name"":""DirtyPages"",""#text"":""0""}]}}"
56,56,2023-02-01 00:40:20.6886790,16,Info,Microsoft-Windows-Kernel-General,System,4168,4608,WIN-5OGN97SDH8J,0,S-1-5-18,,,,,,,,,,,False,C:\Users\turan\Desktop\defense-work-evtx-files\System.evtx,Classic,0,"{""EventData"":{""Data"":[{""@Name"":""HiveNameLength"",""#text"":""144""},{""@Name"":""HiveName"",""#text"":""\\??\\C:\\ProgramData\\Microsoft\\Windows\\AppRepository\\Packages\\Microsoft.AccountsControl_10.0.19041.1023_neutral__cw5n1h2txyewy\\ActivationStore.dat""},{""@Name"":""KeysUpdated"",""#text"":""0""},{""@Name"":""DirtyPages"",""#text"":""0""}]}}"
57,57,2023-02-01 00:40:20.7392887,7045,Info,Service Control Manager,System,704,1596,WIN-5OGN97SDH8J,0,S-1-5-18,A new service was installed in the system,,,Name: Microsoft Edge Elevation Service (MicrosoftEdgeElevationService),StartType: demand start,Account: LocalSystem,,,,"""C:\Program Files (x86)\Microsoft\Edge\Application\92.0.902.67\elevation_service.exe""",False,C:\Users\turan\Desktop\defense-work-evtx-files\System.evtx,"Audit success, classic",0,"{""EventData"":{""Data"":[{""@Name"":""ServiceName"",""#text"":""Microsoft Edge Elevation Service (MicrosoftEdgeElevationService)""},{""@Name"":""ImagePath"",""#text"":""\""C:\\Program Files (x86)\\Microsoft\\Edge\\Application\\92.0.902.67\\elevation_service.exe\""""},{""@Name"":""ServiceType"",""#text"":""user mode service""},{""@Name"":""StartType"",""#text"":""demand start""},{""@Name"":""AccountName"",""#text"":""LocalSystem""}]}}"
58,58,2023-02-01 00:40:20.8107232,16,Info,Microsoft-Windows-Kernel-General,System,4168,4608,WIN-5OGN97SDH8J,0,S-1-5-18,,,,,,,,,,,False,C:\Users\turan\Desktop\defense-work-evtx-files\System.evtx,Classic,0,"{""EventData"":{""Data"":[{""@Name"":""HiveNameLength"",""#text"":""145""},{""@Name"":""HiveName"",""#text"":""\\??\\C:\\ProgramData\\Microsoft\\Windows\\AppRepository\\Packages\\Microsoft.AsyncTextService_10.0.19041.1023_neutral__8wekyb3d8bbwe\\ActivationStore.dat""},{""@Name"":""KeysUpdated"",""#text"":""0""},{""@Name"":""DirtyPages"",""#text"":""0""}]}}"
59,59,2023-02-01 00:40:20.9173422,16,Info,Microsoft-Windows-Kernel-General,System,4168,4608,WIN-5OGN97SDH8J,0,S-1-5-18,,,,,,,,,,,False,C:\Users\turan\Desktop\defense-work-evtx-files\System.evtx,Classic,0,"{""EventData"":{""Data"":[{""@Name"":""HiveNameLength"",""#text"":""142""},{""@Name"":""HiveName"",""#text"":""\\??\\C:\\ProgramData\\Microsoft\\Windows\\AppRepository\\Packages\\Microsoft.BioEnrollment_10.0.19041.1023_neutral__cw5n1h2txyewy\\ActivationStore.dat""},{""@Name"":""KeysUpdated"",""#text"":""0""},{""@Name"":""DirtyPages"",""#text"":""0""}]}}"
60,60,2023-02-01 00:40:21.0306476,16,Info,Microsoft-Windows-Kernel-General,System,4168,4608,WIN-5OGN97SDH8J,0,S-1-5-18,,,,,,,,,,,False,C:\Users\turan\Desktop\defense-work-evtx-files\System.evtx,Classic,0,"{""EventData"":{""Data"":[{""@Name"":""HiveNameLength"",""#text"":""143""},{""@Name"":""HiveName"",""#text"":""\\??\\C:\\ProgramData\\Microsoft\\Windows\\AppRepository\\Packages\\Microsoft.CredDialogHost_10.0.19041.1023_neutral__cw5n1h2txyewy\\ActivationStore.dat""},{""@Name"":""KeysUpdated"",""#text"":""0""},{""@Name"":""DirtyPages"",""#text"":""0""}]}}"
61,61,2023-02-01 00:40:21.2263279,16,Info,Microsoft-Windows-Kernel-General,System,4168,4608,WIN-5OGN97SDH8J,0,S-1-5-18,,,,,,,,,,,False,C:\Users\turan\Desktop\defense-work-evtx-files\System.evtx,Classic,0,"{""EventData"":{""Data"":[{""@Name"":""HiveNameLength"",""#text"":""134""},{""@Name"":""HiveName"",""#text"":""\\??\\C:\\ProgramData\\Microsoft\\Windows\\AppRepository\\Packages\\Microsoft.ECApp_10.0.19041.1023_neutral__8wekyb3d8bbwe\\ActivationStore.dat""},{""@Name"":""KeysUpdated"",""#text"":""0""},{""@Name"":""DirtyPages"",""#text"":""0""}]}}"
62,62,2023-02-01 00:40:21.3555625,16,Info,Microsoft-Windows-Kernel-General,System,4168,4608,WIN-5OGN97SDH8J,0,S-1-5-18,,,,,,,,,,,False,C:\Users\turan\Desktop\defense-work-evtx-files\System.evtx,Classic,0,"{""EventData"":{""Data"":[{""@Name"":""HiveNameLength"",""#text"":""136""},{""@Name"":""HiveName"",""#text"":""\\??\\C:\\ProgramData\\Microsoft\\Windows\\AppRepository\\Packages\\Microsoft.LockApp_10.0.19041.1023_neutral__cw5n1h2txyewy\\ActivationStore.dat""},{""@Name"":""KeysUpdated"",""#text"":""0""},{""@Name"":""DirtyPages"",""#text"":""0""}]}}"
63,63,2023-02-01 00:40:21.5937617,16,Info,Microsoft-Windows-Kernel-General,System,4168,4612,WIN-5OGN97SDH8J,0,S-1-5-18,,,,,,,,,,,False,C:\Users\turan\Desktop\defense-work-evtx-files\System.evtx,Classic,0,"{""EventData"":{""Data"":[{""@Name"":""HiveNameLength"",""#text"":""142""},{""@Name"":""HiveName"",""#text"":""\\??\\C:\\ProgramData\\Microsoft\\Windows\\AppRepository\\Packages\\Microsoft.MicrosoftEdge_44.19041.1266.0_neutral__8wekyb3d8bbwe\\ActivationStore.dat""},{""@Name"":""KeysUpdated"",""#text"":""0""},{""@Name"":""DirtyPages"",""#text"":""0""}]}}"
64,64,2023-02-01 00:40:21.7291412,16,Info,Microsoft-Windows-Kernel-General,System,4168,4612,WIN-5OGN97SDH8J,0,S-1-5-18,,,,,,,,,,,False,C:\Users\turan\Desktop\defense-work-evtx-files\System.evtx,Classic,0,"{""EventData"":{""Data"":[{""@Name"":""HiveNameLength"",""#text"":""152""},{""@Name"":""HiveName"",""#text"":""\\??\\C:\\ProgramData\\Microsoft\\Windows\\AppRepository\\Packages\\Microsoft.Win32WebViewHost_10.0.19041.1023_neutral_neutral_cw5n1h2txyewy\\ActivationStore.dat""},{""@Name"":""KeysUpdated"",""#text"":""0""},{""@Name"":""DirtyPages"",""#text"":""0""}]}}"
65,65,2023-02-01 00:40:21.8450384,16,Info,Microsoft-Windows-Kernel-General,System,4168,4612,WIN-5OGN97SDH8J,0,S-1-5-18,,,,,,,,,,,False,C:\Users\turan\Desktop\defense-work-evtx-files\System.evtx,Classic,0,"{""EventData"":{""Data"":[{""@Name"":""HiveNameLength"",""#text"":""159""},{""@Name"":""HiveName"",""#text"":""\\??\\C:\\ProgramData\\Microsoft\\Windows\\AppRepository\\Packages\\Microsoft.Windows.Apprep.ChxApp_1000.19041.1023.0_neutral_neutral_cw5n1h2txyewy\\ActivationStore.dat""},{""@Name"":""KeysUpdated"",""#text"":""0""},{""@Name"":""DirtyPages"",""#text"":""0""}]}}"
66,66,2023-02-01 00:40:21.8517671,16,Info,Microsoft-Windows-Kernel-General,System,2808,2276,WIN-5OGN97SDH8J,0,S-1-5-18,,,,,,,,,,,False,C:\Users\turan\Desktop\defense-work-evtx-files\System.evtx,Classic,0,"{""EventData"":{""Data"":[{""@Name"":""HiveNameLength"",""#text"":""35""},{""@Name"":""HiveName"",""#text"":""\\??\\C:\\Windows\\system32\\Config\\Elam""},{""@Name"":""KeysUpdated"",""#text"":""1""},{""@Name"":""DirtyPages"",""#text"":""1""}]}}"
67,67,2023-02-01 00:40:21.9630051,16,Info,Microsoft-Windows-Kernel-General,System,4168,4612,WIN-5OGN97SDH8J,0,S-1-5-18,,,,,,,,,,,False,C:\Users\turan\Desktop\defense-work-evtx-files\System.evtx,Classic,0,"{""EventData"":{""Data"":[{""@Name"":""HiveNameLength"",""#text"":""167""},{""@Name"":""HiveName"",""#text"":""\\??\\C:\\ProgramData\\Microsoft\\Windows\\AppRepository\\Packages\\Microsoft.Windows.AssignedAccessLockApp_1000.19041.1023.0_neutral_neutral_cw5n1h2txyewy\\ActivationStore.dat""},{""@Name"":""KeysUpdated"",""#text"":""0""},{""@Name"":""DirtyPages"",""#text"":""0""}]}}"
68,68,2023-02-01 00:40:22.0691652,16,Info,Microsoft-Windows-Kernel-General,System,4168,4612,WIN-5OGN97SDH8J,0,S-1-5-18,,,,,,,,,,,False,C:\Users\turan\Desktop\defense-work-evtx-files\System.evtx,Classic,0,"{""EventData"":{""Data"":[{""@Name"":""HiveNameLength"",""#text"":""161""},{""@Name"":""HiveName"",""#text"":""\\??\\C:\\ProgramData\\Microsoft\\Windows\\AppRepository\\Packages\\Microsoft.Windows.CallingShellApp_1000.19041.1023.0_neutral_neutral_cw5n1h2txyewy\\ActivationStore.dat""},{""@Name"":""KeysUpdated"",""#text"":""0""},{""@Name"":""DirtyPages"",""#text"":""0""}]}}"
69,69,2023-02-01 00:40:22.1728938,16,Info,Microsoft-Windows-Kernel-General,System,4168,4612,WIN-5OGN97SDH8J,0,S-1-5-18,,,,,,,,,,,False,C:\Users\turan\Desktop\defense-work-evtx-files\System.evtx,Classic,0,"{""EventData"":{""Data"":[{""@Name"":""HiveNameLength"",""#text"":""150""},{""@Name"":""HiveName"",""#text"":""\\??\\C:\\ProgramData\\Microsoft\\Windows\\AppRepository\\Packages\\Microsoft.Windows.CapturePicker_10.0.19041.1023_neutral__cw5n1h2txyewy\\ActivationStore.dat""},{""@Name"":""KeysUpdated"",""#text"":""0""},{""@Name"":""DirtyPages"",""#text"":""0""}]}}"
70,70,2023-02-01 00:40:22.3002389,16,Info,Microsoft-Windows-Kernel-General,System,4168,4612,WIN-5OGN97SDH8J,0,S-1-5-18,,,,,,,,,,,False,C:\Users\turan\Desktop\defense-work-evtx-files\System.evtx,Classic,0,"{""EventData"":{""Data"":[{""@Name"":""HiveNameLength"",""#text"":""163""},{""@Name"":""HiveName"",""#text"":""\\??\\C:\\ProgramData\\Microsoft\\Windows\\AppRepository\\Packages\\Microsoft.Windows.CloudExperienceHost_10.0.19041.1266_neutral_neutral_cw5n1h2txyewy\\ActivationStore.dat""},{""@Name"":""KeysUpdated"",""#text"":""0""},{""@Name"":""DirtyPages"",""#text"":""0""}]}}"
71,71,2023-02-01 00:40:22.4347854,16,Info,Microsoft-Windows-Kernel-General,System,4168,4612,WIN-5OGN97SDH8J,0,S-1-5-18,,,,,,,,,,,False,C:\Users\turan\Desktop\defense-work-evtx-files\System.evtx,Classic,0,"{""EventData"":{""Data"":[{""@Name"":""HiveNameLength"",""#text"":""166""},{""@Name"":""HiveName"",""#text"":""\\??\\C:\\ProgramData\\Microsoft\\Windows\\AppRepository\\Packages\\Microsoft.Windows.ContentDeliveryManager_10.0.19041.1023_neutral_neutral_cw5n1h2txyewy\\ActivationStore.dat""},{""@Name"":""KeysUpdated"",""#text"":""0""},{""@Name"":""DirtyPages"",""#text"":""0""}]}}"
72,72,2023-02-01 00:40:22.5573400,16,Info,Microsoft-Windows-Kernel-General,System,4168,4612,WIN-5OGN97SDH8J,0,S-1-5-18,,,,,,,,,,,False,C:\Users\turan\Desktop\defense-work-evtx-files\System.evtx,Classic,0,"{""EventData"":{""Data"":[{""@Name"":""HiveNameLength"",""#text"":""162""},{""@Name"":""HiveName"",""#text"":""\\??\\C:\\ProgramData\\Microsoft\\Windows\\AppRepository\\Packages\\Microsoft.Windows.NarratorQuickStart_10.0.19041.1023_neutral_neutral_8wekyb3d8bbwe\\ActivationStore.dat""},{""@Name"":""KeysUpdated"",""#text"":""0""},{""@Name"":""DirtyPages"",""#text"":""0""}]}}"
73,73,2023-02-01 00:40:22.6625758,16,Info,Microsoft-Windows-Kernel-General,System,4168,4612,WIN-5OGN97SDH8J,0,S-1-5-18,,,,,,,,,,,False,C:\Users\turan\Desktop\defense-work-evtx-files\System.evtx,Classic,0,"{""EventData"":{""Data"":[{""@Name"":""HiveNameLength"",""#text"":""161""},{""@Name"":""HiveName"",""#text"":""\\??\\C:\\ProgramData\\Microsoft\\Windows\\AppRepository\\Packages\\Microsoft.Windows.OOBENetworkCaptivePortal_10.0.19041.1023_neutral__cw5n1h2txyewy\\ActivationStore.dat""},{""@Name"":""KeysUpdated"",""#text"":""0""},{""@Name"":""DirtyPages"",""#text"":""0""}]}}"
74,74,2023-02-01 00:40:22.7688446,16,Info,Microsoft-Windows-Kernel-General,System,4168,4612,WIN-5OGN97SDH8J,0,S-1-5-18,,,,,,,,,,,False,C:\Users\turan\Desktop\defense-work-evtx-files\System.evtx,Classic,0,"{""EventData"":{""Data"":[{""@Name"":""HiveNameLength"",""#text"":""162""},{""@Name"":""HiveName"",""#text"":""\\??\\C:\\ProgramData\\Microsoft\\Windows\\AppRepository\\Packages\\Microsoft.Windows.OOBENetworkConnectionFlow_10.0.19041.1023_neutral__cw5n1h2txyewy\\ActivationStore.dat""},{""@Name"":""KeysUpdated"",""#text"":""0""},{""@Name"":""DirtyPages"",""#text"":""0""}]}}"
75,75,2023-02-01 00:40:22.8806165,16,Info,Microsoft-Windows-Kernel-General,System,4168,4612,WIN-5OGN97SDH8J,0,S-1-5-18,,,,,,,,,,,False,C:\Users\turan\Desktop\defense-work-evtx-files\System.evtx,Classic,0,"{""EventData"":{""Data"":[{""@Name"":""HiveNameLength"",""#text"":""162""},{""@Name"":""HiveName"",""#text"":""\\??\\C:\\ProgramData\\Microsoft\\Windows\\AppRepository\\Packages\\Microsoft.Windows.ParentalControls_1000.19041.1023.0_neutral_neutral_cw5n1h2txyewy\\ActivationStore.dat""},{""@Name"":""KeysUpdated"",""#text"":""0""},{""@Name"":""DirtyPages"",""#text"":""0""}]}}"
76,76,2023-02-01 00:40:22.9942285,16,Info,Microsoft-Windows-Kernel-General,System,4168,4612,WIN-5OGN97SDH8J,0,S-1-5-18,,,,,,,,,,,False,C:\Users\turan\Desktop\defense-work-evtx-files\System.evtx,Classic,0,"{""EventData"":{""Data"":[{""@Name"":""HiveNameLength"",""#text"":""164""},{""@Name"":""HiveName"",""#text"":""\\??\\C:\\ProgramData\\Microsoft\\Windows\\AppRepository\\Packages\\Microsoft.Windows.PeopleExperienceHost_10.0.19041.1023_neutral_neutral_cw5n1h2txyewy\\ActivationStore.dat""},{""@Name"":""KeysUpdated"",""#text"":""0""},{""@Name"":""DirtyPages"",""#text"":""0""}]}}"
77,77,2023-02-01 00:40:23.0985291,16,Info,Microsoft-Windows-Kernel-General,System,4168,4612,WIN-5OGN97SDH8J,0,S-1-5-18,,,,,,,,,,,False,C:\Users\turan\Desktop\defense-work-evtx-files\System.evtx,Classic,0,"{""EventData"":{""Data"":[{""@Name"":""HiveNameLength"",""#text"":""164""},{""@Name"":""HiveName"",""#text"":""\\??\\C:\\ProgramData\\Microsoft\\Windows\\AppRepository\\Packages\\Microsoft.Windows.PinningConfirmationDialog_1000.19041.1023.0_neutral__cw5n1h2txyewy\\ActivationStore.dat""},{""@Name"":""KeysUpdated"",""#text"":""0""},{""@Name"":""DirtyPages"",""#text"":""0""}]}}"
78,78,2023-02-01 00:40:23.2154016,16,Info,Microsoft-Windows-Kernel-General,System,4168,4612,WIN-5OGN97SDH8J,0,S-1-5-18,,,,,,,,,,,False,C:\Users\turan\Desktop\defense-work-evtx-files\System.evtx,Classic,0,"{""EventData"":{""Data"":[{""@Name"":""HiveNameLength"",""#text"":""147""},{""@Name"":""HiveName"",""#text"":""\\??\\C:\\ProgramData\\Microsoft\\Windows\\AppRepository\\Packages\\Microsoft.Windows.Search_1.14.2.19041_neutral_neutral_cw5n1h2txyewy\\ActivationStore.dat""},{""@Name"":""KeysUpdated"",""#text"":""0""},{""@Name"":""DirtyPages"",""#text"":""0""}]}}"
79,79,2023-02-01 00:40:23.3451571,16,Info,Microsoft-Windows-Kernel-General,System,4168,4612,WIN-5OGN97SDH8J,0,S-1-5-18,,,,,,,,,,,False,C:\Users\turan\Desktop\defense-work-evtx-files\System.evtx,Classic,0,"{""EventData"":{""Data"":[{""@Name"":""HiveNameLength"",""#text"":""148""},{""@Name"":""HiveName"",""#text"":""\\??\\C:\\ProgramData\\Microsoft\\Windows\\AppRepository\\Packages\\Microsoft.Windows.SecHealthUI_10.0.19041.1023_neutral__cw5n1h2txyewy\\ActivationStore.dat""},{""@Name"":""KeysUpdated"",""#text"":""0""},{""@Name"":""DirtyPages"",""#text"":""0""}]}}"
80,80,2023-02-01 00:40:23.4812144,16,Info,Microsoft-Windows-Kernel-General,System,4168,4612,WIN-5OGN97SDH8J,0,S-1-5-18,,,,,,,,,,,False,C:\Users\turan\Desktop\defense-work-evtx-files\System.evtx,Classic,0,"{""EventData"":{""Data"":[{""@Name"":""HiveNameLength"",""#text"":""167""},{""@Name"":""HiveName"",""#text"":""\\??\\C:\\ProgramData\\Microsoft\\Windows\\AppRepository\\Packages\\Microsoft.Windows.SecureAssessmentBrowser_10.0.19041.1023_neutral_neutral_cw5n1h2txyewy\\ActivationStore.dat""},{""@Name"":""KeysUpdated"",""#text"":""0""},{""@Name"":""DirtyPages"",""#text"":""0""}]}}"
81,81,2023-02-01 00:40:23.6116833,16,Info,Microsoft-Windows-Kernel-General,System,4168,4612,WIN-5OGN97SDH8J,0,S-1-5-18,,,,,,,,,,,False,C:\Users\turan\Desktop\defense-work-evtx-files\System.evtx,Classic,0,"{""EventData"":{""Data"":[{""@Name"":""HiveNameLength"",""#text"":""163""},{""@Name"":""HiveName"",""#text"":""\\??\\C:\\ProgramData\\Microsoft\\Windows\\AppRepository\\Packages\\Microsoft.Windows.ShellExperienceHost_10.0.19041.1023_neutral_neutral_cw5n1h2txyewy\\ActivationStore.dat""},{""@Name"":""KeysUpdated"",""#text"":""0""},{""@Name"":""DirtyPages"",""#text"":""0""}]}}"
82,82,2023-02-01 00:40:23.7412535,16,Info,Microsoft-Windows-Kernel-General,System,4168,4612,WIN-5OGN97SDH8J,0,S-1-5-18,,,,,,,,,,,False,C:\Users\turan\Desktop\defense-work-evtx-files\System.evtx,Classic,0,"{""EventData"":{""Data"":[{""@Name"":""HiveNameLength"",""#text"":""167""},{""@Name"":""HiveName"",""#text"":""\\??\\C:\\ProgramData\\Microsoft\\Windows\\AppRepository\\Packages\\Microsoft.Windows.StartMenuExperienceHost_10.0.19041.1023_neutral_neutral_cw5n1h2txyewy\\ActivationStore.dat""},{""@Name"":""KeysUpdated"",""#text"":""0""},{""@Name"":""DirtyPages"",""#text"":""0""}]}}"
83,83,2023-02-01 00:40:23.8565193,16,Info,Microsoft-Windows-Kernel-General,System,4168,4612,WIN-5OGN97SDH8J,0,S-1-5-18,,,,,,,,,,,False,C:\Users\turan\Desktop\defense-work-evtx-files\System.evtx,Classic,0,"{""EventData"":{""Data"":[{""@Name"":""HiveNameLength"",""#text"":""159""},{""@Name"":""HiveName"",""#text"":""\\??\\C:\\ProgramData\\Microsoft\\Windows\\AppRepository\\Packages\\Microsoft.Windows.XGpuEjectDialog_10.0.19041.1023_neutral_neutral_cw5n1h2txyewy\\ActivationStore.dat""},{""@Name"":""KeysUpdated"",""#text"":""0""},{""@Name"":""DirtyPages"",""#text"":""0""}]}}"
84,84,2023-02-01 00:40:23.9667424,16,Info,Microsoft-Windows-Kernel-General,System,4168,4612,WIN-5OGN97SDH8J,0,S-1-5-18,,,,,,,,,,,False,C:\Users\turan\Desktop\defense-work-evtx-files\System.evtx,Classic,0,"{""EventData"":{""Data"":[{""@Name"":""HiveNameLength"",""#text"":""156""},{""@Name"":""HiveName"",""#text"":""\\??\\C:\\ProgramData\\Microsoft\\Windows\\AppRepository\\Packages\\Microsoft.XboxGameCallableUI_1000.19041.1023.0_neutral_neutral_cw5n1h2txyewy\\ActivationStore.dat""},{""@Name"":""KeysUpdated"",""#text"":""0""},{""@Name"":""DirtyPages"",""#text"":""0""}]}}"
85,85,2023-02-01 00:40:24.1133880,16,Info,Microsoft-Windows-Kernel-General,System,4168,4612,WIN-5OGN97SDH8J,0,S-1-5-18,,,,,,,,,,,False,C:\Users\turan\Desktop\defense-work-evtx-files\System.evtx,Classic,0,"{""EventData"":{""Data"":[{""@Name"":""HiveNameLength"",""#text"":""142""},{""@Name"":""HiveName"",""#text"":""\\??\\C:\\ProgramData\\Microsoft\\Windows\\AppRepository\\Packages\\MicrosoftWindows.Client.CBS_120.2212.3920.0_x64__cw5n1h2txyewy\\ActivationStore.dat""},{""@Name"":""KeysUpdated"",""#text"":""0""},{""@Name"":""DirtyPages"",""#text"":""0""}]}}"
86,86,2023-02-01 00:40:24.2383332,16,Info,Microsoft-Windows-Kernel-General,System,4168,4612,WIN-5OGN97SDH8J,0,S-1-5-18,,,,,,,,,,,False,C:\Users\turan\Desktop\defense-work-evtx-files\System.evtx,Classic,0,"{""EventData"":{""Data"":[{""@Name"":""HiveNameLength"",""#text"":""157""},{""@Name"":""HiveName"",""#text"":""\\??\\C:\\ProgramData\\Microsoft\\Windows\\AppRepository\\Packages\\MicrosoftWindows.UndockedDevKit_10.0.19041.1023_neutral_neutral_cw5n1h2txyewy\\ActivationStore.dat""},{""@Name"":""KeysUpdated"",""#text"":""0""},{""@Name"":""DirtyPages"",""#text"":""0""}]}}"
87,87,2023-02-01 00:40:24.3476439,16,Info,Microsoft-Windows-Kernel-General,System,4168,4612,WIN-5OGN97SDH8J,0,S-1-5-18,,,,,,,,,,,False,C:\Users\turan\Desktop\defense-work-evtx-files\System.evtx,Classic,0,"{""EventData"":{""Data"":[{""@Name"":""HiveNameLength"",""#text"":""138""},{""@Name"":""HiveName"",""#text"":""\\??\\C:\\ProgramData\\Microsoft\\Windows\\AppRepository\\Packages\\NcsiUwpApp_1000.19041.1023.0_neutral_neutral_8wekyb3d8bbwe\\ActivationStore.dat""},{""@Name"":""KeysUpdated"",""#text"":""0""},{""@Name"":""DirtyPages"",""#text"":""0""}]}}"
88,88,2023-02-01 00:40:24.4545475,16,Info,Microsoft-Windows-Kernel-General,System,4168,4612,WIN-5OGN97SDH8J,0,S-1-5-18,,,,,,,,,,,False,C:\Users\turan\Desktop\defense-work-evtx-files\System.evtx,Classic,0,"{""EventData"":{""Data"":[{""@Name"":""HiveNameLength"",""#text"":""144""},{""@Name"":""HiveName"",""#text"":""\\??\\C:\\ProgramData\\Microsoft\\Windows\\AppRepository\\Packages\\Windows.CBSPreview_10.0.19041.1023_neutral_neutral_cw5n1h2txyewy\\ActivationStore.dat""},{""@Name"":""KeysUpdated"",""#text"":""0""},{""@Name"":""DirtyPages"",""#text"":""0""}]}}"
89,89,2023-02-01 00:40:24.5561994,16,Info,Microsoft-Windows-Kernel-General,System,4168,4612,WIN-5OGN97SDH8J,0,S-1-5-18,,,,,,,,,,,False,C:\Users\turan\Desktop\defense-work-evtx-files\System.evtx,Classic,0,"{""EventData"":{""Data"":[{""@Name"":""HiveNameLength"",""#text"":""151""},{""@Name"":""HiveName"",""#text"":""\\??\\C:\\ProgramData\\Microsoft\\Windows\\AppRepository\\Packages\\windows.immersivecontrolpanel_10.0.2.1000_neutral_neutral_cw5n1h2txyewy\\ActivationStore.dat""},{""@Name"":""KeysUpdated"",""#text"":""0""},{""@Name"":""DirtyPages"",""#text"":""0""}]}}"
90,90,2023-02-01 00:40:24.6650267,16,Info,Microsoft-Windows-Kernel-General,System,4168,4612,WIN-5OGN97SDH8J,0,S-1-5-18,,,,,,,,,,,False,C:\Users\turan\Desktop\defense-work-evtx-files\System.evtx,Classic,0,"{""EventData"":{""Data"":[{""@Name"":""HiveNameLength"",""#text"":""137""},{""@Name"":""HiveName"",""#text"":""\\??\\C:\\ProgramData\\Microsoft\\Windows\\AppRepository\\Packages\\Windows.PrintDialog_6.2.1.0_neutral_neutral_cw5n1h2txyewy\\ActivationStore.dat""},{""@Name"":""KeysUpdated"",""#text"":""0""},{""@Name"":""DirtyPages"",""#text"":""0""}]}}"
91,91,2023-02-01 00:40:25.0104916,16,Info,Microsoft-Windows-Kernel-General,System,4168,4612,WIN-5OGN97SDH8J,0,S-1-5-18,,,,,,,,,,,False,C:\Users\turan\Desktop\defense-work-evtx-files\System.evtx,Classic,0,"{""EventData"":{""Data"":[{""@Name"":""HiveNameLength"",""#text"":""137""},{""@Name"":""HiveName"",""#text"":""\\??\\C:\\ProgramData\\Microsoft\\Windows\\AppRepository\\Packages\\Microsoft.549981C3F5F10_1.1911.21713.0_x64__8wekyb3d8bbwe\\ActivationStore.dat""},{""@Name"":""KeysUpdated"",""#text"":""0""},{""@Name"":""DirtyPages"",""#text"":""0""}]}}"
92,92,2023-02-01 00:40:25.1148854,16,Info,Microsoft-Windows-Kernel-General,System,4168,4612,WIN-5OGN97SDH8J,0,S-1-5-18,,,,,,,,,,,False,C:\Users\turan\Desktop\defense-work-evtx-files\System.evtx,Classic,0,"{""EventData"":{""Data"":[{""@Name"":""HiveNameLength"",""#text"":""147""},{""@Name"":""HiveName"",""#text"":""\\??\\C:\\ProgramData\\Microsoft\\Windows\\AppRepository\\Packages\\Microsoft.Services.Store.Engagement_10.0.18101.0_x86__8wekyb3d8bbwe\\ActivationStore.dat""},{""@Name"":""KeysUpdated"",""#text"":""0""},{""@Name"":""DirtyPages"",""#text"":""0""}]}}"
93,93,2023-02-01 00:40:25.2012424,16,Info,Microsoft-Windows-Kernel-General,System,4168,4612,WIN-5OGN97SDH8J,0,S-1-5-18,,,,,,,,,,,False,C:\Users\turan\Desktop\defense-work-evtx-files\System.evtx,Classic,0,"{""EventData"":{""Data"":[{""@Name"":""HiveNameLength"",""#text"":""147""},{""@Name"":""HiveName"",""#text"":""\\??\\C:\\ProgramData\\Microsoft\\Windows\\AppRepository\\Packages\\Microsoft.Services.Store.Engagement_10.0.18101.0_x64__8wekyb3d8bbwe\\ActivationStore.dat""},{""@Name"":""KeysUpdated"",""#text"":""0""},{""@Name"":""DirtyPages"",""#text"":""0""}]}}"
94,94,2023-02-01 00:40:25.2861749,27,Warning,e1i65x64,System,4,368,WIN-5OGN97SDH8J,0,,,,,,,,,,,,False,C:\Users\turan\Desktop\defense-work-evtx-files\System.evtx,0x80000000000000,0,"{""EventData"":{""Data"":""Intel(R) 82574L Gigabit Network Connection"",""Binary"":""00-00-04-00-02-00-30-00-00-00-00-00-1B-00-04-A0-00-00-00-00-00-00-00-00-00-00-00-00-00-00-00-00-00-00-00-00-00-00-00-00-1B-00-04-A0""}}"
95,95,2023-02-01 00:40:25.3017738,16,Info,Microsoft-Windows-Kernel-General,System,4168,4612,WIN-5OGN97SDH8J,0,S-1-5-18,,,,,,,,,,,False,C:\Users\turan\Desktop\defense-work-evtx-files\System.evtx,Classic,0,"{""EventData"":{""Data"":[{""@Name"":""HiveNameLength"",""#text"":""135""},{""@Name"":""HiveName"",""#text"":""\\??\\C:\\ProgramData\\Microsoft\\Windows\\AppRepository\\Packages\\Microsoft.UI.Xaml.2.0_2.1810.18004.0_x64__8wekyb3d8bbwe\\ActivationStore.dat""},{""@Name"":""KeysUpdated"",""#text"":""0""},{""@Name"":""DirtyPages"",""#text"":""0""}]}}"
