1330,1330,2023-03-22 08:19:36.6786483,1014,Warning,Microsoft-Windows-DNS-Client,System,2200,2412,DESKTOP-887GK2L,11,S-1-5-20,,,,,,,,,,,False,C:\Users\turan\Desktop\defense-work-evtx-files\System.evtx,0x4000000010000000,0,"{""EventData"":{""Data"":[{""@Name"":""QueryName"",""#text"":""wpad""},{""@Name"":""AddressLength"",""#text"":""128""},{""@Name"":""Address"",""#text"":""02-00-00-00-AC-11-4F-02-00-00-00-00-00-00-00-00-00-00-00-00-00-00-00-00-00-00-00-00-00-00-00-00-00-00-00-00-00-00-00-00-00-00-00-00-00-00-00-00-00-00-00-00-00-00-00-00-00-00-00-00-00-00-00-00-00-00-00-00-00-00-00-00-00-00-00-00-00-00-00-00-00-00-00-00-00-00-00-00-00-00-00-00-00-00-00-00-00-00-00-00-00-00-00-00-00-00-00-00-00-00-00-00-00-00-00-00-00-00-00-00-00-00-00-00-00-00-00-00""}]}}"
1331,1331,2023-03-22 08:19:44.6373070,15,Info,Microsoft-Windows-Kernel-General,System,5476,5480,DESKTOP-887GK2L,11,S-1-5-18,,,,,,,,,,,False,C:\Users\turan\Desktop\defense-work-evtx-files\System.evtx,Classic,0,"{""EventData"":{""Data"":[{""@Name"":""HiveNameLength"",""#text"":""49""},{""@Name"":""HiveName"",""#text"":""\\SystemRoot\\System32\\SMI\\Store\\Machine\\schema.dat""},{""@Name"":""OriginalSize"",""#text"":""11505664""},{""@Name"":""NewSize"",""#text"":""11501568""}]}}"
1332,1332,2023-03-22 08:19:49.2401157,7040,Info,Service Control Manager,System,748,836,DESKTOP-887GK2L,11,S-1-5-18,Start type of a service has changed,,,The start type of the Background Intelligent Transfer Service was changed from demand start to auto start,,,,,,BITS,False,C:\Users\turan\Desktop\defense-work-evtx-files\System.evtx,"Audit success, classic",0,"{""EventData"":{""Data"":[{""@Name"":""param1"",""#text"":""Background Intelligent Transfer Service""},{""@Name"":""param2"",""#text"":""demand start""},{""@Name"":""param3"",""#text"":""auto start""},{""@Name"":""param4"",""#text"":""BITS""}]}}"
1333,1333,2023-03-22 08:20:22.3963043,1074,Info,User32,System,528,2224,DESKTOP-887GK2L,11,S-1-5-18,A user initiated a system restart,NT AUTHORITY\SYSTEM,,Hostname: DESKTOP-887GK2L,Reason: Operating System: Upgrade (Planned),Type: restart,Code: 0x80020003,,,C:\Windows\servicing\TrustedInstaller.exe (DESKTOP-887GK2L),False,C:\Users\turan\Desktop\defense-work-evtx-files\System.evtx,"Audit success, classic",0,"{""EventData"":{""Data"":[{""@Name"":""param1"",""#text"":""C:\\Windows\\servicing\\TrustedInstaller.exe (DESKTOP-887GK2L)""},{""@Name"":""param2"",""#text"":""DESKTOP-887GK2L""},{""@Name"":""param3"",""#text"":""Operating System: Upgrade (Planned)""},{""@Name"":""param4"",""#text"":""0x80020003""},{""@Name"":""param5"",""#text"":""restart""},{""@Name"":""param6""},{""@Name"":""param7"",""#text"":""NT AUTHORITY\\SYSTEM""}]}}"
1334,1334,2023-03-22 08:20:30.5836819,6006,Info,EventLog,System,0,0,DESKTOP-887GK2L,11,,The Event log service was stopped,,,Computer: DESKTOP-887GK2L,,,,,,,False,C:\Users\turan\Desktop\defense-work-evtx-files\System.evtx,0x80000000000000,0,"{""EventData"":{""Data"":"""",""Binary"":""01-00-00-00-00-00-00-00""}}"
1335,1335,2023-03-22 08:20:30.5795408,50104,Info,Microsoft-Windows-Dhcp-Client,System,1560,1564,DESKTOP-887GK2L,11,S-1-5-19,,,,,,,,,,,False,C:\Users\turan\Desktop\defense-work-evtx-files\System.evtx,0x2000000000000000,0,"{""EventData"":""""}"
1336,1336,2023-03-22 08:20:30.5798745,50105,Info,Microsoft-Windows-Dhcp-Client,System,1560,1632,DESKTOP-887GK2L,11,S-1-5-19,,,,,,,,,,,False,C:\Users\turan\Desktop\defense-work-evtx-files\System.evtx,0x2000000000000000,0,"{""EventData"":""""}"
1337,1337,2023-03-22 08:20:30.5844793,50106,Info,Microsoft-Windows-Dhcp-Client,System,1560,1632,DESKTOP-887GK2L,11,S-1-5-19,,,,,,,,,,,False,C:\Users\turan\Desktop\defense-work-evtx-files\System.evtx,0x2000000000000000,0,"{""EventData"":""""}"
1338,1338,2023-03-22 08:20:30.5864745,51047,Info,Microsoft-Windows-DHCPv6-Client,System,1560,1748,DESKTOP-887GK2L,11,S-1-5-19,,,,,,,,,,,False,C:\Users\turan\Desktop\defense-work-evtx-files\System.evtx,0x2000000000000000,0,"{""EventData"":{""Data"":{""@Name"":""DwordVal"",""#text"":""1""}}}"
1339,1339,2023-03-22 08:20:48.3740662,6009,Info,EventLog,System,0,0,DESKTOP-887GK2L,11,,,,,,,,,,,,False,C:\Users\turan\Desktop\defense-work-evtx-files\System.evtx,0x80000000000000,0,"{""EventData"":{""Data"":""10.00., 19044, Multiprocessor Free, 0"",""Binary"":""""}}"
1340,1340,2023-03-22 08:20:48.3740662,6005,Info,EventLog,System,0,0,DESKTOP-887GK2L,11,,The Event log service was started,,,Computer: DESKTOP-887GK2L,,,,,,,False,C:\Users\turan\Desktop\defense-work-evtx-files\System.evtx,0x80000000000000,0,"{""EventData"":{""Data"":"""",""Binary"":""E7-07-03-00-03-00-16-00-08-00-14-00-30-00-76-01-00-00-00-00-00-00-00-00""}}"
1341,1341,2023-03-22 08:20:48.3740662,6013,Info,EventLog,System,0,0,DESKTOP-887GK2L,11,,System uptime,,,The system uptime is 6 seconds,"TimeZone: 60, 480 Pacific Standard Time",,,,,,False,C:\Users\turan\Desktop\defense-work-evtx-files\System.evtx,0x80000000000000,0,"{""EventData"":{""Data"":""6, 60, 480 Pacific Standard Time"",""Binary"":""31-00-2E-00-31-00-00-00-30-00-00-00-57-00-69-00-6E-00-64-00-6F-00-77-00-73-00-20-00-31-00-30-00-20-00-50-00-72-00-6F-00-20-00-4E-00-00-00-31-00-30-00-2E-00-30-00-2E-00-31-00-39-00-30-00-34-00-34-00-20-00-42-00-75-00-69-00-6C-00-64-00-20-00-31-00-39-00-30-00-34-00-34-00-20-00-20-00-00-00-4D-00-75-00-6C-00-74-00-69-00-70-00-72-00-6F-00-63-00-65-00-73-00-73-00-6F-00-72-00-20-00-46-00-72-00-65-00-65-00-00-00-31-00-39-00-30-00-34-00-31-00-2E-00-76-00-62-00-5F-00-72-00-65-00-6C-00-65-00-61-00-73-00-65-00-2E-00-31-00-39-00-31-00-32-00-30-00-36-00-2D-00-31-00-34-00-30-00-36-00-00-00-36-00-33-00-64-00-39-00-62-00-35-00-32-00-65-00-00-00-4E-00-6F-00-74-00-20-00-41-00-76-00-61-00-69-00-6C-00-61-00-62-00-6C-00-65-00-00-00-4E-00-6F-00-74-00-20-00-41-00-76-00-61-00-69-00-6C-00-61-00-62-00-6C-00-65-00-00-00-39-00-00-00-38-00-00-00-31-00-30-00-30-00-38-00-38-00-00-00-34-00-30-00-39-00-00-00-44-00-45-00-53-00-4B-00-54-00-4F-00-50-00-2D-00-38-00-38-00-37-00-47-00-4B-00-32-00-4C-00-00-00-00-00""}}"
1342,1342,2023-03-22 08:20:30.6934067,51057,Info,Microsoft-Windows-DHCPv6-Client,System,1560,1748,DESKTOP-887GK2L,11,S-1-5-19,,,,,,,,,,,False,C:\Users\turan\Desktop\defense-work-evtx-files\System.evtx,0x2000000000000000,0,"{""EventData"":{""Data"":{""@Name"":""DwordVal"",""#text"":""1""}}}"
1343,1343,2023-03-22 08:20:30.6937543,50037,Info,Microsoft-Windows-Dhcp-Client,System,1560,1632,DESKTOP-887GK2L,11,S-1-5-19,,,,,,,,,,,False,C:\Users\turan\Desktop\defense-work-evtx-files\System.evtx,0x2000000000000000,0,"{""EventData"":{""Data"":{""@Name"":""DwordVal"",""#text"":""1""}}}"
1344,1344,2023-03-22 08:20:35.5569099,109,Info,Microsoft-Windows-Kernel-Power,System,604,608,DESKTOP-887GK2L,11,,,,,,,,,,,,False,C:\Users\turan\Desktop\defense-work-evtx-files\System.evtx,0x8000400000000404,0,"{""EventData"":{""Data"":[{""@Name"":""ShutdownActionType"",""#text"":""5""},{""@Name"":""ShutdownEventCode"",""#text"":""0""},{""@Name"":""ShutdownReason"",""#text"":""5""}]}}"
1345,1345,2023-03-22 08:20:35.8095655,13,Info,Microsoft-Windows-Kernel-General,System,4,504,DESKTOP-887GK2L,11,,OS was shutdown,,,StopTime: 2023-03-22 08:20:35.8095643,"BootMode: ",,,,,,False,C:\Users\turan\Desktop\defense-work-evtx-files\System.evtx,State,0,"{""EventData"":{""Data"":{""@Name"":""StopTime"",""#text"":""2023-03-22 08:20:35.8095643""}}}"
1346,1346,2023-03-22 08:20:42.6408649,12,Info,Microsoft-Windows-Kernel-General,System,4,8,DESKTOP-887GK2L,11,S-1-5-18,OS was started,,,StartTime: 2023-03-22 08:20:41.5000000,BootMode: Normal boot,,,,,,False,C:\Users\turan\Desktop\defense-work-evtx-files\System.evtx,State,0,"{""EventData"":{""Data"":[{""@Name"":""MajorVersion"",""#text"":""10""},{""@Name"":""MinorVersion"",""#text"":""0""},{""@Name"":""BuildVersion"",""#text"":""19041""},{""@Name"":""QfeVersion"",""#text"":""2604""},{""@Name"":""ServiceVersion"",""#text"":""0""},{""@Name"":""BootMode"",""#text"":""0""},{""@Name"":""StartTime"",""#text"":""2023-03-22 08:20:41.5000000""}]}}"
1347,1347,2023-03-22 08:20:42.6409082,153,Info,Microsoft-Windows-Kernel-Boot,System,4,8,DESKTOP-887GK2L,11,S-1-5-18,,,,,,,,,,,False,C:\Users\turan\Desktop\defense-work-evtx-files\System.evtx,Classic,0,"{""EventData"":{""Data"":[{""@Name"":""Status"",""#text"":""0""},{""@Name"":""EnableDisableReason"",""#text"":""0""},{""@Name"":""VsmPolicy"",""#text"":""0""}]}}"
1348,1348,2023-03-22 08:20:42.6409942,20,Info,Microsoft-Windows-Kernel-Boot,System,4,8,DESKTOP-887GK2L,11,S-1-5-18,,,,,,,,,,,False,C:\Users\turan\Desktop\defense-work-evtx-files\System.evtx,Classic,0,"{""EventData"":{""Data"":[{""@Name"":""LastShutdownGood"",""#text"":""True""},{""@Name"":""LastBootGood"",""#text"":""True""},{""@Name"":""LastBootId"",""#text"":""7""},{""@Name"":""BootStatusPolicy"",""#text"":""2""}]}}"
1349,1349,2023-03-22 08:20:42.6410172,238,Info,Microsoft-Windows-Kernel-Boot,System,4,8,DESKTOP-887GK2L,11,S-1-5-18,,,,,,,,,,,False,C:\Users\turan\Desktop\defense-work-evtx-files\System.evtx,Classic,0,"{""EventData"":{""Data"":[{""@Name"":""EfiTimeZoneBias"",""#text"":""2047""},{""@Name"":""EfiDaylightFlags"",""#text"":""0""}]}}"
1350,1350,2023-03-22 08:20:42.6410175,25,Info,Microsoft-Windows-Kernel-Boot,System,4,8,DESKTOP-887GK2L,11,S-1-5-18,,,,,,,,,,,False,C:\Users\turan\Desktop\defense-work-evtx-files\System.evtx,Classic,0,"{""EventData"":{""Data"":{""@Name"":""BootMenuPolicy"",""#text"":""1""}}}"
1351,1351,2023-03-22 08:20:42.6410177,27,Info,Microsoft-Windows-Kernel-Boot,System,4,8,DESKTOP-887GK2L,11,S-1-5-18,,,,,,,,,,,False,C:\Users\turan\Desktop\defense-work-evtx-files\System.evtx,Classic,0,"{""EventData"":{""Data"":[{""@Name"":""BootType"",""#text"":""0""},{""@Name"":""LoadOptions"",""#text"":"" NOEXECUTE=OPTIN""}]}}"
1352,1352,2023-03-22 08:20:42.6410317,18,Info,Microsoft-Windows-Kernel-Boot,System,4,8,DESKTOP-887GK2L,11,S-1-5-18,,,,,,,,,,,False,C:\Users\turan\Desktop\defense-work-evtx-files\System.evtx,Classic,0,"{""EventData"":{""Data"":{""@Name"":""EntryCount"",""#text"":""1""}}}"
1353,1353,2023-03-22 08:20:42.6410454,32,Info,Microsoft-Windows-Kernel-Boot,System,4,8,DESKTOP-887GK2L,11,S-1-5-18,,,,,,,,,,,False,C:\Users\turan\Desktop\defense-work-evtx-files\System.evtx,Classic,0,"{""EventData"":{""Data"":{""@Name"":""BitlockerUserInputTime"",""#text"":""0""}}}"
1354,1354,2023-03-22 08:20:42.6937655,20,Info,Microsoft-Windows-Kernel-General,System,4,8,DESKTOP-887GK2L,11,S-1-5-18,,,,,,,,,,,False,C:\Users\turan\Desktop\defense-work-evtx-files\System.evtx,Time,0,"{""EventData"":{""Data"":[{""@Name"":""UpdateReason"",""#text"":""0""},{""@Name"":""EnabledNew"",""#text"":""True""},{""@Name"":""CountNew"",""#text"":""0""},{""@Name"":""CountOld"",""#text"":""0""}]}}"
1355,1355,2023-03-22 08:20:42.7628993,16,Info,Microsoft-Windows-HAL,System,4,8,DESKTOP-887GK2L,11,S-1-5-18,,,,,,,,,,,False,C:\Users\turan\Desktop\defense-work-evtx-files\System.evtx,Classic,0,"{""EventData"":""""}"
1356,1356,2023-03-22 08:20:44.7236126,3,Info,vmci,System,4,228,DESKTOP-887GK2L,11,,,,,,,,,,,,False,C:\Users\turan\Desktop\defense-work-evtx-files\System.evtx,0x80000000000000,0,"{""EventData"":{""Data"":""VMCI: Using capabilities (0x1c).\n"",""Binary"":""00-00-00-00-02-00-28-00-00-00-00-00-03-00-08-40-03-00-08-40-00-00-00-00-00-00-00-00-00-00-00-00-00-00-00-00-00-00-00-00""}}"
1357,1357,2023-03-22 08:20:46.6919294,6,Info,Microsoft-Windows-FilterManager,System,4,8,DESKTOP-887GK2L,11,S-1-5-18,,,,,,,,,,,False,C:\Users\turan\Desktop\defense-work-evtx-files\System.evtx,Classic,0,"{""EventData"":{""Data"":[{""@Name"":""FinalStatus"",""#text"":""0x0""},{""@Name"":""DeviceVersionMajor"",""#text"":""10""},{""@Name"":""DeviceVersionMinor"",""#text"":""0""},{""@Name"":""DeviceNameLength"",""#text"":""8""},{""@Name"":""DeviceName"",""#text"":""FileInfo""},{""@Name"":""DeviceTime"",""#text"":""2062-12-22 22:21:06.0000000""}]}}"
1358,1358,2023-03-22 08:20:46.6925855,6,Info,Microsoft-Windows-FilterManager,System,4,8,DESKTOP-887GK2L,11,S-1-5-18,,,,,,,,,,,False,C:\Users\turan\Desktop\defense-work-evtx-files\System.evtx,Classic,0,"{""EventData"":{""Data"":[{""@Name"":""FinalStatus"",""#text"":""0x0""},{""@Name"":""DeviceVersionMajor"",""#text"":""10""},{""@Name"":""DeviceVersionMinor"",""#text"":""0""},{""@Name"":""DeviceNameLength"",""#text"":""3""},{""@Name"":""DeviceName"",""#text"":""Wof""},{""@Name"":""DeviceTime"",""#text"":""2023-04-22 19:17:53.0000000""}]}}"
1359,1359,2023-03-22 08:20:46.6936814,6,Info,Microsoft-Windows-FilterManager,System,4,8,DESKTOP-887GK2L,11,S-1-5-18,,,,,,,,,,,False,C:\Users\turan\Desktop\defense-work-evtx-files\System.evtx,Classic,0,"{""EventData"":{""Data"":[{""@Name"":""FinalStatus"",""#text"":""0x0""},{""@Name"":""DeviceVersionMajor"",""#text"":""10""},{""@Name"":""DeviceVersionMinor"",""#text"":""0""},{""@Name"":""DeviceNameLength"",""#text"":""8""},{""@Name"":""DeviceName"",""#text"":""WdFilter""},{""@Name"":""DeviceTime"",""#text"":""2101-02-28 04:30:25.0000000""}]}}"
1360,1360,2023-03-22 08:20:46.7780921,98,Info,Microsoft-Windows-Ntfs,System,4,364,DESKTOP-887GK2L,11,S-1-5-18,,,,,,,,,,,False,C:\Users\turan\Desktop\defense-work-evtx-files\System.evtx,0x8000000000000002,0,"{""EventData"":{""Data"":[{""@Name"":""DriveName"",""#text"":""C:""},{""@Name"":""DeviceName"",""#text"":""\\Device\\HarddiskVolume3""},{""@Name"":""CorruptionActionState"",""#text"":""0""}]}}"
1361,1361,2023-03-22 08:20:46.8416594,6,Info,Microsoft-Windows-FilterManager,System,4,8,DESKTOP-887GK2L,11,S-1-5-18,,,,,,,,,,,False,C:\Users\turan\Desktop\defense-work-evtx-files\System.evtx,Classic,0,"{""EventData"":{""Data"":[{""@Name"":""FinalStatus"",""#text"":""0x0""},{""@Name"":""DeviceVersionMajor"",""#text"":""10""},{""@Name"":""DeviceVersionMinor"",""#text"":""0""},{""@Name"":""DeviceNameLength"",""#text"":""9""},{""@Name"":""DeviceName"",""#text"":""FileCrypt""},{""@Name"":""DeviceTime"",""#text"":""2002-03-01 04:12:42.0000000""}]}}"
1362,1362,2023-03-22 08:20:46.9850379,6,Info,Microsoft-Windows-FilterManager,System,4,8,DESKTOP-887GK2L,11,S-1-5-18,,,,,,,,,,,False,C:\Users\turan\Desktop\defense-work-evtx-files\System.evtx,Classic,0,"{""EventData"":{""Data"":[{""@Name"":""FinalStatus"",""#text"":""0x0""},{""@Name"":""DeviceVersionMajor"",""#text"":""10""},{""@Name"":""DeviceVersionMinor"",""#text"":""0""},{""@Name"":""DeviceNameLength"",""#text"":""9""},{""@Name"":""DeviceName"",""#text"":""npsvctrig""},{""@Name"":""DeviceTime"",""#text"":""2025-01-05 19:41:12.0000000""}]}}"
1363,1363,2023-03-22 08:20:47.0286162,172,Info,Microsoft-Windows-Kernel-Power,System,4,384,DESKTOP-887GK2L,11,S-1-5-18,,,,,,,,,,,False,C:\Users\turan\Desktop\defense-work-evtx-files\System.evtx,0x8000000000000404,0,"{""EventData"":{""Data"":[{""@Name"":""State"",""#text"":""2""},{""@Name"":""Reason"",""#text"":""6""}]}}"
1364,1364,2023-03-22 08:20:47.2360412,55,Info,Microsoft-Windows-Kernel-Processor-Power,System,4,388,DESKTOP-887GK2L,11,S-1-5-18,,,,,,,,,,,False,C:\Users\turan\Desktop\defense-work-evtx-files\System.evtx,Classic,0,"{""EventData"":{""Data"":[{""@Name"":""Group"",""#text"":""0""},{""@Name"":""Number"",""#text"":""0""},{""@Name"":""IdleStateCount"",""#text"":""1""},{""@Name"":""IdleImplementation"",""#text"":""1""},{""@Name"":""NominalFrequency"",""#text"":""3693""},{""@Name"":""MaximumPerformancePercent"",""#text"":""100""},{""@Name"":""MinimumPerformancePercent"",""#text"":""100""},{""@Name"":""MinimumThrottlePercent"",""#text"":""100""},{""@Name"":""PerformanceImplementation"",""#text"":""0""}]}}"
1365,1365,2023-03-22 08:20:47.2366045,55,Info,Microsoft-Windows-Kernel-Processor-Power,System,4,388,DESKTOP-887GK2L,11,S-1-5-18,,,,,,,,,,,False,C:\Users\turan\Desktop\defense-work-evtx-files\System.evtx,Classic,0,"{""EventData"":{""Data"":[{""@Name"":""Group"",""#text"":""0""},{""@Name"":""Number"",""#text"":""1""},{""@Name"":""IdleStateCount"",""#text"":""1""},{""@Name"":""IdleImplementation"",""#text"":""1""},{""@Name"":""NominalFrequency"",""#text"":""3693""},{""@Name"":""MaximumPerformancePercent"",""#text"":""100""},{""@Name"":""MinimumPerformancePercent"",""#text"":""100""},{""@Name"":""MinimumThrottlePercent"",""#text"":""100""},{""@Name"":""PerformanceImplementation"",""#text"":""0""}]}}"
1366,1366,2023-03-22 08:20:47.2371859,55,Info,Microsoft-Windows-Kernel-Processor-Power,System,4,388,DESKTOP-887GK2L,11,S-1-5-18,,,,,,,,,,,False,C:\Users\turan\Desktop\defense-work-evtx-files\System.evtx,Classic,0,"{""EventData"":{""Data"":[{""@Name"":""Group"",""#text"":""0""},{""@Name"":""Number"",""#text"":""2""},{""@Name"":""IdleStateCount"",""#text"":""1""},{""@Name"":""IdleImplementation"",""#text"":""1""},{""@Name"":""NominalFrequency"",""#text"":""3693""},{""@Name"":""MaximumPerformancePercent"",""#text"":""100""},{""@Name"":""MinimumPerformancePercent"",""#text"":""100""},{""@Name"":""MinimumThrottlePercent"",""#text"":""100""},{""@Name"":""PerformanceImplementation"",""#text"":""0""}]}}"
1367,1367,2023-03-22 08:20:47.2379548,55,Info,Microsoft-Windows-Kernel-Processor-Power,System,4,388,DESKTOP-887GK2L,11,S-1-5-18,,,,,,,,,,,False,C:\Users\turan\Desktop\defense-work-evtx-files\System.evtx,Classic,0,"{""EventData"":{""Data"":[{""@Name"":""Group"",""#text"":""0""},{""@Name"":""Number"",""#text"":""3""},{""@Name"":""IdleStateCount"",""#text"":""1""},{""@Name"":""IdleImplementation"",""#text"":""1""},{""@Name"":""NominalFrequency"",""#text"":""3693""},{""@Name"":""MaximumPerformancePercent"",""#text"":""100""},{""@Name"":""MinimumPerformancePercent"",""#text"":""100""},{""@Name"":""MinimumThrottlePercent"",""#text"":""100""},{""@Name"":""PerformanceImplementation"",""#text"":""0""}]}}"
1368,1368,2023-03-22 08:20:47.2385060,55,Info,Microsoft-Windows-Kernel-Processor-Power,System,4,388,DESKTOP-887GK2L,11,S-1-5-18,,,,,,,,,,,False,C:\Users\turan\Desktop\defense-work-evtx-files\System.evtx,Classic,0,"{""EventData"":{""Data"":[{""@Name"":""Group"",""#text"":""0""},{""@Name"":""Number"",""#text"":""4""},{""@Name"":""IdleStateCount"",""#text"":""1""},{""@Name"":""IdleImplementation"",""#text"":""1""},{""@Name"":""NominalFrequency"",""#text"":""3693""},{""@Name"":""MaximumPerformancePercent"",""#text"":""100""},{""@Name"":""MinimumPerformancePercent"",""#text"":""100""},{""@Name"":""MinimumThrottlePercent"",""#text"":""100""},{""@Name"":""PerformanceImplementation"",""#text"":""0""}]}}"
1369,1369,2023-03-22 08:20:47.2391096,55,Info,Microsoft-Windows-Kernel-Processor-Power,System,4,388,DESKTOP-887GK2L,11,S-1-5-18,,,,,,,,,,,False,C:\Users\turan\Desktop\defense-work-evtx-files\System.evtx,Classic,0,"{""EventData"":{""Data"":[{""@Name"":""Group"",""#text"":""0""},{""@Name"":""Number"",""#text"":""5""},{""@Name"":""IdleStateCount"",""#text"":""1""},{""@Name"":""IdleImplementation"",""#text"":""1""},{""@Name"":""NominalFrequency"",""#text"":""3693""},{""@Name"":""MaximumPerformancePercent"",""#text"":""100""},{""@Name"":""MinimumPerformancePercent"",""#text"":""100""},{""@Name"":""MinimumThrottlePercent"",""#text"":""100""},{""@Name"":""PerformanceImplementation"",""#text"":""0""}]}}"
1370,1370,2023-03-22 08:20:47.2396888,55,Info,Microsoft-Windows-Kernel-Processor-Power,System,4,388,DESKTOP-887GK2L,11,S-1-5-18,,,,,,,,,,,False,C:\Users\turan\Desktop\defense-work-evtx-files\System.evtx,Classic,0,"{""EventData"":{""Data"":[{""@Name"":""Group"",""#text"":""0""},{""@Name"":""Number"",""#text"":""6""},{""@Name"":""IdleStateCount"",""#text"":""1""},{""@Name"":""IdleImplementation"",""#text"":""1""},{""@Name"":""NominalFrequency"",""#text"":""3693""},{""@Name"":""MaximumPerformancePercent"",""#text"":""100""},{""@Name"":""MinimumPerformancePercent"",""#text"":""100""},{""@Name"":""MinimumThrottlePercent"",""#text"":""100""},{""@Name"":""PerformanceImplementation"",""#text"":""0""}]}}"
1371,1371,2023-03-22 08:20:47.2403065,55,Info,Microsoft-Windows-Kernel-Processor-Power,System,4,388,DESKTOP-887GK2L,11,S-1-5-18,,,,,,,,,,,False,C:\Users\turan\Desktop\defense-work-evtx-files\System.evtx,Classic,0,"{""EventData"":{""Data"":[{""@Name"":""Group"",""#text"":""0""},{""@Name"":""Number"",""#text"":""7""},{""@Name"":""IdleStateCount"",""#text"":""1""},{""@Name"":""IdleImplementation"",""#text"":""1""},{""@Name"":""NominalFrequency"",""#text"":""3693""},{""@Name"":""MaximumPerformancePercent"",""#text"":""100""},{""@Name"":""MinimumPerformancePercent"",""#text"":""100""},{""@Name"":""MinimumThrottlePercent"",""#text"":""100""},{""@Name"":""PerformanceImplementation"",""#text"":""0""}]}}"
1372,1372,2023-03-22 08:20:47.4576669,98,Info,Microsoft-Windows-Ntfs,System,4,32,DESKTOP-887GK2L,11,S-1-5-18,,,,,,,,,,,False,C:\Users\turan\Desktop\defense-work-evtx-files\System.evtx,0x8000000000000002,0,"{""EventData"":{""Data"":[{""@Name"":""DriveName"",""#text"":""\\\\?\\Volume{3e1ae928-61ee-4947-af5a-9cabbd50feef}""},{""@Name"":""DeviceName"",""#text"":""\\Device\\HarddiskVolume4""},{""@Name"":""CorruptionActionState"",""#text"":""0""}]}}"
1373,1373,2023-03-22 08:20:47.5055869,32,Info,e1i65x64,System,4,512,DESKTOP-887GK2L,11,,,,,,,,,,,,False,C:\Users\turan\Desktop\defense-work-evtx-files\System.evtx,0x80000000000000,0,"{""EventData"":{""Data"":""Intel(R) 82574L Gigabit Network Connection"",""Binary"":""00-00-04-00-02-00-30-00-00-00-00-00-20-00-04-60-00-00-00-00-00-00-00-00-00-00-00-00-00-00-00-00-00-00-00-00-00-00-00-00-20-00-04-60""}}"
1374,1374,2023-03-22 08:20:47.8009605,24,Info,Microsoft-Windows-Kernel-General,System,140,500,DESKTOP-887GK2L,11,S-1-5-18,,,,,,,,,,,False,C:\Users\turan\Desktop\defense-work-evtx-files\System.evtx,Time,0,"{""EventData"":{""Data"":[{""@Name"":""ExitReason"",""#text"":""0""},{""@Name"":""CurrentBias"",""#text"":""420""},{""@Name"":""CurrentTimeZoneID"",""#text"":""2""},{""@Name"":""TimeZoneInfoCacheUpdated"",""#text"":""0""},{""@Name"":""FirstRefresh"",""#text"":""0""}]}}"
1375,1375,2023-03-22 08:20:47.9991562,14,Info,Microsoft-Windows-Wininit,System,620,624,DESKTOP-887GK2L,11,S-1-5-18,,,,,,,,,,,False,C:\Users\turan\Desktop\defense-work-evtx-files\System.evtx,0x4000000000000000,0,"{""EventData"":{""Data"":[{""@Name"":""Config"",""#text"":""0""},{""@Name"":""IsTestConfig"",""#text"":""0""}]}}"
1376,1376,2023-03-22 08:20:48.1182325,16962,Info,Microsoft-Windows-Directory-Services-SAM,System,776,780,DESKTOP-887GK2L,11,S-1-5-18,,,,,,,,,,,False,C:\Users\turan\Desktop\defense-work-evtx-files\System.evtx,Classic,360,"{""EventData"":{""@Name"":""SAMMSG_RESTRICT_REMOTE_SAM_DEFAULT_SD"",""Data"":{""@Name"":""Default SD String:"",""#text"":""O:SYG:SYD:(A;;RC;;;BA)""}}}"
1377,1377,2023-03-22 08:20:48.1248336,16977,Info,Microsoft-Windows-Directory-Services-SAM,System,776,780,DESKTOP-887GK2L,11,S-1-5-18,,,,,,,,,,,False,C:\Users\turan\Desktop\defense-work-evtx-files\System.evtx,Classic,0,"{""EventData"":{""@Name"":""SAMMSG_MINPWDLEN_SETTINGS_IN_EFFECT"",""Data"":[{""@Name"":""MinimumPasswordLength"",""#text"":""0""},{""@Name"":""RelaxMinimumPasswordLengthLimits"",""#text"":""0""},{""@Name"":""MinimumPasswordLengthAudit"",""#text"":""-1""}]}}"
1378,1378,2023-03-22 08:20:48.1248375,16983,Info,Microsoft-Windows-Directory-Services-SAM,System,776,780,DESKTOP-887GK2L,11,S-1-5-18,,,,,,,,,,,False,C:\Users\turan\Desktop\defense-work-evtx-files\System.evtx,Classic,0,"{""EventData"":{""@Name"":""SAMMSG_AUDIT_LEGACY_PWD_RPC_METHODS_OFF""}}"
1379,1379,2023-03-22 08:20:48.3751612,6,Info,Microsoft-Windows-FilterManager,System,4,508,DESKTOP-887GK2L,11,S-1-5-18,,,,,,,,,,,False,C:\Users\turan\Desktop\defense-work-evtx-files\System.evtx,Classic,0,"{""EventData"":{""Data"":[{""@Name"":""FinalStatus"",""#text"":""0x0""},{""@Name"":""DeviceVersionMajor"",""#text"":""10""},{""@Name"":""DeviceVersionMinor"",""#text"":""0""},{""@Name"":""DeviceNameLength"",""#text"":""5""},{""@Name"":""DeviceName"",""#text"":""wcifs""},{""@Name"":""DeviceTime"",""#text"":""2084-01-02 01:25:46.0000000""}]}}"
1380,1380,2023-03-22 08:20:48.3859510,6,Info,Microsoft-Windows-FilterManager,System,4,380,DESKTOP-887GK2L,11,S-1-5-18,,,,,,,,,,,False,C:\Users\turan\Desktop\defense-work-evtx-files\System.evtx,Classic,0,"{""EventData"":{""Data"":[{""@Name"":""FinalStatus"",""#text"":""0x0""},{""@Name"":""DeviceVersionMajor"",""#text"":""10""},{""@Name"":""DeviceVersionMinor"",""#text"":""0""},{""@Name"":""DeviceNameLength"",""#text"":""5""},{""@Name"":""DeviceName"",""#text"":""luafv""},{""@Name"":""DeviceTime"",""#text"":""1986-08-13 13:58:59.0000000""}]}}"
1381,1381,2023-03-22 08:20:48.3986372,6,Info,Microsoft-Windows-FilterManager,System,4,380,DESKTOP-887GK2L,11,S-1-5-18,,,,,,,,,,,False,C:\Users\turan\Desktop\defense-work-evtx-files\System.evtx,Classic,0,"{""EventData"":{""Data"":[{""@Name"":""FinalStatus"",""#text"":""0x0""},{""@Name"":""DeviceVersionMajor"",""#text"":""10""},{""@Name"":""DeviceVersionMinor"",""#text"":""0""},{""@Name"":""DeviceNameLength"",""#text"":""6""},{""@Name"":""DeviceName"",""#text"":""CldFlt""},{""@Name"":""DeviceTime"",""#text"":""2072-04-19 10:54:12.0000000""}]}}"
1382,1382,2023-03-22 08:20:48.3986718,1,Info,Microsoft-Windows-FilterManager,System,4,380,DESKTOP-887GK2L,11,S-1-5-18,,,,,,,,,,,False,C:\Users\turan\Desktop\defense-work-evtx-files\System.evtx,Classic,0,"{""EventData"":{""Data"":[{""@Name"":""FinalStatus"",""#text"":""0x0""},{""@Name"":""DeviceVersionMajor"",""#text"":""10""},{""@Name"":""DeviceVersionMinor"",""#text"":""0""},{""@Name"":""DeviceNameLength"",""#text"":""6""},{""@Name"":""DeviceName"",""#text"":""CldFlt""},{""@Name"":""DeviceTime"",""#text"":""2072-04-19 10:54:12.0000000""}]}}"
1383,1383,2023-03-22 08:20:48.3987125,6,Info,Microsoft-Windows-FilterManager,System,4,380,DESKTOP-887GK2L,11,S-1-5-18,,,,,,,,,,,False,C:\Users\turan\Desktop\defense-work-evtx-files\System.evtx,Classic,0,"{""EventData"":{""Data"":[{""@Name"":""FinalStatus"",""#text"":""0x0""},{""@Name"":""DeviceVersionMajor"",""#text"":""10""},{""@Name"":""DeviceVersionMinor"",""#text"":""0""},{""@Name"":""DeviceNameLength"",""#text"":""6""},{""@Name"":""DeviceName"",""#text"":""CldFlt""},{""@Name"":""DeviceTime"",""#text"":""2072-04-19 10:54:12.0000000""}]}}"
1384,1384,2023-03-22 08:20:48.4033312,6,Info,Microsoft-Windows-FilterManager,System,4,380,DESKTOP-887GK2L,11,S-1-5-18,,,,,,,,,,,False,C:\Users\turan\Desktop\defense-work-evtx-files\System.evtx,Classic,0,"{""EventData"":{""Data"":[{""@Name"":""FinalStatus"",""#text"":""0x0""},{""@Name"":""DeviceVersionMajor"",""#text"":""10""},{""@Name"":""DeviceVersionMinor"",""#text"":""0""},{""@Name"":""DeviceNameLength"",""#text"":""10""},{""@Name"":""DeviceName"",""#text"":""storqosflt""},{""@Name"":""DeviceTime"",""#text"":""2007-04-09 11:08:30.0000000""}]}}"
1385,1385,2023-03-22 08:20:48.4094378,6,Info,Microsoft-Windows-FilterManager,System,4,380,DESKTOP-887GK2L,11,S-1-5-18,,,,,,,,,,,False,C:\Users\turan\Desktop\defense-work-evtx-files\System.evtx,Classic,0,"{""EventData"":{""Data"":[{""@Name"":""FinalStatus"",""#text"":""0x0""},{""@Name"":""DeviceVersionMajor"",""#text"":""10""},{""@Name"":""DeviceVersionMinor"",""#text"":""0""},{""@Name"":""DeviceNameLength"",""#text"":""7""},{""@Name"":""DeviceName"",""#text"":""bindflt""},{""@Name"":""DeviceTime"",""#text"":""2005-08-08 13:17:00.0000000""}]}}"
1386,1386,2023-03-22 08:20:48.4250685,50036,Info,Microsoft-Windows-Dhcp-Client,System,1260,1372,DESKTOP-887GK2L,11,S-1-5-19,,,,,,,,,,,False,C:\Users\turan\Desktop\defense-work-evtx-files\System.evtx,0x2000000000000000,0,"{""EventData"":""""}"
1387,1387,2023-03-22 08:20:48.4251674,50103,Info,Microsoft-Windows-Dhcp-Client,System,1260,1372,DESKTOP-887GK2L,11,S-1-5-19,,,,,,,,,,,False,C:\Users\turan\Desktop\defense-work-evtx-files\System.evtx,0x2000000000000000,0,"{""EventData"":""""}"
1388,1388,2023-03-22 08:20:48.4411918,51046,Info,Microsoft-Windows-DHCPv6-Client,System,1260,1540,DESKTOP-887GK2L,11,S-1-5-19,,,,,,,,,,,False,C:\Users\turan\Desktop\defense-work-evtx-files\System.evtx,0x2000000000000000,0,"{""EventData"":""""}"
1389,1389,2023-03-22 08:20:49.0301597,7026,Info,Service Control Manager,System,700,704,DESKTOP-887GK2L,11,,,,,,,,,,,,False,C:\Users\turan\Desktop\defense-work-evtx-files\System.evtx,"Audit success, classic",0,"{""EventData"":{""Data"":{""@Name"":""param1"",""#text"":"", dam""}}}"
1390,1390,2023-03-22 08:20:50.3281108,24,Info,Microsoft-Windows-Kernel-General,System,2900,3248,DESKTOP-887GK2L,11,S-1-5-18,,,,,,,,,,,False,C:\Users\turan\Desktop\defense-work-evtx-files\System.evtx,Time,0,"{""EventData"":{""Data"":[{""@Name"":""ExitReason"",""#text"":""0""},{""@Name"":""CurrentBias"",""#text"":""420""},{""@Name"":""CurrentTimeZoneID"",""#text"":""2""},{""@Name"":""TimeZoneInfoCacheUpdated"",""#text"":""0""},{""@Name"":""FirstRefresh"",""#text"":""0""}]}}"
1391,1391,2023-03-22 08:20:50.3290847,1,Info,Microsoft-Windows-Kernel-General,System,2900,3248,DESKTOP-887GK2L,12,S-1-5-18,The system time was changed,,,OldTime: 2023-03-22 08:20:49.1244169,NewTime: 2023-03-22 08:20:50.3280000,Reason: An application or system component changed the time.,,,,,False,C:\Users\turan\Desktop\defense-work-evtx-files\System.evtx,Time,0,"{""EventData"":{""Data"":[{""@Name"":""NewTime"",""#text"":""2023-03-22 08:20:50.3280000""},{""@Name"":""OldTime"",""#text"":""2023-03-22 08:20:49.1244169""},{""@Name"":""Reason"",""#text"":""1""},{""@Name"":""ProcessName"",""#text"":""\\Device\\HarddiskVolume3\\Program Files\\VMware\\VMware Tools\\vmtoolsd.exe""},{""@Name"":""ProcessID"",""#text"":""2900""}]}}"
1392,1392,2023-03-22 08:20:53.6750872,15008,Info,Microsoft-Windows-HttpEvent,System,4,364,DESKTOP-887GK2L,12,,,,,,,,,,,,False,C:\Users\turan\Desktop\defense-work-evtx-files\System.evtx,0x80000000000000,0,"{""EventData"":{""Data"":[{""@Name"":""DeviceObject""},{""@Name"":""Url"",""#text"":""http://+:10247/apps/""}]}}"
1393,1393,2023-03-22 08:20:53.7905397,12,Info,Microsoft-Windows-UserModePowerService,System,908,1028,DESKTOP-887GK2L,12,S-1-5-18,,,,,,,,,,,False,C:\Users\turan\Desktop\defense-work-evtx-files\System.evtx,0x4000000000000000,0,"{""EventData"":{""Data"":[{""@Name"":""ProcessPath"",""#text"":""C:\\Windows\\WinSxS\\amd64_microsoft-windows-servicingstack_31bf3856ad364e35_10.0.19041.2300_none_7e14edbc7c88b7d5\\TiWorker.exe""},{""@Name"":""ProcessPid"",""#text"":""1760""},{""@Name"":""OldSchemeGuid"",""#text"":""381b4222-f694-41f0-9685-ff5bb260df2e""},{""@Name"":""NewSchemeGuid"",""#text"":""381b4222-f694-41f0-9685-ff5bb260df2e""}]}}"
1394,1394,2023-03-22 08:20:53.8643105,12,Info,Microsoft-Windows-UserModePowerService,System,908,1028,DESKTOP-887GK2L,12,S-1-5-18,,,,,,,,,,,False,C:\Users\turan\Desktop\defense-work-evtx-files\System.evtx,0x4000000000000000,0,"{""EventData"":{""Data"":[{""@Name"":""ProcessPath"",""#text"":""C:\\Windows\\WinSxS\\amd64_microsoft-windows-servicingstack_31bf3856ad364e35_10.0.19041.2300_none_7e14edbc7c88b7d5\\TiWorker.exe""},{""@Name"":""ProcessPid"",""#text"":""1760""},{""@Name"":""OldSchemeGuid"",""#text"":""381b4222-f694-41f0-9685-ff5bb260df2e""},{""@Name"":""NewSchemeGuid"",""#text"":""381b4222-f694-41f0-9685-ff5bb260df2e""}]}}"
1395,1395,2023-03-22 08:20:53.8783468,15008,Info,Microsoft-Windows-HttpEvent,System,4,32,DESKTOP-887GK2L,12,,,,,,,,,,,,False,C:\Users\turan\Desktop\defense-work-evtx-files\System.evtx,0x80000000000000,0,"{""EventData"":{""Data"":[{""@Name"":""DeviceObject""},{""@Name"":""Url"",""#text"":""http://+:80/0131501b-d67f-491b-9a40-c4bf27bcb4d4/""}]}}"
1396,1396,2023-03-22 08:20:53.8783468,15008,Info,Microsoft-Windows-HttpEvent,System,4,32,DESKTOP-887GK2L,12,,,,,,,,,,,,False,C:\Users\turan\Desktop\defense-work-evtx-files\System.evtx,0x80000000000000,0,"{""EventData"":{""Data"":[{""@Name"":""DeviceObject""},{""@Name"":""Url"",""#text"":""https://+:443/C574AC30-5794-4AEE-B1BB-6651C5315029/""}]}}"
1397,1397,2023-03-22 08:20:53.8783468,15008,Info,Microsoft-Windows-HttpEvent,System,4,32,DESKTOP-887GK2L,12,,,,,,,,,,,,False,C:\Users\turan\Desktop\defense-work-evtx-files\System.evtx,0x80000000000000,0,"{""EventData"":{""Data"":[{""@Name"":""DeviceObject""},{""@Name"":""Url"",""#text"":""http://+:80/116B50EB-ECE2-41ac-8429-9F9E963361B7/""}]}}"
1398,1398,2023-03-22 08:20:54.0968534,15008,Info,Microsoft-Windows-HttpEvent,System,4,364,DESKTOP-887GK2L,12,,,,,,,,,,,,False,C:\Users\turan\Desktop\defense-work-evtx-files\System.evtx,0x80000000000000,0,"{""EventData"":{""Data"":[{""@Name"":""DeviceObject""},{""@Name"":""Url"",""#text"":""https://+:3392/rdp/""}]}}"
1399,1399,2023-03-22 08:20:54.0968534,15008,Info,Microsoft-Windows-HttpEvent,System,4,364,DESKTOP-887GK2L,12,,,,,,,,,,,,False,C:\Users\turan\Desktop\defense-work-evtx-files\System.evtx,0x80000000000000,0,"{""EventData"":{""Data"":[{""@Name"":""DeviceObject""},{""@Name"":""Url"",""#text"":""http://+:3387/rdp/""}]}}"
1400,1400,2023-03-22 08:20:54.6115430,16,Info,Microsoft-Windows-Kernel-General,System,1760,1832,DESKTOP-887GK2L,12,S-1-5-18,,,,,,,,,,,False,C:\Users\turan\Desktop\defense-work-evtx-files\System.evtx,Classic,0,"{""EventData"":{""Data"":[{""@Name"":""HiveNameLength"",""#text"":""31""},{""@Name"":""HiveName"",""#text"":""\\??\\C:\\Users\\Default\\NTUSER.DAT""},{""@Name"":""KeysUpdated"",""#text"":""581""},{""@Name"":""DirtyPages"",""#text"":""35""}]}}"
1401,1401,2023-03-22 08:20:56.8629013,1014,Warning,Microsoft-Windows-DNS-Client,System,2076,3648,DESKTOP-887GK2L,12,S-1-5-20,,,,,,,,,,,False,C:\Users\turan\Desktop\defense-work-evtx-files\System.evtx,0x4000000010000000,0,"{""EventData"":{""Data"":[{""@Name"":""QueryName"",""#text"":""wpad""},{""@Name"":""AddressLength"",""#text"":""128""},{""@Name"":""Address"",""#text"":""02-00-00-00-AC-11-4F-02-00-00-00-00-00-00-00-00-00-00-00-00-00-00-00-00-00-00-00-00-00-00-00-00-00-00-00-00-00-00-00-00-00-00-00-00-00-00-00-00-00-00-00-00-00-00-00-00-00-00-00-00-00-00-00-00-00-00-00-00-00-00-00-00-00-00-00-00-00-00-00-00-00-00-00-00-00-00-00-00-00-00-00-00-00-00-00-00-00-00-00-00-00-00-00-00-00-00-00-00-00-00-00-00-00-00-00-00-00-00-00-00-00-00-00-00-00-00-00-00""}]}}"
1402,1402,2023-03-22 08:21:01.2321411,30,Error,Microsoft-Windows-Eventlog,System,1140,1268,DESKTOP-887GK2L,12,S-1-5-19,,,,,,,,,,,False,C:\Users\turan\Desktop\defense-work-evtx-files\System.evtx,0x8000000000020000,0,"{""UserData"":{""InitChannelPublisherEnableFailure"":{""ErrorCode"":""5"",""ChannelPath"":""Microsoft-Windows-WinINet/Operational"",""PublisherGuid"":""a70ff94f-570b-4979-ba5c-e59c9feab61b""}}}"
1403,1403,2023-03-22 08:21:02.0812772,15007,Info,Microsoft-Windows-HttpEvent,System,4,380,DESKTOP-887GK2L,12,,,,,,,,,,,,False,C:\Users\turan\Desktop\defense-work-evtx-files\System.evtx,0x80000000000000,0,"{""EventData"":{""Data"":[{""@Name"":""DeviceObject""},{""@Name"":""Url"",""#text"":""https://+:3392/rdp/""}]}}"
1404,1404,2023-03-22 08:21:02.0812772,15007,Info,Microsoft-Windows-HttpEvent,System,4,380,DESKTOP-887GK2L,12,,,,,,,,,,,,False,C:\Users\turan\Desktop\defense-work-evtx-files\System.evtx,0x80000000000000,0,"{""EventData"":{""Data"":[{""@Name"":""DeviceObject""},{""@Name"":""Url"",""#text"":""http://+:3387/rdp/""}]}}"
1405,1405,2023-03-22 08:21:02.2687804,15007,Info,Microsoft-Windows-HttpEvent,System,4,508,DESKTOP-887GK2L,12,,,,,,,,,,,,False,C:\Users\turan\Desktop\defense-work-evtx-files\System.evtx,0x80000000000000,0,"{""EventData"":{""Data"":[{""@Name"":""DeviceObject""},{""@Name"":""Url"",""#text"":""http://+:80/0131501b-d67f-491b-9a40-c4bf27bcb4d4/""}]}}"
1406,1406,2023-03-22 08:21:02.2687804,15007,Info,Microsoft-Windows-HttpEvent,System,4,508,DESKTOP-887GK2L,12,,,,,,,,,,,,False,C:\Users\turan\Desktop\defense-work-evtx-files\System.evtx,0x80000000000000,0,"{""EventData"":{""Data"":[{""@Name"":""DeviceObject""},{""@Name"":""Url"",""#text"":""https://+:443/C574AC30-5794-4AEE-B1BB-6651C5315029/""}]}}"
1407,1407,2023-03-22 08:21:02.2687804,15007,Info,Microsoft-Windows-HttpEvent,System,4,508,DESKTOP-887GK2L,12,,,,,,,,,,,,False,C:\Users\turan\Desktop\defense-work-evtx-files\System.evtx,0x80000000000000,0,"{""EventData"":{""Data"":[{""@Name"":""DeviceObject""},{""@Name"":""Url"",""#text"":""http://+:80/116B50EB-ECE2-41ac-8429-9F9E963361B7/""}]}}"
1408,1408,2023-03-22 08:21:02.3254169,12,Info,Microsoft-Windows-UserModePowerService,System,908,1028,DESKTOP-887GK2L,12,S-1-5-18,,,,,,,,,,,False,C:\Users\turan\Desktop\defense-work-evtx-files\System.evtx,0x4000000000000000,0,"{""EventData"":{""Data"":[{""@Name"":""ProcessPath"",""#text"":""C:\\Windows\\WinSxS\\amd64_microsoft-windows-servicingstack_31bf3856ad364e35_10.0.19041.2300_none_7e14edbc7c88b7d5\\TiWorker.exe""},{""@Name"":""ProcessPid"",""#text"":""1760""},{""@Name"":""OldSchemeGuid"",""#text"":""381b4222-f694-41f0-9685-ff5bb260df2e""},{""@Name"":""NewSchemeGuid"",""#text"":""381b4222-f694-41f0-9685-ff5bb260df2e""}]}}"
1409,1409,2023-03-22 08:21:03.0077565,16,Info,Microsoft-Windows-Kernel-General,System,3900,5244,DESKTOP-887GK2L,12,S-1-5-18,,,,,,,,,,,False,C:\Users\turan\Desktop\defense-work-evtx-files\System.evtx,Classic,0,"{""EventData"":{""Data"":[{""@Name"":""HiveNameLength"",""#text"":""147""},{""@Name"":""HiveName"",""#text"":""\\??\\C:\\ProgramData\\Microsoft\\Windows\\AppRepository\\Packages\\Microsoft.Windows.Search_1.14.8.19041_neutral_neutral_cw5n1h2txyewy\\ActivationStore.dat""},{""@Name"":""KeysUpdated"",""#text"":""0""},{""@Name"":""DirtyPages"",""#text"":""0""}]}}"
1410,1410,2023-03-22 08:21:03.4241524,16,Info,Microsoft-Windows-Kernel-General,System,3900,5244,DESKTOP-887GK2L,12,S-1-5-18,,,,,,,,,,,False,C:\Users\turan\Desktop\defense-work-evtx-files\System.evtx,Classic,0,"{""EventData"":{""Data"":[{""@Name"":""HiveNameLength"",""#text"":""162""},{""@Name"":""HiveName"",""#text"":""\\??\\C:\\ProgramData\\Microsoft\\Windows\\AppRepository\\Packages\\c5e2524a-ea46-4f67-841f-6a9465d9d515_10.0.19041.1949_neutral_neutral_cw5n1h2txyewy\\ActivationStore.dat""},{""@Name"":""KeysUpdated"",""#text"":""0""},{""@Name"":""DirtyPages"",""#text"":""0""}]}}"
1411,1411,2023-03-22 08:21:04.2337786,16,Info,Microsoft-Windows-Kernel-General,System,3900,5244,DESKTOP-887GK2L,12,S-1-5-18,,,,,,,,,,,False,C:\Users\turan\Desktop\defense-work-evtx-files\System.evtx,Classic,0,"{""EventData"":{""Data"":[{""@Name"":""HiveNameLength"",""#text"":""148""},{""@Name"":""HiveName"",""#text"":""\\??\\C:\\ProgramData\\Microsoft\\Windows\\AppRepository\\Packages\\Microsoft.Windows.SecHealthUI_10.0.19041.1865_neutral__cw5n1h2txyewy\\ActivationStore.dat""},{""@Name"":""KeysUpdated"",""#text"":""0""},{""@Name"":""DirtyPages"",""#text"":""0""}]}}"
1412,1412,2023-03-22 08:21:04.4201059,16,Info,Microsoft-Windows-Kernel-General,System,3900,5244,DESKTOP-887GK2L,12,S-1-5-18,,,,,,,,,,,False,C:\Users\turan\Desktop\defense-work-evtx-files\System.evtx,Classic,0,"{""EventData"":{""Data"":[{""@Name"":""HiveNameLength"",""#text"":""167""},{""@Name"":""HiveName"",""#text"":""\\??\\C:\\ProgramData\\Microsoft\\Windows\\AppRepository\\Packages\\Microsoft.Windows.SecureAssessmentBrowser_10.0.19041.2311_neutral_neutral_cw5n1h2txyewy\\ActivationStore.dat""},{""@Name"":""KeysUpdated"",""#text"":""0""},{""@Name"":""DirtyPages"",""#text"":""0""}]}}"
1413,1413,2023-03-22 08:21:04.6210797,16,Info,Microsoft-Windows-Kernel-General,System,3900,5244,DESKTOP-887GK2L,12,S-1-5-18,,,,,,,,,,,False,C:\Users\turan\Desktop\defense-work-evtx-files\System.evtx,Classic,0,"{""EventData"":{""Data"":[{""@Name"":""HiveNameLength"",""#text"":""163""},{""@Name"":""HiveName"",""#text"":""\\??\\C:\\ProgramData\\Microsoft\\Windows\\AppRepository\\Packages\\Microsoft.Windows.ShellExperienceHost_10.0.19041.1949_neutral_neutral_cw5n1h2txyewy\\ActivationStore.dat""},{""@Name"":""KeysUpdated"",""#text"":""0""},{""@Name"":""DirtyPages"",""#text"":""0""}]}}"
1414,1414,2023-03-22 08:21:04.9425867,16,Info,Microsoft-Windows-Kernel-General,System,3900,5244,DESKTOP-887GK2L,12,S-1-5-18,,,,,,,,,,,False,C:\Users\turan\Desktop\defense-work-evtx-files\System.evtx,Classic,0,"{""EventData"":{""Data"":[{""@Name"":""HiveNameLength"",""#text"":""142""},{""@Name"":""HiveName"",""#text"":""\\??\\C:\\ProgramData\\Microsoft\\Windows\\AppRepository\\Packages\\MicrosoftWindows.Client.CBS_120.2212.4190.0_x64__cw5n1h2txyewy\\ActivationStore.dat""},{""@Name"":""KeysUpdated"",""#text"":""0""},{""@Name"":""DirtyPages"",""#text"":""0""}]}}"
1415,1415,2023-03-22 08:21:05.2304274,12,Info,Microsoft-Windows-UserModePowerService,System,908,1028,DESKTOP-887GK2L,12,S-1-5-18,,,,,,,,,,,False,C:\Users\turan\Desktop\defense-work-evtx-files\System.evtx,0x4000000000000000,0,"{""EventData"":{""Data"":[{""@Name"":""ProcessPath"",""#text"":""C:\\Windows\\WinSxS\\amd64_microsoft-windows-servicingstack_31bf3856ad364e35_10.0.19041.2300_none_7e14edbc7c88b7d5\\TiWorker.exe""},{""@Name"":""ProcessPid"",""#text"":""1760""},{""@Name"":""OldSchemeGuid"",""#text"":""381b4222-f694-41f0-9685-ff5bb260df2e""},{""@Name"":""NewSchemeGuid"",""#text"":""381b4222-f694-41f0-9685-ff5bb260df2e""}]}}"
1416,1416,2023-03-22 08:21:09.3627141,15007,Info,Microsoft-Windows-HttpEvent,System,4,388,DESKTOP-887GK2L,12,,,,,,,,,,,,False,C:\Users\turan\Desktop\defense-work-evtx-files\System.evtx,0x80000000000000,0,"{""EventData"":{""Data"":[{""@Name"":""DeviceObject""},{""@Name"":""Url"",""#text"":""http://+:10247/apps/""}]}}"
1417,1417,2023-03-22 08:21:15.2999475,1074,Info,User32,System,544,560,DESKTOP-887GK2L,12,S-1-5-18,A user initiated a system restart,NT AUTHORITY\SYSTEM,,Hostname: DESKTOP-887GK2L,Reason: Operating System: Upgrade (Planned),Type: restart,Code: 0x80020003,,,C:\Windows\servicing\TrustedInstaller.exe (DESKTOP-887GK2L),False,C:\Users\turan\Desktop\defense-work-evtx-files\System.evtx,"Audit success, classic",0,"{""EventData"":{""Data"":[{""@Name"":""param1"",""#text"":""C:\\Windows\\servicing\\TrustedInstaller.exe (DESKTOP-887GK2L)""},{""@Name"":""param2"",""#text"":""DESKTOP-887GK2L""},{""@Name"":""param3"",""#text"":""Operating System: Upgrade (Planned)""},{""@Name"":""param4"",""#text"":""0x80020003""},{""@Name"":""param5"",""#text"":""restart""},{""@Name"":""param6""},{""@Name"":""param7"",""#text"":""NT AUTHORITY\\SYSTEM""}]}}"
1418,1418,2023-03-22 08:21:19.5343740,10005,Error,Microsoft-Windows-DistributedCOM,System,908,1028,DESKTOP-887GK2L,12,S-1-5-18,,,,,,,,,,,False,C:\Users\turan\Desktop\defense-work-evtx-files\System.evtx,"Audit success, classic",0,"{""EventData"":{""Data"":[{""@Name"":""param1"",""#text"":""1115""},{""@Name"":""param2"",""#text"":""TrustedInstaller""},{""@Name"":""param3"",""#text"":""Unavailable""},{""@Name"":""param4"",""#text"":""{752073A1-23F2-4396-85F0-8FDB879ED0ED}""}]}}"
1419,1419,2023-03-22 08:21:20.6593362,6006,Info,EventLog,System,0,0,DESKTOP-887GK2L,12,,The Event log service was stopped,,,Computer: DESKTOP-887GK2L,,,,,,,False,C:\Users\turan\Desktop\defense-work-evtx-files\System.evtx,0x80000000000000,0,"{""EventData"":{""Data"":"""",""Binary"":""01-00-00-00-01-00-00-00""}}"
1420,1420,2023-03-22 08:21:20.6606363,50104,Info,Microsoft-Windows-Dhcp-Client,System,1260,1264,DESKTOP-887GK2L,12,S-1-5-19,,,,,,,,,,,False,C:\Users\turan\Desktop\defense-work-evtx-files\System.evtx,0x2000000000000000,0,"{""EventData"":""""}"
1421,1421,2023-03-22 08:21:20.6607186,50105,Info,Microsoft-Windows-Dhcp-Client,System,1260,1372,DESKTOP-887GK2L,12,S-1-5-19,,,,,,,,,,,False,C:\Users\turan\Desktop\defense-work-evtx-files\System.evtx,0x2000000000000000,0,"{""EventData"":""""}"
1422,1422,2023-03-22 08:21:20.6611221,51047,Info,Microsoft-Windows-DHCPv6-Client,System,1260,1540,DESKTOP-887GK2L,12,S-1-5-19,,,,,,,,,,,False,C:\Users\turan\Desktop\defense-work-evtx-files\System.evtx,0x2000000000000000,0,"{""EventData"":{""Data"":{""@Name"":""DwordVal"",""#text"":""1""}}}"
1423,1423,2023-03-22 08:21:20.6632822,50106,Info,Microsoft-Windows-Dhcp-Client,System,1260,1372,DESKTOP-887GK2L,12,S-1-5-19,,,,,,,,,,,False,C:\Users\turan\Desktop\defense-work-evtx-files\System.evtx,0x2000000000000000,0,"{""EventData"":""""}"
1424,1424,2023-03-22 08:21:20.7693018,51057,Info,Microsoft-Windows-DHCPv6-Client,System,1260,1540,DESKTOP-887GK2L,12,S-1-5-19,,,,,,,,,,,False,C:\Users\turan\Desktop\defense-work-evtx-files\System.evtx,0x2000000000000000,0,"{""EventData"":{""Data"":{""@Name"":""DwordVal"",""#text"":""1""}}}"
1425,1425,2023-03-22 08:21:34.1470776,6009,Info,EventLog,System,0,0,DESKTOP-887GK2L,12,,,,,,,,,,,,False,C:\Users\turan\Desktop\defense-work-evtx-files\System.evtx,0x80000000000000,0,"{""EventData"":{""Data"":""10.00., 19044, Multiprocessor Free, 0"",""Binary"":""""}}"
1426,1426,2023-03-22 08:21:34.1470776,6005,Info,EventLog,System,0,0,DESKTOP-887GK2L,12,,The Event log service was started,,,Computer: DESKTOP-887GK2L,,,,,,,False,C:\Users\turan\Desktop\defense-work-evtx-files\System.evtx,0x80000000000000,0,"{""EventData"":{""Data"":"""",""Binary"":""E7-07-03-00-03-00-16-00-08-00-15-00-22-00-93-00-00-00-00-00-00-00-00-00""}}"
1427,1427,2023-03-22 08:21:34.1470776,6013,Info,EventLog,System,0,0,DESKTOP-887GK2L,12,,System uptime,,,The system uptime is 6 seconds,"TimeZone: 60, 480 Pacific Standard Time",,,,,,False,C:\Users\turan\Desktop\defense-work-evtx-files\System.evtx,0x80000000000000,0,"{""EventData"":{""Data"":""6, 60, 480 Pacific Standard Time"",""Binary"":""31-00-2E-00-31-00-00-00-30-00-00-00-57-00-69-00-6E-00-64-00-6F-00-77-00-73-00-20-00-31-00-30-00-20-00-50-00-72-00-6F-00-20-00-4E-00-00-00-31-00-30-00-2E-00-30-00-2E-00-31-00-39-00-30-00-34-00-34-00-20-00-42-00-75-00-69-00-6C-00-64-00-20-00-31-00-39-00-30-00-34-00-34-00-20-00-20-00-00-00-4D-00-75-00-6C-00-74-00-69-00-70-00-72-00-6F-00-63-00-65-00-73-00-73-00-6F-00-72-00-20-00-46-00-72-00-65-00-65-00-00-00-31-00-39-00-30-00-34-00-31-00-2E-00-76-00-62-00-5F-00-72-00-65-00-6C-00-65-00-61-00-73-00-65-00-2E-00-31-00-39-00-31-00-32-00-30-00-36-00-2D-00-31-00-34-00-30-00-36-00-00-00-36-00-33-00-64-00-39-00-62-00-35-00-32-00-65-00-00-00-4E-00-6F-00-74-00-20-00-41-00-76-00-61-00-69-00-6C-00-61-00-62-00-6C-00-65-00-00-00-4E-00-6F-00-74-00-20-00-41-00-76-00-61-00-69-00-6C-00-61-00-62-00-6C-00-65-00-00-00-39-00-00-00-38-00-00-00-31-00-30-00-30-00-38-00-38-00-00-00-34-00-30-00-39-00-00-00-44-00-45-00-53-00-4B-00-54-00-4F-00-50-00-2D-00-38-00-38-00-37-00-47-00-4B-00-32-00-4C-00-00-00-00-00""}}"
1428,1428,2023-03-22 08:21:20.7696170,50037,Info,Microsoft-Windows-Dhcp-Client,System,1260,1372,DESKTOP-887GK2L,12,S-1-5-19,,,,,,,,,,,False,C:\Users\turan\Desktop\defense-work-evtx-files\System.evtx,0x2000000000000000,0,"{""EventData"":{""Data"":{""@Name"":""DwordVal"",""#text"":""1""}}}"
1429,1429,2023-03-22 08:21:20.8518752,109,Info,Microsoft-Windows-Kernel-Power,System,620,624,DESKTOP-887GK2L,12,,,,,,,,,,,,False,C:\Users\turan\Desktop\defense-work-evtx-files\System.evtx,0x8000400000000404,0,"{""EventData"":{""Data"":[{""@Name"":""ShutdownActionType"",""#text"":""5""},{""@Name"":""ShutdownEventCode"",""#text"":""0""},{""@Name"":""ShutdownReason"",""#text"":""5""}]}}"
1430,1430,2023-03-22 08:21:21.0592537,13,Info,Microsoft-Windows-Kernel-General,System,4,1816,DESKTOP-887GK2L,12,,OS was shutdown,,,StopTime: 2023-03-22 08:21:21.0592525,"BootMode: ",,,,,,False,C:\Users\turan\Desktop\defense-work-evtx-files\System.evtx,State,0,"{""EventData"":{""Data"":{""@Name"":""StopTime"",""#text"":""2023-03-22 08:21:21.0592525""}}}"
1431,1431,2023-03-22 08:21:28.6300449,12,Info,Microsoft-Windows-Kernel-General,System,4,8,DESKTOP-887GK2L,12,S-1-5-18,OS was started,,,StartTime: 2023-03-22 08:21:27.5000000,BootMode: Normal boot,,,,,,False,C:\Users\turan\Desktop\defense-work-evtx-files\System.evtx,State,0,"{""EventData"":{""Data"":[{""@Name"":""MajorVersion"",""#text"":""10""},{""@Name"":""MinorVersion"",""#text"":""0""},{""@Name"":""BuildVersion"",""#text"":""19041""},{""@Name"":""QfeVersion"",""#text"":""2604""},{""@Name"":""ServiceVersion"",""#text"":""0""},{""@Name"":""BootMode"",""#text"":""0""},{""@Name"":""StartTime"",""#text"":""2023-03-22 08:21:27.5000000""}]}}"
1432,1432,2023-03-22 08:21:28.6300923,153,Info,Microsoft-Windows-Kernel-Boot,System,4,8,DESKTOP-887GK2L,12,S-1-5-18,,,,,,,,,,,False,C:\Users\turan\Desktop\defense-work-evtx-files\System.evtx,Classic,0,"{""EventData"":{""Data"":[{""@Name"":""Status"",""#text"":""0""},{""@Name"":""EnableDisableReason"",""#text"":""0""},{""@Name"":""VsmPolicy"",""#text"":""0""}]}}"
1433,1433,2023-03-22 08:21:28.6301789,20,Info,Microsoft-Windows-Kernel-Boot,System,4,8,DESKTOP-887GK2L,12,S-1-5-18,,,,,,,,,,,False,C:\Users\turan\Desktop\defense-work-evtx-files\System.evtx,Classic,0,"{""EventData"":{""Data"":[{""@Name"":""LastShutdownGood"",""#text"":""True""},{""@Name"":""LastBootGood"",""#text"":""True""},{""@Name"":""LastBootId"",""#text"":""8""},{""@Name"":""BootStatusPolicy"",""#text"":""2""}]}}"
1434,1434,2023-03-22 08:21:28.6302017,238,Info,Microsoft-Windows-Kernel-Boot,System,4,8,DESKTOP-887GK2L,12,S-1-5-18,,,,,,,,,,,False,C:\Users\turan\Desktop\defense-work-evtx-files\System.evtx,Classic,0,"{""EventData"":{""Data"":[{""@Name"":""EfiTimeZoneBias"",""#text"":""2047""},{""@Name"":""EfiDaylightFlags"",""#text"":""0""}]}}"
1435,1435,2023-03-22 08:21:28.6302020,25,Info,Microsoft-Windows-Kernel-Boot,System,4,8,DESKTOP-887GK2L,12,S-1-5-18,,,,,,,,,,,False,C:\Users\turan\Desktop\defense-work-evtx-files\System.evtx,Classic,0,"{""EventData"":{""Data"":{""@Name"":""BootMenuPolicy"",""#text"":""1""}}}"
1436,1436,2023-03-22 08:21:28.6302023,27,Info,Microsoft-Windows-Kernel-Boot,System,4,8,DESKTOP-887GK2L,12,S-1-5-18,,,,,,,,,,,False,C:\Users\turan\Desktop\defense-work-evtx-files\System.evtx,Classic,0,"{""EventData"":{""Data"":[{""@Name"":""BootType"",""#text"":""0""},{""@Name"":""LoadOptions"",""#text"":"" NOEXECUTE=OPTIN""}]}}"
1437,1437,2023-03-22 08:21:28.6302165,18,Info,Microsoft-Windows-Kernel-Boot,System,4,8,DESKTOP-887GK2L,12,S-1-5-18,,,,,,,,,,,False,C:\Users\turan\Desktop\defense-work-evtx-files\System.evtx,Classic,0,"{""EventData"":{""Data"":{""@Name"":""EntryCount"",""#text"":""1""}}}"
1438,1438,2023-03-22 08:21:28.6302315,32,Info,Microsoft-Windows-Kernel-Boot,System,4,8,DESKTOP-887GK2L,12,S-1-5-18,,,,,,,,,,,False,C:\Users\turan\Desktop\defense-work-evtx-files\System.evtx,Classic,0,"{""EventData"":{""Data"":{""@Name"":""BitlockerUserInputTime"",""#text"":""0""}}}"
