772,772,2023-03-01 09:26:47.7748040,44,Info,Microsoft-Windows-WindowsUpdateClient,System,5956,2076,DESKTOP-887GK2L,5,S-1-5-18,,,,,,,,,,,False,C:\Users\turan\Desktop\defense-work-evtx-files\System.evtx,0x8000000000002004,0,"{""EventData"":{""Data"":[{""@Name"":""updateTitle"",""#text"":""9NSTH9KHZDLQ-Microsoft.UI.Xaml.2.8""},{""@Name"":""updateGuid"",""#text"":""f6cb2f62-0f69-4a96-90ea-191d3606c320""},{""@Name"":""updateRevisionNumber"",""#text"":""1""}]}}"
773,773,2023-03-01 09:26:47.7748047,44,Info,Microsoft-Windows-WindowsUpdateClient,System,5956,2076,DESKTOP-887GK2L,5,S-1-5-18,,,,,,,,,,,False,C:\Users\turan\Desktop\defense-work-evtx-files\System.evtx,0x8000000000002004,0,"{""EventData"":{""Data"":[{""@Name"":""updateTitle"",""#text"":""9PKDZBMV1H3T-Microsoft.GetHelp""},{""@Name"":""updateGuid"",""#text"":""50247c16-d6ff-416e-8d8d-fb494bc7d23e""},{""@Name"":""updateRevisionNumber"",""#text"":""1""}]}}"
774,774,2023-03-01 09:27:02.3144582,16,Info,Microsoft-Windows-Kernel-General,System,7244,8992,DESKTOP-887GK2L,5,S-1-5-18,,,,,,,,,,,False,C:\Users\turan\Desktop\defense-work-evtx-files\System.evtx,Classic,0,"{""EventData"":{""Data"":[{""@Name"":""HiveNameLength"",""#text"":""132""},{""@Name"":""HiveName"",""#text"":""\\??\\C:\\ProgramData\\Microsoft\\Windows\\AppRepository\\Packages\\Microsoft.GetHelp_10.2212.10101.0_x64__8wekyb3d8bbwe\\ActivationStore.dat""},{""@Name"":""KeysUpdated"",""#text"":""0""},{""@Name"":""DirtyPages"",""#text"":""0""}]}}"
775,775,2023-03-01 09:27:03.4258644,43,Info,Microsoft-Windows-WindowsUpdateClient,System,5956,4956,DESKTOP-887GK2L,5,S-1-5-18,,,,,,,,,,,False,C:\Users\turan\Desktop\defense-work-evtx-files\System.evtx,0x8000000000002008,0,"{""EventData"":{""Data"":[{""@Name"":""updateTitle"",""#text"":""9PKDZBMV1H3T-Microsoft.GetHelp""},{""@Name"":""updateGuid"",""#text"":""50247c16-d6ff-416e-8d8d-fb494bc7d23e""},{""@Name"":""updateRevisionNumber"",""#text"":""1""}]}}"
776,776,2023-03-01 09:27:03.5514312,16,Info,Microsoft-Windows-Kernel-General,System,7244,8992,DESKTOP-887GK2L,5,S-1-5-21-3393683511-3463148672-371912004-1001,,,,,,,,,,,False,C:\Users\turan\Desktop\defense-work-evtx-files\System.evtx,Classic,0,"{""EventData"":{""Data"":[{""@Name"":""HiveNameLength"",""#text"":""101""},{""@Name"":""HiveName"",""#text"":""\\??\\C:\\Users\\CyberJunkie\\AppData\\Local\\Packages\\Microsoft.GetHelp_8wekyb3d8bbwe\\Settings\\settings.dat""},{""@Name"":""KeysUpdated"",""#text"":""3""},{""@Name"":""DirtyPages"",""#text"":""1""}]}}"
777,777,2023-03-01 09:27:03.7591213,19,Info,Microsoft-Windows-WindowsUpdateClient,System,5956,4956,DESKTOP-887GK2L,5,S-1-5-18,,,,,,,,,,,False,C:\Users\turan\Desktop\defense-work-evtx-files\System.evtx,Installation,0,"{""EventData"":{""Data"":[{""@Name"":""updateTitle"",""#text"":""9PKDZBMV1H3T-Microsoft.GetHelp""},{""@Name"":""updateGuid"",""#text"":""50247c16-d6ff-416e-8d8d-fb494bc7d23e""},{""@Name"":""updateRevisionNumber"",""#text"":""1""},{""@Name"":""serviceGuid"",""#text"":""855e8a7c-ecb4-4ca3-b045-1dfa50104289""}]}}"
778,778,2023-03-01 09:27:10.0105039,16,Info,Microsoft-Windows-Kernel-General,System,7244,7472,DESKTOP-887GK2L,5,S-1-5-18,,,,,,,,,,,False,C:\Users\turan\Desktop\defense-work-evtx-files\System.evtx,Classic,0,"{""EventData"":{""Data"":[{""@Name"":""HiveNameLength"",""#text"":""136""},{""@Name"":""HiveName"",""#text"":""\\??\\C:\\ProgramData\\Microsoft\\Windows\\AppRepository\\Packages\\Microsoft.WindowsStore_22212.1401.8.0_x64__8wekyb3d8bbwe\\ActivationStore.dat""},{""@Name"":""KeysUpdated"",""#text"":""0""},{""@Name"":""DirtyPages"",""#text"":""0""}]}}"
779,779,2023-03-01 09:27:10.7649589,43,Info,Microsoft-Windows-WindowsUpdateClient,System,5956,5988,DESKTOP-887GK2L,5,S-1-5-18,,,,,,,,,,,False,C:\Users\turan\Desktop\defense-work-evtx-files\System.evtx,0x8000000000002008,0,"{""EventData"":{""Data"":[{""@Name"":""updateTitle"",""#text"":""9WZDNCRFJBMP-MICROSOFT.WINDOWSSTORE""},{""@Name"":""updateGuid"",""#text"":""7219d9e5-1e18-4c94-978c-83a491608f9b""},{""@Name"":""updateRevisionNumber"",""#text"":""1""}]}}"
780,780,2023-03-01 09:27:11.2011040,19,Info,Microsoft-Windows-WindowsUpdateClient,System,5956,5988,DESKTOP-887GK2L,5,S-1-5-18,,,,,,,,,,,False,C:\Users\turan\Desktop\defense-work-evtx-files\System.evtx,Installation,0,"{""EventData"":{""Data"":[{""@Name"":""updateTitle"",""#text"":""9WZDNCRFJBMP-MICROSOFT.WINDOWSSTORE""},{""@Name"":""updateGuid"",""#text"":""7219d9e5-1e18-4c94-978c-83a491608f9b""},{""@Name"":""updateRevisionNumber"",""#text"":""1""},{""@Name"":""serviceGuid"",""#text"":""855e8a7c-ecb4-4ca3-b045-1dfa50104289""}]}}"
781,781,2023-03-01 09:27:27.6223842,16,Info,Microsoft-Windows-Kernel-General,System,7244,9380,DESKTOP-887GK2L,5,S-1-5-18,,,,,,,,,,,False,C:\Users\turan\Desktop\defense-work-evtx-files\System.evtx,Classic,0,"{""EventData"":{""Data"":[{""@Name"":""HiveNameLength"",""#text"":""150""},{""@Name"":""HiveName"",""#text"":""\\??\\C:\\ProgramData\\Microsoft\\Windows\\AppRepository\\Packages\\Microsoft.MicrosoftSolitaireCollection_4.15.12020.0_x64__8wekyb3d8bbwe\\ActivationStore.dat""},{""@Name"":""KeysUpdated"",""#text"":""0""},{""@Name"":""DirtyPages"",""#text"":""0""}]}}"
782,782,2023-03-01 09:27:28.2025222,43,Info,Microsoft-Windows-WindowsUpdateClient,System,5956,8356,DESKTOP-887GK2L,5,S-1-5-18,,,,,,,,,,,False,C:\Users\turan\Desktop\defense-work-evtx-files\System.evtx,0x8000000000002008,0,"{""EventData"":{""Data"":[{""@Name"":""updateTitle"",""#text"":""9WZDNCRFHWD2-Microsoft.MicrosoftSolitaireCollection""},{""@Name"":""updateGuid"",""#text"":""7fad875e-6b2b-45bc-acf2-a6ea022c5ae1""},{""@Name"":""updateRevisionNumber"",""#text"":""1""}]}}"
783,783,2023-03-01 09:27:28.2990354,16,Info,Microsoft-Windows-Kernel-General,System,7244,9380,DESKTOP-887GK2L,5,S-1-5-21-3393683511-3463148672-371912004-1001,,,,,,,,,,,False,C:\Users\turan\Desktop\defense-work-evtx-files\System.evtx,Classic,0,"{""EventData"":{""Data"":[{""@Name"":""HiveNameLength"",""#text"":""122""},{""@Name"":""HiveName"",""#text"":""\\??\\C:\\Users\\CyberJunkie\\AppData\\Local\\Packages\\Microsoft.MicrosoftSolitaireCollection_8wekyb3d8bbwe\\Settings\\settings.dat""},{""@Name"":""KeysUpdated"",""#text"":""3""},{""@Name"":""DirtyPages"",""#text"":""1""}]}}"
784,784,2023-03-01 09:27:28.4939615,19,Info,Microsoft-Windows-WindowsUpdateClient,System,5956,8356,DESKTOP-887GK2L,5,S-1-5-18,,,,,,,,,,,False,C:\Users\turan\Desktop\defense-work-evtx-files\System.evtx,Installation,0,"{""EventData"":{""Data"":[{""@Name"":""updateTitle"",""#text"":""9WZDNCRFHWD2-Microsoft.MicrosoftSolitaireCollection""},{""@Name"":""updateGuid"",""#text"":""7fad875e-6b2b-45bc-acf2-a6ea022c5ae1""},{""@Name"":""updateRevisionNumber"",""#text"":""1""},{""@Name"":""serviceGuid"",""#text"":""855e8a7c-ecb4-4ca3-b045-1dfa50104289""}]}}"
785,785,2023-03-01 09:37:20.3209361,44,Info,Microsoft-Windows-WindowsUpdateClient,System,5956,2076,DESKTOP-887GK2L,5,S-1-5-18,,,,,,,,,,,False,C:\Users\turan\Desktop\defense-work-evtx-files\System.evtx,0x8000000000002004,0,"{""EventData"":{""Data"":[{""@Name"":""updateTitle"",""#text"":""9PB1PFTHHM15-Microsoft.UI.Xaml.2.4""},{""@Name"":""updateGuid"",""#text"":""89d67c93-0628-4aa9-a651-85f294d8c0b4""},{""@Name"":""updateRevisionNumber"",""#text"":""1""}]}}"
786,786,2023-03-01 09:37:21.9163695,44,Info,Microsoft-Windows-WindowsUpdateClient,System,5956,2076,DESKTOP-887GK2L,6,S-1-5-18,,,,,,,,,,,False,C:\Users\turan\Desktop\defense-work-evtx-files\System.evtx,0x8000000000002004,0,"{""EventData"":{""Data"":[{""@Name"":""updateTitle"",""#text"":""9NBLGGH3FRZM-Microsoft.VCLibs.140.00""},{""@Name"":""updateGuid"",""#text"":""d82f41c1-893a-4a90-ac94-8f83da52a274""},{""@Name"":""updateRevisionNumber"",""#text"":""1""}]}}"
787,787,2023-03-01 09:37:21.9163710,44,Info,Microsoft-Windows-WindowsUpdateClient,System,5956,2076,DESKTOP-887GK2L,6,S-1-5-18,,,,,,,,,,,False,C:\Users\turan\Desktop\defense-work-evtx-files\System.evtx,0x8000000000002004,0,"{""EventData"":{""Data"":[{""@Name"":""updateTitle"",""#text"":""9NBLGGH3FRZM-Microsoft.VCLibs.140.00""},{""@Name"":""updateGuid"",""#text"":""d82f41c1-893a-4a90-ac94-8f83da52a274""},{""@Name"":""updateRevisionNumber"",""#text"":""1""}]}}"
788,788,2023-03-01 09:37:21.9163719,44,Info,Microsoft-Windows-WindowsUpdateClient,System,5956,2076,DESKTOP-887GK2L,6,S-1-5-18,,,,,,,,,,,False,C:\Users\turan\Desktop\defense-work-evtx-files\System.evtx,0x8000000000002004,0,"{""EventData"":{""Data"":[{""@Name"":""updateTitle"",""#text"":""9P5VK8KZB5QZ-Microsoft.UI.Xaml.2.7""},{""@Name"":""updateGuid"",""#text"":""6f84e08f-e2c0-417a-926a-e23dace58b7b""},{""@Name"":""updateRevisionNumber"",""#text"":""1""}]}}"
789,789,2023-03-01 09:37:21.9163725,44,Info,Microsoft-Windows-WindowsUpdateClient,System,5956,2076,DESKTOP-887GK2L,6,S-1-5-18,,,,,,,,,,,False,C:\Users\turan\Desktop\defense-work-evtx-files\System.evtx,0x8000000000002004,0,"{""EventData"":{""Data"":[{""@Name"":""updateTitle"",""#text"":""9P5VK8KZB5QZ-Microsoft.UI.Xaml.2.7""},{""@Name"":""updateGuid"",""#text"":""6f84e08f-e2c0-417a-926a-e23dace58b7b""},{""@Name"":""updateRevisionNumber"",""#text"":""1""}]}}"
790,790,2023-03-01 09:37:23.8046709,16,Info,Microsoft-Windows-Kernel-General,System,3972,2172,DESKTOP-887GK2L,6,S-1-5-18,,,,,,,,,,,False,C:\Users\turan\Desktop\defense-work-evtx-files\System.evtx,Classic,0,"{""EventData"":{""Data"":[{""@Name"":""HiveNameLength"",""#text"":""135""},{""@Name"":""HiveName"",""#text"":""\\??\\C:\\ProgramData\\Microsoft\\Windows\\AppRepository\\Packages\\Microsoft.UI.Xaml.2.4_2.42007.9001.0_x64__8wekyb3d8bbwe\\ActivationStore.dat""},{""@Name"":""KeysUpdated"",""#text"":""0""},{""@Name"":""DirtyPages"",""#text"":""0""}]}}"
791,791,2023-03-01 09:37:24.5151148,44,Info,Microsoft-Windows-WindowsUpdateClient,System,5956,2076,DESKTOP-887GK2L,6,S-1-5-18,,,,,,,,,,,False,C:\Users\turan\Desktop\defense-work-evtx-files\System.evtx,0x8000000000002004,0,"{""EventData"":{""Data"":[{""@Name"":""updateTitle"",""#text"":""9NBLGGH3FRZM-Microsoft.VCLibs.140.00""},{""@Name"":""updateGuid"",""#text"":""d82f41c1-893a-4a90-ac94-8f83da52a274""},{""@Name"":""updateRevisionNumber"",""#text"":""1""}]}}"
792,792,2023-03-01 09:37:24.5151172,44,Info,Microsoft-Windows-WindowsUpdateClient,System,5956,2076,DESKTOP-887GK2L,6,S-1-5-18,,,,,,,,,,,False,C:\Users\turan\Desktop\defense-work-evtx-files\System.evtx,0x8000000000002004,0,"{""EventData"":{""Data"":[{""@Name"":""updateTitle"",""#text"":""9NBLGGH4RV3K-Microsoft.VCLibs.140.00.UWPDesktop""},{""@Name"":""updateGuid"",""#text"":""b34f488c-7eb5-489e-8d93-a30096b87664""},{""@Name"":""updateRevisionNumber"",""#text"":""1""}]}}"
793,793,2023-03-01 09:37:24.5151180,44,Info,Microsoft-Windows-WindowsUpdateClient,System,5956,2076,DESKTOP-887GK2L,6,S-1-5-18,,,,,,,,,,,False,C:\Users\turan\Desktop\defense-work-evtx-files\System.evtx,0x8000000000002004,416,"{""EventData"":{""Data"":[{""@Name"":""updateTitle"",""#text"":""9WZDNCRFHVQM-MICROSOFT.WINDOWSCOMMUNICATIONSAPPS""},{""@Name"":""updateGuid"",""#text"":""fa11b0ce-9a7c-4d3f-a25c-97bb4a4bfa5a""},{""@Name"":""updateRevisionNumber"",""#text"":""1""}]}}"
794,794,2023-03-01 09:37:26.7353027,16,Info,Microsoft-Windows-Kernel-General,System,3972,2172,DESKTOP-887GK2L,6,S-1-5-18,,,,,,,,,,,False,C:\Users\turan\Desktop\defense-work-evtx-files\System.evtx,Classic,0,"{""EventData"":{""Data"":[{""@Name"":""HiveNameLength"",""#text"":""135""},{""@Name"":""HiveName"",""#text"":""\\??\\C:\\ProgramData\\Microsoft\\Windows\\AppRepository\\Packages\\Microsoft.UI.Xaml.2.4_2.42007.9001.0_x86__8wekyb3d8bbwe\\ActivationStore.dat""},{""@Name"":""KeysUpdated"",""#text"":""0""},{""@Name"":""DirtyPages"",""#text"":""0""}]}}"
795,795,2023-03-01 09:37:26.9437512,44,Info,Microsoft-Windows-WindowsUpdateClient,System,5956,2076,DESKTOP-887GK2L,6,S-1-5-18,,,,,,,,,,,False,C:\Users\turan\Desktop\defense-work-evtx-files\System.evtx,0x8000000000002004,0,"{""EventData"":{""Data"":[{""@Name"":""updateTitle"",""#text"":""9NBLGGH4RV3K-Microsoft.VCLibs.140.00.UWPDesktop""},{""@Name"":""updateGuid"",""#text"":""b34f488c-7eb5-489e-8d93-a30096b87664""},{""@Name"":""updateRevisionNumber"",""#text"":""1""}]}}"
796,796,2023-03-01 09:37:26.9437537,44,Info,Microsoft-Windows-WindowsUpdateClient,System,5956,2076,DESKTOP-887GK2L,6,S-1-5-18,,,,,,,,,,,False,C:\Users\turan\Desktop\defense-work-evtx-files\System.evtx,0x8000000000002004,0,"{""EventData"":{""Data"":[{""@Name"":""updateTitle"",""#text"":""9P7VS8XHG9G5-Microsoft.WindowsAppRuntime.1.2""},{""@Name"":""updateGuid"",""#text"":""c7e66601-c97b-4880-baea-1a3fd8a73a78""},{""@Name"":""updateRevisionNumber"",""#text"":""1""}]}}"
797,797,2023-03-01 09:37:27.9081501,44,Info,Microsoft-Windows-WindowsUpdateClient,System,5956,2076,DESKTOP-887GK2L,6,S-1-5-18,,,,,,,,,,,False,C:\Users\turan\Desktop\defense-work-evtx-files\System.evtx,0x8000000000002004,0,"{""EventData"":{""Data"":[{""@Name"":""updateTitle"",""#text"":""9NBLGGH3FRZM-Microsoft.VCLibs.140.00""},{""@Name"":""updateGuid"",""#text"":""d82f41c1-893a-4a90-ac94-8f83da52a274""},{""@Name"":""updateRevisionNumber"",""#text"":""1""}]}}"
798,798,2023-03-01 09:37:27.9081508,44,Info,Microsoft-Windows-WindowsUpdateClient,System,5956,2076,DESKTOP-887GK2L,6,S-1-5-18,,,,,,,,,,,False,C:\Users\turan\Desktop\defense-work-evtx-files\System.evtx,0x8000000000002004,0,"{""EventData"":{""Data"":[{""@Name"":""updateTitle"",""#text"":""9WZDNCRFHVQM-MICROSOFT.WINDOWSCOMMUNICATIONSAPPS""},{""@Name"":""updateGuid"",""#text"":""fa11b0ce-9a7c-4d3f-a25c-97bb4a4bfa5a""},{""@Name"":""updateRevisionNumber"",""#text"":""1""}]}}"
799,799,2023-03-01 09:37:27.9081515,44,Info,Microsoft-Windows-WindowsUpdateClient,System,5956,2076,DESKTOP-887GK2L,6,S-1-5-18,,,,,,,,,,,False,C:\Users\turan\Desktop\defense-work-evtx-files\System.evtx,0x8000000000002004,0,"{""EventData"":{""Data"":[{""@Name"":""updateTitle"",""#text"":""9NBLGGH3FRZM-Microsoft.VCLibs.140.00""},{""@Name"":""updateGuid"",""#text"":""d82f41c1-893a-4a90-ac94-8f83da52a274""},{""@Name"":""updateRevisionNumber"",""#text"":""1""}]}}"
800,800,2023-03-01 09:37:27.9081522,44,Info,Microsoft-Windows-WindowsUpdateClient,System,5956,2076,DESKTOP-887GK2L,6,S-1-5-18,,,,,,,,,,,False,C:\Users\turan\Desktop\defense-work-evtx-files\System.evtx,0x8000000000002004,0,"{""EventData"":{""Data"":[{""@Name"":""updateTitle"",""#text"":""9WZDNCRFHVQM-MICROSOFT.WINDOWSCOMMUNICATIONSAPPS""},{""@Name"":""updateGuid"",""#text"":""fa11b0ce-9a7c-4d3f-a25c-97bb4a4bfa5a""},{""@Name"":""updateRevisionNumber"",""#text"":""1""}]}}"
801,801,2023-03-01 09:37:33.7197900,44,Info,Microsoft-Windows-WindowsUpdateClient,System,5956,2076,DESKTOP-887GK2L,6,S-1-5-18,,,,,,,,,,,False,C:\Users\turan\Desktop\defense-work-evtx-files\System.evtx,0x8000000000002004,0,"{""EventData"":{""Data"":[{""@Name"":""updateTitle"",""#text"":""9MZ95KL8MR0L-Microsoft.ScreenSketch""},{""@Name"":""updateGuid"",""#text"":""c79897f3-f2a9-4948-b3ca-bf3cff9d904a""},{""@Name"":""updateRevisionNumber"",""#text"":""1""}]}}"
802,802,2023-03-01 09:37:42.4767272,16,Info,Microsoft-Windows-Kernel-General,System,3972,4468,DESKTOP-887GK2L,6,S-1-5-18,,,,,,,,,,,False,C:\Users\turan\Desktop\defense-work-evtx-files\System.evtx,Classic,0,"{""EventData"":{""Data"":[{""@Name"":""HiveNameLength"",""#text"":""136""},{""@Name"":""HiveName"",""#text"":""\\??\\C:\\ProgramData\\Microsoft\\Windows\\AppRepository\\Packages\\Microsoft.ScreenSketch_10.2008.2277.0_x64__8wekyb3d8bbwe\\ActivationStore.dat""},{""@Name"":""KeysUpdated"",""#text"":""0""},{""@Name"":""DirtyPages"",""#text"":""0""}]}}"
803,803,2023-03-01 09:37:43.5270989,43,Info,Microsoft-Windows-WindowsUpdateClient,System,5956,2580,DESKTOP-887GK2L,6,S-1-5-18,,,,,,,,,,,False,C:\Users\turan\Desktop\defense-work-evtx-files\System.evtx,0x8000000000002008,0,"{""EventData"":{""Data"":[{""@Name"":""updateTitle"",""#text"":""9PB1PFTHHM15-Microsoft.UI.Xaml.2.4""},{""@Name"":""updateGuid"",""#text"":""89d67c93-0628-4aa9-a651-85f294d8c0b4""},{""@Name"":""updateRevisionNumber"",""#text"":""1""}]}}"
804,804,2023-03-01 09:37:43.7944221,19,Info,Microsoft-Windows-WindowsUpdateClient,System,5956,2580,DESKTOP-887GK2L,6,S-1-5-18,,,,,,,,,,,False,C:\Users\turan\Desktop\defense-work-evtx-files\System.evtx,Installation,0,"{""EventData"":{""Data"":[{""@Name"":""updateTitle"",""#text"":""9PB1PFTHHM15-Microsoft.UI.Xaml.2.4""},{""@Name"":""updateGuid"",""#text"":""89d67c93-0628-4aa9-a651-85f294d8c0b4""},{""@Name"":""updateRevisionNumber"",""#text"":""1""},{""@Name"":""serviceGuid"",""#text"":""855e8a7c-ecb4-4ca3-b045-1dfa50104289""}]}}"
805,805,2023-03-01 09:37:43.8090282,43,Info,Microsoft-Windows-WindowsUpdateClient,System,5956,2580,DESKTOP-887GK2L,6,S-1-5-18,,,,,,,,,,,False,C:\Users\turan\Desktop\defense-work-evtx-files\System.evtx,0x8000000000002008,0,"{""EventData"":{""Data"":[{""@Name"":""updateTitle"",""#text"":""9MZ95KL8MR0L-Microsoft.ScreenSketch""},{""@Name"":""updateGuid"",""#text"":""c79897f3-f2a9-4948-b3ca-bf3cff9d904a""},{""@Name"":""updateRevisionNumber"",""#text"":""1""}]}}"
806,806,2023-03-01 09:37:43.9453623,16,Info,Microsoft-Windows-Kernel-General,System,3972,4468,DESKTOP-887GK2L,6,S-1-5-21-3393683511-3463148672-371912004-1001,,,,,,,,,,,False,C:\Users\turan\Desktop\defense-work-evtx-files\System.evtx,Classic,0,"{""EventData"":{""Data"":[{""@Name"":""HiveNameLength"",""#text"":""106""},{""@Name"":""HiveName"",""#text"":""\\??\\C:\\Users\\CyberJunkie\\AppData\\Local\\Packages\\Microsoft.ScreenSketch_8wekyb3d8bbwe\\Settings\\settings.dat""},{""@Name"":""KeysUpdated"",""#text"":""3""},{""@Name"":""DirtyPages"",""#text"":""1""}]}}"
807,807,2023-03-01 09:37:44.2349708,19,Info,Microsoft-Windows-WindowsUpdateClient,System,5956,2580,DESKTOP-887GK2L,6,S-1-5-18,,,,,,,,,,,False,C:\Users\turan\Desktop\defense-work-evtx-files\System.evtx,Installation,0,"{""EventData"":{""Data"":[{""@Name"":""updateTitle"",""#text"":""9MZ95KL8MR0L-Microsoft.ScreenSketch""},{""@Name"":""updateGuid"",""#text"":""c79897f3-f2a9-4948-b3ca-bf3cff9d904a""},{""@Name"":""updateRevisionNumber"",""#text"":""1""},{""@Name"":""serviceGuid"",""#text"":""855e8a7c-ecb4-4ca3-b045-1dfa50104289""}]}}"
808,808,2023-03-01 09:37:53.0067644,16,Info,Microsoft-Windows-Kernel-General,System,3972,2172,DESKTOP-887GK2L,6,S-1-5-18,,,,,,,,,,,False,C:\Users\turan\Desktop\defense-work-evtx-files\System.evtx,Classic,0,"{""EventData"":{""Data"":[{""@Name"":""HiveNameLength"",""#text"":""146""},{""@Name"":""HiveName"",""#text"":""\\??\\C:\\ProgramData\\Microsoft\\Windows\\AppRepository\\Packages\\Microsoft.WindowsAppRuntime.1.2_2000.777.2143.0_x64__8wekyb3d8bbwe\\ActivationStore.dat""},{""@Name"":""KeysUpdated"",""#text"":""0""},{""@Name"":""DirtyPages"",""#text"":""0""}]}}"
809,809,2023-03-01 09:38:07.3577851,16,Info,Microsoft-Windows-Kernel-General,System,3972,2172,DESKTOP-887GK2L,6,S-1-5-18,,,,,,,,,,,False,C:\Users\turan\Desktop\defense-work-evtx-files\System.evtx,Classic,0,"{""EventData"":{""Data"":[{""@Name"":""HiveNameLength"",""#text"":""146""},{""@Name"":""HiveName"",""#text"":""\\??\\C:\\ProgramData\\Microsoft\\Windows\\AppRepository\\Packages\\Microsoft.WindowsAppRuntime.1.2_2000.777.2143.0_x86__8wekyb3d8bbwe\\ActivationStore.dat""},{""@Name"":""KeysUpdated"",""#text"":""0""},{""@Name"":""DirtyPages"",""#text"":""0""}]}}"
810,810,2023-03-01 09:38:11.5742185,44,Info,Microsoft-Windows-WindowsUpdateClient,System,5956,2076,DESKTOP-887GK2L,6,S-1-5-18,,,,,,,,,,,False,C:\Users\turan\Desktop\defense-work-evtx-files\System.evtx,0x8000000000002004,0,"{""EventData"":{""Data"":[{""@Name"":""updateTitle"",""#text"":""9NMPJ99VJBWV-Microsoft.YourPhone""},{""@Name"":""updateGuid"",""#text"":""350a323c-15fd-45e6-a16a-b9d9da3104ac""},{""@Name"":""updateRevisionNumber"",""#text"":""1""}]}}"
811,811,2023-03-01 09:39:28.0092838,16,Info,Microsoft-Windows-Kernel-General,System,3972,8500,DESKTOP-887GK2L,6,S-1-5-18,,,,,,,,,,,False,C:\Users\turan\Desktop\defense-work-evtx-files\System.evtx,Classic,0,"{""EventData"":{""Data"":[{""@Name"":""HiveNameLength"",""#text"":""154""},{""@Name"":""HiveName"",""#text"":""\\??\\C:\\ProgramData\\Microsoft\\Windows\\AppRepository\\Packages\\microsoft.windowscommunicationsapps_16005.14326.21344.0_x64__8wekyb3d8bbwe\\ActivationStore.dat""},{""@Name"":""KeysUpdated"",""#text"":""0""},{""@Name"":""DirtyPages"",""#text"":""0""}]}}"
812,812,2023-03-01 09:39:29.1344441,43,Info,Microsoft-Windows-WindowsUpdateClient,System,5956,9344,DESKTOP-887GK2L,6,S-1-5-18,,,,,,,,,,,False,C:\Users\turan\Desktop\defense-work-evtx-files\System.evtx,0x8000000000002008,0,"{""EventData"":{""Data"":[{""@Name"":""updateTitle"",""#text"":""9WZDNCRFHVQM-MICROSOFT.WINDOWSCOMMUNICATIONSAPPS""},{""@Name"":""updateGuid"",""#text"":""fa11b0ce-9a7c-4d3f-a25c-97bb4a4bfa5a""},{""@Name"":""updateRevisionNumber"",""#text"":""1""}]}}"
813,813,2023-03-01 09:39:29.7249406,19,Info,Microsoft-Windows-WindowsUpdateClient,System,5956,9344,DESKTOP-887GK2L,6,S-1-5-18,,,,,,,,,,,False,C:\Users\turan\Desktop\defense-work-evtx-files\System.evtx,Installation,0,"{""EventData"":{""Data"":[{""@Name"":""updateTitle"",""#text"":""9WZDNCRFHVQM-MICROSOFT.WINDOWSCOMMUNICATIONSAPPS""},{""@Name"":""updateGuid"",""#text"":""fa11b0ce-9a7c-4d3f-a25c-97bb4a4bfa5a""},{""@Name"":""updateRevisionNumber"",""#text"":""1""},{""@Name"":""serviceGuid"",""#text"":""855e8a7c-ecb4-4ca3-b045-1dfa50104289""}]}}"
814,814,2023-03-01 09:40:32.8355212,16,Info,Microsoft-Windows-Kernel-General,System,3972,2172,DESKTOP-887GK2L,6,S-1-5-18,,,,,,,,,,,False,C:\Users\turan\Desktop\defense-work-evtx-files\System.evtx,Classic,0,"{""EventData"":{""Data"":[{""@Name"":""HiveNameLength"",""#text"":""132""},{""@Name"":""HiveName"",""#text"":""\\??\\C:\\ProgramData\\Microsoft\\Windows\\AppRepository\\Packages\\Microsoft.YourPhone_1.23012.167.0_x64__8wekyb3d8bbwe\\ActivationStore.dat""},{""@Name"":""KeysUpdated"",""#text"":""0""},{""@Name"":""DirtyPages"",""#text"":""0""}]}}"
815,815,2023-03-01 09:40:33.9534762,43,Info,Microsoft-Windows-WindowsUpdateClient,System,5956,9908,DESKTOP-887GK2L,6,S-1-5-18,,,,,,,,,,,False,C:\Users\turan\Desktop\defense-work-evtx-files\System.evtx,0x8000000000002008,0,"{""EventData"":{""Data"":[{""@Name"":""updateTitle"",""#text"":""9P7VS8XHG9G5-Microsoft.WindowsAppRuntime.1.2""},{""@Name"":""updateGuid"",""#text"":""c7e66601-c97b-4880-baea-1a3fd8a73a78""},{""@Name"":""updateRevisionNumber"",""#text"":""1""}]}}"
816,816,2023-03-01 09:40:34.1666758,19,Info,Microsoft-Windows-WindowsUpdateClient,System,5956,9908,DESKTOP-887GK2L,6,S-1-5-18,,,,,,,,,,,False,C:\Users\turan\Desktop\defense-work-evtx-files\System.evtx,Installation,0,"{""EventData"":{""Data"":[{""@Name"":""updateTitle"",""#text"":""9P7VS8XHG9G5-Microsoft.WindowsAppRuntime.1.2""},{""@Name"":""updateGuid"",""#text"":""c7e66601-c97b-4880-baea-1a3fd8a73a78""},{""@Name"":""updateRevisionNumber"",""#text"":""1""},{""@Name"":""serviceGuid"",""#text"":""855e8a7c-ecb4-4ca3-b045-1dfa50104289""}]}}"
817,817,2023-03-01 09:40:34.1779501,43,Info,Microsoft-Windows-WindowsUpdateClient,System,5956,9908,DESKTOP-887GK2L,6,S-1-5-18,,,,,,,,,,,False,C:\Users\turan\Desktop\defense-work-evtx-files\System.evtx,0x8000000000002008,0,"{""EventData"":{""Data"":[{""@Name"":""updateTitle"",""#text"":""9NMPJ99VJBWV-Microsoft.YourPhone""},{""@Name"":""updateGuid"",""#text"":""350a323c-15fd-45e6-a16a-b9d9da3104ac""},{""@Name"":""updateRevisionNumber"",""#text"":""1""}]}}"
818,818,2023-03-01 09:40:34.2865614,16,Info,Microsoft-Windows-Kernel-General,System,3972,2172,DESKTOP-887GK2L,6,S-1-5-21-3393683511-3463148672-371912004-1001,,,,,,,,,,,False,C:\Users\turan\Desktop\defense-work-evtx-files\System.evtx,Classic,0,"{""EventData"":{""Data"":[{""@Name"":""HiveNameLength"",""#text"":""103""},{""@Name"":""HiveName"",""#text"":""\\??\\C:\\Users\\CyberJunkie\\AppData\\Local\\Packages\\Microsoft.YourPhone_8wekyb3d8bbwe\\Settings\\settings.dat""},{""@Name"":""KeysUpdated"",""#text"":""3""},{""@Name"":""DirtyPages"",""#text"":""1""}]}}"
819,819,2023-03-01 09:40:34.5131141,19,Info,Microsoft-Windows-WindowsUpdateClient,System,5956,9908,DESKTOP-887GK2L,6,S-1-5-18,,,,,,,,,,,False,C:\Users\turan\Desktop\defense-work-evtx-files\System.evtx,Installation,0,"{""EventData"":{""Data"":[{""@Name"":""updateTitle"",""#text"":""9NMPJ99VJBWV-Microsoft.YourPhone""},{""@Name"":""updateGuid"",""#text"":""350a323c-15fd-45e6-a16a-b9d9da3104ac""},{""@Name"":""updateRevisionNumber"",""#text"":""1""},{""@Name"":""serviceGuid"",""#text"":""855e8a7c-ecb4-4ca3-b045-1dfa50104289""}]}}"
820,820,2023-03-01 09:41:25.3014911,1014,Warning,Microsoft-Windows-DNS-Client,System,2312,9400,DESKTOP-887GK2L,6,S-1-5-20,,,,,,,,,,,False,C:\Users\turan\Desktop\defense-work-evtx-files\System.evtx,0x4000000010000000,0,"{""EventData"":{""Data"":[{""@Name"":""QueryName"",""#text"":""wpad""},{""@Name"":""AddressLength"",""#text"":""128""},{""@Name"":""Address"",""#text"":""02-00-00-00-C0-A8-E6-02-00-00-00-00-00-00-00-00-00-00-00-00-00-00-00-00-00-00-00-00-00-00-00-00-00-00-00-00-00-00-00-00-00-00-00-00-00-00-00-00-00-00-00-00-00-00-00-00-00-00-00-00-00-00-00-00-00-00-00-00-00-00-00-00-00-00-00-00-00-00-00-00-00-00-00-00-00-00-00-00-00-00-00-00-00-00-00-00-00-00-00-00-00-00-00-00-00-00-00-00-00-00-00-00-00-00-00-00-00-00-00-00-00-00-00-00-00-00-00-00""}]}}"
821,821,2023-03-01 09:48:39.9269736,10016,Warning,Microsoft-Windows-DistributedCOM,System,996,10096,DESKTOP-887GK2L,6,S-1-5-21-3393683511-3463148672-371912004-1001,,,,,,,,,,,False,C:\Users\turan\Desktop\defense-work-evtx-files\System.evtx,"Audit success, classic",0,"{""EventData"":{""Data"":[{""@Name"":""param1"",""#text"":""machine-default""},{""@Name"":""param2"",""#text"":""Local""},{""@Name"":""param3"",""#text"":""Activation""},{""@Name"":""param4"",""#text"":""{C2F03A33-21F5-47FA-B4BB-156362A2F239}""},{""@Name"":""param5"",""#text"":""{316CDED5-E4AE-4B15-9113-7055D84DCC97}""},{""@Name"":""param6"",""#text"":""DESKTOP-887GK2L""},{""@Name"":""param7"",""#text"":""CyberJunkie""},{""@Name"":""param8"",""#text"":""S-1-5-21-3393683511-3463148672-371912004-1001""},{""@Name"":""param9"",""#text"":""LocalHost (Using LRPC)""},{""@Name"":""param10"",""#text"":""Microsoft.Windows.ShellExperienceHost_10.0.19041.1023_neutral_neutral_cw5n1h2txyewy""},{""@Name"":""param11"",""#text"":""S-1-15-2-155514346-2573954481-755741238-1654018636-1233331829-3075935687-2861478708""}]}}"
822,822,2023-03-01 09:51:32.3489403,1014,Warning,Microsoft-Windows-DNS-Client,System,2312,8476,DESKTOP-887GK2L,6,S-1-5-20,,,,,,,,,,,False,C:\Users\turan\Desktop\defense-work-evtx-files\System.evtx,0x4000000010000000,0,"{""EventData"":{""Data"":[{""@Name"":""QueryName"",""#text"":""wpad""},{""@Name"":""AddressLength"",""#text"":""128""},{""@Name"":""Address"",""#text"":""02-00-00-00-C0-A8-E6-02-00-00-00-00-00-00-00-00-00-00-00-00-00-00-00-00-00-00-00-00-00-00-00-00-00-00-00-00-00-00-00-00-00-00-00-00-00-00-00-00-00-00-00-00-00-00-00-00-00-00-00-00-00-00-00-00-00-00-00-00-00-00-00-00-00-00-00-00-00-00-00-00-00-00-00-00-00-00-00-00-00-00-00-00-00-00-00-00-00-00-00-00-00-00-00-00-00-00-00-00-00-00-00-00-00-00-00-00-00-00-00-00-00-00-00-00-00-00-00-00""}]}}"
823,823,2023-03-01 10:11:46.3983743,1014,Warning,Microsoft-Windows-DNS-Client,System,2312,9724,DESKTOP-887GK2L,6,S-1-5-20,,,,,,,,,,,False,C:\Users\turan\Desktop\defense-work-evtx-files\System.evtx,0x4000000010000000,0,"{""EventData"":{""Data"":[{""@Name"":""QueryName"",""#text"":""wpad""},{""@Name"":""AddressLength"",""#text"":""128""},{""@Name"":""Address"",""#text"":""02-00-00-00-C0-A8-E6-02-00-00-00-00-00-00-00-00-00-00-00-00-00-00-00-00-00-00-00-00-00-00-00-00-00-00-00-00-00-00-00-00-00-00-00-00-00-00-00-00-00-00-00-00-00-00-00-00-00-00-00-00-00-00-00-00-00-00-00-00-00-00-00-00-00-00-00-00-00-00-00-00-00-00-00-00-00-00-00-00-00-00-00-00-00-00-00-00-00-00-00-00-00-00-00-00-00-00-00-00-00-00-00-00-00-00-00-00-00-00-00-00-00-00-00-00-00-00-00-00""}]}}"
824,824,2023-03-01 10:21:53.4570351,1014,Warning,Microsoft-Windows-DNS-Client,System,2312,10164,DESKTOP-887GK2L,6,S-1-5-20,,,,,,,,,,,False,C:\Users\turan\Desktop\defense-work-evtx-files\System.evtx,0x4000000010000000,0,"{""EventData"":{""Data"":[{""@Name"":""QueryName"",""#text"":""wpad""},{""@Name"":""AddressLength"",""#text"":""128""},{""@Name"":""Address"",""#text"":""02-00-00-00-C0-A8-E6-02-00-00-00-00-00-00-00-00-00-00-00-00-00-00-00-00-00-00-00-00-00-00-00-00-00-00-00-00-00-00-00-00-00-00-00-00-00-00-00-00-00-00-00-00-00-00-00-00-00-00-00-00-00-00-00-00-00-00-00-00-00-00-00-00-00-00-00-00-00-00-00-00-00-00-00-00-00-00-00-00-00-00-00-00-00-00-00-00-00-00-00-00-00-00-00-00-00-00-00-00-00-00-00-00-00-00-00-00-00-00-00-00-00-00-00-00-00-00-00-00""}]}}"
825,825,2023-03-01 10:42:07.5147802,1014,Warning,Microsoft-Windows-DNS-Client,System,2312,8832,DESKTOP-887GK2L,6,S-1-5-20,,,,,,,,,,,False,C:\Users\turan\Desktop\defense-work-evtx-files\System.evtx,0x4000000010000000,0,"{""EventData"":{""Data"":[{""@Name"":""QueryName"",""#text"":""wpad""},{""@Name"":""AddressLength"",""#text"":""128""},{""@Name"":""Address"",""#text"":""02-00-00-00-C0-A8-E6-02-00-00-00-00-00-00-00-00-00-00-00-00-00-00-00-00-00-00-00-00-00-00-00-00-00-00-00-00-00-00-00-00-00-00-00-00-00-00-00-00-00-00-00-00-00-00-00-00-00-00-00-00-00-00-00-00-00-00-00-00-00-00-00-00-00-00-00-00-00-00-00-00-00-00-00-00-00-00-00-00-00-00-00-00-00-00-00-00-00-00-00-00-00-00-00-00-00-00-00-00-00-00-00-00-00-00-00-00-00-00-00-00-00-00-00-00-00-00-00-00""}]}}"
826,826,2023-03-01 10:52:14.5601119,1014,Warning,Microsoft-Windows-DNS-Client,System,2312,2156,DESKTOP-887GK2L,6,S-1-5-20,,,,,,,,,,,False,C:\Users\turan\Desktop\defense-work-evtx-files\System.evtx,0x4000000010000000,0,"{""EventData"":{""Data"":[{""@Name"":""QueryName"",""#text"":""wpad""},{""@Name"":""AddressLength"",""#text"":""128""},{""@Name"":""Address"",""#text"":""02-00-00-00-C0-A8-E6-02-00-00-00-00-00-00-00-00-00-00-00-00-00-00-00-00-00-00-00-00-00-00-00-00-00-00-00-00-00-00-00-00-00-00-00-00-00-00-00-00-00-00-00-00-00-00-00-00-00-00-00-00-00-00-00-00-00-00-00-00-00-00-00-00-00-00-00-00-00-00-00-00-00-00-00-00-00-00-00-00-00-00-00-00-00-00-00-00-00-00-00-00-00-00-00-00-00-00-00-00-00-00-00-00-00-00-00-00-00-00-00-00-00-00-00-00-00-00-00-00""}]}}"
827,827,2023-03-01 11:12:28.6542094,1014,Warning,Microsoft-Windows-DNS-Client,System,2312,1328,DESKTOP-887GK2L,6,S-1-5-20,,,,,,,,,,,False,C:\Users\turan\Desktop\defense-work-evtx-files\System.evtx,0x4000000010000000,0,"{""EventData"":{""Data"":[{""@Name"":""QueryName"",""#text"":""wpad""},{""@Name"":""AddressLength"",""#text"":""128""},{""@Name"":""Address"",""#text"":""02-00-00-00-C0-A8-E6-02-00-00-00-00-00-00-00-00-00-00-00-00-00-00-00-00-00-00-00-00-00-00-00-00-00-00-00-00-00-00-00-00-00-00-00-00-00-00-00-00-00-00-00-00-00-00-00-00-00-00-00-00-00-00-00-00-00-00-00-00-00-00-00-00-00-00-00-00-00-00-00-00-00-00-00-00-00-00-00-00-00-00-00-00-00-00-00-00-00-00-00-00-00-00-00-00-00-00-00-00-00-00-00-00-00-00-00-00-00-00-00-00-00-00-00-00-00-00-00-00""}]}}"
828,828,2023-03-01 11:22:35.6922532,1014,Warning,Microsoft-Windows-DNS-Client,System,2312,4400,DESKTOP-887GK2L,6,S-1-5-20,,,,,,,,,,,False,C:\Users\turan\Desktop\defense-work-evtx-files\System.evtx,0x4000000010000000,0,"{""EventData"":{""Data"":[{""@Name"":""QueryName"",""#text"":""wpad""},{""@Name"":""AddressLength"",""#text"":""128""},{""@Name"":""Address"",""#text"":""02-00-00-00-C0-A8-E6-02-00-00-00-00-00-00-00-00-00-00-00-00-00-00-00-00-00-00-00-00-00-00-00-00-00-00-00-00-00-00-00-00-00-00-00-00-00-00-00-00-00-00-00-00-00-00-00-00-00-00-00-00-00-00-00-00-00-00-00-00-00-00-00-00-00-00-00-00-00-00-00-00-00-00-00-00-00-00-00-00-00-00-00-00-00-00-00-00-00-00-00-00-00-00-00-00-00-00-00-00-00-00-00-00-00-00-00-00-00-00-00-00-00-00-00-00-00-00-00-00""}]}}"
829,829,2023-03-01 11:42:49.7644699,1014,Warning,Microsoft-Windows-DNS-Client,System,2312,5928,DESKTOP-887GK2L,6,S-1-5-20,,,,,,,,,,,False,C:\Users\turan\Desktop\defense-work-evtx-files\System.evtx,0x4000000010000000,0,"{""EventData"":{""Data"":[{""@Name"":""QueryName"",""#text"":""wpad""},{""@Name"":""AddressLength"",""#text"":""128""},{""@Name"":""Address"",""#text"":""02-00-00-00-C0-A8-E6-02-00-00-00-00-00-00-00-00-00-00-00-00-00-00-00-00-00-00-00-00-00-00-00-00-00-00-00-00-00-00-00-00-00-00-00-00-00-00-00-00-00-00-00-00-00-00-00-00-00-00-00-00-00-00-00-00-00-00-00-00-00-00-00-00-00-00-00-00-00-00-00-00-00-00-00-00-00-00-00-00-00-00-00-00-00-00-00-00-00-00-00-00-00-00-00-00-00-00-00-00-00-00-00-00-00-00-00-00-00-00-00-00-00-00-00-00-00-00-00-00""}]}}"
830,830,2023-03-01 11:52:56.7939785,1014,Warning,Microsoft-Windows-DNS-Client,System,2312,1536,DESKTOP-887GK2L,6,S-1-5-20,,,,,,,,,,,False,C:\Users\turan\Desktop\defense-work-evtx-files\System.evtx,0x4000000010000000,0,"{""EventData"":{""Data"":[{""@Name"":""QueryName"",""#text"":""wpad""},{""@Name"":""AddressLength"",""#text"":""128""},{""@Name"":""Address"",""#text"":""02-00-00-00-C0-A8-E6-02-00-00-00-00-00-00-00-00-00-00-00-00-00-00-00-00-00-00-00-00-00-00-00-00-00-00-00-00-00-00-00-00-00-00-00-00-00-00-00-00-00-00-00-00-00-00-00-00-00-00-00-00-00-00-00-00-00-00-00-00-00-00-00-00-00-00-00-00-00-00-00-00-00-00-00-00-00-00-00-00-00-00-00-00-00-00-00-00-00-00-00-00-00-00-00-00-00-00-00-00-00-00-00-00-00-00-00-00-00-00-00-00-00-00-00-00-00-00-00-00""}]}}"
831,831,2023-03-01 12:03:30.9310032,1074,Info,User32,System,504,520,DESKTOP-887GK2L,6,S-1-5-18,A user initiated a system restart,NT AUTHORITY\SYSTEM,,Hostname: DESKTOP-887GK2L,Reason: Legacy API shutdown,Type: shutdown,Code: 0x80070000,,,C:\Program Files\VMware\VMware Tools\vmtoolsd.exe (DESKTOP-887GK2L),False,C:\Users\turan\Desktop\defense-work-evtx-files\System.evtx,"Audit success, classic",0,"{""EventData"":{""Data"":[{""@Name"":""param1"",""#text"":""C:\\Program Files\\VMware\\VMware Tools\\vmtoolsd.exe (DESKTOP-887GK2L)""},{""@Name"":""param2"",""#text"":""DESKTOP-887GK2L""},{""@Name"":""param3"",""#text"":""Legacy API shutdown""},{""@Name"":""param4"",""#text"":""0x80070000""},{""@Name"":""param5"",""#text"":""shutdown""},{""@Name"":""param6""},{""@Name"":""param7"",""#text"":""NT AUTHORITY\\SYSTEM""}]}}"
832,832,2023-03-01 12:03:37.0423324,6006,Info,EventLog,System,0,0,DESKTOP-887GK2L,6,,The Event log service was stopped,,,Computer: DESKTOP-887GK2L,,,,,,,False,C:\Users\turan\Desktop\defense-work-evtx-files\System.evtx,0x80000000000000,0,"{""EventData"":{""Data"":"""",""Binary"":""01-00-00-00-00-00-00-00""}}"
833,833,2023-03-01 12:03:36.7608807,10010,Error,Microsoft-Windows-DistributedCOM,System,996,6492,DESKTOP-887GK2L,6,S-1-5-21-3393683511-3463148672-371912004-1001,,,,,,,,,,,False,C:\Users\turan\Desktop\defense-work-evtx-files\System.evtx,"Audit success, classic",0,"{""EventData"":{""Data"":{""@Name"":""param1"",""#text"":""{9BA05972-F6A8-11CF-A442-00A0C90A8F39}""}}}"
834,834,2023-03-01 12:03:36.8915283,7002,Info,Microsoft-Windows-Winlogon,System,700,812,DESKTOP-887GK2L,6,S-1-5-18,User logoff,,,UserSID: S-1-5-21-3393683511-3463148672-371912004-1001,,,,,,,False,C:\Users\turan\Desktop\defense-work-evtx-files\System.evtx,0x2000200000000000,0,"{""EventData"":{""Data"":[{""@Name"":""TSId"",""#text"":""1""},{""@Name"":""UserSid"",""#text"":""S-1-5-21-3393683511-3463148672-371912004-1001""}]}}"
835,835,2023-03-01 12:03:37.0416306,24,Info,Microsoft-Windows-Kernel-General,System,8056,5652,DESKTOP-887GK2L,6,S-1-5-19,,,,,,,,,,,False,C:\Users\turan\Desktop\defense-work-evtx-files\System.evtx,Time,0,"{""EventData"":{""Data"":[{""@Name"":""ExitReason"",""#text"":""0""},{""@Name"":""CurrentBias"",""#text"":""480""},{""@Name"":""CurrentTimeZoneID"",""#text"":""1""},{""@Name"":""TimeZoneInfoCacheUpdated"",""#text"":""0""},{""@Name"":""FirstRefresh"",""#text"":""0""}]}}"
836,836,2023-03-01 12:03:37.0418996,1,Info,Microsoft-Windows-Kernel-General,System,8056,5652,DESKTOP-887GK2L,6,S-1-5-19,The system time was changed,,,OldTime: 2023-03-01 12:03:37.0263495,NewTime: 2023-03-01 12:03:37.0415045,Reason: An application or system component changed the time.,,,,,False,C:\Users\turan\Desktop\defense-work-evtx-files\System.evtx,Time,0,"{""EventData"":{""Data"":[{""@Name"":""NewTime"",""#text"":""2023-03-01 12:03:37.0415045""},{""@Name"":""OldTime"",""#text"":""2023-03-01 12:03:37.0263495""},{""@Name"":""Reason"",""#text"":""1""},{""@Name"":""ProcessName"",""#text"":""\\Device\\HarddiskVolume3\\Windows\\System32\\svchost.exe""},{""@Name"":""ProcessID"",""#text"":""8056""}]}}"
837,837,2023-03-01 12:03:37.0466269,50104,Info,Microsoft-Windows-Dhcp-Client,System,1508,1512,DESKTOP-887GK2L,6,S-1-5-19,,,,,,,,,,,False,C:\Users\turan\Desktop\defense-work-evtx-files\System.evtx,0x2000000000000000,0,"{""EventData"":""""}"
838,838,2023-03-01 12:03:37.0466756,50105,Info,Microsoft-Windows-Dhcp-Client,System,1508,1572,DESKTOP-887GK2L,6,S-1-5-19,,,,,,,,,,,False,C:\Users\turan\Desktop\defense-work-evtx-files\System.evtx,0x2000000000000000,0,"{""EventData"":""""}"
839,839,2023-03-01 12:03:37.0528446,51047,Info,Microsoft-Windows-DHCPv6-Client,System,1508,1640,DESKTOP-887GK2L,6,S-1-5-19,,,,,,,,,,,False,C:\Users\turan\Desktop\defense-work-evtx-files\System.evtx,0x2000000000000000,0,"{""EventData"":{""Data"":{""@Name"":""DwordVal"",""#text"":""1""}}}"
840,840,2023-03-01 12:03:37.0528463,51057,Info,Microsoft-Windows-DHCPv6-Client,System,1508,1640,DESKTOP-887GK2L,6,S-1-5-19,,,,,,,,,,,False,C:\Users\turan\Desktop\defense-work-evtx-files\System.evtx,0x2000000000000000,0,"{""EventData"":{""Data"":{""@Name"":""DwordVal"",""#text"":""1""}}}"
841,841,2023-03-01 12:03:37.0572428,50106,Info,Microsoft-Windows-Dhcp-Client,System,1508,1572,DESKTOP-887GK2L,6,S-1-5-19,,,,,,,,,,,False,C:\Users\turan\Desktop\defense-work-evtx-files\System.evtx,0x2000000000000000,0,"{""EventData"":""""}"
842,842,2023-03-01 12:03:37.0634815,50037,Info,Microsoft-Windows-Dhcp-Client,System,1508,1572,DESKTOP-887GK2L,6,S-1-5-19,,,,,,,,,,,False,C:\Users\turan\Desktop\defense-work-evtx-files\System.evtx,0x2000000000000000,0,"{""EventData"":{""Data"":{""@Name"":""DwordVal"",""#text"":""1""}}}"
843,843,2023-03-10 02:00:30.2111274,6009,Info,EventLog,System,0,0,DESKTOP-887GK2L,6,,,,,,,,,,,,False,C:\Users\turan\Desktop\defense-work-evtx-files\System.evtx,0x80000000000000,0,"{""EventData"":{""Data"":""10.00., 19044, Multiprocessor Free, 0"",""Binary"":""""}}"
844,844,2023-03-10 02:00:30.2111274,6005,Info,EventLog,System,0,0,DESKTOP-887GK2L,6,,The Event log service was started,,,Computer: DESKTOP-887GK2L,,,,,,,False,C:\Users\turan\Desktop\defense-work-evtx-files\System.evtx,0x80000000000000,0,"{""EventData"":{""Data"":"""",""Binary"":""E7-07-03-00-05-00-0A-00-02-00-00-00-1E-00-D3-00-00-00-00-00-00-00-00-00""}}"
845,845,2023-03-10 02:00:30.2111274,6013,Info,EventLog,System,0,0,DESKTOP-887GK2L,6,,System uptime,,,The system uptime is 10 seconds,"TimeZone: 60, 480 Pacific Standard Time",,,,,,False,C:\Users\turan\Desktop\defense-work-evtx-files\System.evtx,0x80000000000000,0,"{""EventData"":{""Data"":""10, 60, 480 Pacific Standard Time"",""Binary"":""31-00-2E-00-31-00-00-00-30-00-00-00-57-00-69-00-6E-00-64-00-6F-00-77-00-73-00-20-00-31-00-30-00-20-00-50-00-72-00-6F-00-20-00-4E-00-00-00-31-00-30-00-2E-00-30-00-2E-00-31-00-39-00-30-00-34-00-34-00-20-00-42-00-75-00-69-00-6C-00-64-00-20-00-31-00-39-00-30-00-34-00-34-00-20-00-20-00-00-00-4D-00-75-00-6C-00-74-00-69-00-70-00-72-00-6F-00-63-00-65-00-73-00-73-00-6F-00-72-00-20-00-46-00-72-00-65-00-65-00-00-00-31-00-39-00-30-00-34-00-31-00-2E-00-76-00-62-00-5F-00-72-00-65-00-6C-00-65-00-61-00-73-00-65-00-2E-00-31-00-39-00-31-00-32-00-30-00-36-00-2D-00-31-00-34-00-30-00-36-00-00-00-36-00-33-00-64-00-39-00-62-00-35-00-32-00-65-00-00-00-4E-00-6F-00-74-00-20-00-41-00-76-00-61-00-69-00-6C-00-61-00-62-00-6C-00-65-00-00-00-4E-00-6F-00-74-00-20-00-41-00-76-00-61-00-69-00-6C-00-61-00-62-00-6C-00-65-00-00-00-39-00-00-00-38-00-00-00-31-00-30-00-30-00-38-00-38-00-00-00-34-00-30-00-39-00-00-00-44-00-45-00-53-00-4B-00-54-00-4F-00-50-00-2D-00-38-00-38-00-37-00-47-00-4B-00-32-00-4C-00-00-00-00-00""}}"
846,846,2023-03-01 12:03:39.4382915,109,Info,Microsoft-Windows-Kernel-Power,System,584,588,DESKTOP-887GK2L,6,,,,,,,,,,,,False,C:\Users\turan\Desktop\defense-work-evtx-files\System.evtx,0x8000400000000404,0,"{""EventData"":{""Data"":[{""@Name"":""ShutdownActionType"",""#text"":""4""},{""@Name"":""ShutdownEventCode"",""#text"":""0""},{""@Name"":""ShutdownReason"",""#text"":""5""}]}}"
847,847,2023-03-01 12:03:39.9984503,13,Info,Microsoft-Windows-Kernel-General,System,4,5852,DESKTOP-887GK2L,6,,OS was shutdown,,,StopTime: 2023-03-01 12:03:39.9984496,"BootMode: ",,,,,,False,C:\Users\turan\Desktop\defense-work-evtx-files\System.evtx,State,0,"{""EventData"":{""Data"":{""@Name"":""StopTime"",""#text"":""2023-03-01 12:03:39.9984496""}}}"
848,848,2023-03-10 02:00:21.2542733,12,Info,Microsoft-Windows-Kernel-General,System,4,8,DESKTOP-887GK2L,6,S-1-5-18,OS was started,,,StartTime: 2023-03-10 02:00:19.5000000,BootMode: Normal boot,,,,,,False,C:\Users\turan\Desktop\defense-work-evtx-files\System.evtx,State,0,"{""EventData"":{""Data"":[{""@Name"":""MajorVersion"",""#text"":""10""},{""@Name"":""MinorVersion"",""#text"":""0""},{""@Name"":""BuildVersion"",""#text"":""19041""},{""@Name"":""QfeVersion"",""#text"":""1288""},{""@Name"":""ServiceVersion"",""#text"":""0""},{""@Name"":""BootMode"",""#text"":""0""},{""@Name"":""StartTime"",""#text"":""2023-03-10 02:00:19.5000000""}]}}"
849,849,2023-03-10 02:00:21.2543287,153,Info,Microsoft-Windows-Kernel-Boot,System,4,8,DESKTOP-887GK2L,6,S-1-5-18,,,,,,,,,,,False,C:\Users\turan\Desktop\defense-work-evtx-files\System.evtx,Classic,0,"{""EventData"":{""Data"":[{""@Name"":""Status"",""#text"":""0""},{""@Name"":""EnableDisableReason"",""#text"":""0""},{""@Name"":""VsmPolicy"",""#text"":""0""}]}}"
850,850,2023-03-10 02:00:21.2544418,20,Info,Microsoft-Windows-Kernel-Boot,System,4,8,DESKTOP-887GK2L,6,S-1-5-18,,,,,,,,,,,False,C:\Users\turan\Desktop\defense-work-evtx-files\System.evtx,Classic,0,"{""EventData"":{""Data"":[{""@Name"":""LastShutdownGood"",""#text"":""True""},{""@Name"":""LastBootGood"",""#text"":""True""},{""@Name"":""LastBootId"",""#text"":""4""},{""@Name"":""BootStatusPolicy"",""#text"":""2""}]}}"
851,851,2023-03-10 02:00:21.2544651,238,Info,Microsoft-Windows-Kernel-Boot,System,4,8,DESKTOP-887GK2L,6,S-1-5-18,,,,,,,,,,,False,C:\Users\turan\Desktop\defense-work-evtx-files\System.evtx,Classic,0,"{""EventData"":{""Data"":[{""@Name"":""EfiTimeZoneBias"",""#text"":""2047""},{""@Name"":""EfiDaylightFlags"",""#text"":""0""}]}}"
852,852,2023-03-10 02:00:21.2544654,25,Info,Microsoft-Windows-Kernel-Boot,System,4,8,DESKTOP-887GK2L,6,S-1-5-18,,,,,,,,,,,False,C:\Users\turan\Desktop\defense-work-evtx-files\System.evtx,Classic,0,"{""EventData"":{""Data"":{""@Name"":""BootMenuPolicy"",""#text"":""1""}}}"
853,853,2023-03-10 02:00:21.2544656,27,Info,Microsoft-Windows-Kernel-Boot,System,4,8,DESKTOP-887GK2L,6,S-1-5-18,,,,,,,,,,,False,C:\Users\turan\Desktop\defense-work-evtx-files\System.evtx,Classic,0,"{""EventData"":{""Data"":[{""@Name"":""BootType"",""#text"":""0""},{""@Name"":""LoadOptions"",""#text"":"" NOEXECUTE=OPTIN""}]}}"
854,854,2023-03-10 02:00:21.2544805,18,Info,Microsoft-Windows-Kernel-Boot,System,4,8,DESKTOP-887GK2L,6,S-1-5-18,,,,,,,,,,,False,C:\Users\turan\Desktop\defense-work-evtx-files\System.evtx,Classic,0,"{""EventData"":{""Data"":{""@Name"":""EntryCount"",""#text"":""1""}}}"
855,855,2023-03-10 02:00:21.2544937,32,Info,Microsoft-Windows-Kernel-Boot,System,4,8,DESKTOP-887GK2L,6,S-1-5-18,,,,,,,,,,,False,C:\Users\turan\Desktop\defense-work-evtx-files\System.evtx,Classic,0,"{""EventData"":{""Data"":{""@Name"":""BitlockerUserInputTime"",""#text"":""0""}}}"
856,856,2023-03-10 02:00:21.2606285,20,Info,Microsoft-Windows-Kernel-General,System,4,8,DESKTOP-887GK2L,6,S-1-5-18,,,,,,,,,,,False,C:\Users\turan\Desktop\defense-work-evtx-files\System.evtx,Time,0,"{""EventData"":{""Data"":[{""@Name"":""UpdateReason"",""#text"":""0""},{""@Name"":""EnabledNew"",""#text"":""True""},{""@Name"":""CountNew"",""#text"":""0""},{""@Name"":""CountOld"",""#text"":""0""}]}}"
857,857,2023-03-10 02:00:21.3971621,16,Info,Microsoft-Windows-HAL,System,4,8,DESKTOP-887GK2L,6,S-1-5-18,,,,,,,,,,,False,C:\Users\turan\Desktop\defense-work-evtx-files\System.evtx,Classic,0,"{""EventData"":""""}"
858,858,2023-03-10 02:00:23.1606315,3,Info,vmci,System,4,264,DESKTOP-887GK2L,6,,,,,,,,,,,,False,C:\Users\turan\Desktop\defense-work-evtx-files\System.evtx,0x80000000000000,0,"{""EventData"":{""Data"":""VMCI: Using capabilities (0x1c).\n"",""Binary"":""00-00-00-00-02-00-28-00-00-00-00-00-03-00-08-40-03-00-08-40-00-00-00-00-00-00-00-00-00-00-00-00-00-00-00-00-00-00-00-00""}}"
859,859,2023-03-10 02:00:25.1076467,6,Info,Microsoft-Windows-FilterManager,System,4,8,DESKTOP-887GK2L,6,S-1-5-18,,,,,,,,,,,False,C:\Users\turan\Desktop\defense-work-evtx-files\System.evtx,Classic,0,"{""EventData"":{""Data"":[{""@Name"":""FinalStatus"",""#text"":""0x0""},{""@Name"":""DeviceVersionMajor"",""#text"":""10""},{""@Name"":""DeviceVersionMinor"",""#text"":""0""},{""@Name"":""DeviceNameLength"",""#text"":""8""},{""@Name"":""DeviceName"",""#text"":""FileInfo""},{""@Name"":""DeviceTime"",""#text"":""2062-12-22 21:21:06.0000000""}]}}"
860,860,2023-03-10 02:00:25.1081113,6,Info,Microsoft-Windows-FilterManager,System,4,8,DESKTOP-887GK2L,6,S-1-5-18,,,,,,,,,,,False,C:\Users\turan\Desktop\defense-work-evtx-files\System.evtx,Classic,0,"{""EventData"":{""Data"":[{""@Name"":""FinalStatus"",""#text"":""0x0""},{""@Name"":""DeviceVersionMajor"",""#text"":""10""},{""@Name"":""DeviceVersionMinor"",""#text"":""0""},{""@Name"":""DeviceNameLength"",""#text"":""3""},{""@Name"":""DeviceName"",""#text"":""Wof""},{""@Name"":""DeviceTime"",""#text"":""2024-08-23 06:35:41.0000000""}]}}"
861,861,2023-03-10 02:00:25.1088939,6,Info,Microsoft-Windows-FilterManager,System,4,8,DESKTOP-887GK2L,6,S-1-5-18,,,,,,,,,,,False,C:\Users\turan\Desktop\defense-work-evtx-files\System.evtx,Classic,0,"{""EventData"":{""Data"":[{""@Name"":""FinalStatus"",""#text"":""0x0""},{""@Name"":""DeviceVersionMajor"",""#text"":""10""},{""@Name"":""DeviceVersionMinor"",""#text"":""0""},{""@Name"":""DeviceNameLength"",""#text"":""8""},{""@Name"":""DeviceName"",""#text"":""WdFilter""},{""@Name"":""DeviceTime"",""#text"":""2101-02-28 03:30:25.0000000""}]}}"
862,862,2023-03-10 02:00:25.2770002,98,Info,Microsoft-Windows-Ntfs,System,4,228,DESKTOP-887GK2L,6,S-1-5-18,,,,,,,,,,,False,C:\Users\turan\Desktop\defense-work-evtx-files\System.evtx,0x8000000000000002,0,"{""EventData"":{""Data"":[{""@Name"":""DriveName"",""#text"":""C:""},{""@Name"":""DeviceName"",""#text"":""\\Device\\HarddiskVolume3""},{""@Name"":""CorruptionActionState"",""#text"":""0""}]}}"
863,863,2023-03-10 02:00:25.3391009,6,Info,Microsoft-Windows-FilterManager,System,4,8,DESKTOP-887GK2L,6,S-1-5-18,,,,,,,,,,,False,C:\Users\turan\Desktop\defense-work-evtx-files\System.evtx,Classic,0,"{""EventData"":{""Data"":[{""@Name"":""FinalStatus"",""#text"":""0x0""},{""@Name"":""DeviceVersionMajor"",""#text"":""10""},{""@Name"":""DeviceVersionMinor"",""#text"":""0""},{""@Name"":""DeviceNameLength"",""#text"":""9""},{""@Name"":""DeviceName"",""#text"":""FileCrypt""},{""@Name"":""DeviceTime"",""#text"":""2002-03-01 03:12:42.0000000""}]}}"
864,864,2023-03-10 02:00:25.4517567,6,Info,Microsoft-Windows-FilterManager,System,4,8,DESKTOP-887GK2L,6,S-1-5-18,,,,,,,,,,,False,C:\Users\turan\Desktop\defense-work-evtx-files\System.evtx,Classic,0,"{""EventData"":{""Data"":[{""@Name"":""FinalStatus"",""#text"":""0x0""},{""@Name"":""DeviceVersionMajor"",""#text"":""10""},{""@Name"":""DeviceVersionMinor"",""#text"":""0""},{""@Name"":""DeviceNameLength"",""#text"":""9""},{""@Name"":""DeviceName"",""#text"":""npsvctrig""},{""@Name"":""DeviceTime"",""#text"":""2025-01-05 18:41:12.0000000""}]}}"
865,865,2023-03-10 02:00:25.4924688,172,Info,Microsoft-Windows-Kernel-Power,System,4,392,DESKTOP-887GK2L,6,S-1-5-18,,,,,,,,,,,False,C:\Users\turan\Desktop\defense-work-evtx-files\System.evtx,0x8000000000000404,0,"{""EventData"":{""Data"":[{""@Name"":""State"",""#text"":""2""},{""@Name"":""Reason"",""#text"":""6""}]}}"
866,866,2023-03-10 02:00:25.7046784,55,Info,Microsoft-Windows-Kernel-Processor-Power,System,4,260,DESKTOP-887GK2L,6,S-1-5-18,,,,,,,,,,,False,C:\Users\turan\Desktop\defense-work-evtx-files\System.evtx,Classic,0,"{""EventData"":{""Data"":[{""@Name"":""Group"",""#text"":""0""},{""@Name"":""Number"",""#text"":""0""},{""@Name"":""IdleStateCount"",""#text"":""1""},{""@Name"":""IdleImplementation"",""#text"":""1""},{""@Name"":""NominalFrequency"",""#text"":""3693""},{""@Name"":""MaximumPerformancePercent"",""#text"":""100""},{""@Name"":""MinimumPerformancePercent"",""#text"":""100""},{""@Name"":""MinimumThrottlePercent"",""#text"":""100""},{""@Name"":""PerformanceImplementation"",""#text"":""0""}]}}"
867,867,2023-03-10 02:00:25.7055290,55,Info,Microsoft-Windows-Kernel-Processor-Power,System,4,260,DESKTOP-887GK2L,6,S-1-5-18,,,,,,,,,,,False,C:\Users\turan\Desktop\defense-work-evtx-files\System.evtx,Classic,0,"{""EventData"":{""Data"":[{""@Name"":""Group"",""#text"":""0""},{""@Name"":""Number"",""#text"":""1""},{""@Name"":""IdleStateCount"",""#text"":""1""},{""@Name"":""IdleImplementation"",""#text"":""1""},{""@Name"":""NominalFrequency"",""#text"":""3693""},{""@Name"":""MaximumPerformancePercent"",""#text"":""100""},{""@Name"":""MinimumPerformancePercent"",""#text"":""100""},{""@Name"":""MinimumThrottlePercent"",""#text"":""100""},{""@Name"":""PerformanceImplementation"",""#text"":""0""}]}}"
868,868,2023-03-10 02:00:25.7062702,55,Info,Microsoft-Windows-Kernel-Processor-Power,System,4,260,DESKTOP-887GK2L,6,S-1-5-18,,,,,,,,,,,False,C:\Users\turan\Desktop\defense-work-evtx-files\System.evtx,Classic,0,"{""EventData"":{""Data"":[{""@Name"":""Group"",""#text"":""0""},{""@Name"":""Number"",""#text"":""2""},{""@Name"":""IdleStateCount"",""#text"":""1""},{""@Name"":""IdleImplementation"",""#text"":""1""},{""@Name"":""NominalFrequency"",""#text"":""3693""},{""@Name"":""MaximumPerformancePercent"",""#text"":""100""},{""@Name"":""MinimumPerformancePercent"",""#text"":""100""},{""@Name"":""MinimumThrottlePercent"",""#text"":""100""},{""@Name"":""PerformanceImplementation"",""#text"":""0""}]}}"
