291,291,2023-03-01 07:10:50.4317903,1,Info,Microsoft-Windows-FilterManager,System,4,344,DESKTOP-887GK2L,2,S-1-5-18,,,,,,,,,,,False,C:\Users\turan\Desktop\defense-work-evtx-files\System.evtx,Classic,0,"{""EventData"":{""Data"":[{""@Name"":""FinalStatus"",""#text"":""0x0""},{""@Name"":""DeviceVersionMajor"",""#text"":""10""},{""@Name"":""DeviceVersionMinor"",""#text"":""0""},{""@Name"":""DeviceNameLength"",""#text"":""6""},{""@Name"":""DeviceName"",""#text"":""CldFlt""},{""@Name"":""DeviceTime"",""#text"":""2033-11-18 18:49:10.0000000""}]}}"
292,292,2023-03-01 07:10:50.4318461,6,Info,Microsoft-Windows-FilterManager,System,4,344,DESKTOP-887GK2L,2,S-1-5-18,,,,,,,,,,,False,C:\Users\turan\Desktop\defense-work-evtx-files\System.evtx,Classic,0,"{""EventData"":{""Data"":[{""@Name"":""FinalStatus"",""#text"":""0x0""},{""@Name"":""DeviceVersionMajor"",""#text"":""10""},{""@Name"":""DeviceVersionMinor"",""#text"":""0""},{""@Name"":""DeviceNameLength"",""#text"":""6""},{""@Name"":""DeviceName"",""#text"":""CldFlt""},{""@Name"":""DeviceTime"",""#text"":""2033-11-18 18:49:10.0000000""}]}}"
293,293,2023-03-01 07:10:50.4349154,51046,Info,Microsoft-Windows-DHCPv6-Client,System,1464,1656,DESKTOP-887GK2L,2,S-1-5-19,,,,,,,,,,,False,C:\Users\turan\Desktop\defense-work-evtx-files\System.evtx,0x2000000000000000,0,"{""EventData"":""""}"
294,294,2023-03-01 07:10:50.4374490,6,Info,Microsoft-Windows-FilterManager,System,4,344,DESKTOP-887GK2L,2,S-1-5-18,,,,,,,,,,,False,C:\Users\turan\Desktop\defense-work-evtx-files\System.evtx,Classic,0,"{""EventData"":{""Data"":[{""@Name"":""FinalStatus"",""#text"":""0x0""},{""@Name"":""DeviceVersionMajor"",""#text"":""10""},{""@Name"":""DeviceVersionMinor"",""#text"":""0""},{""@Name"":""DeviceNameLength"",""#text"":""10""},{""@Name"":""DeviceName"",""#text"":""storqosflt""},{""@Name"":""DeviceTime"",""#text"":""2007-04-09 10:08:30.0000000""}]}}"
295,295,2023-03-01 07:10:50.4420897,6,Info,Microsoft-Windows-FilterManager,System,4,344,DESKTOP-887GK2L,2,S-1-5-18,,,,,,,,,,,False,C:\Users\turan\Desktop\defense-work-evtx-files\System.evtx,Classic,0,"{""EventData"":{""Data"":[{""@Name"":""FinalStatus"",""#text"":""0x0""},{""@Name"":""DeviceVersionMajor"",""#text"":""10""},{""@Name"":""DeviceVersionMinor"",""#text"":""0""},{""@Name"":""DeviceNameLength"",""#text"":""7""},{""@Name"":""DeviceName"",""#text"":""bindflt""},{""@Name"":""DeviceTime"",""#text"":""2070-08-23 01:34:13.0000000""}]}}"
296,296,2023-03-01 07:10:50.7145598,7001,Info,Microsoft-Windows-Winlogon,System,644,488,DESKTOP-887GK2L,2,S-1-5-18,User logon,,,UserSID: S-1-5-21-3393683511-3463148672-371912004-1001,,,,,,,False,C:\Users\turan\Desktop\defense-work-evtx-files\System.evtx,0x2000200000000000,0,"{""EventData"":{""Data"":[{""@Name"":""TSId"",""#text"":""1""},{""@Name"":""UserSid"",""#text"":""S-1-5-21-3393683511-3463148672-371912004-1001""}]}}"
297,297,2023-03-01 07:10:50.7375626,16,Info,Microsoft-Windows-Kernel-General,System,1320,1520,DESKTOP-887GK2L,2,S-1-5-18,,,,,,,,,,,False,C:\Users\turan\Desktop\defense-work-evtx-files\System.evtx,Classic,0,"{""EventData"":{""Data"":[{""@Name"":""HiveNameLength"",""#text"":""35""},{""@Name"":""HiveName"",""#text"":""\\??\\C:\\Users\\CyberJunkie\\ntuser.dat""},{""@Name"":""KeysUpdated"",""#text"":""2515""},{""@Name"":""DirtyPages"",""#text"":""145""}]}}"
298,298,2023-03-01 07:10:50.7729583,16,Info,Microsoft-Windows-Kernel-General,System,1320,1520,DESKTOP-887GK2L,2,S-1-5-18,,,,,,,,,,,False,C:\Users\turan\Desktop\defense-work-evtx-files\System.evtx,Classic,0,"{""EventData"":{""Data"":[{""@Name"":""HiveNameLength"",""#text"":""69""},{""@Name"":""HiveName"",""#text"":""\\??\\C:\\Users\\CyberJunkie\\AppData\\Local\\Microsoft\\Windows\\UsrClass.dat""},{""@Name"":""KeysUpdated"",""#text"":""5234""},{""@Name"":""DirtyPages"",""#text"":""522""}]}}"
299,299,2023-03-01 07:10:50.9866252,7026,Info,Service Control Manager,System,704,708,DESKTOP-887GK2L,2,,,,,,,,,,,,False,C:\Users\turan\Desktop\defense-work-evtx-files\System.evtx,"Audit success, classic",0,"{""EventData"":{""Data"":{""@Name"":""param1"",""#text"":"", dam""}}}"
300,300,2023-03-01 07:10:52.4981320,16,Info,Microsoft-Windows-Kernel-General,System,2960,4572,DESKTOP-887GK2L,2,S-1-5-18,,,,,,,,,,,False,C:\Users\turan\Desktop\defense-work-evtx-files\System.evtx,Classic,0,"{""EventData"":{""Data"":[{""@Name"":""HiveNameLength"",""#text"":""45""},{""@Name"":""HiveName"",""#text"":""\\??\\C:\\Windows\\AppCompat\\Programs\\Amcache.hve""},{""@Name"":""KeysUpdated"",""#text"":""383""},{""@Name"":""DirtyPages"",""#text"":""203""}]}}"
301,301,2023-03-01 07:10:53.7239970,16,Info,Microsoft-Windows-Kernel-General,System,6028,6064,DESKTOP-887GK2L,2,S-1-5-18,,,,,,,,,,,False,C:\Users\turan\Desktop\defense-work-evtx-files\System.evtx,Classic,0,"{""EventData"":{""Data"":[{""@Name"":""HiveNameLength"",""#text"":""125""},{""@Name"":""HiveName"",""#text"":""\\??\\C:\\Users\\CyberJunkie\\AppData\\Local\\Packages\\Microsoft.Windows.StartMenuExperienceHost_cw5n1h2txyewy\\Settings\\settings.dat""},{""@Name"":""KeysUpdated"",""#text"":""4""},{""@Name"":""DirtyPages"",""#text"":""1""}]}}"
302,302,2023-03-01 07:10:54.0497247,16,Info,Microsoft-Windows-Kernel-General,System,6284,6304,DESKTOP-887GK2L,2,S-1-5-18,,,,,,,,,,,False,C:\Users\turan\Desktop\defense-work-evtx-files\System.evtx,Classic,0,"{""EventData"":{""Data"":[{""@Name"":""HiveNameLength"",""#text"":""108""},{""@Name"":""HiveName"",""#text"":""\\??\\C:\\Users\\CyberJunkie\\AppData\\Local\\Packages\\Microsoft.Windows.Search_cw5n1h2txyewy\\Settings\\settings.dat""},{""@Name"":""KeysUpdated"",""#text"":""85""},{""@Name"":""DirtyPages"",""#text"":""9""}]}}"
303,303,2023-03-01 07:10:54.3460778,16,Info,Microsoft-Windows-Kernel-General,System,6716,6816,DESKTOP-887GK2L,2,S-1-5-18,,,,,,,,,,,False,C:\Users\turan\Desktop\defense-work-evtx-files\System.evtx,Classic,0,"{""EventData"":{""Data"":[{""@Name"":""HiveNameLength"",""#text"":""110""},{""@Name"":""HiveName"",""#text"":""\\??\\C:\\Users\\CyberJunkie\\AppData\\Local\\Packages\\Microsoft.AAD.BrokerPlugin_cw5n1h2txyewy\\Settings\\settings.dat""},{""@Name"":""KeysUpdated"",""#text"":""5""},{""@Name"":""DirtyPages"",""#text"":""1""}]}}"
304,304,2023-03-01 07:10:54.5512903,15,Info,Microsoft-Windows-Kernel-General,System,4,6136,DESKTOP-887GK2L,2,S-1-5-18,,,,,,,,,,,False,C:\Users\turan\Desktop\defense-work-evtx-files\System.evtx,Classic,0,"{""EventData"":{""Data"":[{""@Name"":""HiveNameLength"",""#text"":""35""},{""@Name"":""HiveName"",""#text"":""\\SystemRoot\\System32\\config\\DRIVERS""},{""@Name"":""OriginalSize"",""#text"":""3911680""},{""@Name"":""NewSize"",""#text"":""3887104""}]}}"
305,305,2023-03-01 07:10:54.8896323,16,Info,Microsoft-Windows-Kernel-General,System,7096,6788,DESKTOP-887GK2L,2,S-1-5-18,,,,,,,,,,,False,C:\Users\turan\Desktop\defense-work-evtx-files\System.evtx,Classic,0,"{""EventData"":{""Data"":[{""@Name"":""HiveNameLength"",""#text"":""101""},{""@Name"":""HiveName"",""#text"":""\\??\\C:\\Users\\CyberJunkie\\AppData\\Local\\Packages\\Microsoft.LockApp_cw5n1h2txyewy\\Settings\\settings.dat""},{""@Name"":""KeysUpdated"",""#text"":""3""},{""@Name"":""DirtyPages"",""#text"":""1""}]}}"
306,306,2023-03-01 07:10:59.0791100,7040,Info,Service Control Manager,System,704,3416,DESKTOP-887GK2L,2,S-1-5-18,Start type of a service has changed,,,The start type of the Windows Time was changed from demand start to auto start,,,,,,W32Time,False,C:\Users\turan\Desktop\defense-work-evtx-files\System.evtx,"Audit success, classic",0,"{""EventData"":{""Data"":[{""@Name"":""param1"",""#text"":""Windows Time""},{""@Name"":""param2"",""#text"":""demand start""},{""@Name"":""param3"",""#text"":""auto start""},{""@Name"":""param4"",""#text"":""W32Time""}]}}"
307,307,2023-03-01 07:10:59.4859663,1014,Warning,Microsoft-Windows-DNS-Client,System,2372,5156,DESKTOP-887GK2L,2,S-1-5-20,,,,,,,,,,,False,C:\Users\turan\Desktop\defense-work-evtx-files\System.evtx,0x4000000010000000,0,"{""EventData"":{""Data"":[{""@Name"":""QueryName"",""#text"":""wpad""},{""@Name"":""AddressLength"",""#text"":""128""},{""@Name"":""Address"",""#text"":""02-00-00-00-C0-A8-E6-02-00-00-00-00-00-00-00-00-00-00-00-00-00-00-00-00-00-00-00-00-00-00-00-00-00-00-00-00-00-00-00-00-00-00-00-00-00-00-00-00-00-00-00-00-00-00-00-00-00-00-00-00-00-00-00-00-00-00-00-00-00-00-00-00-00-00-00-00-00-00-00-00-00-00-00-00-00-00-00-00-00-00-00-00-00-00-00-00-00-00-00-00-00-00-00-00-00-00-00-00-00-00-00-00-00-00-00-00-00-00-00-00-00-00-00-00-00-00-00-00""}]}}"
308,308,2023-03-01 07:11:07.5011388,15,Info,Microsoft-Windows-Kernel-General,System,6856,6908,DESKTOP-887GK2L,2,S-1-5-18,,,,,,,,,,,False,C:\Users\turan\Desktop\defense-work-evtx-files\System.evtx,Classic,0,"{""EventData"":{""Data"":[{""@Name"":""HiveNameLength"",""#text"":""41""},{""@Name"":""HiveName"",""#text"":""\\??\\C:\\Windows\\System32\\config\\COMPONENTS""},{""@Name"":""OriginalSize"",""#text"":""26898432""},{""@Name"":""NewSize"",""#text"":""26898432""}]}}"
309,309,2023-03-01 07:11:25.1099637,10016,Warning,Microsoft-Windows-DistributedCOM,System,964,1108,DESKTOP-887GK2L,2,S-1-5-21-3393683511-3463148672-371912004-1001,,,,,,,,,,,False,C:\Users\turan\Desktop\defense-work-evtx-files\System.evtx,"Audit success, classic",0,"{""EventData"":{""Data"":[{""@Name"":""param1"",""#text"":""machine-default""},{""@Name"":""param2"",""#text"":""Local""},{""@Name"":""param3"",""#text"":""Activation""},{""@Name"":""param4"",""#text"":""{C2F03A33-21F5-47FA-B4BB-156362A2F239}""},{""@Name"":""param5"",""#text"":""{316CDED5-E4AE-4B15-9113-7055D84DCC97}""},{""@Name"":""param6"",""#text"":""DESKTOP-887GK2L""},{""@Name"":""param7"",""#text"":""CyberJunkie""},{""@Name"":""param8"",""#text"":""S-1-5-21-3393683511-3463148672-371912004-1001""},{""@Name"":""param9"",""#text"":""LocalHost (Using LRPC)""},{""@Name"":""param10"",""#text"":""Microsoft.Windows.ShellExperienceHost_10.0.19041.1023_neutral_neutral_cw5n1h2txyewy""},{""@Name"":""param11"",""#text"":""S-1-15-2-155514346-2573954481-755741238-1654018636-1233331829-3075935687-2861478708""}]}}"
310,310,2023-03-01 07:11:25.1752271,16,Info,Microsoft-Windows-Kernel-General,System,4516,924,DESKTOP-887GK2L,2,S-1-5-18,,,,,,,,,,,False,C:\Users\turan\Desktop\defense-work-evtx-files\System.evtx,Classic,0,"{""EventData"":{""Data"":[{""@Name"":""HiveNameLength"",""#text"":""121""},{""@Name"":""HiveName"",""#text"":""\\??\\C:\\Users\\CyberJunkie\\AppData\\Local\\Packages\\Microsoft.Windows.ShellExperienceHost_cw5n1h2txyewy\\Settings\\settings.dat""},{""@Name"":""KeysUpdated"",""#text"":""3""},{""@Name"":""DirtyPages"",""#text"":""1""}]}}"
311,311,2023-03-01 07:11:38.6877977,10016,Warning,Microsoft-Windows-DistributedCOM,System,964,1316,DESKTOP-887GK2L,2,S-1-5-21-3393683511-3463148672-371912004-1001,,,,,,,,,,,False,C:\Users\turan\Desktop\defense-work-evtx-files\System.evtx,"Audit success, classic",0,"{""EventData"":{""Data"":[{""@Name"":""param1"",""#text"":""machine-default""},{""@Name"":""param2"",""#text"":""Local""},{""@Name"":""param3"",""#text"":""Activation""},{""@Name"":""param4"",""#text"":""{C2F03A33-21F5-47FA-B4BB-156362A2F239}""},{""@Name"":""param5"",""#text"":""{316CDED5-E4AE-4B15-9113-7055D84DCC97}""},{""@Name"":""param6"",""#text"":""DESKTOP-887GK2L""},{""@Name"":""param7"",""#text"":""CyberJunkie""},{""@Name"":""param8"",""#text"":""S-1-5-21-3393683511-3463148672-371912004-1001""},{""@Name"":""param9"",""#text"":""LocalHost (Using LRPC)""},{""@Name"":""param10"",""#text"":""Microsoft.Windows.ShellExperienceHost_10.0.19041.1023_neutral_neutral_cw5n1h2txyewy""},{""@Name"":""param11"",""#text"":""S-1-15-2-155514346-2573954481-755741238-1654018636-1233331829-3075935687-2861478708""}]}}"
312,312,2023-03-01 07:11:40.3842172,16,Info,Microsoft-Windows-Kernel-General,System,2804,2800,DESKTOP-887GK2L,2,S-1-5-18,,,,,,,,,,,False,C:\Users\turan\Desktop\defense-work-evtx-files\System.evtx,Classic,0,"{""EventData"":{""Data"":[{""@Name"":""HiveNameLength"",""#text"":""119""},{""@Name"":""HiveName"",""#text"":""\\??\\C:\\Users\\CyberJunkie\\AppData\\Local\\Packages\\microsoft.windowscommunicationsapps_8wekyb3d8bbwe\\Settings\\settings.dat""},{""@Name"":""KeysUpdated"",""#text"":""33""},{""@Name"":""DirtyPages"",""#text"":""2""}]}}"
313,313,2023-03-01 07:11:40.8716220,16,Info,Microsoft-Windows-Kernel-General,System,5836,7388,DESKTOP-887GK2L,2,S-1-5-18,,,,,,,,,,,False,C:\Users\turan\Desktop\defense-work-evtx-files\System.evtx,Classic,0,"{""EventData"":{""Data"":[{""@Name"":""HiveNameLength"",""#text"":""106""},{""@Name"":""HiveName"",""#text"":""\\??\\C:\\Users\\CyberJunkie\\AppData\\Local\\Packages\\Microsoft.WindowsStore_8wekyb3d8bbwe\\Settings\\settings.dat""},{""@Name"":""KeysUpdated"",""#text"":""8""},{""@Name"":""DirtyPages"",""#text"":""1""}]}}"
314,314,2023-03-01 07:12:51.0259061,16,Info,Microsoft-Windows-Kernel-General,System,3676,4052,DESKTOP-887GK2L,2,S-1-5-18,,,,,,,,,,,False,C:\Users\turan\Desktop\defense-work-evtx-files\System.evtx,Classic,0,"{""EventData"":{""Data"":[{""@Name"":""HiveNameLength"",""#text"":""119""},{""@Name"":""HiveName"",""#text"":""\\??\\C:\\Windows\\ServiceProfiles\\NetworkService\\AppData\\Local\\Microsoft\\Windows\\DeliveryOptimization\\State\\dosvcState.dat""},{""@Name"":""KeysUpdated"",""#text"":""14""},{""@Name"":""DirtyPages"",""#text"":""3""}]}}"
315,315,2023-03-01 07:12:51.7229084,10016,Warning,Microsoft-Windows-DistributedCOM,System,964,992,DESKTOP-887GK2L,2,S-1-5-18,,,,,,,,,,,False,C:\Users\turan\Desktop\defense-work-evtx-files\System.evtx,"Audit success, classic",0,"{""EventData"":{""Data"":[{""@Name"":""param1"",""#text"":""application-specific""},{""@Name"":""param2"",""#text"":""Local""},{""@Name"":""param3"",""#text"":""Launch""},{""@Name"":""param4"",""#text"":""Windows.SecurityCenter.SecurityAppBroker""},{""@Name"":""param5"",""#text"":""Unavailable""},{""@Name"":""param6"",""#text"":""NT AUTHORITY""},{""@Name"":""param7"",""#text"":""SYSTEM""},{""@Name"":""param8"",""#text"":""S-1-5-18""},{""@Name"":""param9"",""#text"":""LocalHost (Using LRPC)""},{""@Name"":""param10"",""#text"":""Unavailable""},{""@Name"":""param11"",""#text"":""Unavailable""}]}}"
316,316,2023-03-01 07:12:51.7229084,10016,Warning,Microsoft-Windows-DistributedCOM,System,964,1108,DESKTOP-887GK2L,2,S-1-5-18,,,,,,,,,,,False,C:\Users\turan\Desktop\defense-work-evtx-files\System.evtx,"Audit success, classic",0,"{""EventData"":{""Data"":[{""@Name"":""param1"",""#text"":""application-specific""},{""@Name"":""param2"",""#text"":""Local""},{""@Name"":""param3"",""#text"":""Launch""},{""@Name"":""param4"",""#text"":""Windows.SecurityCenter.WscBrokerManager""},{""@Name"":""param5"",""#text"":""Unavailable""},{""@Name"":""param6"",""#text"":""NT AUTHORITY""},{""@Name"":""param7"",""#text"":""SYSTEM""},{""@Name"":""param8"",""#text"":""S-1-5-18""},{""@Name"":""param9"",""#text"":""LocalHost (Using LRPC)""},{""@Name"":""param10"",""#text"":""Unavailable""},{""@Name"":""param11"",""#text"":""Unavailable""}]}}"
317,317,2023-03-01 07:12:51.7229084,10016,Warning,Microsoft-Windows-DistributedCOM,System,964,1308,DESKTOP-887GK2L,2,S-1-5-18,,,,,,,,,,,False,C:\Users\turan\Desktop\defense-work-evtx-files\System.evtx,"Audit success, classic",0,"{""EventData"":{""Data"":[{""@Name"":""param1"",""#text"":""application-specific""},{""@Name"":""param2"",""#text"":""Local""},{""@Name"":""param3"",""#text"":""Launch""},{""@Name"":""param4"",""#text"":""Windows.SecurityCenter.WscDataProtection""},{""@Name"":""param5"",""#text"":""Unavailable""},{""@Name"":""param6"",""#text"":""NT AUTHORITY""},{""@Name"":""param7"",""#text"":""SYSTEM""},{""@Name"":""param8"",""#text"":""S-1-5-18""},{""@Name"":""param9"",""#text"":""LocalHost (Using LRPC)""},{""@Name"":""param10"",""#text"":""Unavailable""},{""@Name"":""param11"",""#text"":""Unavailable""}]}}"
318,318,2023-03-01 07:13:05.7074897,44,Info,Microsoft-Windows-WindowsUpdateClient,System,5320,8016,DESKTOP-887GK2L,2,S-1-5-18,,,,,,,,,,,False,C:\Users\turan\Desktop\defense-work-evtx-files\System.evtx,0x8000000000002004,0,"{""EventData"":{""Data"":[{""@Name"":""updateTitle"",""#text"":""Security Intelligence Update for Microsoft Defender Antivirus - KB2267602 (Version 1.383.823.0)""},{""@Name"":""updateGuid"",""#text"":""d0be1197-c565-4da9-98ef-1dac358f5fe6""},{""@Name"":""updateRevisionNumber"",""#text"":""200""}]}}"
319,319,2023-03-01 07:13:29.5546279,44,Info,Microsoft-Windows-WindowsUpdateClient,System,5320,5744,DESKTOP-887GK2L,2,S-1-5-18,,,,,,,,,,,False,C:\Users\turan\Desktop\defense-work-evtx-files\System.evtx,0x8000000000002004,0,"{""EventData"":{""Data"":[{""@Name"":""updateTitle"",""#text"":""VMware, Inc. - System - 9.8.18.0""},{""@Name"":""updateGuid"",""#text"":""b5857a80-fd07-4a9d-9adf-2a3a6db94b7e""},{""@Name"":""updateRevisionNumber"",""#text"":""1""}]}}"
320,320,2023-03-01 07:13:29.5546311,43,Info,Microsoft-Windows-WindowsUpdateClient,System,5320,5744,DESKTOP-887GK2L,2,S-1-5-18,,,,,,,,,,,False,C:\Users\turan\Desktop\defense-work-evtx-files\System.evtx,0x8000000000002008,0,"{""EventData"":{""Data"":[{""@Name"":""updateTitle"",""#text"":""VMware, Inc. - System - 9.8.18.0""},{""@Name"":""updateGuid"",""#text"":""b5857a80-fd07-4a9d-9adf-2a3a6db94b7e""},{""@Name"":""updateRevisionNumber"",""#text"":""1""}]}}"
321,321,2023-03-01 07:13:29.8951689,7045,Info,Service Control Manager,System,704,796,DESKTOP-887GK2L,2,S-1-5-18,A new service was installed in the system,,,Name: VMware VMCI Bus Driver,StartType: boot start,"Account: ",,,,System32\drivers\vmci.sys,False,C:\Users\turan\Desktop\defense-work-evtx-files\System.evtx,"Audit success, classic",0,"{""EventData"":{""Data"":[{""@Name"":""ServiceName"",""#text"":""VMware VMCI Bus Driver""},{""@Name"":""ImagePath"",""#text"":""System32\\drivers\\vmci.sys""},{""@Name"":""ServiceType"",""#text"":""kernel mode driver""},{""@Name"":""StartType"",""#text"":""boot start""},{""@Name"":""AccountName""}]}}"
322,322,2023-03-01 07:13:29.9574254,3,Info,vmci,System,4,7036,DESKTOP-887GK2L,2,,,,,,,,,,,,False,C:\Users\turan\Desktop\defense-work-evtx-files\System.evtx,0x80000000000000,0,"{""EventData"":{""Data"":""VMCI: Using capabilities (0x1c).\n"",""Binary"":""00-00-00-00-02-00-28-00-00-00-00-00-03-00-08-40-03-00-08-40-00-00-00-00-00-00-00-00-00-00-00-00-00-00-00-00-00-00-00-00""}}"
323,323,2023-03-01 07:13:30.0053040,19,Info,Microsoft-Windows-WindowsUpdateClient,System,5320,5744,DESKTOP-887GK2L,2,S-1-5-18,,,,,,,,,,,False,C:\Users\turan\Desktop\defense-work-evtx-files\System.evtx,Installation,0,"{""EventData"":{""Data"":[{""@Name"":""updateTitle"",""#text"":""VMware, Inc. - System - 9.8.18.0""},{""@Name"":""updateGuid"",""#text"":""b5857a80-fd07-4a9d-9adf-2a3a6db94b7e""},{""@Name"":""updateRevisionNumber"",""#text"":""1""},{""@Name"":""serviceGuid"",""#text"":""8b24b027-1dee-babb-9a95-3517dfb9c552""}]}}"
324,324,2023-03-01 07:14:00.2108814,44,Info,Microsoft-Windows-WindowsUpdateClient,System,5320,8016,DESKTOP-887GK2L,2,S-1-5-18,,,,,,,,,,,False,C:\Users\turan\Desktop\defense-work-evtx-files\System.evtx,0x8000000000002004,0,"{""EventData"":{""Data"":[{""@Name"":""updateTitle"",""#text"":""2022-04 Update for Windows 10 Version 21H2 for x64-based Systems (KB5005463)""},{""@Name"":""updateGuid"",""#text"":""9151c073-854c-474e-8e4c-3b7b067824b1""},{""@Name"":""updateRevisionNumber"",""#text"":""200""}]}}"
325,325,2023-03-01 07:14:00.2109765,44,Info,Microsoft-Windows-WindowsUpdateClient,System,5320,8016,DESKTOP-887GK2L,2,S-1-5-18,,,,,,,,,,,False,C:\Users\turan\Desktop\defense-work-evtx-files\System.evtx,0x8000000000002004,0,"{""EventData"":{""Data"":[{""@Name"":""updateTitle"",""#text"":""Windows Malicious Software Removal Tool x64 - v5.110 (KB890830)""},{""@Name"":""updateGuid"",""#text"":""8e212273-94f0-4b31-8bb5-00676a5423f4""},{""@Name"":""updateRevisionNumber"",""#text"":""200""}]}}"
326,326,2023-03-01 07:14:00.2109772,44,Info,Microsoft-Windows-WindowsUpdateClient,System,5320,8016,DESKTOP-887GK2L,2,S-1-5-18,,,,,,,,,,,False,C:\Users\turan\Desktop\defense-work-evtx-files\System.evtx,0x8000000000002004,0,"{""EventData"":{""Data"":[{""@Name"":""updateTitle"",""#text"":""2023-02 Cumulative Update for .NET Framework 3.5, 4.8 and 4.8.1 for Windows 10 Version 21H2 for x64 (KB5022728)""},{""@Name"":""updateGuid"",""#text"":""1229beb6-d6a0-4e64-9109-d378724924ce""},{""@Name"":""updateRevisionNumber"",""#text"":""201""}]}}"
327,327,2023-03-01 07:14:00.2109778,44,Info,Microsoft-Windows-WindowsUpdateClient,System,5320,8016,DESKTOP-887GK2L,2,S-1-5-18,,,,,,,,,,,False,C:\Users\turan\Desktop\defense-work-evtx-files\System.evtx,0x8000000000002004,0,"{""EventData"":{""Data"":[{""@Name"":""updateTitle"",""#text"":""2023-01 Update for Windows 10 Version 21H2 for x64-based Systems (KB4023057)""},{""@Name"":""updateGuid"",""#text"":""ab12df76-8ef0-49d1-b9dc-3c3013c25039""},{""@Name"":""updateRevisionNumber"",""#text"":""1""}]}}"
328,328,2023-03-01 07:14:00.2110090,44,Info,Microsoft-Windows-WindowsUpdateClient,System,5320,8016,DESKTOP-887GK2L,2,S-1-5-18,,,,,,,,,,,False,C:\Users\turan\Desktop\defense-work-evtx-files\System.evtx,0x8000000000002004,0,"{""EventData"":{""Data"":[{""@Name"":""updateTitle"",""#text"":""2023-02 Cumulative Update for Windows 10 Version 21H2 for x64-based Systems (KB5022834)""},{""@Name"":""updateGuid"",""#text"":""54f012c4-0c78-49ce-92c0-29096c768b2a""},{""@Name"":""updateRevisionNumber"",""#text"":""1""}]}}"
329,329,2023-03-01 07:14:07.2699041,10016,Warning,Microsoft-Windows-DistributedCOM,System,964,1308,DESKTOP-887GK2L,2,S-1-5-21-3393683511-3463148672-371912004-1001,,,,,,,,,,,False,C:\Users\turan\Desktop\defense-work-evtx-files\System.evtx,"Audit success, classic",0,"{""EventData"":{""Data"":[{""@Name"":""param1"",""#text"":""machine-default""},{""@Name"":""param2"",""#text"":""Local""},{""@Name"":""param3"",""#text"":""Activation""},{""@Name"":""param4"",""#text"":""{C2F03A33-21F5-47FA-B4BB-156362A2F239}""},{""@Name"":""param5"",""#text"":""{316CDED5-E4AE-4B15-9113-7055D84DCC97}""},{""@Name"":""param6"",""#text"":""DESKTOP-887GK2L""},{""@Name"":""param7"",""#text"":""CyberJunkie""},{""@Name"":""param8"",""#text"":""S-1-5-21-3393683511-3463148672-371912004-1001""},{""@Name"":""param9"",""#text"":""LocalHost (Using LRPC)""},{""@Name"":""param10"",""#text"":""Microsoft.Windows.ShellExperienceHost_10.0.19041.1023_neutral_neutral_cw5n1h2txyewy""},{""@Name"":""param11"",""#text"":""S-1-15-2-155514346-2573954481-755741238-1654018636-1233331829-3075935687-2861478708""}]}}"
330,330,2023-03-01 07:14:15.3546258,7040,Info,Service Control Manager,System,704,3416,DESKTOP-887GK2L,2,S-1-5-18,Start type of a service has changed,,,The start type of the Windows Modules Installer was changed from demand start to auto start,,,,,,TrustedInstaller,False,C:\Users\turan\Desktop\defense-work-evtx-files\System.evtx,"Audit success, classic",0,"{""EventData"":{""Data"":[{""@Name"":""param1"",""#text"":""Windows Modules Installer""},{""@Name"":""param2"",""#text"":""demand start""},{""@Name"":""param3"",""#text"":""auto start""},{""@Name"":""param4"",""#text"":""TrustedInstaller""}]}}"
331,331,2023-03-01 07:14:15.5291553,16,Info,Microsoft-Windows-Kernel-General,System,6856,7588,DESKTOP-887GK2L,2,S-1-5-18,,,,,,,,,,,False,C:\Users\turan\Desktop\defense-work-evtx-files\System.evtx,Classic,0,"{""EventData"":{""Data"":[{""@Name"":""HiveNameLength"",""#text"":""52""},{""@Name"":""HiveName"",""#text"":""\\??\\C:\\Windows\\System32\\SMI\\Store\\Machine\\SCHEMA.DAT""},{""@Name"":""KeysUpdated"",""#text"":""15611""},{""@Name"":""DirtyPages"",""#text"":""2653""}]}}"
332,332,2023-03-01 07:14:21.3812847,7040,Info,Service Control Manager,System,704,4136,DESKTOP-887GK2L,2,S-1-5-18,Start type of a service has changed,,,The start type of the Windows Modules Installer was changed from auto start to demand start,,,,,,TrustedInstaller,False,C:\Users\turan\Desktop\defense-work-evtx-files\System.evtx,"Audit success, classic",0,"{""EventData"":{""Data"":[{""@Name"":""param1"",""#text"":""Windows Modules Installer""},{""@Name"":""param2"",""#text"":""auto start""},{""@Name"":""param3"",""#text"":""demand start""},{""@Name"":""param4"",""#text"":""TrustedInstaller""}]}}"
333,333,2023-03-01 07:14:48.4597158,7040,Info,Service Control Manager,System,704,3404,DESKTOP-887GK2L,2,S-1-5-18,Start type of a service has changed,,,The start type of the Background Intelligent Transfer Service was changed from auto start to demand start,,,,,,BITS,False,C:\Users\turan\Desktop\defense-work-evtx-files\System.evtx,"Audit success, classic",0,"{""EventData"":{""Data"":[{""@Name"":""param1"",""#text"":""Background Intelligent Transfer Service""},{""@Name"":""param2"",""#text"":""auto start""},{""@Name"":""param3"",""#text"":""demand start""},{""@Name"":""param4"",""#text"":""BITS""}]}}"
334,334,2023-03-01 07:15:45.1380822,43,Info,Microsoft-Windows-WindowsUpdateClient,System,5320,5828,DESKTOP-887GK2L,2,S-1-5-18,,,,,,,,,,,False,C:\Users\turan\Desktop\defense-work-evtx-files\System.evtx,0x8000000000002008,0,"{""EventData"":{""Data"":[{""@Name"":""updateTitle"",""#text"":""Security Intelligence Update for Microsoft Defender Antivirus - KB2267602 (Version 1.383.823.0)""},{""@Name"":""updateGuid"",""#text"":""d0be1197-c565-4da9-98ef-1dac358f5fe6""},{""@Name"":""updateRevisionNumber"",""#text"":""200""}]}}"
335,335,2023-03-01 07:15:51.3427717,19,Info,Microsoft-Windows-WindowsUpdateClient,System,5320,5828,DESKTOP-887GK2L,2,S-1-5-18,,,,,,,,,,,False,C:\Users\turan\Desktop\defense-work-evtx-files\System.evtx,Installation,0,"{""EventData"":{""Data"":[{""@Name"":""updateTitle"",""#text"":""Security Intelligence Update for Microsoft Defender Antivirus - KB2267602 (Version 1.383.823.0)""},{""@Name"":""updateGuid"",""#text"":""d0be1197-c565-4da9-98ef-1dac358f5fe6""},{""@Name"":""updateRevisionNumber"",""#text"":""200""},{""@Name"":""serviceGuid"",""#text"":""9482f4b4-e343-43b6-b170-9a65bc822c77""}]}}"
336,336,2023-03-01 07:16:25.5065279,10016,Warning,Microsoft-Windows-DistributedCOM,System,964,7120,DESKTOP-887GK2L,2,S-1-5-21-3393683511-3463148672-371912004-1001,,,,,,,,,,,False,C:\Users\turan\Desktop\defense-work-evtx-files\System.evtx,"Audit success, classic",0,"{""EventData"":{""Data"":[{""@Name"":""param1"",""#text"":""machine-default""},{""@Name"":""param2"",""#text"":""Local""},{""@Name"":""param3"",""#text"":""Activation""},{""@Name"":""param4"",""#text"":""{C2F03A33-21F5-47FA-B4BB-156362A2F239}""},{""@Name"":""param5"",""#text"":""{316CDED5-E4AE-4B15-9113-7055D84DCC97}""},{""@Name"":""param6"",""#text"":""DESKTOP-887GK2L""},{""@Name"":""param7"",""#text"":""CyberJunkie""},{""@Name"":""param8"",""#text"":""S-1-5-21-3393683511-3463148672-371912004-1001""},{""@Name"":""param9"",""#text"":""LocalHost (Using LRPC)""},{""@Name"":""param10"",""#text"":""Microsoft.Windows.ShellExperienceHost_10.0.19041.1023_neutral_neutral_cw5n1h2txyewy""},{""@Name"":""param11"",""#text"":""S-1-15-2-155514346-2573954481-755741238-1654018636-1233331829-3075935687-2861478708""}]}}"
337,337,2023-03-01 07:17:29.6950758,7045,Info,Service Control Manager,System,704,2928,DESKTOP-887GK2L,2,S-1-5-18,A new service was installed in the system,,,Name: VMware Alias Manager and Ticket Service,StartType: auto start,Account: LocalSystem,,,,"""C:\Program Files\VMware\VMware Tools\VMware VGAuth\VGAuthService.exe""",False,C:\Users\turan\Desktop\defense-work-evtx-files\System.evtx,"Audit success, classic",0,"{""EventData"":{""Data"":[{""@Name"":""ServiceName"",""#text"":""VMware Alias Manager and Ticket Service""},{""@Name"":""ImagePath"",""#text"":""\""C:\\Program Files\\VMware\\VMware Tools\\VMware VGAuth\\VGAuthService.exe\""""},{""@Name"":""ServiceType"",""#text"":""user mode service""},{""@Name"":""StartType"",""#text"":""auto start""},{""@Name"":""AccountName"",""#text"":""LocalSystem""}]}}"
338,338,2023-03-01 07:17:29.8983036,7045,Info,Service Control Manager,System,704,3404,DESKTOP-887GK2L,2,S-1-5-18,A new service was installed in the system,,,Name: vSockets Virtual Machine Communication Interface Sockets driver,StartType: system start,"Account: ",,,,\SystemRoot\system32\DRIVERS\vsock.sys,False,C:\Users\turan\Desktop\defense-work-evtx-files\System.evtx,"Audit success, classic",0,"{""EventData"":{""Data"":[{""@Name"":""ServiceName"",""#text"":""vSockets Virtual Machine Communication Interface Sockets driver""},{""@Name"":""ImagePath"",""#text"":""\\SystemRoot\\system32\\DRIVERS\\vsock.sys""},{""@Name"":""ServiceType"",""#text"":""kernel mode driver""},{""@Name"":""StartType"",""#text"":""system start""},{""@Name"":""AccountName""}]}}"
339,339,2023-03-01 07:17:29.9450673,7040,Info,Service Control Manager,System,704,3404,DESKTOP-887GK2L,2,S-1-5-18,Start type of a service has changed,,,The start type of the Windows Socket 2.0 Non-IFS Service Provider Support Environment was changed from disabled to system start,,,,,,ws2ifsl,False,C:\Users\turan\Desktop\defense-work-evtx-files\System.evtx,"Audit success, classic",0,"{""EventData"":{""Data"":[{""@Name"":""param1"",""#text"":""Windows Socket 2.0 Non-IFS Service Provider Support Environment""},{""@Name"":""param2"",""#text"":""disabled""},{""@Name"":""param3"",""#text"":""system start""},{""@Name"":""param4"",""#text"":""ws2ifsl""}]}}"
340,340,2023-03-01 07:17:33.2420432,7045,Info,Service Control Manager,System,704,3404,DESKTOP-887GK2L,2,S-1-5-18,A new service was installed in the system,,,Name: VMware USB Pointing Device,StartType: demand start,"Account: ",,,,\SystemRoot\System32\drivers\vmusbmouse.sys,False,C:\Users\turan\Desktop\defense-work-evtx-files\System.evtx,"Audit success, classic",0,"{""EventData"":{""Data"":[{""@Name"":""ServiceName"",""#text"":""VMware USB Pointing Device""},{""@Name"":""ImagePath"",""#text"":""\\SystemRoot\\System32\\drivers\\vmusbmouse.sys""},{""@Name"":""ServiceType"",""#text"":""kernel mode driver""},{""@Name"":""StartType"",""#text"":""demand start""},{""@Name"":""AccountName""}]}}"
341,341,2023-03-01 07:17:33.7110222,7045,Info,Service Control Manager,System,704,4136,DESKTOP-887GK2L,2,S-1-5-18,A new service was installed in the system,,,Name: VMware Pointing Device,StartType: demand start,"Account: ",,,,\SystemRoot\System32\drivers\vmmouse.sys,False,C:\Users\turan\Desktop\defense-work-evtx-files\System.evtx,"Audit success, classic",0,"{""EventData"":{""Data"":[{""@Name"":""ServiceName"",""#text"":""VMware Pointing Device""},{""@Name"":""ImagePath"",""#text"":""\\SystemRoot\\System32\\drivers\\vmmouse.sys""},{""@Name"":""ServiceType"",""#text"":""kernel mode driver""},{""@Name"":""StartType"",""#text"":""demand start""},{""@Name"":""AccountName""}]}}"
342,342,2023-03-01 07:17:33.8356651,7045,Info,Service Control Manager,System,704,4136,DESKTOP-887GK2L,2,S-1-5-18,A new service was installed in the system,,,Name: Memory Control Driver,StartType: auto start,"Account: ",,,,\SystemRoot\system32\DRIVERS\vmmemctl.sys,False,C:\Users\turan\Desktop\defense-work-evtx-files\System.evtx,"Audit success, classic",0,"{""EventData"":{""Data"":[{""@Name"":""ServiceName"",""#text"":""Memory Control Driver""},{""@Name"":""ImagePath"",""#text"":""\\SystemRoot\\system32\\DRIVERS\\vmmemctl.sys""},{""@Name"":""ServiceType"",""#text"":""kernel mode driver""},{""@Name"":""StartType"",""#text"":""auto start""},{""@Name"":""AccountName""}]}}"
343,343,2023-03-01 07:17:34.9141419,7045,Info,Service Control Manager,System,704,4136,DESKTOP-887GK2L,2,S-1-5-18,A new service was installed in the system,,,Name: VMware Host Guest Client Redirector,StartType: demand start,"Account: ",,,,system32\DRIVERS\vmhgfs.sys,False,C:\Users\turan\Desktop\defense-work-evtx-files\System.evtx,"Audit success, classic",0,"{""EventData"":{""Data"":[{""@Name"":""ServiceName"",""#text"":""VMware Host Guest Client Redirector""},{""@Name"":""ImagePath"",""#text"":""system32\\DRIVERS\\vmhgfs.sys""},{""@Name"":""ServiceType"",""#text"":""kernel mode driver""},{""@Name"":""StartType"",""#text"":""demand start""},{""@Name"":""AccountName""}]}}"
344,344,2023-03-01 07:17:34.9921525,7045,Info,Service Control Manager,System,704,4136,DESKTOP-887GK2L,2,S-1-5-18,A new service was installed in the system,,,Name: VMware Physical Disk Helper,StartType: system start,"Account: ",,,,\SystemRoot\system32\DRIVERS\vmrawdsk.sys,False,C:\Users\turan\Desktop\defense-work-evtx-files\System.evtx,"Audit success, classic",0,"{""EventData"":{""Data"":[{""@Name"":""ServiceName"",""#text"":""VMware Physical Disk Helper""},{""@Name"":""ImagePath"",""#text"":""\\SystemRoot\\system32\\DRIVERS\\vmrawdsk.sys""},{""@Name"":""ServiceType"",""#text"":""kernel mode driver""},{""@Name"":""StartType"",""#text"":""system start""},{""@Name"":""AccountName""}]}}"
345,345,2023-03-01 07:17:37.4921431,7045,Info,Service Control Manager,System,704,4136,DESKTOP-887GK2L,2,S-1-5-18,A new service was installed in the system,,,Name: vm3dmp,StartType: demand start,"Account: ",,,,\SystemRoot\system32\DRIVERS\vm3dmp.sys,False,C:\Users\turan\Desktop\defense-work-evtx-files\System.evtx,"Audit success, classic",0,"{""EventData"":{""Data"":[{""@Name"":""ServiceName"",""#text"":""vm3dmp""},{""@Name"":""ImagePath"",""#text"":""\\SystemRoot\\system32\\DRIVERS\\vm3dmp.sys""},{""@Name"":""ServiceType"",""#text"":""kernel mode driver""},{""@Name"":""StartType"",""#text"":""demand start""},{""@Name"":""AccountName""}]}}"
346,346,2023-03-01 07:17:37.4979816,20003,Info,Microsoft-Windows-UserPnp,System,5680,4380,DESKTOP-887GK2L,2,S-1-5-18,Service installation,,,ServiceName: vm3dmp,AddServiceStatus: Unknown code (0),,UpdateService: False,PrimaryService: False,DeviceInstanceID: PCI\VEN_15AD&amp;DEV_0405&amp;SUBSYS_040515AD&amp;REV_00\3&amp;61AAA01&amp;0&amp;78,\SystemRoot\system32\DRIVERS\vm3dmp.sys,False,C:\Users\turan\Desktop\defense-work-evtx-files\System.evtx,Classic,0,"{""UserData"":{""AddServiceID"":{""ServiceName"":""vm3dmp"",""DriverFileName"":""\\SystemRoot\\system32\\DRIVERS\\vm3dmp.sys"",""DeviceInstanceID"":""PCI\\VEN_15AD&amp;DEV_0405&amp;SUBSYS_040515AD&amp;REV_00\\3&amp;61AAA01&amp;0&amp;78"",""PrimaryService"":""False"",""UpdateService"":""False"",""AddServiceStatus"":""0""}}}"
347,347,2023-03-01 07:17:37.4921431,7045,Info,Service Control Manager,System,704,4136,DESKTOP-887GK2L,2,S-1-5-18,A new service was installed in the system,,,Name: vm3dmp-debug,StartType: demand start,"Account: ",,,,\SystemRoot\system32\DRIVERS\vm3dmp-debug.sys,False,C:\Users\turan\Desktop\defense-work-evtx-files\System.evtx,"Audit success, classic",0,"{""EventData"":{""Data"":[{""@Name"":""ServiceName"",""#text"":""vm3dmp-debug""},{""@Name"":""ImagePath"",""#text"":""\\SystemRoot\\system32\\DRIVERS\\vm3dmp-debug.sys""},{""@Name"":""ServiceType"",""#text"":""kernel mode driver""},{""@Name"":""StartType"",""#text"":""demand start""},{""@Name"":""AccountName""}]}}"
348,348,2023-03-01 07:17:37.5013292,20003,Info,Microsoft-Windows-UserPnp,System,5680,4380,DESKTOP-887GK2L,2,S-1-5-18,Service installation,,,ServiceName: vm3dmp-debug,AddServiceStatus: Unknown code (0),,UpdateService: False,PrimaryService: False,DeviceInstanceID: PCI\VEN_15AD&amp;DEV_0405&amp;SUBSYS_040515AD&amp;REV_00\3&amp;61AAA01&amp;0&amp;78,\SystemRoot\system32\DRIVERS\vm3dmp-debug.sys,False,C:\Users\turan\Desktop\defense-work-evtx-files\System.evtx,Classic,0,"{""UserData"":{""AddServiceID"":{""ServiceName"":""vm3dmp-debug"",""DriverFileName"":""\\SystemRoot\\system32\\DRIVERS\\vm3dmp-debug.sys"",""DeviceInstanceID"":""PCI\\VEN_15AD&amp;DEV_0405&amp;SUBSYS_040515AD&amp;REV_00\\3&amp;61AAA01&amp;0&amp;78"",""PrimaryService"":""False"",""UpdateService"":""False"",""AddServiceStatus"":""0""}}}"
349,349,2023-03-01 07:17:37.4921431,7045,Info,Service Control Manager,System,704,4136,DESKTOP-887GK2L,2,S-1-5-18,A new service was installed in the system,,,Name: vm3dmp-stats,StartType: demand start,"Account: ",,,,\SystemRoot\system32\DRIVERS\vm3dmp-stats.sys,False,C:\Users\turan\Desktop\defense-work-evtx-files\System.evtx,"Audit success, classic",0,"{""EventData"":{""Data"":[{""@Name"":""ServiceName"",""#text"":""vm3dmp-stats""},{""@Name"":""ImagePath"",""#text"":""\\SystemRoot\\system32\\DRIVERS\\vm3dmp-stats.sys""},{""@Name"":""ServiceType"",""#text"":""kernel mode driver""},{""@Name"":""StartType"",""#text"":""demand start""},{""@Name"":""AccountName""}]}}"
350,350,2023-03-01 07:17:37.5044250,20003,Info,Microsoft-Windows-UserPnp,System,5680,4380,DESKTOP-887GK2L,2,S-1-5-18,Service installation,,,ServiceName: vm3dmp-stats,AddServiceStatus: Unknown code (0),,UpdateService: False,PrimaryService: False,DeviceInstanceID: PCI\VEN_15AD&amp;DEV_0405&amp;SUBSYS_040515AD&amp;REV_00\3&amp;61AAA01&amp;0&amp;78,\SystemRoot\system32\DRIVERS\vm3dmp-stats.sys,False,C:\Users\turan\Desktop\defense-work-evtx-files\System.evtx,Classic,0,"{""UserData"":{""AddServiceID"":{""ServiceName"":""vm3dmp-stats"",""DriverFileName"":""\\SystemRoot\\system32\\DRIVERS\\vm3dmp-stats.sys"",""DeviceInstanceID"":""PCI\\VEN_15AD&amp;DEV_0405&amp;SUBSYS_040515AD&amp;REV_00\\3&amp;61AAA01&amp;0&amp;78"",""PrimaryService"":""False"",""UpdateService"":""False"",""AddServiceStatus"":""0""}}}"
351,351,2023-03-01 07:17:37.4921431,7045,Info,Service Control Manager,System,704,4136,DESKTOP-887GK2L,2,S-1-5-18,A new service was installed in the system,,,Name: vm3dmp_loader,StartType: demand start,"Account: ",,,,\SystemRoot\system32\DRIVERS\vm3dmp_loader.sys,False,C:\Users\turan\Desktop\defense-work-evtx-files\System.evtx,"Audit success, classic",0,"{""EventData"":{""Data"":[{""@Name"":""ServiceName"",""#text"":""vm3dmp_loader""},{""@Name"":""ImagePath"",""#text"":""\\SystemRoot\\system32\\DRIVERS\\vm3dmp_loader.sys""},{""@Name"":""ServiceType"",""#text"":""kernel mode driver""},{""@Name"":""StartType"",""#text"":""demand start""},{""@Name"":""AccountName""}]}}"
352,352,2023-03-01 07:17:37.5074662,20003,Info,Microsoft-Windows-UserPnp,System,5680,4380,DESKTOP-887GK2L,2,S-1-5-18,Service installation,,,ServiceName: vm3dmp_loader,AddServiceStatus: Unknown code (0),,UpdateService: False,PrimaryService: True,DeviceInstanceID: PCI\VEN_15AD&amp;DEV_0405&amp;SUBSYS_040515AD&amp;REV_00\3&amp;61AAA01&amp;0&amp;78,\SystemRoot\system32\DRIVERS\vm3dmp_loader.sys,False,C:\Users\turan\Desktop\defense-work-evtx-files\System.evtx,Classic,0,"{""UserData"":{""AddServiceID"":{""ServiceName"":""vm3dmp_loader"",""DriverFileName"":""\\SystemRoot\\system32\\DRIVERS\\vm3dmp_loader.sys"",""DeviceInstanceID"":""PCI\\VEN_15AD&amp;DEV_0405&amp;SUBSYS_040515AD&amp;REV_00\\3&amp;61AAA01&amp;0&amp;78"",""PrimaryService"":""True"",""UpdateService"":""False"",""AddServiceStatus"":""0""}}}"
353,353,2023-03-01 07:17:37.5076412,7045,Info,Service Control Manager,System,704,4136,DESKTOP-887GK2L,2,S-1-5-18,A new service was installed in the system,,,Name: VMware SVGA Helper Service,StartType: auto start,Account: LocalSystem,,,,%SystemRoot%\system32\vm3dservice.exe,False,C:\Users\turan\Desktop\defense-work-evtx-files\System.evtx,"Audit success, classic",0,"{""EventData"":{""Data"":[{""@Name"":""ServiceName"",""#text"":""VMware SVGA Helper Service""},{""@Name"":""ImagePath"",""#text"":""%SystemRoot%\\system32\\vm3dservice.exe""},{""@Name"":""ServiceType"",""#text"":""user mode service""},{""@Name"":""StartType"",""#text"":""auto start""},{""@Name"":""AccountName"",""#text"":""LocalSystem""}]}}"
354,354,2023-03-01 07:17:37.5229585,20003,Info,Microsoft-Windows-UserPnp,System,5680,4380,DESKTOP-887GK2L,2,S-1-5-18,Service installation,,,ServiceName: VM3DService,AddServiceStatus: Unknown code (0),,UpdateService: False,PrimaryService: False,DeviceInstanceID: PCI\VEN_15AD&amp;DEV_0405&amp;SUBSYS_040515AD&amp;REV_00\3&amp;61AAA01&amp;0&amp;78,%SystemRoot%\system32\vm3dservice.exe,False,C:\Users\turan\Desktop\defense-work-evtx-files\System.evtx,Classic,0,"{""UserData"":{""AddServiceID"":{""ServiceName"":""VM3DService"",""DriverFileName"":""%SystemRoot%\\system32\\vm3dservice.exe"",""DeviceInstanceID"":""PCI\\VEN_15AD&amp;DEV_0405&amp;SUBSYS_040515AD&amp;REV_00\\3&amp;61AAA01&amp;0&amp;78"",""PrimaryService"":""False"",""UpdateService"":""False"",""AddServiceStatus"":""0""}}}"
355,355,2023-03-01 07:17:38.2966333,7045,Info,Service Control Manager,System,704,4136,DESKTOP-887GK2L,2,S-1-5-18,A new service was installed in the system,,,Name: VMware Tools,StartType: auto start,Account: LocalSystem,,,,"""C:\Program Files\VMware\VMware Tools\vmtoolsd.exe""",False,C:\Users\turan\Desktop\defense-work-evtx-files\System.evtx,"Audit success, classic",0,"{""EventData"":{""Data"":[{""@Name"":""ServiceName"",""#text"":""VMware Tools""},{""@Name"":""ImagePath"",""#text"":""\""C:\\Program Files\\VMware\\VMware Tools\\vmtoolsd.exe\""""},{""@Name"":""ServiceType"",""#text"":""user mode service""},{""@Name"":""StartType"",""#text"":""auto start""},{""@Name"":""AccountName"",""#text"":""LocalSystem""}]}}"
356,356,2023-03-01 07:17:39.9446220,4107,Info,Display,System,0,0,DESKTOP-887GK2L,2,,,,,,,,,,,,False,C:\Users\turan\Desktop\defense-work-evtx-files\System.evtx,0x80000000000000,0,"{""EventData"":{""Data"":"""",""Binary"":""""}}"
357,357,2023-03-01 07:17:39.3051348,7045,Info,Service Control Manager,System,704,4136,DESKTOP-887GK2L,2,S-1-5-18,A new service was installed in the system,,,Name: VMware Snapshot Provider,StartType: demand start,Account: NT AUTHORITY\LocalService,,,,C:\Windows\system32\dllhost.exe /Processid:{2478C0FD-BA8B-4969-A5DA-B413FCC10B45},False,C:\Users\turan\Desktop\defense-work-evtx-files\System.evtx,"Audit success, classic",0,"{""EventData"":{""Data"":[{""@Name"":""ServiceName"",""#text"":""VMware Snapshot Provider""},{""@Name"":""ImagePath"",""#text"":""C:\\Windows\\system32\\dllhost.exe /Processid:{2478C0FD-BA8B-4969-A5DA-B413FCC10B45}""},{""@Name"":""ServiceType"",""#text"":""user mode service""},{""@Name"":""StartType"",""#text"":""demand start""},{""@Name"":""AccountName"",""#text"":""NT AUTHORITY\\LocalService""}]}}"
358,358,2023-03-01 07:17:44.8334717,10016,Warning,Microsoft-Windows-DistributedCOM,System,964,3068,DESKTOP-887GK2L,2,S-1-5-21-3393683511-3463148672-371912004-1001,,,,,,,,,,,False,C:\Users\turan\Desktop\defense-work-evtx-files\System.evtx,"Audit success, classic",0,"{""EventData"":{""Data"":[{""@Name"":""param1"",""#text"":""machine-default""},{""@Name"":""param2"",""#text"":""Local""},{""@Name"":""param3"",""#text"":""Activation""},{""@Name"":""param4"",""#text"":""{C2F03A33-21F5-47FA-B4BB-156362A2F239}""},{""@Name"":""param5"",""#text"":""{316CDED5-E4AE-4B15-9113-7055D84DCC97}""},{""@Name"":""param6"",""#text"":""DESKTOP-887GK2L""},{""@Name"":""param7"",""#text"":""CyberJunkie""},{""@Name"":""param8"",""#text"":""S-1-5-21-3393683511-3463148672-371912004-1001""},{""@Name"":""param9"",""#text"":""LocalHost (Using LRPC)""},{""@Name"":""param10"",""#text"":""Microsoft.Windows.ShellExperienceHost_10.0.19041.1023_neutral_neutral_cw5n1h2txyewy""},{""@Name"":""param11"",""#text"":""S-1-15-2-155514346-2573954481-755741238-1654018636-1233331829-3075935687-2861478708""}]}}"
359,359,2023-03-01 07:17:46.5290309,1074,Info,User32,System,484,500,DESKTOP-887GK2L,2,S-1-5-18,A user initiated a system restart,NT AUTHORITY\SYSTEM,,Hostname: DESKTOP-887GK2L,Reason: No title for this reason could be found,Type: restart,Code: 0x80030002,,,msiexec.exe,False,C:\Users\turan\Desktop\defense-work-evtx-files\System.evtx,"Audit success, classic",0,"{""EventData"":{""Data"":[{""@Name"":""param1"",""#text"":""msiexec.exe""},{""@Name"":""param2"",""#text"":""DESKTOP-887GK2L""},{""@Name"":""param3"",""#text"":""No title for this reason could be found""},{""@Name"":""param4"",""#text"":""0x80030002""},{""@Name"":""param5"",""#text"":""restart""},{""@Name"":""param6"",""#text"":""The Windows Installer initiated a system restart to complete or continue the configuration of 'VMware Tools'.""},{""@Name"":""param7"",""#text"":""NT AUTHORITY\\SYSTEM""}]}}"
360,360,2023-03-01 07:17:50.1262970,7002,Info,Microsoft-Windows-Winlogon,System,644,488,DESKTOP-887GK2L,2,S-1-5-18,User logoff,,,UserSID: S-1-5-21-3393683511-3463148672-371912004-1001,,,,,,,False,C:\Users\turan\Desktop\defense-work-evtx-files\System.evtx,0x2000200000000000,0,"{""EventData"":{""Data"":[{""@Name"":""TSId"",""#text"":""1""},{""@Name"":""UserSid"",""#text"":""S-1-5-21-3393683511-3463148672-371912004-1001""}]}}"
361,361,2023-03-01 07:17:52.4451083,6006,Info,EventLog,System,0,0,DESKTOP-887GK2L,2,,The Event log service was stopped,,,Computer: DESKTOP-887GK2L,,,,,,,False,C:\Users\turan\Desktop\defense-work-evtx-files\System.evtx,0x80000000000000,0,"{""EventData"":{""Data"":"""",""Binary"":""01-00-00-00-00-00-00-00""}}"
362,362,2023-03-01 07:17:52.3040937,10005,Error,Microsoft-Windows-DistributedCOM,System,852,1540,DESKTOP-887GK2L,2,S-1-5-18,,,,,,,,,,,False,C:\Users\turan\Desktop\defense-work-evtx-files\System.evtx,"Audit success, classic",0,"{""EventData"":{""Data"":[{""@Name"":""param1"",""#text"":""1115""},{""@Name"":""param2"",""#text"":""wuauserv""},{""@Name"":""param3"",""#text"":""Unavailable""},{""@Name"":""param4"",""#text"":""{E60687F7-01A1-40AA-86AC-DB1CBF673334}""}]}}"
363,363,2023-03-01 07:17:52.3040937,10005,Error,Microsoft-Windows-DistributedCOM,System,852,1540,DESKTOP-887GK2L,2,S-1-5-18,,,,,,,,,,,False,C:\Users\turan\Desktop\defense-work-evtx-files\System.evtx,"Audit success, classic",0,"{""EventData"":{""Data"":[{""@Name"":""param1"",""#text"":""1115""},{""@Name"":""param2"",""#text"":""wuauserv""},{""@Name"":""param3"",""#text"":""Unavailable""},{""@Name"":""param4"",""#text"":""{E60687F7-01A1-40AA-86AC-DB1CBF673334}""}]}}"
364,364,2023-03-01 07:17:52.4265470,50104,Info,Microsoft-Windows-Dhcp-Client,System,1464,1468,DESKTOP-887GK2L,2,S-1-5-19,,,,,,,,,,,False,C:\Users\turan\Desktop\defense-work-evtx-files\System.evtx,0x2000000000000000,0,"{""EventData"":""""}"
365,365,2023-03-01 07:17:52.4266833,50105,Info,Microsoft-Windows-Dhcp-Client,System,1464,1532,DESKTOP-887GK2L,2,S-1-5-19,,,,,,,,,,,False,C:\Users\turan\Desktop\defense-work-evtx-files\System.evtx,0x2000000000000000,0,"{""EventData"":""""}"
366,366,2023-03-01 07:17:52.4356395,51047,Info,Microsoft-Windows-DHCPv6-Client,System,1464,1656,DESKTOP-887GK2L,2,S-1-5-19,,,,,,,,,,,False,C:\Users\turan\Desktop\defense-work-evtx-files\System.evtx,0x2000000000000000,0,"{""EventData"":{""Data"":{""@Name"":""DwordVal"",""#text"":""1""}}}"
367,367,2023-03-01 07:17:52.4356486,51057,Info,Microsoft-Windows-DHCPv6-Client,System,1464,1656,DESKTOP-887GK2L,3,S-1-5-19,,,,,,,,,,,False,C:\Users\turan\Desktop\defense-work-evtx-files\System.evtx,0x2000000000000000,1616,"{""EventData"":{""Data"":{""@Name"":""DwordVal"",""#text"":""1""}}}"
368,368,2023-03-01 07:17:52.4438797,50106,Info,Microsoft-Windows-Dhcp-Client,System,1464,1532,DESKTOP-887GK2L,3,S-1-5-19,,,,,,,,,,,False,C:\Users\turan\Desktop\defense-work-evtx-files\System.evtx,0x2000000000000000,0,"{""EventData"":""""}"
369,369,2023-03-01 07:17:52.4439409,50037,Info,Microsoft-Windows-Dhcp-Client,System,1464,1532,DESKTOP-887GK2L,3,S-1-5-19,,,,,,,,,,,False,C:\Users\turan\Desktop\defense-work-evtx-files\System.evtx,0x2000000000000000,0,"{""EventData"":{""Data"":{""@Name"":""DwordVal"",""#text"":""1""}}}"
370,370,2023-03-01 07:18:11.0864265,6009,Info,EventLog,System,0,0,DESKTOP-887GK2L,3,,,,,,,,,,,,False,C:\Users\turan\Desktop\defense-work-evtx-files\System.evtx,0x80000000000000,0,"{""EventData"":{""Data"":""10.00., 19044, Multiprocessor Free, 0"",""Binary"":""""}}"
371,371,2023-03-01 07:18:11.0864265,6005,Info,EventLog,System,0,0,DESKTOP-887GK2L,3,,The Event log service was started,,,Computer: DESKTOP-887GK2L,,,,,,,False,C:\Users\turan\Desktop\defense-work-evtx-files\System.evtx,0x80000000000000,0,"{""EventData"":{""Data"":"""",""Binary"":""E7-07-03-00-03-00-01-00-07-00-12-00-0B-00-56-00-00-00-00-00-00-00-00-00""}}"
372,372,2023-03-01 07:18:11.0864265,6013,Info,EventLog,System,0,0,DESKTOP-887GK2L,3,,System uptime,,,The system uptime is 6 seconds,"TimeZone: 60, 480 Pacific Standard Time",,,,,,False,C:\Users\turan\Desktop\defense-work-evtx-files\System.evtx,0x80000000000000,0,"{""EventData"":{""Data"":""6, 60, 480 Pacific Standard Time"",""Binary"":""31-00-2E-00-31-00-00-00-30-00-00-00-57-00-69-00-6E-00-64-00-6F-00-77-00-73-00-20-00-31-00-30-00-20-00-50-00-72-00-6F-00-20-00-4E-00-00-00-31-00-30-00-2E-00-30-00-2E-00-31-00-39-00-30-00-34-00-34-00-20-00-42-00-75-00-69-00-6C-00-64-00-20-00-31-00-39-00-30-00-34-00-34-00-20-00-20-00-00-00-4D-00-75-00-6C-00-74-00-69-00-70-00-72-00-6F-00-63-00-65-00-73-00-73-00-6F-00-72-00-20-00-46-00-72-00-65-00-65-00-00-00-31-00-39-00-30-00-34-00-31-00-2E-00-76-00-62-00-5F-00-72-00-65-00-6C-00-65-00-61-00-73-00-65-00-2E-00-31-00-39-00-31-00-32-00-30-00-36-00-2D-00-31-00-34-00-30-00-36-00-00-00-36-00-33-00-64-00-39-00-62-00-35-00-32-00-65-00-00-00-4E-00-6F-00-74-00-20-00-41-00-76-00-61-00-69-00-6C-00-61-00-62-00-6C-00-65-00-00-00-4E-00-6F-00-74-00-20-00-41-00-76-00-61-00-69-00-6C-00-61-00-62-00-6C-00-65-00-00-00-39-00-00-00-38-00-00-00-31-00-30-00-30-00-38-00-38-00-00-00-34-00-30-00-39-00-00-00-44-00-45-00-53-00-4B-00-54-00-4F-00-50-00-2D-00-38-00-38-00-37-00-47-00-4B-00-32-00-4C-00-00-00-00-00""}}"
373,373,2023-03-01 07:17:57.4183388,109,Info,Microsoft-Windows-Kernel-Power,System,560,564,DESKTOP-887GK2L,3,,,,,,,,,,,,False,C:\Users\turan\Desktop\defense-work-evtx-files\System.evtx,0x8000400000000404,0,"{""EventData"":{""Data"":[{""@Name"":""ShutdownActionType"",""#text"":""5""},{""@Name"":""ShutdownEventCode"",""#text"":""0""},{""@Name"":""ShutdownReason"",""#text"":""5""}]}}"
374,374,2023-03-01 07:17:57.9636242,13,Info,Microsoft-Windows-Kernel-General,System,4,7052,DESKTOP-887GK2L,3,,OS was shutdown,,,StopTime: 2023-03-01 07:17:57.9636235,"BootMode: ",,,,,,False,C:\Users\turan\Desktop\defense-work-evtx-files\System.evtx,State,0,"{""EventData"":{""Data"":{""@Name"":""StopTime"",""#text"":""2023-03-01 07:17:57.9636235""}}}"
