569,569,2023-03-01 08:38:26.9336067,43,Info,Microsoft-Windows-WindowsUpdateClient,System,4260,1132,DESKTOP-887GK2L,4,S-1-5-18,,,,,,,,,,,False,C:\Users\turan\Desktop\defense-work-evtx-files\System.evtx,0x8000000000002008,0,"{""EventData"":{""Data"":[{""@Name"":""updateTitle"",""#text"":""9WZDNCRFJ3Q2-Microsoft.BingWeather""},{""@Name"":""updateGuid"",""#text"":""f6cb2f62-0f69-4a96-90ea-191d3606c320""},{""@Name"":""updateRevisionNumber"",""#text"":""1""}]}}"
570,570,2023-03-01 08:38:27.1337511,19,Info,Microsoft-Windows-WindowsUpdateClient,System,4260,1132,DESKTOP-887GK2L,4,S-1-5-18,,,,,,,,,,,False,C:\Users\turan\Desktop\defense-work-evtx-files\System.evtx,Installation,0,"{""EventData"":{""Data"":[{""@Name"":""updateTitle"",""#text"":""9WZDNCRFJ3Q2-Microsoft.BingWeather""},{""@Name"":""updateGuid"",""#text"":""f6cb2f62-0f69-4a96-90ea-191d3606c320""},{""@Name"":""updateRevisionNumber"",""#text"":""1""},{""@Name"":""serviceGuid"",""#text"":""855e8a7c-ecb4-4ca3-b045-1dfa50104289""}]}}"
571,571,2023-03-01 08:38:27.1502235,43,Info,Microsoft-Windows-WindowsUpdateClient,System,4260,1132,DESKTOP-887GK2L,4,S-1-5-18,,,,,,,,,,,False,C:\Users\turan\Desktop\defense-work-evtx-files\System.evtx,0x8000000000002008,0,"{""EventData"":{""Data"":[{""@Name"":""updateTitle"",""#text"":""9NSTH9KHZDLQ-Microsoft.UI.Xaml.2.8""},{""@Name"":""updateGuid"",""#text"":""4d8b240e-c9af-46ec-9fd7-8ccbf5833f0c""},{""@Name"":""updateRevisionNumber"",""#text"":""1""}]}}"
572,572,2023-03-01 08:38:27.2548924,16,Info,Microsoft-Windows-Kernel-General,System,5444,1216,DESKTOP-887GK2L,4,S-1-5-21-3393683511-3463148672-371912004-1001,,,,,,,,,,,False,C:\Users\turan\Desktop\defense-work-evtx-files\System.evtx,Classic,0,"{""EventData"":{""Data"":[{""@Name"":""HiveNameLength"",""#text"":""105""},{""@Name"":""HiveName"",""#text"":""\\??\\C:\\Users\\CyberJunkie\\AppData\\Local\\Packages\\Microsoft.BingWeather_8wekyb3d8bbwe\\Settings\\settings.dat""},{""@Name"":""KeysUpdated"",""#text"":""2""},{""@Name"":""DirtyPages"",""#text"":""1""}]}}"
573,573,2023-03-01 08:38:27.4637878,19,Info,Microsoft-Windows-WindowsUpdateClient,System,4260,1132,DESKTOP-887GK2L,4,S-1-5-18,,,,,,,,,,,False,C:\Users\turan\Desktop\defense-work-evtx-files\System.evtx,Installation,0,"{""EventData"":{""Data"":[{""@Name"":""updateTitle"",""#text"":""9NSTH9KHZDLQ-Microsoft.UI.Xaml.2.8""},{""@Name"":""updateGuid"",""#text"":""4d8b240e-c9af-46ec-9fd7-8ccbf5833f0c""},{""@Name"":""updateRevisionNumber"",""#text"":""1""},{""@Name"":""serviceGuid"",""#text"":""855e8a7c-ecb4-4ca3-b045-1dfa50104289""}]}}"
574,574,2023-03-01 08:40:43.1357109,1014,Warning,Microsoft-Windows-DNS-Client,System,2312,1304,DESKTOP-887GK2L,4,S-1-5-20,,,,,,,,,,,False,C:\Users\turan\Desktop\defense-work-evtx-files\System.evtx,0x4000000010000000,0,"{""EventData"":{""Data"":[{""@Name"":""QueryName"",""#text"":""wpad""},{""@Name"":""AddressLength"",""#text"":""128""},{""@Name"":""Address"",""#text"":""02-00-00-00-C0-A8-E6-02-00-00-00-00-00-00-00-00-00-00-00-00-00-00-00-00-00-00-00-00-00-00-00-00-00-00-00-00-00-00-00-00-00-00-00-00-00-00-00-00-00-00-00-00-00-00-00-00-00-00-00-00-00-00-00-00-00-00-00-00-00-00-00-00-00-00-00-00-00-00-00-00-00-00-00-00-00-00-00-00-00-00-00-00-00-00-00-00-00-00-00-00-00-00-00-00-00-00-00-00-00-00-00-00-00-00-00-00-00-00-00-00-00-00-00-00-00-00-00-00""}]}}"
575,575,2023-03-01 08:45:42.4079300,44,Info,Microsoft-Windows-WindowsUpdateClient,System,4260,7932,DESKTOP-887GK2L,4,S-1-5-18,,,,,,,,,,,False,C:\Users\turan\Desktop\defense-work-evtx-files\System.evtx,0x8000000000002004,0,"{""EventData"":{""Data"":[{""@Name"":""updateTitle"",""#text"":""9PLL735RFDSM-Microsoft.NET.Native.Runtime.2.2""},{""@Name"":""updateGuid"",""#text"":""78d00b8d-c973-4e6d-bab8-6d829f76fb3d""},{""@Name"":""updateRevisionNumber"",""#text"":""1""}]}}"
576,576,2023-03-01 08:45:42.4079314,44,Info,Microsoft-Windows-WindowsUpdateClient,System,4260,7932,DESKTOP-887GK2L,4,S-1-5-18,,,,,,,,,,,False,C:\Users\turan\Desktop\defense-work-evtx-files\System.evtx,0x8000000000002004,0,"{""EventData"":{""Data"":[{""@Name"":""updateTitle"",""#text"":""9NBNPFNSWTGB-Microsoft.UI.Xaml.2.1""},{""@Name"":""updateGuid"",""#text"":""0f91a7f5-c9ac-4fe5-92e4-1ad6bd2c0a98""},{""@Name"":""updateRevisionNumber"",""#text"":""1""}]}}"
577,577,2023-03-01 08:45:44.5010986,44,Info,Microsoft-Windows-WindowsUpdateClient,System,4260,7932,DESKTOP-887GK2L,4,S-1-5-18,,,,,,,,,,,False,C:\Users\turan\Desktop\defense-work-evtx-files\System.evtx,0x8000000000002004,0,"{""EventData"":{""Data"":[{""@Name"":""updateTitle"",""#text"":""9PLL735RFDSM-Microsoft.NET.Native.Runtime.2.2""},{""@Name"":""updateGuid"",""#text"":""78d00b8d-c973-4e6d-bab8-6d829f76fb3d""},{""@Name"":""updateRevisionNumber"",""#text"":""1""}]}}"
578,578,2023-03-01 08:45:44.5011000,44,Info,Microsoft-Windows-WindowsUpdateClient,System,4260,7932,DESKTOP-887GK2L,4,S-1-5-18,,,,,,,,,,,False,C:\Users\turan\Desktop\defense-work-evtx-files\System.evtx,0x8000000000002004,0,"{""EventData"":{""Data"":[{""@Name"":""updateTitle"",""#text"":""9MW2LKJ0TPJF-Microsoft.NET.Native.Framework.2.2""},{""@Name"":""updateGuid"",""#text"":""2bfc90df-c5e5-4c06-b503-16647503bf6a""},{""@Name"":""updateRevisionNumber"",""#text"":""1""}]}}"
579,579,2023-03-01 08:45:44.5011009,44,Info,Microsoft-Windows-WindowsUpdateClient,System,4260,7932,DESKTOP-887GK2L,4,S-1-5-18,,,,,,,,,,,False,C:\Users\turan\Desktop\defense-work-evtx-files\System.evtx,0x8000000000002004,0,"{""EventData"":{""Data"":[{""@Name"":""updateTitle"",""#text"":""9PLL735RFDSM-Microsoft.NET.Native.Runtime.2.2""},{""@Name"":""updateGuid"",""#text"":""78d00b8d-c973-4e6d-bab8-6d829f76fb3d""},{""@Name"":""updateRevisionNumber"",""#text"":""1""}]}}"
580,580,2023-03-01 08:45:44.5011017,44,Info,Microsoft-Windows-WindowsUpdateClient,System,4260,7932,DESKTOP-887GK2L,4,S-1-5-18,,,,,,,,,,,False,C:\Users\turan\Desktop\defense-work-evtx-files\System.evtx,0x8000000000002004,0,"{""EventData"":{""Data"":[{""@Name"":""updateTitle"",""#text"":""9MW2LKJ0TPJF-Microsoft.NET.Native.Framework.2.2""},{""@Name"":""updateGuid"",""#text"":""2bfc90df-c5e5-4c06-b503-16647503bf6a""},{""@Name"":""updateRevisionNumber"",""#text"":""1""}]}}"
581,581,2023-03-01 08:45:46.2202504,16,Info,Microsoft-Windows-Kernel-General,System,5444,1216,DESKTOP-887GK2L,4,S-1-5-18,,,,,,,,,,,False,C:\Users\turan\Desktop\defense-work-evtx-files\System.evtx,Classic,0,"{""EventData"":{""Data"":[{""@Name"":""HiveNameLength"",""#text"":""135""},{""@Name"":""HiveName"",""#text"":""\\??\\C:\\ProgramData\\Microsoft\\Windows\\AppRepository\\Packages\\Microsoft.UI.Xaml.2.1_2.11906.6001.0_x86__8wekyb3d8bbwe\\ActivationStore.dat""},{""@Name"":""KeysUpdated"",""#text"":""0""},{""@Name"":""DirtyPages"",""#text"":""0""}]}}"
582,582,2023-03-01 08:45:46.5784252,44,Info,Microsoft-Windows-WindowsUpdateClient,System,4260,7932,DESKTOP-887GK2L,4,S-1-5-18,,,,,,,,,,,False,C:\Users\turan\Desktop\defense-work-evtx-files\System.evtx,0x8000000000002004,0,"{""EventData"":{""Data"":[{""@Name"":""updateTitle"",""#text"":""9MW2LKJ0TPJF-Microsoft.NET.Native.Framework.2.2""},{""@Name"":""updateGuid"",""#text"":""2bfc90df-c5e5-4c06-b503-16647503bf6a""},{""@Name"":""updateRevisionNumber"",""#text"":""1""}]}}"
583,583,2023-03-01 08:45:46.5784260,44,Info,Microsoft-Windows-WindowsUpdateClient,System,4260,7932,DESKTOP-887GK2L,4,S-1-5-18,,,,,,,,,,,False,C:\Users\turan\Desktop\defense-work-evtx-files\System.evtx,0x8000000000002004,0,"{""EventData"":{""Data"":[{""@Name"":""updateTitle"",""#text"":""9NBLGGH3FRZM-Microsoft.VCLibs.140.00""},{""@Name"":""updateGuid"",""#text"":""d82f41c1-893a-4a90-ac94-8f83da52a274""},{""@Name"":""updateRevisionNumber"",""#text"":""1""}]}}"
584,584,2023-03-01 08:45:46.5784269,44,Info,Microsoft-Windows-WindowsUpdateClient,System,4260,7932,DESKTOP-887GK2L,4,S-1-5-18,,,,,,,,,,,False,C:\Users\turan\Desktop\defense-work-evtx-files\System.evtx,0x8000000000002004,0,"{""EventData"":{""Data"":[{""@Name"":""updateTitle"",""#text"":""9MW2LKJ0TPJF-Microsoft.NET.Native.Framework.2.2""},{""@Name"":""updateGuid"",""#text"":""2bfc90df-c5e5-4c06-b503-16647503bf6a""},{""@Name"":""updateRevisionNumber"",""#text"":""1""}]}}"
585,585,2023-03-01 08:45:48.6031253,16,Info,Microsoft-Windows-Kernel-General,System,5444,1216,DESKTOP-887GK2L,4,S-1-5-18,,,,,,,,,,,False,C:\Users\turan\Desktop\defense-work-evtx-files\System.evtx,Classic,0,"{""EventData"":{""Data"":[{""@Name"":""HiveNameLength"",""#text"":""135""},{""@Name"":""HiveName"",""#text"":""\\??\\C:\\ProgramData\\Microsoft\\Windows\\AppRepository\\Packages\\Microsoft.UI.Xaml.2.1_2.11906.6001.0_x64__8wekyb3d8bbwe\\ActivationStore.dat""},{""@Name"":""KeysUpdated"",""#text"":""0""},{""@Name"":""DirtyPages"",""#text"":""0""}]}}"
586,586,2023-03-01 08:45:49.3162069,44,Info,Microsoft-Windows-WindowsUpdateClient,System,4260,7932,DESKTOP-887GK2L,4,S-1-5-18,,,,,,,,,,,False,C:\Users\turan\Desktop\defense-work-evtx-files\System.evtx,0x8000000000002004,0,"{""EventData"":{""Data"":[{""@Name"":""updateTitle"",""#text"":""9NBLGGH3FRZM-Microsoft.VCLibs.140.00""},{""@Name"":""updateGuid"",""#text"":""d82f41c1-893a-4a90-ac94-8f83da52a274""},{""@Name"":""updateRevisionNumber"",""#text"":""1""}]}}"
587,587,2023-03-01 08:45:49.3162098,44,Info,Microsoft-Windows-WindowsUpdateClient,System,4260,7932,DESKTOP-887GK2L,4,S-1-5-18,,,,,,,,,,,False,C:\Users\turan\Desktop\defense-work-evtx-files\System.evtx,0x8000000000002004,0,"{""EventData"":{""Data"":[{""@Name"":""updateTitle"",""#text"":""9NBLGGH3FRZM-Microsoft.VCLibs.140.00""},{""@Name"":""updateGuid"",""#text"":""d82f41c1-893a-4a90-ac94-8f83da52a274""},{""@Name"":""updateRevisionNumber"",""#text"":""1""}]}}"
588,588,2023-03-01 08:45:49.6715269,44,Info,Microsoft-Windows-WindowsUpdateClient,System,4260,7932,DESKTOP-887GK2L,4,S-1-5-18,,,,,,,,,,,False,C:\Users\turan\Desktop\defense-work-evtx-files\System.evtx,0x8000000000002004,0,"{""EventData"":{""Data"":[{""@Name"":""updateTitle"",""#text"":""9P5VK8KZB5QZ-Microsoft.UI.Xaml.2.7""},{""@Name"":""updateGuid"",""#text"":""6f84e08f-e2c0-417a-926a-e23dace58b7b""},{""@Name"":""updateRevisionNumber"",""#text"":""1""}]}}"
589,589,2023-03-01 08:45:49.6715283,44,Info,Microsoft-Windows-WindowsUpdateClient,System,4260,7932,DESKTOP-887GK2L,4,S-1-5-18,,,,,,,,,,,False,C:\Users\turan\Desktop\defense-work-evtx-files\System.evtx,0x8000000000002004,0,"{""EventData"":{""Data"":[{""@Name"":""updateTitle"",""#text"":""9P5VK8KZB5QZ-Microsoft.UI.Xaml.2.7""},{""@Name"":""updateGuid"",""#text"":""6f84e08f-e2c0-417a-926a-e23dace58b7b""},{""@Name"":""updateRevisionNumber"",""#text"":""1""}]}}"
590,590,2023-03-01 08:45:49.6715293,44,Info,Microsoft-Windows-WindowsUpdateClient,System,4260,7932,DESKTOP-887GK2L,4,S-1-5-18,,,,,,,,,,,False,C:\Users\turan\Desktop\defense-work-evtx-files\System.evtx,0x8000000000002004,0,"{""EventData"":{""Data"":[{""@Name"":""updateTitle"",""#text"":""9NBLGGH3FRZM-Microsoft.VCLibs.140.00""},{""@Name"":""updateGuid"",""#text"":""d82f41c1-893a-4a90-ac94-8f83da52a274""},{""@Name"":""updateRevisionNumber"",""#text"":""1""}]}}"
591,591,2023-03-01 08:45:49.6715309,44,Info,Microsoft-Windows-WindowsUpdateClient,System,4260,7932,DESKTOP-887GK2L,4,S-1-5-18,,,,,,,,,,,False,C:\Users\turan\Desktop\defense-work-evtx-files\System.evtx,0x8000000000002004,0,"{""EventData"":{""Data"":[{""@Name"":""updateTitle"",""#text"":""9PLL735RFDSM-Microsoft.NET.Native.Runtime.2.2""},{""@Name"":""updateGuid"",""#text"":""78d00b8d-c973-4e6d-bab8-6d829f76fb3d""},{""@Name"":""updateRevisionNumber"",""#text"":""1""}]}}"
592,592,2023-03-01 08:45:52.8019489,44,Info,Microsoft-Windows-WindowsUpdateClient,System,4260,7932,DESKTOP-887GK2L,4,S-1-5-18,,,,,,,,,,,False,C:\Users\turan\Desktop\defense-work-evtx-files\System.evtx,0x8000000000002004,0,"{""EventData"":{""Data"":[{""@Name"":""updateTitle"",""#text"":""9PLL735RFDSM-Microsoft.NET.Native.Runtime.2.2""},{""@Name"":""updateGuid"",""#text"":""78d00b8d-c973-4e6d-bab8-6d829f76fb3d""},{""@Name"":""updateRevisionNumber"",""#text"":""1""}]}}"
593,593,2023-03-01 08:45:52.8019519,44,Info,Microsoft-Windows-WindowsUpdateClient,System,4260,7932,DESKTOP-887GK2L,4,S-1-5-18,,,,,,,,,,,False,C:\Users\turan\Desktop\defense-work-evtx-files\System.evtx,0x8000000000002004,0,"{""EventData"":{""Data"":[{""@Name"":""updateTitle"",""#text"":""9WZDNCRDTBJJ-MICROSOFT.GETSTARTED""},{""@Name"":""updateGuid"",""#text"":""6e91a3e0-eb4d-4564-ad38-1c1181e8955c""},{""@Name"":""updateRevisionNumber"",""#text"":""1""}]}}"
594,594,2023-03-01 08:45:52.8028509,44,Info,Microsoft-Windows-WindowsUpdateClient,System,4260,7932,DESKTOP-887GK2L,4,S-1-5-18,,,,,,,,,,,False,C:\Users\turan\Desktop\defense-work-evtx-files\System.evtx,0x8000000000002004,0,"{""EventData"":{""Data"":[{""@Name"":""updateTitle"",""#text"":""9P5VK8KZB5QZ-Microsoft.UI.Xaml.2.7""},{""@Name"":""updateGuid"",""#text"":""6f84e08f-e2c0-417a-926a-e23dace58b7b""},{""@Name"":""updateRevisionNumber"",""#text"":""1""}]}}"
595,595,2023-03-01 08:45:52.8028521,44,Info,Microsoft-Windows-WindowsUpdateClient,System,4260,7932,DESKTOP-887GK2L,4,S-1-5-18,,,,,,,,,,,False,C:\Users\turan\Desktop\defense-work-evtx-files\System.evtx,0x8000000000002004,0,"{""EventData"":{""Data"":[{""@Name"":""updateTitle"",""#text"":""9WZDNCRDTBJJ-MICROSOFT.GETSTARTED""},{""@Name"":""updateGuid"",""#text"":""6e91a3e0-eb4d-4564-ad38-1c1181e8955c""},{""@Name"":""updateRevisionNumber"",""#text"":""1""}]}}"
596,596,2023-03-01 08:45:52.8028530,44,Info,Microsoft-Windows-WindowsUpdateClient,System,4260,7932,DESKTOP-887GK2L,4,S-1-5-18,,,,,,,,,,,False,C:\Users\turan\Desktop\defense-work-evtx-files\System.evtx,0x8000000000002004,0,"{""EventData"":{""Data"":[{""@Name"":""updateTitle"",""#text"":""9MW2LKJ0TPJF-Microsoft.NET.Native.Framework.2.2""},{""@Name"":""updateGuid"",""#text"":""2bfc90df-c5e5-4c06-b503-16647503bf6a""},{""@Name"":""updateRevisionNumber"",""#text"":""1""}]}}"
597,597,2023-03-01 08:45:54.2490280,44,Info,Microsoft-Windows-WindowsUpdateClient,System,4260,7932,DESKTOP-887GK2L,4,S-1-5-18,,,,,,,,,,,False,C:\Users\turan\Desktop\defense-work-evtx-files\System.evtx,0x8000000000002004,0,"{""EventData"":{""Data"":[{""@Name"":""updateTitle"",""#text"":""9WZDNCRDTBJJ-MICROSOFT.GETSTARTED""},{""@Name"":""updateGuid"",""#text"":""6e91a3e0-eb4d-4564-ad38-1c1181e8955c""},{""@Name"":""updateRevisionNumber"",""#text"":""1""}]}}"
598,598,2023-03-01 08:45:54.2490300,44,Info,Microsoft-Windows-WindowsUpdateClient,System,4260,7932,DESKTOP-887GK2L,4,S-1-5-18,,,,,,,,,,,False,C:\Users\turan\Desktop\defense-work-evtx-files\System.evtx,0x8000000000002004,0,"{""EventData"":{""Data"":[{""@Name"":""updateTitle"",""#text"":""9WZDNCRDTBVB-MICROSOFT.WINDOWSMAPS""},{""@Name"":""updateGuid"",""#text"":""a5888ccd-8b67-47b1-875d-379669b23f62""},{""@Name"":""updateRevisionNumber"",""#text"":""1""}]}}"
599,599,2023-03-01 08:45:54.9940230,44,Info,Microsoft-Windows-WindowsUpdateClient,System,4260,7932,DESKTOP-887GK2L,4,S-1-5-18,,,,,,,,,,,False,C:\Users\turan\Desktop\defense-work-evtx-files\System.evtx,0x8000000000002004,0,"{""EventData"":{""Data"":[{""@Name"":""updateTitle"",""#text"":""9NBLGGH3FRZM-Microsoft.VCLibs.140.00""},{""@Name"":""updateGuid"",""#text"":""d82f41c1-893a-4a90-ac94-8f83da52a274""},{""@Name"":""updateRevisionNumber"",""#text"":""1""}]}}"
600,600,2023-03-01 08:45:55.9902369,44,Info,Microsoft-Windows-WindowsUpdateClient,System,4260,7932,DESKTOP-887GK2L,4,S-1-5-18,,,,,,,,,,,False,C:\Users\turan\Desktop\defense-work-evtx-files\System.evtx,0x8000000000002004,0,"{""EventData"":{""Data"":[{""@Name"":""updateTitle"",""#text"":""9WZDNCRDTBVB-MICROSOFT.WINDOWSMAPS""},{""@Name"":""updateGuid"",""#text"":""a5888ccd-8b67-47b1-875d-379669b23f62""},{""@Name"":""updateRevisionNumber"",""#text"":""1""}]}}"
601,601,2023-03-01 08:45:55.9902380,44,Info,Microsoft-Windows-WindowsUpdateClient,System,4260,7932,DESKTOP-887GK2L,4,S-1-5-18,,,,,,,,,,,False,C:\Users\turan\Desktop\defense-work-evtx-files\System.evtx,0x8000000000002004,0,"{""EventData"":{""Data"":[{""@Name"":""updateTitle"",""#text"":""9WZDNCRDTBJJ-MICROSOFT.GETSTARTED""},{""@Name"":""updateGuid"",""#text"":""6e91a3e0-eb4d-4564-ad38-1c1181e8955c""},{""@Name"":""updateRevisionNumber"",""#text"":""1""}]}}"
602,602,2023-03-01 08:45:55.9902391,44,Info,Microsoft-Windows-WindowsUpdateClient,System,4260,7932,DESKTOP-887GK2L,4,S-1-5-18,,,,,,,,,,,False,C:\Users\turan\Desktop\defense-work-evtx-files\System.evtx,0x8000000000002004,0,"{""EventData"":{""Data"":[{""@Name"":""updateTitle"",""#text"":""9NBLGGH3FRZM-Microsoft.VCLibs.140.00""},{""@Name"":""updateGuid"",""#text"":""d82f41c1-893a-4a90-ac94-8f83da52a274""},{""@Name"":""updateRevisionNumber"",""#text"":""1""}]}}"
603,603,2023-03-01 08:45:55.9902398,44,Info,Microsoft-Windows-WindowsUpdateClient,System,4260,7932,DESKTOP-887GK2L,4,S-1-5-18,,,,,,,,,,,False,C:\Users\turan\Desktop\defense-work-evtx-files\System.evtx,0x8000000000002004,0,"{""EventData"":{""Data"":[{""@Name"":""updateTitle"",""#text"":""9WZDNCRDTBVB-MICROSOFT.WINDOWSMAPS""},{""@Name"":""updateGuid"",""#text"":""a5888ccd-8b67-47b1-875d-379669b23f62""},{""@Name"":""updateRevisionNumber"",""#text"":""1""}]}}"
604,604,2023-03-01 08:45:55.9902406,44,Info,Microsoft-Windows-WindowsUpdateClient,System,4260,7932,DESKTOP-887GK2L,4,S-1-5-18,,,,,,,,,,,False,C:\Users\turan\Desktop\defense-work-evtx-files\System.evtx,0x8000000000002004,0,"{""EventData"":{""Data"":[{""@Name"":""updateTitle"",""#text"":""9WZDNCRDTBJJ-MICROSOFT.GETSTARTED""},{""@Name"":""updateGuid"",""#text"":""6e91a3e0-eb4d-4564-ad38-1c1181e8955c""},{""@Name"":""updateRevisionNumber"",""#text"":""1""}]}}"
605,605,2023-03-01 08:45:58.1181524,44,Info,Microsoft-Windows-WindowsUpdateClient,System,4260,7932,DESKTOP-887GK2L,4,S-1-5-18,,,,,,,,,,,False,C:\Users\turan\Desktop\defense-work-evtx-files\System.evtx,0x8000000000002004,0,"{""EventData"":{""Data"":[{""@Name"":""updateTitle"",""#text"":""9NBLGGH4RV3K-Microsoft.VCLibs.140.00.UWPDesktop""},{""@Name"":""updateGuid"",""#text"":""b34f488c-7eb5-489e-8d93-a30096b87664""},{""@Name"":""updateRevisionNumber"",""#text"":""1""}]}}"
606,606,2023-03-01 08:45:58.1181531,44,Info,Microsoft-Windows-WindowsUpdateClient,System,4260,7932,DESKTOP-887GK2L,4,S-1-5-18,,,,,,,,,,,False,C:\Users\turan\Desktop\defense-work-evtx-files\System.evtx,0x8000000000002004,0,"{""EventData"":{""Data"":[{""@Name"":""updateTitle"",""#text"":""9NBLGGH4RV3K-Microsoft.VCLibs.140.00.UWPDesktop""},{""@Name"":""updateGuid"",""#text"":""b34f488c-7eb5-489e-8d93-a30096b87664""},{""@Name"":""updateRevisionNumber"",""#text"":""1""}]}}"
607,607,2023-03-01 08:46:00.6553093,16,Info,Microsoft-Windows-Kernel-General,System,5444,1216,DESKTOP-887GK2L,4,S-1-5-18,,,,,,,,,,,False,C:\Users\turan\Desktop\defense-work-evtx-files\System.evtx,Classic,0,"{""EventData"":{""Data"":[{""@Name"":""HiveNameLength"",""#text"":""131""},{""@Name"":""HiveName"",""#text"":""\\??\\C:\\ProgramData\\Microsoft\\Windows\\AppRepository\\Packages\\Microsoft.Getstarted_10.2210.3.0_x64__8wekyb3d8bbwe\\ActivationStore.dat""},{""@Name"":""KeysUpdated"",""#text"":""0""},{""@Name"":""DirtyPages"",""#text"":""0""}]}}"
608,608,2023-03-01 08:46:01.8075869,44,Info,Microsoft-Windows-WindowsUpdateClient,System,4260,4132,DESKTOP-887GK2L,4,S-1-5-18,,,,,,,,,,,False,C:\Users\turan\Desktop\defense-work-evtx-files\System.evtx,0x8000000000002004,0,"{""EventData"":{""Data"":[{""@Name"":""updateTitle"",""#text"":""9NBLGGH42THS-Microsoft.Microsoft3DViewer""},{""@Name"":""updateGuid"",""#text"":""0912bd70-623e-4fae-a6d9-9af5aa12879f""},{""@Name"":""updateRevisionNumber"",""#text"":""1""}]}}"
609,609,2023-03-01 08:46:01.8075896,43,Info,Microsoft-Windows-WindowsUpdateClient,System,4260,4132,DESKTOP-887GK2L,4,S-1-5-18,,,,,,,,,,,False,C:\Users\turan\Desktop\defense-work-evtx-files\System.evtx,0x8000000000002008,0,"{""EventData"":{""Data"":[{""@Name"":""updateTitle"",""#text"":""9WZDNCRDTBJJ-MICROSOFT.GETSTARTED""},{""@Name"":""updateGuid"",""#text"":""6e91a3e0-eb4d-4564-ad38-1c1181e8955c""},{""@Name"":""updateRevisionNumber"",""#text"":""1""}]}}"
610,610,2023-03-01 08:46:01.9514787,16,Info,Microsoft-Windows-Kernel-General,System,5444,404,DESKTOP-887GK2L,4,S-1-5-21-3393683511-3463148672-371912004-1001,,,,,,,,,,,False,C:\Users\turan\Desktop\defense-work-evtx-files\System.evtx,Classic,0,"{""EventData"":{""Data"":[{""@Name"":""HiveNameLength"",""#text"":""104""},{""@Name"":""HiveName"",""#text"":""\\??\\C:\\Users\\CyberJunkie\\AppData\\Local\\Packages\\Microsoft.Getstarted_8wekyb3d8bbwe\\Settings\\settings.dat""},{""@Name"":""KeysUpdated"",""#text"":""3""},{""@Name"":""DirtyPages"",""#text"":""1""}]}}"
611,611,2023-03-01 08:46:02.1831250,19,Info,Microsoft-Windows-WindowsUpdateClient,System,4260,4132,DESKTOP-887GK2L,4,S-1-5-18,,,,,,,,,,,False,C:\Users\turan\Desktop\defense-work-evtx-files\System.evtx,Installation,0,"{""EventData"":{""Data"":[{""@Name"":""updateTitle"",""#text"":""9WZDNCRDTBJJ-MICROSOFT.GETSTARTED""},{""@Name"":""updateGuid"",""#text"":""6e91a3e0-eb4d-4564-ad38-1c1181e8955c""},{""@Name"":""updateRevisionNumber"",""#text"":""1""},{""@Name"":""serviceGuid"",""#text"":""855e8a7c-ecb4-4ca3-b045-1dfa50104289""}]}}"
612,612,2023-03-01 08:46:04.3879219,44,Info,Microsoft-Windows-WindowsUpdateClient,System,4260,7932,DESKTOP-887GK2L,4,S-1-5-18,,,,,,,,,,,False,C:\Users\turan\Desktop\defense-work-evtx-files\System.evtx,0x8000000000002004,0,"{""EventData"":{""Data"":[{""@Name"":""updateTitle"",""#text"":""9NBLGGH42THS-Microsoft.Microsoft3DViewer""},{""@Name"":""updateGuid"",""#text"":""0912bd70-623e-4fae-a6d9-9af5aa12879f""},{""@Name"":""updateRevisionNumber"",""#text"":""1""}]}}"
613,613,2023-03-01 08:46:04.3879230,44,Info,Microsoft-Windows-WindowsUpdateClient,System,4260,7932,DESKTOP-887GK2L,4,S-1-5-18,,,,,,,,,,,False,C:\Users\turan\Desktop\defense-work-evtx-files\System.evtx,0x8000000000002004,0,"{""EventData"":{""Data"":[{""@Name"":""updateTitle"",""#text"":""9PLL735RFDSM-Microsoft.NET.Native.Runtime.2.2""},{""@Name"":""updateGuid"",""#text"":""78d00b8d-c973-4e6d-bab8-6d829f76fb3d""},{""@Name"":""updateRevisionNumber"",""#text"":""1""}]}}"
614,614,2023-03-01 08:46:04.3879238,44,Info,Microsoft-Windows-WindowsUpdateClient,System,4260,7932,DESKTOP-887GK2L,4,S-1-5-18,,,,,,,,,,,False,C:\Users\turan\Desktop\defense-work-evtx-files\System.evtx,0x8000000000002004,0,"{""EventData"":{""Data"":[{""@Name"":""updateTitle"",""#text"":""9WZDNCRDTBVB-MICROSOFT.WINDOWSMAPS""},{""@Name"":""updateGuid"",""#text"":""a5888ccd-8b67-47b1-875d-379669b23f62""},{""@Name"":""updateRevisionNumber"",""#text"":""1""}]}}"
615,615,2023-03-01 08:46:04.3879246,44,Info,Microsoft-Windows-WindowsUpdateClient,System,4260,7932,DESKTOP-887GK2L,4,S-1-5-18,,,,,,,,,,,False,C:\Users\turan\Desktop\defense-work-evtx-files\System.evtx,0x8000000000002004,0,"{""EventData"":{""Data"":[{""@Name"":""updateTitle"",""#text"":""9NBLGGH42THS-Microsoft.Microsoft3DViewer""},{""@Name"":""updateGuid"",""#text"":""0912bd70-623e-4fae-a6d9-9af5aa12879f""},{""@Name"":""updateRevisionNumber"",""#text"":""1""}]}}"
616,616,2023-03-01 08:46:05.6790762,44,Info,Microsoft-Windows-WindowsUpdateClient,System,4260,7932,DESKTOP-887GK2L,4,S-1-5-18,,,,,,,,,,,False,C:\Users\turan\Desktop\defense-work-evtx-files\System.evtx,0x8000000000002004,0,"{""EventData"":{""Data"":[{""@Name"":""updateTitle"",""#text"":""9PLL735RFDSM-Microsoft.NET.Native.Runtime.2.2""},{""@Name"":""updateGuid"",""#text"":""78d00b8d-c973-4e6d-bab8-6d829f76fb3d""},{""@Name"":""updateRevisionNumber"",""#text"":""1""}]}}"
617,617,2023-03-01 08:46:05.6790775,44,Info,Microsoft-Windows-WindowsUpdateClient,System,4260,7932,DESKTOP-887GK2L,4,S-1-5-18,,,,,,,,,,,False,C:\Users\turan\Desktop\defense-work-evtx-files\System.evtx,0x8000000000002004,0,"{""EventData"":{""Data"":[{""@Name"":""updateTitle"",""#text"":""9WZDNCRDTBVB-MICROSOFT.WINDOWSMAPS""},{""@Name"":""updateGuid"",""#text"":""a5888ccd-8b67-47b1-875d-379669b23f62""},{""@Name"":""updateRevisionNumber"",""#text"":""1""}]}}"
618,618,2023-03-01 08:46:05.8913921,44,Info,Microsoft-Windows-WindowsUpdateClient,System,4260,7932,DESKTOP-887GK2L,4,S-1-5-18,,,,,,,,,,,False,C:\Users\turan\Desktop\defense-work-evtx-files\System.evtx,0x8000000000002004,0,"{""EventData"":{""Data"":[{""@Name"":""updateTitle"",""#text"":""9NBLGGH42THS-Microsoft.Microsoft3DViewer""},{""@Name"":""updateGuid"",""#text"":""0912bd70-623e-4fae-a6d9-9af5aa12879f""},{""@Name"":""updateRevisionNumber"",""#text"":""1""}]}}"
619,619,2023-03-01 08:46:05.8913932,44,Info,Microsoft-Windows-WindowsUpdateClient,System,4260,7932,DESKTOP-887GK2L,4,S-1-5-18,,,,,,,,,,,False,C:\Users\turan\Desktop\defense-work-evtx-files\System.evtx,0x8000000000002004,0,"{""EventData"":{""Data"":[{""@Name"":""updateTitle"",""#text"":""9WZDNCRDTBVB-MICROSOFT.WINDOWSMAPS""},{""@Name"":""updateGuid"",""#text"":""a5888ccd-8b67-47b1-875d-379669b23f62""},{""@Name"":""updateRevisionNumber"",""#text"":""1""}]}}"
620,620,2023-03-01 08:46:05.8913941,44,Info,Microsoft-Windows-WindowsUpdateClient,System,4260,7932,DESKTOP-887GK2L,4,S-1-5-18,,,,,,,,,,,False,C:\Users\turan\Desktop\defense-work-evtx-files\System.evtx,0x8000000000002004,416,"{""EventData"":{""Data"":[{""@Name"":""updateTitle"",""#text"":""9MW2LKJ0TPJF-Microsoft.NET.Native.Framework.2.2""},{""@Name"":""updateGuid"",""#text"":""2bfc90df-c5e5-4c06-b503-16647503bf6a""},{""@Name"":""updateRevisionNumber"",""#text"":""1""}]}}"
621,621,2023-03-01 08:46:05.8913948,44,Info,Microsoft-Windows-WindowsUpdateClient,System,4260,7932,DESKTOP-887GK2L,4,S-1-5-18,,,,,,,,,,,False,C:\Users\turan\Desktop\defense-work-evtx-files\System.evtx,0x8000000000002004,0,"{""EventData"":{""Data"":[{""@Name"":""updateTitle"",""#text"":""9NBLGGH42THS-Microsoft.Microsoft3DViewer""},{""@Name"":""updateGuid"",""#text"":""0912bd70-623e-4fae-a6d9-9af5aa12879f""},{""@Name"":""updateRevisionNumber"",""#text"":""1""}]}}"
622,622,2023-03-01 08:46:05.8913955,44,Info,Microsoft-Windows-WindowsUpdateClient,System,4260,7932,DESKTOP-887GK2L,4,S-1-5-18,,,,,,,,,,,False,C:\Users\turan\Desktop\defense-work-evtx-files\System.evtx,0x8000000000002004,0,"{""EventData"":{""Data"":[{""@Name"":""updateTitle"",""#text"":""9WZDNCRDTBVB-MICROSOFT.WINDOWSMAPS""},{""@Name"":""updateGuid"",""#text"":""a5888ccd-8b67-47b1-875d-379669b23f62""},{""@Name"":""updateRevisionNumber"",""#text"":""1""}]}}"
623,623,2023-03-01 08:46:07.6281276,44,Info,Microsoft-Windows-WindowsUpdateClient,System,4260,7932,DESKTOP-887GK2L,4,S-1-5-18,,,,,,,,,,,False,C:\Users\turan\Desktop\defense-work-evtx-files\System.evtx,0x8000000000002004,0,"{""EventData"":{""Data"":[{""@Name"":""updateTitle"",""#text"":""9MW2LKJ0TPJF-Microsoft.NET.Native.Framework.2.2""},{""@Name"":""updateGuid"",""#text"":""2bfc90df-c5e5-4c06-b503-16647503bf6a""},{""@Name"":""updateRevisionNumber"",""#text"":""1""}]}}"
624,624,2023-03-01 08:46:07.8361279,44,Info,Microsoft-Windows-WindowsUpdateClient,System,4260,7932,DESKTOP-887GK2L,4,S-1-5-18,,,,,,,,,,,False,C:\Users\turan\Desktop\defense-work-evtx-files\System.evtx,0x8000000000002004,0,"{""EventData"":{""Data"":[{""@Name"":""updateTitle"",""#text"":""9NBLGGH42THS-Microsoft.Microsoft3DViewer""},{""@Name"":""updateGuid"",""#text"":""0912bd70-623e-4fae-a6d9-9af5aa12879f""},{""@Name"":""updateRevisionNumber"",""#text"":""1""}]}}"
625,625,2023-03-01 08:46:07.8361291,44,Info,Microsoft-Windows-WindowsUpdateClient,System,4260,7932,DESKTOP-887GK2L,4,S-1-5-18,,,,,,,,,,,False,C:\Users\turan\Desktop\defense-work-evtx-files\System.evtx,0x8000000000002004,0,"{""EventData"":{""Data"":[{""@Name"":""updateTitle"",""#text"":""9NBLGGH3FRZM-Microsoft.VCLibs.140.00""},{""@Name"":""updateGuid"",""#text"":""d82f41c1-893a-4a90-ac94-8f83da52a274""},{""@Name"":""updateRevisionNumber"",""#text"":""1""}]}}"
626,626,2023-03-01 08:46:07.8361299,44,Info,Microsoft-Windows-WindowsUpdateClient,System,4260,7932,DESKTOP-887GK2L,4,S-1-5-18,,,,,,,,,,,False,C:\Users\turan\Desktop\defense-work-evtx-files\System.evtx,0x8000000000002004,0,"{""EventData"":{""Data"":[{""@Name"":""updateTitle"",""#text"":""9WZDNCRDTBVB-MICROSOFT.WINDOWSMAPS""},{""@Name"":""updateGuid"",""#text"":""a5888ccd-8b67-47b1-875d-379669b23f62""},{""@Name"":""updateRevisionNumber"",""#text"":""1""}]}}"
627,627,2023-03-01 08:46:07.8361307,44,Info,Microsoft-Windows-WindowsUpdateClient,System,4260,7932,DESKTOP-887GK2L,4,S-1-5-18,,,,,,,,,,,False,C:\Users\turan\Desktop\defense-work-evtx-files\System.evtx,0x8000000000002004,0,"{""EventData"":{""Data"":[{""@Name"":""updateTitle"",""#text"":""9NBLGGH42THS-Microsoft.Microsoft3DViewer""},{""@Name"":""updateGuid"",""#text"":""0912bd70-623e-4fae-a6d9-9af5aa12879f""},{""@Name"":""updateRevisionNumber"",""#text"":""1""}]}}"
628,628,2023-03-01 08:46:07.8361314,44,Info,Microsoft-Windows-WindowsUpdateClient,System,4260,7932,DESKTOP-887GK2L,4,S-1-5-18,,,,,,,,,,,False,C:\Users\turan\Desktop\defense-work-evtx-files\System.evtx,0x8000000000002004,0,"{""EventData"":{""Data"":[{""@Name"":""updateTitle"",""#text"":""9NBLGGH3FRZM-Microsoft.VCLibs.140.00""},{""@Name"":""updateGuid"",""#text"":""d82f41c1-893a-4a90-ac94-8f83da52a274""},{""@Name"":""updateRevisionNumber"",""#text"":""1""}]}}"
629,629,2023-03-01 08:46:07.8361321,44,Info,Microsoft-Windows-WindowsUpdateClient,System,4260,7932,DESKTOP-887GK2L,4,S-1-5-18,,,,,,,,,,,False,C:\Users\turan\Desktop\defense-work-evtx-files\System.evtx,0x8000000000002004,0,"{""EventData"":{""Data"":[{""@Name"":""updateTitle"",""#text"":""9WZDNCRDTBVB-MICROSOFT.WINDOWSMAPS""},{""@Name"":""updateGuid"",""#text"":""a5888ccd-8b67-47b1-875d-379669b23f62""},{""@Name"":""updateRevisionNumber"",""#text"":""1""}]}}"
630,630,2023-03-01 08:46:14.0024164,44,Info,Microsoft-Windows-WindowsUpdateClient,System,4260,7932,DESKTOP-887GK2L,4,S-1-5-18,,,,,,,,,,,False,C:\Users\turan\Desktop\defense-work-evtx-files\System.evtx,0x8000000000002004,0,"{""EventData"":{""Data"":[{""@Name"":""updateTitle"",""#text"":""9WZDNCRFJBBG-MICROSOFT.WINDOWSCAMERA""},{""@Name"":""updateGuid"",""#text"":""7cd51e65-0416-43a3-9024-ce46a2116c2b""},{""@Name"":""updateRevisionNumber"",""#text"":""1""}]}}"
631,631,2023-03-01 08:46:17.4204678,16,Info,Microsoft-Windows-Kernel-General,System,5444,404,DESKTOP-887GK2L,4,S-1-5-18,,,,,,,,,,,False,C:\Users\turan\Desktop\defense-work-evtx-files\System.evtx,Classic,0,"{""EventData"":{""Data"":[{""@Name"":""HiveNameLength"",""#text"":""136""},{""@Name"":""HiveName"",""#text"":""\\??\\C:\\ProgramData\\Microsoft\\Windows\\AppRepository\\Packages\\Microsoft.WindowsCamera_2021.105.10.0_x64__8wekyb3d8bbwe\\ActivationStore.dat""},{""@Name"":""KeysUpdated"",""#text"":""0""},{""@Name"":""DirtyPages"",""#text"":""0""}]}}"
632,632,2023-03-01 08:46:18.2161275,43,Info,Microsoft-Windows-WindowsUpdateClient,System,4260,9268,DESKTOP-887GK2L,4,S-1-5-18,,,,,,,,,,,False,C:\Users\turan\Desktop\defense-work-evtx-files\System.evtx,0x8000000000002008,0,"{""EventData"":{""Data"":[{""@Name"":""updateTitle"",""#text"":""9WZDNCRFJBBG-MICROSOFT.WINDOWSCAMERA""},{""@Name"":""updateGuid"",""#text"":""7cd51e65-0416-43a3-9024-ce46a2116c2b""},{""@Name"":""updateRevisionNumber"",""#text"":""1""}]}}"
633,633,2023-03-01 08:46:18.3023942,16,Info,Microsoft-Windows-Kernel-General,System,5444,404,DESKTOP-887GK2L,4,S-1-5-21-3393683511-3463148672-371912004-1001,,,,,,,,,,,False,C:\Users\turan\Desktop\defense-work-evtx-files\System.evtx,Classic,0,"{""EventData"":{""Data"":[{""@Name"":""HiveNameLength"",""#text"":""107""},{""@Name"":""HiveName"",""#text"":""\\??\\C:\\Users\\CyberJunkie\\AppData\\Local\\Packages\\Microsoft.WindowsCamera_8wekyb3d8bbwe\\Settings\\settings.dat""},{""@Name"":""KeysUpdated"",""#text"":""2""},{""@Name"":""DirtyPages"",""#text"":""1""}]}}"
634,634,2023-03-01 08:46:18.4823271,19,Info,Microsoft-Windows-WindowsUpdateClient,System,4260,9268,DESKTOP-887GK2L,4,S-1-5-18,,,,,,,,,,,False,C:\Users\turan\Desktop\defense-work-evtx-files\System.evtx,Installation,0,"{""EventData"":{""Data"":[{""@Name"":""updateTitle"",""#text"":""9WZDNCRFJBBG-MICROSOFT.WINDOWSCAMERA""},{""@Name"":""updateGuid"",""#text"":""7cd51e65-0416-43a3-9024-ce46a2116c2b""},{""@Name"":""updateRevisionNumber"",""#text"":""1""},{""@Name"":""serviceGuid"",""#text"":""855e8a7c-ecb4-4ca3-b045-1dfa50104289""}]}}"
635,635,2023-03-01 08:46:20.7177809,44,Info,Microsoft-Windows-WindowsUpdateClient,System,4260,7932,DESKTOP-887GK2L,4,S-1-5-18,,,,,,,,,,,False,C:\Users\turan\Desktop\defense-work-evtx-files\System.evtx,0x8000000000002004,0,"{""EventData"":{""Data"":[{""@Name"":""updateTitle"",""#text"":""9NBLGGH42THS-Microsoft.Microsoft3DViewer""},{""@Name"":""updateGuid"",""#text"":""0912bd70-623e-4fae-a6d9-9af5aa12879f""},{""@Name"":""updateRevisionNumber"",""#text"":""1""}]}}"
636,636,2023-03-01 08:46:20.7177820,44,Info,Microsoft-Windows-WindowsUpdateClient,System,4260,7932,DESKTOP-887GK2L,4,S-1-5-18,,,,,,,,,,,False,C:\Users\turan\Desktop\defense-work-evtx-files\System.evtx,0x8000000000002004,0,"{""EventData"":{""Data"":[{""@Name"":""updateTitle"",""#text"":""9PLL735RFDSM-Microsoft.NET.Native.Runtime.2.2""},{""@Name"":""updateGuid"",""#text"":""78d00b8d-c973-4e6d-bab8-6d829f76fb3d""},{""@Name"":""updateRevisionNumber"",""#text"":""1""}]}}"
637,637,2023-03-01 08:46:20.7177827,44,Info,Microsoft-Windows-WindowsUpdateClient,System,4260,7932,DESKTOP-887GK2L,4,S-1-5-18,,,,,,,,,,,False,C:\Users\turan\Desktop\defense-work-evtx-files\System.evtx,0x8000000000002004,0,"{""EventData"":{""Data"":[{""@Name"":""updateTitle"",""#text"":""9WZDNCRDTBVB-MICROSOFT.WINDOWSMAPS""},{""@Name"":""updateGuid"",""#text"":""a5888ccd-8b67-47b1-875d-379669b23f62""},{""@Name"":""updateRevisionNumber"",""#text"":""1""}]}}"
638,638,2023-03-01 08:46:20.7177836,44,Info,Microsoft-Windows-WindowsUpdateClient,System,4260,7932,DESKTOP-887GK2L,4,S-1-5-18,,,,,,,,,,,False,C:\Users\turan\Desktop\defense-work-evtx-files\System.evtx,0x8000000000002004,0,"{""EventData"":{""Data"":[{""@Name"":""updateTitle"",""#text"":""9NBLGGH42THS-Microsoft.Microsoft3DViewer""},{""@Name"":""updateGuid"",""#text"":""0912bd70-623e-4fae-a6d9-9af5aa12879f""},{""@Name"":""updateRevisionNumber"",""#text"":""1""}]}}"
639,639,2023-03-01 08:46:21.9669270,44,Info,Microsoft-Windows-WindowsUpdateClient,System,4260,7932,DESKTOP-887GK2L,4,S-1-5-18,,,,,,,,,,,False,C:\Users\turan\Desktop\defense-work-evtx-files\System.evtx,0x8000000000002004,0,"{""EventData"":{""Data"":[{""@Name"":""updateTitle"",""#text"":""9PLL735RFDSM-Microsoft.NET.Native.Runtime.2.2""},{""@Name"":""updateGuid"",""#text"":""78d00b8d-c973-4e6d-bab8-6d829f76fb3d""},{""@Name"":""updateRevisionNumber"",""#text"":""1""}]}}"
640,640,2023-03-01 08:46:21.9669282,44,Info,Microsoft-Windows-WindowsUpdateClient,System,4260,7932,DESKTOP-887GK2L,4,S-1-5-18,,,,,,,,,,,False,C:\Users\turan\Desktop\defense-work-evtx-files\System.evtx,0x8000000000002004,0,"{""EventData"":{""Data"":[{""@Name"":""updateTitle"",""#text"":""9WZDNCRDTBVB-MICROSOFT.WINDOWSMAPS""},{""@Name"":""updateGuid"",""#text"":""a5888ccd-8b67-47b1-875d-379669b23f62""},{""@Name"":""updateRevisionNumber"",""#text"":""1""}]}}"
641,641,2023-03-01 08:46:21.9683624,44,Info,Microsoft-Windows-WindowsUpdateClient,System,4260,7932,DESKTOP-887GK2L,4,S-1-5-18,,,,,,,,,,,False,C:\Users\turan\Desktop\defense-work-evtx-files\System.evtx,0x8000000000002004,0,"{""EventData"":{""Data"":[{""@Name"":""updateTitle"",""#text"":""9NBLGGH42THS-Microsoft.Microsoft3DViewer""},{""@Name"":""updateGuid"",""#text"":""0912bd70-623e-4fae-a6d9-9af5aa12879f""},{""@Name"":""updateRevisionNumber"",""#text"":""1""}]}}"
642,642,2023-03-01 08:46:21.9683634,44,Info,Microsoft-Windows-WindowsUpdateClient,System,4260,7932,DESKTOP-887GK2L,5,S-1-5-18,,,,,,,,,,,False,C:\Users\turan\Desktop\defense-work-evtx-files\System.evtx,0x8000000000002004,0,"{""EventData"":{""Data"":[{""@Name"":""updateTitle"",""#text"":""9WZDNCRDTBVB-MICROSOFT.WINDOWSMAPS""},{""@Name"":""updateGuid"",""#text"":""a5888ccd-8b67-47b1-875d-379669b23f62""},{""@Name"":""updateRevisionNumber"",""#text"":""1""}]}}"
643,643,2023-03-01 08:46:21.9683641,44,Info,Microsoft-Windows-WindowsUpdateClient,System,4260,7932,DESKTOP-887GK2L,5,S-1-5-18,,,,,,,,,,,False,C:\Users\turan\Desktop\defense-work-evtx-files\System.evtx,0x8000000000002004,0,"{""EventData"":{""Data"":[{""@Name"":""updateTitle"",""#text"":""9MW2LKJ0TPJF-Microsoft.NET.Native.Framework.2.2""},{""@Name"":""updateGuid"",""#text"":""2bfc90df-c5e5-4c06-b503-16647503bf6a""},{""@Name"":""updateRevisionNumber"",""#text"":""1""}]}}"
644,644,2023-03-01 08:46:21.9683649,44,Info,Microsoft-Windows-WindowsUpdateClient,System,4260,7932,DESKTOP-887GK2L,5,S-1-5-18,,,,,,,,,,,False,C:\Users\turan\Desktop\defense-work-evtx-files\System.evtx,0x8000000000002004,0,"{""EventData"":{""Data"":[{""@Name"":""updateTitle"",""#text"":""9NBLGGH42THS-Microsoft.Microsoft3DViewer""},{""@Name"":""updateGuid"",""#text"":""0912bd70-623e-4fae-a6d9-9af5aa12879f""},{""@Name"":""updateRevisionNumber"",""#text"":""1""}]}}"
645,645,2023-03-01 08:46:21.9683663,44,Info,Microsoft-Windows-WindowsUpdateClient,System,4260,7932,DESKTOP-887GK2L,5,S-1-5-18,,,,,,,,,,,False,C:\Users\turan\Desktop\defense-work-evtx-files\System.evtx,0x8000000000002004,0,"{""EventData"":{""Data"":[{""@Name"":""updateTitle"",""#text"":""9WZDNCRDTBVB-MICROSOFT.WINDOWSMAPS""},{""@Name"":""updateGuid"",""#text"":""a5888ccd-8b67-47b1-875d-379669b23f62""},{""@Name"":""updateRevisionNumber"",""#text"":""1""}]}}"
646,646,2023-03-01 08:46:23.2122857,44,Info,Microsoft-Windows-WindowsUpdateClient,System,4260,7932,DESKTOP-887GK2L,5,S-1-5-18,,,,,,,,,,,False,C:\Users\turan\Desktop\defense-work-evtx-files\System.evtx,0x8000000000002004,0,"{""EventData"":{""Data"":[{""@Name"":""updateTitle"",""#text"":""9MW2LKJ0TPJF-Microsoft.NET.Native.Framework.2.2""},{""@Name"":""updateGuid"",""#text"":""2bfc90df-c5e5-4c06-b503-16647503bf6a""},{""@Name"":""updateRevisionNumber"",""#text"":""1""}]}}"
647,647,2023-03-01 08:46:23.4484793,44,Info,Microsoft-Windows-WindowsUpdateClient,System,4260,7932,DESKTOP-887GK2L,5,S-1-5-18,,,,,,,,,,,False,C:\Users\turan\Desktop\defense-work-evtx-files\System.evtx,0x8000000000002004,0,"{""EventData"":{""Data"":[{""@Name"":""updateTitle"",""#text"":""9NBLGGH42THS-Microsoft.Microsoft3DViewer""},{""@Name"":""updateGuid"",""#text"":""0912bd70-623e-4fae-a6d9-9af5aa12879f""},{""@Name"":""updateRevisionNumber"",""#text"":""1""}]}}"
648,648,2023-03-01 08:46:23.4484805,44,Info,Microsoft-Windows-WindowsUpdateClient,System,4260,7932,DESKTOP-887GK2L,5,S-1-5-18,,,,,,,,,,,False,C:\Users\turan\Desktop\defense-work-evtx-files\System.evtx,0x8000000000002004,0,"{""EventData"":{""Data"":[{""@Name"":""updateTitle"",""#text"":""9NBLGGH3FRZM-Microsoft.VCLibs.140.00""},{""@Name"":""updateGuid"",""#text"":""d82f41c1-893a-4a90-ac94-8f83da52a274""},{""@Name"":""updateRevisionNumber"",""#text"":""1""}]}}"
649,649,2023-03-01 08:46:23.4484812,44,Info,Microsoft-Windows-WindowsUpdateClient,System,4260,7932,DESKTOP-887GK2L,5,S-1-5-18,,,,,,,,,,,False,C:\Users\turan\Desktop\defense-work-evtx-files\System.evtx,0x8000000000002004,0,"{""EventData"":{""Data"":[{""@Name"":""updateTitle"",""#text"":""9WZDNCRDTBVB-MICROSOFT.WINDOWSMAPS""},{""@Name"":""updateGuid"",""#text"":""a5888ccd-8b67-47b1-875d-379669b23f62""},{""@Name"":""updateRevisionNumber"",""#text"":""1""}]}}"
650,650,2023-03-01 08:46:23.4484821,44,Info,Microsoft-Windows-WindowsUpdateClient,System,4260,7932,DESKTOP-887GK2L,5,S-1-5-18,,,,,,,,,,,False,C:\Users\turan\Desktop\defense-work-evtx-files\System.evtx,0x8000000000002004,0,"{""EventData"":{""Data"":[{""@Name"":""updateTitle"",""#text"":""9NBLGGH42THS-Microsoft.Microsoft3DViewer""},{""@Name"":""updateGuid"",""#text"":""0912bd70-623e-4fae-a6d9-9af5aa12879f""},{""@Name"":""updateRevisionNumber"",""#text"":""1""}]}}"
651,651,2023-03-01 08:46:23.4484827,44,Info,Microsoft-Windows-WindowsUpdateClient,System,4260,7932,DESKTOP-887GK2L,5,S-1-5-18,,,,,,,,,,,False,C:\Users\turan\Desktop\defense-work-evtx-files\System.evtx,0x8000000000002004,0,"{""EventData"":{""Data"":[{""@Name"":""updateTitle"",""#text"":""9NBLGGH3FRZM-Microsoft.VCLibs.140.00""},{""@Name"":""updateGuid"",""#text"":""d82f41c1-893a-4a90-ac94-8f83da52a274""},{""@Name"":""updateRevisionNumber"",""#text"":""1""}]}}"
652,652,2023-03-01 08:46:23.4484834,44,Info,Microsoft-Windows-WindowsUpdateClient,System,4260,7932,DESKTOP-887GK2L,5,S-1-5-18,,,,,,,,,,,False,C:\Users\turan\Desktop\defense-work-evtx-files\System.evtx,0x8000000000002004,0,"{""EventData"":{""Data"":[{""@Name"":""updateTitle"",""#text"":""9WZDNCRDTBVB-MICROSOFT.WINDOWSMAPS""},{""@Name"":""updateGuid"",""#text"":""a5888ccd-8b67-47b1-875d-379669b23f62""},{""@Name"":""updateRevisionNumber"",""#text"":""1""}]}}"
653,653,2023-03-01 08:46:23.4968807,16,Info,Microsoft-Windows-Kernel-General,System,5444,10076,DESKTOP-887GK2L,5,S-1-5-18,,,,,,,,,,,False,C:\Users\turan\Desktop\defense-work-evtx-files\System.evtx,Classic,0,"{""EventData"":{""Data"":[{""@Name"":""HiveNameLength"",""#text"":""132""},{""@Name"":""HiveName"",""#text"":""\\??\\C:\\ProgramData\\Microsoft\\Windows\\AppRepository\\Packages\\Microsoft.WindowsMaps_11.2210.6.0_x64__8wekyb3d8bbwe\\ActivationStore.dat""},{""@Name"":""KeysUpdated"",""#text"":""0""},{""@Name"":""DirtyPages"",""#text"":""0""}]}}"
654,654,2023-03-01 08:46:24.5853102,43,Info,Microsoft-Windows-WindowsUpdateClient,System,4260,8436,DESKTOP-887GK2L,5,S-1-5-18,,,,,,,,,,,False,C:\Users\turan\Desktop\defense-work-evtx-files\System.evtx,0x8000000000002008,0,"{""EventData"":{""Data"":[{""@Name"":""updateTitle"",""#text"":""9WZDNCRDTBVB-MICROSOFT.WINDOWSMAPS""},{""@Name"":""updateGuid"",""#text"":""a5888ccd-8b67-47b1-875d-379669b23f62""},{""@Name"":""updateRevisionNumber"",""#text"":""1""}]}}"
655,655,2023-03-01 08:46:24.6938828,16,Info,Microsoft-Windows-Kernel-General,System,5444,10076,DESKTOP-887GK2L,5,S-1-5-21-3393683511-3463148672-371912004-1001,,,,,,,,,,,False,C:\Users\turan\Desktop\defense-work-evtx-files\System.evtx,Classic,0,"{""EventData"":{""Data"":[{""@Name"":""HiveNameLength"",""#text"":""105""},{""@Name"":""HiveName"",""#text"":""\\??\\C:\\Users\\CyberJunkie\\AppData\\Local\\Packages\\Microsoft.WindowsMaps_8wekyb3d8bbwe\\Settings\\settings.dat""},{""@Name"":""KeysUpdated"",""#text"":""3""},{""@Name"":""DirtyPages"",""#text"":""1""}]}}"
656,656,2023-03-01 08:46:24.9084873,19,Info,Microsoft-Windows-WindowsUpdateClient,System,4260,8436,DESKTOP-887GK2L,5,S-1-5-18,,,,,,,,,,,False,C:\Users\turan\Desktop\defense-work-evtx-files\System.evtx,Installation,0,"{""EventData"":{""Data"":[{""@Name"":""updateTitle"",""#text"":""9WZDNCRDTBVB-MICROSOFT.WINDOWSMAPS""},{""@Name"":""updateGuid"",""#text"":""a5888ccd-8b67-47b1-875d-379669b23f62""},{""@Name"":""updateRevisionNumber"",""#text"":""1""},{""@Name"":""serviceGuid"",""#text"":""855e8a7c-ecb4-4ca3-b045-1dfa50104289""}]}}"
657,657,2023-03-01 08:46:27.7555871,44,Info,Microsoft-Windows-WindowsUpdateClient,System,4260,7932,DESKTOP-887GK2L,5,S-1-5-18,,,,,,,,,,,False,C:\Users\turan\Desktop\defense-work-evtx-files\System.evtx,0x8000000000002004,0,"{""EventData"":{""Data"":[{""@Name"":""updateTitle"",""#text"":""9NBLGGH42THS-Microsoft.Microsoft3DViewer""},{""@Name"":""updateGuid"",""#text"":""0912bd70-623e-4fae-a6d9-9af5aa12879f""},{""@Name"":""updateRevisionNumber"",""#text"":""1""}]}}"
658,658,2023-03-01 08:46:27.7555882,44,Info,Microsoft-Windows-WindowsUpdateClient,System,4260,7932,DESKTOP-887GK2L,5,S-1-5-18,,,,,,,,,,,False,C:\Users\turan\Desktop\defense-work-evtx-files\System.evtx,0x8000000000002004,0,"{""EventData"":{""Data"":[{""@Name"":""updateTitle"",""#text"":""9PLL735RFDSM-Microsoft.NET.Native.Runtime.2.2""},{""@Name"":""updateGuid"",""#text"":""78d00b8d-c973-4e6d-bab8-6d829f76fb3d""},{""@Name"":""updateRevisionNumber"",""#text"":""1""}]}}"
659,659,2023-03-01 08:46:28.2138521,44,Info,Microsoft-Windows-WindowsUpdateClient,System,4260,7932,DESKTOP-887GK2L,5,S-1-5-18,,,,,,,,,,,False,C:\Users\turan\Desktop\defense-work-evtx-files\System.evtx,0x8000000000002004,0,"{""EventData"":{""Data"":[{""@Name"":""updateTitle"",""#text"":""9NBLGGH42THS-Microsoft.Microsoft3DViewer""},{""@Name"":""updateGuid"",""#text"":""0912bd70-623e-4fae-a6d9-9af5aa12879f""},{""@Name"":""updateRevisionNumber"",""#text"":""1""}]}}"
660,660,2023-03-01 08:46:28.2138533,44,Info,Microsoft-Windows-WindowsUpdateClient,System,4260,7932,DESKTOP-887GK2L,5,S-1-5-18,,,,,,,,,,,False,C:\Users\turan\Desktop\defense-work-evtx-files\System.evtx,0x8000000000002004,0,"{""EventData"":{""Data"":[{""@Name"":""updateTitle"",""#text"":""9NBLGGH4RV3K-Microsoft.VCLibs.140.00.UWPDesktop""},{""@Name"":""updateGuid"",""#text"":""b34f488c-7eb5-489e-8d93-a30096b87664""},{""@Name"":""updateRevisionNumber"",""#text"":""1""}]}}"
661,661,2023-03-01 08:46:28.8647632,44,Info,Microsoft-Windows-WindowsUpdateClient,System,4260,7932,DESKTOP-887GK2L,5,S-1-5-18,,,,,,,,,,,False,C:\Users\turan\Desktop\defense-work-evtx-files\System.evtx,0x8000000000002004,0,"{""EventData"":{""Data"":[{""@Name"":""updateTitle"",""#text"":""9NBLGGH42THS-Microsoft.Microsoft3DViewer""},{""@Name"":""updateGuid"",""#text"":""0912bd70-623e-4fae-a6d9-9af5aa12879f""},{""@Name"":""updateRevisionNumber"",""#text"":""1""}]}}"
662,662,2023-03-01 08:46:28.8647644,44,Info,Microsoft-Windows-WindowsUpdateClient,System,4260,7932,DESKTOP-887GK2L,5,S-1-5-18,,,,,,,,,,,False,C:\Users\turan\Desktop\defense-work-evtx-files\System.evtx,0x8000000000002004,0,"{""EventData"":{""Data"":[{""@Name"":""updateTitle"",""#text"":""9NBLGGH4RV3K-Microsoft.VCLibs.140.00.UWPDesktop""},{""@Name"":""updateGuid"",""#text"":""b34f488c-7eb5-489e-8d93-a30096b87664""},{""@Name"":""updateRevisionNumber"",""#text"":""1""}]}}"
663,663,2023-03-01 08:46:28.8647653,44,Info,Microsoft-Windows-WindowsUpdateClient,System,4260,7932,DESKTOP-887GK2L,5,S-1-5-18,,,,,,,,,,,False,C:\Users\turan\Desktop\defense-work-evtx-files\System.evtx,0x8000000000002004,0,"{""EventData"":{""Data"":[{""@Name"":""updateTitle"",""#text"":""9NBLGGH42THS-Microsoft.Microsoft3DViewer""},{""@Name"":""updateGuid"",""#text"":""0912bd70-623e-4fae-a6d9-9af5aa12879f""},{""@Name"":""updateRevisionNumber"",""#text"":""1""}]}}"
664,664,2023-03-01 08:46:28.8647659,44,Info,Microsoft-Windows-WindowsUpdateClient,System,4260,7932,DESKTOP-887GK2L,5,S-1-5-18,,,,,,,,,,,False,C:\Users\turan\Desktop\defense-work-evtx-files\System.evtx,0x8000000000002004,0,"{""EventData"":{""Data"":[{""@Name"":""updateTitle"",""#text"":""9MW2LKJ0TPJF-Microsoft.NET.Native.Framework.2.2""},{""@Name"":""updateGuid"",""#text"":""2bfc90df-c5e5-4c06-b503-16647503bf6a""},{""@Name"":""updateRevisionNumber"",""#text"":""1""}]}}"
665,665,2023-03-01 08:46:30.7231699,44,Info,Microsoft-Windows-WindowsUpdateClient,System,4260,7932,DESKTOP-887GK2L,5,S-1-5-18,,,,,,,,,,,False,C:\Users\turan\Desktop\defense-work-evtx-files\System.evtx,0x8000000000002004,0,"{""EventData"":{""Data"":[{""@Name"":""updateTitle"",""#text"":""9NBLGGH42THS-Microsoft.Microsoft3DViewer""},{""@Name"":""updateGuid"",""#text"":""0912bd70-623e-4fae-a6d9-9af5aa12879f""},{""@Name"":""updateRevisionNumber"",""#text"":""1""}]}}"
666,666,2023-03-01 08:46:30.7231712,44,Info,Microsoft-Windows-WindowsUpdateClient,System,4260,7932,DESKTOP-887GK2L,5,S-1-5-18,,,,,,,,,,,False,C:\Users\turan\Desktop\defense-work-evtx-files\System.evtx,0x8000000000002004,0,"{""EventData"":{""Data"":[{""@Name"":""updateTitle"",""#text"":""9MW2LKJ0TPJF-Microsoft.NET.Native.Framework.2.2""},{""@Name"":""updateGuid"",""#text"":""2bfc90df-c5e5-4c06-b503-16647503bf6a""},{""@Name"":""updateRevisionNumber"",""#text"":""1""}]}}"
667,667,2023-03-01 08:46:30.7231720,44,Info,Microsoft-Windows-WindowsUpdateClient,System,4260,7932,DESKTOP-887GK2L,5,S-1-5-18,,,,,,,,,,,False,C:\Users\turan\Desktop\defense-work-evtx-files\System.evtx,0x8000000000002004,0,"{""EventData"":{""Data"":[{""@Name"":""updateTitle"",""#text"":""9WZDNCRD29V9-MICROSOFT.MICROSOFTOFFICEHUB""},{""@Name"":""updateGuid"",""#text"":""9390315c-f15d-4927-928f-c022f94a09b7""},{""@Name"":""updateRevisionNumber"",""#text"":""1""}]}}"
668,668,2023-03-01 08:46:31.6927536,44,Info,Microsoft-Windows-WindowsUpdateClient,System,4260,7932,DESKTOP-887GK2L,5,S-1-5-18,,,,,,,,,,,False,C:\Users\turan\Desktop\defense-work-evtx-files\System.evtx,0x8000000000002004,0,"{""EventData"":{""Data"":[{""@Name"":""updateTitle"",""#text"":""9WZDNCRD29V9-MICROSOFT.MICROSOFTOFFICEHUB""},{""@Name"":""updateGuid"",""#text"":""9390315c-f15d-4927-928f-c022f94a09b7""},{""@Name"":""updateRevisionNumber"",""#text"":""1""}]}}"
669,669,2023-03-01 08:46:31.6927545,44,Info,Microsoft-Windows-WindowsUpdateClient,System,4260,7932,DESKTOP-887GK2L,5,S-1-5-18,,,,,,,,,,,False,C:\Users\turan\Desktop\defense-work-evtx-files\System.evtx,0x8000000000002004,0,"{""EventData"":{""Data"":[{""@Name"":""updateTitle"",""#text"":""9NBLGGH42THS-Microsoft.Microsoft3DViewer""},{""@Name"":""updateGuid"",""#text"":""0912bd70-623e-4fae-a6d9-9af5aa12879f""},{""@Name"":""updateRevisionNumber"",""#text"":""1""}]}}"
670,670,2023-03-01 08:46:31.6927553,44,Info,Microsoft-Windows-WindowsUpdateClient,System,4260,7932,DESKTOP-887GK2L,5,S-1-5-18,,,,,,,,,,,False,C:\Users\turan\Desktop\defense-work-evtx-files\System.evtx,0x8000000000002004,392,"{""EventData"":{""Data"":[{""@Name"":""updateTitle"",""#text"":""9NBLGGH3FRZM-Microsoft.VCLibs.140.00""},{""@Name"":""updateGuid"",""#text"":""d82f41c1-893a-4a90-ac94-8f83da52a274""},{""@Name"":""updateRevisionNumber"",""#text"":""1""}]}}"
671,671,2023-03-01 08:46:34.6098049,44,Info,Microsoft-Windows-WindowsUpdateClient,System,4260,7932,DESKTOP-887GK2L,5,S-1-5-18,,,,,,,,,,,False,C:\Users\turan\Desktop\defense-work-evtx-files\System.evtx,0x8000000000002004,0,"{""EventData"":{""Data"":[{""@Name"":""updateTitle"",""#text"":""9WZDNCRD29V9-MICROSOFT.MICROSOFTOFFICEHUB""},{""@Name"":""updateGuid"",""#text"":""9390315c-f15d-4927-928f-c022f94a09b7""},{""@Name"":""updateRevisionNumber"",""#text"":""1""}]}}"
