96,96,2023-02-01 00:40:25.9646423,16,Info,Microsoft-Windows-Kernel-General,System,4168,4612,WIN-5OGN97SDH8J,0,S-1-5-18,,,,,,,,,,,False,C:\Users\turan\Desktop\defense-work-evtx-files\System.evtx,Classic,0,"{""EventData"":{""Data"":[{""@Name"":""HiveNameLength"",""#text"":""137""},{""@Name"":""HiveName"",""#text"":""\\??\\C:\\ProgramData\\Microsoft\\Windows\\AppRepository\\Packages\\Microsoft.Advertising.Xaml_10.1808.3.0_x64__8wekyb3d8bbwe\\ActivationStore.dat""},{""@Name"":""KeysUpdated"",""#text"":""0""},{""@Name"":""DirtyPages"",""#text"":""0""}]}}"
97,97,2023-02-01 00:40:26.5943153,16,Info,Microsoft-Windows-Kernel-General,System,4168,4612,WIN-5OGN97SDH8J,0,S-1-5-18,,,,,,,,,,,False,C:\Users\turan\Desktop\defense-work-evtx-files\System.evtx,Classic,0,"{""EventData"":{""Data"":[{""@Name"":""HiveNameLength"",""#text"":""133""},{""@Name"":""HiveName"",""#text"":""\\??\\C:\\ProgramData\\Microsoft\\Windows\\AppRepository\\Packages\\Microsoft.BingWeather_4.25.20211.0_x64__8wekyb3d8bbwe\\ActivationStore.dat""},{""@Name"":""KeysUpdated"",""#text"":""0""},{""@Name"":""DirtyPages"",""#text"":""0""}]}}"
98,98,2023-02-01 00:40:27.1448940,16,Info,Microsoft-Windows-Kernel-General,System,4168,4612,WIN-5OGN97SDH8J,0,S-1-5-18,,,,,,,,,,,False,C:\Users\turan\Desktop\defense-work-evtx-files\System.evtx,Classic,0,"{""EventData"":{""Data"":[{""@Name"":""HiveNameLength"",""#text"":""140""},{""@Name"":""HiveName"",""#text"":""\\??\\C:\\ProgramData\\Microsoft\\Windows\\AppRepository\\Packages\\Microsoft.DesktopAppInstaller_1.0.30251.0_x64__8wekyb3d8bbwe\\ActivationStore.dat""},{""@Name"":""KeysUpdated"",""#text"":""0""},{""@Name"":""DirtyPages"",""#text"":""0""}]}}"
99,99,2023-02-01 00:40:27.4972320,16,Info,Microsoft-Windows-Kernel-General,System,4168,4612,WIN-5OGN97SDH8J,0,S-1-5-18,,,,,,,,,,,False,C:\Users\turan\Desktop\defense-work-evtx-files\System.evtx,Classic,0,"{""EventData"":{""Data"":[{""@Name"":""HiveNameLength"",""#text"":""132""},{""@Name"":""HiveName"",""#text"":""\\??\\C:\\ProgramData\\Microsoft\\Windows\\AppRepository\\Packages\\Microsoft.GetHelp_10.1706.13331.0_x64__8wekyb3d8bbwe\\ActivationStore.dat""},{""@Name"":""KeysUpdated"",""#text"":""0""},{""@Name"":""DirtyPages"",""#text"":""0""}]}}"
100,100,2023-02-01 00:40:27.8956446,16,Info,Microsoft-Windows-Kernel-General,System,4168,4612,WIN-5OGN97SDH8J,0,S-1-5-18,,,,,,,,,,,False,C:\Users\turan\Desktop\defense-work-evtx-files\System.evtx,Classic,0,"{""EventData"":{""Data"":[{""@Name"":""HiveNameLength"",""#text"":""131""},{""@Name"":""HiveName"",""#text"":""\\??\\C:\\ProgramData\\Microsoft\\Windows\\AppRepository\\Packages\\Microsoft.Getstarted_8.2.22942.0_x64__8wekyb3d8bbwe\\ActivationStore.dat""},{""@Name"":""KeysUpdated"",""#text"":""0""},{""@Name"":""DirtyPages"",""#text"":""0""}]}}"
101,101,2023-02-01 00:40:28.4463235,16,Info,Microsoft-Windows-Kernel-General,System,4168,4612,WIN-5OGN97SDH8J,0,S-1-5-18,,,,,,,,,,,False,C:\Users\turan\Desktop\defense-work-evtx-files\System.evtx,Classic,0,"{""EventData"":{""Data"":[{""@Name"":""HiveNameLength"",""#text"":""140""},{""@Name"":""HiveName"",""#text"":""\\??\\C:\\ProgramData\\Microsoft\\Windows\\AppRepository\\Packages\\Microsoft.Microsoft3DViewer_6.1908.2042.0_x64__8wekyb3d8bbwe\\ActivationStore.dat""},{""@Name"":""KeysUpdated"",""#text"":""0""},{""@Name"":""DirtyPages"",""#text"":""0""}]}}"
102,102,2023-02-01 00:40:29.0018885,16,Info,Microsoft-Windows-Kernel-General,System,4168,4612,WIN-5OGN97SDH8J,0,S-1-5-18,,,,,,,,,,,False,C:\Users\turan\Desktop\defense-work-evtx-files\System.evtx,Classic,0,"{""EventData"":{""Data"":[{""@Name"":""HiveNameLength"",""#text"":""142""},{""@Name"":""HiveName"",""#text"":""\\??\\C:\\ProgramData\\Microsoft\\Windows\\AppRepository\\Packages\\Microsoft.MicrosoftOfficeHub_18.1903.1152.0_x64__8wekyb3d8bbwe\\ActivationStore.dat""},{""@Name"":""KeysUpdated"",""#text"":""0""},{""@Name"":""DirtyPages"",""#text"":""0""}]}}"
103,103,2023-02-01 00:40:29.4908773,16,Info,Microsoft-Windows-Kernel-General,System,4168,4612,WIN-5OGN97SDH8J,0,S-1-5-18,,,,,,,,,,,False,C:\Users\turan\Desktop\defense-work-evtx-files\System.evtx,Classic,0,"{""EventData"":{""Data"":[{""@Name"":""HiveNameLength"",""#text"":""148""},{""@Name"":""HiveName"",""#text"":""\\??\\C:\\ProgramData\\Microsoft\\Windows\\AppRepository\\Packages\\Microsoft.MicrosoftSolitaireCollection_4.4.8204.0_x64__8wekyb3d8bbwe\\ActivationStore.dat""},{""@Name"":""KeysUpdated"",""#text"":""0""},{""@Name"":""DirtyPages"",""#text"":""0""}]}}"
104,104,2023-02-01 00:40:29.9061845,16,Info,Microsoft-Windows-Kernel-General,System,4168,4612,WIN-5OGN97SDH8J,0,S-1-5-18,,,,,,,,,,,False,C:\Users\turan\Desktop\defense-work-evtx-files\System.evtx,Classic,0,"{""EventData"":{""Data"":[{""@Name"":""HiveNameLength"",""#text"":""138""},{""@Name"":""HiveName"",""#text"":""\\??\\C:\\ProgramData\\Microsoft\\Windows\\AppRepository\\Packages\\Microsoft.MicrosoftStickyNotes_3.6.73.0_x64__8wekyb3d8bbwe\\ActivationStore.dat""},{""@Name"":""KeysUpdated"",""#text"":""0""},{""@Name"":""DirtyPages"",""#text"":""0""}]}}"
105,105,2023-02-01 00:40:30.5143556,16,Info,Microsoft-Windows-Kernel-General,System,4168,4612,WIN-5OGN97SDH8J,0,S-1-5-18,,,,,,,,,,,False,C:\Users\turan\Desktop\defense-work-evtx-files\System.evtx,Classic,0,"{""EventData"":{""Data"":[{""@Name"":""HiveNameLength"",""#text"":""131""},{""@Name"":""HiveName"",""#text"":""\\??\\C:\\ProgramData\\Microsoft\\Windows\\AppRepository\\Packages\\Microsoft.MSPaint_6.1907.29027.0_x64__8wekyb3d8bbwe\\ActivationStore.dat""},{""@Name"":""KeysUpdated"",""#text"":""0""},{""@Name"":""DirtyPages"",""#text"":""0""}]}}"
106,106,2023-02-01 00:40:31.8155062,16,Info,Microsoft-Windows-Kernel-General,System,4168,4612,WIN-5OGN97SDH8J,0,S-1-5-18,,,,,,,,,,,False,C:\Users\turan\Desktop\defense-work-evtx-files\System.evtx,Classic,0,"{""EventData"":{""Data"":[{""@Name"":""HiveNameLength"",""#text"":""143""},{""@Name"":""HiveName"",""#text"":""\\??\\C:\\ProgramData\\Microsoft\\Windows\\AppRepository\\Packages\\Microsoft.Office.OneNote_16001.12026.20112.0_x64__8wekyb3d8bbwe\\ActivationStore.dat""},{""@Name"":""KeysUpdated"",""#text"":""0""},{""@Name"":""DirtyPages"",""#text"":""0""}]}}"
107,107,2023-02-01 00:40:32.3047202,16,Info,Microsoft-Windows-Kernel-General,System,4168,4612,WIN-5OGN97SDH8J,0,S-1-5-18,,,,,,,,,,,False,C:\Users\turan\Desktop\defense-work-evtx-files\System.evtx,Classic,0,"{""EventData"":{""Data"":[{""@Name"":""HiveNameLength"",""#text"":""129""},{""@Name"":""HiveName"",""#text"":""\\??\\C:\\ProgramData\\Microsoft\\Windows\\AppRepository\\Packages\\Microsoft.People_10.1902.633.0_x64__8wekyb3d8bbwe\\ActivationStore.dat""},{""@Name"":""KeysUpdated"",""#text"":""0""},{""@Name"":""DirtyPages"",""#text"":""0""}]}}"
108,108,2023-02-01 00:40:32.8315834,16,Info,Microsoft-Windows-Kernel-General,System,4168,4612,WIN-5OGN97SDH8J,0,S-1-5-18,,,,,,,,,,,False,C:\Users\turan\Desktop\defense-work-evtx-files\System.evtx,Classic,0,"{""EventData"":{""Data"":[{""@Name"":""HiveNameLength"",""#text"":""136""},{""@Name"":""HiveName"",""#text"":""\\??\\C:\\ProgramData\\Microsoft\\Windows\\AppRepository\\Packages\\Microsoft.ScreenSketch_10.1907.2471.0_x64__8wekyb3d8bbwe\\ActivationStore.dat""},{""@Name"":""KeysUpdated"",""#text"":""0""},{""@Name"":""DirtyPages"",""#text"":""0""}]}}"
109,109,2023-02-01 00:40:33.1625131,16,Info,Microsoft-Windows-Kernel-General,System,4168,4612,WIN-5OGN97SDH8J,0,S-1-5-18,,,,,,,,,,,False,C:\Users\turan\Desktop\defense-work-evtx-files\System.evtx,Classic,0,"{""EventData"":{""Data"":[{""@Name"":""HiveNameLength"",""#text"":""141""},{""@Name"":""HiveName"",""#text"":""\\??\\C:\\ProgramData\\Microsoft\\Windows\\AppRepository\\Packages\\Microsoft.StorePurchaseApp_11811.1001.18.0_x64__8wekyb3d8bbwe\\ActivationStore.dat""},{""@Name"":""KeysUpdated"",""#text"":""0""},{""@Name"":""DirtyPages"",""#text"":""0""}]}}"
110,110,2023-02-01 00:40:33.3253443,16,Info,Microsoft-Windows-Kernel-General,System,4168,4612,WIN-5OGN97SDH8J,0,S-1-5-18,,,,,,,,,,,False,C:\Users\turan\Desktop\defense-work-evtx-files\System.evtx,Classic,0,"{""EventData"":{""Data"":[{""@Name"":""HiveNameLength"",""#text"":""127""},{""@Name"":""HiveName"",""#text"":""\\??\\C:\\ProgramData\\Microsoft\\Windows\\AppRepository\\Packages\\Microsoft.Wallet_2.4.18324.0_x64__8wekyb3d8bbwe\\ActivationStore.dat""},{""@Name"":""KeysUpdated"",""#text"":""0""},{""@Name"":""DirtyPages"",""#text"":""0""}]}}"
111,111,2023-02-01 00:40:34.1658024,16,Info,Microsoft-Windows-Kernel-General,System,4168,4612,WIN-5OGN97SDH8J,0,S-1-5-18,,,,,,,,,,,False,C:\Users\turan\Desktop\defense-work-evtx-files\System.evtx,Classic,0,"{""EventData"":{""Data"":[{""@Name"":""HiveNameLength"",""#text"":""142""},{""@Name"":""HiveName"",""#text"":""\\??\\C:\\ProgramData\\Microsoft\\Windows\\AppRepository\\Packages\\Microsoft.Windows.Photos_2019.19071.12548.0_x64__8wekyb3d8bbwe\\ActivationStore.dat""},{""@Name"":""KeysUpdated"",""#text"":""0""},{""@Name"":""DirtyPages"",""#text"":""0""}]}}"
112,112,2023-02-01 00:41:03.6533538,12,Info,Microsoft-Windows-Kernel-General,System,4,8,DESKTOP-887GK2L,0,S-1-5-18,OS was started,,,StartTime: 2023-02-01 00:41:02.5000000,BootMode: Normal boot,,,,,,False,C:\Users\turan\Desktop\defense-work-evtx-files\System.evtx,State,0,"{""EventData"":{""Data"":[{""@Name"":""MajorVersion"",""#text"":""10""},{""@Name"":""MinorVersion"",""#text"":""0""},{""@Name"":""BuildVersion"",""#text"":""19041""},{""@Name"":""QfeVersion"",""#text"":""1288""},{""@Name"":""ServiceVersion"",""#text"":""0""},{""@Name"":""BootMode"",""#text"":""0""},{""@Name"":""StartTime"",""#text"":""2023-02-01 00:41:02.5000000""}]}}"
113,113,2023-02-01 00:41:14.6046026,6011,Info,EventLog,System,0,0,DESKTOP-887GK2L,0,,System Name Changed,,,The NetBIOS name and DNS host name of this machine have been changed from WIN-5OGN97SDH8J to DESKTOP-887GK2L,,,,,,,False,C:\Users\turan\Desktop\defense-work-evtx-files\System.evtx,0x80000000000000,0,"{""EventData"":{""Data"":""WIN-5OGN97SDH8J, DESKTOP-887GK2L"",""Binary"":""""}}"
114,114,2023-02-01 00:41:14.6046026,6009,Info,EventLog,System,0,0,DESKTOP-887GK2L,1,,,,,,,,,,,,False,C:\Users\turan\Desktop\defense-work-evtx-files\System.evtx,0x80000000000000,0,"{""EventData"":{""Data"":""10.00., 19044, Multiprocessor Free, 0"",""Binary"":""""}}"
115,115,2023-02-01 00:41:14.6046026,6005,Info,EventLog,System,0,0,DESKTOP-887GK2L,1,,The Event log service was started,,,Computer: DESKTOP-887GK2L,,,,,,,False,C:\Users\turan\Desktop\defense-work-evtx-files\System.evtx,0x80000000000000,0,"{""EventData"":{""Data"":"""",""Binary"":""E7-07-02-00-03-00-01-00-00-00-29-00-0E-00-5C-02-00-00-00-00-00-00-00-00""}}"
116,116,2023-02-01 00:41:14.6046026,6013,Info,EventLog,System,0,0,DESKTOP-887GK2L,1,,System uptime,,,The system uptime is 12 seconds,"TimeZone: 60, 480 Pacific Standard Time",,,,,,False,C:\Users\turan\Desktop\defense-work-evtx-files\System.evtx,0x80000000000000,0,"{""EventData"":{""Data"":""12, 60, 480 Pacific Standard Time"",""Binary"":""31-00-2E-00-31-00-00-00-30-00-00-00-57-00-69-00-6E-00-64-00-6F-00-77-00-73-00-20-00-31-00-30-00-20-00-50-00-72-00-6F-00-20-00-4E-00-00-00-31-00-30-00-2E-00-30-00-2E-00-31-00-39-00-30-00-34-00-34-00-20-00-42-00-75-00-69-00-6C-00-64-00-20-00-31-00-39-00-30-00-34-00-34-00-20-00-20-00-00-00-4D-00-75-00-6C-00-74-00-69-00-70-00-72-00-6F-00-63-00-65-00-73-00-73-00-6F-00-72-00-20-00-46-00-72-00-65-00-65-00-00-00-31-00-39-00-30-00-34-00-31-00-2E-00-76-00-62-00-5F-00-72-00-65-00-6C-00-65-00-61-00-73-00-65-00-2E-00-31-00-39-00-31-00-32-00-30-00-36-00-2D-00-31-00-34-00-30-00-36-00-00-00-36-00-33-00-64-00-39-00-62-00-35-00-31-00-31-00-00-00-4E-00-6F-00-74-00-20-00-41-00-76-00-61-00-69-00-6C-00-61-00-62-00-6C-00-65-00-00-00-4E-00-6F-00-74-00-20-00-41-00-76-00-61-00-69-00-6C-00-61-00-62-00-6C-00-65-00-00-00-39-00-00-00-38-00-00-00-31-00-30-00-30-00-38-00-38-00-00-00-34-00-30-00-39-00-00-00-44-00-45-00-53-00-4B-00-54-00-4F-00-50-00-2D-00-38-00-38-00-37-00-47-00-4B-00-32-00-4C-00-00-00-00-00""}}"
117,117,2023-02-01 00:41:03.6533958,153,Info,Microsoft-Windows-Kernel-Boot,System,4,8,DESKTOP-887GK2L,1,S-1-5-18,,,,,,,,,,,False,C:\Users\turan\Desktop\defense-work-evtx-files\System.evtx,Classic,0,"{""EventData"":{""Data"":[{""@Name"":""Status"",""#text"":""0""},{""@Name"":""EnableDisableReason"",""#text"":""0""},{""@Name"":""VsmPolicy"",""#text"":""0""}]}}"
118,118,2023-02-01 00:41:03.6534804,20,Info,Microsoft-Windows-Kernel-Boot,System,4,8,DESKTOP-887GK2L,1,S-1-5-18,,,,,,,,,,,False,C:\Users\turan\Desktop\defense-work-evtx-files\System.evtx,Classic,0,"{""EventData"":{""Data"":[{""@Name"":""LastShutdownGood"",""#text"":""True""},{""@Name"":""LastBootGood"",""#text"":""True""},{""@Name"":""LastBootId"",""#text"":""1""},{""@Name"":""BootStatusPolicy"",""#text"":""2""}]}}"
119,119,2023-02-01 00:41:03.6534812,238,Info,Microsoft-Windows-Kernel-Boot,System,4,8,DESKTOP-887GK2L,1,S-1-5-18,,,,,,,,,,,False,C:\Users\turan\Desktop\defense-work-evtx-files\System.evtx,Classic,0,"{""EventData"":{""Data"":[{""@Name"":""EfiTimeZoneBias"",""#text"":""2047""},{""@Name"":""EfiDaylightFlags"",""#text"":""0""}]}}"
120,120,2023-02-01 00:41:03.6534815,25,Info,Microsoft-Windows-Kernel-Boot,System,4,8,DESKTOP-887GK2L,1,S-1-5-18,,,,,,,,,,,False,C:\Users\turan\Desktop\defense-work-evtx-files\System.evtx,Classic,0,"{""EventData"":{""Data"":{""@Name"":""BootMenuPolicy"",""#text"":""1""}}}"
121,121,2023-02-01 00:41:03.6534817,27,Info,Microsoft-Windows-Kernel-Boot,System,4,8,DESKTOP-887GK2L,1,S-1-5-18,,,,,,,,,,,False,C:\Users\turan\Desktop\defense-work-evtx-files\System.evtx,Classic,0,"{""EventData"":{""Data"":[{""@Name"":""BootType"",""#text"":""0""},{""@Name"":""LoadOptions"",""#text"":"" NOEXECUTE=OPTIN""}]}}"
122,122,2023-02-01 00:41:03.6535113,18,Info,Microsoft-Windows-Kernel-Boot,System,4,8,DESKTOP-887GK2L,1,S-1-5-18,,,,,,,,,,,False,C:\Users\turan\Desktop\defense-work-evtx-files\System.evtx,Classic,0,"{""EventData"":{""Data"":{""@Name"":""EntryCount"",""#text"":""1""}}}"
123,123,2023-02-01 00:41:03.6535252,32,Info,Microsoft-Windows-Kernel-Boot,System,4,8,DESKTOP-887GK2L,1,S-1-5-18,,,,,,,,,,,False,C:\Users\turan\Desktop\defense-work-evtx-files\System.evtx,Classic,0,"{""EventData"":{""Data"":{""@Name"":""BitlockerUserInputTime"",""#text"":""0""}}}"
124,124,2023-02-01 00:41:03.7101635,20,Info,Microsoft-Windows-Kernel-General,System,4,8,DESKTOP-887GK2L,1,S-1-5-18,,,,,,,,,,,False,C:\Users\turan\Desktop\defense-work-evtx-files\System.evtx,Time,0,"{""EventData"":{""Data"":[{""@Name"":""UpdateReason"",""#text"":""0""},{""@Name"":""EnabledNew"",""#text"":""True""},{""@Name"":""CountNew"",""#text"":""0""},{""@Name"":""CountOld"",""#text"":""0""}]}}"
125,125,2023-02-01 00:41:03.7758320,16,Info,Microsoft-Windows-HAL,System,4,8,DESKTOP-887GK2L,1,S-1-5-18,,,,,,,,,,,False,C:\Users\turan\Desktop\defense-work-evtx-files\System.evtx,Classic,0,"{""EventData"":""""}"
126,126,2023-02-01 00:41:07.7543588,6,Info,Microsoft-Windows-FilterManager,System,4,8,DESKTOP-887GK2L,1,S-1-5-18,,,,,,,,,,,False,C:\Users\turan\Desktop\defense-work-evtx-files\System.evtx,Classic,0,"{""EventData"":{""Data"":[{""@Name"":""FinalStatus"",""#text"":""0x0""},{""@Name"":""DeviceVersionMajor"",""#text"":""10""},{""@Name"":""DeviceVersionMinor"",""#text"":""0""},{""@Name"":""DeviceNameLength"",""#text"":""8""},{""@Name"":""DeviceName"",""#text"":""FileInfo""},{""@Name"":""DeviceTime"",""#text"":""2062-12-22 21:21:06.0000000""}]}}"
127,127,2023-02-01 00:41:07.7550122,6,Info,Microsoft-Windows-FilterManager,System,4,8,DESKTOP-887GK2L,1,S-1-5-18,,,,,,,,,,,False,C:\Users\turan\Desktop\defense-work-evtx-files\System.evtx,Classic,0,"{""EventData"":{""Data"":[{""@Name"":""FinalStatus"",""#text"":""0x0""},{""@Name"":""DeviceVersionMajor"",""#text"":""10""},{""@Name"":""DeviceVersionMinor"",""#text"":""0""},{""@Name"":""DeviceNameLength"",""#text"":""3""},{""@Name"":""DeviceName"",""#text"":""Wof""},{""@Name"":""DeviceTime"",""#text"":""2024-08-23 06:35:41.0000000""}]}}"
128,128,2023-02-01 00:41:07.7557234,6,Info,Microsoft-Windows-FilterManager,System,4,8,DESKTOP-887GK2L,1,S-1-5-18,,,,,,,,,,,False,C:\Users\turan\Desktop\defense-work-evtx-files\System.evtx,Classic,0,"{""EventData"":{""Data"":[{""@Name"":""FinalStatus"",""#text"":""0x0""},{""@Name"":""DeviceVersionMajor"",""#text"":""10""},{""@Name"":""DeviceVersionMinor"",""#text"":""0""},{""@Name"":""DeviceNameLength"",""#text"":""8""},{""@Name"":""DeviceName"",""#text"":""WdFilter""},{""@Name"":""DeviceTime"",""#text"":""2066-04-08 20:52:09.0000000""}]}}"
129,129,2023-02-01 00:41:07.8229425,98,Info,Microsoft-Windows-Ntfs,System,4,336,DESKTOP-887GK2L,1,S-1-5-18,,,,,,,,,,,False,C:\Users\turan\Desktop\defense-work-evtx-files\System.evtx,0x8000000000000002,0,"{""EventData"":{""Data"":[{""@Name"":""DriveName"",""#text"":""C:""},{""@Name"":""DeviceName"",""#text"":""\\Device\\HarddiskVolume3""},{""@Name"":""CorruptionActionState"",""#text"":""0""}]}}"
130,130,2023-02-01 00:41:07.8663763,6,Info,Microsoft-Windows-FilterManager,System,4,8,DESKTOP-887GK2L,1,S-1-5-18,,,,,,,,,,,False,C:\Users\turan\Desktop\defense-work-evtx-files\System.evtx,Classic,0,"{""EventData"":{""Data"":[{""@Name"":""FinalStatus"",""#text"":""0x0""},{""@Name"":""DeviceVersionMajor"",""#text"":""10""},{""@Name"":""DeviceVersionMinor"",""#text"":""0""},{""@Name"":""DeviceNameLength"",""#text"":""9""},{""@Name"":""DeviceName"",""#text"":""FileCrypt""},{""@Name"":""DeviceTime"",""#text"":""2002-03-01 03:12:42.0000000""}]}}"
131,131,2023-02-01 00:41:07.9546455,6,Info,Microsoft-Windows-FilterManager,System,4,8,DESKTOP-887GK2L,1,S-1-5-18,,,,,,,,,,,False,C:\Users\turan\Desktop\defense-work-evtx-files\System.evtx,Classic,0,"{""EventData"":{""Data"":[{""@Name"":""FinalStatus"",""#text"":""0x0""},{""@Name"":""DeviceVersionMajor"",""#text"":""10""},{""@Name"":""DeviceVersionMinor"",""#text"":""0""},{""@Name"":""DeviceNameLength"",""#text"":""9""},{""@Name"":""DeviceName"",""#text"":""npsvctrig""},{""@Name"":""DeviceTime"",""#text"":""2025-01-05 18:41:12.0000000""}]}}"
132,132,2023-02-01 00:41:07.9900739,172,Info,Microsoft-Windows-Kernel-Power,System,4,356,DESKTOP-887GK2L,1,S-1-5-18,,,,,,,,,,,False,C:\Users\turan\Desktop\defense-work-evtx-files\System.evtx,0x8000000000000404,416,"{""EventData"":{""Data"":[{""@Name"":""State"",""#text"":""2""},{""@Name"":""Reason"",""#text"":""6""}]}}"
133,133,2023-02-01 00:41:08.1578897,55,Info,Microsoft-Windows-Kernel-Processor-Power,System,4,360,DESKTOP-887GK2L,1,S-1-5-18,,,,,,,,,,,False,C:\Users\turan\Desktop\defense-work-evtx-files\System.evtx,Classic,984,"{""EventData"":{""Data"":[{""@Name"":""Group"",""#text"":""0""},{""@Name"":""Number"",""#text"":""0""},{""@Name"":""IdleStateCount"",""#text"":""1""},{""@Name"":""IdleImplementation"",""#text"":""1""},{""@Name"":""NominalFrequency"",""#text"":""3693""},{""@Name"":""MaximumPerformancePercent"",""#text"":""100""},{""@Name"":""MinimumPerformancePercent"",""#text"":""100""},{""@Name"":""MinimumThrottlePercent"",""#text"":""100""},{""@Name"":""PerformanceImplementation"",""#text"":""0""}]}}"
134,134,2023-02-01 00:41:08.1585781,55,Info,Microsoft-Windows-Kernel-Processor-Power,System,4,360,DESKTOP-887GK2L,1,S-1-5-18,,,,,,,,,,,False,C:\Users\turan\Desktop\defense-work-evtx-files\System.evtx,Classic,360,"{""EventData"":{""Data"":[{""@Name"":""Group"",""#text"":""0""},{""@Name"":""Number"",""#text"":""1""},{""@Name"":""IdleStateCount"",""#text"":""1""},{""@Name"":""IdleImplementation"",""#text"":""1""},{""@Name"":""NominalFrequency"",""#text"":""3693""},{""@Name"":""MaximumPerformancePercent"",""#text"":""100""},{""@Name"":""MinimumPerformancePercent"",""#text"":""100""},{""@Name"":""MinimumThrottlePercent"",""#text"":""100""},{""@Name"":""PerformanceImplementation"",""#text"":""0""}]}}"
135,135,2023-02-01 00:41:08.1591512,55,Info,Microsoft-Windows-Kernel-Processor-Power,System,4,360,DESKTOP-887GK2L,1,S-1-5-18,,,,,,,,,,,False,C:\Users\turan\Desktop\defense-work-evtx-files\System.evtx,Classic,360,"{""EventData"":{""Data"":[{""@Name"":""Group"",""#text"":""0""},{""@Name"":""Number"",""#text"":""2""},{""@Name"":""IdleStateCount"",""#text"":""1""},{""@Name"":""IdleImplementation"",""#text"":""1""},{""@Name"":""NominalFrequency"",""#text"":""3693""},{""@Name"":""MaximumPerformancePercent"",""#text"":""100""},{""@Name"":""MinimumPerformancePercent"",""#text"":""100""},{""@Name"":""MinimumThrottlePercent"",""#text"":""100""},{""@Name"":""PerformanceImplementation"",""#text"":""0""}]}}"
136,136,2023-02-01 00:41:08.1600110,55,Info,Microsoft-Windows-Kernel-Processor-Power,System,4,360,DESKTOP-887GK2L,1,S-1-5-18,,,,,,,,,,,False,C:\Users\turan\Desktop\defense-work-evtx-files\System.evtx,Classic,360,"{""EventData"":{""Data"":[{""@Name"":""Group"",""#text"":""0""},{""@Name"":""Number"",""#text"":""3""},{""@Name"":""IdleStateCount"",""#text"":""1""},{""@Name"":""IdleImplementation"",""#text"":""1""},{""@Name"":""NominalFrequency"",""#text"":""3693""},{""@Name"":""MaximumPerformancePercent"",""#text"":""100""},{""@Name"":""MinimumPerformancePercent"",""#text"":""100""},{""@Name"":""MinimumThrottlePercent"",""#text"":""100""},{""@Name"":""PerformanceImplementation"",""#text"":""0""}]}}"
137,137,2023-02-01 00:41:08.1605311,55,Info,Microsoft-Windows-Kernel-Processor-Power,System,4,360,DESKTOP-887GK2L,1,S-1-5-18,,,,,,,,,,,False,C:\Users\turan\Desktop\defense-work-evtx-files\System.evtx,Classic,360,"{""EventData"":{""Data"":[{""@Name"":""Group"",""#text"":""0""},{""@Name"":""Number"",""#text"":""4""},{""@Name"":""IdleStateCount"",""#text"":""1""},{""@Name"":""IdleImplementation"",""#text"":""1""},{""@Name"":""NominalFrequency"",""#text"":""3693""},{""@Name"":""MaximumPerformancePercent"",""#text"":""100""},{""@Name"":""MinimumPerformancePercent"",""#text"":""100""},{""@Name"":""MinimumThrottlePercent"",""#text"":""100""},{""@Name"":""PerformanceImplementation"",""#text"":""0""}]}}"
138,138,2023-02-01 00:41:08.1612746,55,Info,Microsoft-Windows-Kernel-Processor-Power,System,4,360,DESKTOP-887GK2L,1,S-1-5-18,,,,,,,,,,,False,C:\Users\turan\Desktop\defense-work-evtx-files\System.evtx,Classic,360,"{""EventData"":{""Data"":[{""@Name"":""Group"",""#text"":""0""},{""@Name"":""Number"",""#text"":""5""},{""@Name"":""IdleStateCount"",""#text"":""1""},{""@Name"":""IdleImplementation"",""#text"":""1""},{""@Name"":""NominalFrequency"",""#text"":""3693""},{""@Name"":""MaximumPerformancePercent"",""#text"":""100""},{""@Name"":""MinimumPerformancePercent"",""#text"":""100""},{""@Name"":""MinimumThrottlePercent"",""#text"":""100""},{""@Name"":""PerformanceImplementation"",""#text"":""0""}]}}"
139,139,2023-02-01 00:41:08.1620283,55,Info,Microsoft-Windows-Kernel-Processor-Power,System,4,360,DESKTOP-887GK2L,1,S-1-5-18,,,,,,,,,,,False,C:\Users\turan\Desktop\defense-work-evtx-files\System.evtx,Classic,360,"{""EventData"":{""Data"":[{""@Name"":""Group"",""#text"":""0""},{""@Name"":""Number"",""#text"":""6""},{""@Name"":""IdleStateCount"",""#text"":""1""},{""@Name"":""IdleImplementation"",""#text"":""1""},{""@Name"":""NominalFrequency"",""#text"":""3693""},{""@Name"":""MaximumPerformancePercent"",""#text"":""100""},{""@Name"":""MinimumPerformancePercent"",""#text"":""100""},{""@Name"":""MinimumThrottlePercent"",""#text"":""100""},{""@Name"":""PerformanceImplementation"",""#text"":""0""}]}}"
140,140,2023-02-01 00:41:08.1626752,55,Info,Microsoft-Windows-Kernel-Processor-Power,System,4,360,DESKTOP-887GK2L,1,S-1-5-18,,,,,,,,,,,False,C:\Users\turan\Desktop\defense-work-evtx-files\System.evtx,Classic,360,"{""EventData"":{""Data"":[{""@Name"":""Group"",""#text"":""0""},{""@Name"":""Number"",""#text"":""7""},{""@Name"":""IdleStateCount"",""#text"":""1""},{""@Name"":""IdleImplementation"",""#text"":""1""},{""@Name"":""NominalFrequency"",""#text"":""3693""},{""@Name"":""MaximumPerformancePercent"",""#text"":""100""},{""@Name"":""MinimumPerformancePercent"",""#text"":""100""},{""@Name"":""MinimumThrottlePercent"",""#text"":""100""},{""@Name"":""PerformanceImplementation"",""#text"":""0""}]}}"
141,141,2023-02-01 00:41:08.1650584,98,Info,Microsoft-Windows-Ntfs,System,4,32,DESKTOP-887GK2L,1,S-1-5-18,,,,,,,,,,,False,C:\Users\turan\Desktop\defense-work-evtx-files\System.evtx,0x8000000000000002,416,"{""EventData"":{""Data"":[{""@Name"":""DriveName"",""#text"":""\\\\?\\Volume{3e1ae928-61ee-4947-af5a-9cabbd50feef}""},{""@Name"":""DeviceName"",""#text"":""\\Device\\HarddiskVolume4""},{""@Name"":""CorruptionActionState"",""#text"":""0""}]}}"
142,142,2023-02-01 00:41:08.4710033,24,Info,Microsoft-Windows-Kernel-General,System,140,468,DESKTOP-887GK2L,1,S-1-5-18,,,,,,,,,,,False,C:\Users\turan\Desktop\defense-work-evtx-files\System.evtx,Time,0,"{""EventData"":{""Data"":[{""@Name"":""ExitReason"",""#text"":""0""},{""@Name"":""CurrentBias"",""#text"":""480""},{""@Name"":""CurrentTimeZoneID"",""#text"":""1""},{""@Name"":""TimeZoneInfoCacheUpdated"",""#text"":""0""},{""@Name"":""FirstRefresh"",""#text"":""0""}]}}"
143,143,2023-02-01 00:41:08.6876420,14,Info,Microsoft-Windows-Wininit,System,576,580,DESKTOP-887GK2L,1,S-1-5-18,,,,,,,,,,,False,C:\Users\turan\Desktop\defense-work-evtx-files\System.evtx,0x4000000000000000,0,"{""EventData"":{""Data"":[{""@Name"":""Config"",""#text"":""0""},{""@Name"":""IsTestConfig"",""#text"":""0""}]}}"
144,144,2023-02-01 00:41:08.8135859,16962,Info,Microsoft-Windows-Directory-Services-SAM,System,744,748,DESKTOP-887GK2L,1,S-1-5-18,,,,,,,,,,,False,C:\Users\turan\Desktop\defense-work-evtx-files\System.evtx,Classic,552,"{""EventData"":{""@Name"":""SAMMSG_RESTRICT_REMOTE_SAM_DEFAULT_SD"",""Data"":{""@Name"":""Default SD String:"",""#text"":""O:SYG:SYD:(A;;RC;;;BA)""}}}"
145,145,2023-02-01 00:41:08.8198919,16977,Info,Microsoft-Windows-Directory-Services-SAM,System,744,748,DESKTOP-887GK2L,1,S-1-5-18,,,,,,,,,,,False,C:\Users\turan\Desktop\defense-work-evtx-files\System.evtx,Classic,0,"{""EventData"":{""@Name"":""SAMMSG_MINPWDLEN_SETTINGS_IN_EFFECT"",""Data"":[{""@Name"":""MinimumPasswordLength"",""#text"":""0""},{""@Name"":""RelaxMinimumPasswordLengthLimits"",""#text"":""0""},{""@Name"":""MinimumPasswordLengthAudit"",""#text"":""-1""}]}}"
146,146,2023-02-01 00:41:08.8198960,16983,Info,Microsoft-Windows-Directory-Services-SAM,System,744,748,DESKTOP-887GK2L,1,S-1-5-18,,,,,,,,,,,False,C:\Users\turan\Desktop\defense-work-evtx-files\System.evtx,Classic,0,"{""EventData"":{""@Name"":""SAMMSG_AUDIT_LEGACY_PWD_RPC_METHODS_OFF""}}"
147,147,2023-02-01 00:41:14.4330603,27,Warning,e1i65x64,System,4,160,DESKTOP-887GK2L,1,,,,,,,,,,,,False,C:\Users\turan\Desktop\defense-work-evtx-files\System.evtx,0x80000000000000,0,"{""EventData"":{""Data"":""Intel(R) 82574L Gigabit Network Connection"",""Binary"":""00-00-04-00-02-00-30-00-00-00-00-00-1B-00-04-A0-00-00-00-00-00-00-00-00-00-00-00-00-00-00-00-00-00-00-00-00-00-00-00-00-1B-00-04-A0""}}"
148,148,2023-02-01 00:41:14.6379168,50036,Info,Microsoft-Windows-Dhcp-Client,System,1760,1792,DESKTOP-887GK2L,1,S-1-5-19,,,,,,,,,,,False,C:\Users\turan\Desktop\defense-work-evtx-files\System.evtx,0x2000000000000000,0,"{""EventData"":""""}"
149,149,2023-02-01 00:41:14.6379645,50103,Info,Microsoft-Windows-Dhcp-Client,System,1760,1792,DESKTOP-887GK2L,1,S-1-5-19,,,,,,,,,,,False,C:\Users\turan\Desktop\defense-work-evtx-files\System.evtx,0x2000000000000000,0,"{""EventData"":""""}"
150,150,2023-02-01 00:41:14.6448156,51046,Info,Microsoft-Windows-DHCPv6-Client,System,1760,1816,DESKTOP-887GK2L,1,S-1-5-19,,,,,,,,,,,False,C:\Users\turan\Desktop\defense-work-evtx-files\System.evtx,0x2000000000000000,0,"{""EventData"":""""}"
151,151,2023-02-01 00:41:14.7155327,134,Warning,Microsoft-Windows-Time-Service,System,1580,1656,DESKTOP-887GK2L,1,S-1-5-19,,,,,,,,,,,False,C:\Users\turan\Desktop\defense-work-evtx-files\System.evtx,Classic,0,"{""EventData"":{""@Name"":""TMP_EVENT_MANUAL_PEER_DNS_ERROR"",""Data"":[{""@Name"":""ErrorMessage"",""#text"":""No such host is known. (0x80072AF9)""},{""@Name"":""RetryMinutes"",""#text"":""15""},{""@Name"":""DomainPeer"",""#text"":""time.windows.com,0x9""}]}}"
152,152,2023-02-01 00:41:14.7352963,6,Info,Microsoft-Windows-FilterManager,System,4,32,DESKTOP-887GK2L,1,S-1-5-18,,,,,,,,,,,False,C:\Users\turan\Desktop\defense-work-evtx-files\System.evtx,Classic,0,"{""EventData"":{""Data"":[{""@Name"":""FinalStatus"",""#text"":""0x0""},{""@Name"":""DeviceVersionMajor"",""#text"":""10""},{""@Name"":""DeviceVersionMinor"",""#text"":""0""},{""@Name"":""DeviceNameLength"",""#text"":""5""},{""@Name"":""DeviceName"",""#text"":""wcifs""},{""@Name"":""DeviceTime"",""#text"":""2080-03-16 04:57:52.0000000""}]}}"
153,153,2023-02-01 00:41:14.7438028,6,Info,Microsoft-Windows-FilterManager,System,4,356,DESKTOP-887GK2L,1,S-1-5-18,,,,,,,,,,,False,C:\Users\turan\Desktop\defense-work-evtx-files\System.evtx,Classic,0,"{""EventData"":{""Data"":[{""@Name"":""FinalStatus"",""#text"":""0x0""},{""@Name"":""DeviceVersionMajor"",""#text"":""10""},{""@Name"":""DeviceVersionMinor"",""#text"":""0""},{""@Name"":""DeviceNameLength"",""#text"":""5""},{""@Name"":""DeviceName"",""#text"":""luafv""},{""@Name"":""DeviceTime"",""#text"":""2041-09-18 21:13:33.0000000""}]}}"
154,154,2023-02-01 00:41:14.7506840,6,Info,Microsoft-Windows-FilterManager,System,4,356,DESKTOP-887GK2L,1,S-1-5-18,,,,,,,,,,,False,C:\Users\turan\Desktop\defense-work-evtx-files\System.evtx,Classic,0,"{""EventData"":{""Data"":[{""@Name"":""FinalStatus"",""#text"":""0x0""},{""@Name"":""DeviceVersionMajor"",""#text"":""10""},{""@Name"":""DeviceVersionMinor"",""#text"":""0""},{""@Name"":""DeviceNameLength"",""#text"":""6""},{""@Name"":""DeviceName"",""#text"":""CldFlt""},{""@Name"":""DeviceTime"",""#text"":""2033-11-18 18:49:10.0000000""}]}}"
155,155,2023-02-01 00:41:14.7507196,1,Info,Microsoft-Windows-FilterManager,System,4,356,DESKTOP-887GK2L,1,S-1-5-18,,,,,,,,,,,False,C:\Users\turan\Desktop\defense-work-evtx-files\System.evtx,Classic,0,"{""EventData"":{""Data"":[{""@Name"":""FinalStatus"",""#text"":""0x0""},{""@Name"":""DeviceVersionMajor"",""#text"":""10""},{""@Name"":""DeviceVersionMinor"",""#text"":""0""},{""@Name"":""DeviceNameLength"",""#text"":""6""},{""@Name"":""DeviceName"",""#text"":""CldFlt""},{""@Name"":""DeviceTime"",""#text"":""2033-11-18 18:49:10.0000000""}]}}"
156,156,2023-02-01 00:41:14.7507586,6,Info,Microsoft-Windows-FilterManager,System,4,356,DESKTOP-887GK2L,1,S-1-5-18,,,,,,,,,,,False,C:\Users\turan\Desktop\defense-work-evtx-files\System.evtx,Classic,0,"{""EventData"":{""Data"":[{""@Name"":""FinalStatus"",""#text"":""0x0""},{""@Name"":""DeviceVersionMajor"",""#text"":""10""},{""@Name"":""DeviceVersionMinor"",""#text"":""0""},{""@Name"":""DeviceNameLength"",""#text"":""6""},{""@Name"":""DeviceName"",""#text"":""CldFlt""},{""@Name"":""DeviceTime"",""#text"":""2033-11-18 18:49:10.0000000""}]}}"
157,157,2023-02-01 00:41:14.7545414,6,Info,Microsoft-Windows-FilterManager,System,4,356,DESKTOP-887GK2L,1,S-1-5-18,,,,,,,,,,,False,C:\Users\turan\Desktop\defense-work-evtx-files\System.evtx,Classic,0,"{""EventData"":{""Data"":[{""@Name"":""FinalStatus"",""#text"":""0x0""},{""@Name"":""DeviceVersionMajor"",""#text"":""10""},{""@Name"":""DeviceVersionMinor"",""#text"":""0""},{""@Name"":""DeviceNameLength"",""#text"":""10""},{""@Name"":""DeviceName"",""#text"":""storqosflt""},{""@Name"":""DeviceTime"",""#text"":""2007-04-09 10:08:30.0000000""}]}}"
158,158,2023-02-01 00:41:14.7584591,6,Info,Microsoft-Windows-FilterManager,System,4,356,DESKTOP-887GK2L,1,S-1-5-18,,,,,,,,,,,False,C:\Users\turan\Desktop\defense-work-evtx-files\System.evtx,Classic,0,"{""EventData"":{""Data"":[{""@Name"":""FinalStatus"",""#text"":""0x0""},{""@Name"":""DeviceVersionMajor"",""#text"":""10""},{""@Name"":""DeviceVersionMinor"",""#text"":""0""},{""@Name"":""DeviceNameLength"",""#text"":""7""},{""@Name"":""DeviceName"",""#text"":""bindflt""},{""@Name"":""DeviceTime"",""#text"":""2070-08-23 01:34:13.0000000""}]}}"
159,159,2023-02-01 00:41:15.0889473,7026,Info,Service Control Manager,System,700,704,DESKTOP-887GK2L,1,,,,,,,,,,,,False,C:\Users\turan\Desktop\defense-work-evtx-files\System.evtx,"Audit success, classic",0,"{""EventData"":{""Data"":{""@Name"":""param1"",""#text"":"", dam""}}}"
160,160,2023-02-01 00:41:16.2302419,134,Warning,Microsoft-Windows-Time-Service,System,1580,1680,DESKTOP-887GK2L,1,S-1-5-19,,,,,,,,,,,False,C:\Users\turan\Desktop\defense-work-evtx-files\System.evtx,Classic,0,"{""EventData"":{""@Name"":""TMP_EVENT_MANUAL_PEER_DNS_ERROR"",""Data"":[{""@Name"":""ErrorMessage"",""#text"":""No such host is known. (0x80072AF9)""},{""@Name"":""RetryMinutes"",""#text"":""15""},{""@Name"":""DomainPeer"",""#text"":""time.windows.com,0x9""}]}}"
161,161,2023-02-01 00:41:16.6548194,24,Info,Microsoft-Windows-Kernel-General,System,1320,1324,DESKTOP-887GK2L,1,S-1-5-18,,,,,,,,,,,False,C:\Users\turan\Desktop\defense-work-evtx-files\System.evtx,Time,0,"{""EventData"":{""Data"":[{""@Name"":""ExitReason"",""#text"":""0""},{""@Name"":""CurrentBias"",""#text"":""480""},{""@Name"":""CurrentTimeZoneID"",""#text"":""1""},{""@Name"":""TimeZoneInfoCacheUpdated"",""#text"":""0""},{""@Name"":""FirstRefresh"",""#text"":""0""}]}}"
162,162,2023-02-01 00:41:16.6549628,1,Info,Microsoft-Windows-Kernel-General,System,1320,1324,DESKTOP-887GK2L,1,S-1-5-18,The system time was changed,,,OldTime: 2023-02-01 00:41:16.6515644,NewTime: 2023-02-01 00:41:16.6515644,Reason: System time adjusted to the new time zone.,,,,,False,C:\Users\turan\Desktop\defense-work-evtx-files\System.evtx,Time,0,"{""EventData"":{""Data"":[{""@Name"":""NewTime"",""#text"":""2023-02-01 00:41:16.6515644""},{""@Name"":""OldTime"",""#text"":""2023-02-01 00:41:16.6515644""},{""@Name"":""Reason"",""#text"":""3""},{""@Name"":""ProcessName"",""#text"":""\\Device\\HarddiskVolume3\\Windows\\System32\\oobe\\msoobe.exe""},{""@Name"":""ProcessID"",""#text"":""1320""}]}}"
163,163,2023-02-01 00:41:18.4402454,16,Info,Microsoft-Windows-Kernel-General,System,3028,828,DESKTOP-887GK2L,1,S-1-5-18,,,,,,,,,,,False,C:\Users\turan\Desktop\defense-work-evtx-files\System.evtx,Classic,0,"{""EventData"":{""Data"":[{""@Name"":""HiveNameLength"",""#text"":""45""},{""@Name"":""HiveName"",""#text"":""\\??\\C:\\Windows\\AppCompat\\Programs\\Amcache.hve""},{""@Name"":""KeysUpdated"",""#text"":""0""},{""@Name"":""DirtyPages"",""#text"":""0""}]}}"
164,164,2023-02-01 00:41:21.7300105,7040,Info,Service Control Manager,System,700,840,DESKTOP-887GK2L,1,S-1-5-18,Start type of a service has changed,,,The start type of the Windows Modules Installer was changed from auto start to demand start,,,,,,TrustedInstaller,False,C:\Users\turan\Desktop\defense-work-evtx-files\System.evtx,"Audit success, classic",0,"{""EventData"":{""Data"":[{""@Name"":""param1"",""#text"":""Windows Modules Installer""},{""@Name"":""param2"",""#text"":""auto start""},{""@Name"":""param3"",""#text"":""demand start""},{""@Name"":""param4"",""#text"":""TrustedInstaller""}]}}"
165,165,2023-02-01 00:41:21.7802972,1500,Info,Microsoft-Windows-GroupPolicy,System,2236,4264,DESKTOP-887GK2L,1,S-1-5-18,Group Policy Settings processed successfully for COMPUTER,,,,,,,,,,False,C:\Users\turan\Desktop\defense-work-evtx-files\System.evtx,Classic,0,"{""EventData"":{""Data"":[{""@Name"":""SupportInfo1"",""#text"":""1""},{""@Name"":""SupportInfo2"",""#text"":""4292""},{""@Name"":""ProcessingMode"",""#text"":""1""},{""@Name"":""ProcessingTimeInMilliseconds"",""#text"":""31""},{""@Name"":""DCName""}]}}"
166,166,2023-02-01 00:41:21.8270197,7001,Info,Microsoft-Windows-Winlogon,System,680,1268,DESKTOP-887GK2L,1,S-1-5-18,User logon,,,UserSID: S-1-5-21-3393683511-3463148672-371912004-1000,,,,,,,False,C:\Users\turan\Desktop\defense-work-evtx-files\System.evtx,0x2000200000000000,0,"{""EventData"":{""Data"":[{""@Name"":""TSId"",""#text"":""1""},{""@Name"":""UserSid"",""#text"":""S-1-5-21-3393683511-3463148672-371912004-1000""}]}}"
167,167,2023-02-01 00:41:21.8388952,7040,Info,Service Control Manager,System,700,2028,DESKTOP-887GK2L,1,S-1-5-20,Start type of a service has changed,,,The start type of the Delivery Optimization was changed from demand start to auto start,,,,,,DoSvc,False,C:\Users\turan\Desktop\defense-work-evtx-files\System.evtx,"Audit success, classic",0,"{""EventData"":{""Data"":[{""@Name"":""param1"",""#text"":""Delivery Optimization""},{""@Name"":""param2"",""#text"":""demand start""},{""@Name"":""param3"",""#text"":""auto start""},{""@Name"":""param4"",""#text"":""DoSvc""}]}}"
168,168,2023-02-01 00:41:21.9566055,1501,Info,Microsoft-Windows-GroupPolicy,System,2236,4412,DESKTOP-887GK2L,1,S-1-5-21-3393683511-3463148672-371912004-1000,Group Policy Settings processed successfully for USER,,,,,,,,,,False,C:\Users\turan\Desktop\defense-work-evtx-files\System.evtx,Classic,0,"{""EventData"":{""Data"":[{""@Name"":""SupportInfo1"",""#text"":""1""},{""@Name"":""SupportInfo2"",""#text"":""4292""},{""@Name"":""ProcessingMode"",""#text"":""1""},{""@Name"":""ProcessingTimeInMilliseconds"",""#text"":""125""},{""@Name"":""DCName""}]}}"
169,169,2023-02-01 00:41:23.3209328,16,Info,Microsoft-Windows-Kernel-General,System,5544,5568,DESKTOP-887GK2L,1,S-1-5-18,,,,,,,,,,,False,C:\Users\turan\Desktop\defense-work-evtx-files\System.evtx,Classic,0,"{""EventData"":{""Data"":[{""@Name"":""HiveNameLength"",""#text"":""122""},{""@Name"":""HiveName"",""#text"":""\\??\\C:\\Users\\defaultuser0\\AppData\\Local\\Packages\\Microsoft.Windows.CloudExperienceHost_cw5n1h2txyewy\\Settings\\settings.dat""},{""@Name"":""KeysUpdated"",""#text"":""3""},{""@Name"":""DirtyPages"",""#text"":""1""}]}}"
170,170,2023-02-01 00:41:33.0214509,24,Info,Microsoft-Windows-Kernel-General,System,3628,3800,DESKTOP-887GK2L,1,S-1-5-18,,,,,,,,,,,False,C:\Users\turan\Desktop\defense-work-evtx-files\System.evtx,Time,0,"{""EventData"":{""Data"":[{""@Name"":""ExitReason"",""#text"":""0""},{""@Name"":""CurrentBias"",""#text"":""480""},{""@Name"":""CurrentTimeZoneID"",""#text"":""1""},{""@Name"":""TimeZoneInfoCacheUpdated"",""#text"":""0""},{""@Name"":""FirstRefresh"",""#text"":""0""}]}}"
171,171,2023-02-01 00:41:33.0215635,1,Info,Microsoft-Windows-Kernel-General,System,3628,3800,DESKTOP-887GK2L,1,S-1-5-18,The system time was changed,,,OldTime: 2023-02-01 00:41:33.0136800,NewTime: 2023-02-01 00:41:33.0136800,Reason: System time adjusted to the new time zone.,,,,,False,C:\Users\turan\Desktop\defense-work-evtx-files\System.evtx,Time,0,"{""EventData"":{""Data"":[{""@Name"":""NewTime"",""#text"":""2023-02-01 00:41:33.0136800""},{""@Name"":""OldTime"",""#text"":""2023-02-01 00:41:33.0136800""},{""@Name"":""Reason"",""#text"":""3""},{""@Name"":""ProcessName"",""#text"":""\\Device\\HarddiskVolume3\\Windows\\System32\\CloudExperienceHostBroker.exe""},{""@Name"":""ProcessID"",""#text"":""3628""}]}}"
172,172,2023-02-01 00:41:40.6994063,16,Info,Microsoft-Windows-Kernel-General,System,6292,6340,DESKTOP-887GK2L,1,S-1-5-18,,,,,,,,,,,False,C:\Users\turan\Desktop\defense-work-evtx-files\System.evtx,Classic,0,"{""EventData"":{""Data"":[{""@Name"":""HiveNameLength"",""#text"":""128""},{""@Name"":""HiveName"",""#text"":""\\??\\C:\\Users\\defaultuser0\\AppData\\Local\\Packages\\Microsoft.Windows.OOBENetworkConnectionFlow_cw5n1h2txyewy\\Settings\\settings.dat""},{""@Name"":""KeysUpdated"",""#text"":""3""},{""@Name"":""DirtyPages"",""#text"":""1""}]}}"
173,173,2023-02-01 00:41:41.8492538,7040,Info,Service Control Manager,System,700,3292,DESKTOP-887GK2L,1,S-1-5-18,Start type of a service has changed,,,The start type of the Remote Access IP ARP Driver was changed from demand start to auto start,,,,,,wanarp,False,C:\Users\turan\Desktop\defense-work-evtx-files\System.evtx,"Audit success, classic",0,"{""EventData"":{""Data"":[{""@Name"":""param1"",""#text"":""Remote Access IP ARP Driver""},{""@Name"":""param2"",""#text"":""demand start""},{""@Name"":""param3"",""#text"":""auto start""},{""@Name"":""param4"",""#text"":""wanarp""}]}}"
174,174,2023-02-01 00:41:41.9741229,7040,Info,Service Control Manager,System,700,808,DESKTOP-887GK2L,1,S-1-5-18,Start type of a service has changed,,,The start type of the Remote Access Connection Manager was changed from demand start to auto start,,,,,,RasMan,False,C:\Users\turan\Desktop\defense-work-evtx-files\System.evtx,"Audit success, classic",0,"{""EventData"":{""Data"":[{""@Name"":""param1"",""#text"":""Remote Access Connection Manager""},{""@Name"":""param2"",""#text"":""demand start""},{""@Name"":""param3"",""#text"":""auto start""},{""@Name"":""param4"",""#text"":""RasMan""}]}}"
175,175,2023-02-01 00:41:49.2712498,16,Info,Microsoft-Windows-Kernel-General,System,6904,6936,DESKTOP-887GK2L,1,S-1-5-18,,,,,,,,,,,False,C:\Users\turan\Desktop\defense-work-evtx-files\System.evtx,Classic,0,"{""EventData"":{""Data"":[{""@Name"":""HiveNameLength"",""#text"":""112""},{""@Name"":""HiveName"",""#text"":""\\??\\C:\\Users\\defaultuser0\\AppData\\Local\\Packages\\MicrosoftWindows.Client.CBS_cw5n1h2txyewy\\Settings\\settings.dat""},{""@Name"":""KeysUpdated"",""#text"":""3""},{""@Name"":""DirtyPages"",""#text"":""1""}]}}"
176,176,2023-02-01 00:42:46.1106527,7040,Info,Service Control Manager,System,700,3292,DESKTOP-887GK2L,1,S-1-5-18,Start type of a service has changed,,,The start type of the Windows Modules Installer was changed from demand start to auto start,,,,,,TrustedInstaller,False,C:\Users\turan\Desktop\defense-work-evtx-files\System.evtx,"Audit success, classic",0,"{""EventData"":{""Data"":[{""@Name"":""param1"",""#text"":""Windows Modules Installer""},{""@Name"":""param2"",""#text"":""demand start""},{""@Name"":""param3"",""#text"":""auto start""},{""@Name"":""param4"",""#text"":""TrustedInstaller""}]}}"
177,177,2023-02-01 00:42:46.9406835,7040,Info,Service Control Manager,System,700,3292,DESKTOP-887GK2L,1,S-1-5-18,Start type of a service has changed,,,The start type of the Windows Modules Installer was changed from auto start to demand start,,,,,,TrustedInstaller,False,C:\Users\turan\Desktop\defense-work-evtx-files\System.evtx,"Audit success, classic",0,"{""EventData"":{""Data"":[{""@Name"":""param1"",""#text"":""Windows Modules Installer""},{""@Name"":""param2"",""#text"":""auto start""},{""@Name"":""param3"",""#text"":""demand start""},{""@Name"":""param4"",""#text"":""TrustedInstaller""}]}}"
178,178,2023-02-01 00:43:02.4292880,7040,Info,Service Control Manager,System,700,3292,DESKTOP-887GK2L,1,S-1-5-18,Start type of a service has changed,,,The start type of the Background Intelligent Transfer Service was changed from demand start to auto start,,,,,,BITS,False,C:\Users\turan\Desktop\defense-work-evtx-files\System.evtx,"Audit success, classic",0,"{""EventData"":{""Data"":[{""@Name"":""param1"",""#text"":""Background Intelligent Transfer Service""},{""@Name"":""param2"",""#text"":""demand start""},{""@Name"":""param3"",""#text"":""auto start""},{""@Name"":""param4"",""#text"":""BITS""}]}}"
179,179,2023-02-01 00:43:02.9824008,7002,Info,Microsoft-Windows-Winlogon,System,680,1268,DESKTOP-887GK2L,1,S-1-5-18,User logoff,,,UserSID: S-1-5-21-3393683511-3463148672-371912004-1000,,,,,,,False,C:\Users\turan\Desktop\defense-work-evtx-files\System.evtx,0x2000200000000000,0,"{""EventData"":{""Data"":[{""@Name"":""TSId"",""#text"":""1""},{""@Name"":""UserSid"",""#text"":""S-1-5-21-3393683511-3463148672-371912004-1000""}]}}"
180,180,2023-02-01 00:43:03.2791312,7001,Info,Microsoft-Windows-Winlogon,System,5148,696,DESKTOP-887GK2L,1,S-1-5-18,User logon,,,UserSID: S-1-5-21-3393683511-3463148672-371912004-1001,,,,,,,False,C:\Users\turan\Desktop\defense-work-evtx-files\System.evtx,0x2000200000000000,0,"{""EventData"":{""Data"":[{""@Name"":""TSId"",""#text"":""2""},{""@Name"":""UserSid"",""#text"":""S-1-5-21-3393683511-3463148672-371912004-1001""}]}}"
181,181,2023-02-01 00:43:03.3960731,1501,Info,Microsoft-Windows-GroupPolicy,System,2236,2692,DESKTOP-887GK2L,1,S-1-5-21-3393683511-3463148672-371912004-1001,Group Policy Settings processed successfully for USER,,,,,,,,,,False,C:\Users\turan\Desktop\defense-work-evtx-files\System.evtx,Classic,0,"{""EventData"":{""Data"":[{""@Name"":""SupportInfo1"",""#text"":""1""},{""@Name"":""SupportInfo2"",""#text"":""4292""},{""@Name"":""ProcessingMode"",""#text"":""1""},{""@Name"":""ProcessingTimeInMilliseconds"",""#text"":""93""},{""@Name"":""DCName""}]}}"
182,182,2023-02-01 00:43:04.9411390,16,Info,Microsoft-Windows-Kernel-General,System,484,4220,DESKTOP-887GK2L,1,S-1-5-18,,,,,,,,,,,False,C:\Users\turan\Desktop\defense-work-evtx-files\System.evtx,Classic,0,"{""EventData"":{""Data"":[{""@Name"":""HiveNameLength"",""#text"":""110""},{""@Name"":""HiveName"",""#text"":""\\??\\C:\\Users\\CyberJunkie\\AppData\\Local\\Packages\\Microsoft.AAD.BrokerPlugin_cw5n1h2txyewy\\Settings\\settings.dat""},{""@Name"":""KeysUpdated"",""#text"":""3""},{""@Name"":""DirtyPages"",""#text"":""1""}]}}"
183,183,2023-02-01 00:43:07.2325492,16,Info,Microsoft-Windows-Kernel-General,System,668,596,DESKTOP-887GK2L,1,S-1-5-18,,,,,,,,,,,False,C:\Users\turan\Desktop\defense-work-evtx-files\System.evtx,Classic,0,"{""EventData"":{""Data"":[{""@Name"":""HiveNameLength"",""#text"":""125""},{""@Name"":""HiveName"",""#text"":""\\??\\C:\\Users\\CyberJunkie\\AppData\\Local\\Packages\\Microsoft.Windows.StartMenuExperienceHost_cw5n1h2txyewy\\Settings\\settings.dat""},{""@Name"":""KeysUpdated"",""#text"":""3""},{""@Name"":""DirtyPages"",""#text"":""1""}]}}"
184,184,2023-02-01 00:43:07.8518175,16,Info,Microsoft-Windows-Kernel-General,System,6400,6348,DESKTOP-887GK2L,1,S-1-5-18,,,,,,,,,,,False,C:\Users\turan\Desktop\defense-work-evtx-files\System.evtx,Classic,0,"{""EventData"":{""Data"":[{""@Name"":""HiveNameLength"",""#text"":""108""},{""@Name"":""HiveName"",""#text"":""\\??\\C:\\Users\\CyberJunkie\\AppData\\Local\\Packages\\Microsoft.Windows.Search_cw5n1h2txyewy\\Settings\\settings.dat""},{""@Name"":""KeysUpdated"",""#text"":""3""},{""@Name"":""DirtyPages"",""#text"":""1""}]}}"
185,185,2023-02-01 00:43:15.8137939,10016,Warning,Microsoft-Windows-DistributedCOM,System,984,2112,DESKTOP-887GK2L,1,S-1-5-18,,,,,,,,,,,False,C:\Users\turan\Desktop\defense-work-evtx-files\System.evtx,"Audit success, classic",0,"{""EventData"":{""Data"":[{""@Name"":""param1"",""#text"":""application-specific""},{""@Name"":""param2"",""#text"":""Local""},{""@Name"":""param3"",""#text"":""Launch""},{""@Name"":""param4"",""#text"":""Windows.SecurityCenter.WscDataProtection""},{""@Name"":""param5"",""#text"":""Unavailable""},{""@Name"":""param6"",""#text"":""NT AUTHORITY""},{""@Name"":""param7"",""#text"":""SYSTEM""},{""@Name"":""param8"",""#text"":""S-1-5-18""},{""@Name"":""param9"",""#text"":""LocalHost (Using LRPC)""},{""@Name"":""param10"",""#text"":""Unavailable""},{""@Name"":""param11"",""#text"":""Unavailable""}]}}"
186,186,2023-02-01 00:43:16.2197965,7045,Info,Service Control Manager,System,700,808,DESKTOP-887GK2L,1,S-1-5-18,A new service was installed in the system,,,Name: Printer Extensions and Notifications,StartType: demand start,Account: LocalSystem,,,,%SystemRoot%\system32\svchost.exe -k print,False,C:\Users\turan\Desktop\defense-work-evtx-files\System.evtx,"Audit success, classic",0,"{""EventData"":{""Data"":[{""@Name"":""ServiceName"",""#text"":""Printer Extensions and Notifications""},{""@Name"":""ImagePath"",""#text"":""%SystemRoot%\\system32\\svchost.exe -k print""},{""@Name"":""ServiceType"",""#text"":""user mode service""},{""@Name"":""StartType"",""#text"":""demand start""},{""@Name"":""AccountName"",""#text"":""LocalSystem""}]}}"
187,187,2023-02-01 00:43:16.2197965,7030,Error,Service Control Manager,System,700,808,DESKTOP-887GK2L,1,,,,,,,,,,,,False,C:\Users\turan\Desktop\defense-work-evtx-files\System.evtx,"Audit success, classic",0,"{""EventData"":{""Data"":{""@Name"":""param1"",""#text"":""Printer Extensions and Notifications""}}}"
188,188,2023-02-01 00:44:08.1821544,16,Info,Microsoft-Windows-Kernel-General,System,7216,4848,DESKTOP-887GK2L,1,S-1-5-18,,,,,,,,,,,False,C:\Users\turan\Desktop\defense-work-evtx-files\System.evtx,Classic,0,"{""EventData"":{""Data"":[{""@Name"":""HiveNameLength"",""#text"":""107""},{""@Name"":""HiveName"",""#text"":""\\??\\C:\\Users\\CyberJunkie\\AppData\\Local\\Packages\\Microsoft.549981C3F5F10_8wekyb3d8bbwe\\Settings\\settings.dat""},{""@Name"":""KeysUpdated"",""#text"":""3""},{""@Name"":""DirtyPages"",""#text"":""1""}]}}"
189,189,2023-02-01 00:44:08.2127924,16,Info,Microsoft-Windows-Kernel-General,System,7216,4848,DESKTOP-887GK2L,1,S-1-5-18,,,,,,,,,,,False,C:\Users\turan\Desktop\defense-work-evtx-files\System.evtx,Classic,0,"{""EventData"":{""Data"":[{""@Name"":""HiveNameLength"",""#text"":""107""},{""@Name"":""HiveName"",""#text"":""\\??\\C:\\Users\\CyberJunkie\\AppData\\Local\\Packages\\Microsoft.BioEnrollment_cw5n1h2txyewy\\Settings\\settings.dat""},{""@Name"":""KeysUpdated"",""#text"":""3""},{""@Name"":""DirtyPages"",""#text"":""1""}]}}"
190,190,2023-02-01 00:44:08.2252936,16,Info,Microsoft-Windows-Kernel-General,System,7216,4848,DESKTOP-887GK2L,1,S-1-5-18,,,,,,,,,,,False,C:\Users\turan\Desktop\defense-work-evtx-files\System.evtx,Classic,0,"{""EventData"":{""Data"":[{""@Name"":""HiveNameLength"",""#text"":""113""},{""@Name"":""HiveName"",""#text"":""\\??\\C:\\Users\\CyberJunkie\\AppData\\Local\\Packages\\Microsoft.DesktopAppInstaller_8wekyb3d8bbwe\\Settings\\settings.dat""},{""@Name"":""KeysUpdated"",""#text"":""3""},{""@Name"":""DirtyPages"",""#text"":""1""}]}}"
191,191,2023-02-01 00:44:08.2404495,16,Info,Microsoft-Windows-Kernel-General,System,7216,4848,DESKTOP-887GK2L,1,S-1-5-18,,,,,,,,,,,False,C:\Users\turan\Desktop\defense-work-evtx-files\System.evtx,Classic,0,"{""EventData"":{""Data"":[{""@Name"":""HiveNameLength"",""#text"":""107""},{""@Name"":""HiveName"",""#text"":""\\??\\C:\\Users\\CyberJunkie\\AppData\\Local\\Packages\\Microsoft.MicrosoftEdge_8wekyb3d8bbwe\\Settings\\settings.dat""},{""@Name"":""KeysUpdated"",""#text"":""3""},{""@Name"":""DirtyPages"",""#text"":""1""}]}}"
