174,174,2023-03-10 02:39:15.4041174,1116,Warning,Microsoft-Windows-Windows Defender,Microsoft-Windows-Windows Defender/Operational,2080,8048,DESKTOP-887GK2L,4,S-1-5-18,Detection - The antimalware platform detected malware or other potentially unwanted software,Detection User: NT AUTHORITY\SYSTEM,,Malware name: Trojan:Win64/Meterpreter.B,Description: Trojan (Severe),Detection Time: 2023-03-10T02:39:15.268Z,Process (if real-time detection): C:\Windows\System32\svchost.exe,Detection ID: {8D747E48-51A8-493A-88DF-D8886427B2E4},,file:_C:\Users\CyberJunkie\AppData\Local\Temp\msf.dll,False,C:\Users\turan\Desktop\defense-work-evtx-files\Windows Defender-Operational.evtx,Classic,0,"{""EventData"":{""Data"":[{""@Name"":""Product Name"",""#text"":""Microsoft Defender Antivirus""},{""@Name"":""Product Version"",""#text"":""4.18.2301.6""},{""@Name"":""Detection ID"",""#text"":""{8D747E48-51A8-493A-88DF-D8886427B2E4}""},{""@Name"":""Detection Time"",""#text"":""2023-03-10T02:39:15.268Z""},{""@Name"":""Unused""},{""@Name"":""Unused2""},{""@Name"":""Threat ID"",""#text"":""2147721790""},{""@Name"":""Threat Name"",""#text"":""Trojan:Win64/Meterpreter.B""},{""@Name"":""Severity ID"",""#text"":""5""},{""@Name"":""Severity Name"",""#text"":""Severe""},{""@Name"":""Category ID"",""#text"":""8""},{""@Name"":""Category Name"",""#text"":""Trojan""},{""@Name"":""FWLink"",""#text"":""https://go.microsoft.com/fwlink/?linkid=37020&amp;name=Trojan:Win64/Meterpreter.B&amp;threatid=2147721790&amp;enterprise=0""},{""@Name"":""Status Code"",""#text"":""1""},{""@Name"":""Status Description""},{""@Name"":""State"",""#text"":""1""},{""@Name"":""Source ID"",""#text"":""3""},{""@Name"":""Source Name"",""#text"":""Real-Time Protection""},{""@Name"":""Process Name"",""#text"":""C:\\Windows\\System32\\svchost.exe""},{""@Name"":""Detection User"",""#text"":""NT AUTHORITY\\SYSTEM""},{""@Name"":""Unused3""},{""@Name"":""Path"",""#text"":""file:_C:\\Users\\CyberJunkie\\AppData\\Local\\Temp\\msf.dll""},{""@Name"":""Origin ID"",""#text"":""1""},{""@Name"":""Origin Name"",""#text"":""Local machine""},{""@Name"":""Execution ID"",""#text"":""1""},{""@Name"":""Execution Name"",""#text"":""Suspended""},{""@Name"":""Type ID"",""#text"":""0""},{""@Name"":""Type Name"",""#text"":""Concrete""},{""@Name"":""Pre Execution Status"",""#text"":""0""},{""@Name"":""Action ID"",""#text"":""9""},{""@Name"":""Action Name"",""#text"":""Not Applicable""},{""@Name"":""Unused4""},{""@Name"":""Error Code"",""#text"":""0x00000000""},{""@Name"":""Error Description"",""#text"":""The operation completed successfully. ""},{""@Name"":""Unused5""},{""@Name"":""Post Clean Status"",""#text"":""0""},{""@Name"":""Additional Actions ID"",""#text"":""0""},{""@Name"":""Additional Actions String"",""#text"":""No additional actions required""},{""@Name"":""Remediation User""},{""@Name"":""Unused6""},{""@Name"":""Security intelligence Version"",""#text"":""AV: 1.383.1419.0, AS: 1.383.1419.0, NIS: 1.383.1419.0""},{""@Name"":""Engine Version"",""#text"":""AM: 1.1.20000.2, NIS: 1.1.20000.2""}]}}"
175,175,2023-03-10 02:39:15.4227631,1117,Info,Microsoft-Windows-Windows Defender,Microsoft-Windows-Windows Defender/Operational,2080,2480,DESKTOP-887GK2L,4,S-1-5-18,Detection - The antimalware platform performed an action to protect your system from malware or other potentially unwanted software,Detection User: NT AUTHORITY\SYSTEM,,Malware name: Trojan:Win64/Meterpreter.B,Description: Trojan (Severe),Detection Time: 2023-03-10T02:39:02.147Z,Process (if real-time detection): C:\Windows\System32\svchost.exe,Detection ID: {E251EC68-D0D8-4530-AF79-AAE134F33CB9},,file:_C:\Users\CyberJunkie\AppData\Local\Temp\msf.dll,False,C:\Users\turan\Desktop\defense-work-evtx-files\Windows Defender-Operational.evtx,Classic,0,"{""EventData"":{""Data"":[{""@Name"":""Product Name"",""#text"":""Microsoft Defender Antivirus""},{""@Name"":""Product Version"",""#text"":""4.18.2301.6""},{""@Name"":""Detection ID"",""#text"":""{E251EC68-D0D8-4530-AF79-AAE134F33CB9}""},{""@Name"":""Detection Time"",""#text"":""2023-03-10T02:39:02.147Z""},{""@Name"":""Unused""},{""@Name"":""Unused2""},{""@Name"":""Threat ID"",""#text"":""2147721790""},{""@Name"":""Threat Name"",""#text"":""Trojan:Win64/Meterpreter.B""},{""@Name"":""Severity ID"",""#text"":""5""},{""@Name"":""Severity Name"",""#text"":""Severe""},{""@Name"":""Category ID"",""#text"":""8""},{""@Name"":""Category Name"",""#text"":""Trojan""},{""@Name"":""FWLink"",""#text"":""https://go.microsoft.com/fwlink/?linkid=37020&amp;name=Trojan:Win64/Meterpreter.B&amp;threatid=2147721790&amp;enterprise=0""},{""@Name"":""Status Code"",""#text"":""3""},{""@Name"":""Status Description""},{""@Name"":""State"",""#text"":""3""},{""@Name"":""Source ID"",""#text"":""3""},{""@Name"":""Source Name"",""#text"":""Real-Time Protection""},{""@Name"":""Process Name"",""#text"":""C:\\Windows\\System32\\svchost.exe""},{""@Name"":""Detection User"",""#text"":""NT AUTHORITY\\SYSTEM""},{""@Name"":""Unused3""},{""@Name"":""Path"",""#text"":""file:_C:\\Users\\CyberJunkie\\AppData\\Local\\Temp\\msf.dll""},{""@Name"":""Origin ID"",""#text"":""1""},{""@Name"":""Origin Name"",""#text"":""Local machine""},{""@Name"":""Execution ID"",""#text"":""1""},{""@Name"":""Execution Name"",""#text"":""Suspended""},{""@Name"":""Type ID"",""#text"":""0""},{""@Name"":""Type Name"",""#text"":""Concrete""},{""@Name"":""Pre Execution Status"",""#text"":""0""},{""@Name"":""Action ID"",""#text"":""2""},{""@Name"":""Action Name"",""#text"":""Quarantine""},{""@Name"":""Unused4""},{""@Name"":""Error Code"",""#text"":""0x00000000""},{""@Name"":""Error Description"",""#text"":""The operation completed successfully. ""},{""@Name"":""Unused5""},{""@Name"":""Post Clean Status"",""#text"":""0""},{""@Name"":""Additional Actions ID"",""#text"":""8""},{""@Name"":""Additional Actions String"",""#text"":""To finish removing malware and other potentially unwanted software, restart the device. ""},{""@Name"":""Remediation User"",""#text"":""NT AUTHORITY\\SYSTEM""},{""@Name"":""Unused6""},{""@Name"":""Security intelligence Version"",""#text"":""AV: 1.383.1419.0, AS: 1.383.1419.0, NIS: 1.383.1419.0""},{""@Name"":""Engine Version"",""#text"":""AM: 1.1.20000.2, NIS: 1.1.20000.2""}]}}"
176,176,2023-03-10 02:39:15.4283869,1116,Warning,Microsoft-Windows-Windows Defender,Microsoft-Windows-Windows Defender/Operational,2080,2480,DESKTOP-887GK2L,4,S-1-5-18,Detection - The antimalware platform detected malware or other potentially unwanted software,Detection User: NT AUTHORITY\SYSTEM,,Malware name: Trojan:Win64/Meterpreter.B,Description: Trojan (Severe),Detection Time: 2023-03-10T02:39:15.268Z,Process (if real-time detection): C:\Windows\System32\svchost.exe,Detection ID: {8D747E48-51A8-493A-88DF-D8886427B2E4},,file:_C:\Users\CyberJunkie\AppData\Local\Temp\msf.dll,False,C:\Users\turan\Desktop\defense-work-evtx-files\Windows Defender-Operational.evtx,Classic,0,"{""EventData"":{""Data"":[{""@Name"":""Product Name"",""#text"":""Microsoft Defender Antivirus""},{""@Name"":""Product Version"",""#text"":""4.18.2301.6""},{""@Name"":""Detection ID"",""#text"":""{8D747E48-51A8-493A-88DF-D8886427B2E4}""},{""@Name"":""Detection Time"",""#text"":""2023-03-10T02:39:15.268Z""},{""@Name"":""Unused""},{""@Name"":""Unused2""},{""@Name"":""Threat ID"",""#text"":""2147721790""},{""@Name"":""Threat Name"",""#text"":""Trojan:Win64/Meterpreter.B""},{""@Name"":""Severity ID"",""#text"":""5""},{""@Name"":""Severity Name"",""#text"":""Severe""},{""@Name"":""Category ID"",""#text"":""8""},{""@Name"":""Category Name"",""#text"":""Trojan""},{""@Name"":""FWLink"",""#text"":""https://go.microsoft.com/fwlink/?linkid=37020&amp;name=Trojan:Win64/Meterpreter.B&amp;threatid=2147721790&amp;enterprise=0""},{""@Name"":""Status Code"",""#text"":""1""},{""@Name"":""Status Description""},{""@Name"":""State"",""#text"":""1""},{""@Name"":""Source ID"",""#text"":""3""},{""@Name"":""Source Name"",""#text"":""Real-Time Protection""},{""@Name"":""Process Name"",""#text"":""C:\\Windows\\System32\\svchost.exe""},{""@Name"":""Detection User"",""#text"":""NT AUTHORITY\\SYSTEM""},{""@Name"":""Unused3""},{""@Name"":""Path"",""#text"":""file:_C:\\Users\\CyberJunkie\\AppData\\Local\\Temp\\msf.dll""},{""@Name"":""Origin ID"",""#text"":""1""},{""@Name"":""Origin Name"",""#text"":""Local machine""},{""@Name"":""Execution ID"",""#text"":""1""},{""@Name"":""Execution Name"",""#text"":""Suspended""},{""@Name"":""Type ID"",""#text"":""0""},{""@Name"":""Type Name"",""#text"":""Concrete""},{""@Name"":""Pre Execution Status"",""#text"":""0""},{""@Name"":""Action ID"",""#text"":""9""},{""@Name"":""Action Name"",""#text"":""Not Applicable""},{""@Name"":""Unused4""},{""@Name"":""Error Code"",""#text"":""0x00000000""},{""@Name"":""Error Description"",""#text"":""The operation completed successfully. ""},{""@Name"":""Unused5""},{""@Name"":""Post Clean Status"",""#text"":""0""},{""@Name"":""Additional Actions ID"",""#text"":""0""},{""@Name"":""Additional Actions String"",""#text"":""No additional actions required""},{""@Name"":""Remediation User""},{""@Name"":""Unused6""},{""@Name"":""Security intelligence Version"",""#text"":""AV: 1.383.1419.0, AS: 1.383.1419.0, NIS: 1.383.1419.0""},{""@Name"":""Engine Version"",""#text"":""AM: 1.1.20000.2, NIS: 1.1.20000.2""}]}}"
177,177,2023-03-10 02:39:28.5653034,1116,Warning,Microsoft-Windows-Windows Defender,Microsoft-Windows-Windows Defender/Operational,2080,5052,DESKTOP-887GK2L,4,S-1-5-18,Detection - The antimalware platform detected malware or other potentially unwanted software,Detection User: NT AUTHORITY\SYSTEM,,Malware name: Trojan:Win64/Meterpreter.B,Description: Trojan (Severe),Detection Time: 2023-03-10T02:39:28.424Z,Process (if real-time detection): C:\Windows\System32\svchost.exe,Detection ID: {F5BEDC78-6B1A-4C3C-A7C3-6E4229F5B1D6},,file:_C:\Users\CyberJunkie\AppData\Local\Temp\msf.dll,False,C:\Users\turan\Desktop\defense-work-evtx-files\Windows Defender-Operational.evtx,Classic,0,"{""EventData"":{""Data"":[{""@Name"":""Product Name"",""#text"":""Microsoft Defender Antivirus""},{""@Name"":""Product Version"",""#text"":""4.18.2301.6""},{""@Name"":""Detection ID"",""#text"":""{F5BEDC78-6B1A-4C3C-A7C3-6E4229F5B1D6}""},{""@Name"":""Detection Time"",""#text"":""2023-03-10T02:39:28.424Z""},{""@Name"":""Unused""},{""@Name"":""Unused2""},{""@Name"":""Threat ID"",""#text"":""2147721790""},{""@Name"":""Threat Name"",""#text"":""Trojan:Win64/Meterpreter.B""},{""@Name"":""Severity ID"",""#text"":""5""},{""@Name"":""Severity Name"",""#text"":""Severe""},{""@Name"":""Category ID"",""#text"":""8""},{""@Name"":""Category Name"",""#text"":""Trojan""},{""@Name"":""FWLink"",""#text"":""https://go.microsoft.com/fwlink/?linkid=37020&amp;name=Trojan:Win64/Meterpreter.B&amp;threatid=2147721790&amp;enterprise=0""},{""@Name"":""Status Code"",""#text"":""1""},{""@Name"":""Status Description""},{""@Name"":""State"",""#text"":""1""},{""@Name"":""Source ID"",""#text"":""3""},{""@Name"":""Source Name"",""#text"":""Real-Time Protection""},{""@Name"":""Process Name"",""#text"":""C:\\Windows\\System32\\svchost.exe""},{""@Name"":""Detection User"",""#text"":""NT AUTHORITY\\SYSTEM""},{""@Name"":""Unused3""},{""@Name"":""Path"",""#text"":""file:_C:\\Users\\CyberJunkie\\AppData\\Local\\Temp\\msf.dll""},{""@Name"":""Origin ID"",""#text"":""1""},{""@Name"":""Origin Name"",""#text"":""Local machine""},{""@Name"":""Execution ID"",""#text"":""1""},{""@Name"":""Execution Name"",""#text"":""Suspended""},{""@Name"":""Type ID"",""#text"":""0""},{""@Name"":""Type Name"",""#text"":""Concrete""},{""@Name"":""Pre Execution Status"",""#text"":""0""},{""@Name"":""Action ID"",""#text"":""9""},{""@Name"":""Action Name"",""#text"":""Not Applicable""},{""@Name"":""Unused4""},{""@Name"":""Error Code"",""#text"":""0x00000000""},{""@Name"":""Error Description"",""#text"":""The operation completed successfully. ""},{""@Name"":""Unused5""},{""@Name"":""Post Clean Status"",""#text"":""0""},{""@Name"":""Additional Actions ID"",""#text"":""0""},{""@Name"":""Additional Actions String"",""#text"":""No additional actions required""},{""@Name"":""Remediation User""},{""@Name"":""Unused6""},{""@Name"":""Security intelligence Version"",""#text"":""AV: 1.383.1419.0, AS: 1.383.1419.0, NIS: 1.383.1419.0""},{""@Name"":""Engine Version"",""#text"":""AM: 1.1.20000.2, NIS: 1.1.20000.2""}]}}"
178,178,2023-03-10 02:39:28.5833643,1117,Info,Microsoft-Windows-Windows Defender,Microsoft-Windows-Windows Defender/Operational,2080,2480,DESKTOP-887GK2L,4,S-1-5-18,Detection - The antimalware platform performed an action to protect your system from malware or other potentially unwanted software,Detection User: NT AUTHORITY\SYSTEM,,Malware name: Trojan:Win64/Meterpreter.B,Description: Trojan (Severe),Detection Time: 2023-03-10T02:39:15.268Z,Process (if real-time detection): C:\Windows\System32\svchost.exe,Detection ID: {8D747E48-51A8-493A-88DF-D8886427B2E4},,file:_C:\Users\CyberJunkie\AppData\Local\Temp\msf.dll,False,C:\Users\turan\Desktop\defense-work-evtx-files\Windows Defender-Operational.evtx,Classic,0,"{""EventData"":{""Data"":[{""@Name"":""Product Name"",""#text"":""Microsoft Defender Antivirus""},{""@Name"":""Product Version"",""#text"":""4.18.2301.6""},{""@Name"":""Detection ID"",""#text"":""{8D747E48-51A8-493A-88DF-D8886427B2E4}""},{""@Name"":""Detection Time"",""#text"":""2023-03-10T02:39:15.268Z""},{""@Name"":""Unused""},{""@Name"":""Unused2""},{""@Name"":""Threat ID"",""#text"":""2147721790""},{""@Name"":""Threat Name"",""#text"":""Trojan:Win64/Meterpreter.B""},{""@Name"":""Severity ID"",""#text"":""5""},{""@Name"":""Severity Name"",""#text"":""Severe""},{""@Name"":""Category ID"",""#text"":""8""},{""@Name"":""Category Name"",""#text"":""Trojan""},{""@Name"":""FWLink"",""#text"":""https://go.microsoft.com/fwlink/?linkid=37020&amp;name=Trojan:Win64/Meterpreter.B&amp;threatid=2147721790&amp;enterprise=0""},{""@Name"":""Status Code"",""#text"":""3""},{""@Name"":""Status Description""},{""@Name"":""State"",""#text"":""3""},{""@Name"":""Source ID"",""#text"":""3""},{""@Name"":""Source Name"",""#text"":""Real-Time Protection""},{""@Name"":""Process Name"",""#text"":""C:\\Windows\\System32\\svchost.exe""},{""@Name"":""Detection User"",""#text"":""NT AUTHORITY\\SYSTEM""},{""@Name"":""Unused3""},{""@Name"":""Path"",""#text"":""file:_C:\\Users\\CyberJunkie\\AppData\\Local\\Temp\\msf.dll""},{""@Name"":""Origin ID"",""#text"":""1""},{""@Name"":""Origin Name"",""#text"":""Local machine""},{""@Name"":""Execution ID"",""#text"":""1""},{""@Name"":""Execution Name"",""#text"":""Suspended""},{""@Name"":""Type ID"",""#text"":""0""},{""@Name"":""Type Name"",""#text"":""Concrete""},{""@Name"":""Pre Execution Status"",""#text"":""0""},{""@Name"":""Action ID"",""#text"":""2""},{""@Name"":""Action Name"",""#text"":""Quarantine""},{""@Name"":""Unused4""},{""@Name"":""Error Code"",""#text"":""0x00000000""},{""@Name"":""Error Description"",""#text"":""The operation completed successfully. ""},{""@Name"":""Unused5""},{""@Name"":""Post Clean Status"",""#text"":""0""},{""@Name"":""Additional Actions ID"",""#text"":""8""},{""@Name"":""Additional Actions String"",""#text"":""To finish removing malware and other potentially unwanted software, restart the device. ""},{""@Name"":""Remediation User"",""#text"":""NT AUTHORITY\\SYSTEM""},{""@Name"":""Unused6""},{""@Name"":""Security intelligence Version"",""#text"":""AV: 1.383.1419.0, AS: 1.383.1419.0, NIS: 1.383.1419.0""},{""@Name"":""Engine Version"",""#text"":""AM: 1.1.20000.2, NIS: 1.1.20000.2""}]}}"
179,179,2023-03-10 02:39:28.5884780,1116,Warning,Microsoft-Windows-Windows Defender,Microsoft-Windows-Windows Defender/Operational,2080,2480,DESKTOP-887GK2L,4,S-1-5-18,Detection - The antimalware platform detected malware or other potentially unwanted software,Detection User: NT AUTHORITY\SYSTEM,,Malware name: Trojan:Win64/Meterpreter.B,Description: Trojan (Severe),Detection Time: 2023-03-10T02:39:28.424Z,Process (if real-time detection): C:\Windows\System32\svchost.exe,Detection ID: {F5BEDC78-6B1A-4C3C-A7C3-6E4229F5B1D6},,file:_C:\Users\CyberJunkie\AppData\Local\Temp\msf.dll,False,C:\Users\turan\Desktop\defense-work-evtx-files\Windows Defender-Operational.evtx,Classic,0,"{""EventData"":{""Data"":[{""@Name"":""Product Name"",""#text"":""Microsoft Defender Antivirus""},{""@Name"":""Product Version"",""#text"":""4.18.2301.6""},{""@Name"":""Detection ID"",""#text"":""{F5BEDC78-6B1A-4C3C-A7C3-6E4229F5B1D6}""},{""@Name"":""Detection Time"",""#text"":""2023-03-10T02:39:28.424Z""},{""@Name"":""Unused""},{""@Name"":""Unused2""},{""@Name"":""Threat ID"",""#text"":""2147721790""},{""@Name"":""Threat Name"",""#text"":""Trojan:Win64/Meterpreter.B""},{""@Name"":""Severity ID"",""#text"":""5""},{""@Name"":""Severity Name"",""#text"":""Severe""},{""@Name"":""Category ID"",""#text"":""8""},{""@Name"":""Category Name"",""#text"":""Trojan""},{""@Name"":""FWLink"",""#text"":""https://go.microsoft.com/fwlink/?linkid=37020&amp;name=Trojan:Win64/Meterpreter.B&amp;threatid=2147721790&amp;enterprise=0""},{""@Name"":""Status Code"",""#text"":""1""},{""@Name"":""Status Description""},{""@Name"":""State"",""#text"":""1""},{""@Name"":""Source ID"",""#text"":""3""},{""@Name"":""Source Name"",""#text"":""Real-Time Protection""},{""@Name"":""Process Name"",""#text"":""C:\\Windows\\System32\\svchost.exe""},{""@Name"":""Detection User"",""#text"":""NT AUTHORITY\\SYSTEM""},{""@Name"":""Unused3""},{""@Name"":""Path"",""#text"":""file:_C:\\Users\\CyberJunkie\\AppData\\Local\\Temp\\msf.dll""},{""@Name"":""Origin ID"",""#text"":""1""},{""@Name"":""Origin Name"",""#text"":""Local machine""},{""@Name"":""Execution ID"",""#text"":""1""},{""@Name"":""Execution Name"",""#text"":""Suspended""},{""@Name"":""Type ID"",""#text"":""0""},{""@Name"":""Type Name"",""#text"":""Concrete""},{""@Name"":""Pre Execution Status"",""#text"":""0""},{""@Name"":""Action ID"",""#text"":""9""},{""@Name"":""Action Name"",""#text"":""Not Applicable""},{""@Name"":""Unused4""},{""@Name"":""Error Code"",""#text"":""0x00000000""},{""@Name"":""Error Description"",""#text"":""The operation completed successfully. ""},{""@Name"":""Unused5""},{""@Name"":""Post Clean Status"",""#text"":""0""},{""@Name"":""Additional Actions ID"",""#text"":""0""},{""@Name"":""Additional Actions String"",""#text"":""No additional actions required""},{""@Name"":""Remediation User""},{""@Name"":""Unused6""},{""@Name"":""Security intelligence Version"",""#text"":""AV: 1.383.1419.0, AS: 1.383.1419.0, NIS: 1.383.1419.0""},{""@Name"":""Engine Version"",""#text"":""AM: 1.1.20000.2, NIS: 1.1.20000.2""}]}}"
180,180,2023-03-10 02:39:42.0438250,1116,Warning,Microsoft-Windows-Windows Defender,Microsoft-Windows-Windows Defender/Operational,2080,6492,DESKTOP-887GK2L,4,S-1-5-18,Detection - The antimalware platform detected malware or other potentially unwanted software,Detection User: NT AUTHORITY\SYSTEM,,Malware name: Trojan:Win64/Meterpreter.B,Description: Trojan (Severe),Detection Time: 2023-03-10T02:39:41.905Z,Process (if real-time detection): C:\Windows\System32\svchost.exe,Detection ID: {92E49572-5AA1-4879-96AA-787DA1981F6A},,file:_C:\Users\CyberJunkie\AppData\Local\Temp\msf.dll,False,C:\Users\turan\Desktop\defense-work-evtx-files\Windows Defender-Operational.evtx,Classic,0,"{""EventData"":{""Data"":[{""@Name"":""Product Name"",""#text"":""Microsoft Defender Antivirus""},{""@Name"":""Product Version"",""#text"":""4.18.2301.6""},{""@Name"":""Detection ID"",""#text"":""{92E49572-5AA1-4879-96AA-787DA1981F6A}""},{""@Name"":""Detection Time"",""#text"":""2023-03-10T02:39:41.905Z""},{""@Name"":""Unused""},{""@Name"":""Unused2""},{""@Name"":""Threat ID"",""#text"":""2147721790""},{""@Name"":""Threat Name"",""#text"":""Trojan:Win64/Meterpreter.B""},{""@Name"":""Severity ID"",""#text"":""5""},{""@Name"":""Severity Name"",""#text"":""Severe""},{""@Name"":""Category ID"",""#text"":""8""},{""@Name"":""Category Name"",""#text"":""Trojan""},{""@Name"":""FWLink"",""#text"":""https://go.microsoft.com/fwlink/?linkid=37020&amp;name=Trojan:Win64/Meterpreter.B&amp;threatid=2147721790&amp;enterprise=0""},{""@Name"":""Status Code"",""#text"":""1""},{""@Name"":""Status Description""},{""@Name"":""State"",""#text"":""1""},{""@Name"":""Source ID"",""#text"":""3""},{""@Name"":""Source Name"",""#text"":""Real-Time Protection""},{""@Name"":""Process Name"",""#text"":""C:\\Windows\\System32\\svchost.exe""},{""@Name"":""Detection User"",""#text"":""NT AUTHORITY\\SYSTEM""},{""@Name"":""Unused3""},{""@Name"":""Path"",""#text"":""file:_C:\\Users\\CyberJunkie\\AppData\\Local\\Temp\\msf.dll""},{""@Name"":""Origin ID"",""#text"":""1""},{""@Name"":""Origin Name"",""#text"":""Local machine""},{""@Name"":""Execution ID"",""#text"":""1""},{""@Name"":""Execution Name"",""#text"":""Suspended""},{""@Name"":""Type ID"",""#text"":""0""},{""@Name"":""Type Name"",""#text"":""Concrete""},{""@Name"":""Pre Execution Status"",""#text"":""0""},{""@Name"":""Action ID"",""#text"":""9""},{""@Name"":""Action Name"",""#text"":""Not Applicable""},{""@Name"":""Unused4""},{""@Name"":""Error Code"",""#text"":""0x00000000""},{""@Name"":""Error Description"",""#text"":""The operation completed successfully. ""},{""@Name"":""Unused5""},{""@Name"":""Post Clean Status"",""#text"":""0""},{""@Name"":""Additional Actions ID"",""#text"":""0""},{""@Name"":""Additional Actions String"",""#text"":""No additional actions required""},{""@Name"":""Remediation User""},{""@Name"":""Unused6""},{""@Name"":""Security intelligence Version"",""#text"":""AV: 1.383.1419.0, AS: 1.383.1419.0, NIS: 1.383.1419.0""},{""@Name"":""Engine Version"",""#text"":""AM: 1.1.20000.2, NIS: 1.1.20000.2""}]}}"
181,181,2023-03-10 02:39:42.0609103,1117,Info,Microsoft-Windows-Windows Defender,Microsoft-Windows-Windows Defender/Operational,2080,2480,DESKTOP-887GK2L,4,S-1-5-18,Detection - The antimalware platform performed an action to protect your system from malware or other potentially unwanted software,Detection User: NT AUTHORITY\SYSTEM,,Malware name: Trojan:Win64/Meterpreter.B,Description: Trojan (Severe),Detection Time: 2023-03-10T02:39:28.424Z,Process (if real-time detection): C:\Windows\System32\svchost.exe,Detection ID: {F5BEDC78-6B1A-4C3C-A7C3-6E4229F5B1D6},,file:_C:\Users\CyberJunkie\AppData\Local\Temp\msf.dll,False,C:\Users\turan\Desktop\defense-work-evtx-files\Windows Defender-Operational.evtx,Classic,0,"{""EventData"":{""Data"":[{""@Name"":""Product Name"",""#text"":""Microsoft Defender Antivirus""},{""@Name"":""Product Version"",""#text"":""4.18.2301.6""},{""@Name"":""Detection ID"",""#text"":""{F5BEDC78-6B1A-4C3C-A7C3-6E4229F5B1D6}""},{""@Name"":""Detection Time"",""#text"":""2023-03-10T02:39:28.424Z""},{""@Name"":""Unused""},{""@Name"":""Unused2""},{""@Name"":""Threat ID"",""#text"":""2147721790""},{""@Name"":""Threat Name"",""#text"":""Trojan:Win64/Meterpreter.B""},{""@Name"":""Severity ID"",""#text"":""5""},{""@Name"":""Severity Name"",""#text"":""Severe""},{""@Name"":""Category ID"",""#text"":""8""},{""@Name"":""Category Name"",""#text"":""Trojan""},{""@Name"":""FWLink"",""#text"":""https://go.microsoft.com/fwlink/?linkid=37020&amp;name=Trojan:Win64/Meterpreter.B&amp;threatid=2147721790&amp;enterprise=0""},{""@Name"":""Status Code"",""#text"":""3""},{""@Name"":""Status Description""},{""@Name"":""State"",""#text"":""3""},{""@Name"":""Source ID"",""#text"":""3""},{""@Name"":""Source Name"",""#text"":""Real-Time Protection""},{""@Name"":""Process Name"",""#text"":""C:\\Windows\\System32\\svchost.exe""},{""@Name"":""Detection User"",""#text"":""NT AUTHORITY\\SYSTEM""},{""@Name"":""Unused3""},{""@Name"":""Path"",""#text"":""file:_C:\\Users\\CyberJunkie\\AppData\\Local\\Temp\\msf.dll""},{""@Name"":""Origin ID"",""#text"":""1""},{""@Name"":""Origin Name"",""#text"":""Local machine""},{""@Name"":""Execution ID"",""#text"":""1""},{""@Name"":""Execution Name"",""#text"":""Suspended""},{""@Name"":""Type ID"",""#text"":""0""},{""@Name"":""Type Name"",""#text"":""Concrete""},{""@Name"":""Pre Execution Status"",""#text"":""0""},{""@Name"":""Action ID"",""#text"":""2""},{""@Name"":""Action Name"",""#text"":""Quarantine""},{""@Name"":""Unused4""},{""@Name"":""Error Code"",""#text"":""0x00000000""},{""@Name"":""Error Description"",""#text"":""The operation completed successfully. ""},{""@Name"":""Unused5""},{""@Name"":""Post Clean Status"",""#text"":""0""},{""@Name"":""Additional Actions ID"",""#text"":""8""},{""@Name"":""Additional Actions String"",""#text"":""To finish removing malware and other potentially unwanted software, restart the device. ""},{""@Name"":""Remediation User"",""#text"":""NT AUTHORITY\\SYSTEM""},{""@Name"":""Unused6""},{""@Name"":""Security intelligence Version"",""#text"":""AV: 1.383.1419.0, AS: 1.383.1419.0, NIS: 1.383.1419.0""},{""@Name"":""Engine Version"",""#text"":""AM: 1.1.20000.2, NIS: 1.1.20000.2""}]}}"
182,182,2023-03-10 02:39:42.0667269,1116,Warning,Microsoft-Windows-Windows Defender,Microsoft-Windows-Windows Defender/Operational,2080,2480,DESKTOP-887GK2L,4,S-1-5-18,Detection - The antimalware platform detected malware or other potentially unwanted software,Detection User: NT AUTHORITY\SYSTEM,,Malware name: Trojan:Win64/Meterpreter.B,Description: Trojan (Severe),Detection Time: 2023-03-10T02:39:41.905Z,Process (if real-time detection): C:\Windows\System32\svchost.exe,Detection ID: {92E49572-5AA1-4879-96AA-787DA1981F6A},,file:_C:\Users\CyberJunkie\AppData\Local\Temp\msf.dll,False,C:\Users\turan\Desktop\defense-work-evtx-files\Windows Defender-Operational.evtx,Classic,0,"{""EventData"":{""Data"":[{""@Name"":""Product Name"",""#text"":""Microsoft Defender Antivirus""},{""@Name"":""Product Version"",""#text"":""4.18.2301.6""},{""@Name"":""Detection ID"",""#text"":""{92E49572-5AA1-4879-96AA-787DA1981F6A}""},{""@Name"":""Detection Time"",""#text"":""2023-03-10T02:39:41.905Z""},{""@Name"":""Unused""},{""@Name"":""Unused2""},{""@Name"":""Threat ID"",""#text"":""2147721790""},{""@Name"":""Threat Name"",""#text"":""Trojan:Win64/Meterpreter.B""},{""@Name"":""Severity ID"",""#text"":""5""},{""@Name"":""Severity Name"",""#text"":""Severe""},{""@Name"":""Category ID"",""#text"":""8""},{""@Name"":""Category Name"",""#text"":""Trojan""},{""@Name"":""FWLink"",""#text"":""https://go.microsoft.com/fwlink/?linkid=37020&amp;name=Trojan:Win64/Meterpreter.B&amp;threatid=2147721790&amp;enterprise=0""},{""@Name"":""Status Code"",""#text"":""1""},{""@Name"":""Status Description""},{""@Name"":""State"",""#text"":""1""},{""@Name"":""Source ID"",""#text"":""3""},{""@Name"":""Source Name"",""#text"":""Real-Time Protection""},{""@Name"":""Process Name"",""#text"":""C:\\Windows\\System32\\svchost.exe""},{""@Name"":""Detection User"",""#text"":""NT AUTHORITY\\SYSTEM""},{""@Name"":""Unused3""},{""@Name"":""Path"",""#text"":""file:_C:\\Users\\CyberJunkie\\AppData\\Local\\Temp\\msf.dll""},{""@Name"":""Origin ID"",""#text"":""1""},{""@Name"":""Origin Name"",""#text"":""Local machine""},{""@Name"":""Execution ID"",""#text"":""1""},{""@Name"":""Execution Name"",""#text"":""Suspended""},{""@Name"":""Type ID"",""#text"":""0""},{""@Name"":""Type Name"",""#text"":""Concrete""},{""@Name"":""Pre Execution Status"",""#text"":""0""},{""@Name"":""Action ID"",""#text"":""9""},{""@Name"":""Action Name"",""#text"":""Not Applicable""},{""@Name"":""Unused4""},{""@Name"":""Error Code"",""#text"":""0x00000000""},{""@Name"":""Error Description"",""#text"":""The operation completed successfully. ""},{""@Name"":""Unused5""},{""@Name"":""Post Clean Status"",""#text"":""0""},{""@Name"":""Additional Actions ID"",""#text"":""0""},{""@Name"":""Additional Actions String"",""#text"":""No additional actions required""},{""@Name"":""Remediation User""},{""@Name"":""Unused6""},{""@Name"":""Security intelligence Version"",""#text"":""AV: 1.383.1419.0, AS: 1.383.1419.0, NIS: 1.383.1419.0""},{""@Name"":""Engine Version"",""#text"":""AM: 1.1.20000.2, NIS: 1.1.20000.2""}]}}"
183,183,2023-03-10 02:39:55.2562125,1116,Warning,Microsoft-Windows-Windows Defender,Microsoft-Windows-Windows Defender/Operational,2080,3184,DESKTOP-887GK2L,4,S-1-5-18,Detection - The antimalware platform detected malware or other potentially unwanted software,Detection User: NT AUTHORITY\SYSTEM,,Malware name: Trojan:Win64/Meterpreter.B,Description: Trojan (Severe),Detection Time: 2023-03-10T02:39:55.116Z,Process (if real-time detection): C:\Windows\System32\svchost.exe,Detection ID: {8C2977A4-1799-4247-BBE2-514ACA59F840},,file:_C:\Users\CyberJunkie\AppData\Local\Temp\msf.dll,False,C:\Users\turan\Desktop\defense-work-evtx-files\Windows Defender-Operational.evtx,Classic,0,"{""EventData"":{""Data"":[{""@Name"":""Product Name"",""#text"":""Microsoft Defender Antivirus""},{""@Name"":""Product Version"",""#text"":""4.18.2301.6""},{""@Name"":""Detection ID"",""#text"":""{8C2977A4-1799-4247-BBE2-514ACA59F840}""},{""@Name"":""Detection Time"",""#text"":""2023-03-10T02:39:55.116Z""},{""@Name"":""Unused""},{""@Name"":""Unused2""},{""@Name"":""Threat ID"",""#text"":""2147721790""},{""@Name"":""Threat Name"",""#text"":""Trojan:Win64/Meterpreter.B""},{""@Name"":""Severity ID"",""#text"":""5""},{""@Name"":""Severity Name"",""#text"":""Severe""},{""@Name"":""Category ID"",""#text"":""8""},{""@Name"":""Category Name"",""#text"":""Trojan""},{""@Name"":""FWLink"",""#text"":""https://go.microsoft.com/fwlink/?linkid=37020&amp;name=Trojan:Win64/Meterpreter.B&amp;threatid=2147721790&amp;enterprise=0""},{""@Name"":""Status Code"",""#text"":""1""},{""@Name"":""Status Description""},{""@Name"":""State"",""#text"":""1""},{""@Name"":""Source ID"",""#text"":""3""},{""@Name"":""Source Name"",""#text"":""Real-Time Protection""},{""@Name"":""Process Name"",""#text"":""C:\\Windows\\System32\\svchost.exe""},{""@Name"":""Detection User"",""#text"":""NT AUTHORITY\\SYSTEM""},{""@Name"":""Unused3""},{""@Name"":""Path"",""#text"":""file:_C:\\Users\\CyberJunkie\\AppData\\Local\\Temp\\msf.dll""},{""@Name"":""Origin ID"",""#text"":""1""},{""@Name"":""Origin Name"",""#text"":""Local machine""},{""@Name"":""Execution ID"",""#text"":""1""},{""@Name"":""Execution Name"",""#text"":""Suspended""},{""@Name"":""Type ID"",""#text"":""0""},{""@Name"":""Type Name"",""#text"":""Concrete""},{""@Name"":""Pre Execution Status"",""#text"":""0""},{""@Name"":""Action ID"",""#text"":""9""},{""@Name"":""Action Name"",""#text"":""Not Applicable""},{""@Name"":""Unused4""},{""@Name"":""Error Code"",""#text"":""0x00000000""},{""@Name"":""Error Description"",""#text"":""The operation completed successfully. ""},{""@Name"":""Unused5""},{""@Name"":""Post Clean Status"",""#text"":""0""},{""@Name"":""Additional Actions ID"",""#text"":""0""},{""@Name"":""Additional Actions String"",""#text"":""No additional actions required""},{""@Name"":""Remediation User""},{""@Name"":""Unused6""},{""@Name"":""Security intelligence Version"",""#text"":""AV: 1.383.1419.0, AS: 1.383.1419.0, NIS: 1.383.1419.0""},{""@Name"":""Engine Version"",""#text"":""AM: 1.1.20000.2, NIS: 1.1.20000.2""}]}}"
184,184,2023-03-10 02:39:55.2727986,1117,Info,Microsoft-Windows-Windows Defender,Microsoft-Windows-Windows Defender/Operational,2080,2480,DESKTOP-887GK2L,4,S-1-5-18,Detection - The antimalware platform performed an action to protect your system from malware or other potentially unwanted software,Detection User: NT AUTHORITY\SYSTEM,,Malware name: Trojan:Win64/Meterpreter.B,Description: Trojan (Severe),Detection Time: 2023-03-10T02:39:41.905Z,Process (if real-time detection): C:\Windows\System32\svchost.exe,Detection ID: {92E49572-5AA1-4879-96AA-787DA1981F6A},,file:_C:\Users\CyberJunkie\AppData\Local\Temp\msf.dll,False,C:\Users\turan\Desktop\defense-work-evtx-files\Windows Defender-Operational.evtx,Classic,0,"{""EventData"":{""Data"":[{""@Name"":""Product Name"",""#text"":""Microsoft Defender Antivirus""},{""@Name"":""Product Version"",""#text"":""4.18.2301.6""},{""@Name"":""Detection ID"",""#text"":""{92E49572-5AA1-4879-96AA-787DA1981F6A}""},{""@Name"":""Detection Time"",""#text"":""2023-03-10T02:39:41.905Z""},{""@Name"":""Unused""},{""@Name"":""Unused2""},{""@Name"":""Threat ID"",""#text"":""2147721790""},{""@Name"":""Threat Name"",""#text"":""Trojan:Win64/Meterpreter.B""},{""@Name"":""Severity ID"",""#text"":""5""},{""@Name"":""Severity Name"",""#text"":""Severe""},{""@Name"":""Category ID"",""#text"":""8""},{""@Name"":""Category Name"",""#text"":""Trojan""},{""@Name"":""FWLink"",""#text"":""https://go.microsoft.com/fwlink/?linkid=37020&amp;name=Trojan:Win64/Meterpreter.B&amp;threatid=2147721790&amp;enterprise=0""},{""@Name"":""Status Code"",""#text"":""3""},{""@Name"":""Status Description""},{""@Name"":""State"",""#text"":""3""},{""@Name"":""Source ID"",""#text"":""3""},{""@Name"":""Source Name"",""#text"":""Real-Time Protection""},{""@Name"":""Process Name"",""#text"":""C:\\Windows\\System32\\svchost.exe""},{""@Name"":""Detection User"",""#text"":""NT AUTHORITY\\SYSTEM""},{""@Name"":""Unused3""},{""@Name"":""Path"",""#text"":""file:_C:\\Users\\CyberJunkie\\AppData\\Local\\Temp\\msf.dll""},{""@Name"":""Origin ID"",""#text"":""1""},{""@Name"":""Origin Name"",""#text"":""Local machine""},{""@Name"":""Execution ID"",""#text"":""1""},{""@Name"":""Execution Name"",""#text"":""Suspended""},{""@Name"":""Type ID"",""#text"":""0""},{""@Name"":""Type Name"",""#text"":""Concrete""},{""@Name"":""Pre Execution Status"",""#text"":""0""},{""@Name"":""Action ID"",""#text"":""2""},{""@Name"":""Action Name"",""#text"":""Quarantine""},{""@Name"":""Unused4""},{""@Name"":""Error Code"",""#text"":""0x00000000""},{""@Name"":""Error Description"",""#text"":""The operation completed successfully. ""},{""@Name"":""Unused5""},{""@Name"":""Post Clean Status"",""#text"":""0""},{""@Name"":""Additional Actions ID"",""#text"":""8""},{""@Name"":""Additional Actions String"",""#text"":""To finish removing malware and other potentially unwanted software, restart the device. ""},{""@Name"":""Remediation User"",""#text"":""NT AUTHORITY\\SYSTEM""},{""@Name"":""Unused6""},{""@Name"":""Security intelligence Version"",""#text"":""AV: 1.383.1419.0, AS: 1.383.1419.0, NIS: 1.383.1419.0""},{""@Name"":""Engine Version"",""#text"":""AM: 1.1.20000.2, NIS: 1.1.20000.2""}]}}"
185,185,2023-03-10 02:39:55.2791941,1116,Warning,Microsoft-Windows-Windows Defender,Microsoft-Windows-Windows Defender/Operational,2080,2480,DESKTOP-887GK2L,4,S-1-5-18,Detection - The antimalware platform detected malware or other potentially unwanted software,Detection User: NT AUTHORITY\SYSTEM,,Malware name: Trojan:Win64/Meterpreter.B,Description: Trojan (Severe),Detection Time: 2023-03-10T02:39:55.116Z,Process (if real-time detection): C:\Windows\System32\svchost.exe,Detection ID: {8C2977A4-1799-4247-BBE2-514ACA59F840},,file:_C:\Users\CyberJunkie\AppData\Local\Temp\msf.dll,False,C:\Users\turan\Desktop\defense-work-evtx-files\Windows Defender-Operational.evtx,Classic,0,"{""EventData"":{""Data"":[{""@Name"":""Product Name"",""#text"":""Microsoft Defender Antivirus""},{""@Name"":""Product Version"",""#text"":""4.18.2301.6""},{""@Name"":""Detection ID"",""#text"":""{8C2977A4-1799-4247-BBE2-514ACA59F840}""},{""@Name"":""Detection Time"",""#text"":""2023-03-10T02:39:55.116Z""},{""@Name"":""Unused""},{""@Name"":""Unused2""},{""@Name"":""Threat ID"",""#text"":""2147721790""},{""@Name"":""Threat Name"",""#text"":""Trojan:Win64/Meterpreter.B""},{""@Name"":""Severity ID"",""#text"":""5""},{""@Name"":""Severity Name"",""#text"":""Severe""},{""@Name"":""Category ID"",""#text"":""8""},{""@Name"":""Category Name"",""#text"":""Trojan""},{""@Name"":""FWLink"",""#text"":""https://go.microsoft.com/fwlink/?linkid=37020&amp;name=Trojan:Win64/Meterpreter.B&amp;threatid=2147721790&amp;enterprise=0""},{""@Name"":""Status Code"",""#text"":""1""},{""@Name"":""Status Description""},{""@Name"":""State"",""#text"":""1""},{""@Name"":""Source ID"",""#text"":""3""},{""@Name"":""Source Name"",""#text"":""Real-Time Protection""},{""@Name"":""Process Name"",""#text"":""C:\\Windows\\System32\\svchost.exe""},{""@Name"":""Detection User"",""#text"":""NT AUTHORITY\\SYSTEM""},{""@Name"":""Unused3""},{""@Name"":""Path"",""#text"":""file:_C:\\Users\\CyberJunkie\\AppData\\Local\\Temp\\msf.dll""},{""@Name"":""Origin ID"",""#text"":""1""},{""@Name"":""Origin Name"",""#text"":""Local machine""},{""@Name"":""Execution ID"",""#text"":""1""},{""@Name"":""Execution Name"",""#text"":""Suspended""},{""@Name"":""Type ID"",""#text"":""0""},{""@Name"":""Type Name"",""#text"":""Concrete""},{""@Name"":""Pre Execution Status"",""#text"":""0""},{""@Name"":""Action ID"",""#text"":""9""},{""@Name"":""Action Name"",""#text"":""Not Applicable""},{""@Name"":""Unused4""},{""@Name"":""Error Code"",""#text"":""0x00000000""},{""@Name"":""Error Description"",""#text"":""The operation completed successfully. ""},{""@Name"":""Unused5""},{""@Name"":""Post Clean Status"",""#text"":""0""},{""@Name"":""Additional Actions ID"",""#text"":""0""},{""@Name"":""Additional Actions String"",""#text"":""No additional actions required""},{""@Name"":""Remediation User""},{""@Name"":""Unused6""},{""@Name"":""Security intelligence Version"",""#text"":""AV: 1.383.1419.0, AS: 1.383.1419.0, NIS: 1.383.1419.0""},{""@Name"":""Engine Version"",""#text"":""AM: 1.1.20000.2, NIS: 1.1.20000.2""}]}}"
186,186,2023-03-10 02:40:08.6696024,1116,Warning,Microsoft-Windows-Windows Defender,Microsoft-Windows-Windows Defender/Operational,2080,5512,DESKTOP-887GK2L,4,S-1-5-18,Detection - The antimalware platform detected malware or other potentially unwanted software,Detection User: NT AUTHORITY\SYSTEM,,Malware name: Trojan:Win64/Meterpreter.B,Description: Trojan (Severe),Detection Time: 2023-03-10T02:40:08.525Z,Process (if real-time detection): C:\Windows\System32\svchost.exe,Detection ID: {4C701AE2-EF04-42AF-B203-812ECE72E245},,file:_C:\Users\CyberJunkie\AppData\Local\Temp\msf.dll,False,C:\Users\turan\Desktop\defense-work-evtx-files\Windows Defender-Operational.evtx,Classic,0,"{""EventData"":{""Data"":[{""@Name"":""Product Name"",""#text"":""Microsoft Defender Antivirus""},{""@Name"":""Product Version"",""#text"":""4.18.2301.6""},{""@Name"":""Detection ID"",""#text"":""{4C701AE2-EF04-42AF-B203-812ECE72E245}""},{""@Name"":""Detection Time"",""#text"":""2023-03-10T02:40:08.525Z""},{""@Name"":""Unused""},{""@Name"":""Unused2""},{""@Name"":""Threat ID"",""#text"":""2147721790""},{""@Name"":""Threat Name"",""#text"":""Trojan:Win64/Meterpreter.B""},{""@Name"":""Severity ID"",""#text"":""5""},{""@Name"":""Severity Name"",""#text"":""Severe""},{""@Name"":""Category ID"",""#text"":""8""},{""@Name"":""Category Name"",""#text"":""Trojan""},{""@Name"":""FWLink"",""#text"":""https://go.microsoft.com/fwlink/?linkid=37020&amp;name=Trojan:Win64/Meterpreter.B&amp;threatid=2147721790&amp;enterprise=0""},{""@Name"":""Status Code"",""#text"":""1""},{""@Name"":""Status Description""},{""@Name"":""State"",""#text"":""1""},{""@Name"":""Source ID"",""#text"":""3""},{""@Name"":""Source Name"",""#text"":""Real-Time Protection""},{""@Name"":""Process Name"",""#text"":""C:\\Windows\\System32\\svchost.exe""},{""@Name"":""Detection User"",""#text"":""NT AUTHORITY\\SYSTEM""},{""@Name"":""Unused3""},{""@Name"":""Path"",""#text"":""file:_C:\\Users\\CyberJunkie\\AppData\\Local\\Temp\\msf.dll""},{""@Name"":""Origin ID"",""#text"":""1""},{""@Name"":""Origin Name"",""#text"":""Local machine""},{""@Name"":""Execution ID"",""#text"":""1""},{""@Name"":""Execution Name"",""#text"":""Suspended""},{""@Name"":""Type ID"",""#text"":""0""},{""@Name"":""Type Name"",""#text"":""Concrete""},{""@Name"":""Pre Execution Status"",""#text"":""0""},{""@Name"":""Action ID"",""#text"":""9""},{""@Name"":""Action Name"",""#text"":""Not Applicable""},{""@Name"":""Unused4""},{""@Name"":""Error Code"",""#text"":""0x00000000""},{""@Name"":""Error Description"",""#text"":""The operation completed successfully. ""},{""@Name"":""Unused5""},{""@Name"":""Post Clean Status"",""#text"":""0""},{""@Name"":""Additional Actions ID"",""#text"":""0""},{""@Name"":""Additional Actions String"",""#text"":""No additional actions required""},{""@Name"":""Remediation User""},{""@Name"":""Unused6""},{""@Name"":""Security intelligence Version"",""#text"":""AV: 1.383.1419.0, AS: 1.383.1419.0, NIS: 1.383.1419.0""},{""@Name"":""Engine Version"",""#text"":""AM: 1.1.20000.2, NIS: 1.1.20000.2""}]}}"
187,187,2023-03-10 02:40:08.6875004,1117,Info,Microsoft-Windows-Windows Defender,Microsoft-Windows-Windows Defender/Operational,2080,2480,DESKTOP-887GK2L,4,S-1-5-18,Detection - The antimalware platform performed an action to protect your system from malware or other potentially unwanted software,Detection User: NT AUTHORITY\SYSTEM,,Malware name: Trojan:Win64/Meterpreter.B,Description: Trojan (Severe),Detection Time: 2023-03-10T02:39:55.116Z,Process (if real-time detection): C:\Windows\System32\svchost.exe,Detection ID: {8C2977A4-1799-4247-BBE2-514ACA59F840},,file:_C:\Users\CyberJunkie\AppData\Local\Temp\msf.dll,False,C:\Users\turan\Desktop\defense-work-evtx-files\Windows Defender-Operational.evtx,Classic,0,"{""EventData"":{""Data"":[{""@Name"":""Product Name"",""#text"":""Microsoft Defender Antivirus""},{""@Name"":""Product Version"",""#text"":""4.18.2301.6""},{""@Name"":""Detection ID"",""#text"":""{8C2977A4-1799-4247-BBE2-514ACA59F840}""},{""@Name"":""Detection Time"",""#text"":""2023-03-10T02:39:55.116Z""},{""@Name"":""Unused""},{""@Name"":""Unused2""},{""@Name"":""Threat ID"",""#text"":""2147721790""},{""@Name"":""Threat Name"",""#text"":""Trojan:Win64/Meterpreter.B""},{""@Name"":""Severity ID"",""#text"":""5""},{""@Name"":""Severity Name"",""#text"":""Severe""},{""@Name"":""Category ID"",""#text"":""8""},{""@Name"":""Category Name"",""#text"":""Trojan""},{""@Name"":""FWLink"",""#text"":""https://go.microsoft.com/fwlink/?linkid=37020&amp;name=Trojan:Win64/Meterpreter.B&amp;threatid=2147721790&amp;enterprise=0""},{""@Name"":""Status Code"",""#text"":""3""},{""@Name"":""Status Description""},{""@Name"":""State"",""#text"":""3""},{""@Name"":""Source ID"",""#text"":""3""},{""@Name"":""Source Name"",""#text"":""Real-Time Protection""},{""@Name"":""Process Name"",""#text"":""C:\\Windows\\System32\\svchost.exe""},{""@Name"":""Detection User"",""#text"":""NT AUTHORITY\\SYSTEM""},{""@Name"":""Unused3""},{""@Name"":""Path"",""#text"":""file:_C:\\Users\\CyberJunkie\\AppData\\Local\\Temp\\msf.dll""},{""@Name"":""Origin ID"",""#text"":""1""},{""@Name"":""Origin Name"",""#text"":""Local machine""},{""@Name"":""Execution ID"",""#text"":""1""},{""@Name"":""Execution Name"",""#text"":""Suspended""},{""@Name"":""Type ID"",""#text"":""0""},{""@Name"":""Type Name"",""#text"":""Concrete""},{""@Name"":""Pre Execution Status"",""#text"":""0""},{""@Name"":""Action ID"",""#text"":""2""},{""@Name"":""Action Name"",""#text"":""Quarantine""},{""@Name"":""Unused4""},{""@Name"":""Error Code"",""#text"":""0x00000000""},{""@Name"":""Error Description"",""#text"":""The operation completed successfully. ""},{""@Name"":""Unused5""},{""@Name"":""Post Clean Status"",""#text"":""0""},{""@Name"":""Additional Actions ID"",""#text"":""8""},{""@Name"":""Additional Actions String"",""#text"":""To finish removing malware and other potentially unwanted software, restart the device. ""},{""@Name"":""Remediation User"",""#text"":""NT AUTHORITY\\SYSTEM""},{""@Name"":""Unused6""},{""@Name"":""Security intelligence Version"",""#text"":""AV: 1.383.1419.0, AS: 1.383.1419.0, NIS: 1.383.1419.0""},{""@Name"":""Engine Version"",""#text"":""AM: 1.1.20000.2, NIS: 1.1.20000.2""}]}}"
188,188,2023-03-10 02:40:08.6930034,1116,Warning,Microsoft-Windows-Windows Defender,Microsoft-Windows-Windows Defender/Operational,2080,2480,DESKTOP-887GK2L,4,S-1-5-18,Detection - The antimalware platform detected malware or other potentially unwanted software,Detection User: NT AUTHORITY\SYSTEM,,Malware name: Trojan:Win64/Meterpreter.B,Description: Trojan (Severe),Detection Time: 2023-03-10T02:40:08.525Z,Process (if real-time detection): C:\Windows\System32\svchost.exe,Detection ID: {4C701AE2-EF04-42AF-B203-812ECE72E245},,file:_C:\Users\CyberJunkie\AppData\Local\Temp\msf.dll,False,C:\Users\turan\Desktop\defense-work-evtx-files\Windows Defender-Operational.evtx,Classic,0,"{""EventData"":{""Data"":[{""@Name"":""Product Name"",""#text"":""Microsoft Defender Antivirus""},{""@Name"":""Product Version"",""#text"":""4.18.2301.6""},{""@Name"":""Detection ID"",""#text"":""{4C701AE2-EF04-42AF-B203-812ECE72E245}""},{""@Name"":""Detection Time"",""#text"":""2023-03-10T02:40:08.525Z""},{""@Name"":""Unused""},{""@Name"":""Unused2""},{""@Name"":""Threat ID"",""#text"":""2147721790""},{""@Name"":""Threat Name"",""#text"":""Trojan:Win64/Meterpreter.B""},{""@Name"":""Severity ID"",""#text"":""5""},{""@Name"":""Severity Name"",""#text"":""Severe""},{""@Name"":""Category ID"",""#text"":""8""},{""@Name"":""Category Name"",""#text"":""Trojan""},{""@Name"":""FWLink"",""#text"":""https://go.microsoft.com/fwlink/?linkid=37020&amp;name=Trojan:Win64/Meterpreter.B&amp;threatid=2147721790&amp;enterprise=0""},{""@Name"":""Status Code"",""#text"":""1""},{""@Name"":""Status Description""},{""@Name"":""State"",""#text"":""1""},{""@Name"":""Source ID"",""#text"":""3""},{""@Name"":""Source Name"",""#text"":""Real-Time Protection""},{""@Name"":""Process Name"",""#text"":""C:\\Windows\\System32\\svchost.exe""},{""@Name"":""Detection User"",""#text"":""NT AUTHORITY\\SYSTEM""},{""@Name"":""Unused3""},{""@Name"":""Path"",""#text"":""file:_C:\\Users\\CyberJunkie\\AppData\\Local\\Temp\\msf.dll""},{""@Name"":""Origin ID"",""#text"":""1""},{""@Name"":""Origin Name"",""#text"":""Local machine""},{""@Name"":""Execution ID"",""#text"":""1""},{""@Name"":""Execution Name"",""#text"":""Suspended""},{""@Name"":""Type ID"",""#text"":""0""},{""@Name"":""Type Name"",""#text"":""Concrete""},{""@Name"":""Pre Execution Status"",""#text"":""0""},{""@Name"":""Action ID"",""#text"":""9""},{""@Name"":""Action Name"",""#text"":""Not Applicable""},{""@Name"":""Unused4""},{""@Name"":""Error Code"",""#text"":""0x00000000""},{""@Name"":""Error Description"",""#text"":""The operation completed successfully. ""},{""@Name"":""Unused5""},{""@Name"":""Post Clean Status"",""#text"":""0""},{""@Name"":""Additional Actions ID"",""#text"":""0""},{""@Name"":""Additional Actions String"",""#text"":""No additional actions required""},{""@Name"":""Remediation User""},{""@Name"":""Unused6""},{""@Name"":""Security intelligence Version"",""#text"":""AV: 1.383.1419.0, AS: 1.383.1419.0, NIS: 1.383.1419.0""},{""@Name"":""Engine Version"",""#text"":""AM: 1.1.20000.2, NIS: 1.1.20000.2""}]}}"
189,189,2023-03-10 02:40:21.9637845,1116,Warning,Microsoft-Windows-Windows Defender,Microsoft-Windows-Windows Defender/Operational,2080,5512,DESKTOP-887GK2L,4,S-1-5-18,Detection - The antimalware platform detected malware or other potentially unwanted software,Detection User: NT AUTHORITY\SYSTEM,,Malware name: Trojan:Win64/Meterpreter.B,Description: Trojan (Severe),Detection Time: 2023-03-10T02:40:21.817Z,Process (if real-time detection): C:\Windows\System32\svchost.exe,Detection ID: {AA40B2BE-A975-49BE-A14C-F802F93A438C},,file:_C:\Users\CyberJunkie\AppData\Local\Temp\msf.dll,False,C:\Users\turan\Desktop\defense-work-evtx-files\Windows Defender-Operational.evtx,Classic,0,"{""EventData"":{""Data"":[{""@Name"":""Product Name"",""#text"":""Microsoft Defender Antivirus""},{""@Name"":""Product Version"",""#text"":""4.18.2301.6""},{""@Name"":""Detection ID"",""#text"":""{AA40B2BE-A975-49BE-A14C-F802F93A438C}""},{""@Name"":""Detection Time"",""#text"":""2023-03-10T02:40:21.817Z""},{""@Name"":""Unused""},{""@Name"":""Unused2""},{""@Name"":""Threat ID"",""#text"":""2147721790""},{""@Name"":""Threat Name"",""#text"":""Trojan:Win64/Meterpreter.B""},{""@Name"":""Severity ID"",""#text"":""5""},{""@Name"":""Severity Name"",""#text"":""Severe""},{""@Name"":""Category ID"",""#text"":""8""},{""@Name"":""Category Name"",""#text"":""Trojan""},{""@Name"":""FWLink"",""#text"":""https://go.microsoft.com/fwlink/?linkid=37020&amp;name=Trojan:Win64/Meterpreter.B&amp;threatid=2147721790&amp;enterprise=0""},{""@Name"":""Status Code"",""#text"":""1""},{""@Name"":""Status Description""},{""@Name"":""State"",""#text"":""1""},{""@Name"":""Source ID"",""#text"":""3""},{""@Name"":""Source Name"",""#text"":""Real-Time Protection""},{""@Name"":""Process Name"",""#text"":""C:\\Windows\\System32\\svchost.exe""},{""@Name"":""Detection User"",""#text"":""NT AUTHORITY\\SYSTEM""},{""@Name"":""Unused3""},{""@Name"":""Path"",""#text"":""file:_C:\\Users\\CyberJunkie\\AppData\\Local\\Temp\\msf.dll""},{""@Name"":""Origin ID"",""#text"":""1""},{""@Name"":""Origin Name"",""#text"":""Local machine""},{""@Name"":""Execution ID"",""#text"":""1""},{""@Name"":""Execution Name"",""#text"":""Suspended""},{""@Name"":""Type ID"",""#text"":""0""},{""@Name"":""Type Name"",""#text"":""Concrete""},{""@Name"":""Pre Execution Status"",""#text"":""0""},{""@Name"":""Action ID"",""#text"":""9""},{""@Name"":""Action Name"",""#text"":""Not Applicable""},{""@Name"":""Unused4""},{""@Name"":""Error Code"",""#text"":""0x00000000""},{""@Name"":""Error Description"",""#text"":""The operation completed successfully. ""},{""@Name"":""Unused5""},{""@Name"":""Post Clean Status"",""#text"":""0""},{""@Name"":""Additional Actions ID"",""#text"":""0""},{""@Name"":""Additional Actions String"",""#text"":""No additional actions required""},{""@Name"":""Remediation User""},{""@Name"":""Unused6""},{""@Name"":""Security intelligence Version"",""#text"":""AV: 1.383.1419.0, AS: 1.383.1419.0, NIS: 1.383.1419.0""},{""@Name"":""Engine Version"",""#text"":""AM: 1.1.20000.2, NIS: 1.1.20000.2""}]}}"
