313,313,2023-03-22 08:22:33.3466123,5007,Info,Microsoft-Windows-Windows Defender,Microsoft-Windows-Windows Defender/Operational,6048,4860,DESKTOP-887GK2L,7,S-1-5-18,The antimalware platform configuration changed,,,Old Value: HKLM\SOFTWARE\Microsoft\Windows Defender\InstallLocation = C:\ProgramData\Microsoft\Windows Defender\platform\4.18.2301.6-0\,New Value: HKLM\SOFTWARE\Microsoft\Windows Defender\InstallLocation = C:\ProgramData\Microsoft\Windows Defender\Platform\4.18.2302.3-0\,,,,,,False,C:\Users\turan\Desktop\defense-work-evtx-files\Windows Defender-Operational.evtx,Classic,0,"{""EventData"":{""Data"":[{""@Name"":""Product Name"",""#text"":""Microsoft Defender Antivirus""},{""@Name"":""Product Version"",""#text"":""4.18.2302.3""},{""@Name"":""Old Value"",""#text"":""HKLM\\SOFTWARE\\Microsoft\\Windows Defender\\InstallLocation = C:\\ProgramData\\Microsoft\\Windows Defender\\platform\\4.18.2301.6-0\\""},{""@Name"":""New Value"",""#text"":""HKLM\\SOFTWARE\\Microsoft\\Windows Defender\\InstallLocation = C:\\ProgramData\\Microsoft\\Windows Defender\\Platform\\4.18.2302.3-0\\""}]}}"
314,314,2023-03-22 08:22:33.3472058,5007,Info,Microsoft-Windows-Windows Defender,Microsoft-Windows-Windows Defender/Operational,6048,4860,DESKTOP-887GK2L,7,S-1-5-18,The antimalware platform configuration changed,,,"Old Value: ",New Value: HKLM\SOFTWARE\Microsoft\Windows Defender\Features\Controls\25 = 0x1,,,,,,False,C:\Users\turan\Desktop\defense-work-evtx-files\Windows Defender-Operational.evtx,Classic,0,"{""EventData"":{""Data"":[{""@Name"":""Product Name"",""#text"":""Microsoft Defender Antivirus""},{""@Name"":""Product Version"",""#text"":""4.18.2302.3""},{""@Name"":""Old Value""},{""@Name"":""New Value"",""#text"":""HKLM\\SOFTWARE\\Microsoft\\Windows Defender\\Features\\Controls\\25 = 0x1""}]}}"
315,315,2023-03-22 08:22:33.3472110,5007,Info,Microsoft-Windows-Windows Defender,Microsoft-Windows-Windows Defender/Operational,6048,4860,DESKTOP-887GK2L,7,S-1-5-18,The antimalware platform configuration changed,,,"Old Value: ",New Value: HKLM\SOFTWARE\Microsoft\Windows Defender\Features\Controls\22 = 0x3C,,,,,,False,C:\Users\turan\Desktop\defense-work-evtx-files\Windows Defender-Operational.evtx,Classic,0,"{""EventData"":{""Data"":[{""@Name"":""Product Name"",""#text"":""Microsoft Defender Antivirus""},{""@Name"":""Product Version"",""#text"":""4.18.2302.3""},{""@Name"":""Old Value""},{""@Name"":""New Value"",""#text"":""HKLM\\SOFTWARE\\Microsoft\\Windows Defender\\Features\\Controls\\22 = 0x3C""}]}}"
316,316,2023-03-22 08:22:33.3474075,5007,Info,Microsoft-Windows-Windows Defender,Microsoft-Windows-Windows Defender/Operational,6048,4860,DESKTOP-887GK2L,7,S-1-5-18,The antimalware platform configuration changed,,,"Old Value: ",New Value: HKLM\SOFTWARE\Microsoft\Windows Defender\MpEngine\MpCampRing = 0x4,,,,,,False,C:\Users\turan\Desktop\defense-work-evtx-files\Windows Defender-Operational.evtx,Classic,0,"{""EventData"":{""Data"":[{""@Name"":""Product Name"",""#text"":""Microsoft Defender Antivirus""},{""@Name"":""Product Version"",""#text"":""4.18.2302.3""},{""@Name"":""Old Value""},{""@Name"":""New Value"",""#text"":""HKLM\\SOFTWARE\\Microsoft\\Windows Defender\\MpEngine\\MpCampRing = 0x4""}]}}"
317,317,2023-03-22 08:22:33.3474114,5007,Info,Microsoft-Windows-Windows Defender,Microsoft-Windows-Windows Defender/Operational,6048,4860,DESKTOP-887GK2L,7,S-1-5-18,The antimalware platform configuration changed,,,"Old Value: ",New Value: HKLM\SOFTWARE\Microsoft\Windows Defender\MpEngine\MpEngineRing = 0x4,,,,,,False,C:\Users\turan\Desktop\defense-work-evtx-files\Windows Defender-Operational.evtx,Classic,0,"{""EventData"":{""Data"":[{""@Name"":""Product Name"",""#text"":""Microsoft Defender Antivirus""},{""@Name"":""Product Version"",""#text"":""4.18.2302.3""},{""@Name"":""Old Value""},{""@Name"":""New Value"",""#text"":""HKLM\\SOFTWARE\\Microsoft\\Windows Defender\\MpEngine\\MpEngineRing = 0x4""}]}}"
318,318,2023-03-22 08:22:33.8626908,5007,Info,Microsoft-Windows-Windows Defender,Microsoft-Windows-Windows Defender/Operational,6048,4860,DESKTOP-887GK2L,7,S-1-5-18,The antimalware platform configuration changed,,,Old Value: Default\Features\DlpFileEvidenceEnabled = 0x0,New Value: HKLM\SOFTWARE\Microsoft\Windows Defender\Features\DlpFileEvidenceEnabled = 0x0,,,,,,False,C:\Users\turan\Desktop\defense-work-evtx-files\Windows Defender-Operational.evtx,Classic,0,"{""EventData"":{""Data"":[{""@Name"":""Product Name"",""#text"":""Microsoft Defender Antivirus""},{""@Name"":""Product Version"",""#text"":""4.18.2302.3""},{""@Name"":""Old Value"",""#text"":""Default\\Features\\DlpFileEvidenceEnabled = 0x0""},{""@Name"":""New Value"",""#text"":""HKLM\\SOFTWARE\\Microsoft\\Windows Defender\\Features\\DlpFileEvidenceEnabled = 0x0""}]}}"
319,319,2023-03-22 08:23:05.9092807,5007,Info,Microsoft-Windows-Windows Defender,Microsoft-Windows-Windows Defender/Operational,6048,4116,DESKTOP-887GK2L,7,S-1-5-18,The antimalware platform configuration changed,,,Old Value: HKLM\SOFTWARE\Microsoft\Windows Defender\MpEngine\MpCampRing = 0x4,"New Value: ",,,,,,False,C:\Users\turan\Desktop\defense-work-evtx-files\Windows Defender-Operational.evtx,Classic,0,"{""EventData"":{""Data"":[{""@Name"":""Product Name"",""#text"":""Microsoft Defender Antivirus""},{""@Name"":""Product Version"",""#text"":""4.18.2302.3""},{""@Name"":""Old Value"",""#text"":""HKLM\\SOFTWARE\\Microsoft\\Windows Defender\\MpEngine\\MpCampRing = 0x4""},{""@Name"":""New Value""}]}}"
320,320,2023-03-22 08:23:05.9092856,5007,Info,Microsoft-Windows-Windows Defender,Microsoft-Windows-Windows Defender/Operational,6048,4116,DESKTOP-887GK2L,7,S-1-5-18,The antimalware platform configuration changed,,,Old Value: HKLM\SOFTWARE\Microsoft\Windows Defender\MpEngine\MpEngineRing = 0x4,"New Value: ",,,,,,False,C:\Users\turan\Desktop\defense-work-evtx-files\Windows Defender-Operational.evtx,Classic,0,"{""EventData"":{""Data"":[{""@Name"":""Product Name"",""#text"":""Microsoft Defender Antivirus""},{""@Name"":""Product Version"",""#text"":""4.18.2302.3""},{""@Name"":""Old Value"",""#text"":""HKLM\\SOFTWARE\\Microsoft\\Windows Defender\\MpEngine\\MpEngineRing = 0x4""},{""@Name"":""New Value""}]}}"
321,321,2023-03-22 08:23:07.3784736,5007,Info,Microsoft-Windows-Windows Defender,Microsoft-Windows-Windows Defender/Operational,6048,2820,DESKTOP-887GK2L,7,S-1-5-18,The antimalware platform configuration changed,,,Old Value: HKLM\SOFTWARE\Microsoft\Windows Defender\OldMachineGUID = {6FDA7F34-280A-44C7-B5EF-BBC81E5A0D10},"New Value: N/A\OldMachineGUID = ",,,,,,False,C:\Users\turan\Desktop\defense-work-evtx-files\Windows Defender-Operational.evtx,Classic,0,"{""EventData"":{""Data"":[{""@Name"":""Product Name"",""#text"":""Microsoft Defender Antivirus""},{""@Name"":""Product Version"",""#text"":""4.18.2302.3""},{""@Name"":""Old Value"",""#text"":""HKLM\\SOFTWARE\\Microsoft\\Windows Defender\\OldMachineGUID = {6FDA7F34-280A-44C7-B5EF-BBC81E5A0D10}""},{""@Name"":""New Value"",""#text"":""N/A\\OldMachineGUID = ""}]}}"
322,322,2023-03-22 08:23:07.3784888,5007,Info,Microsoft-Windows-Windows Defender,Microsoft-Windows-Windows Defender/Operational,6048,2820,DESKTOP-887GK2L,7,S-1-5-18,The antimalware platform configuration changed,,,Old Value: HKLM\SOFTWARE\Microsoft\Windows Defender\ServiceStartStates = 0x1,New Value: Default\ServiceStartStates = 0x0,,,,,,False,C:\Users\turan\Desktop\defense-work-evtx-files\Windows Defender-Operational.evtx,Classic,0,"{""EventData"":{""Data"":[{""@Name"":""Product Name"",""#text"":""Microsoft Defender Antivirus""},{""@Name"":""Product Version"",""#text"":""4.18.2302.3""},{""@Name"":""Old Value"",""#text"":""HKLM\\SOFTWARE\\Microsoft\\Windows Defender\\ServiceStartStates = 0x1""},{""@Name"":""New Value"",""#text"":""Default\\ServiceStartStates = 0x0""}]}}"
323,323,2023-03-22 08:23:09.0345432,5007,Info,Microsoft-Windows-Windows Defender,Microsoft-Windows-Windows Defender/Operational,6048,5064,DESKTOP-887GK2L,7,S-1-5-18,The antimalware platform configuration changed,,,"Old Value: ",New Value: HKLM\SOFTWARE\Microsoft\Windows Defender\MpEngine\MpCampRing = 0x4,,,,,,False,C:\Users\turan\Desktop\defense-work-evtx-files\Windows Defender-Operational.evtx,Classic,0,"{""EventData"":{""Data"":[{""@Name"":""Product Name"",""#text"":""Microsoft Defender Antivirus""},{""@Name"":""Product Version"",""#text"":""4.18.2302.3""},{""@Name"":""Old Value""},{""@Name"":""New Value"",""#text"":""HKLM\\SOFTWARE\\Microsoft\\Windows Defender\\MpEngine\\MpCampRing = 0x4""}]}}"
324,324,2023-03-22 08:23:09.0345482,5007,Info,Microsoft-Windows-Windows Defender,Microsoft-Windows-Windows Defender/Operational,6048,5064,DESKTOP-887GK2L,7,S-1-5-18,The antimalware platform configuration changed,,,"Old Value: ",New Value: HKLM\SOFTWARE\Microsoft\Windows Defender\MpEngine\MpEngineRing = 0x4,,,,,,False,C:\Users\turan\Desktop\defense-work-evtx-files\Windows Defender-Operational.evtx,Classic,0,"{""EventData"":{""Data"":[{""@Name"":""Product Name"",""#text"":""Microsoft Defender Antivirus""},{""@Name"":""Product Version"",""#text"":""4.18.2302.3""},{""@Name"":""Old Value""},{""@Name"":""New Value"",""#text"":""HKLM\\SOFTWARE\\Microsoft\\Windows Defender\\MpEngine\\MpEngineRing = 0x4""}]}}"
325,325,2023-03-22 08:23:09.5836372,2000,Info,Microsoft-Windows-Windows Defender,Microsoft-Windows-Windows Defender/Operational,6048,1244,DESKTOP-887GK2L,7,S-1-5-18,Update - The antimalware definitions updated successfully,NT AUTHORITY\SYSTEM,,"Current: ","Current: ",Product Version: 4.18.2302.3,,,,,False,C:\Users\turan\Desktop\defense-work-evtx-files\Windows Defender-Operational.evtx,Classic,0,"{""EventData"":{""Data"":[{""@Name"":""Product Name"",""#text"":""Microsoft Defender Antivirus""},{""@Name"":""Product Version"",""#text"":""4.18.2302.3""},{""@Name"":""Current security intelligence Version"",""#text"":""1.385.746.0""},{""@Name"":""Previous security intelligence Version"",""#text"":""1.383.1419.0""},{""@Name"":""Unused""},{""@Name"":""Unused2""},{""@Name"":""Unused3""},{""@Name"":""Domain"",""#text"":""NT AUTHORITY""},{""@Name"":""User"",""#text"":""SYSTEM""},{""@Name"":""SID"",""#text"":""S-1-5-18""},{""@Name"":""Security intelligence Type Index"",""#text"":""1""},{""@Name"":""Security intelligence Type"",""#text"":""AntiVirus""},{""@Name"":""Update Type Index"",""#text"":""1""},{""@Name"":""Update Type"",""#text"":""Full""},{""@Name"":""Current Engine Version"",""#text"":""1.1.20100.6""},{""@Name"":""Previous Engine Version"",""#text"":""1.1.20100.6""}]}}"
326,326,2023-03-22 08:23:09.5838942,2000,Info,Microsoft-Windows-Windows Defender,Microsoft-Windows-Windows Defender/Operational,6048,1244,DESKTOP-887GK2L,7,S-1-5-18,Update - The antimalware definitions updated successfully,NT AUTHORITY\SYSTEM,,"Current: ","Current: ",Product Version: 4.18.2302.3,,,,,False,C:\Users\turan\Desktop\defense-work-evtx-files\Windows Defender-Operational.evtx,Classic,0,"{""EventData"":{""Data"":[{""@Name"":""Product Name"",""#text"":""Microsoft Defender Antivirus""},{""@Name"":""Product Version"",""#text"":""4.18.2302.3""},{""@Name"":""Current security intelligence Version"",""#text"":""1.385.746.0""},{""@Name"":""Previous security intelligence Version"",""#text"":""1.383.1419.0""},{""@Name"":""Unused""},{""@Name"":""Unused2""},{""@Name"":""Unused3""},{""@Name"":""Domain"",""#text"":""NT AUTHORITY""},{""@Name"":""User"",""#text"":""SYSTEM""},{""@Name"":""SID"",""#text"":""S-1-5-18""},{""@Name"":""Security intelligence Type Index"",""#text"":""2""},{""@Name"":""Security intelligence Type"",""#text"":""AntiSpyware""},{""@Name"":""Update Type Index"",""#text"":""1""},{""@Name"":""Update Type"",""#text"":""Full""},{""@Name"":""Current Engine Version"",""#text"":""1.1.20100.6""},{""@Name"":""Previous Engine Version"",""#text"":""1.1.20100.6""}]}}"
327,327,2023-03-22 08:34:51.6322813,1000,Info,Microsoft-Windows-Windows Defender,Microsoft-Windows-Windows Defender/Operational,6048,3504,DESKTOP-887GK2L,7,S-1-5-18,An antimalware scan started,NT AUTHORITY\SYSTEM,,Scan ID: {7A373D4B-CA2E-42C7-B643-5FB669D586F2},Scan type\index: Antimalware\1,Scan parameters\index: Quick Scan\1,,,,,False,C:\Users\turan\Desktop\defense-work-evtx-files\Windows Defender-Operational.evtx,Classic,0,"{""EventData"":{""Data"":[{""@Name"":""Product Name"",""#text"":""Microsoft Defender Antivirus""},{""@Name"":""Product Version"",""#text"":""4.18.2302.3""},{""@Name"":""Scan ID"",""#text"":""{7A373D4B-CA2E-42C7-B643-5FB669D586F2}""},{""@Name"":""Scan Type Index"",""#text"":""1""},{""@Name"":""Scan Type"",""#text"":""Antimalware""},{""@Name"":""Scan Parameters Index"",""#text"":""1""},{""@Name"":""Scan Parameters"",""#text"":""Quick Scan""},{""@Name"":""Domain"",""#text"":""NT AUTHORITY""},{""@Name"":""User"",""#text"":""SYSTEM""},{""@Name"":""SID"",""#text"":""S-1-5-18""},{""@Name"":""Scan Resources""}]}}"
328,328,2023-03-22 08:35:23.4255250,1001,Info,Microsoft-Windows-Windows Defender,Microsoft-Windows-Windows Defender/Operational,6048,3504,DESKTOP-887GK2L,7,S-1-5-18,An antimalware scan finished,NT AUTHORITY\SYSTEM,,Scan ID: {7A373D4B-CA2E-42C7-B643-5FB669D586F2},Scan type\index: Antimalware\1,Scan parameters\index: Quick Scan\1,Scan time=0:00:31,,,,False,C:\Users\turan\Desktop\defense-work-evtx-files\Windows Defender-Operational.evtx,Classic,0,"{""EventData"":{""Data"":[{""@Name"":""Product Name"",""#text"":""Microsoft Defender Antivirus""},{""@Name"":""Product Version"",""#text"":""4.18.2302.3""},{""@Name"":""Scan ID"",""#text"":""{7A373D4B-CA2E-42C7-B643-5FB669D586F2}""},{""@Name"":""Scan Type Index"",""#text"":""1""},{""@Name"":""Scan Type"",""#text"":""Antimalware""},{""@Name"":""Scan Parameters Index"",""#text"":""1""},{""@Name"":""Scan Parameters"",""#text"":""Quick Scan""},{""@Name"":""Domain"",""#text"":""NT AUTHORITY""},{""@Name"":""User"",""#text"":""SYSTEM""},{""@Name"":""SID"",""#text"":""S-1-5-18""},{""@Name"":""Scan Time Hours"",""#text"":""0""},{""@Name"":""Scan Time Minutes"",""#text"":""00""},{""@Name"":""Scan Time Seconds"",""#text"":""31""}]}}"
329,329,2023-03-22 09:22:33.4665468,1150,Info,Microsoft-Windows-Windows Defender,Microsoft-Windows-Windows Defender/Operational,6048,4972,DESKTOP-887GK2L,7,S-1-5-18,Defender is up and running in a healthy state,,,"Signature Version: ",,,,,,,False,C:\Users\turan\Desktop\defense-work-evtx-files\Windows Defender-Operational.evtx,Classic,0,"{""EventData"":{""Data"":[{""@Name"":""Product Name"",""#text"":""Microsoft Defender Antivirus""},{""@Name"":""Platform version"",""#text"":""4.18.2302.3""},{""@Name"":""Unused""},{""@Name"":""Engine version"",""#text"":""1.1.20100.6""},{""@Name"":""Security intelligence version"",""#text"":""1.385.746.0""}]}}"
330,330,2023-03-22 09:22:33.4724317,1151,Info,Microsoft-Windows-Windows Defender,Microsoft-Windows-Windows Defender/Operational,6048,4972,DESKTOP-887GK2L,7,S-1-5-18,,,,,,,,,,,False,C:\Users\turan\Desktop\defense-work-evtx-files\Windows Defender-Operational.evtx,Classic,0,"{""EventData"":{""Data"":[{""@Name"":""Product Name"",""#text"":""Microsoft Defender Antivirus""},{""@Name"":""Platform version"",""#text"":""4.18.2302.3""},{""@Name"":""Unused""},{""@Name"":""Engine version"",""#text"":""1.1.20100.6""},{""@Name"":""NRI engine version"",""#text"":""1.1.20100.6""},{""@Name"":""AV security intelligence version"",""#text"":""1.385.746.0""},{""@Name"":""AS security intelligence version"",""#text"":""1.385.746.0""},{""@Name"":""NRI security intelligence version"",""#text"":""1.385.746.0""},{""@Name"":""RTP state"",""#text"":""Enabled""},{""@Name"":""OA state"",""#text"":""Enabled""},{""@Name"":""IOAV state"",""#text"":""Enabled""},{""@Name"":""BM state"",""#text"":""Enabled""},{""@Name"":""Last AV security intelligence age"",""#text"":""0""},{""@Name"":""Last AS security intelligence age"",""#text"":""0""},{""@Name"":""Last quick scan age"",""#text"":""0""},{""@Name"":""Last full scan age"",""#text"":""4294967295""},{""@Name"":""AV security intelligence creation time"",""#text"":""2023-03-22T01:14:19Z""},{""@Name"":""AS security intelligence creation time"",""#text"":""2023-03-22T01:14:20Z""},{""@Name"":""Last quick scan start time"",""#text"":""2023-03-22T08:34:51Z""},{""@Name"":""Last quick scan end time"",""#text"":""2023-03-22T08:35:23Z""},{""@Name"":""Last quick scan source"",""#text"":""2""},{""@Name"":""Last full scan start time"",""#text"":""1601-01-01T00:00:00Z""},{""@Name"":""Last full scan end time"",""#text"":""1601-01-01T00:00:00Z""},{""@Name"":""Last full scan source"",""#text"":""0""},{""@Name"":""Product status"",""#text"":""0x00080000""},{""@Name"":""Latest engine version"",""#text"":""1.1.20100.6""},{""@Name"":""Engine up-to-date"",""#text"":""0""},{""@Name"":""Latest platform version"",""#text"":""4.18.2301.6""},{""@Name"":""Platform up-to-date"",""#text"":""1""}]}}"
331,331,2023-03-22 16:57:35.7427793,1150,Info,Microsoft-Windows-Windows Defender,Microsoft-Windows-Windows Defender/Operational,6048,3540,DESKTOP-887GK2L,7,S-1-5-18,Defender is up and running in a healthy state,,,"Signature Version: ",,,,,,,False,C:\Users\turan\Desktop\defense-work-evtx-files\Windows Defender-Operational.evtx,Classic,0,"{""EventData"":{""Data"":[{""@Name"":""Product Name"",""#text"":""Microsoft Defender Antivirus""},{""@Name"":""Platform version"",""#text"":""4.18.2302.3""},{""@Name"":""Unused""},{""@Name"":""Engine version"",""#text"":""1.1.20100.6""},{""@Name"":""Security intelligence version"",""#text"":""1.385.746.0""}]}}"
332,332,2023-03-22 16:57:35.7445037,1151,Info,Microsoft-Windows-Windows Defender,Microsoft-Windows-Windows Defender/Operational,6048,3540,DESKTOP-887GK2L,7,S-1-5-18,,,,,,,,,,,False,C:\Users\turan\Desktop\defense-work-evtx-files\Windows Defender-Operational.evtx,Classic,0,"{""EventData"":{""Data"":[{""@Name"":""Product Name"",""#text"":""Microsoft Defender Antivirus""},{""@Name"":""Platform version"",""#text"":""4.18.2302.3""},{""@Name"":""Unused""},{""@Name"":""Engine version"",""#text"":""1.1.20100.6""},{""@Name"":""NRI engine version"",""#text"":""1.1.20100.6""},{""@Name"":""AV security intelligence version"",""#text"":""1.385.746.0""},{""@Name"":""AS security intelligence version"",""#text"":""1.385.746.0""},{""@Name"":""NRI security intelligence version"",""#text"":""1.385.746.0""},{""@Name"":""RTP state"",""#text"":""Enabled""},{""@Name"":""OA state"",""#text"":""Enabled""},{""@Name"":""IOAV state"",""#text"":""Enabled""},{""@Name"":""BM state"",""#text"":""Enabled""},{""@Name"":""Last AV security intelligence age"",""#text"":""0""},{""@Name"":""Last AS security intelligence age"",""#text"":""0""},{""@Name"":""Last quick scan age"",""#text"":""0""},{""@Name"":""Last full scan age"",""#text"":""4294967295""},{""@Name"":""AV security intelligence creation time"",""#text"":""2023-03-22T01:14:19Z""},{""@Name"":""AS security intelligence creation time"",""#text"":""2023-03-22T01:14:20Z""},{""@Name"":""Last quick scan start time"",""#text"":""2023-03-22T08:34:51Z""},{""@Name"":""Last quick scan end time"",""#text"":""2023-03-22T08:35:23Z""},{""@Name"":""Last quick scan source"",""#text"":""2""},{""@Name"":""Last full scan start time"",""#text"":""1601-01-01T00:00:00Z""},{""@Name"":""Last full scan end time"",""#text"":""1601-01-01T00:00:00Z""},{""@Name"":""Last full scan source"",""#text"":""0""},{""@Name"":""Product status"",""#text"":""0x00080000""},{""@Name"":""Latest engine version"",""#text"":""1.1.20100.6""},{""@Name"":""Engine up-to-date"",""#text"":""0""},{""@Name"":""Latest platform version"",""#text"":""4.18.2301.6""},{""@Name"":""Platform up-to-date"",""#text"":""1""}]}}"
333,333,2023-03-23 08:23:12.4575503,5007,Info,Microsoft-Windows-Windows Defender,Microsoft-Windows-Windows Defender/Operational,2912,3548,DESKTOP-887GK2L,7,S-1-5-18,The antimalware platform configuration changed,,,Old Value: Default\IsServiceRunning = 0x0,New Value: HKLM\SOFTWARE\Microsoft\Windows Defender\IsServiceRunning = 0x1,,,,,,False,C:\Users\turan\Desktop\defense-work-evtx-files\Windows Defender-Operational.evtx,Classic,0,"{""EventData"":{""Data"":[{""@Name"":""Product Name"",""#text"":""Microsoft Defender Antivirus""},{""@Name"":""Product Version"",""#text"":""4.18.2302.3""},{""@Name"":""Old Value"",""#text"":""Default\\IsServiceRunning = 0x0""},{""@Name"":""New Value"",""#text"":""HKLM\\SOFTWARE\\Microsoft\\Windows Defender\\IsServiceRunning = 0x1""}]}}"
334,334,2023-03-23 08:23:14.5323949,5007,Info,Microsoft-Windows-Windows Defender,Microsoft-Windows-Windows Defender/Operational,2912,3552,DESKTOP-887GK2L,7,S-1-5-18,The antimalware platform configuration changed,,,Old Value: Default\ServiceStartStates = 0x0,New Value: HKLM\SOFTWARE\Microsoft\Windows Defender\ServiceStartStates = 0x1,,,,,,False,C:\Users\turan\Desktop\defense-work-evtx-files\Windows Defender-Operational.evtx,Classic,0,"{""EventData"":{""Data"":[{""@Name"":""Product Name"",""#text"":""Microsoft Defender Antivirus""},{""@Name"":""Product Version"",""#text"":""4.18.2302.3""},{""@Name"":""Old Value"",""#text"":""Default\\ServiceStartStates = 0x0""},{""@Name"":""New Value"",""#text"":""HKLM\\SOFTWARE\\Microsoft\\Windows Defender\\ServiceStartStates = 0x1""}]}}"
335,335,2023-03-23 08:23:15.5784177,5007,Info,Microsoft-Windows-Windows Defender,Microsoft-Windows-Windows Defender/Operational,2912,3552,DESKTOP-887GK2L,7,S-1-5-18,The antimalware platform configuration changed,,,Old Value: HKLM\SOFTWARE\Microsoft\Windows Defender\MpEngine\MpCampRing = 0x4,"New Value: ",,,,,,False,C:\Users\turan\Desktop\defense-work-evtx-files\Windows Defender-Operational.evtx,Classic,0,"{""EventData"":{""Data"":[{""@Name"":""Product Name"",""#text"":""Microsoft Defender Antivirus""},{""@Name"":""Product Version"",""#text"":""4.18.2302.3""},{""@Name"":""Old Value"",""#text"":""HKLM\\SOFTWARE\\Microsoft\\Windows Defender\\MpEngine\\MpCampRing = 0x4""},{""@Name"":""New Value""}]}}"
336,336,2023-03-23 08:23:15.5784213,5007,Info,Microsoft-Windows-Windows Defender,Microsoft-Windows-Windows Defender/Operational,2912,3552,DESKTOP-887GK2L,7,S-1-5-18,The antimalware platform configuration changed,,,Old Value: HKLM\SOFTWARE\Microsoft\Windows Defender\MpEngine\MpEngineRing = 0x4,"New Value: ",,,,,,False,C:\Users\turan\Desktop\defense-work-evtx-files\Windows Defender-Operational.evtx,Classic,0,"{""EventData"":{""Data"":[{""@Name"":""Product Name"",""#text"":""Microsoft Defender Antivirus""},{""@Name"":""Product Version"",""#text"":""4.18.2302.3""},{""@Name"":""Old Value"",""#text"":""HKLM\\SOFTWARE\\Microsoft\\Windows Defender\\MpEngine\\MpEngineRing = 0x4""},{""@Name"":""New Value""}]}}"
337,337,2023-03-23 08:23:18.3599200,5007,Info,Microsoft-Windows-Windows Defender,Microsoft-Windows-Windows Defender/Operational,2912,3552,DESKTOP-887GK2L,7,S-1-5-18,The antimalware platform configuration changed,,,"Old Value: ",New Value: HKLM\SOFTWARE\Microsoft\Windows Defender\MpEngine\MpCampRing = 0x4,,,,,,False,C:\Users\turan\Desktop\defense-work-evtx-files\Windows Defender-Operational.evtx,Classic,0,"{""EventData"":{""Data"":[{""@Name"":""Product Name"",""#text"":""Microsoft Defender Antivirus""},{""@Name"":""Product Version"",""#text"":""4.18.2302.3""},{""@Name"":""Old Value""},{""@Name"":""New Value"",""#text"":""HKLM\\SOFTWARE\\Microsoft\\Windows Defender\\MpEngine\\MpCampRing = 0x4""}]}}"
338,338,2023-03-23 08:23:18.3599236,5007,Info,Microsoft-Windows-Windows Defender,Microsoft-Windows-Windows Defender/Operational,2912,3552,DESKTOP-887GK2L,7,S-1-5-18,The antimalware platform configuration changed,,,"Old Value: ",New Value: HKLM\SOFTWARE\Microsoft\Windows Defender\MpEngine\MpEngineRing = 0x4,,,,,,False,C:\Users\turan\Desktop\defense-work-evtx-files\Windows Defender-Operational.evtx,Classic,0,"{""EventData"":{""Data"":[{""@Name"":""Product Name"",""#text"":""Microsoft Defender Antivirus""},{""@Name"":""Product Version"",""#text"":""4.18.2302.3""},{""@Name"":""Old Value""},{""@Name"":""New Value"",""#text"":""HKLM\\SOFTWARE\\Microsoft\\Windows Defender\\MpEngine\\MpEngineRing = 0x4""}]}}"
339,339,2023-03-23 08:23:52.0163093,5007,Info,Microsoft-Windows-Windows Defender,Microsoft-Windows-Windows Defender/Operational,2912,3620,DESKTOP-887GK2L,7,S-1-5-18,The antimalware platform configuration changed,,,Old Value: HKLM\SOFTWARE\Microsoft\Windows Defender\MpEngine\MpCampRing = 0x4,"New Value: ",,,,,,False,C:\Users\turan\Desktop\defense-work-evtx-files\Windows Defender-Operational.evtx,Classic,0,"{""EventData"":{""Data"":[{""@Name"":""Product Name"",""#text"":""Microsoft Defender Antivirus""},{""@Name"":""Product Version"",""#text"":""4.18.2302.3""},{""@Name"":""Old Value"",""#text"":""HKLM\\SOFTWARE\\Microsoft\\Windows Defender\\MpEngine\\MpCampRing = 0x4""},{""@Name"":""New Value""}]}}"
340,340,2023-03-23 08:23:52.0163129,5007,Info,Microsoft-Windows-Windows Defender,Microsoft-Windows-Windows Defender/Operational,2912,3620,DESKTOP-887GK2L,7,S-1-5-18,The antimalware platform configuration changed,,,Old Value: HKLM\SOFTWARE\Microsoft\Windows Defender\MpEngine\MpEngineRing = 0x4,"New Value: ",,,,,,False,C:\Users\turan\Desktop\defense-work-evtx-files\Windows Defender-Operational.evtx,Classic,0,"{""EventData"":{""Data"":[{""@Name"":""Product Name"",""#text"":""Microsoft Defender Antivirus""},{""@Name"":""Product Version"",""#text"":""4.18.2302.3""},{""@Name"":""Old Value"",""#text"":""HKLM\\SOFTWARE\\Microsoft\\Windows Defender\\MpEngine\\MpEngineRing = 0x4""},{""@Name"":""New Value""}]}}"
341,341,2023-03-23 08:23:54.1567373,5007,Info,Microsoft-Windows-Windows Defender,Microsoft-Windows-Windows Defender/Operational,2912,3552,DESKTOP-887GK2L,7,S-1-5-18,The antimalware platform configuration changed,,,"Old Value: ",New Value: HKLM\SOFTWARE\Microsoft\Windows Defender\MpEngine\MpCampRing = 0x4,,,,,,False,C:\Users\turan\Desktop\defense-work-evtx-files\Windows Defender-Operational.evtx,Classic,0,"{""EventData"":{""Data"":[{""@Name"":""Product Name"",""#text"":""Microsoft Defender Antivirus""},{""@Name"":""Product Version"",""#text"":""4.18.2302.3""},{""@Name"":""Old Value""},{""@Name"":""New Value"",""#text"":""HKLM\\SOFTWARE\\Microsoft\\Windows Defender\\MpEngine\\MpCampRing = 0x4""}]}}"
342,342,2023-03-23 08:23:54.1567416,5007,Info,Microsoft-Windows-Windows Defender,Microsoft-Windows-Windows Defender/Operational,2912,3552,DESKTOP-887GK2L,7,S-1-5-18,The antimalware platform configuration changed,,,"Old Value: ",New Value: HKLM\SOFTWARE\Microsoft\Windows Defender\MpEngine\MpEngineRing = 0x4,,,,,,False,C:\Users\turan\Desktop\defense-work-evtx-files\Windows Defender-Operational.evtx,Classic,0,"{""EventData"":{""Data"":[{""@Name"":""Product Name"",""#text"":""Microsoft Defender Antivirus""},{""@Name"":""Product Version"",""#text"":""4.18.2302.3""},{""@Name"":""Old Value""},{""@Name"":""New Value"",""#text"":""HKLM\\SOFTWARE\\Microsoft\\Windows Defender\\MpEngine\\MpEngineRing = 0x4""}]}}"
343,343,2023-03-23 08:23:54.1840302,2000,Info,Microsoft-Windows-Windows Defender,Microsoft-Windows-Windows Defender/Operational,2912,4404,DESKTOP-887GK2L,7,S-1-5-18,Update - The antimalware definitions updated successfully,NT AUTHORITY\SYSTEM,,"Current: ","Current: ",Product Version: 4.18.2302.3,,,,,False,C:\Users\turan\Desktop\defense-work-evtx-files\Windows Defender-Operational.evtx,Classic,0,"{""EventData"":{""Data"":[{""@Name"":""Product Name"",""#text"":""Microsoft Defender Antivirus""},{""@Name"":""Product Version"",""#text"":""4.18.2302.3""},{""@Name"":""Current security intelligence Version"",""#text"":""1.385.865.0""},{""@Name"":""Previous security intelligence Version"",""#text"":""1.385.746.0""},{""@Name"":""Unused""},{""@Name"":""Unused2""},{""@Name"":""Unused3""},{""@Name"":""Domain"",""#text"":""NT AUTHORITY""},{""@Name"":""User"",""#text"":""SYSTEM""},{""@Name"":""SID"",""#text"":""S-1-5-18""},{""@Name"":""Security intelligence Type Index"",""#text"":""1""},{""@Name"":""Security intelligence Type"",""#text"":""AntiVirus""},{""@Name"":""Update Type Index"",""#text"":""2""},{""@Name"":""Update Type"",""#text"":""Delta""},{""@Name"":""Current Engine Version"",""#text"":""1.1.20100.6""},{""@Name"":""Previous Engine Version"",""#text"":""1.1.20100.6""}]}}"
344,344,2023-03-23 08:23:54.1842860,2000,Info,Microsoft-Windows-Windows Defender,Microsoft-Windows-Windows Defender/Operational,2912,4404,DESKTOP-887GK2L,7,S-1-5-18,Update - The antimalware definitions updated successfully,NT AUTHORITY\SYSTEM,,"Current: ","Current: ",Product Version: 4.18.2302.3,,,,,False,C:\Users\turan\Desktop\defense-work-evtx-files\Windows Defender-Operational.evtx,Classic,0,"{""EventData"":{""Data"":[{""@Name"":""Product Name"",""#text"":""Microsoft Defender Antivirus""},{""@Name"":""Product Version"",""#text"":""4.18.2302.3""},{""@Name"":""Current security intelligence Version"",""#text"":""1.385.865.0""},{""@Name"":""Previous security intelligence Version"",""#text"":""1.385.746.0""},{""@Name"":""Unused""},{""@Name"":""Unused2""},{""@Name"":""Unused3""},{""@Name"":""Domain"",""#text"":""NT AUTHORITY""},{""@Name"":""User"",""#text"":""SYSTEM""},{""@Name"":""SID"",""#text"":""S-1-5-18""},{""@Name"":""Security intelligence Type Index"",""#text"":""2""},{""@Name"":""Security intelligence Type"",""#text"":""AntiSpyware""},{""@Name"":""Update Type Index"",""#text"":""2""},{""@Name"":""Update Type"",""#text"":""Delta""},{""@Name"":""Current Engine Version"",""#text"":""1.1.20100.6""},{""@Name"":""Previous Engine Version"",""#text"":""1.1.20100.6""}]}}"
345,345,2023-03-23 08:33:47.7626095,1000,Info,Microsoft-Windows-Windows Defender,Microsoft-Windows-Windows Defender/Operational,2912,2524,DESKTOP-887GK2L,7,S-1-5-18,An antimalware scan started,NT AUTHORITY\SYSTEM,,Scan ID: {F2297406-27AC-4EB1-BDFB-53F218AC9191},Scan type\index: Antimalware\1,Scan parameters\index: Quick Scan\1,,,,,False,C:\Users\turan\Desktop\defense-work-evtx-files\Windows Defender-Operational.evtx,Classic,0,"{""EventData"":{""Data"":[{""@Name"":""Product Name"",""#text"":""Microsoft Defender Antivirus""},{""@Name"":""Product Version"",""#text"":""4.18.2302.3""},{""@Name"":""Scan ID"",""#text"":""{F2297406-27AC-4EB1-BDFB-53F218AC9191}""},{""@Name"":""Scan Type Index"",""#text"":""1""},{""@Name"":""Scan Type"",""#text"":""Antimalware""},{""@Name"":""Scan Parameters Index"",""#text"":""1""},{""@Name"":""Scan Parameters"",""#text"":""Quick Scan""},{""@Name"":""Domain"",""#text"":""NT AUTHORITY""},{""@Name"":""User"",""#text"":""SYSTEM""},{""@Name"":""SID"",""#text"":""S-1-5-18""},{""@Name"":""Scan Resources""}]}}"
346,346,2023-03-23 08:34:26.3387171,1001,Info,Microsoft-Windows-Windows Defender,Microsoft-Windows-Windows Defender/Operational,2912,2524,DESKTOP-887GK2L,7,S-1-5-18,An antimalware scan finished,NT AUTHORITY\SYSTEM,,Scan ID: {F2297406-27AC-4EB1-BDFB-53F218AC9191},Scan type\index: Antimalware\1,Scan parameters\index: Quick Scan\1,Scan time=0:00:38,,,,False,C:\Users\turan\Desktop\defense-work-evtx-files\Windows Defender-Operational.evtx,Classic,0,"{""EventData"":{""Data"":[{""@Name"":""Product Name"",""#text"":""Microsoft Defender Antivirus""},{""@Name"":""Product Version"",""#text"":""4.18.2302.3""},{""@Name"":""Scan ID"",""#text"":""{F2297406-27AC-4EB1-BDFB-53F218AC9191}""},{""@Name"":""Scan Type Index"",""#text"":""1""},{""@Name"":""Scan Type"",""#text"":""Antimalware""},{""@Name"":""Scan Parameters Index"",""#text"":""1""},{""@Name"":""Scan Parameters"",""#text"":""Quick Scan""},{""@Name"":""Domain"",""#text"":""NT AUTHORITY""},{""@Name"":""User"",""#text"":""SYSTEM""},{""@Name"":""SID"",""#text"":""S-1-5-18""},{""@Name"":""Scan Time Hours"",""#text"":""0""},{""@Name"":""Scan Time Minutes"",""#text"":""00""},{""@Name"":""Scan Time Seconds"",""#text"":""38""}]}}"
347,347,2023-03-23 08:37:16.7393012,5007,Info,Microsoft-Windows-Windows Defender,Microsoft-Windows-Windows Defender/Operational,2912,8872,DESKTOP-887GK2L,7,S-1-5-18,The antimalware platform configuration changed,,,Old Value: HKLM\SOFTWARE\Microsoft\Windows Defender\ServiceStartStates = 0x1,New Value: Default\ServiceStartStates = 0x0,,,,,,False,C:\Users\turan\Desktop\defense-work-evtx-files\Windows Defender-Operational.evtx,Classic,0,"{""EventData"":{""Data"":[{""@Name"":""Product Name"",""#text"":""Microsoft Defender Antivirus""},{""@Name"":""Product Version"",""#text"":""4.18.2302.3""},{""@Name"":""Old Value"",""#text"":""HKLM\\SOFTWARE\\Microsoft\\Windows Defender\\ServiceStartStates = 0x1""},{""@Name"":""New Value"",""#text"":""Default\\ServiceStartStates = 0x0""}]}}"
348,348,2023-03-23 08:41:21.0818179,5007,Info,Microsoft-Windows-Windows Defender,Microsoft-Windows-Windows Defender/Operational,3020,3540,DESKTOP-887GK2L,8,S-1-5-18,The antimalware platform configuration changed,,,Old Value: Default\ServiceStartStates = 0x0,New Value: HKLM\SOFTWARE\Microsoft\Windows Defender\ServiceStartStates = 0x1,,,,,,False,C:\Users\turan\Desktop\defense-work-evtx-files\Windows Defender-Operational.evtx,Classic,0,"{""EventData"":{""Data"":[{""@Name"":""Product Name"",""#text"":""Microsoft Defender Antivirus""},{""@Name"":""Product Version"",""#text"":""4.18.2302.3""},{""@Name"":""Old Value"",""#text"":""Default\\ServiceStartStates = 0x0""},{""@Name"":""New Value"",""#text"":""HKLM\\SOFTWARE\\Microsoft\\Windows Defender\\ServiceStartStates = 0x1""}]}}"
349,349,2023-03-23 08:41:21.9526467,5007,Info,Microsoft-Windows-Windows Defender,Microsoft-Windows-Windows Defender/Operational,3020,3540,DESKTOP-887GK2L,8,S-1-5-18,The antimalware platform configuration changed,,,Old Value: HKLM\SOFTWARE\Microsoft\Windows Defender\MpEngine\MpCampRing = 0x4,"New Value: ",,,,,,False,C:\Users\turan\Desktop\defense-work-evtx-files\Windows Defender-Operational.evtx,Classic,0,"{""EventData"":{""Data"":[{""@Name"":""Product Name"",""#text"":""Microsoft Defender Antivirus""},{""@Name"":""Product Version"",""#text"":""4.18.2302.3""},{""@Name"":""Old Value"",""#text"":""HKLM\\SOFTWARE\\Microsoft\\Windows Defender\\MpEngine\\MpCampRing = 0x4""},{""@Name"":""New Value""}]}}"
350,350,2023-03-23 08:41:21.9526505,5007,Info,Microsoft-Windows-Windows Defender,Microsoft-Windows-Windows Defender/Operational,3020,3540,DESKTOP-887GK2L,8,S-1-5-18,The antimalware platform configuration changed,,,Old Value: HKLM\SOFTWARE\Microsoft\Windows Defender\MpEngine\MpEngineRing = 0x4,"New Value: ",,,,,,False,C:\Users\turan\Desktop\defense-work-evtx-files\Windows Defender-Operational.evtx,Classic,0,"{""EventData"":{""Data"":[{""@Name"":""Product Name"",""#text"":""Microsoft Defender Antivirus""},{""@Name"":""Product Version"",""#text"":""4.18.2302.3""},{""@Name"":""Old Value"",""#text"":""HKLM\\SOFTWARE\\Microsoft\\Windows Defender\\MpEngine\\MpEngineRing = 0x4""},{""@Name"":""New Value""}]}}"
351,351,2023-03-23 08:41:23.4843023,5007,Info,Microsoft-Windows-Windows Defender,Microsoft-Windows-Windows Defender/Operational,3020,3540,DESKTOP-887GK2L,8,S-1-5-18,The antimalware platform configuration changed,,,"Old Value: ",New Value: HKLM\SOFTWARE\Microsoft\Windows Defender\MpEngine\MpCampRing = 0x4,,,,,,False,C:\Users\turan\Desktop\defense-work-evtx-files\Windows Defender-Operational.evtx,Classic,0,"{""EventData"":{""Data"":[{""@Name"":""Product Name"",""#text"":""Microsoft Defender Antivirus""},{""@Name"":""Product Version"",""#text"":""4.18.2302.3""},{""@Name"":""Old Value""},{""@Name"":""New Value"",""#text"":""HKLM\\SOFTWARE\\Microsoft\\Windows Defender\\MpEngine\\MpCampRing = 0x4""}]}}"
352,352,2023-03-23 08:41:23.4843069,5007,Info,Microsoft-Windows-Windows Defender,Microsoft-Windows-Windows Defender/Operational,3020,3540,DESKTOP-887GK2L,8,S-1-5-18,The antimalware platform configuration changed,,,"Old Value: ",New Value: HKLM\SOFTWARE\Microsoft\Windows Defender\MpEngine\MpEngineRing = 0x4,,,,,,False,C:\Users\turan\Desktop\defense-work-evtx-files\Windows Defender-Operational.evtx,Classic,0,"{""EventData"":{""Data"":[{""@Name"":""Product Name"",""#text"":""Microsoft Defender Antivirus""},{""@Name"":""Product Version"",""#text"":""4.18.2302.3""},{""@Name"":""Old Value""},{""@Name"":""New Value"",""#text"":""HKLM\\SOFTWARE\\Microsoft\\Windows Defender\\MpEngine\\MpEngineRing = 0x4""}]}}"
353,353,2023-03-23 09:41:23.0245490,1150,Info,Microsoft-Windows-Windows Defender,Microsoft-Windows-Windows Defender/Operational,3020,7460,DESKTOP-887GK2L,8,S-1-5-18,Defender is up and running in a healthy state,,,"Signature Version: ",,,,,,,False,C:\Users\turan\Desktop\defense-work-evtx-files\Windows Defender-Operational.evtx,Classic,0,"{""EventData"":{""Data"":[{""@Name"":""Product Name"",""#text"":""Microsoft Defender Antivirus""},{""@Name"":""Platform version"",""#text"":""4.18.2302.3""},{""@Name"":""Unused""},{""@Name"":""Engine version"",""#text"":""1.1.20100.6""},{""@Name"":""Security intelligence version"",""#text"":""1.385.865.0""}]}}"
354,354,2023-03-23 09:41:23.0252056,1151,Info,Microsoft-Windows-Windows Defender,Microsoft-Windows-Windows Defender/Operational,3020,7460,DESKTOP-887GK2L,8,S-1-5-18,,,,,,,,,,,False,C:\Users\turan\Desktop\defense-work-evtx-files\Windows Defender-Operational.evtx,Classic,0,"{""EventData"":{""Data"":[{""@Name"":""Product Name"",""#text"":""Microsoft Defender Antivirus""},{""@Name"":""Platform version"",""#text"":""4.18.2302.3""},{""@Name"":""Unused""},{""@Name"":""Engine version"",""#text"":""1.1.20100.6""},{""@Name"":""NRI engine version"",""#text"":""1.1.20100.6""},{""@Name"":""AV security intelligence version"",""#text"":""1.385.865.0""},{""@Name"":""AS security intelligence version"",""#text"":""1.385.865.0""},{""@Name"":""NRI security intelligence version"",""#text"":""1.385.865.0""},{""@Name"":""RTP state"",""#text"":""Enabled""},{""@Name"":""OA state"",""#text"":""Enabled""},{""@Name"":""IOAV state"",""#text"":""Enabled""},{""@Name"":""BM state"",""#text"":""Enabled""},{""@Name"":""Last AV security intelligence age"",""#text"":""0""},{""@Name"":""Last AS security intelligence age"",""#text"":""0""},{""@Name"":""Last quick scan age"",""#text"":""0""},{""@Name"":""Last full scan age"",""#text"":""4294967295""},{""@Name"":""AV security intelligence creation time"",""#text"":""2023-03-23T01:29:41Z""},{""@Name"":""AS security intelligence creation time"",""#text"":""2023-03-23T01:29:41Z""},{""@Name"":""Last quick scan start time"",""#text"":""2023-03-23T08:33:47Z""},{""@Name"":""Last quick scan end time"",""#text"":""2023-03-23T08:34:26Z""},{""@Name"":""Last quick scan source"",""#text"":""2""},{""@Name"":""Last full scan start time"",""#text"":""1601-01-01T00:00:00Z""},{""@Name"":""Last full scan end time"",""#text"":""1601-01-01T00:00:00Z""},{""@Name"":""Last full scan source"",""#text"":""0""},{""@Name"":""Product status"",""#text"":""0x00080000""},{""@Name"":""Latest engine version"",""#text"":""1.1.20100.6""},{""@Name"":""Engine up-to-date"",""#text"":""0""},{""@Name"":""Latest platform version"",""#text"":""4.18.2301.6""},{""@Name"":""Platform up-to-date"",""#text"":""1""}]}}"
355,355,2023-03-23 10:41:23.0310038,1150,Info,Microsoft-Windows-Windows Defender,Microsoft-Windows-Windows Defender/Operational,3020,4904,DESKTOP-887GK2L,8,S-1-5-18,Defender is up and running in a healthy state,,,"Signature Version: ",,,,,,,False,C:\Users\turan\Desktop\defense-work-evtx-files\Windows Defender-Operational.evtx,Classic,0,"{""EventData"":{""Data"":[{""@Name"":""Product Name"",""#text"":""Microsoft Defender Antivirus""},{""@Name"":""Platform version"",""#text"":""4.18.2302.3""},{""@Name"":""Unused""},{""@Name"":""Engine version"",""#text"":""1.1.20100.6""},{""@Name"":""Security intelligence version"",""#text"":""1.385.865.0""}]}}"
356,356,2023-03-23 10:41:23.0316809,1151,Info,Microsoft-Windows-Windows Defender,Microsoft-Windows-Windows Defender/Operational,3020,4904,DESKTOP-887GK2L,8,S-1-5-18,,,,,,,,,,,False,C:\Users\turan\Desktop\defense-work-evtx-files\Windows Defender-Operational.evtx,Classic,0,"{""EventData"":{""Data"":[{""@Name"":""Product Name"",""#text"":""Microsoft Defender Antivirus""},{""@Name"":""Platform version"",""#text"":""4.18.2302.3""},{""@Name"":""Unused""},{""@Name"":""Engine version"",""#text"":""1.1.20100.6""},{""@Name"":""NRI engine version"",""#text"":""1.1.20100.6""},{""@Name"":""AV security intelligence version"",""#text"":""1.385.865.0""},{""@Name"":""AS security intelligence version"",""#text"":""1.385.865.0""},{""@Name"":""NRI security intelligence version"",""#text"":""1.385.865.0""},{""@Name"":""RTP state"",""#text"":""Enabled""},{""@Name"":""OA state"",""#text"":""Enabled""},{""@Name"":""IOAV state"",""#text"":""Enabled""},{""@Name"":""BM state"",""#text"":""Enabled""},{""@Name"":""Last AV security intelligence age"",""#text"":""0""},{""@Name"":""Last AS security intelligence age"",""#text"":""0""},{""@Name"":""Last quick scan age"",""#text"":""0""},{""@Name"":""Last full scan age"",""#text"":""4294967295""},{""@Name"":""AV security intelligence creation time"",""#text"":""2023-03-23T01:29:41Z""},{""@Name"":""AS security intelligence creation time"",""#text"":""2023-03-23T01:29:41Z""},{""@Name"":""Last quick scan start time"",""#text"":""2023-03-23T08:33:47Z""},{""@Name"":""Last quick scan end time"",""#text"":""2023-03-23T08:34:26Z""},{""@Name"":""Last quick scan source"",""#text"":""2""},{""@Name"":""Last full scan start time"",""#text"":""1601-01-01T00:00:00Z""},{""@Name"":""Last full scan end time"",""#text"":""1601-01-01T00:00:00Z""},{""@Name"":""Last full scan source"",""#text"":""0""},{""@Name"":""Product status"",""#text"":""0x00080000""},{""@Name"":""Latest engine version"",""#text"":""1.1.20100.6""},{""@Name"":""Engine up-to-date"",""#text"":""0""},{""@Name"":""Latest platform version"",""#text"":""4.18.2301.6""},{""@Name"":""Platform up-to-date"",""#text"":""1""}]}}"
357,357,2023-03-23 12:31:00.7207033,1150,Info,Microsoft-Windows-Windows Defender,Microsoft-Windows-Windows Defender/Operational,3020,4740,DESKTOP-887GK2L,8,S-1-5-18,Defender is up and running in a healthy state,,,"Signature Version: ",,,,,,,False,C:\Users\turan\Desktop\defense-work-evtx-files\Windows Defender-Operational.evtx,Classic,0,"{""EventData"":{""Data"":[{""@Name"":""Product Name"",""#text"":""Microsoft Defender Antivirus""},{""@Name"":""Platform version"",""#text"":""4.18.2302.3""},{""@Name"":""Unused""},{""@Name"":""Engine version"",""#text"":""1.1.20100.6""},{""@Name"":""Security intelligence version"",""#text"":""1.385.865.0""}]}}"
358,358,2023-03-23 12:31:00.7216270,1151,Info,Microsoft-Windows-Windows Defender,Microsoft-Windows-Windows Defender/Operational,3020,4740,DESKTOP-887GK2L,8,S-1-5-18,,,,,,,,,,,False,C:\Users\turan\Desktop\defense-work-evtx-files\Windows Defender-Operational.evtx,Classic,0,"{""EventData"":{""Data"":[{""@Name"":""Product Name"",""#text"":""Microsoft Defender Antivirus""},{""@Name"":""Platform version"",""#text"":""4.18.2302.3""},{""@Name"":""Unused""},{""@Name"":""Engine version"",""#text"":""1.1.20100.6""},{""@Name"":""NRI engine version"",""#text"":""1.1.20100.6""},{""@Name"":""AV security intelligence version"",""#text"":""1.385.865.0""},{""@Name"":""AS security intelligence version"",""#text"":""1.385.865.0""},{""@Name"":""NRI security intelligence version"",""#text"":""1.385.865.0""},{""@Name"":""RTP state"",""#text"":""Enabled""},{""@Name"":""OA state"",""#text"":""Enabled""},{""@Name"":""IOAV state"",""#text"":""Enabled""},{""@Name"":""BM state"",""#text"":""Enabled""},{""@Name"":""Last AV security intelligence age"",""#text"":""0""},{""@Name"":""Last AS security intelligence age"",""#text"":""0""},{""@Name"":""Last quick scan age"",""#text"":""0""},{""@Name"":""Last full scan age"",""#text"":""4294967295""},{""@Name"":""AV security intelligence creation time"",""#text"":""2023-03-23T01:29:41Z""},{""@Name"":""AS security intelligence creation time"",""#text"":""2023-03-23T01:29:41Z""},{""@Name"":""Last quick scan start time"",""#text"":""2023-03-23T08:33:47Z""},{""@Name"":""Last quick scan end time"",""#text"":""2023-03-23T08:34:26Z""},{""@Name"":""Last quick scan source"",""#text"":""2""},{""@Name"":""Last full scan start time"",""#text"":""1601-01-01T00:00:00Z""},{""@Name"":""Last full scan end time"",""#text"":""1601-01-01T00:00:00Z""},{""@Name"":""Last full scan source"",""#text"":""0""},{""@Name"":""Product status"",""#text"":""0x00080000""},{""@Name"":""Latest engine version"",""#text"":""1.1.20100.6""},{""@Name"":""Engine up-to-date"",""#text"":""0""},{""@Name"":""Latest platform version"",""#text"":""4.18.2301.6""},{""@Name"":""Platform up-to-date"",""#text"":""1""}]}}"
359,359,2023-03-23 13:31:00.7164940,1150,Info,Microsoft-Windows-Windows Defender,Microsoft-Windows-Windows Defender/Operational,3020,1648,DESKTOP-887GK2L,8,S-1-5-18,Defender is up and running in a healthy state,,,"Signature Version: ",,,,,,,False,C:\Users\turan\Desktop\defense-work-evtx-files\Windows Defender-Operational.evtx,Classic,0,"{""EventData"":{""Data"":[{""@Name"":""Product Name"",""#text"":""Microsoft Defender Antivirus""},{""@Name"":""Platform version"",""#text"":""4.18.2302.3""},{""@Name"":""Unused""},{""@Name"":""Engine version"",""#text"":""1.1.20100.6""},{""@Name"":""Security intelligence version"",""#text"":""1.385.865.0""}]}}"
360,360,2023-03-23 13:31:00.7170728,1151,Info,Microsoft-Windows-Windows Defender,Microsoft-Windows-Windows Defender/Operational,3020,1648,DESKTOP-887GK2L,8,S-1-5-18,,,,,,,,,,,False,C:\Users\turan\Desktop\defense-work-evtx-files\Windows Defender-Operational.evtx,Classic,0,"{""EventData"":{""Data"":[{""@Name"":""Product Name"",""#text"":""Microsoft Defender Antivirus""},{""@Name"":""Platform version"",""#text"":""4.18.2302.3""},{""@Name"":""Unused""},{""@Name"":""Engine version"",""#text"":""1.1.20100.6""},{""@Name"":""NRI engine version"",""#text"":""1.1.20100.6""},{""@Name"":""AV security intelligence version"",""#text"":""1.385.865.0""},{""@Name"":""AS security intelligence version"",""#text"":""1.385.865.0""},{""@Name"":""NRI security intelligence version"",""#text"":""1.385.865.0""},{""@Name"":""RTP state"",""#text"":""Enabled""},{""@Name"":""OA state"",""#text"":""Enabled""},{""@Name"":""IOAV state"",""#text"":""Enabled""},{""@Name"":""BM state"",""#text"":""Enabled""},{""@Name"":""Last AV security intelligence age"",""#text"":""0""},{""@Name"":""Last AS security intelligence age"",""#text"":""0""},{""@Name"":""Last quick scan age"",""#text"":""0""},{""@Name"":""Last full scan age"",""#text"":""4294967295""},{""@Name"":""AV security intelligence creation time"",""#text"":""2023-03-23T01:29:41Z""},{""@Name"":""AS security intelligence creation time"",""#text"":""2023-03-23T01:29:41Z""},{""@Name"":""Last quick scan start time"",""#text"":""2023-03-23T08:33:47Z""},{""@Name"":""Last quick scan end time"",""#text"":""2023-03-23T08:34:26Z""},{""@Name"":""Last quick scan source"",""#text"":""2""},{""@Name"":""Last full scan start time"",""#text"":""1601-01-01T00:00:00Z""},{""@Name"":""Last full scan end time"",""#text"":""1601-01-01T00:00:00Z""},{""@Name"":""Last full scan source"",""#text"":""0""},{""@Name"":""Product status"",""#text"":""0x00080000""},{""@Name"":""Latest engine version"",""#text"":""1.1.20100.6""},{""@Name"":""Engine up-to-date"",""#text"":""0""},{""@Name"":""Latest platform version"",""#text"":""4.18.2301.6""},{""@Name"":""Platform up-to-date"",""#text"":""1""}]}}"
361,361,2023-03-23 18:45:04.1396148,5007,Info,Microsoft-Windows-Windows Defender,Microsoft-Windows-Windows Defender/Operational,3020,4728,DESKTOP-887GK2L,8,S-1-5-18,The antimalware platform configuration changed,,,Old Value: HKLM\SOFTWARE\Microsoft\Windows Defender\ServiceStartStates = 0x1,New Value: Default\ServiceStartStates = 0x0,,,,,,False,C:\Users\turan\Desktop\defense-work-evtx-files\Windows Defender-Operational.evtx,Classic,0,"{""EventData"":{""Data"":[{""@Name"":""Product Name"",""#text"":""Microsoft Defender Antivirus""},{""@Name"":""Product Version"",""#text"":""4.18.2302.3""},{""@Name"":""Old Value"",""#text"":""HKLM\\SOFTWARE\\Microsoft\\Windows Defender\\ServiceStartStates = 0x1""},{""@Name"":""New Value"",""#text"":""Default\\ServiceStartStates = 0x0""}]}}"
362,362,2023-03-23 19:04:36.8488794,1150,Info,Microsoft-Windows-Windows Defender,Microsoft-Windows-Windows Defender/Operational,3020,7180,DESKTOP-887GK2L,8,S-1-5-18,Defender is up and running in a healthy state,,,"Signature Version: ",,,,,,,False,C:\Users\turan\Desktop\defense-work-evtx-files\Windows Defender-Operational.evtx,Classic,0,"{""EventData"":{""Data"":[{""@Name"":""Product Name"",""#text"":""Microsoft Defender Antivirus""},{""@Name"":""Platform version"",""#text"":""4.18.2302.3""},{""@Name"":""Unused""},{""@Name"":""Engine version"",""#text"":""1.1.20100.6""},{""@Name"":""Security intelligence version"",""#text"":""1.385.865.0""}]}}"
