206,206,2023-03-10 02:41:28.9052556,1116,Warning,Microsoft-Windows-Windows Defender,Microsoft-Windows-Windows Defender/Operational,2080,2480,DESKTOP-887GK2L,5,S-1-5-18,Detection - The antimalware platform detected malware or other potentially unwanted software,Detection User: NT AUTHORITY\SYSTEM,,Malware name: Trojan:Win64/Meterpreter.B,Description: Trojan (Severe),Detection Time: 2023-03-10T02:41:28.744Z,Process (if real-time detection): C:\Windows\System32\svchost.exe,Detection ID: {607D344F-C5EF-4692-B21A-6DF526EADC88},,file:_C:\Users\CyberJunkie\AppData\Local\Temp\msf.dll,False,C:\Users\turan\Desktop\defense-work-evtx-files\Windows Defender-Operational.evtx,Classic,0,"{""EventData"":{""Data"":[{""@Name"":""Product Name"",""#text"":""Microsoft Defender Antivirus""},{""@Name"":""Product Version"",""#text"":""4.18.2301.6""},{""@Name"":""Detection ID"",""#text"":""{607D344F-C5EF-4692-B21A-6DF526EADC88}""},{""@Name"":""Detection Time"",""#text"":""2023-03-10T02:41:28.744Z""},{""@Name"":""Unused""},{""@Name"":""Unused2""},{""@Name"":""Threat ID"",""#text"":""2147721790""},{""@Name"":""Threat Name"",""#text"":""Trojan:Win64/Meterpreter.B""},{""@Name"":""Severity ID"",""#text"":""5""},{""@Name"":""Severity Name"",""#text"":""Severe""},{""@Name"":""Category ID"",""#text"":""8""},{""@Name"":""Category Name"",""#text"":""Trojan""},{""@Name"":""FWLink"",""#text"":""https://go.microsoft.com/fwlink/?linkid=37020&amp;name=Trojan:Win64/Meterpreter.B&amp;threatid=2147721790&amp;enterprise=0""},{""@Name"":""Status Code"",""#text"":""1""},{""@Name"":""Status Description""},{""@Name"":""State"",""#text"":""1""},{""@Name"":""Source ID"",""#text"":""3""},{""@Name"":""Source Name"",""#text"":""Real-Time Protection""},{""@Name"":""Process Name"",""#text"":""C:\\Windows\\System32\\svchost.exe""},{""@Name"":""Detection User"",""#text"":""NT AUTHORITY\\SYSTEM""},{""@Name"":""Unused3""},{""@Name"":""Path"",""#text"":""file:_C:\\Users\\CyberJunkie\\AppData\\Local\\Temp\\msf.dll""},{""@Name"":""Origin ID"",""#text"":""1""},{""@Name"":""Origin Name"",""#text"":""Local machine""},{""@Name"":""Execution ID"",""#text"":""1""},{""@Name"":""Execution Name"",""#text"":""Suspended""},{""@Name"":""Type ID"",""#text"":""0""},{""@Name"":""Type Name"",""#text"":""Concrete""},{""@Name"":""Pre Execution Status"",""#text"":""0""},{""@Name"":""Action ID"",""#text"":""9""},{""@Name"":""Action Name"",""#text"":""Not Applicable""},{""@Name"":""Unused4""},{""@Name"":""Error Code"",""#text"":""0x00000000""},{""@Name"":""Error Description"",""#text"":""The operation completed successfully. ""},{""@Name"":""Unused5""},{""@Name"":""Post Clean Status"",""#text"":""0""},{""@Name"":""Additional Actions ID"",""#text"":""0""},{""@Name"":""Additional Actions String"",""#text"":""No additional actions required""},{""@Name"":""Remediation User""},{""@Name"":""Unused6""},{""@Name"":""Security intelligence Version"",""#text"":""AV: 1.383.1419.0, AS: 1.383.1419.0, NIS: 1.383.1419.0""},{""@Name"":""Engine Version"",""#text"":""AM: 1.1.20000.2, NIS: 1.1.20000.2""}]}}"
207,207,2023-03-10 02:41:42.1927699,1116,Warning,Microsoft-Windows-Windows Defender,Microsoft-Windows-Windows Defender/Operational,2080,5052,DESKTOP-887GK2L,5,S-1-5-18,Detection - The antimalware platform detected malware or other potentially unwanted software,Detection User: NT AUTHORITY\SYSTEM,,Malware name: Trojan:Win64/Meterpreter.B,Description: Trojan (Severe),Detection Time: 2023-03-10T02:41:42.061Z,Process (if real-time detection): C:\Windows\System32\svchost.exe,Detection ID: {50A0B301-C9BA-46A1-9113-6F0798F77D61},,file:_C:\Users\CyberJunkie\AppData\Local\Temp\msf.dll,False,C:\Users\turan\Desktop\defense-work-evtx-files\Windows Defender-Operational.evtx,Classic,0,"{""EventData"":{""Data"":[{""@Name"":""Product Name"",""#text"":""Microsoft Defender Antivirus""},{""@Name"":""Product Version"",""#text"":""4.18.2301.6""},{""@Name"":""Detection ID"",""#text"":""{50A0B301-C9BA-46A1-9113-6F0798F77D61}""},{""@Name"":""Detection Time"",""#text"":""2023-03-10T02:41:42.061Z""},{""@Name"":""Unused""},{""@Name"":""Unused2""},{""@Name"":""Threat ID"",""#text"":""2147721790""},{""@Name"":""Threat Name"",""#text"":""Trojan:Win64/Meterpreter.B""},{""@Name"":""Severity ID"",""#text"":""5""},{""@Name"":""Severity Name"",""#text"":""Severe""},{""@Name"":""Category ID"",""#text"":""8""},{""@Name"":""Category Name"",""#text"":""Trojan""},{""@Name"":""FWLink"",""#text"":""https://go.microsoft.com/fwlink/?linkid=37020&amp;name=Trojan:Win64/Meterpreter.B&amp;threatid=2147721790&amp;enterprise=0""},{""@Name"":""Status Code"",""#text"":""1""},{""@Name"":""Status Description""},{""@Name"":""State"",""#text"":""1""},{""@Name"":""Source ID"",""#text"":""3""},{""@Name"":""Source Name"",""#text"":""Real-Time Protection""},{""@Name"":""Process Name"",""#text"":""C:\\Windows\\System32\\svchost.exe""},{""@Name"":""Detection User"",""#text"":""NT AUTHORITY\\SYSTEM""},{""@Name"":""Unused3""},{""@Name"":""Path"",""#text"":""file:_C:\\Users\\CyberJunkie\\AppData\\Local\\Temp\\msf.dll""},{""@Name"":""Origin ID"",""#text"":""1""},{""@Name"":""Origin Name"",""#text"":""Local machine""},{""@Name"":""Execution ID"",""#text"":""1""},{""@Name"":""Execution Name"",""#text"":""Suspended""},{""@Name"":""Type ID"",""#text"":""0""},{""@Name"":""Type Name"",""#text"":""Concrete""},{""@Name"":""Pre Execution Status"",""#text"":""0""},{""@Name"":""Action ID"",""#text"":""9""},{""@Name"":""Action Name"",""#text"":""Not Applicable""},{""@Name"":""Unused4""},{""@Name"":""Error Code"",""#text"":""0x00000000""},{""@Name"":""Error Description"",""#text"":""The operation completed successfully. ""},{""@Name"":""Unused5""},{""@Name"":""Post Clean Status"",""#text"":""0""},{""@Name"":""Additional Actions ID"",""#text"":""0""},{""@Name"":""Additional Actions String"",""#text"":""No additional actions required""},{""@Name"":""Remediation User""},{""@Name"":""Unused6""},{""@Name"":""Security intelligence Version"",""#text"":""AV: 1.383.1419.0, AS: 1.383.1419.0, NIS: 1.383.1419.0""},{""@Name"":""Engine Version"",""#text"":""AM: 1.1.20000.2, NIS: 1.1.20000.2""}]}}"
208,208,2023-03-10 02:41:42.2115927,1117,Info,Microsoft-Windows-Windows Defender,Microsoft-Windows-Windows Defender/Operational,2080,2480,DESKTOP-887GK2L,5,S-1-5-18,Detection - The antimalware platform performed an action to protect your system from malware or other potentially unwanted software,Detection User: NT AUTHORITY\SYSTEM,,Malware name: Trojan:Win64/Meterpreter.B,Description: Trojan (Severe),Detection Time: 2023-03-10T02:41:28.744Z,Process (if real-time detection): C:\Windows\System32\svchost.exe,Detection ID: {607D344F-C5EF-4692-B21A-6DF526EADC88},,file:_C:\Users\CyberJunkie\AppData\Local\Temp\msf.dll,False,C:\Users\turan\Desktop\defense-work-evtx-files\Windows Defender-Operational.evtx,Classic,0,"{""EventData"":{""Data"":[{""@Name"":""Product Name"",""#text"":""Microsoft Defender Antivirus""},{""@Name"":""Product Version"",""#text"":""4.18.2301.6""},{""@Name"":""Detection ID"",""#text"":""{607D344F-C5EF-4692-B21A-6DF526EADC88}""},{""@Name"":""Detection Time"",""#text"":""2023-03-10T02:41:28.744Z""},{""@Name"":""Unused""},{""@Name"":""Unused2""},{""@Name"":""Threat ID"",""#text"":""2147721790""},{""@Name"":""Threat Name"",""#text"":""Trojan:Win64/Meterpreter.B""},{""@Name"":""Severity ID"",""#text"":""5""},{""@Name"":""Severity Name"",""#text"":""Severe""},{""@Name"":""Category ID"",""#text"":""8""},{""@Name"":""Category Name"",""#text"":""Trojan""},{""@Name"":""FWLink"",""#text"":""https://go.microsoft.com/fwlink/?linkid=37020&amp;name=Trojan:Win64/Meterpreter.B&amp;threatid=2147721790&amp;enterprise=0""},{""@Name"":""Status Code"",""#text"":""3""},{""@Name"":""Status Description""},{""@Name"":""State"",""#text"":""3""},{""@Name"":""Source ID"",""#text"":""3""},{""@Name"":""Source Name"",""#text"":""Real-Time Protection""},{""@Name"":""Process Name"",""#text"":""C:\\Windows\\System32\\svchost.exe""},{""@Name"":""Detection User"",""#text"":""NT AUTHORITY\\SYSTEM""},{""@Name"":""Unused3""},{""@Name"":""Path"",""#text"":""file:_C:\\Users\\CyberJunkie\\AppData\\Local\\Temp\\msf.dll""},{""@Name"":""Origin ID"",""#text"":""1""},{""@Name"":""Origin Name"",""#text"":""Local machine""},{""@Name"":""Execution ID"",""#text"":""1""},{""@Name"":""Execution Name"",""#text"":""Suspended""},{""@Name"":""Type ID"",""#text"":""0""},{""@Name"":""Type Name"",""#text"":""Concrete""},{""@Name"":""Pre Execution Status"",""#text"":""0""},{""@Name"":""Action ID"",""#text"":""2""},{""@Name"":""Action Name"",""#text"":""Quarantine""},{""@Name"":""Unused4""},{""@Name"":""Error Code"",""#text"":""0x00000000""},{""@Name"":""Error Description"",""#text"":""The operation completed successfully. ""},{""@Name"":""Unused5""},{""@Name"":""Post Clean Status"",""#text"":""0""},{""@Name"":""Additional Actions ID"",""#text"":""8""},{""@Name"":""Additional Actions String"",""#text"":""To finish removing malware and other potentially unwanted software, restart the device. ""},{""@Name"":""Remediation User"",""#text"":""NT AUTHORITY\\SYSTEM""},{""@Name"":""Unused6""},{""@Name"":""Security intelligence Version"",""#text"":""AV: 1.383.1419.0, AS: 1.383.1419.0, NIS: 1.383.1419.0""},{""@Name"":""Engine Version"",""#text"":""AM: 1.1.20000.2, NIS: 1.1.20000.2""}]}}"
209,209,2023-03-10 02:41:42.2232465,1116,Warning,Microsoft-Windows-Windows Defender,Microsoft-Windows-Windows Defender/Operational,2080,2480,DESKTOP-887GK2L,5,S-1-5-18,Detection - The antimalware platform detected malware or other potentially unwanted software,Detection User: NT AUTHORITY\SYSTEM,,Malware name: Trojan:Win64/Meterpreter.B,Description: Trojan (Severe),Detection Time: 2023-03-10T02:41:42.061Z,Process (if real-time detection): C:\Windows\System32\svchost.exe,Detection ID: {50A0B301-C9BA-46A1-9113-6F0798F77D61},,file:_C:\Users\CyberJunkie\AppData\Local\Temp\msf.dll,False,C:\Users\turan\Desktop\defense-work-evtx-files\Windows Defender-Operational.evtx,Classic,0,"{""EventData"":{""Data"":[{""@Name"":""Product Name"",""#text"":""Microsoft Defender Antivirus""},{""@Name"":""Product Version"",""#text"":""4.18.2301.6""},{""@Name"":""Detection ID"",""#text"":""{50A0B301-C9BA-46A1-9113-6F0798F77D61}""},{""@Name"":""Detection Time"",""#text"":""2023-03-10T02:41:42.061Z""},{""@Name"":""Unused""},{""@Name"":""Unused2""},{""@Name"":""Threat ID"",""#text"":""2147721790""},{""@Name"":""Threat Name"",""#text"":""Trojan:Win64/Meterpreter.B""},{""@Name"":""Severity ID"",""#text"":""5""},{""@Name"":""Severity Name"",""#text"":""Severe""},{""@Name"":""Category ID"",""#text"":""8""},{""@Name"":""Category Name"",""#text"":""Trojan""},{""@Name"":""FWLink"",""#text"":""https://go.microsoft.com/fwlink/?linkid=37020&amp;name=Trojan:Win64/Meterpreter.B&amp;threatid=2147721790&amp;enterprise=0""},{""@Name"":""Status Code"",""#text"":""1""},{""@Name"":""Status Description""},{""@Name"":""State"",""#text"":""1""},{""@Name"":""Source ID"",""#text"":""3""},{""@Name"":""Source Name"",""#text"":""Real-Time Protection""},{""@Name"":""Process Name"",""#text"":""C:\\Windows\\System32\\svchost.exe""},{""@Name"":""Detection User"",""#text"":""NT AUTHORITY\\SYSTEM""},{""@Name"":""Unused3""},{""@Name"":""Path"",""#text"":""file:_C:\\Users\\CyberJunkie\\AppData\\Local\\Temp\\msf.dll""},{""@Name"":""Origin ID"",""#text"":""1""},{""@Name"":""Origin Name"",""#text"":""Local machine""},{""@Name"":""Execution ID"",""#text"":""1""},{""@Name"":""Execution Name"",""#text"":""Suspended""},{""@Name"":""Type ID"",""#text"":""0""},{""@Name"":""Type Name"",""#text"":""Concrete""},{""@Name"":""Pre Execution Status"",""#text"":""0""},{""@Name"":""Action ID"",""#text"":""9""},{""@Name"":""Action Name"",""#text"":""Not Applicable""},{""@Name"":""Unused4""},{""@Name"":""Error Code"",""#text"":""0x00000000""},{""@Name"":""Error Description"",""#text"":""The operation completed successfully. ""},{""@Name"":""Unused5""},{""@Name"":""Post Clean Status"",""#text"":""0""},{""@Name"":""Additional Actions ID"",""#text"":""0""},{""@Name"":""Additional Actions String"",""#text"":""No additional actions required""},{""@Name"":""Remediation User""},{""@Name"":""Unused6""},{""@Name"":""Security intelligence Version"",""#text"":""AV: 1.383.1419.0, AS: 1.383.1419.0, NIS: 1.383.1419.0""},{""@Name"":""Engine Version"",""#text"":""AM: 1.1.20000.2, NIS: 1.1.20000.2""}]}}"
210,210,2023-03-10 02:41:55.4431939,1116,Warning,Microsoft-Windows-Windows Defender,Microsoft-Windows-Windows Defender/Operational,2080,4320,DESKTOP-887GK2L,5,S-1-5-18,Detection - The antimalware platform detected malware or other potentially unwanted software,Detection User: NT AUTHORITY\SYSTEM,,Malware name: Trojan:Win64/Meterpreter.B,Description: Trojan (Severe),Detection Time: 2023-03-10T02:41:55.305Z,Process (if real-time detection): C:\Windows\System32\svchost.exe,Detection ID: {7D687512-30FA-4B3C-AC11-A8ACE9D5BA6C},,file:_C:\Users\CyberJunkie\AppData\Local\Temp\msf.dll,False,C:\Users\turan\Desktop\defense-work-evtx-files\Windows Defender-Operational.evtx,Classic,0,"{""EventData"":{""Data"":[{""@Name"":""Product Name"",""#text"":""Microsoft Defender Antivirus""},{""@Name"":""Product Version"",""#text"":""4.18.2301.6""},{""@Name"":""Detection ID"",""#text"":""{7D687512-30FA-4B3C-AC11-A8ACE9D5BA6C}""},{""@Name"":""Detection Time"",""#text"":""2023-03-10T02:41:55.305Z""},{""@Name"":""Unused""},{""@Name"":""Unused2""},{""@Name"":""Threat ID"",""#text"":""2147721790""},{""@Name"":""Threat Name"",""#text"":""Trojan:Win64/Meterpreter.B""},{""@Name"":""Severity ID"",""#text"":""5""},{""@Name"":""Severity Name"",""#text"":""Severe""},{""@Name"":""Category ID"",""#text"":""8""},{""@Name"":""Category Name"",""#text"":""Trojan""},{""@Name"":""FWLink"",""#text"":""https://go.microsoft.com/fwlink/?linkid=37020&amp;name=Trojan:Win64/Meterpreter.B&amp;threatid=2147721790&amp;enterprise=0""},{""@Name"":""Status Code"",""#text"":""1""},{""@Name"":""Status Description""},{""@Name"":""State"",""#text"":""1""},{""@Name"":""Source ID"",""#text"":""3""},{""@Name"":""Source Name"",""#text"":""Real-Time Protection""},{""@Name"":""Process Name"",""#text"":""C:\\Windows\\System32\\svchost.exe""},{""@Name"":""Detection User"",""#text"":""NT AUTHORITY\\SYSTEM""},{""@Name"":""Unused3""},{""@Name"":""Path"",""#text"":""file:_C:\\Users\\CyberJunkie\\AppData\\Local\\Temp\\msf.dll""},{""@Name"":""Origin ID"",""#text"":""1""},{""@Name"":""Origin Name"",""#text"":""Local machine""},{""@Name"":""Execution ID"",""#text"":""1""},{""@Name"":""Execution Name"",""#text"":""Suspended""},{""@Name"":""Type ID"",""#text"":""0""},{""@Name"":""Type Name"",""#text"":""Concrete""},{""@Name"":""Pre Execution Status"",""#text"":""0""},{""@Name"":""Action ID"",""#text"":""9""},{""@Name"":""Action Name"",""#text"":""Not Applicable""},{""@Name"":""Unused4""},{""@Name"":""Error Code"",""#text"":""0x00000000""},{""@Name"":""Error Description"",""#text"":""The operation completed successfully. ""},{""@Name"":""Unused5""},{""@Name"":""Post Clean Status"",""#text"":""0""},{""@Name"":""Additional Actions ID"",""#text"":""0""},{""@Name"":""Additional Actions String"",""#text"":""No additional actions required""},{""@Name"":""Remediation User""},{""@Name"":""Unused6""},{""@Name"":""Security intelligence Version"",""#text"":""AV: 1.383.1419.0, AS: 1.383.1419.0, NIS: 1.383.1419.0""},{""@Name"":""Engine Version"",""#text"":""AM: 1.1.20000.2, NIS: 1.1.20000.2""}]}}"
211,211,2023-03-10 02:41:55.4607149,1117,Info,Microsoft-Windows-Windows Defender,Microsoft-Windows-Windows Defender/Operational,2080,2480,DESKTOP-887GK2L,5,S-1-5-18,Detection - The antimalware platform performed an action to protect your system from malware or other potentially unwanted software,Detection User: NT AUTHORITY\SYSTEM,,Malware name: Trojan:Win64/Meterpreter.B,Description: Trojan (Severe),Detection Time: 2023-03-10T02:41:42.061Z,Process (if real-time detection): C:\Windows\System32\svchost.exe,Detection ID: {50A0B301-C9BA-46A1-9113-6F0798F77D61},,file:_C:\Users\CyberJunkie\AppData\Local\Temp\msf.dll,False,C:\Users\turan\Desktop\defense-work-evtx-files\Windows Defender-Operational.evtx,Classic,0,"{""EventData"":{""Data"":[{""@Name"":""Product Name"",""#text"":""Microsoft Defender Antivirus""},{""@Name"":""Product Version"",""#text"":""4.18.2301.6""},{""@Name"":""Detection ID"",""#text"":""{50A0B301-C9BA-46A1-9113-6F0798F77D61}""},{""@Name"":""Detection Time"",""#text"":""2023-03-10T02:41:42.061Z""},{""@Name"":""Unused""},{""@Name"":""Unused2""},{""@Name"":""Threat ID"",""#text"":""2147721790""},{""@Name"":""Threat Name"",""#text"":""Trojan:Win64/Meterpreter.B""},{""@Name"":""Severity ID"",""#text"":""5""},{""@Name"":""Severity Name"",""#text"":""Severe""},{""@Name"":""Category ID"",""#text"":""8""},{""@Name"":""Category Name"",""#text"":""Trojan""},{""@Name"":""FWLink"",""#text"":""https://go.microsoft.com/fwlink/?linkid=37020&amp;name=Trojan:Win64/Meterpreter.B&amp;threatid=2147721790&amp;enterprise=0""},{""@Name"":""Status Code"",""#text"":""3""},{""@Name"":""Status Description""},{""@Name"":""State"",""#text"":""3""},{""@Name"":""Source ID"",""#text"":""3""},{""@Name"":""Source Name"",""#text"":""Real-Time Protection""},{""@Name"":""Process Name"",""#text"":""C:\\Windows\\System32\\svchost.exe""},{""@Name"":""Detection User"",""#text"":""NT AUTHORITY\\SYSTEM""},{""@Name"":""Unused3""},{""@Name"":""Path"",""#text"":""file:_C:\\Users\\CyberJunkie\\AppData\\Local\\Temp\\msf.dll""},{""@Name"":""Origin ID"",""#text"":""1""},{""@Name"":""Origin Name"",""#text"":""Local machine""},{""@Name"":""Execution ID"",""#text"":""1""},{""@Name"":""Execution Name"",""#text"":""Suspended""},{""@Name"":""Type ID"",""#text"":""0""},{""@Name"":""Type Name"",""#text"":""Concrete""},{""@Name"":""Pre Execution Status"",""#text"":""0""},{""@Name"":""Action ID"",""#text"":""2""},{""@Name"":""Action Name"",""#text"":""Quarantine""},{""@Name"":""Unused4""},{""@Name"":""Error Code"",""#text"":""0x00000000""},{""@Name"":""Error Description"",""#text"":""The operation completed successfully. ""},{""@Name"":""Unused5""},{""@Name"":""Post Clean Status"",""#text"":""0""},{""@Name"":""Additional Actions ID"",""#text"":""8""},{""@Name"":""Additional Actions String"",""#text"":""To finish removing malware and other potentially unwanted software, restart the device. ""},{""@Name"":""Remediation User"",""#text"":""NT AUTHORITY\\SYSTEM""},{""@Name"":""Unused6""},{""@Name"":""Security intelligence Version"",""#text"":""AV: 1.383.1419.0, AS: 1.383.1419.0, NIS: 1.383.1419.0""},{""@Name"":""Engine Version"",""#text"":""AM: 1.1.20000.2, NIS: 1.1.20000.2""}]}}"
212,212,2023-03-10 02:41:55.4707422,1116,Warning,Microsoft-Windows-Windows Defender,Microsoft-Windows-Windows Defender/Operational,2080,2480,DESKTOP-887GK2L,5,S-1-5-18,Detection - The antimalware platform detected malware or other potentially unwanted software,Detection User: NT AUTHORITY\SYSTEM,,Malware name: Trojan:Win64/Meterpreter.B,Description: Trojan (Severe),Detection Time: 2023-03-10T02:41:55.305Z,Process (if real-time detection): C:\Windows\System32\svchost.exe,Detection ID: {7D687512-30FA-4B3C-AC11-A8ACE9D5BA6C},,file:_C:\Users\CyberJunkie\AppData\Local\Temp\msf.dll,False,C:\Users\turan\Desktop\defense-work-evtx-files\Windows Defender-Operational.evtx,Classic,0,"{""EventData"":{""Data"":[{""@Name"":""Product Name"",""#text"":""Microsoft Defender Antivirus""},{""@Name"":""Product Version"",""#text"":""4.18.2301.6""},{""@Name"":""Detection ID"",""#text"":""{7D687512-30FA-4B3C-AC11-A8ACE9D5BA6C}""},{""@Name"":""Detection Time"",""#text"":""2023-03-10T02:41:55.305Z""},{""@Name"":""Unused""},{""@Name"":""Unused2""},{""@Name"":""Threat ID"",""#text"":""2147721790""},{""@Name"":""Threat Name"",""#text"":""Trojan:Win64/Meterpreter.B""},{""@Name"":""Severity ID"",""#text"":""5""},{""@Name"":""Severity Name"",""#text"":""Severe""},{""@Name"":""Category ID"",""#text"":""8""},{""@Name"":""Category Name"",""#text"":""Trojan""},{""@Name"":""FWLink"",""#text"":""https://go.microsoft.com/fwlink/?linkid=37020&amp;name=Trojan:Win64/Meterpreter.B&amp;threatid=2147721790&amp;enterprise=0""},{""@Name"":""Status Code"",""#text"":""1""},{""@Name"":""Status Description""},{""@Name"":""State"",""#text"":""1""},{""@Name"":""Source ID"",""#text"":""3""},{""@Name"":""Source Name"",""#text"":""Real-Time Protection""},{""@Name"":""Process Name"",""#text"":""C:\\Windows\\System32\\svchost.exe""},{""@Name"":""Detection User"",""#text"":""NT AUTHORITY\\SYSTEM""},{""@Name"":""Unused3""},{""@Name"":""Path"",""#text"":""file:_C:\\Users\\CyberJunkie\\AppData\\Local\\Temp\\msf.dll""},{""@Name"":""Origin ID"",""#text"":""1""},{""@Name"":""Origin Name"",""#text"":""Local machine""},{""@Name"":""Execution ID"",""#text"":""1""},{""@Name"":""Execution Name"",""#text"":""Suspended""},{""@Name"":""Type ID"",""#text"":""0""},{""@Name"":""Type Name"",""#text"":""Concrete""},{""@Name"":""Pre Execution Status"",""#text"":""0""},{""@Name"":""Action ID"",""#text"":""9""},{""@Name"":""Action Name"",""#text"":""Not Applicable""},{""@Name"":""Unused4""},{""@Name"":""Error Code"",""#text"":""0x00000000""},{""@Name"":""Error Description"",""#text"":""The operation completed successfully. ""},{""@Name"":""Unused5""},{""@Name"":""Post Clean Status"",""#text"":""0""},{""@Name"":""Additional Actions ID"",""#text"":""0""},{""@Name"":""Additional Actions String"",""#text"":""No additional actions required""},{""@Name"":""Remediation User""},{""@Name"":""Unused6""},{""@Name"":""Security intelligence Version"",""#text"":""AV: 1.383.1419.0, AS: 1.383.1419.0, NIS: 1.383.1419.0""},{""@Name"":""Engine Version"",""#text"":""AM: 1.1.20000.2, NIS: 1.1.20000.2""}]}}"
213,213,2023-03-10 02:42:09.0811275,1116,Warning,Microsoft-Windows-Windows Defender,Microsoft-Windows-Windows Defender/Operational,2080,7776,DESKTOP-887GK2L,5,S-1-5-18,Detection - The antimalware platform detected malware or other potentially unwanted software,Detection User: NT AUTHORITY\SYSTEM,,Malware name: Trojan:Win64/Meterpreter.B,Description: Trojan (Severe),Detection Time: 2023-03-10T02:42:08.953Z,Process (if real-time detection): C:\Windows\System32\svchost.exe,Detection ID: {79C824FF-A3BB-41EB-896D-26C068230FD1},,file:_C:\Users\CyberJunkie\AppData\Local\Temp\msf.dll,False,C:\Users\turan\Desktop\defense-work-evtx-files\Windows Defender-Operational.evtx,Classic,0,"{""EventData"":{""Data"":[{""@Name"":""Product Name"",""#text"":""Microsoft Defender Antivirus""},{""@Name"":""Product Version"",""#text"":""4.18.2301.6""},{""@Name"":""Detection ID"",""#text"":""{79C824FF-A3BB-41EB-896D-26C068230FD1}""},{""@Name"":""Detection Time"",""#text"":""2023-03-10T02:42:08.953Z""},{""@Name"":""Unused""},{""@Name"":""Unused2""},{""@Name"":""Threat ID"",""#text"":""2147721790""},{""@Name"":""Threat Name"",""#text"":""Trojan:Win64/Meterpreter.B""},{""@Name"":""Severity ID"",""#text"":""5""},{""@Name"":""Severity Name"",""#text"":""Severe""},{""@Name"":""Category ID"",""#text"":""8""},{""@Name"":""Category Name"",""#text"":""Trojan""},{""@Name"":""FWLink"",""#text"":""https://go.microsoft.com/fwlink/?linkid=37020&amp;name=Trojan:Win64/Meterpreter.B&amp;threatid=2147721790&amp;enterprise=0""},{""@Name"":""Status Code"",""#text"":""1""},{""@Name"":""Status Description""},{""@Name"":""State"",""#text"":""1""},{""@Name"":""Source ID"",""#text"":""3""},{""@Name"":""Source Name"",""#text"":""Real-Time Protection""},{""@Name"":""Process Name"",""#text"":""C:\\Windows\\System32\\svchost.exe""},{""@Name"":""Detection User"",""#text"":""NT AUTHORITY\\SYSTEM""},{""@Name"":""Unused3""},{""@Name"":""Path"",""#text"":""file:_C:\\Users\\CyberJunkie\\AppData\\Local\\Temp\\msf.dll""},{""@Name"":""Origin ID"",""#text"":""1""},{""@Name"":""Origin Name"",""#text"":""Local machine""},{""@Name"":""Execution ID"",""#text"":""1""},{""@Name"":""Execution Name"",""#text"":""Suspended""},{""@Name"":""Type ID"",""#text"":""0""},{""@Name"":""Type Name"",""#text"":""Concrete""},{""@Name"":""Pre Execution Status"",""#text"":""0""},{""@Name"":""Action ID"",""#text"":""9""},{""@Name"":""Action Name"",""#text"":""Not Applicable""},{""@Name"":""Unused4""},{""@Name"":""Error Code"",""#text"":""0x00000000""},{""@Name"":""Error Description"",""#text"":""The operation completed successfully. ""},{""@Name"":""Unused5""},{""@Name"":""Post Clean Status"",""#text"":""0""},{""@Name"":""Additional Actions ID"",""#text"":""0""},{""@Name"":""Additional Actions String"",""#text"":""No additional actions required""},{""@Name"":""Remediation User""},{""@Name"":""Unused6""},{""@Name"":""Security intelligence Version"",""#text"":""AV: 1.383.1419.0, AS: 1.383.1419.0, NIS: 1.383.1419.0""},{""@Name"":""Engine Version"",""#text"":""AM: 1.1.20000.2, NIS: 1.1.20000.2""}]}}"
214,214,2023-03-10 02:42:09.0988632,1117,Info,Microsoft-Windows-Windows Defender,Microsoft-Windows-Windows Defender/Operational,2080,2480,DESKTOP-887GK2L,5,S-1-5-18,Detection - The antimalware platform performed an action to protect your system from malware or other potentially unwanted software,Detection User: NT AUTHORITY\SYSTEM,,Malware name: Trojan:Win64/Meterpreter.B,Description: Trojan (Severe),Detection Time: 2023-03-10T02:41:55.305Z,Process (if real-time detection): C:\Windows\System32\svchost.exe,Detection ID: {7D687512-30FA-4B3C-AC11-A8ACE9D5BA6C},,file:_C:\Users\CyberJunkie\AppData\Local\Temp\msf.dll,False,C:\Users\turan\Desktop\defense-work-evtx-files\Windows Defender-Operational.evtx,Classic,0,"{""EventData"":{""Data"":[{""@Name"":""Product Name"",""#text"":""Microsoft Defender Antivirus""},{""@Name"":""Product Version"",""#text"":""4.18.2301.6""},{""@Name"":""Detection ID"",""#text"":""{7D687512-30FA-4B3C-AC11-A8ACE9D5BA6C}""},{""@Name"":""Detection Time"",""#text"":""2023-03-10T02:41:55.305Z""},{""@Name"":""Unused""},{""@Name"":""Unused2""},{""@Name"":""Threat ID"",""#text"":""2147721790""},{""@Name"":""Threat Name"",""#text"":""Trojan:Win64/Meterpreter.B""},{""@Name"":""Severity ID"",""#text"":""5""},{""@Name"":""Severity Name"",""#text"":""Severe""},{""@Name"":""Category ID"",""#text"":""8""},{""@Name"":""Category Name"",""#text"":""Trojan""},{""@Name"":""FWLink"",""#text"":""https://go.microsoft.com/fwlink/?linkid=37020&amp;name=Trojan:Win64/Meterpreter.B&amp;threatid=2147721790&amp;enterprise=0""},{""@Name"":""Status Code"",""#text"":""3""},{""@Name"":""Status Description""},{""@Name"":""State"",""#text"":""3""},{""@Name"":""Source ID"",""#text"":""3""},{""@Name"":""Source Name"",""#text"":""Real-Time Protection""},{""@Name"":""Process Name"",""#text"":""C:\\Windows\\System32\\svchost.exe""},{""@Name"":""Detection User"",""#text"":""NT AUTHORITY\\SYSTEM""},{""@Name"":""Unused3""},{""@Name"":""Path"",""#text"":""file:_C:\\Users\\CyberJunkie\\AppData\\Local\\Temp\\msf.dll""},{""@Name"":""Origin ID"",""#text"":""1""},{""@Name"":""Origin Name"",""#text"":""Local machine""},{""@Name"":""Execution ID"",""#text"":""1""},{""@Name"":""Execution Name"",""#text"":""Suspended""},{""@Name"":""Type ID"",""#text"":""0""},{""@Name"":""Type Name"",""#text"":""Concrete""},{""@Name"":""Pre Execution Status"",""#text"":""0""},{""@Name"":""Action ID"",""#text"":""2""},{""@Name"":""Action Name"",""#text"":""Quarantine""},{""@Name"":""Unused4""},{""@Name"":""Error Code"",""#text"":""0x00000000""},{""@Name"":""Error Description"",""#text"":""The operation completed successfully. ""},{""@Name"":""Unused5""},{""@Name"":""Post Clean Status"",""#text"":""0""},{""@Name"":""Additional Actions ID"",""#text"":""8""},{""@Name"":""Additional Actions String"",""#text"":""To finish removing malware and other potentially unwanted software, restart the device. ""},{""@Name"":""Remediation User"",""#text"":""NT AUTHORITY\\SYSTEM""},{""@Name"":""Unused6""},{""@Name"":""Security intelligence Version"",""#text"":""AV: 1.383.1419.0, AS: 1.383.1419.0, NIS: 1.383.1419.0""},{""@Name"":""Engine Version"",""#text"":""AM: 1.1.20000.2, NIS: 1.1.20000.2""}]}}"
215,215,2023-03-10 02:42:09.1047714,1116,Warning,Microsoft-Windows-Windows Defender,Microsoft-Windows-Windows Defender/Operational,2080,2480,DESKTOP-887GK2L,5,S-1-5-18,Detection - The antimalware platform detected malware or other potentially unwanted software,Detection User: NT AUTHORITY\SYSTEM,,Malware name: Trojan:Win64/Meterpreter.B,Description: Trojan (Severe),Detection Time: 2023-03-10T02:42:08.953Z,Process (if real-time detection): C:\Windows\System32\svchost.exe,Detection ID: {79C824FF-A3BB-41EB-896D-26C068230FD1},,file:_C:\Users\CyberJunkie\AppData\Local\Temp\msf.dll,False,C:\Users\turan\Desktop\defense-work-evtx-files\Windows Defender-Operational.evtx,Classic,0,"{""EventData"":{""Data"":[{""@Name"":""Product Name"",""#text"":""Microsoft Defender Antivirus""},{""@Name"":""Product Version"",""#text"":""4.18.2301.6""},{""@Name"":""Detection ID"",""#text"":""{79C824FF-A3BB-41EB-896D-26C068230FD1}""},{""@Name"":""Detection Time"",""#text"":""2023-03-10T02:42:08.953Z""},{""@Name"":""Unused""},{""@Name"":""Unused2""},{""@Name"":""Threat ID"",""#text"":""2147721790""},{""@Name"":""Threat Name"",""#text"":""Trojan:Win64/Meterpreter.B""},{""@Name"":""Severity ID"",""#text"":""5""},{""@Name"":""Severity Name"",""#text"":""Severe""},{""@Name"":""Category ID"",""#text"":""8""},{""@Name"":""Category Name"",""#text"":""Trojan""},{""@Name"":""FWLink"",""#text"":""https://go.microsoft.com/fwlink/?linkid=37020&amp;name=Trojan:Win64/Meterpreter.B&amp;threatid=2147721790&amp;enterprise=0""},{""@Name"":""Status Code"",""#text"":""1""},{""@Name"":""Status Description""},{""@Name"":""State"",""#text"":""1""},{""@Name"":""Source ID"",""#text"":""3""},{""@Name"":""Source Name"",""#text"":""Real-Time Protection""},{""@Name"":""Process Name"",""#text"":""C:\\Windows\\System32\\svchost.exe""},{""@Name"":""Detection User"",""#text"":""NT AUTHORITY\\SYSTEM""},{""@Name"":""Unused3""},{""@Name"":""Path"",""#text"":""file:_C:\\Users\\CyberJunkie\\AppData\\Local\\Temp\\msf.dll""},{""@Name"":""Origin ID"",""#text"":""1""},{""@Name"":""Origin Name"",""#text"":""Local machine""},{""@Name"":""Execution ID"",""#text"":""1""},{""@Name"":""Execution Name"",""#text"":""Suspended""},{""@Name"":""Type ID"",""#text"":""0""},{""@Name"":""Type Name"",""#text"":""Concrete""},{""@Name"":""Pre Execution Status"",""#text"":""0""},{""@Name"":""Action ID"",""#text"":""9""},{""@Name"":""Action Name"",""#text"":""Not Applicable""},{""@Name"":""Unused4""},{""@Name"":""Error Code"",""#text"":""0x00000000""},{""@Name"":""Error Description"",""#text"":""The operation completed successfully. ""},{""@Name"":""Unused5""},{""@Name"":""Post Clean Status"",""#text"":""0""},{""@Name"":""Additional Actions ID"",""#text"":""0""},{""@Name"":""Additional Actions String"",""#text"":""No additional actions required""},{""@Name"":""Remediation User""},{""@Name"":""Unused6""},{""@Name"":""Security intelligence Version"",""#text"":""AV: 1.383.1419.0, AS: 1.383.1419.0, NIS: 1.383.1419.0""},{""@Name"":""Engine Version"",""#text"":""AM: 1.1.20000.2, NIS: 1.1.20000.2""}]}}"
216,216,2023-03-10 02:42:22.7103248,1116,Warning,Microsoft-Windows-Windows Defender,Microsoft-Windows-Windows Defender/Operational,2080,5052,DESKTOP-887GK2L,5,S-1-5-18,Detection - The antimalware platform detected malware or other potentially unwanted software,Detection User: NT AUTHORITY\SYSTEM,,Malware name: Trojan:Win64/Meterpreter.B,Description: Trojan (Severe),Detection Time: 2023-03-10T02:42:22.570Z,Process (if real-time detection): C:\Windows\System32\svchost.exe,Detection ID: {2C9FC7D3-E498-4CE3-8922-DCB1C2B9D1ED},,file:_C:\Users\CyberJunkie\AppData\Local\Temp\msf.dll,False,C:\Users\turan\Desktop\defense-work-evtx-files\Windows Defender-Operational.evtx,Classic,0,"{""EventData"":{""Data"":[{""@Name"":""Product Name"",""#text"":""Microsoft Defender Antivirus""},{""@Name"":""Product Version"",""#text"":""4.18.2301.6""},{""@Name"":""Detection ID"",""#text"":""{2C9FC7D3-E498-4CE3-8922-DCB1C2B9D1ED}""},{""@Name"":""Detection Time"",""#text"":""2023-03-10T02:42:22.570Z""},{""@Name"":""Unused""},{""@Name"":""Unused2""},{""@Name"":""Threat ID"",""#text"":""2147721790""},{""@Name"":""Threat Name"",""#text"":""Trojan:Win64/Meterpreter.B""},{""@Name"":""Severity ID"",""#text"":""5""},{""@Name"":""Severity Name"",""#text"":""Severe""},{""@Name"":""Category ID"",""#text"":""8""},{""@Name"":""Category Name"",""#text"":""Trojan""},{""@Name"":""FWLink"",""#text"":""https://go.microsoft.com/fwlink/?linkid=37020&amp;name=Trojan:Win64/Meterpreter.B&amp;threatid=2147721790&amp;enterprise=0""},{""@Name"":""Status Code"",""#text"":""1""},{""@Name"":""Status Description""},{""@Name"":""State"",""#text"":""1""},{""@Name"":""Source ID"",""#text"":""3""},{""@Name"":""Source Name"",""#text"":""Real-Time Protection""},{""@Name"":""Process Name"",""#text"":""C:\\Windows\\System32\\svchost.exe""},{""@Name"":""Detection User"",""#text"":""NT AUTHORITY\\SYSTEM""},{""@Name"":""Unused3""},{""@Name"":""Path"",""#text"":""file:_C:\\Users\\CyberJunkie\\AppData\\Local\\Temp\\msf.dll""},{""@Name"":""Origin ID"",""#text"":""1""},{""@Name"":""Origin Name"",""#text"":""Local machine""},{""@Name"":""Execution ID"",""#text"":""1""},{""@Name"":""Execution Name"",""#text"":""Suspended""},{""@Name"":""Type ID"",""#text"":""0""},{""@Name"":""Type Name"",""#text"":""Concrete""},{""@Name"":""Pre Execution Status"",""#text"":""0""},{""@Name"":""Action ID"",""#text"":""9""},{""@Name"":""Action Name"",""#text"":""Not Applicable""},{""@Name"":""Unused4""},{""@Name"":""Error Code"",""#text"":""0x00000000""},{""@Name"":""Error Description"",""#text"":""The operation completed successfully. ""},{""@Name"":""Unused5""},{""@Name"":""Post Clean Status"",""#text"":""0""},{""@Name"":""Additional Actions ID"",""#text"":""0""},{""@Name"":""Additional Actions String"",""#text"":""No additional actions required""},{""@Name"":""Remediation User""},{""@Name"":""Unused6""},{""@Name"":""Security intelligence Version"",""#text"":""AV: 1.383.1419.0, AS: 1.383.1419.0, NIS: 1.383.1419.0""},{""@Name"":""Engine Version"",""#text"":""AM: 1.1.20000.2, NIS: 1.1.20000.2""}]}}"
217,217,2023-03-10 02:42:22.7282844,1117,Info,Microsoft-Windows-Windows Defender,Microsoft-Windows-Windows Defender/Operational,2080,2480,DESKTOP-887GK2L,5,S-1-5-18,Detection - The antimalware platform performed an action to protect your system from malware or other potentially unwanted software,Detection User: NT AUTHORITY\SYSTEM,,Malware name: Trojan:Win64/Meterpreter.B,Description: Trojan (Severe),Detection Time: 2023-03-10T02:42:08.953Z,Process (if real-time detection): C:\Windows\System32\svchost.exe,Detection ID: {79C824FF-A3BB-41EB-896D-26C068230FD1},,file:_C:\Users\CyberJunkie\AppData\Local\Temp\msf.dll,False,C:\Users\turan\Desktop\defense-work-evtx-files\Windows Defender-Operational.evtx,Classic,0,"{""EventData"":{""Data"":[{""@Name"":""Product Name"",""#text"":""Microsoft Defender Antivirus""},{""@Name"":""Product Version"",""#text"":""4.18.2301.6""},{""@Name"":""Detection ID"",""#text"":""{79C824FF-A3BB-41EB-896D-26C068230FD1}""},{""@Name"":""Detection Time"",""#text"":""2023-03-10T02:42:08.953Z""},{""@Name"":""Unused""},{""@Name"":""Unused2""},{""@Name"":""Threat ID"",""#text"":""2147721790""},{""@Name"":""Threat Name"",""#text"":""Trojan:Win64/Meterpreter.B""},{""@Name"":""Severity ID"",""#text"":""5""},{""@Name"":""Severity Name"",""#text"":""Severe""},{""@Name"":""Category ID"",""#text"":""8""},{""@Name"":""Category Name"",""#text"":""Trojan""},{""@Name"":""FWLink"",""#text"":""https://go.microsoft.com/fwlink/?linkid=37020&amp;name=Trojan:Win64/Meterpreter.B&amp;threatid=2147721790&amp;enterprise=0""},{""@Name"":""Status Code"",""#text"":""3""},{""@Name"":""Status Description""},{""@Name"":""State"",""#text"":""3""},{""@Name"":""Source ID"",""#text"":""3""},{""@Name"":""Source Name"",""#text"":""Real-Time Protection""},{""@Name"":""Process Name"",""#text"":""C:\\Windows\\System32\\svchost.exe""},{""@Name"":""Detection User"",""#text"":""NT AUTHORITY\\SYSTEM""},{""@Name"":""Unused3""},{""@Name"":""Path"",""#text"":""file:_C:\\Users\\CyberJunkie\\AppData\\Local\\Temp\\msf.dll""},{""@Name"":""Origin ID"",""#text"":""1""},{""@Name"":""Origin Name"",""#text"":""Local machine""},{""@Name"":""Execution ID"",""#text"":""1""},{""@Name"":""Execution Name"",""#text"":""Suspended""},{""@Name"":""Type ID"",""#text"":""0""},{""@Name"":""Type Name"",""#text"":""Concrete""},{""@Name"":""Pre Execution Status"",""#text"":""0""},{""@Name"":""Action ID"",""#text"":""2""},{""@Name"":""Action Name"",""#text"":""Quarantine""},{""@Name"":""Unused4""},{""@Name"":""Error Code"",""#text"":""0x00000000""},{""@Name"":""Error Description"",""#text"":""The operation completed successfully. ""},{""@Name"":""Unused5""},{""@Name"":""Post Clean Status"",""#text"":""0""},{""@Name"":""Additional Actions ID"",""#text"":""8""},{""@Name"":""Additional Actions String"",""#text"":""To finish removing malware and other potentially unwanted software, restart the device. ""},{""@Name"":""Remediation User"",""#text"":""NT AUTHORITY\\SYSTEM""},{""@Name"":""Unused6""},{""@Name"":""Security intelligence Version"",""#text"":""AV: 1.383.1419.0, AS: 1.383.1419.0, NIS: 1.383.1419.0""},{""@Name"":""Engine Version"",""#text"":""AM: 1.1.20000.2, NIS: 1.1.20000.2""}]}}"
218,218,2023-03-10 02:42:22.7391993,1116,Warning,Microsoft-Windows-Windows Defender,Microsoft-Windows-Windows Defender/Operational,2080,2480,DESKTOP-887GK2L,5,S-1-5-18,Detection - The antimalware platform detected malware or other potentially unwanted software,Detection User: NT AUTHORITY\SYSTEM,,Malware name: Trojan:Win64/Meterpreter.B,Description: Trojan (Severe),Detection Time: 2023-03-10T02:42:22.570Z,Process (if real-time detection): C:\Windows\System32\svchost.exe,Detection ID: {2C9FC7D3-E498-4CE3-8922-DCB1C2B9D1ED},,file:_C:\Users\CyberJunkie\AppData\Local\Temp\msf.dll,False,C:\Users\turan\Desktop\defense-work-evtx-files\Windows Defender-Operational.evtx,Classic,0,"{""EventData"":{""Data"":[{""@Name"":""Product Name"",""#text"":""Microsoft Defender Antivirus""},{""@Name"":""Product Version"",""#text"":""4.18.2301.6""},{""@Name"":""Detection ID"",""#text"":""{2C9FC7D3-E498-4CE3-8922-DCB1C2B9D1ED}""},{""@Name"":""Detection Time"",""#text"":""2023-03-10T02:42:22.570Z""},{""@Name"":""Unused""},{""@Name"":""Unused2""},{""@Name"":""Threat ID"",""#text"":""2147721790""},{""@Name"":""Threat Name"",""#text"":""Trojan:Win64/Meterpreter.B""},{""@Name"":""Severity ID"",""#text"":""5""},{""@Name"":""Severity Name"",""#text"":""Severe""},{""@Name"":""Category ID"",""#text"":""8""},{""@Name"":""Category Name"",""#text"":""Trojan""},{""@Name"":""FWLink"",""#text"":""https://go.microsoft.com/fwlink/?linkid=37020&amp;name=Trojan:Win64/Meterpreter.B&amp;threatid=2147721790&amp;enterprise=0""},{""@Name"":""Status Code"",""#text"":""1""},{""@Name"":""Status Description""},{""@Name"":""State"",""#text"":""1""},{""@Name"":""Source ID"",""#text"":""3""},{""@Name"":""Source Name"",""#text"":""Real-Time Protection""},{""@Name"":""Process Name"",""#text"":""C:\\Windows\\System32\\svchost.exe""},{""@Name"":""Detection User"",""#text"":""NT AUTHORITY\\SYSTEM""},{""@Name"":""Unused3""},{""@Name"":""Path"",""#text"":""file:_C:\\Users\\CyberJunkie\\AppData\\Local\\Temp\\msf.dll""},{""@Name"":""Origin ID"",""#text"":""1""},{""@Name"":""Origin Name"",""#text"":""Local machine""},{""@Name"":""Execution ID"",""#text"":""1""},{""@Name"":""Execution Name"",""#text"":""Suspended""},{""@Name"":""Type ID"",""#text"":""0""},{""@Name"":""Type Name"",""#text"":""Concrete""},{""@Name"":""Pre Execution Status"",""#text"":""0""},{""@Name"":""Action ID"",""#text"":""9""},{""@Name"":""Action Name"",""#text"":""Not Applicable""},{""@Name"":""Unused4""},{""@Name"":""Error Code"",""#text"":""0x00000000""},{""@Name"":""Error Description"",""#text"":""The operation completed successfully. ""},{""@Name"":""Unused5""},{""@Name"":""Post Clean Status"",""#text"":""0""},{""@Name"":""Additional Actions ID"",""#text"":""0""},{""@Name"":""Additional Actions String"",""#text"":""No additional actions required""},{""@Name"":""Remediation User""},{""@Name"":""Unused6""},{""@Name"":""Security intelligence Version"",""#text"":""AV: 1.383.1419.0, AS: 1.383.1419.0, NIS: 1.383.1419.0""},{""@Name"":""Engine Version"",""#text"":""AM: 1.1.20000.2, NIS: 1.1.20000.2""}]}}"
219,219,2023-03-10 02:42:36.5769534,1116,Warning,Microsoft-Windows-Windows Defender,Microsoft-Windows-Windows Defender/Operational,2080,8544,DESKTOP-887GK2L,5,S-1-5-18,Detection - The antimalware platform detected malware or other potentially unwanted software,Detection User: NT AUTHORITY\SYSTEM,,Malware name: Trojan:Win64/Meterpreter.B,Description: Trojan (Severe),Detection Time: 2023-03-10T02:42:36.434Z,Process (if real-time detection): C:\Windows\System32\svchost.exe,Detection ID: {412D2D7E-769E-4C3E-A447-DA8868F521D1},,file:_C:\Users\CyberJunkie\AppData\Local\Temp\msf.dll,False,C:\Users\turan\Desktop\defense-work-evtx-files\Windows Defender-Operational.evtx,Classic,0,"{""EventData"":{""Data"":[{""@Name"":""Product Name"",""#text"":""Microsoft Defender Antivirus""},{""@Name"":""Product Version"",""#text"":""4.18.2301.6""},{""@Name"":""Detection ID"",""#text"":""{412D2D7E-769E-4C3E-A447-DA8868F521D1}""},{""@Name"":""Detection Time"",""#text"":""2023-03-10T02:42:36.434Z""},{""@Name"":""Unused""},{""@Name"":""Unused2""},{""@Name"":""Threat ID"",""#text"":""2147721790""},{""@Name"":""Threat Name"",""#text"":""Trojan:Win64/Meterpreter.B""},{""@Name"":""Severity ID"",""#text"":""5""},{""@Name"":""Severity Name"",""#text"":""Severe""},{""@Name"":""Category ID"",""#text"":""8""},{""@Name"":""Category Name"",""#text"":""Trojan""},{""@Name"":""FWLink"",""#text"":""https://go.microsoft.com/fwlink/?linkid=37020&amp;name=Trojan:Win64/Meterpreter.B&amp;threatid=2147721790&amp;enterprise=0""},{""@Name"":""Status Code"",""#text"":""1""},{""@Name"":""Status Description""},{""@Name"":""State"",""#text"":""1""},{""@Name"":""Source ID"",""#text"":""3""},{""@Name"":""Source Name"",""#text"":""Real-Time Protection""},{""@Name"":""Process Name"",""#text"":""C:\\Windows\\System32\\svchost.exe""},{""@Name"":""Detection User"",""#text"":""NT AUTHORITY\\SYSTEM""},{""@Name"":""Unused3""},{""@Name"":""Path"",""#text"":""file:_C:\\Users\\CyberJunkie\\AppData\\Local\\Temp\\msf.dll""},{""@Name"":""Origin ID"",""#text"":""1""},{""@Name"":""Origin Name"",""#text"":""Local machine""},{""@Name"":""Execution ID"",""#text"":""1""},{""@Name"":""Execution Name"",""#text"":""Suspended""},{""@Name"":""Type ID"",""#text"":""0""},{""@Name"":""Type Name"",""#text"":""Concrete""},{""@Name"":""Pre Execution Status"",""#text"":""0""},{""@Name"":""Action ID"",""#text"":""9""},{""@Name"":""Action Name"",""#text"":""Not Applicable""},{""@Name"":""Unused4""},{""@Name"":""Error Code"",""#text"":""0x00000000""},{""@Name"":""Error Description"",""#text"":""The operation completed successfully. ""},{""@Name"":""Unused5""},{""@Name"":""Post Clean Status"",""#text"":""0""},{""@Name"":""Additional Actions ID"",""#text"":""0""},{""@Name"":""Additional Actions String"",""#text"":""No additional actions required""},{""@Name"":""Remediation User""},{""@Name"":""Unused6""},{""@Name"":""Security intelligence Version"",""#text"":""AV: 1.383.1419.0, AS: 1.383.1419.0, NIS: 1.383.1419.0""},{""@Name"":""Engine Version"",""#text"":""AM: 1.1.20000.2, NIS: 1.1.20000.2""}]}}"
220,220,2023-03-10 02:42:36.5939988,1117,Info,Microsoft-Windows-Windows Defender,Microsoft-Windows-Windows Defender/Operational,2080,2480,DESKTOP-887GK2L,5,S-1-5-18,Detection - The antimalware platform performed an action to protect your system from malware or other potentially unwanted software,Detection User: NT AUTHORITY\SYSTEM,,Malware name: Trojan:Win64/Meterpreter.B,Description: Trojan (Severe),Detection Time: 2023-03-10T02:42:22.570Z,Process (if real-time detection): C:\Windows\System32\svchost.exe,Detection ID: {2C9FC7D3-E498-4CE3-8922-DCB1C2B9D1ED},,file:_C:\Users\CyberJunkie\AppData\Local\Temp\msf.dll,False,C:\Users\turan\Desktop\defense-work-evtx-files\Windows Defender-Operational.evtx,Classic,0,"{""EventData"":{""Data"":[{""@Name"":""Product Name"",""#text"":""Microsoft Defender Antivirus""},{""@Name"":""Product Version"",""#text"":""4.18.2301.6""},{""@Name"":""Detection ID"",""#text"":""{2C9FC7D3-E498-4CE3-8922-DCB1C2B9D1ED}""},{""@Name"":""Detection Time"",""#text"":""2023-03-10T02:42:22.570Z""},{""@Name"":""Unused""},{""@Name"":""Unused2""},{""@Name"":""Threat ID"",""#text"":""2147721790""},{""@Name"":""Threat Name"",""#text"":""Trojan:Win64/Meterpreter.B""},{""@Name"":""Severity ID"",""#text"":""5""},{""@Name"":""Severity Name"",""#text"":""Severe""},{""@Name"":""Category ID"",""#text"":""8""},{""@Name"":""Category Name"",""#text"":""Trojan""},{""@Name"":""FWLink"",""#text"":""https://go.microsoft.com/fwlink/?linkid=37020&amp;name=Trojan:Win64/Meterpreter.B&amp;threatid=2147721790&amp;enterprise=0""},{""@Name"":""Status Code"",""#text"":""3""},{""@Name"":""Status Description""},{""@Name"":""State"",""#text"":""3""},{""@Name"":""Source ID"",""#text"":""3""},{""@Name"":""Source Name"",""#text"":""Real-Time Protection""},{""@Name"":""Process Name"",""#text"":""C:\\Windows\\System32\\svchost.exe""},{""@Name"":""Detection User"",""#text"":""NT AUTHORITY\\SYSTEM""},{""@Name"":""Unused3""},{""@Name"":""Path"",""#text"":""file:_C:\\Users\\CyberJunkie\\AppData\\Local\\Temp\\msf.dll""},{""@Name"":""Origin ID"",""#text"":""1""},{""@Name"":""Origin Name"",""#text"":""Local machine""},{""@Name"":""Execution ID"",""#text"":""1""},{""@Name"":""Execution Name"",""#text"":""Suspended""},{""@Name"":""Type ID"",""#text"":""0""},{""@Name"":""Type Name"",""#text"":""Concrete""},{""@Name"":""Pre Execution Status"",""#text"":""0""},{""@Name"":""Action ID"",""#text"":""2""},{""@Name"":""Action Name"",""#text"":""Quarantine""},{""@Name"":""Unused4""},{""@Name"":""Error Code"",""#text"":""0x00000000""},{""@Name"":""Error Description"",""#text"":""The operation completed successfully. ""},{""@Name"":""Unused5""},{""@Name"":""Post Clean Status"",""#text"":""0""},{""@Name"":""Additional Actions ID"",""#text"":""8""},{""@Name"":""Additional Actions String"",""#text"":""To finish removing malware and other potentially unwanted software, restart the device. ""},{""@Name"":""Remediation User"",""#text"":""NT AUTHORITY\\SYSTEM""},{""@Name"":""Unused6""},{""@Name"":""Security intelligence Version"",""#text"":""AV: 1.383.1419.0, AS: 1.383.1419.0, NIS: 1.383.1419.0""},{""@Name"":""Engine Version"",""#text"":""AM: 1.1.20000.2, NIS: 1.1.20000.2""}]}}"
221,221,2023-03-10 02:42:36.5996223,1116,Warning,Microsoft-Windows-Windows Defender,Microsoft-Windows-Windows Defender/Operational,2080,2480,DESKTOP-887GK2L,5,S-1-5-18,Detection - The antimalware platform detected malware or other potentially unwanted software,Detection User: NT AUTHORITY\SYSTEM,,Malware name: Trojan:Win64/Meterpreter.B,Description: Trojan (Severe),Detection Time: 2023-03-10T02:42:36.434Z,Process (if real-time detection): C:\Windows\System32\svchost.exe,Detection ID: {412D2D7E-769E-4C3E-A447-DA8868F521D1},,file:_C:\Users\CyberJunkie\AppData\Local\Temp\msf.dll,False,C:\Users\turan\Desktop\defense-work-evtx-files\Windows Defender-Operational.evtx,Classic,0,"{""EventData"":{""Data"":[{""@Name"":""Product Name"",""#text"":""Microsoft Defender Antivirus""},{""@Name"":""Product Version"",""#text"":""4.18.2301.6""},{""@Name"":""Detection ID"",""#text"":""{412D2D7E-769E-4C3E-A447-DA8868F521D1}""},{""@Name"":""Detection Time"",""#text"":""2023-03-10T02:42:36.434Z""},{""@Name"":""Unused""},{""@Name"":""Unused2""},{""@Name"":""Threat ID"",""#text"":""2147721790""},{""@Name"":""Threat Name"",""#text"":""Trojan:Win64/Meterpreter.B""},{""@Name"":""Severity ID"",""#text"":""5""},{""@Name"":""Severity Name"",""#text"":""Severe""},{""@Name"":""Category ID"",""#text"":""8""},{""@Name"":""Category Name"",""#text"":""Trojan""},{""@Name"":""FWLink"",""#text"":""https://go.microsoft.com/fwlink/?linkid=37020&amp;name=Trojan:Win64/Meterpreter.B&amp;threatid=2147721790&amp;enterprise=0""},{""@Name"":""Status Code"",""#text"":""1""},{""@Name"":""Status Description""},{""@Name"":""State"",""#text"":""1""},{""@Name"":""Source ID"",""#text"":""3""},{""@Name"":""Source Name"",""#text"":""Real-Time Protection""},{""@Name"":""Process Name"",""#text"":""C:\\Windows\\System32\\svchost.exe""},{""@Name"":""Detection User"",""#text"":""NT AUTHORITY\\SYSTEM""},{""@Name"":""Unused3""},{""@Name"":""Path"",""#text"":""file:_C:\\Users\\CyberJunkie\\AppData\\Local\\Temp\\msf.dll""},{""@Name"":""Origin ID"",""#text"":""1""},{""@Name"":""Origin Name"",""#text"":""Local machine""},{""@Name"":""Execution ID"",""#text"":""1""},{""@Name"":""Execution Name"",""#text"":""Suspended""},{""@Name"":""Type ID"",""#text"":""0""},{""@Name"":""Type Name"",""#text"":""Concrete""},{""@Name"":""Pre Execution Status"",""#text"":""0""},{""@Name"":""Action ID"",""#text"":""9""},{""@Name"":""Action Name"",""#text"":""Not Applicable""},{""@Name"":""Unused4""},{""@Name"":""Error Code"",""#text"":""0x00000000""},{""@Name"":""Error Description"",""#text"":""The operation completed successfully. ""},{""@Name"":""Unused5""},{""@Name"":""Post Clean Status"",""#text"":""0""},{""@Name"":""Additional Actions ID"",""#text"":""0""},{""@Name"":""Additional Actions String"",""#text"":""No additional actions required""},{""@Name"":""Remediation User""},{""@Name"":""Unused6""},{""@Name"":""Security intelligence Version"",""#text"":""AV: 1.383.1419.0, AS: 1.383.1419.0, NIS: 1.383.1419.0""},{""@Name"":""Engine Version"",""#text"":""AM: 1.1.20000.2, NIS: 1.1.20000.2""}]}}"
