222,222,2023-03-10 02:42:49.8403616,1116,Warning,Microsoft-Windows-Windows Defender,Microsoft-Windows-Windows Defender/Operational,2080,3184,DESKTOP-887GK2L,5,S-1-5-18,Detection - The antimalware platform detected malware or other potentially unwanted software,Detection User: NT AUTHORITY\SYSTEM,,Malware name: Trojan:Win64/Meterpreter.B,Description: Trojan (Severe),Detection Time: 2023-03-10T02:42:49.707Z,Process (if real-time detection): C:\Windows\System32\svchost.exe,Detection ID: {9BCE66C0-2B37-4462-923E-09421D7F99D4},,file:_C:\Users\CyberJunkie\AppData\Local\Temp\msf.dll,False,C:\Users\turan\Desktop\defense-work-evtx-files\Windows Defender-Operational.evtx,Classic,0,"{""EventData"":{""Data"":[{""@Name"":""Product Name"",""#text"":""Microsoft Defender Antivirus""},{""@Name"":""Product Version"",""#text"":""4.18.2301.6""},{""@Name"":""Detection ID"",""#text"":""{9BCE66C0-2B37-4462-923E-09421D7F99D4}""},{""@Name"":""Detection Time"",""#text"":""2023-03-10T02:42:49.707Z""},{""@Name"":""Unused""},{""@Name"":""Unused2""},{""@Name"":""Threat ID"",""#text"":""2147721790""},{""@Name"":""Threat Name"",""#text"":""Trojan:Win64/Meterpreter.B""},{""@Name"":""Severity ID"",""#text"":""5""},{""@Name"":""Severity Name"",""#text"":""Severe""},{""@Name"":""Category ID"",""#text"":""8""},{""@Name"":""Category Name"",""#text"":""Trojan""},{""@Name"":""FWLink"",""#text"":""https://go.microsoft.com/fwlink/?linkid=37020&amp;name=Trojan:Win64/Meterpreter.B&amp;threatid=2147721790&amp;enterprise=0""},{""@Name"":""Status Code"",""#text"":""1""},{""@Name"":""Status Description""},{""@Name"":""State"",""#text"":""1""},{""@Name"":""Source ID"",""#text"":""3""},{""@Name"":""Source Name"",""#text"":""Real-Time Protection""},{""@Name"":""Process Name"",""#text"":""C:\\Windows\\System32\\svchost.exe""},{""@Name"":""Detection User"",""#text"":""NT AUTHORITY\\SYSTEM""},{""@Name"":""Unused3""},{""@Name"":""Path"",""#text"":""file:_C:\\Users\\CyberJunkie\\AppData\\Local\\Temp\\msf.dll""},{""@Name"":""Origin ID"",""#text"":""1""},{""@Name"":""Origin Name"",""#text"":""Local machine""},{""@Name"":""Execution ID"",""#text"":""1""},{""@Name"":""Execution Name"",""#text"":""Suspended""},{""@Name"":""Type ID"",""#text"":""0""},{""@Name"":""Type Name"",""#text"":""Concrete""},{""@Name"":""Pre Execution Status"",""#text"":""0""},{""@Name"":""Action ID"",""#text"":""9""},{""@Name"":""Action Name"",""#text"":""Not Applicable""},{""@Name"":""Unused4""},{""@Name"":""Error Code"",""#text"":""0x00000000""},{""@Name"":""Error Description"",""#text"":""The operation completed successfully. ""},{""@Name"":""Unused5""},{""@Name"":""Post Clean Status"",""#text"":""0""},{""@Name"":""Additional Actions ID"",""#text"":""0""},{""@Name"":""Additional Actions String"",""#text"":""No additional actions required""},{""@Name"":""Remediation User""},{""@Name"":""Unused6""},{""@Name"":""Security intelligence Version"",""#text"":""AV: 1.383.1419.0, AS: 1.383.1419.0, NIS: 1.383.1419.0""},{""@Name"":""Engine Version"",""#text"":""AM: 1.1.20000.2, NIS: 1.1.20000.2""}]}}"
223,223,2023-03-10 02:42:49.8567848,1117,Info,Microsoft-Windows-Windows Defender,Microsoft-Windows-Windows Defender/Operational,2080,2480,DESKTOP-887GK2L,5,S-1-5-18,Detection - The antimalware platform performed an action to protect your system from malware or other potentially unwanted software,Detection User: NT AUTHORITY\SYSTEM,,Malware name: Trojan:Win64/Meterpreter.B,Description: Trojan (Severe),Detection Time: 2023-03-10T02:42:36.434Z,Process (if real-time detection): C:\Windows\System32\svchost.exe,Detection ID: {412D2D7E-769E-4C3E-A447-DA8868F521D1},,file:_C:\Users\CyberJunkie\AppData\Local\Temp\msf.dll,False,C:\Users\turan\Desktop\defense-work-evtx-files\Windows Defender-Operational.evtx,Classic,0,"{""EventData"":{""Data"":[{""@Name"":""Product Name"",""#text"":""Microsoft Defender Antivirus""},{""@Name"":""Product Version"",""#text"":""4.18.2301.6""},{""@Name"":""Detection ID"",""#text"":""{412D2D7E-769E-4C3E-A447-DA8868F521D1}""},{""@Name"":""Detection Time"",""#text"":""2023-03-10T02:42:36.434Z""},{""@Name"":""Unused""},{""@Name"":""Unused2""},{""@Name"":""Threat ID"",""#text"":""2147721790""},{""@Name"":""Threat Name"",""#text"":""Trojan:Win64/Meterpreter.B""},{""@Name"":""Severity ID"",""#text"":""5""},{""@Name"":""Severity Name"",""#text"":""Severe""},{""@Name"":""Category ID"",""#text"":""8""},{""@Name"":""Category Name"",""#text"":""Trojan""},{""@Name"":""FWLink"",""#text"":""https://go.microsoft.com/fwlink/?linkid=37020&amp;name=Trojan:Win64/Meterpreter.B&amp;threatid=2147721790&amp;enterprise=0""},{""@Name"":""Status Code"",""#text"":""3""},{""@Name"":""Status Description""},{""@Name"":""State"",""#text"":""3""},{""@Name"":""Source ID"",""#text"":""3""},{""@Name"":""Source Name"",""#text"":""Real-Time Protection""},{""@Name"":""Process Name"",""#text"":""C:\\Windows\\System32\\svchost.exe""},{""@Name"":""Detection User"",""#text"":""NT AUTHORITY\\SYSTEM""},{""@Name"":""Unused3""},{""@Name"":""Path"",""#text"":""file:_C:\\Users\\CyberJunkie\\AppData\\Local\\Temp\\msf.dll""},{""@Name"":""Origin ID"",""#text"":""1""},{""@Name"":""Origin Name"",""#text"":""Local machine""},{""@Name"":""Execution ID"",""#text"":""1""},{""@Name"":""Execution Name"",""#text"":""Suspended""},{""@Name"":""Type ID"",""#text"":""0""},{""@Name"":""Type Name"",""#text"":""Concrete""},{""@Name"":""Pre Execution Status"",""#text"":""0""},{""@Name"":""Action ID"",""#text"":""2""},{""@Name"":""Action Name"",""#text"":""Quarantine""},{""@Name"":""Unused4""},{""@Name"":""Error Code"",""#text"":""0x00000000""},{""@Name"":""Error Description"",""#text"":""The operation completed successfully. ""},{""@Name"":""Unused5""},{""@Name"":""Post Clean Status"",""#text"":""0""},{""@Name"":""Additional Actions ID"",""#text"":""8""},{""@Name"":""Additional Actions String"",""#text"":""To finish removing malware and other potentially unwanted software, restart the device. ""},{""@Name"":""Remediation User"",""#text"":""NT AUTHORITY\\SYSTEM""},{""@Name"":""Unused6""},{""@Name"":""Security intelligence Version"",""#text"":""AV: 1.383.1419.0, AS: 1.383.1419.0, NIS: 1.383.1419.0""},{""@Name"":""Engine Version"",""#text"":""AM: 1.1.20000.2, NIS: 1.1.20000.2""}]}}"
224,224,2023-03-10 02:42:49.8644308,1116,Warning,Microsoft-Windows-Windows Defender,Microsoft-Windows-Windows Defender/Operational,2080,2480,DESKTOP-887GK2L,5,S-1-5-18,Detection - The antimalware platform detected malware or other potentially unwanted software,Detection User: NT AUTHORITY\SYSTEM,,Malware name: Trojan:Win64/Meterpreter.B,Description: Trojan (Severe),Detection Time: 2023-03-10T02:42:49.707Z,Process (if real-time detection): C:\Windows\System32\svchost.exe,Detection ID: {9BCE66C0-2B37-4462-923E-09421D7F99D4},,file:_C:\Users\CyberJunkie\AppData\Local\Temp\msf.dll,False,C:\Users\turan\Desktop\defense-work-evtx-files\Windows Defender-Operational.evtx,Classic,0,"{""EventData"":{""Data"":[{""@Name"":""Product Name"",""#text"":""Microsoft Defender Antivirus""},{""@Name"":""Product Version"",""#text"":""4.18.2301.6""},{""@Name"":""Detection ID"",""#text"":""{9BCE66C0-2B37-4462-923E-09421D7F99D4}""},{""@Name"":""Detection Time"",""#text"":""2023-03-10T02:42:49.707Z""},{""@Name"":""Unused""},{""@Name"":""Unused2""},{""@Name"":""Threat ID"",""#text"":""2147721790""},{""@Name"":""Threat Name"",""#text"":""Trojan:Win64/Meterpreter.B""},{""@Name"":""Severity ID"",""#text"":""5""},{""@Name"":""Severity Name"",""#text"":""Severe""},{""@Name"":""Category ID"",""#text"":""8""},{""@Name"":""Category Name"",""#text"":""Trojan""},{""@Name"":""FWLink"",""#text"":""https://go.microsoft.com/fwlink/?linkid=37020&amp;name=Trojan:Win64/Meterpreter.B&amp;threatid=2147721790&amp;enterprise=0""},{""@Name"":""Status Code"",""#text"":""1""},{""@Name"":""Status Description""},{""@Name"":""State"",""#text"":""1""},{""@Name"":""Source ID"",""#text"":""3""},{""@Name"":""Source Name"",""#text"":""Real-Time Protection""},{""@Name"":""Process Name"",""#text"":""C:\\Windows\\System32\\svchost.exe""},{""@Name"":""Detection User"",""#text"":""NT AUTHORITY\\SYSTEM""},{""@Name"":""Unused3""},{""@Name"":""Path"",""#text"":""file:_C:\\Users\\CyberJunkie\\AppData\\Local\\Temp\\msf.dll""},{""@Name"":""Origin ID"",""#text"":""1""},{""@Name"":""Origin Name"",""#text"":""Local machine""},{""@Name"":""Execution ID"",""#text"":""1""},{""@Name"":""Execution Name"",""#text"":""Suspended""},{""@Name"":""Type ID"",""#text"":""0""},{""@Name"":""Type Name"",""#text"":""Concrete""},{""@Name"":""Pre Execution Status"",""#text"":""0""},{""@Name"":""Action ID"",""#text"":""9""},{""@Name"":""Action Name"",""#text"":""Not Applicable""},{""@Name"":""Unused4""},{""@Name"":""Error Code"",""#text"":""0x00000000""},{""@Name"":""Error Description"",""#text"":""The operation completed successfully. ""},{""@Name"":""Unused5""},{""@Name"":""Post Clean Status"",""#text"":""0""},{""@Name"":""Additional Actions ID"",""#text"":""0""},{""@Name"":""Additional Actions String"",""#text"":""No additional actions required""},{""@Name"":""Remediation User""},{""@Name"":""Unused6""},{""@Name"":""Security intelligence Version"",""#text"":""AV: 1.383.1419.0, AS: 1.383.1419.0, NIS: 1.383.1419.0""},{""@Name"":""Engine Version"",""#text"":""AM: 1.1.20000.2, NIS: 1.1.20000.2""}]}}"
225,225,2023-03-10 02:43:03.3981981,1116,Warning,Microsoft-Windows-Windows Defender,Microsoft-Windows-Windows Defender/Operational,2080,7752,DESKTOP-887GK2L,5,S-1-5-18,Detection - The antimalware platform detected malware or other potentially unwanted software,Detection User: NT AUTHORITY\SYSTEM,,Malware name: Trojan:Win64/Meterpreter.B,Description: Trojan (Severe),Detection Time: 2023-03-10T02:43:03.249Z,Process (if real-time detection): C:\Windows\System32\svchost.exe,Detection ID: {570BEB85-AB6B-49EE-80AA-0AA42E3BD244},,file:_C:\Users\CyberJunkie\AppData\Local\Temp\msf.dll,False,C:\Users\turan\Desktop\defense-work-evtx-files\Windows Defender-Operational.evtx,Classic,0,"{""EventData"":{""Data"":[{""@Name"":""Product Name"",""#text"":""Microsoft Defender Antivirus""},{""@Name"":""Product Version"",""#text"":""4.18.2301.6""},{""@Name"":""Detection ID"",""#text"":""{570BEB85-AB6B-49EE-80AA-0AA42E3BD244}""},{""@Name"":""Detection Time"",""#text"":""2023-03-10T02:43:03.249Z""},{""@Name"":""Unused""},{""@Name"":""Unused2""},{""@Name"":""Threat ID"",""#text"":""2147721790""},{""@Name"":""Threat Name"",""#text"":""Trojan:Win64/Meterpreter.B""},{""@Name"":""Severity ID"",""#text"":""5""},{""@Name"":""Severity Name"",""#text"":""Severe""},{""@Name"":""Category ID"",""#text"":""8""},{""@Name"":""Category Name"",""#text"":""Trojan""},{""@Name"":""FWLink"",""#text"":""https://go.microsoft.com/fwlink/?linkid=37020&amp;name=Trojan:Win64/Meterpreter.B&amp;threatid=2147721790&amp;enterprise=0""},{""@Name"":""Status Code"",""#text"":""1""},{""@Name"":""Status Description""},{""@Name"":""State"",""#text"":""1""},{""@Name"":""Source ID"",""#text"":""3""},{""@Name"":""Source Name"",""#text"":""Real-Time Protection""},{""@Name"":""Process Name"",""#text"":""C:\\Windows\\System32\\svchost.exe""},{""@Name"":""Detection User"",""#text"":""NT AUTHORITY\\SYSTEM""},{""@Name"":""Unused3""},{""@Name"":""Path"",""#text"":""file:_C:\\Users\\CyberJunkie\\AppData\\Local\\Temp\\msf.dll""},{""@Name"":""Origin ID"",""#text"":""1""},{""@Name"":""Origin Name"",""#text"":""Local machine""},{""@Name"":""Execution ID"",""#text"":""1""},{""@Name"":""Execution Name"",""#text"":""Suspended""},{""@Name"":""Type ID"",""#text"":""0""},{""@Name"":""Type Name"",""#text"":""Concrete""},{""@Name"":""Pre Execution Status"",""#text"":""0""},{""@Name"":""Action ID"",""#text"":""9""},{""@Name"":""Action Name"",""#text"":""Not Applicable""},{""@Name"":""Unused4""},{""@Name"":""Error Code"",""#text"":""0x00000000""},{""@Name"":""Error Description"",""#text"":""The operation completed successfully. ""},{""@Name"":""Unused5""},{""@Name"":""Post Clean Status"",""#text"":""0""},{""@Name"":""Additional Actions ID"",""#text"":""0""},{""@Name"":""Additional Actions String"",""#text"":""No additional actions required""},{""@Name"":""Remediation User""},{""@Name"":""Unused6""},{""@Name"":""Security intelligence Version"",""#text"":""AV: 1.383.1419.0, AS: 1.383.1419.0, NIS: 1.383.1419.0""},{""@Name"":""Engine Version"",""#text"":""AM: 1.1.20000.2, NIS: 1.1.20000.2""}]}}"
226,226,2023-03-10 02:43:03.4216011,1117,Info,Microsoft-Windows-Windows Defender,Microsoft-Windows-Windows Defender/Operational,2080,2480,DESKTOP-887GK2L,5,S-1-5-18,Detection - The antimalware platform performed an action to protect your system from malware or other potentially unwanted software,Detection User: NT AUTHORITY\SYSTEM,,Malware name: Trojan:Win64/Meterpreter.B,Description: Trojan (Severe),Detection Time: 2023-03-10T02:42:49.707Z,Process (if real-time detection): C:\Windows\System32\svchost.exe,Detection ID: {9BCE66C0-2B37-4462-923E-09421D7F99D4},,file:_C:\Users\CyberJunkie\AppData\Local\Temp\msf.dll,False,C:\Users\turan\Desktop\defense-work-evtx-files\Windows Defender-Operational.evtx,Classic,0,"{""EventData"":{""Data"":[{""@Name"":""Product Name"",""#text"":""Microsoft Defender Antivirus""},{""@Name"":""Product Version"",""#text"":""4.18.2301.6""},{""@Name"":""Detection ID"",""#text"":""{9BCE66C0-2B37-4462-923E-09421D7F99D4}""},{""@Name"":""Detection Time"",""#text"":""2023-03-10T02:42:49.707Z""},{""@Name"":""Unused""},{""@Name"":""Unused2""},{""@Name"":""Threat ID"",""#text"":""2147721790""},{""@Name"":""Threat Name"",""#text"":""Trojan:Win64/Meterpreter.B""},{""@Name"":""Severity ID"",""#text"":""5""},{""@Name"":""Severity Name"",""#text"":""Severe""},{""@Name"":""Category ID"",""#text"":""8""},{""@Name"":""Category Name"",""#text"":""Trojan""},{""@Name"":""FWLink"",""#text"":""https://go.microsoft.com/fwlink/?linkid=37020&amp;name=Trojan:Win64/Meterpreter.B&amp;threatid=2147721790&amp;enterprise=0""},{""@Name"":""Status Code"",""#text"":""3""},{""@Name"":""Status Description""},{""@Name"":""State"",""#text"":""3""},{""@Name"":""Source ID"",""#text"":""3""},{""@Name"":""Source Name"",""#text"":""Real-Time Protection""},{""@Name"":""Process Name"",""#text"":""C:\\Windows\\System32\\svchost.exe""},{""@Name"":""Detection User"",""#text"":""NT AUTHORITY\\SYSTEM""},{""@Name"":""Unused3""},{""@Name"":""Path"",""#text"":""file:_C:\\Users\\CyberJunkie\\AppData\\Local\\Temp\\msf.dll""},{""@Name"":""Origin ID"",""#text"":""1""},{""@Name"":""Origin Name"",""#text"":""Local machine""},{""@Name"":""Execution ID"",""#text"":""1""},{""@Name"":""Execution Name"",""#text"":""Suspended""},{""@Name"":""Type ID"",""#text"":""0""},{""@Name"":""Type Name"",""#text"":""Concrete""},{""@Name"":""Pre Execution Status"",""#text"":""0""},{""@Name"":""Action ID"",""#text"":""2""},{""@Name"":""Action Name"",""#text"":""Quarantine""},{""@Name"":""Unused4""},{""@Name"":""Error Code"",""#text"":""0x00000000""},{""@Name"":""Error Description"",""#text"":""The operation completed successfully. ""},{""@Name"":""Unused5""},{""@Name"":""Post Clean Status"",""#text"":""0""},{""@Name"":""Additional Actions ID"",""#text"":""8""},{""@Name"":""Additional Actions String"",""#text"":""To finish removing malware and other potentially unwanted software, restart the device. ""},{""@Name"":""Remediation User"",""#text"":""NT AUTHORITY\\SYSTEM""},{""@Name"":""Unused6""},{""@Name"":""Security intelligence Version"",""#text"":""AV: 1.383.1419.0, AS: 1.383.1419.0, NIS: 1.383.1419.0""},{""@Name"":""Engine Version"",""#text"":""AM: 1.1.20000.2, NIS: 1.1.20000.2""}]}}"
227,227,2023-03-10 02:43:03.4295718,1116,Warning,Microsoft-Windows-Windows Defender,Microsoft-Windows-Windows Defender/Operational,2080,2480,DESKTOP-887GK2L,5,S-1-5-18,Detection - The antimalware platform detected malware or other potentially unwanted software,Detection User: NT AUTHORITY\SYSTEM,,Malware name: Trojan:Win64/Meterpreter.B,Description: Trojan (Severe),Detection Time: 2023-03-10T02:43:03.249Z,Process (if real-time detection): C:\Windows\System32\svchost.exe,Detection ID: {570BEB85-AB6B-49EE-80AA-0AA42E3BD244},,file:_C:\Users\CyberJunkie\AppData\Local\Temp\msf.dll,False,C:\Users\turan\Desktop\defense-work-evtx-files\Windows Defender-Operational.evtx,Classic,0,"{""EventData"":{""Data"":[{""@Name"":""Product Name"",""#text"":""Microsoft Defender Antivirus""},{""@Name"":""Product Version"",""#text"":""4.18.2301.6""},{""@Name"":""Detection ID"",""#text"":""{570BEB85-AB6B-49EE-80AA-0AA42E3BD244}""},{""@Name"":""Detection Time"",""#text"":""2023-03-10T02:43:03.249Z""},{""@Name"":""Unused""},{""@Name"":""Unused2""},{""@Name"":""Threat ID"",""#text"":""2147721790""},{""@Name"":""Threat Name"",""#text"":""Trojan:Win64/Meterpreter.B""},{""@Name"":""Severity ID"",""#text"":""5""},{""@Name"":""Severity Name"",""#text"":""Severe""},{""@Name"":""Category ID"",""#text"":""8""},{""@Name"":""Category Name"",""#text"":""Trojan""},{""@Name"":""FWLink"",""#text"":""https://go.microsoft.com/fwlink/?linkid=37020&amp;name=Trojan:Win64/Meterpreter.B&amp;threatid=2147721790&amp;enterprise=0""},{""@Name"":""Status Code"",""#text"":""1""},{""@Name"":""Status Description""},{""@Name"":""State"",""#text"":""1""},{""@Name"":""Source ID"",""#text"":""3""},{""@Name"":""Source Name"",""#text"":""Real-Time Protection""},{""@Name"":""Process Name"",""#text"":""C:\\Windows\\System32\\svchost.exe""},{""@Name"":""Detection User"",""#text"":""NT AUTHORITY\\SYSTEM""},{""@Name"":""Unused3""},{""@Name"":""Path"",""#text"":""file:_C:\\Users\\CyberJunkie\\AppData\\Local\\Temp\\msf.dll""},{""@Name"":""Origin ID"",""#text"":""1""},{""@Name"":""Origin Name"",""#text"":""Local machine""},{""@Name"":""Execution ID"",""#text"":""1""},{""@Name"":""Execution Name"",""#text"":""Suspended""},{""@Name"":""Type ID"",""#text"":""0""},{""@Name"":""Type Name"",""#text"":""Concrete""},{""@Name"":""Pre Execution Status"",""#text"":""0""},{""@Name"":""Action ID"",""#text"":""9""},{""@Name"":""Action Name"",""#text"":""Not Applicable""},{""@Name"":""Unused4""},{""@Name"":""Error Code"",""#text"":""0x00000000""},{""@Name"":""Error Description"",""#text"":""The operation completed successfully. ""},{""@Name"":""Unused5""},{""@Name"":""Post Clean Status"",""#text"":""0""},{""@Name"":""Additional Actions ID"",""#text"":""0""},{""@Name"":""Additional Actions String"",""#text"":""No additional actions required""},{""@Name"":""Remediation User""},{""@Name"":""Unused6""},{""@Name"":""Security intelligence Version"",""#text"":""AV: 1.383.1419.0, AS: 1.383.1419.0, NIS: 1.383.1419.0""},{""@Name"":""Engine Version"",""#text"":""AM: 1.1.20000.2, NIS: 1.1.20000.2""}]}}"
228,228,2023-03-10 02:43:17.2317864,1116,Warning,Microsoft-Windows-Windows Defender,Microsoft-Windows-Windows Defender/Operational,2080,7752,DESKTOP-887GK2L,5,S-1-5-18,Detection - The antimalware platform detected malware or other potentially unwanted software,Detection User: NT AUTHORITY\SYSTEM,,Malware name: Trojan:Win64/Meterpreter.B,Description: Trojan (Severe),Detection Time: 2023-03-10T02:43:17.090Z,Process (if real-time detection): C:\Windows\System32\svchost.exe,Detection ID: {0E6D6063-D778-443E-9F1A-A53C337D6E22},,file:_C:\Users\CyberJunkie\AppData\Local\Temp\msf.dll,False,C:\Users\turan\Desktop\defense-work-evtx-files\Windows Defender-Operational.evtx,Classic,0,"{""EventData"":{""Data"":[{""@Name"":""Product Name"",""#text"":""Microsoft Defender Antivirus""},{""@Name"":""Product Version"",""#text"":""4.18.2301.6""},{""@Name"":""Detection ID"",""#text"":""{0E6D6063-D778-443E-9F1A-A53C337D6E22}""},{""@Name"":""Detection Time"",""#text"":""2023-03-10T02:43:17.090Z""},{""@Name"":""Unused""},{""@Name"":""Unused2""},{""@Name"":""Threat ID"",""#text"":""2147721790""},{""@Name"":""Threat Name"",""#text"":""Trojan:Win64/Meterpreter.B""},{""@Name"":""Severity ID"",""#text"":""5""},{""@Name"":""Severity Name"",""#text"":""Severe""},{""@Name"":""Category ID"",""#text"":""8""},{""@Name"":""Category Name"",""#text"":""Trojan""},{""@Name"":""FWLink"",""#text"":""https://go.microsoft.com/fwlink/?linkid=37020&amp;name=Trojan:Win64/Meterpreter.B&amp;threatid=2147721790&amp;enterprise=0""},{""@Name"":""Status Code"",""#text"":""1""},{""@Name"":""Status Description""},{""@Name"":""State"",""#text"":""1""},{""@Name"":""Source ID"",""#text"":""3""},{""@Name"":""Source Name"",""#text"":""Real-Time Protection""},{""@Name"":""Process Name"",""#text"":""C:\\Windows\\System32\\svchost.exe""},{""@Name"":""Detection User"",""#text"":""NT AUTHORITY\\SYSTEM""},{""@Name"":""Unused3""},{""@Name"":""Path"",""#text"":""file:_C:\\Users\\CyberJunkie\\AppData\\Local\\Temp\\msf.dll""},{""@Name"":""Origin ID"",""#text"":""1""},{""@Name"":""Origin Name"",""#text"":""Local machine""},{""@Name"":""Execution ID"",""#text"":""1""},{""@Name"":""Execution Name"",""#text"":""Suspended""},{""@Name"":""Type ID"",""#text"":""0""},{""@Name"":""Type Name"",""#text"":""Concrete""},{""@Name"":""Pre Execution Status"",""#text"":""0""},{""@Name"":""Action ID"",""#text"":""9""},{""@Name"":""Action Name"",""#text"":""Not Applicable""},{""@Name"":""Unused4""},{""@Name"":""Error Code"",""#text"":""0x00000000""},{""@Name"":""Error Description"",""#text"":""The operation completed successfully. ""},{""@Name"":""Unused5""},{""@Name"":""Post Clean Status"",""#text"":""0""},{""@Name"":""Additional Actions ID"",""#text"":""0""},{""@Name"":""Additional Actions String"",""#text"":""No additional actions required""},{""@Name"":""Remediation User""},{""@Name"":""Unused6""},{""@Name"":""Security intelligence Version"",""#text"":""AV: 1.383.1419.0, AS: 1.383.1419.0, NIS: 1.383.1419.0""},{""@Name"":""Engine Version"",""#text"":""AM: 1.1.20000.2, NIS: 1.1.20000.2""}]}}"
229,229,2023-03-10 02:43:17.2500048,1117,Info,Microsoft-Windows-Windows Defender,Microsoft-Windows-Windows Defender/Operational,2080,2480,DESKTOP-887GK2L,5,S-1-5-18,Detection - The antimalware platform performed an action to protect your system from malware or other potentially unwanted software,Detection User: NT AUTHORITY\SYSTEM,,Malware name: Trojan:Win64/Meterpreter.B,Description: Trojan (Severe),Detection Time: 2023-03-10T02:43:03.249Z,Process (if real-time detection): C:\Windows\System32\svchost.exe,Detection ID: {570BEB85-AB6B-49EE-80AA-0AA42E3BD244},,file:_C:\Users\CyberJunkie\AppData\Local\Temp\msf.dll,False,C:\Users\turan\Desktop\defense-work-evtx-files\Windows Defender-Operational.evtx,Classic,0,"{""EventData"":{""Data"":[{""@Name"":""Product Name"",""#text"":""Microsoft Defender Antivirus""},{""@Name"":""Product Version"",""#text"":""4.18.2301.6""},{""@Name"":""Detection ID"",""#text"":""{570BEB85-AB6B-49EE-80AA-0AA42E3BD244}""},{""@Name"":""Detection Time"",""#text"":""2023-03-10T02:43:03.249Z""},{""@Name"":""Unused""},{""@Name"":""Unused2""},{""@Name"":""Threat ID"",""#text"":""2147721790""},{""@Name"":""Threat Name"",""#text"":""Trojan:Win64/Meterpreter.B""},{""@Name"":""Severity ID"",""#text"":""5""},{""@Name"":""Severity Name"",""#text"":""Severe""},{""@Name"":""Category ID"",""#text"":""8""},{""@Name"":""Category Name"",""#text"":""Trojan""},{""@Name"":""FWLink"",""#text"":""https://go.microsoft.com/fwlink/?linkid=37020&amp;name=Trojan:Win64/Meterpreter.B&amp;threatid=2147721790&amp;enterprise=0""},{""@Name"":""Status Code"",""#text"":""3""},{""@Name"":""Status Description""},{""@Name"":""State"",""#text"":""3""},{""@Name"":""Source ID"",""#text"":""3""},{""@Name"":""Source Name"",""#text"":""Real-Time Protection""},{""@Name"":""Process Name"",""#text"":""C:\\Windows\\System32\\svchost.exe""},{""@Name"":""Detection User"",""#text"":""NT AUTHORITY\\SYSTEM""},{""@Name"":""Unused3""},{""@Name"":""Path"",""#text"":""file:_C:\\Users\\CyberJunkie\\AppData\\Local\\Temp\\msf.dll""},{""@Name"":""Origin ID"",""#text"":""1""},{""@Name"":""Origin Name"",""#text"":""Local machine""},{""@Name"":""Execution ID"",""#text"":""1""},{""@Name"":""Execution Name"",""#text"":""Suspended""},{""@Name"":""Type ID"",""#text"":""0""},{""@Name"":""Type Name"",""#text"":""Concrete""},{""@Name"":""Pre Execution Status"",""#text"":""0""},{""@Name"":""Action ID"",""#text"":""2""},{""@Name"":""Action Name"",""#text"":""Quarantine""},{""@Name"":""Unused4""},{""@Name"":""Error Code"",""#text"":""0x00000000""},{""@Name"":""Error Description"",""#text"":""The operation completed successfully. ""},{""@Name"":""Unused5""},{""@Name"":""Post Clean Status"",""#text"":""0""},{""@Name"":""Additional Actions ID"",""#text"":""8""},{""@Name"":""Additional Actions String"",""#text"":""To finish removing malware and other potentially unwanted software, restart the device. ""},{""@Name"":""Remediation User"",""#text"":""NT AUTHORITY\\SYSTEM""},{""@Name"":""Unused6""},{""@Name"":""Security intelligence Version"",""#text"":""AV: 1.383.1419.0, AS: 1.383.1419.0, NIS: 1.383.1419.0""},{""@Name"":""Engine Version"",""#text"":""AM: 1.1.20000.2, NIS: 1.1.20000.2""}]}}"
230,230,2023-03-10 02:43:17.2605249,1116,Warning,Microsoft-Windows-Windows Defender,Microsoft-Windows-Windows Defender/Operational,2080,2480,DESKTOP-887GK2L,5,S-1-5-18,Detection - The antimalware platform detected malware or other potentially unwanted software,Detection User: NT AUTHORITY\SYSTEM,,Malware name: Trojan:Win64/Meterpreter.B,Description: Trojan (Severe),Detection Time: 2023-03-10T02:43:17.090Z,Process (if real-time detection): C:\Windows\System32\svchost.exe,Detection ID: {0E6D6063-D778-443E-9F1A-A53C337D6E22},,file:_C:\Users\CyberJunkie\AppData\Local\Temp\msf.dll,False,C:\Users\turan\Desktop\defense-work-evtx-files\Windows Defender-Operational.evtx,Classic,0,"{""EventData"":{""Data"":[{""@Name"":""Product Name"",""#text"":""Microsoft Defender Antivirus""},{""@Name"":""Product Version"",""#text"":""4.18.2301.6""},{""@Name"":""Detection ID"",""#text"":""{0E6D6063-D778-443E-9F1A-A53C337D6E22}""},{""@Name"":""Detection Time"",""#text"":""2023-03-10T02:43:17.090Z""},{""@Name"":""Unused""},{""@Name"":""Unused2""},{""@Name"":""Threat ID"",""#text"":""2147721790""},{""@Name"":""Threat Name"",""#text"":""Trojan:Win64/Meterpreter.B""},{""@Name"":""Severity ID"",""#text"":""5""},{""@Name"":""Severity Name"",""#text"":""Severe""},{""@Name"":""Category ID"",""#text"":""8""},{""@Name"":""Category Name"",""#text"":""Trojan""},{""@Name"":""FWLink"",""#text"":""https://go.microsoft.com/fwlink/?linkid=37020&amp;name=Trojan:Win64/Meterpreter.B&amp;threatid=2147721790&amp;enterprise=0""},{""@Name"":""Status Code"",""#text"":""1""},{""@Name"":""Status Description""},{""@Name"":""State"",""#text"":""1""},{""@Name"":""Source ID"",""#text"":""3""},{""@Name"":""Source Name"",""#text"":""Real-Time Protection""},{""@Name"":""Process Name"",""#text"":""C:\\Windows\\System32\\svchost.exe""},{""@Name"":""Detection User"",""#text"":""NT AUTHORITY\\SYSTEM""},{""@Name"":""Unused3""},{""@Name"":""Path"",""#text"":""file:_C:\\Users\\CyberJunkie\\AppData\\Local\\Temp\\msf.dll""},{""@Name"":""Origin ID"",""#text"":""1""},{""@Name"":""Origin Name"",""#text"":""Local machine""},{""@Name"":""Execution ID"",""#text"":""1""},{""@Name"":""Execution Name"",""#text"":""Suspended""},{""@Name"":""Type ID"",""#text"":""0""},{""@Name"":""Type Name"",""#text"":""Concrete""},{""@Name"":""Pre Execution Status"",""#text"":""0""},{""@Name"":""Action ID"",""#text"":""9""},{""@Name"":""Action Name"",""#text"":""Not Applicable""},{""@Name"":""Unused4""},{""@Name"":""Error Code"",""#text"":""0x00000000""},{""@Name"":""Error Description"",""#text"":""The operation completed successfully. ""},{""@Name"":""Unused5""},{""@Name"":""Post Clean Status"",""#text"":""0""},{""@Name"":""Additional Actions ID"",""#text"":""0""},{""@Name"":""Additional Actions String"",""#text"":""No additional actions required""},{""@Name"":""Remediation User""},{""@Name"":""Unused6""},{""@Name"":""Security intelligence Version"",""#text"":""AV: 1.383.1419.0, AS: 1.383.1419.0, NIS: 1.383.1419.0""},{""@Name"":""Engine Version"",""#text"":""AM: 1.1.20000.2, NIS: 1.1.20000.2""}]}}"
231,231,2023-03-10 02:43:30.5841364,1116,Warning,Microsoft-Windows-Windows Defender,Microsoft-Windows-Windows Defender/Operational,2080,8048,DESKTOP-887GK2L,5,S-1-5-18,Detection - The antimalware platform detected malware or other potentially unwanted software,Detection User: NT AUTHORITY\SYSTEM,,Malware name: Trojan:Win64/Meterpreter.B,Description: Trojan (Severe),Detection Time: 2023-03-10T02:43:30.448Z,Process (if real-time detection): C:\Windows\System32\svchost.exe,Detection ID: {BEA9B353-4A46-40D5-98FE-34FC4A243993},,file:_C:\Users\CyberJunkie\AppData\Local\Temp\msf.dll,False,C:\Users\turan\Desktop\defense-work-evtx-files\Windows Defender-Operational.evtx,Classic,0,"{""EventData"":{""Data"":[{""@Name"":""Product Name"",""#text"":""Microsoft Defender Antivirus""},{""@Name"":""Product Version"",""#text"":""4.18.2301.6""},{""@Name"":""Detection ID"",""#text"":""{BEA9B353-4A46-40D5-98FE-34FC4A243993}""},{""@Name"":""Detection Time"",""#text"":""2023-03-10T02:43:30.448Z""},{""@Name"":""Unused""},{""@Name"":""Unused2""},{""@Name"":""Threat ID"",""#text"":""2147721790""},{""@Name"":""Threat Name"",""#text"":""Trojan:Win64/Meterpreter.B""},{""@Name"":""Severity ID"",""#text"":""5""},{""@Name"":""Severity Name"",""#text"":""Severe""},{""@Name"":""Category ID"",""#text"":""8""},{""@Name"":""Category Name"",""#text"":""Trojan""},{""@Name"":""FWLink"",""#text"":""https://go.microsoft.com/fwlink/?linkid=37020&amp;name=Trojan:Win64/Meterpreter.B&amp;threatid=2147721790&amp;enterprise=0""},{""@Name"":""Status Code"",""#text"":""1""},{""@Name"":""Status Description""},{""@Name"":""State"",""#text"":""1""},{""@Name"":""Source ID"",""#text"":""3""},{""@Name"":""Source Name"",""#text"":""Real-Time Protection""},{""@Name"":""Process Name"",""#text"":""C:\\Windows\\System32\\svchost.exe""},{""@Name"":""Detection User"",""#text"":""NT AUTHORITY\\SYSTEM""},{""@Name"":""Unused3""},{""@Name"":""Path"",""#text"":""file:_C:\\Users\\CyberJunkie\\AppData\\Local\\Temp\\msf.dll""},{""@Name"":""Origin ID"",""#text"":""1""},{""@Name"":""Origin Name"",""#text"":""Local machine""},{""@Name"":""Execution ID"",""#text"":""1""},{""@Name"":""Execution Name"",""#text"":""Suspended""},{""@Name"":""Type ID"",""#text"":""0""},{""@Name"":""Type Name"",""#text"":""Concrete""},{""@Name"":""Pre Execution Status"",""#text"":""0""},{""@Name"":""Action ID"",""#text"":""9""},{""@Name"":""Action Name"",""#text"":""Not Applicable""},{""@Name"":""Unused4""},{""@Name"":""Error Code"",""#text"":""0x00000000""},{""@Name"":""Error Description"",""#text"":""The operation completed successfully. ""},{""@Name"":""Unused5""},{""@Name"":""Post Clean Status"",""#text"":""0""},{""@Name"":""Additional Actions ID"",""#text"":""0""},{""@Name"":""Additional Actions String"",""#text"":""No additional actions required""},{""@Name"":""Remediation User""},{""@Name"":""Unused6""},{""@Name"":""Security intelligence Version"",""#text"":""AV: 1.383.1419.0, AS: 1.383.1419.0, NIS: 1.383.1419.0""},{""@Name"":""Engine Version"",""#text"":""AM: 1.1.20000.2, NIS: 1.1.20000.2""}]}}"
232,232,2023-03-10 02:43:30.6006061,1117,Info,Microsoft-Windows-Windows Defender,Microsoft-Windows-Windows Defender/Operational,2080,2480,DESKTOP-887GK2L,5,S-1-5-18,Detection - The antimalware platform performed an action to protect your system from malware or other potentially unwanted software,Detection User: NT AUTHORITY\SYSTEM,,Malware name: Trojan:Win64/Meterpreter.B,Description: Trojan (Severe),Detection Time: 2023-03-10T02:43:17.090Z,Process (if real-time detection): C:\Windows\System32\svchost.exe,Detection ID: {0E6D6063-D778-443E-9F1A-A53C337D6E22},,file:_C:\Users\CyberJunkie\AppData\Local\Temp\msf.dll,False,C:\Users\turan\Desktop\defense-work-evtx-files\Windows Defender-Operational.evtx,Classic,0,"{""EventData"":{""Data"":[{""@Name"":""Product Name"",""#text"":""Microsoft Defender Antivirus""},{""@Name"":""Product Version"",""#text"":""4.18.2301.6""},{""@Name"":""Detection ID"",""#text"":""{0E6D6063-D778-443E-9F1A-A53C337D6E22}""},{""@Name"":""Detection Time"",""#text"":""2023-03-10T02:43:17.090Z""},{""@Name"":""Unused""},{""@Name"":""Unused2""},{""@Name"":""Threat ID"",""#text"":""2147721790""},{""@Name"":""Threat Name"",""#text"":""Trojan:Win64/Meterpreter.B""},{""@Name"":""Severity ID"",""#text"":""5""},{""@Name"":""Severity Name"",""#text"":""Severe""},{""@Name"":""Category ID"",""#text"":""8""},{""@Name"":""Category Name"",""#text"":""Trojan""},{""@Name"":""FWLink"",""#text"":""https://go.microsoft.com/fwlink/?linkid=37020&amp;name=Trojan:Win64/Meterpreter.B&amp;threatid=2147721790&amp;enterprise=0""},{""@Name"":""Status Code"",""#text"":""3""},{""@Name"":""Status Description""},{""@Name"":""State"",""#text"":""3""},{""@Name"":""Source ID"",""#text"":""3""},{""@Name"":""Source Name"",""#text"":""Real-Time Protection""},{""@Name"":""Process Name"",""#text"":""C:\\Windows\\System32\\svchost.exe""},{""@Name"":""Detection User"",""#text"":""NT AUTHORITY\\SYSTEM""},{""@Name"":""Unused3""},{""@Name"":""Path"",""#text"":""file:_C:\\Users\\CyberJunkie\\AppData\\Local\\Temp\\msf.dll""},{""@Name"":""Origin ID"",""#text"":""1""},{""@Name"":""Origin Name"",""#text"":""Local machine""},{""@Name"":""Execution ID"",""#text"":""1""},{""@Name"":""Execution Name"",""#text"":""Suspended""},{""@Name"":""Type ID"",""#text"":""0""},{""@Name"":""Type Name"",""#text"":""Concrete""},{""@Name"":""Pre Execution Status"",""#text"":""0""},{""@Name"":""Action ID"",""#text"":""2""},{""@Name"":""Action Name"",""#text"":""Quarantine""},{""@Name"":""Unused4""},{""@Name"":""Error Code"",""#text"":""0x00000000""},{""@Name"":""Error Description"",""#text"":""The operation completed successfully. ""},{""@Name"":""Unused5""},{""@Name"":""Post Clean Status"",""#text"":""0""},{""@Name"":""Additional Actions ID"",""#text"":""8""},{""@Name"":""Additional Actions String"",""#text"":""To finish removing malware and other potentially unwanted software, restart the device. ""},{""@Name"":""Remediation User"",""#text"":""NT AUTHORITY\\SYSTEM""},{""@Name"":""Unused6""},{""@Name"":""Security intelligence Version"",""#text"":""AV: 1.383.1419.0, AS: 1.383.1419.0, NIS: 1.383.1419.0""},{""@Name"":""Engine Version"",""#text"":""AM: 1.1.20000.2, NIS: 1.1.20000.2""}]}}"
233,233,2023-03-10 02:43:30.6096542,1116,Warning,Microsoft-Windows-Windows Defender,Microsoft-Windows-Windows Defender/Operational,2080,2480,DESKTOP-887GK2L,5,S-1-5-18,Detection - The antimalware platform detected malware or other potentially unwanted software,Detection User: NT AUTHORITY\SYSTEM,,Malware name: Trojan:Win64/Meterpreter.B,Description: Trojan (Severe),Detection Time: 2023-03-10T02:43:30.448Z,Process (if real-time detection): C:\Windows\System32\svchost.exe,Detection ID: {BEA9B353-4A46-40D5-98FE-34FC4A243993},,file:_C:\Users\CyberJunkie\AppData\Local\Temp\msf.dll,False,C:\Users\turan\Desktop\defense-work-evtx-files\Windows Defender-Operational.evtx,Classic,0,"{""EventData"":{""Data"":[{""@Name"":""Product Name"",""#text"":""Microsoft Defender Antivirus""},{""@Name"":""Product Version"",""#text"":""4.18.2301.6""},{""@Name"":""Detection ID"",""#text"":""{BEA9B353-4A46-40D5-98FE-34FC4A243993}""},{""@Name"":""Detection Time"",""#text"":""2023-03-10T02:43:30.448Z""},{""@Name"":""Unused""},{""@Name"":""Unused2""},{""@Name"":""Threat ID"",""#text"":""2147721790""},{""@Name"":""Threat Name"",""#text"":""Trojan:Win64/Meterpreter.B""},{""@Name"":""Severity ID"",""#text"":""5""},{""@Name"":""Severity Name"",""#text"":""Severe""},{""@Name"":""Category ID"",""#text"":""8""},{""@Name"":""Category Name"",""#text"":""Trojan""},{""@Name"":""FWLink"",""#text"":""https://go.microsoft.com/fwlink/?linkid=37020&amp;name=Trojan:Win64/Meterpreter.B&amp;threatid=2147721790&amp;enterprise=0""},{""@Name"":""Status Code"",""#text"":""1""},{""@Name"":""Status Description""},{""@Name"":""State"",""#text"":""1""},{""@Name"":""Source ID"",""#text"":""3""},{""@Name"":""Source Name"",""#text"":""Real-Time Protection""},{""@Name"":""Process Name"",""#text"":""C:\\Windows\\System32\\svchost.exe""},{""@Name"":""Detection User"",""#text"":""NT AUTHORITY\\SYSTEM""},{""@Name"":""Unused3""},{""@Name"":""Path"",""#text"":""file:_C:\\Users\\CyberJunkie\\AppData\\Local\\Temp\\msf.dll""},{""@Name"":""Origin ID"",""#text"":""1""},{""@Name"":""Origin Name"",""#text"":""Local machine""},{""@Name"":""Execution ID"",""#text"":""1""},{""@Name"":""Execution Name"",""#text"":""Suspended""},{""@Name"":""Type ID"",""#text"":""0""},{""@Name"":""Type Name"",""#text"":""Concrete""},{""@Name"":""Pre Execution Status"",""#text"":""0""},{""@Name"":""Action ID"",""#text"":""9""},{""@Name"":""Action Name"",""#text"":""Not Applicable""},{""@Name"":""Unused4""},{""@Name"":""Error Code"",""#text"":""0x00000000""},{""@Name"":""Error Description"",""#text"":""The operation completed successfully. ""},{""@Name"":""Unused5""},{""@Name"":""Post Clean Status"",""#text"":""0""},{""@Name"":""Additional Actions ID"",""#text"":""0""},{""@Name"":""Additional Actions String"",""#text"":""No additional actions required""},{""@Name"":""Remediation User""},{""@Name"":""Unused6""},{""@Name"":""Security intelligence Version"",""#text"":""AV: 1.383.1419.0, AS: 1.383.1419.0, NIS: 1.383.1419.0""},{""@Name"":""Engine Version"",""#text"":""AM: 1.1.20000.2, NIS: 1.1.20000.2""}]}}"
234,234,2023-03-10 02:43:43.9638161,1116,Warning,Microsoft-Windows-Windows Defender,Microsoft-Windows-Windows Defender/Operational,2080,4960,DESKTOP-887GK2L,5,S-1-5-18,Detection - The antimalware platform detected malware or other potentially unwanted software,Detection User: NT AUTHORITY\SYSTEM,,Malware name: Trojan:Win64/Meterpreter.B,Description: Trojan (Severe),Detection Time: 2023-03-10T02:43:43.830Z,Process (if real-time detection): C:\Windows\System32\svchost.exe,Detection ID: {1CDCAD70-0602-411E-AF5C-162863FB9FC6},,file:_C:\Users\CyberJunkie\AppData\Local\Temp\msf.dll,False,C:\Users\turan\Desktop\defense-work-evtx-files\Windows Defender-Operational.evtx,Classic,0,"{""EventData"":{""Data"":[{""@Name"":""Product Name"",""#text"":""Microsoft Defender Antivirus""},{""@Name"":""Product Version"",""#text"":""4.18.2301.6""},{""@Name"":""Detection ID"",""#text"":""{1CDCAD70-0602-411E-AF5C-162863FB9FC6}""},{""@Name"":""Detection Time"",""#text"":""2023-03-10T02:43:43.830Z""},{""@Name"":""Unused""},{""@Name"":""Unused2""},{""@Name"":""Threat ID"",""#text"":""2147721790""},{""@Name"":""Threat Name"",""#text"":""Trojan:Win64/Meterpreter.B""},{""@Name"":""Severity ID"",""#text"":""5""},{""@Name"":""Severity Name"",""#text"":""Severe""},{""@Name"":""Category ID"",""#text"":""8""},{""@Name"":""Category Name"",""#text"":""Trojan""},{""@Name"":""FWLink"",""#text"":""https://go.microsoft.com/fwlink/?linkid=37020&amp;name=Trojan:Win64/Meterpreter.B&amp;threatid=2147721790&amp;enterprise=0""},{""@Name"":""Status Code"",""#text"":""1""},{""@Name"":""Status Description""},{""@Name"":""State"",""#text"":""1""},{""@Name"":""Source ID"",""#text"":""3""},{""@Name"":""Source Name"",""#text"":""Real-Time Protection""},{""@Name"":""Process Name"",""#text"":""C:\\Windows\\System32\\svchost.exe""},{""@Name"":""Detection User"",""#text"":""NT AUTHORITY\\SYSTEM""},{""@Name"":""Unused3""},{""@Name"":""Path"",""#text"":""file:_C:\\Users\\CyberJunkie\\AppData\\Local\\Temp\\msf.dll""},{""@Name"":""Origin ID"",""#text"":""1""},{""@Name"":""Origin Name"",""#text"":""Local machine""},{""@Name"":""Execution ID"",""#text"":""1""},{""@Name"":""Execution Name"",""#text"":""Suspended""},{""@Name"":""Type ID"",""#text"":""0""},{""@Name"":""Type Name"",""#text"":""Concrete""},{""@Name"":""Pre Execution Status"",""#text"":""0""},{""@Name"":""Action ID"",""#text"":""9""},{""@Name"":""Action Name"",""#text"":""Not Applicable""},{""@Name"":""Unused4""},{""@Name"":""Error Code"",""#text"":""0x00000000""},{""@Name"":""Error Description"",""#text"":""The operation completed successfully. ""},{""@Name"":""Unused5""},{""@Name"":""Post Clean Status"",""#text"":""0""},{""@Name"":""Additional Actions ID"",""#text"":""0""},{""@Name"":""Additional Actions String"",""#text"":""No additional actions required""},{""@Name"":""Remediation User""},{""@Name"":""Unused6""},{""@Name"":""Security intelligence Version"",""#text"":""AV: 1.383.1419.0, AS: 1.383.1419.0, NIS: 1.383.1419.0""},{""@Name"":""Engine Version"",""#text"":""AM: 1.1.20000.2, NIS: 1.1.20000.2""}]}}"
235,235,2023-03-10 02:43:43.9833876,1117,Info,Microsoft-Windows-Windows Defender,Microsoft-Windows-Windows Defender/Operational,2080,2480,DESKTOP-887GK2L,5,S-1-5-18,Detection - The antimalware platform performed an action to protect your system from malware or other potentially unwanted software,Detection User: NT AUTHORITY\SYSTEM,,Malware name: Trojan:Win64/Meterpreter.B,Description: Trojan (Severe),Detection Time: 2023-03-10T02:43:30.448Z,Process (if real-time detection): C:\Windows\System32\svchost.exe,Detection ID: {BEA9B353-4A46-40D5-98FE-34FC4A243993},,file:_C:\Users\CyberJunkie\AppData\Local\Temp\msf.dll,False,C:\Users\turan\Desktop\defense-work-evtx-files\Windows Defender-Operational.evtx,Classic,0,"{""EventData"":{""Data"":[{""@Name"":""Product Name"",""#text"":""Microsoft Defender Antivirus""},{""@Name"":""Product Version"",""#text"":""4.18.2301.6""},{""@Name"":""Detection ID"",""#text"":""{BEA9B353-4A46-40D5-98FE-34FC4A243993}""},{""@Name"":""Detection Time"",""#text"":""2023-03-10T02:43:30.448Z""},{""@Name"":""Unused""},{""@Name"":""Unused2""},{""@Name"":""Threat ID"",""#text"":""2147721790""},{""@Name"":""Threat Name"",""#text"":""Trojan:Win64/Meterpreter.B""},{""@Name"":""Severity ID"",""#text"":""5""},{""@Name"":""Severity Name"",""#text"":""Severe""},{""@Name"":""Category ID"",""#text"":""8""},{""@Name"":""Category Name"",""#text"":""Trojan""},{""@Name"":""FWLink"",""#text"":""https://go.microsoft.com/fwlink/?linkid=37020&amp;name=Trojan:Win64/Meterpreter.B&amp;threatid=2147721790&amp;enterprise=0""},{""@Name"":""Status Code"",""#text"":""3""},{""@Name"":""Status Description""},{""@Name"":""State"",""#text"":""3""},{""@Name"":""Source ID"",""#text"":""3""},{""@Name"":""Source Name"",""#text"":""Real-Time Protection""},{""@Name"":""Process Name"",""#text"":""C:\\Windows\\System32\\svchost.exe""},{""@Name"":""Detection User"",""#text"":""NT AUTHORITY\\SYSTEM""},{""@Name"":""Unused3""},{""@Name"":""Path"",""#text"":""file:_C:\\Users\\CyberJunkie\\AppData\\Local\\Temp\\msf.dll""},{""@Name"":""Origin ID"",""#text"":""1""},{""@Name"":""Origin Name"",""#text"":""Local machine""},{""@Name"":""Execution ID"",""#text"":""1""},{""@Name"":""Execution Name"",""#text"":""Suspended""},{""@Name"":""Type ID"",""#text"":""0""},{""@Name"":""Type Name"",""#text"":""Concrete""},{""@Name"":""Pre Execution Status"",""#text"":""0""},{""@Name"":""Action ID"",""#text"":""2""},{""@Name"":""Action Name"",""#text"":""Quarantine""},{""@Name"":""Unused4""},{""@Name"":""Error Code"",""#text"":""0x00000000""},{""@Name"":""Error Description"",""#text"":""The operation completed successfully. ""},{""@Name"":""Unused5""},{""@Name"":""Post Clean Status"",""#text"":""0""},{""@Name"":""Additional Actions ID"",""#text"":""8""},{""@Name"":""Additional Actions String"",""#text"":""To finish removing malware and other potentially unwanted software, restart the device. ""},{""@Name"":""Remediation User"",""#text"":""NT AUTHORITY\\SYSTEM""},{""@Name"":""Unused6""},{""@Name"":""Security intelligence Version"",""#text"":""AV: 1.383.1419.0, AS: 1.383.1419.0, NIS: 1.383.1419.0""},{""@Name"":""Engine Version"",""#text"":""AM: 1.1.20000.2, NIS: 1.1.20000.2""}]}}"
236,236,2023-03-10 02:43:43.9892772,1116,Warning,Microsoft-Windows-Windows Defender,Microsoft-Windows-Windows Defender/Operational,2080,2480,DESKTOP-887GK2L,5,S-1-5-18,Detection - The antimalware platform detected malware or other potentially unwanted software,Detection User: NT AUTHORITY\SYSTEM,,Malware name: Trojan:Win64/Meterpreter.B,Description: Trojan (Severe),Detection Time: 2023-03-10T02:43:43.830Z,Process (if real-time detection): C:\Windows\System32\svchost.exe,Detection ID: {1CDCAD70-0602-411E-AF5C-162863FB9FC6},,file:_C:\Users\CyberJunkie\AppData\Local\Temp\msf.dll,False,C:\Users\turan\Desktop\defense-work-evtx-files\Windows Defender-Operational.evtx,Classic,0,"{""EventData"":{""Data"":[{""@Name"":""Product Name"",""#text"":""Microsoft Defender Antivirus""},{""@Name"":""Product Version"",""#text"":""4.18.2301.6""},{""@Name"":""Detection ID"",""#text"":""{1CDCAD70-0602-411E-AF5C-162863FB9FC6}""},{""@Name"":""Detection Time"",""#text"":""2023-03-10T02:43:43.830Z""},{""@Name"":""Unused""},{""@Name"":""Unused2""},{""@Name"":""Threat ID"",""#text"":""2147721790""},{""@Name"":""Threat Name"",""#text"":""Trojan:Win64/Meterpreter.B""},{""@Name"":""Severity ID"",""#text"":""5""},{""@Name"":""Severity Name"",""#text"":""Severe""},{""@Name"":""Category ID"",""#text"":""8""},{""@Name"":""Category Name"",""#text"":""Trojan""},{""@Name"":""FWLink"",""#text"":""https://go.microsoft.com/fwlink/?linkid=37020&amp;name=Trojan:Win64/Meterpreter.B&amp;threatid=2147721790&amp;enterprise=0""},{""@Name"":""Status Code"",""#text"":""1""},{""@Name"":""Status Description""},{""@Name"":""State"",""#text"":""1""},{""@Name"":""Source ID"",""#text"":""3""},{""@Name"":""Source Name"",""#text"":""Real-Time Protection""},{""@Name"":""Process Name"",""#text"":""C:\\Windows\\System32\\svchost.exe""},{""@Name"":""Detection User"",""#text"":""NT AUTHORITY\\SYSTEM""},{""@Name"":""Unused3""},{""@Name"":""Path"",""#text"":""file:_C:\\Users\\CyberJunkie\\AppData\\Local\\Temp\\msf.dll""},{""@Name"":""Origin ID"",""#text"":""1""},{""@Name"":""Origin Name"",""#text"":""Local machine""},{""@Name"":""Execution ID"",""#text"":""1""},{""@Name"":""Execution Name"",""#text"":""Suspended""},{""@Name"":""Type ID"",""#text"":""0""},{""@Name"":""Type Name"",""#text"":""Concrete""},{""@Name"":""Pre Execution Status"",""#text"":""0""},{""@Name"":""Action ID"",""#text"":""9""},{""@Name"":""Action Name"",""#text"":""Not Applicable""},{""@Name"":""Unused4""},{""@Name"":""Error Code"",""#text"":""0x00000000""},{""@Name"":""Error Description"",""#text"":""The operation completed successfully. ""},{""@Name"":""Unused5""},{""@Name"":""Post Clean Status"",""#text"":""0""},{""@Name"":""Additional Actions ID"",""#text"":""0""},{""@Name"":""Additional Actions String"",""#text"":""No additional actions required""},{""@Name"":""Remediation User""},{""@Name"":""Unused6""},{""@Name"":""Security intelligence Version"",""#text"":""AV: 1.383.1419.0, AS: 1.383.1419.0, NIS: 1.383.1419.0""},{""@Name"":""Engine Version"",""#text"":""AM: 1.1.20000.2, NIS: 1.1.20000.2""}]}}"
237,237,2023-03-10 02:43:57.0685493,1116,Warning,Microsoft-Windows-Windows Defender,Microsoft-Windows-Windows Defender/Operational,2080,4960,DESKTOP-887GK2L,5,S-1-5-18,Detection - The antimalware platform detected malware or other potentially unwanted software,Detection User: NT AUTHORITY\SYSTEM,,Malware name: Trojan:Win64/Meterpreter.B,Description: Trojan (Severe),Detection Time: 2023-03-10T02:43:56.945Z,Process (if real-time detection): C:\Windows\System32\svchost.exe,Detection ID: {CBFE3BB2-3654-4F78-BF77-F8D98D836C0A},,file:_C:\Users\CyberJunkie\AppData\Local\Temp\msf.dll,False,C:\Users\turan\Desktop\defense-work-evtx-files\Windows Defender-Operational.evtx,Classic,0,"{""EventData"":{""Data"":[{""@Name"":""Product Name"",""#text"":""Microsoft Defender Antivirus""},{""@Name"":""Product Version"",""#text"":""4.18.2301.6""},{""@Name"":""Detection ID"",""#text"":""{CBFE3BB2-3654-4F78-BF77-F8D98D836C0A}""},{""@Name"":""Detection Time"",""#text"":""2023-03-10T02:43:56.945Z""},{""@Name"":""Unused""},{""@Name"":""Unused2""},{""@Name"":""Threat ID"",""#text"":""2147721790""},{""@Name"":""Threat Name"",""#text"":""Trojan:Win64/Meterpreter.B""},{""@Name"":""Severity ID"",""#text"":""5""},{""@Name"":""Severity Name"",""#text"":""Severe""},{""@Name"":""Category ID"",""#text"":""8""},{""@Name"":""Category Name"",""#text"":""Trojan""},{""@Name"":""FWLink"",""#text"":""https://go.microsoft.com/fwlink/?linkid=37020&amp;name=Trojan:Win64/Meterpreter.B&amp;threatid=2147721790&amp;enterprise=0""},{""@Name"":""Status Code"",""#text"":""1""},{""@Name"":""Status Description""},{""@Name"":""State"",""#text"":""1""},{""@Name"":""Source ID"",""#text"":""3""},{""@Name"":""Source Name"",""#text"":""Real-Time Protection""},{""@Name"":""Process Name"",""#text"":""C:\\Windows\\System32\\svchost.exe""},{""@Name"":""Detection User"",""#text"":""NT AUTHORITY\\SYSTEM""},{""@Name"":""Unused3""},{""@Name"":""Path"",""#text"":""file:_C:\\Users\\CyberJunkie\\AppData\\Local\\Temp\\msf.dll""},{""@Name"":""Origin ID"",""#text"":""1""},{""@Name"":""Origin Name"",""#text"":""Local machine""},{""@Name"":""Execution ID"",""#text"":""1""},{""@Name"":""Execution Name"",""#text"":""Suspended""},{""@Name"":""Type ID"",""#text"":""0""},{""@Name"":""Type Name"",""#text"":""Concrete""},{""@Name"":""Pre Execution Status"",""#text"":""0""},{""@Name"":""Action ID"",""#text"":""9""},{""@Name"":""Action Name"",""#text"":""Not Applicable""},{""@Name"":""Unused4""},{""@Name"":""Error Code"",""#text"":""0x00000000""},{""@Name"":""Error Description"",""#text"":""The operation completed successfully. ""},{""@Name"":""Unused5""},{""@Name"":""Post Clean Status"",""#text"":""0""},{""@Name"":""Additional Actions ID"",""#text"":""0""},{""@Name"":""Additional Actions String"",""#text"":""No additional actions required""},{""@Name"":""Remediation User""},{""@Name"":""Unused6""},{""@Name"":""Security intelligence Version"",""#text"":""AV: 1.383.1419.0, AS: 1.383.1419.0, NIS: 1.383.1419.0""},{""@Name"":""Engine Version"",""#text"":""AM: 1.1.20000.2, NIS: 1.1.20000.2""}]}}"
