254,254,2023-03-10 02:45:00.9477313,1116,Warning,Microsoft-Windows-Windows Defender,Microsoft-Windows-Windows Defender/Operational,2080,2480,DESKTOP-887GK2L,6,S-1-5-18,Detection - The antimalware platform detected malware or other potentially unwanted software,Detection User: NT AUTHORITY\SYSTEM,,Malware name: Trojan:Win64/Meterpreter.B,Description: Trojan (Severe),Detection Time: 2023-03-10T02:45:00.791Z,Process (if real-time detection): C:\Windows\System32\svchost.exe,Detection ID: {6BB6E3A3-ABD7-4881-8727-5772EE79C8F8},,file:_C:\Users\CyberJunkie\AppData\Local\Temp\msf.dll,False,C:\Users\turan\Desktop\defense-work-evtx-files\Windows Defender-Operational.evtx,Classic,0,"{""EventData"":{""Data"":[{""@Name"":""Product Name"",""#text"":""Microsoft Defender Antivirus""},{""@Name"":""Product Version"",""#text"":""4.18.2301.6""},{""@Name"":""Detection ID"",""#text"":""{6BB6E3A3-ABD7-4881-8727-5772EE79C8F8}""},{""@Name"":""Detection Time"",""#text"":""2023-03-10T02:45:00.791Z""},{""@Name"":""Unused""},{""@Name"":""Unused2""},{""@Name"":""Threat ID"",""#text"":""2147721790""},{""@Name"":""Threat Name"",""#text"":""Trojan:Win64/Meterpreter.B""},{""@Name"":""Severity ID"",""#text"":""5""},{""@Name"":""Severity Name"",""#text"":""Severe""},{""@Name"":""Category ID"",""#text"":""8""},{""@Name"":""Category Name"",""#text"":""Trojan""},{""@Name"":""FWLink"",""#text"":""https://go.microsoft.com/fwlink/?linkid=37020&amp;name=Trojan:Win64/Meterpreter.B&amp;threatid=2147721790&amp;enterprise=0""},{""@Name"":""Status Code"",""#text"":""1""},{""@Name"":""Status Description""},{""@Name"":""State"",""#text"":""1""},{""@Name"":""Source ID"",""#text"":""3""},{""@Name"":""Source Name"",""#text"":""Real-Time Protection""},{""@Name"":""Process Name"",""#text"":""C:\\Windows\\System32\\svchost.exe""},{""@Name"":""Detection User"",""#text"":""NT AUTHORITY\\SYSTEM""},{""@Name"":""Unused3""},{""@Name"":""Path"",""#text"":""file:_C:\\Users\\CyberJunkie\\AppData\\Local\\Temp\\msf.dll""},{""@Name"":""Origin ID"",""#text"":""1""},{""@Name"":""Origin Name"",""#text"":""Local machine""},{""@Name"":""Execution ID"",""#text"":""1""},{""@Name"":""Execution Name"",""#text"":""Suspended""},{""@Name"":""Type ID"",""#text"":""0""},{""@Name"":""Type Name"",""#text"":""Concrete""},{""@Name"":""Pre Execution Status"",""#text"":""0""},{""@Name"":""Action ID"",""#text"":""9""},{""@Name"":""Action Name"",""#text"":""Not Applicable""},{""@Name"":""Unused4""},{""@Name"":""Error Code"",""#text"":""0x00000000""},{""@Name"":""Error Description"",""#text"":""The operation completed successfully. ""},{""@Name"":""Unused5""},{""@Name"":""Post Clean Status"",""#text"":""0""},{""@Name"":""Additional Actions ID"",""#text"":""0""},{""@Name"":""Additional Actions String"",""#text"":""No additional actions required""},{""@Name"":""Remediation User""},{""@Name"":""Unused6""},{""@Name"":""Security intelligence Version"",""#text"":""AV: 1.383.1419.0, AS: 1.383.1419.0, NIS: 1.383.1419.0""},{""@Name"":""Engine Version"",""#text"":""AM: 1.1.20000.2, NIS: 1.1.20000.2""}]}}"
255,255,2023-03-10 02:45:13.5841284,1116,Warning,Microsoft-Windows-Windows Defender,Microsoft-Windows-Windows Defender/Operational,2080,960,DESKTOP-887GK2L,6,S-1-5-18,Detection - The antimalware platform detected malware or other potentially unwanted software,Detection User: NT AUTHORITY\SYSTEM,,Malware name: Trojan:Win64/Meterpreter.B,Description: Trojan (Severe),Detection Time: 2023-03-10T02:45:13.432Z,Process (if real-time detection): C:\Windows\System32\svchost.exe,Detection ID: {C1C702E1-BCB7-4B9D-8ADA-891208A41B33},,file:_C:\Users\CyberJunkie\AppData\Local\Temp\msf.dll,False,C:\Users\turan\Desktop\defense-work-evtx-files\Windows Defender-Operational.evtx,Classic,0,"{""EventData"":{""Data"":[{""@Name"":""Product Name"",""#text"":""Microsoft Defender Antivirus""},{""@Name"":""Product Version"",""#text"":""4.18.2301.6""},{""@Name"":""Detection ID"",""#text"":""{C1C702E1-BCB7-4B9D-8ADA-891208A41B33}""},{""@Name"":""Detection Time"",""#text"":""2023-03-10T02:45:13.432Z""},{""@Name"":""Unused""},{""@Name"":""Unused2""},{""@Name"":""Threat ID"",""#text"":""2147721790""},{""@Name"":""Threat Name"",""#text"":""Trojan:Win64/Meterpreter.B""},{""@Name"":""Severity ID"",""#text"":""5""},{""@Name"":""Severity Name"",""#text"":""Severe""},{""@Name"":""Category ID"",""#text"":""8""},{""@Name"":""Category Name"",""#text"":""Trojan""},{""@Name"":""FWLink"",""#text"":""https://go.microsoft.com/fwlink/?linkid=37020&amp;name=Trojan:Win64/Meterpreter.B&amp;threatid=2147721790&amp;enterprise=0""},{""@Name"":""Status Code"",""#text"":""1""},{""@Name"":""Status Description""},{""@Name"":""State"",""#text"":""1""},{""@Name"":""Source ID"",""#text"":""3""},{""@Name"":""Source Name"",""#text"":""Real-Time Protection""},{""@Name"":""Process Name"",""#text"":""C:\\Windows\\System32\\svchost.exe""},{""@Name"":""Detection User"",""#text"":""NT AUTHORITY\\SYSTEM""},{""@Name"":""Unused3""},{""@Name"":""Path"",""#text"":""file:_C:\\Users\\CyberJunkie\\AppData\\Local\\Temp\\msf.dll""},{""@Name"":""Origin ID"",""#text"":""1""},{""@Name"":""Origin Name"",""#text"":""Local machine""},{""@Name"":""Execution ID"",""#text"":""1""},{""@Name"":""Execution Name"",""#text"":""Suspended""},{""@Name"":""Type ID"",""#text"":""0""},{""@Name"":""Type Name"",""#text"":""Concrete""},{""@Name"":""Pre Execution Status"",""#text"":""0""},{""@Name"":""Action ID"",""#text"":""9""},{""@Name"":""Action Name"",""#text"":""Not Applicable""},{""@Name"":""Unused4""},{""@Name"":""Error Code"",""#text"":""0x00000000""},{""@Name"":""Error Description"",""#text"":""The operation completed successfully. ""},{""@Name"":""Unused5""},{""@Name"":""Post Clean Status"",""#text"":""0""},{""@Name"":""Additional Actions ID"",""#text"":""0""},{""@Name"":""Additional Actions String"",""#text"":""No additional actions required""},{""@Name"":""Remediation User""},{""@Name"":""Unused6""},{""@Name"":""Security intelligence Version"",""#text"":""AV: 1.383.1419.0, AS: 1.383.1419.0, NIS: 1.383.1419.0""},{""@Name"":""Engine Version"",""#text"":""AM: 1.1.20000.2, NIS: 1.1.20000.2""}]}}"
256,256,2023-03-10 02:45:13.5998252,1117,Info,Microsoft-Windows-Windows Defender,Microsoft-Windows-Windows Defender/Operational,2080,2480,DESKTOP-887GK2L,6,S-1-5-18,Detection - The antimalware platform performed an action to protect your system from malware or other potentially unwanted software,Detection User: NT AUTHORITY\SYSTEM,,Malware name: Trojan:Win64/Meterpreter.B,Description: Trojan (Severe),Detection Time: 2023-03-10T02:45:00.791Z,Process (if real-time detection): C:\Windows\System32\svchost.exe,Detection ID: {6BB6E3A3-ABD7-4881-8727-5772EE79C8F8},,file:_C:\Users\CyberJunkie\AppData\Local\Temp\msf.dll,False,C:\Users\turan\Desktop\defense-work-evtx-files\Windows Defender-Operational.evtx,Classic,0,"{""EventData"":{""Data"":[{""@Name"":""Product Name"",""#text"":""Microsoft Defender Antivirus""},{""@Name"":""Product Version"",""#text"":""4.18.2301.6""},{""@Name"":""Detection ID"",""#text"":""{6BB6E3A3-ABD7-4881-8727-5772EE79C8F8}""},{""@Name"":""Detection Time"",""#text"":""2023-03-10T02:45:00.791Z""},{""@Name"":""Unused""},{""@Name"":""Unused2""},{""@Name"":""Threat ID"",""#text"":""2147721790""},{""@Name"":""Threat Name"",""#text"":""Trojan:Win64/Meterpreter.B""},{""@Name"":""Severity ID"",""#text"":""5""},{""@Name"":""Severity Name"",""#text"":""Severe""},{""@Name"":""Category ID"",""#text"":""8""},{""@Name"":""Category Name"",""#text"":""Trojan""},{""@Name"":""FWLink"",""#text"":""https://go.microsoft.com/fwlink/?linkid=37020&amp;name=Trojan:Win64/Meterpreter.B&amp;threatid=2147721790&amp;enterprise=0""},{""@Name"":""Status Code"",""#text"":""3""},{""@Name"":""Status Description""},{""@Name"":""State"",""#text"":""3""},{""@Name"":""Source ID"",""#text"":""3""},{""@Name"":""Source Name"",""#text"":""Real-Time Protection""},{""@Name"":""Process Name"",""#text"":""C:\\Windows\\System32\\svchost.exe""},{""@Name"":""Detection User"",""#text"":""NT AUTHORITY\\SYSTEM""},{""@Name"":""Unused3""},{""@Name"":""Path"",""#text"":""file:_C:\\Users\\CyberJunkie\\AppData\\Local\\Temp\\msf.dll""},{""@Name"":""Origin ID"",""#text"":""1""},{""@Name"":""Origin Name"",""#text"":""Local machine""},{""@Name"":""Execution ID"",""#text"":""1""},{""@Name"":""Execution Name"",""#text"":""Suspended""},{""@Name"":""Type ID"",""#text"":""0""},{""@Name"":""Type Name"",""#text"":""Concrete""},{""@Name"":""Pre Execution Status"",""#text"":""0""},{""@Name"":""Action ID"",""#text"":""2""},{""@Name"":""Action Name"",""#text"":""Quarantine""},{""@Name"":""Unused4""},{""@Name"":""Error Code"",""#text"":""0x00000000""},{""@Name"":""Error Description"",""#text"":""The operation completed successfully. ""},{""@Name"":""Unused5""},{""@Name"":""Post Clean Status"",""#text"":""0""},{""@Name"":""Additional Actions ID"",""#text"":""8""},{""@Name"":""Additional Actions String"",""#text"":""To finish removing malware and other potentially unwanted software, restart the device. ""},{""@Name"":""Remediation User"",""#text"":""NT AUTHORITY\\SYSTEM""},{""@Name"":""Unused6""},{""@Name"":""Security intelligence Version"",""#text"":""AV: 1.383.1419.0, AS: 1.383.1419.0, NIS: 1.383.1419.0""},{""@Name"":""Engine Version"",""#text"":""AM: 1.1.20000.2, NIS: 1.1.20000.2""}]}}"
257,257,2023-03-10 02:45:13.6053875,1116,Warning,Microsoft-Windows-Windows Defender,Microsoft-Windows-Windows Defender/Operational,2080,2480,DESKTOP-887GK2L,6,S-1-5-18,Detection - The antimalware platform detected malware or other potentially unwanted software,Detection User: NT AUTHORITY\SYSTEM,,Malware name: Trojan:Win64/Meterpreter.B,Description: Trojan (Severe),Detection Time: 2023-03-10T02:45:13.432Z,Process (if real-time detection): C:\Windows\System32\svchost.exe,Detection ID: {C1C702E1-BCB7-4B9D-8ADA-891208A41B33},,file:_C:\Users\CyberJunkie\AppData\Local\Temp\msf.dll,False,C:\Users\turan\Desktop\defense-work-evtx-files\Windows Defender-Operational.evtx,Classic,0,"{""EventData"":{""Data"":[{""@Name"":""Product Name"",""#text"":""Microsoft Defender Antivirus""},{""@Name"":""Product Version"",""#text"":""4.18.2301.6""},{""@Name"":""Detection ID"",""#text"":""{C1C702E1-BCB7-4B9D-8ADA-891208A41B33}""},{""@Name"":""Detection Time"",""#text"":""2023-03-10T02:45:13.432Z""},{""@Name"":""Unused""},{""@Name"":""Unused2""},{""@Name"":""Threat ID"",""#text"":""2147721790""},{""@Name"":""Threat Name"",""#text"":""Trojan:Win64/Meterpreter.B""},{""@Name"":""Severity ID"",""#text"":""5""},{""@Name"":""Severity Name"",""#text"":""Severe""},{""@Name"":""Category ID"",""#text"":""8""},{""@Name"":""Category Name"",""#text"":""Trojan""},{""@Name"":""FWLink"",""#text"":""https://go.microsoft.com/fwlink/?linkid=37020&amp;name=Trojan:Win64/Meterpreter.B&amp;threatid=2147721790&amp;enterprise=0""},{""@Name"":""Status Code"",""#text"":""1""},{""@Name"":""Status Description""},{""@Name"":""State"",""#text"":""1""},{""@Name"":""Source ID"",""#text"":""3""},{""@Name"":""Source Name"",""#text"":""Real-Time Protection""},{""@Name"":""Process Name"",""#text"":""C:\\Windows\\System32\\svchost.exe""},{""@Name"":""Detection User"",""#text"":""NT AUTHORITY\\SYSTEM""},{""@Name"":""Unused3""},{""@Name"":""Path"",""#text"":""file:_C:\\Users\\CyberJunkie\\AppData\\Local\\Temp\\msf.dll""},{""@Name"":""Origin ID"",""#text"":""1""},{""@Name"":""Origin Name"",""#text"":""Local machine""},{""@Name"":""Execution ID"",""#text"":""1""},{""@Name"":""Execution Name"",""#text"":""Suspended""},{""@Name"":""Type ID"",""#text"":""0""},{""@Name"":""Type Name"",""#text"":""Concrete""},{""@Name"":""Pre Execution Status"",""#text"":""0""},{""@Name"":""Action ID"",""#text"":""9""},{""@Name"":""Action Name"",""#text"":""Not Applicable""},{""@Name"":""Unused4""},{""@Name"":""Error Code"",""#text"":""0x00000000""},{""@Name"":""Error Description"",""#text"":""The operation completed successfully. ""},{""@Name"":""Unused5""},{""@Name"":""Post Clean Status"",""#text"":""0""},{""@Name"":""Additional Actions ID"",""#text"":""0""},{""@Name"":""Additional Actions String"",""#text"":""No additional actions required""},{""@Name"":""Remediation User""},{""@Name"":""Unused6""},{""@Name"":""Security intelligence Version"",""#text"":""AV: 1.383.1419.0, AS: 1.383.1419.0, NIS: 1.383.1419.0""},{""@Name"":""Engine Version"",""#text"":""AM: 1.1.20000.2, NIS: 1.1.20000.2""}]}}"
258,258,2023-03-10 02:45:26.3827366,1116,Warning,Microsoft-Windows-Windows Defender,Microsoft-Windows-Windows Defender/Operational,2080,4960,DESKTOP-887GK2L,6,S-1-5-18,Detection - The antimalware platform detected malware or other potentially unwanted software,Detection User: NT AUTHORITY\SYSTEM,,Malware name: Trojan:Win64/Meterpreter.B,Description: Trojan (Severe),Detection Time: 2023-03-10T02:45:26.232Z,Process (if real-time detection): C:\Windows\System32\svchost.exe,Detection ID: {E19A8EB0-410F-45DC-94EB-549C89525E7A},,file:_C:\Users\CyberJunkie\AppData\Local\Temp\msf.dll,False,C:\Users\turan\Desktop\defense-work-evtx-files\Windows Defender-Operational.evtx,Classic,0,"{""EventData"":{""Data"":[{""@Name"":""Product Name"",""#text"":""Microsoft Defender Antivirus""},{""@Name"":""Product Version"",""#text"":""4.18.2301.6""},{""@Name"":""Detection ID"",""#text"":""{E19A8EB0-410F-45DC-94EB-549C89525E7A}""},{""@Name"":""Detection Time"",""#text"":""2023-03-10T02:45:26.232Z""},{""@Name"":""Unused""},{""@Name"":""Unused2""},{""@Name"":""Threat ID"",""#text"":""2147721790""},{""@Name"":""Threat Name"",""#text"":""Trojan:Win64/Meterpreter.B""},{""@Name"":""Severity ID"",""#text"":""5""},{""@Name"":""Severity Name"",""#text"":""Severe""},{""@Name"":""Category ID"",""#text"":""8""},{""@Name"":""Category Name"",""#text"":""Trojan""},{""@Name"":""FWLink"",""#text"":""https://go.microsoft.com/fwlink/?linkid=37020&amp;name=Trojan:Win64/Meterpreter.B&amp;threatid=2147721790&amp;enterprise=0""},{""@Name"":""Status Code"",""#text"":""1""},{""@Name"":""Status Description""},{""@Name"":""State"",""#text"":""1""},{""@Name"":""Source ID"",""#text"":""3""},{""@Name"":""Source Name"",""#text"":""Real-Time Protection""},{""@Name"":""Process Name"",""#text"":""C:\\Windows\\System32\\svchost.exe""},{""@Name"":""Detection User"",""#text"":""NT AUTHORITY\\SYSTEM""},{""@Name"":""Unused3""},{""@Name"":""Path"",""#text"":""file:_C:\\Users\\CyberJunkie\\AppData\\Local\\Temp\\msf.dll""},{""@Name"":""Origin ID"",""#text"":""1""},{""@Name"":""Origin Name"",""#text"":""Local machine""},{""@Name"":""Execution ID"",""#text"":""1""},{""@Name"":""Execution Name"",""#text"":""Suspended""},{""@Name"":""Type ID"",""#text"":""0""},{""@Name"":""Type Name"",""#text"":""Concrete""},{""@Name"":""Pre Execution Status"",""#text"":""0""},{""@Name"":""Action ID"",""#text"":""9""},{""@Name"":""Action Name"",""#text"":""Not Applicable""},{""@Name"":""Unused4""},{""@Name"":""Error Code"",""#text"":""0x00000000""},{""@Name"":""Error Description"",""#text"":""The operation completed successfully. ""},{""@Name"":""Unused5""},{""@Name"":""Post Clean Status"",""#text"":""0""},{""@Name"":""Additional Actions ID"",""#text"":""0""},{""@Name"":""Additional Actions String"",""#text"":""No additional actions required""},{""@Name"":""Remediation User""},{""@Name"":""Unused6""},{""@Name"":""Security intelligence Version"",""#text"":""AV: 1.383.1419.0, AS: 1.383.1419.0, NIS: 1.383.1419.0""},{""@Name"":""Engine Version"",""#text"":""AM: 1.1.20000.2, NIS: 1.1.20000.2""}]}}"
259,259,2023-03-10 02:45:26.3985734,1117,Info,Microsoft-Windows-Windows Defender,Microsoft-Windows-Windows Defender/Operational,2080,2480,DESKTOP-887GK2L,6,S-1-5-18,Detection - The antimalware platform performed an action to protect your system from malware or other potentially unwanted software,Detection User: NT AUTHORITY\SYSTEM,,Malware name: Trojan:Win64/Meterpreter.B,Description: Trojan (Severe),Detection Time: 2023-03-10T02:45:13.432Z,Process (if real-time detection): C:\Windows\System32\svchost.exe,Detection ID: {C1C702E1-BCB7-4B9D-8ADA-891208A41B33},,file:_C:\Users\CyberJunkie\AppData\Local\Temp\msf.dll,False,C:\Users\turan\Desktop\defense-work-evtx-files\Windows Defender-Operational.evtx,Classic,0,"{""EventData"":{""Data"":[{""@Name"":""Product Name"",""#text"":""Microsoft Defender Antivirus""},{""@Name"":""Product Version"",""#text"":""4.18.2301.6""},{""@Name"":""Detection ID"",""#text"":""{C1C702E1-BCB7-4B9D-8ADA-891208A41B33}""},{""@Name"":""Detection Time"",""#text"":""2023-03-10T02:45:13.432Z""},{""@Name"":""Unused""},{""@Name"":""Unused2""},{""@Name"":""Threat ID"",""#text"":""2147721790""},{""@Name"":""Threat Name"",""#text"":""Trojan:Win64/Meterpreter.B""},{""@Name"":""Severity ID"",""#text"":""5""},{""@Name"":""Severity Name"",""#text"":""Severe""},{""@Name"":""Category ID"",""#text"":""8""},{""@Name"":""Category Name"",""#text"":""Trojan""},{""@Name"":""FWLink"",""#text"":""https://go.microsoft.com/fwlink/?linkid=37020&amp;name=Trojan:Win64/Meterpreter.B&amp;threatid=2147721790&amp;enterprise=0""},{""@Name"":""Status Code"",""#text"":""3""},{""@Name"":""Status Description""},{""@Name"":""State"",""#text"":""3""},{""@Name"":""Source ID"",""#text"":""3""},{""@Name"":""Source Name"",""#text"":""Real-Time Protection""},{""@Name"":""Process Name"",""#text"":""C:\\Windows\\System32\\svchost.exe""},{""@Name"":""Detection User"",""#text"":""NT AUTHORITY\\SYSTEM""},{""@Name"":""Unused3""},{""@Name"":""Path"",""#text"":""file:_C:\\Users\\CyberJunkie\\AppData\\Local\\Temp\\msf.dll""},{""@Name"":""Origin ID"",""#text"":""1""},{""@Name"":""Origin Name"",""#text"":""Local machine""},{""@Name"":""Execution ID"",""#text"":""1""},{""@Name"":""Execution Name"",""#text"":""Suspended""},{""@Name"":""Type ID"",""#text"":""0""},{""@Name"":""Type Name"",""#text"":""Concrete""},{""@Name"":""Pre Execution Status"",""#text"":""0""},{""@Name"":""Action ID"",""#text"":""2""},{""@Name"":""Action Name"",""#text"":""Quarantine""},{""@Name"":""Unused4""},{""@Name"":""Error Code"",""#text"":""0x00000000""},{""@Name"":""Error Description"",""#text"":""The operation completed successfully. ""},{""@Name"":""Unused5""},{""@Name"":""Post Clean Status"",""#text"":""0""},{""@Name"":""Additional Actions ID"",""#text"":""8""},{""@Name"":""Additional Actions String"",""#text"":""To finish removing malware and other potentially unwanted software, restart the device. ""},{""@Name"":""Remediation User"",""#text"":""NT AUTHORITY\\SYSTEM""},{""@Name"":""Unused6""},{""@Name"":""Security intelligence Version"",""#text"":""AV: 1.383.1419.0, AS: 1.383.1419.0, NIS: 1.383.1419.0""},{""@Name"":""Engine Version"",""#text"":""AM: 1.1.20000.2, NIS: 1.1.20000.2""}]}}"
260,260,2023-03-10 02:45:26.4041334,1116,Warning,Microsoft-Windows-Windows Defender,Microsoft-Windows-Windows Defender/Operational,2080,2480,DESKTOP-887GK2L,6,S-1-5-18,Detection - The antimalware platform detected malware or other potentially unwanted software,Detection User: NT AUTHORITY\SYSTEM,,Malware name: Trojan:Win64/Meterpreter.B,Description: Trojan (Severe),Detection Time: 2023-03-10T02:45:26.232Z,Process (if real-time detection): C:\Windows\System32\svchost.exe,Detection ID: {E19A8EB0-410F-45DC-94EB-549C89525E7A},,file:_C:\Users\CyberJunkie\AppData\Local\Temp\msf.dll,False,C:\Users\turan\Desktop\defense-work-evtx-files\Windows Defender-Operational.evtx,Classic,0,"{""EventData"":{""Data"":[{""@Name"":""Product Name"",""#text"":""Microsoft Defender Antivirus""},{""@Name"":""Product Version"",""#text"":""4.18.2301.6""},{""@Name"":""Detection ID"",""#text"":""{E19A8EB0-410F-45DC-94EB-549C89525E7A}""},{""@Name"":""Detection Time"",""#text"":""2023-03-10T02:45:26.232Z""},{""@Name"":""Unused""},{""@Name"":""Unused2""},{""@Name"":""Threat ID"",""#text"":""2147721790""},{""@Name"":""Threat Name"",""#text"":""Trojan:Win64/Meterpreter.B""},{""@Name"":""Severity ID"",""#text"":""5""},{""@Name"":""Severity Name"",""#text"":""Severe""},{""@Name"":""Category ID"",""#text"":""8""},{""@Name"":""Category Name"",""#text"":""Trojan""},{""@Name"":""FWLink"",""#text"":""https://go.microsoft.com/fwlink/?linkid=37020&amp;name=Trojan:Win64/Meterpreter.B&amp;threatid=2147721790&amp;enterprise=0""},{""@Name"":""Status Code"",""#text"":""1""},{""@Name"":""Status Description""},{""@Name"":""State"",""#text"":""1""},{""@Name"":""Source ID"",""#text"":""3""},{""@Name"":""Source Name"",""#text"":""Real-Time Protection""},{""@Name"":""Process Name"",""#text"":""C:\\Windows\\System32\\svchost.exe""},{""@Name"":""Detection User"",""#text"":""NT AUTHORITY\\SYSTEM""},{""@Name"":""Unused3""},{""@Name"":""Path"",""#text"":""file:_C:\\Users\\CyberJunkie\\AppData\\Local\\Temp\\msf.dll""},{""@Name"":""Origin ID"",""#text"":""1""},{""@Name"":""Origin Name"",""#text"":""Local machine""},{""@Name"":""Execution ID"",""#text"":""1""},{""@Name"":""Execution Name"",""#text"":""Suspended""},{""@Name"":""Type ID"",""#text"":""0""},{""@Name"":""Type Name"",""#text"":""Concrete""},{""@Name"":""Pre Execution Status"",""#text"":""0""},{""@Name"":""Action ID"",""#text"":""9""},{""@Name"":""Action Name"",""#text"":""Not Applicable""},{""@Name"":""Unused4""},{""@Name"":""Error Code"",""#text"":""0x00000000""},{""@Name"":""Error Description"",""#text"":""The operation completed successfully. ""},{""@Name"":""Unused5""},{""@Name"":""Post Clean Status"",""#text"":""0""},{""@Name"":""Additional Actions ID"",""#text"":""0""},{""@Name"":""Additional Actions String"",""#text"":""No additional actions required""},{""@Name"":""Remediation User""},{""@Name"":""Unused6""},{""@Name"":""Security intelligence Version"",""#text"":""AV: 1.383.1419.0, AS: 1.383.1419.0, NIS: 1.383.1419.0""},{""@Name"":""Engine Version"",""#text"":""AM: 1.1.20000.2, NIS: 1.1.20000.2""}]}}"
261,261,2023-03-10 02:45:39.2097925,1116,Warning,Microsoft-Windows-Windows Defender,Microsoft-Windows-Windows Defender/Operational,2080,4320,DESKTOP-887GK2L,6,S-1-5-18,Detection - The antimalware platform detected malware or other potentially unwanted software,Detection User: NT AUTHORITY\SYSTEM,,Malware name: Trojan:Win64/Meterpreter.B,Description: Trojan (Severe),Detection Time: 2023-03-10T02:45:39.082Z,Process (if real-time detection): C:\Windows\System32\svchost.exe,Detection ID: {347B27EC-35C7-4373-B3B8-72D932ACAC1E},,file:_C:\Users\CyberJunkie\AppData\Local\Temp\msf.dll,False,C:\Users\turan\Desktop\defense-work-evtx-files\Windows Defender-Operational.evtx,Classic,0,"{""EventData"":{""Data"":[{""@Name"":""Product Name"",""#text"":""Microsoft Defender Antivirus""},{""@Name"":""Product Version"",""#text"":""4.18.2301.6""},{""@Name"":""Detection ID"",""#text"":""{347B27EC-35C7-4373-B3B8-72D932ACAC1E}""},{""@Name"":""Detection Time"",""#text"":""2023-03-10T02:45:39.082Z""},{""@Name"":""Unused""},{""@Name"":""Unused2""},{""@Name"":""Threat ID"",""#text"":""2147721790""},{""@Name"":""Threat Name"",""#text"":""Trojan:Win64/Meterpreter.B""},{""@Name"":""Severity ID"",""#text"":""5""},{""@Name"":""Severity Name"",""#text"":""Severe""},{""@Name"":""Category ID"",""#text"":""8""},{""@Name"":""Category Name"",""#text"":""Trojan""},{""@Name"":""FWLink"",""#text"":""https://go.microsoft.com/fwlink/?linkid=37020&amp;name=Trojan:Win64/Meterpreter.B&amp;threatid=2147721790&amp;enterprise=0""},{""@Name"":""Status Code"",""#text"":""1""},{""@Name"":""Status Description""},{""@Name"":""State"",""#text"":""1""},{""@Name"":""Source ID"",""#text"":""3""},{""@Name"":""Source Name"",""#text"":""Real-Time Protection""},{""@Name"":""Process Name"",""#text"":""C:\\Windows\\System32\\svchost.exe""},{""@Name"":""Detection User"",""#text"":""NT AUTHORITY\\SYSTEM""},{""@Name"":""Unused3""},{""@Name"":""Path"",""#text"":""file:_C:\\Users\\CyberJunkie\\AppData\\Local\\Temp\\msf.dll""},{""@Name"":""Origin ID"",""#text"":""1""},{""@Name"":""Origin Name"",""#text"":""Local machine""},{""@Name"":""Execution ID"",""#text"":""1""},{""@Name"":""Execution Name"",""#text"":""Suspended""},{""@Name"":""Type ID"",""#text"":""0""},{""@Name"":""Type Name"",""#text"":""Concrete""},{""@Name"":""Pre Execution Status"",""#text"":""0""},{""@Name"":""Action ID"",""#text"":""9""},{""@Name"":""Action Name"",""#text"":""Not Applicable""},{""@Name"":""Unused4""},{""@Name"":""Error Code"",""#text"":""0x00000000""},{""@Name"":""Error Description"",""#text"":""The operation completed successfully. ""},{""@Name"":""Unused5""},{""@Name"":""Post Clean Status"",""#text"":""0""},{""@Name"":""Additional Actions ID"",""#text"":""0""},{""@Name"":""Additional Actions String"",""#text"":""No additional actions required""},{""@Name"":""Remediation User""},{""@Name"":""Unused6""},{""@Name"":""Security intelligence Version"",""#text"":""AV: 1.383.1419.0, AS: 1.383.1419.0, NIS: 1.383.1419.0""},{""@Name"":""Engine Version"",""#text"":""AM: 1.1.20000.2, NIS: 1.1.20000.2""}]}}"
262,262,2023-03-10 02:45:39.2252674,1117,Info,Microsoft-Windows-Windows Defender,Microsoft-Windows-Windows Defender/Operational,2080,2480,DESKTOP-887GK2L,6,S-1-5-18,Detection - The antimalware platform performed an action to protect your system from malware or other potentially unwanted software,Detection User: NT AUTHORITY\SYSTEM,,Malware name: Trojan:Win64/Meterpreter.B,Description: Trojan (Severe),Detection Time: 2023-03-10T02:45:26.232Z,Process (if real-time detection): C:\Windows\System32\svchost.exe,Detection ID: {E19A8EB0-410F-45DC-94EB-549C89525E7A},,file:_C:\Users\CyberJunkie\AppData\Local\Temp\msf.dll,False,C:\Users\turan\Desktop\defense-work-evtx-files\Windows Defender-Operational.evtx,Classic,0,"{""EventData"":{""Data"":[{""@Name"":""Product Name"",""#text"":""Microsoft Defender Antivirus""},{""@Name"":""Product Version"",""#text"":""4.18.2301.6""},{""@Name"":""Detection ID"",""#text"":""{E19A8EB0-410F-45DC-94EB-549C89525E7A}""},{""@Name"":""Detection Time"",""#text"":""2023-03-10T02:45:26.232Z""},{""@Name"":""Unused""},{""@Name"":""Unused2""},{""@Name"":""Threat ID"",""#text"":""2147721790""},{""@Name"":""Threat Name"",""#text"":""Trojan:Win64/Meterpreter.B""},{""@Name"":""Severity ID"",""#text"":""5""},{""@Name"":""Severity Name"",""#text"":""Severe""},{""@Name"":""Category ID"",""#text"":""8""},{""@Name"":""Category Name"",""#text"":""Trojan""},{""@Name"":""FWLink"",""#text"":""https://go.microsoft.com/fwlink/?linkid=37020&amp;name=Trojan:Win64/Meterpreter.B&amp;threatid=2147721790&amp;enterprise=0""},{""@Name"":""Status Code"",""#text"":""3""},{""@Name"":""Status Description""},{""@Name"":""State"",""#text"":""3""},{""@Name"":""Source ID"",""#text"":""3""},{""@Name"":""Source Name"",""#text"":""Real-Time Protection""},{""@Name"":""Process Name"",""#text"":""C:\\Windows\\System32\\svchost.exe""},{""@Name"":""Detection User"",""#text"":""NT AUTHORITY\\SYSTEM""},{""@Name"":""Unused3""},{""@Name"":""Path"",""#text"":""file:_C:\\Users\\CyberJunkie\\AppData\\Local\\Temp\\msf.dll""},{""@Name"":""Origin ID"",""#text"":""1""},{""@Name"":""Origin Name"",""#text"":""Local machine""},{""@Name"":""Execution ID"",""#text"":""1""},{""@Name"":""Execution Name"",""#text"":""Suspended""},{""@Name"":""Type ID"",""#text"":""0""},{""@Name"":""Type Name"",""#text"":""Concrete""},{""@Name"":""Pre Execution Status"",""#text"":""0""},{""@Name"":""Action ID"",""#text"":""2""},{""@Name"":""Action Name"",""#text"":""Quarantine""},{""@Name"":""Unused4""},{""@Name"":""Error Code"",""#text"":""0x00000000""},{""@Name"":""Error Description"",""#text"":""The operation completed successfully. ""},{""@Name"":""Unused5""},{""@Name"":""Post Clean Status"",""#text"":""0""},{""@Name"":""Additional Actions ID"",""#text"":""8""},{""@Name"":""Additional Actions String"",""#text"":""To finish removing malware and other potentially unwanted software, restart the device. ""},{""@Name"":""Remediation User"",""#text"":""NT AUTHORITY\\SYSTEM""},{""@Name"":""Unused6""},{""@Name"":""Security intelligence Version"",""#text"":""AV: 1.383.1419.0, AS: 1.383.1419.0, NIS: 1.383.1419.0""},{""@Name"":""Engine Version"",""#text"":""AM: 1.1.20000.2, NIS: 1.1.20000.2""}]}}"
263,263,2023-03-10 02:45:39.2304680,1116,Warning,Microsoft-Windows-Windows Defender,Microsoft-Windows-Windows Defender/Operational,2080,2480,DESKTOP-887GK2L,6,S-1-5-18,Detection - The antimalware platform detected malware or other potentially unwanted software,Detection User: NT AUTHORITY\SYSTEM,,Malware name: Trojan:Win64/Meterpreter.B,Description: Trojan (Severe),Detection Time: 2023-03-10T02:45:39.082Z,Process (if real-time detection): C:\Windows\System32\svchost.exe,Detection ID: {347B27EC-35C7-4373-B3B8-72D932ACAC1E},,file:_C:\Users\CyberJunkie\AppData\Local\Temp\msf.dll,False,C:\Users\turan\Desktop\defense-work-evtx-files\Windows Defender-Operational.evtx,Classic,0,"{""EventData"":{""Data"":[{""@Name"":""Product Name"",""#text"":""Microsoft Defender Antivirus""},{""@Name"":""Product Version"",""#text"":""4.18.2301.6""},{""@Name"":""Detection ID"",""#text"":""{347B27EC-35C7-4373-B3B8-72D932ACAC1E}""},{""@Name"":""Detection Time"",""#text"":""2023-03-10T02:45:39.082Z""},{""@Name"":""Unused""},{""@Name"":""Unused2""},{""@Name"":""Threat ID"",""#text"":""2147721790""},{""@Name"":""Threat Name"",""#text"":""Trojan:Win64/Meterpreter.B""},{""@Name"":""Severity ID"",""#text"":""5""},{""@Name"":""Severity Name"",""#text"":""Severe""},{""@Name"":""Category ID"",""#text"":""8""},{""@Name"":""Category Name"",""#text"":""Trojan""},{""@Name"":""FWLink"",""#text"":""https://go.microsoft.com/fwlink/?linkid=37020&amp;name=Trojan:Win64/Meterpreter.B&amp;threatid=2147721790&amp;enterprise=0""},{""@Name"":""Status Code"",""#text"":""1""},{""@Name"":""Status Description""},{""@Name"":""State"",""#text"":""1""},{""@Name"":""Source ID"",""#text"":""3""},{""@Name"":""Source Name"",""#text"":""Real-Time Protection""},{""@Name"":""Process Name"",""#text"":""C:\\Windows\\System32\\svchost.exe""},{""@Name"":""Detection User"",""#text"":""NT AUTHORITY\\SYSTEM""},{""@Name"":""Unused3""},{""@Name"":""Path"",""#text"":""file:_C:\\Users\\CyberJunkie\\AppData\\Local\\Temp\\msf.dll""},{""@Name"":""Origin ID"",""#text"":""1""},{""@Name"":""Origin Name"",""#text"":""Local machine""},{""@Name"":""Execution ID"",""#text"":""1""},{""@Name"":""Execution Name"",""#text"":""Suspended""},{""@Name"":""Type ID"",""#text"":""0""},{""@Name"":""Type Name"",""#text"":""Concrete""},{""@Name"":""Pre Execution Status"",""#text"":""0""},{""@Name"":""Action ID"",""#text"":""9""},{""@Name"":""Action Name"",""#text"":""Not Applicable""},{""@Name"":""Unused4""},{""@Name"":""Error Code"",""#text"":""0x00000000""},{""@Name"":""Error Description"",""#text"":""The operation completed successfully. ""},{""@Name"":""Unused5""},{""@Name"":""Post Clean Status"",""#text"":""0""},{""@Name"":""Additional Actions ID"",""#text"":""0""},{""@Name"":""Additional Actions String"",""#text"":""No additional actions required""},{""@Name"":""Remediation User""},{""@Name"":""Unused6""},{""@Name"":""Security intelligence Version"",""#text"":""AV: 1.383.1419.0, AS: 1.383.1419.0, NIS: 1.383.1419.0""},{""@Name"":""Engine Version"",""#text"":""AM: 1.1.20000.2, NIS: 1.1.20000.2""}]}}"
264,264,2023-03-10 02:45:52.1948308,1116,Warning,Microsoft-Windows-Windows Defender,Microsoft-Windows-Windows Defender/Operational,2080,7776,DESKTOP-887GK2L,6,S-1-5-18,Detection - The antimalware platform detected malware or other potentially unwanted software,Detection User: NT AUTHORITY\SYSTEM,,Malware name: Trojan:Win64/Meterpreter.B,Description: Trojan (Severe),Detection Time: 2023-03-10T02:45:52.062Z,Process (if real-time detection): C:\Windows\System32\svchost.exe,Detection ID: {9CE00381-D223-4C58-9833-B4BFA49D96C4},,file:_C:\Users\CyberJunkie\AppData\Local\Temp\msf.dll,False,C:\Users\turan\Desktop\defense-work-evtx-files\Windows Defender-Operational.evtx,Classic,0,"{""EventData"":{""Data"":[{""@Name"":""Product Name"",""#text"":""Microsoft Defender Antivirus""},{""@Name"":""Product Version"",""#text"":""4.18.2301.6""},{""@Name"":""Detection ID"",""#text"":""{9CE00381-D223-4C58-9833-B4BFA49D96C4}""},{""@Name"":""Detection Time"",""#text"":""2023-03-10T02:45:52.062Z""},{""@Name"":""Unused""},{""@Name"":""Unused2""},{""@Name"":""Threat ID"",""#text"":""2147721790""},{""@Name"":""Threat Name"",""#text"":""Trojan:Win64/Meterpreter.B""},{""@Name"":""Severity ID"",""#text"":""5""},{""@Name"":""Severity Name"",""#text"":""Severe""},{""@Name"":""Category ID"",""#text"":""8""},{""@Name"":""Category Name"",""#text"":""Trojan""},{""@Name"":""FWLink"",""#text"":""https://go.microsoft.com/fwlink/?linkid=37020&amp;name=Trojan:Win64/Meterpreter.B&amp;threatid=2147721790&amp;enterprise=0""},{""@Name"":""Status Code"",""#text"":""1""},{""@Name"":""Status Description""},{""@Name"":""State"",""#text"":""1""},{""@Name"":""Source ID"",""#text"":""3""},{""@Name"":""Source Name"",""#text"":""Real-Time Protection""},{""@Name"":""Process Name"",""#text"":""C:\\Windows\\System32\\svchost.exe""},{""@Name"":""Detection User"",""#text"":""NT AUTHORITY\\SYSTEM""},{""@Name"":""Unused3""},{""@Name"":""Path"",""#text"":""file:_C:\\Users\\CyberJunkie\\AppData\\Local\\Temp\\msf.dll""},{""@Name"":""Origin ID"",""#text"":""1""},{""@Name"":""Origin Name"",""#text"":""Local machine""},{""@Name"":""Execution ID"",""#text"":""1""},{""@Name"":""Execution Name"",""#text"":""Suspended""},{""@Name"":""Type ID"",""#text"":""0""},{""@Name"":""Type Name"",""#text"":""Concrete""},{""@Name"":""Pre Execution Status"",""#text"":""0""},{""@Name"":""Action ID"",""#text"":""9""},{""@Name"":""Action Name"",""#text"":""Not Applicable""},{""@Name"":""Unused4""},{""@Name"":""Error Code"",""#text"":""0x00000000""},{""@Name"":""Error Description"",""#text"":""The operation completed successfully. ""},{""@Name"":""Unused5""},{""@Name"":""Post Clean Status"",""#text"":""0""},{""@Name"":""Additional Actions ID"",""#text"":""0""},{""@Name"":""Additional Actions String"",""#text"":""No additional actions required""},{""@Name"":""Remediation User""},{""@Name"":""Unused6""},{""@Name"":""Security intelligence Version"",""#text"":""AV: 1.383.1419.0, AS: 1.383.1419.0, NIS: 1.383.1419.0""},{""@Name"":""Engine Version"",""#text"":""AM: 1.1.20000.2, NIS: 1.1.20000.2""}]}}"
265,265,2023-03-10 02:45:52.2098890,1117,Info,Microsoft-Windows-Windows Defender,Microsoft-Windows-Windows Defender/Operational,2080,2480,DESKTOP-887GK2L,6,S-1-5-18,Detection - The antimalware platform performed an action to protect your system from malware or other potentially unwanted software,Detection User: NT AUTHORITY\SYSTEM,,Malware name: Trojan:Win64/Meterpreter.B,Description: Trojan (Severe),Detection Time: 2023-03-10T02:45:39.082Z,Process (if real-time detection): C:\Windows\System32\svchost.exe,Detection ID: {347B27EC-35C7-4373-B3B8-72D932ACAC1E},,file:_C:\Users\CyberJunkie\AppData\Local\Temp\msf.dll,False,C:\Users\turan\Desktop\defense-work-evtx-files\Windows Defender-Operational.evtx,Classic,0,"{""EventData"":{""Data"":[{""@Name"":""Product Name"",""#text"":""Microsoft Defender Antivirus""},{""@Name"":""Product Version"",""#text"":""4.18.2301.6""},{""@Name"":""Detection ID"",""#text"":""{347B27EC-35C7-4373-B3B8-72D932ACAC1E}""},{""@Name"":""Detection Time"",""#text"":""2023-03-10T02:45:39.082Z""},{""@Name"":""Unused""},{""@Name"":""Unused2""},{""@Name"":""Threat ID"",""#text"":""2147721790""},{""@Name"":""Threat Name"",""#text"":""Trojan:Win64/Meterpreter.B""},{""@Name"":""Severity ID"",""#text"":""5""},{""@Name"":""Severity Name"",""#text"":""Severe""},{""@Name"":""Category ID"",""#text"":""8""},{""@Name"":""Category Name"",""#text"":""Trojan""},{""@Name"":""FWLink"",""#text"":""https://go.microsoft.com/fwlink/?linkid=37020&amp;name=Trojan:Win64/Meterpreter.B&amp;threatid=2147721790&amp;enterprise=0""},{""@Name"":""Status Code"",""#text"":""3""},{""@Name"":""Status Description""},{""@Name"":""State"",""#text"":""3""},{""@Name"":""Source ID"",""#text"":""3""},{""@Name"":""Source Name"",""#text"":""Real-Time Protection""},{""@Name"":""Process Name"",""#text"":""C:\\Windows\\System32\\svchost.exe""},{""@Name"":""Detection User"",""#text"":""NT AUTHORITY\\SYSTEM""},{""@Name"":""Unused3""},{""@Name"":""Path"",""#text"":""file:_C:\\Users\\CyberJunkie\\AppData\\Local\\Temp\\msf.dll""},{""@Name"":""Origin ID"",""#text"":""1""},{""@Name"":""Origin Name"",""#text"":""Local machine""},{""@Name"":""Execution ID"",""#text"":""1""},{""@Name"":""Execution Name"",""#text"":""Suspended""},{""@Name"":""Type ID"",""#text"":""0""},{""@Name"":""Type Name"",""#text"":""Concrete""},{""@Name"":""Pre Execution Status"",""#text"":""0""},{""@Name"":""Action ID"",""#text"":""2""},{""@Name"":""Action Name"",""#text"":""Quarantine""},{""@Name"":""Unused4""},{""@Name"":""Error Code"",""#text"":""0x00000000""},{""@Name"":""Error Description"",""#text"":""The operation completed successfully. ""},{""@Name"":""Unused5""},{""@Name"":""Post Clean Status"",""#text"":""0""},{""@Name"":""Additional Actions ID"",""#text"":""8""},{""@Name"":""Additional Actions String"",""#text"":""To finish removing malware and other potentially unwanted software, restart the device. ""},{""@Name"":""Remediation User"",""#text"":""NT AUTHORITY\\SYSTEM""},{""@Name"":""Unused6""},{""@Name"":""Security intelligence Version"",""#text"":""AV: 1.383.1419.0, AS: 1.383.1419.0, NIS: 1.383.1419.0""},{""@Name"":""Engine Version"",""#text"":""AM: 1.1.20000.2, NIS: 1.1.20000.2""}]}}"
266,266,2023-03-10 02:45:52.2153711,1116,Warning,Microsoft-Windows-Windows Defender,Microsoft-Windows-Windows Defender/Operational,2080,2480,DESKTOP-887GK2L,6,S-1-5-18,Detection - The antimalware platform detected malware or other potentially unwanted software,Detection User: NT AUTHORITY\SYSTEM,,Malware name: Trojan:Win64/Meterpreter.B,Description: Trojan (Severe),Detection Time: 2023-03-10T02:45:52.062Z,Process (if real-time detection): C:\Windows\System32\svchost.exe,Detection ID: {9CE00381-D223-4C58-9833-B4BFA49D96C4},,file:_C:\Users\CyberJunkie\AppData\Local\Temp\msf.dll,False,C:\Users\turan\Desktop\defense-work-evtx-files\Windows Defender-Operational.evtx,Classic,0,"{""EventData"":{""Data"":[{""@Name"":""Product Name"",""#text"":""Microsoft Defender Antivirus""},{""@Name"":""Product Version"",""#text"":""4.18.2301.6""},{""@Name"":""Detection ID"",""#text"":""{9CE00381-D223-4C58-9833-B4BFA49D96C4}""},{""@Name"":""Detection Time"",""#text"":""2023-03-10T02:45:52.062Z""},{""@Name"":""Unused""},{""@Name"":""Unused2""},{""@Name"":""Threat ID"",""#text"":""2147721790""},{""@Name"":""Threat Name"",""#text"":""Trojan:Win64/Meterpreter.B""},{""@Name"":""Severity ID"",""#text"":""5""},{""@Name"":""Severity Name"",""#text"":""Severe""},{""@Name"":""Category ID"",""#text"":""8""},{""@Name"":""Category Name"",""#text"":""Trojan""},{""@Name"":""FWLink"",""#text"":""https://go.microsoft.com/fwlink/?linkid=37020&amp;name=Trojan:Win64/Meterpreter.B&amp;threatid=2147721790&amp;enterprise=0""},{""@Name"":""Status Code"",""#text"":""1""},{""@Name"":""Status Description""},{""@Name"":""State"",""#text"":""1""},{""@Name"":""Source ID"",""#text"":""3""},{""@Name"":""Source Name"",""#text"":""Real-Time Protection""},{""@Name"":""Process Name"",""#text"":""C:\\Windows\\System32\\svchost.exe""},{""@Name"":""Detection User"",""#text"":""NT AUTHORITY\\SYSTEM""},{""@Name"":""Unused3""},{""@Name"":""Path"",""#text"":""file:_C:\\Users\\CyberJunkie\\AppData\\Local\\Temp\\msf.dll""},{""@Name"":""Origin ID"",""#text"":""1""},{""@Name"":""Origin Name"",""#text"":""Local machine""},{""@Name"":""Execution ID"",""#text"":""1""},{""@Name"":""Execution Name"",""#text"":""Suspended""},{""@Name"":""Type ID"",""#text"":""0""},{""@Name"":""Type Name"",""#text"":""Concrete""},{""@Name"":""Pre Execution Status"",""#text"":""0""},{""@Name"":""Action ID"",""#text"":""9""},{""@Name"":""Action Name"",""#text"":""Not Applicable""},{""@Name"":""Unused4""},{""@Name"":""Error Code"",""#text"":""0x00000000""},{""@Name"":""Error Description"",""#text"":""The operation completed successfully. ""},{""@Name"":""Unused5""},{""@Name"":""Post Clean Status"",""#text"":""0""},{""@Name"":""Additional Actions ID"",""#text"":""0""},{""@Name"":""Additional Actions String"",""#text"":""No additional actions required""},{""@Name"":""Remediation User""},{""@Name"":""Unused6""},{""@Name"":""Security intelligence Version"",""#text"":""AV: 1.383.1419.0, AS: 1.383.1419.0, NIS: 1.383.1419.0""},{""@Name"":""Engine Version"",""#text"":""AM: 1.1.20000.2, NIS: 1.1.20000.2""}]}}"
267,267,2023-03-10 02:46:04.9171254,1116,Warning,Microsoft-Windows-Windows Defender,Microsoft-Windows-Windows Defender/Operational,2080,8048,DESKTOP-887GK2L,6,S-1-5-18,Detection - The antimalware platform detected malware or other potentially unwanted software,Detection User: NT AUTHORITY\SYSTEM,,Malware name: Trojan:Win64/Meterpreter.B,Description: Trojan (Severe),Detection Time: 2023-03-10T02:46:04.790Z,Process (if real-time detection): C:\Windows\System32\svchost.exe,Detection ID: {6B00B60B-0EB1-4708-84D7-3B68E2E2C261},,file:_C:\Users\CyberJunkie\AppData\Local\Temp\msf.dll,False,C:\Users\turan\Desktop\defense-work-evtx-files\Windows Defender-Operational.evtx,Classic,0,"{""EventData"":{""Data"":[{""@Name"":""Product Name"",""#text"":""Microsoft Defender Antivirus""},{""@Name"":""Product Version"",""#text"":""4.18.2301.6""},{""@Name"":""Detection ID"",""#text"":""{6B00B60B-0EB1-4708-84D7-3B68E2E2C261}""},{""@Name"":""Detection Time"",""#text"":""2023-03-10T02:46:04.790Z""},{""@Name"":""Unused""},{""@Name"":""Unused2""},{""@Name"":""Threat ID"",""#text"":""2147721790""},{""@Name"":""Threat Name"",""#text"":""Trojan:Win64/Meterpreter.B""},{""@Name"":""Severity ID"",""#text"":""5""},{""@Name"":""Severity Name"",""#text"":""Severe""},{""@Name"":""Category ID"",""#text"":""8""},{""@Name"":""Category Name"",""#text"":""Trojan""},{""@Name"":""FWLink"",""#text"":""https://go.microsoft.com/fwlink/?linkid=37020&amp;name=Trojan:Win64/Meterpreter.B&amp;threatid=2147721790&amp;enterprise=0""},{""@Name"":""Status Code"",""#text"":""1""},{""@Name"":""Status Description""},{""@Name"":""State"",""#text"":""1""},{""@Name"":""Source ID"",""#text"":""3""},{""@Name"":""Source Name"",""#text"":""Real-Time Protection""},{""@Name"":""Process Name"",""#text"":""C:\\Windows\\System32\\svchost.exe""},{""@Name"":""Detection User"",""#text"":""NT AUTHORITY\\SYSTEM""},{""@Name"":""Unused3""},{""@Name"":""Path"",""#text"":""file:_C:\\Users\\CyberJunkie\\AppData\\Local\\Temp\\msf.dll""},{""@Name"":""Origin ID"",""#text"":""1""},{""@Name"":""Origin Name"",""#text"":""Local machine""},{""@Name"":""Execution ID"",""#text"":""1""},{""@Name"":""Execution Name"",""#text"":""Suspended""},{""@Name"":""Type ID"",""#text"":""0""},{""@Name"":""Type Name"",""#text"":""Concrete""},{""@Name"":""Pre Execution Status"",""#text"":""0""},{""@Name"":""Action ID"",""#text"":""9""},{""@Name"":""Action Name"",""#text"":""Not Applicable""},{""@Name"":""Unused4""},{""@Name"":""Error Code"",""#text"":""0x00000000""},{""@Name"":""Error Description"",""#text"":""The operation completed successfully. ""},{""@Name"":""Unused5""},{""@Name"":""Post Clean Status"",""#text"":""0""},{""@Name"":""Additional Actions ID"",""#text"":""0""},{""@Name"":""Additional Actions String"",""#text"":""No additional actions required""},{""@Name"":""Remediation User""},{""@Name"":""Unused6""},{""@Name"":""Security intelligence Version"",""#text"":""AV: 1.383.1419.0, AS: 1.383.1419.0, NIS: 1.383.1419.0""},{""@Name"":""Engine Version"",""#text"":""AM: 1.1.20000.2, NIS: 1.1.20000.2""}]}}"
268,268,2023-03-10 02:46:04.9318311,1117,Info,Microsoft-Windows-Windows Defender,Microsoft-Windows-Windows Defender/Operational,2080,2480,DESKTOP-887GK2L,6,S-1-5-18,Detection - The antimalware platform performed an action to protect your system from malware or other potentially unwanted software,Detection User: NT AUTHORITY\SYSTEM,,Malware name: Trojan:Win64/Meterpreter.B,Description: Trojan (Severe),Detection Time: 2023-03-10T02:45:52.062Z,Process (if real-time detection): C:\Windows\System32\svchost.exe,Detection ID: {9CE00381-D223-4C58-9833-B4BFA49D96C4},,file:_C:\Users\CyberJunkie\AppData\Local\Temp\msf.dll,False,C:\Users\turan\Desktop\defense-work-evtx-files\Windows Defender-Operational.evtx,Classic,0,"{""EventData"":{""Data"":[{""@Name"":""Product Name"",""#text"":""Microsoft Defender Antivirus""},{""@Name"":""Product Version"",""#text"":""4.18.2301.6""},{""@Name"":""Detection ID"",""#text"":""{9CE00381-D223-4C58-9833-B4BFA49D96C4}""},{""@Name"":""Detection Time"",""#text"":""2023-03-10T02:45:52.062Z""},{""@Name"":""Unused""},{""@Name"":""Unused2""},{""@Name"":""Threat ID"",""#text"":""2147721790""},{""@Name"":""Threat Name"",""#text"":""Trojan:Win64/Meterpreter.B""},{""@Name"":""Severity ID"",""#text"":""5""},{""@Name"":""Severity Name"",""#text"":""Severe""},{""@Name"":""Category ID"",""#text"":""8""},{""@Name"":""Category Name"",""#text"":""Trojan""},{""@Name"":""FWLink"",""#text"":""https://go.microsoft.com/fwlink/?linkid=37020&amp;name=Trojan:Win64/Meterpreter.B&amp;threatid=2147721790&amp;enterprise=0""},{""@Name"":""Status Code"",""#text"":""3""},{""@Name"":""Status Description""},{""@Name"":""State"",""#text"":""3""},{""@Name"":""Source ID"",""#text"":""3""},{""@Name"":""Source Name"",""#text"":""Real-Time Protection""},{""@Name"":""Process Name"",""#text"":""C:\\Windows\\System32\\svchost.exe""},{""@Name"":""Detection User"",""#text"":""NT AUTHORITY\\SYSTEM""},{""@Name"":""Unused3""},{""@Name"":""Path"",""#text"":""file:_C:\\Users\\CyberJunkie\\AppData\\Local\\Temp\\msf.dll""},{""@Name"":""Origin ID"",""#text"":""1""},{""@Name"":""Origin Name"",""#text"":""Local machine""},{""@Name"":""Execution ID"",""#text"":""1""},{""@Name"":""Execution Name"",""#text"":""Suspended""},{""@Name"":""Type ID"",""#text"":""0""},{""@Name"":""Type Name"",""#text"":""Concrete""},{""@Name"":""Pre Execution Status"",""#text"":""0""},{""@Name"":""Action ID"",""#text"":""2""},{""@Name"":""Action Name"",""#text"":""Quarantine""},{""@Name"":""Unused4""},{""@Name"":""Error Code"",""#text"":""0x00000000""},{""@Name"":""Error Description"",""#text"":""The operation completed successfully. ""},{""@Name"":""Unused5""},{""@Name"":""Post Clean Status"",""#text"":""0""},{""@Name"":""Additional Actions ID"",""#text"":""8""},{""@Name"":""Additional Actions String"",""#text"":""To finish removing malware and other potentially unwanted software, restart the device. ""},{""@Name"":""Remediation User"",""#text"":""NT AUTHORITY\\SYSTEM""},{""@Name"":""Unused6""},{""@Name"":""Security intelligence Version"",""#text"":""AV: 1.383.1419.0, AS: 1.383.1419.0, NIS: 1.383.1419.0""},{""@Name"":""Engine Version"",""#text"":""AM: 1.1.20000.2, NIS: 1.1.20000.2""}]}}"
269,269,2023-03-10 02:46:04.9370377,1116,Warning,Microsoft-Windows-Windows Defender,Microsoft-Windows-Windows Defender/Operational,2080,2480,DESKTOP-887GK2L,6,S-1-5-18,Detection - The antimalware platform detected malware or other potentially unwanted software,Detection User: NT AUTHORITY\SYSTEM,,Malware name: Trojan:Win64/Meterpreter.B,Description: Trojan (Severe),Detection Time: 2023-03-10T02:46:04.790Z,Process (if real-time detection): C:\Windows\System32\svchost.exe,Detection ID: {6B00B60B-0EB1-4708-84D7-3B68E2E2C261},,file:_C:\Users\CyberJunkie\AppData\Local\Temp\msf.dll,False,C:\Users\turan\Desktop\defense-work-evtx-files\Windows Defender-Operational.evtx,Classic,0,"{""EventData"":{""Data"":[{""@Name"":""Product Name"",""#text"":""Microsoft Defender Antivirus""},{""@Name"":""Product Version"",""#text"":""4.18.2301.6""},{""@Name"":""Detection ID"",""#text"":""{6B00B60B-0EB1-4708-84D7-3B68E2E2C261}""},{""@Name"":""Detection Time"",""#text"":""2023-03-10T02:46:04.790Z""},{""@Name"":""Unused""},{""@Name"":""Unused2""},{""@Name"":""Threat ID"",""#text"":""2147721790""},{""@Name"":""Threat Name"",""#text"":""Trojan:Win64/Meterpreter.B""},{""@Name"":""Severity ID"",""#text"":""5""},{""@Name"":""Severity Name"",""#text"":""Severe""},{""@Name"":""Category ID"",""#text"":""8""},{""@Name"":""Category Name"",""#text"":""Trojan""},{""@Name"":""FWLink"",""#text"":""https://go.microsoft.com/fwlink/?linkid=37020&amp;name=Trojan:Win64/Meterpreter.B&amp;threatid=2147721790&amp;enterprise=0""},{""@Name"":""Status Code"",""#text"":""1""},{""@Name"":""Status Description""},{""@Name"":""State"",""#text"":""1""},{""@Name"":""Source ID"",""#text"":""3""},{""@Name"":""Source Name"",""#text"":""Real-Time Protection""},{""@Name"":""Process Name"",""#text"":""C:\\Windows\\System32\\svchost.exe""},{""@Name"":""Detection User"",""#text"":""NT AUTHORITY\\SYSTEM""},{""@Name"":""Unused3""},{""@Name"":""Path"",""#text"":""file:_C:\\Users\\CyberJunkie\\AppData\\Local\\Temp\\msf.dll""},{""@Name"":""Origin ID"",""#text"":""1""},{""@Name"":""Origin Name"",""#text"":""Local machine""},{""@Name"":""Execution ID"",""#text"":""1""},{""@Name"":""Execution Name"",""#text"":""Suspended""},{""@Name"":""Type ID"",""#text"":""0""},{""@Name"":""Type Name"",""#text"":""Concrete""},{""@Name"":""Pre Execution Status"",""#text"":""0""},{""@Name"":""Action ID"",""#text"":""9""},{""@Name"":""Action Name"",""#text"":""Not Applicable""},{""@Name"":""Unused4""},{""@Name"":""Error Code"",""#text"":""0x00000000""},{""@Name"":""Error Description"",""#text"":""The operation completed successfully. ""},{""@Name"":""Unused5""},{""@Name"":""Post Clean Status"",""#text"":""0""},{""@Name"":""Additional Actions ID"",""#text"":""0""},{""@Name"":""Additional Actions String"",""#text"":""No additional actions required""},{""@Name"":""Remediation User""},{""@Name"":""Unused6""},{""@Name"":""Security intelligence Version"",""#text"":""AV: 1.383.1419.0, AS: 1.383.1419.0, NIS: 1.383.1419.0""},{""@Name"":""Engine Version"",""#text"":""AM: 1.1.20000.2, NIS: 1.1.20000.2""}]}}"
