110,110,2023-03-10 02:34:39.8146252,1116,Warning,Microsoft-Windows-Windows Defender,Microsoft-Windows-Windows Defender/Operational,2080,2480,DESKTOP-887GK2L,2,S-1-5-18,Detection - The antimalware platform detected malware or other potentially unwanted software,Detection User: NT AUTHORITY\SYSTEM,,Malware name: Trojan:Win64/Meterpreter.B,Description: Trojan (Severe),Detection Time: 2023-03-10T02:34:29.543Z,Process (if real-time detection): C:\Windows\System32\svchost.exe,Detection ID: {723A63E6-F361-4185-ADF5-C9D7BADDE229},,file:_C:\Users\CyberJunkie\AppData\Local\Temp\msf.dll,False,C:\Users\turan\Desktop\defense-work-evtx-files\Windows Defender-Operational.evtx,Classic,0,"{""EventData"":{""Data"":[{""@Name"":""Product Name"",""#text"":""Microsoft Defender Antivirus""},{""@Name"":""Product Version"",""#text"":""4.18.2301.6""},{""@Name"":""Detection ID"",""#text"":""{723A63E6-F361-4185-ADF5-C9D7BADDE229}""},{""@Name"":""Detection Time"",""#text"":""2023-03-10T02:34:29.543Z""},{""@Name"":""Unused""},{""@Name"":""Unused2""},{""@Name"":""Threat ID"",""#text"":""2147721790""},{""@Name"":""Threat Name"",""#text"":""Trojan:Win64/Meterpreter.B""},{""@Name"":""Severity ID"",""#text"":""5""},{""@Name"":""Severity Name"",""#text"":""Severe""},{""@Name"":""Category ID"",""#text"":""8""},{""@Name"":""Category Name"",""#text"":""Trojan""},{""@Name"":""FWLink"",""#text"":""https://go.microsoft.com/fwlink/?linkid=37020&amp;name=Trojan:Win64/Meterpreter.B&amp;threatid=2147721790&amp;enterprise=0""},{""@Name"":""Status Code"",""#text"":""1""},{""@Name"":""Status Description""},{""@Name"":""State"",""#text"":""1""},{""@Name"":""Source ID"",""#text"":""2""},{""@Name"":""Source Name"",""#text"":""System""},{""@Name"":""Process Name"",""#text"":""C:\\Windows\\System32\\svchost.exe""},{""@Name"":""Detection User"",""#text"":""NT AUTHORITY\\SYSTEM""},{""@Name"":""Unused3""},{""@Name"":""Path"",""#text"":""file:_C:\\Users\\CyberJunkie\\AppData\\Local\\Temp\\msf.dll""},{""@Name"":""Origin ID"",""#text"":""1""},{""@Name"":""Origin Name"",""#text"":""Local machine""},{""@Name"":""Execution ID"",""#text"":""1""},{""@Name"":""Execution Name"",""#text"":""Suspended""},{""@Name"":""Type ID"",""#text"":""0""},{""@Name"":""Type Name"",""#text"":""Concrete""},{""@Name"":""Pre Execution Status"",""#text"":""0""},{""@Name"":""Action ID"",""#text"":""9""},{""@Name"":""Action Name"",""#text"":""Not Applicable""},{""@Name"":""Unused4""},{""@Name"":""Error Code"",""#text"":""0x00000000""},{""@Name"":""Error Description"",""#text"":""The operation completed successfully. ""},{""@Name"":""Unused5""},{""@Name"":""Post Clean Status"",""#text"":""0""},{""@Name"":""Additional Actions ID"",""#text"":""0""},{""@Name"":""Additional Actions String"",""#text"":""No additional actions required""},{""@Name"":""Remediation User""},{""@Name"":""Unused6""},{""@Name"":""Security intelligence Version"",""#text"":""AV: 1.383.1419.0, AS: 1.383.1419.0, NIS: 1.383.1419.0""},{""@Name"":""Engine Version"",""#text"":""AM: 1.1.20000.2, NIS: 1.1.20000.2""}]}}"
111,111,2023-03-10 02:34:47.7153132,1116,Warning,Microsoft-Windows-Windows Defender,Microsoft-Windows-Windows Defender/Operational,2080,5512,DESKTOP-887GK2L,2,S-1-5-18,Detection - The antimalware platform detected malware or other potentially unwanted software,Detection User: NT AUTHORITY\SYSTEM,,Malware name: Trojan:Win64/Meterpreter.B,Description: Trojan (Severe),Detection Time: 2023-03-10T02:34:47.581Z,Process (if real-time detection): C:\Windows\System32\svchost.exe,Detection ID: {5E858603-89F4-42C0-9E4A-2CD7AB946CCC},,file:_C:\Users\CyberJunkie\AppData\Local\Temp\msf.dll,False,C:\Users\turan\Desktop\defense-work-evtx-files\Windows Defender-Operational.evtx,Classic,0,"{""EventData"":{""Data"":[{""@Name"":""Product Name"",""#text"":""Microsoft Defender Antivirus""},{""@Name"":""Product Version"",""#text"":""4.18.2301.6""},{""@Name"":""Detection ID"",""#text"":""{5E858603-89F4-42C0-9E4A-2CD7AB946CCC}""},{""@Name"":""Detection Time"",""#text"":""2023-03-10T02:34:47.581Z""},{""@Name"":""Unused""},{""@Name"":""Unused2""},{""@Name"":""Threat ID"",""#text"":""2147721790""},{""@Name"":""Threat Name"",""#text"":""Trojan:Win64/Meterpreter.B""},{""@Name"":""Severity ID"",""#text"":""5""},{""@Name"":""Severity Name"",""#text"":""Severe""},{""@Name"":""Category ID"",""#text"":""8""},{""@Name"":""Category Name"",""#text"":""Trojan""},{""@Name"":""FWLink"",""#text"":""https://go.microsoft.com/fwlink/?linkid=37020&amp;name=Trojan:Win64/Meterpreter.B&amp;threatid=2147721790&amp;enterprise=0""},{""@Name"":""Status Code"",""#text"":""1""},{""@Name"":""Status Description""},{""@Name"":""State"",""#text"":""1""},{""@Name"":""Source ID"",""#text"":""3""},{""@Name"":""Source Name"",""#text"":""Real-Time Protection""},{""@Name"":""Process Name"",""#text"":""C:\\Windows\\System32\\svchost.exe""},{""@Name"":""Detection User"",""#text"":""NT AUTHORITY\\SYSTEM""},{""@Name"":""Unused3""},{""@Name"":""Path"",""#text"":""file:_C:\\Users\\CyberJunkie\\AppData\\Local\\Temp\\msf.dll""},{""@Name"":""Origin ID"",""#text"":""1""},{""@Name"":""Origin Name"",""#text"":""Local machine""},{""@Name"":""Execution ID"",""#text"":""1""},{""@Name"":""Execution Name"",""#text"":""Suspended""},{""@Name"":""Type ID"",""#text"":""0""},{""@Name"":""Type Name"",""#text"":""Concrete""},{""@Name"":""Pre Execution Status"",""#text"":""0""},{""@Name"":""Action ID"",""#text"":""9""},{""@Name"":""Action Name"",""#text"":""Not Applicable""},{""@Name"":""Unused4""},{""@Name"":""Error Code"",""#text"":""0x00000000""},{""@Name"":""Error Description"",""#text"":""The operation completed successfully. ""},{""@Name"":""Unused5""},{""@Name"":""Post Clean Status"",""#text"":""0""},{""@Name"":""Additional Actions ID"",""#text"":""0""},{""@Name"":""Additional Actions String"",""#text"":""No additional actions required""},{""@Name"":""Remediation User""},{""@Name"":""Unused6""},{""@Name"":""Security intelligence Version"",""#text"":""AV: 1.383.1419.0, AS: 1.383.1419.0, NIS: 1.383.1419.0""},{""@Name"":""Engine Version"",""#text"":""AM: 1.1.20000.2, NIS: 1.1.20000.2""}]}}"
112,112,2023-03-10 02:34:47.7296583,1117,Info,Microsoft-Windows-Windows Defender,Microsoft-Windows-Windows Defender/Operational,2080,2480,DESKTOP-887GK2L,2,S-1-5-18,Detection - The antimalware platform performed an action to protect your system from malware or other potentially unwanted software,Detection User: NT AUTHORITY\SYSTEM,,Malware name: Trojan:Win64/Meterpreter.B,Description: Trojan (Severe),Detection Time: 2023-03-10T02:34:29.543Z,Process (if real-time detection): C:\Windows\System32\svchost.exe,Detection ID: {723A63E6-F361-4185-ADF5-C9D7BADDE229},,file:_C:\Users\CyberJunkie\AppData\Local\Temp\msf.dll,False,C:\Users\turan\Desktop\defense-work-evtx-files\Windows Defender-Operational.evtx,Classic,0,"{""EventData"":{""Data"":[{""@Name"":""Product Name"",""#text"":""Microsoft Defender Antivirus""},{""@Name"":""Product Version"",""#text"":""4.18.2301.6""},{""@Name"":""Detection ID"",""#text"":""{723A63E6-F361-4185-ADF5-C9D7BADDE229}""},{""@Name"":""Detection Time"",""#text"":""2023-03-10T02:34:29.543Z""},{""@Name"":""Unused""},{""@Name"":""Unused2""},{""@Name"":""Threat ID"",""#text"":""2147721790""},{""@Name"":""Threat Name"",""#text"":""Trojan:Win64/Meterpreter.B""},{""@Name"":""Severity ID"",""#text"":""5""},{""@Name"":""Severity Name"",""#text"":""Severe""},{""@Name"":""Category ID"",""#text"":""8""},{""@Name"":""Category Name"",""#text"":""Trojan""},{""@Name"":""FWLink"",""#text"":""https://go.microsoft.com/fwlink/?linkid=37020&amp;name=Trojan:Win64/Meterpreter.B&amp;threatid=2147721790&amp;enterprise=0""},{""@Name"":""Status Code"",""#text"":""3""},{""@Name"":""Status Description""},{""@Name"":""State"",""#text"":""3""},{""@Name"":""Source ID"",""#text"":""2""},{""@Name"":""Source Name"",""#text"":""System""},{""@Name"":""Process Name"",""#text"":""C:\\Windows\\System32\\svchost.exe""},{""@Name"":""Detection User"",""#text"":""NT AUTHORITY\\SYSTEM""},{""@Name"":""Unused3""},{""@Name"":""Path"",""#text"":""file:_C:\\Users\\CyberJunkie\\AppData\\Local\\Temp\\msf.dll""},{""@Name"":""Origin ID"",""#text"":""1""},{""@Name"":""Origin Name"",""#text"":""Local machine""},{""@Name"":""Execution ID"",""#text"":""1""},{""@Name"":""Execution Name"",""#text"":""Suspended""},{""@Name"":""Type ID"",""#text"":""0""},{""@Name"":""Type Name"",""#text"":""Concrete""},{""@Name"":""Pre Execution Status"",""#text"":""0""},{""@Name"":""Action ID"",""#text"":""2""},{""@Name"":""Action Name"",""#text"":""Quarantine""},{""@Name"":""Unused4""},{""@Name"":""Error Code"",""#text"":""0x00000000""},{""@Name"":""Error Description"",""#text"":""The operation completed successfully. ""},{""@Name"":""Unused5""},{""@Name"":""Post Clean Status"",""#text"":""0""},{""@Name"":""Additional Actions ID"",""#text"":""8""},{""@Name"":""Additional Actions String"",""#text"":""To finish removing malware and other potentially unwanted software, restart the device. ""},{""@Name"":""Remediation User"",""#text"":""NT AUTHORITY\\SYSTEM""},{""@Name"":""Unused6""},{""@Name"":""Security intelligence Version"",""#text"":""AV: 1.383.1419.0, AS: 1.383.1419.0, NIS: 1.383.1419.0""},{""@Name"":""Engine Version"",""#text"":""AM: 1.1.20000.2, NIS: 1.1.20000.2""}]}}"
113,113,2023-03-10 02:34:47.7374885,1116,Warning,Microsoft-Windows-Windows Defender,Microsoft-Windows-Windows Defender/Operational,2080,2480,DESKTOP-887GK2L,2,S-1-5-18,Detection - The antimalware platform detected malware or other potentially unwanted software,Detection User: NT AUTHORITY\SYSTEM,,Malware name: Trojan:Win64/Meterpreter.B,Description: Trojan (Severe),Detection Time: 2023-03-10T02:34:47.581Z,Process (if real-time detection): C:\Windows\System32\svchost.exe,Detection ID: {5E858603-89F4-42C0-9E4A-2CD7AB946CCC},,file:_C:\Users\CyberJunkie\AppData\Local\Temp\msf.dll,False,C:\Users\turan\Desktop\defense-work-evtx-files\Windows Defender-Operational.evtx,Classic,0,"{""EventData"":{""Data"":[{""@Name"":""Product Name"",""#text"":""Microsoft Defender Antivirus""},{""@Name"":""Product Version"",""#text"":""4.18.2301.6""},{""@Name"":""Detection ID"",""#text"":""{5E858603-89F4-42C0-9E4A-2CD7AB946CCC}""},{""@Name"":""Detection Time"",""#text"":""2023-03-10T02:34:47.581Z""},{""@Name"":""Unused""},{""@Name"":""Unused2""},{""@Name"":""Threat ID"",""#text"":""2147721790""},{""@Name"":""Threat Name"",""#text"":""Trojan:Win64/Meterpreter.B""},{""@Name"":""Severity ID"",""#text"":""5""},{""@Name"":""Severity Name"",""#text"":""Severe""},{""@Name"":""Category ID"",""#text"":""8""},{""@Name"":""Category Name"",""#text"":""Trojan""},{""@Name"":""FWLink"",""#text"":""https://go.microsoft.com/fwlink/?linkid=37020&amp;name=Trojan:Win64/Meterpreter.B&amp;threatid=2147721790&amp;enterprise=0""},{""@Name"":""Status Code"",""#text"":""1""},{""@Name"":""Status Description""},{""@Name"":""State"",""#text"":""1""},{""@Name"":""Source ID"",""#text"":""3""},{""@Name"":""Source Name"",""#text"":""Real-Time Protection""},{""@Name"":""Process Name"",""#text"":""C:\\Windows\\System32\\svchost.exe""},{""@Name"":""Detection User"",""#text"":""NT AUTHORITY\\SYSTEM""},{""@Name"":""Unused3""},{""@Name"":""Path"",""#text"":""file:_C:\\Users\\CyberJunkie\\AppData\\Local\\Temp\\msf.dll""},{""@Name"":""Origin ID"",""#text"":""1""},{""@Name"":""Origin Name"",""#text"":""Local machine""},{""@Name"":""Execution ID"",""#text"":""1""},{""@Name"":""Execution Name"",""#text"":""Suspended""},{""@Name"":""Type ID"",""#text"":""0""},{""@Name"":""Type Name"",""#text"":""Concrete""},{""@Name"":""Pre Execution Status"",""#text"":""0""},{""@Name"":""Action ID"",""#text"":""9""},{""@Name"":""Action Name"",""#text"":""Not Applicable""},{""@Name"":""Unused4""},{""@Name"":""Error Code"",""#text"":""0x00000000""},{""@Name"":""Error Description"",""#text"":""The operation completed successfully. ""},{""@Name"":""Unused5""},{""@Name"":""Post Clean Status"",""#text"":""0""},{""@Name"":""Additional Actions ID"",""#text"":""0""},{""@Name"":""Additional Actions String"",""#text"":""No additional actions required""},{""@Name"":""Remediation User""},{""@Name"":""Unused6""},{""@Name"":""Security intelligence Version"",""#text"":""AV: 1.383.1419.0, AS: 1.383.1419.0, NIS: 1.383.1419.0""},{""@Name"":""Engine Version"",""#text"":""AM: 1.1.20000.2, NIS: 1.1.20000.2""}]}}"
114,114,2023-03-10 02:34:59.7747718,1116,Warning,Microsoft-Windows-Windows Defender,Microsoft-Windows-Windows Defender/Operational,2080,7776,DESKTOP-887GK2L,2,S-1-5-18,Detection - The antimalware platform detected malware or other potentially unwanted software,Detection User: NT AUTHORITY\SYSTEM,,Malware name: Trojan:Win64/Meterpreter.B,Description: Trojan (Severe),Detection Time: 2023-03-10T02:34:59.642Z,Process (if real-time detection): C:\Windows\System32\svchost.exe,Detection ID: {D0EAE081-143D-428D-B945-2C428C9DE1AA},,file:_C:\Users\CyberJunkie\AppData\Local\Temp\msf.dll,False,C:\Users\turan\Desktop\defense-work-evtx-files\Windows Defender-Operational.evtx,Classic,0,"{""EventData"":{""Data"":[{""@Name"":""Product Name"",""#text"":""Microsoft Defender Antivirus""},{""@Name"":""Product Version"",""#text"":""4.18.2301.6""},{""@Name"":""Detection ID"",""#text"":""{D0EAE081-143D-428D-B945-2C428C9DE1AA}""},{""@Name"":""Detection Time"",""#text"":""2023-03-10T02:34:59.642Z""},{""@Name"":""Unused""},{""@Name"":""Unused2""},{""@Name"":""Threat ID"",""#text"":""2147721790""},{""@Name"":""Threat Name"",""#text"":""Trojan:Win64/Meterpreter.B""},{""@Name"":""Severity ID"",""#text"":""5""},{""@Name"":""Severity Name"",""#text"":""Severe""},{""@Name"":""Category ID"",""#text"":""8""},{""@Name"":""Category Name"",""#text"":""Trojan""},{""@Name"":""FWLink"",""#text"":""https://go.microsoft.com/fwlink/?linkid=37020&amp;name=Trojan:Win64/Meterpreter.B&amp;threatid=2147721790&amp;enterprise=0""},{""@Name"":""Status Code"",""#text"":""1""},{""@Name"":""Status Description""},{""@Name"":""State"",""#text"":""1""},{""@Name"":""Source ID"",""#text"":""3""},{""@Name"":""Source Name"",""#text"":""Real-Time Protection""},{""@Name"":""Process Name"",""#text"":""C:\\Windows\\System32\\svchost.exe""},{""@Name"":""Detection User"",""#text"":""NT AUTHORITY\\SYSTEM""},{""@Name"":""Unused3""},{""@Name"":""Path"",""#text"":""file:_C:\\Users\\CyberJunkie\\AppData\\Local\\Temp\\msf.dll""},{""@Name"":""Origin ID"",""#text"":""1""},{""@Name"":""Origin Name"",""#text"":""Local machine""},{""@Name"":""Execution ID"",""#text"":""1""},{""@Name"":""Execution Name"",""#text"":""Suspended""},{""@Name"":""Type ID"",""#text"":""0""},{""@Name"":""Type Name"",""#text"":""Concrete""},{""@Name"":""Pre Execution Status"",""#text"":""0""},{""@Name"":""Action ID"",""#text"":""9""},{""@Name"":""Action Name"",""#text"":""Not Applicable""},{""@Name"":""Unused4""},{""@Name"":""Error Code"",""#text"":""0x00000000""},{""@Name"":""Error Description"",""#text"":""The operation completed successfully. ""},{""@Name"":""Unused5""},{""@Name"":""Post Clean Status"",""#text"":""0""},{""@Name"":""Additional Actions ID"",""#text"":""0""},{""@Name"":""Additional Actions String"",""#text"":""No additional actions required""},{""@Name"":""Remediation User""},{""@Name"":""Unused6""},{""@Name"":""Security intelligence Version"",""#text"":""AV: 1.383.1419.0, AS: 1.383.1419.0, NIS: 1.383.1419.0""},{""@Name"":""Engine Version"",""#text"":""AM: 1.1.20000.2, NIS: 1.1.20000.2""}]}}"
115,115,2023-03-10 02:34:59.7896691,1117,Info,Microsoft-Windows-Windows Defender,Microsoft-Windows-Windows Defender/Operational,2080,2480,DESKTOP-887GK2L,2,S-1-5-18,Detection - The antimalware platform performed an action to protect your system from malware or other potentially unwanted software,Detection User: NT AUTHORITY\SYSTEM,,Malware name: Trojan:Win64/Meterpreter.B,Description: Trojan (Severe),Detection Time: 2023-03-10T02:34:47.581Z,Process (if real-time detection): C:\Windows\System32\svchost.exe,Detection ID: {5E858603-89F4-42C0-9E4A-2CD7AB946CCC},,file:_C:\Users\CyberJunkie\AppData\Local\Temp\msf.dll,False,C:\Users\turan\Desktop\defense-work-evtx-files\Windows Defender-Operational.evtx,Classic,0,"{""EventData"":{""Data"":[{""@Name"":""Product Name"",""#text"":""Microsoft Defender Antivirus""},{""@Name"":""Product Version"",""#text"":""4.18.2301.6""},{""@Name"":""Detection ID"",""#text"":""{5E858603-89F4-42C0-9E4A-2CD7AB946CCC}""},{""@Name"":""Detection Time"",""#text"":""2023-03-10T02:34:47.581Z""},{""@Name"":""Unused""},{""@Name"":""Unused2""},{""@Name"":""Threat ID"",""#text"":""2147721790""},{""@Name"":""Threat Name"",""#text"":""Trojan:Win64/Meterpreter.B""},{""@Name"":""Severity ID"",""#text"":""5""},{""@Name"":""Severity Name"",""#text"":""Severe""},{""@Name"":""Category ID"",""#text"":""8""},{""@Name"":""Category Name"",""#text"":""Trojan""},{""@Name"":""FWLink"",""#text"":""https://go.microsoft.com/fwlink/?linkid=37020&amp;name=Trojan:Win64/Meterpreter.B&amp;threatid=2147721790&amp;enterprise=0""},{""@Name"":""Status Code"",""#text"":""3""},{""@Name"":""Status Description""},{""@Name"":""State"",""#text"":""3""},{""@Name"":""Source ID"",""#text"":""3""},{""@Name"":""Source Name"",""#text"":""Real-Time Protection""},{""@Name"":""Process Name"",""#text"":""C:\\Windows\\System32\\svchost.exe""},{""@Name"":""Detection User"",""#text"":""NT AUTHORITY\\SYSTEM""},{""@Name"":""Unused3""},{""@Name"":""Path"",""#text"":""file:_C:\\Users\\CyberJunkie\\AppData\\Local\\Temp\\msf.dll""},{""@Name"":""Origin ID"",""#text"":""1""},{""@Name"":""Origin Name"",""#text"":""Local machine""},{""@Name"":""Execution ID"",""#text"":""1""},{""@Name"":""Execution Name"",""#text"":""Suspended""},{""@Name"":""Type ID"",""#text"":""0""},{""@Name"":""Type Name"",""#text"":""Concrete""},{""@Name"":""Pre Execution Status"",""#text"":""0""},{""@Name"":""Action ID"",""#text"":""2""},{""@Name"":""Action Name"",""#text"":""Quarantine""},{""@Name"":""Unused4""},{""@Name"":""Error Code"",""#text"":""0x00000000""},{""@Name"":""Error Description"",""#text"":""The operation completed successfully. ""},{""@Name"":""Unused5""},{""@Name"":""Post Clean Status"",""#text"":""0""},{""@Name"":""Additional Actions ID"",""#text"":""8""},{""@Name"":""Additional Actions String"",""#text"":""To finish removing malware and other potentially unwanted software, restart the device. ""},{""@Name"":""Remediation User"",""#text"":""NT AUTHORITY\\SYSTEM""},{""@Name"":""Unused6""},{""@Name"":""Security intelligence Version"",""#text"":""AV: 1.383.1419.0, AS: 1.383.1419.0, NIS: 1.383.1419.0""},{""@Name"":""Engine Version"",""#text"":""AM: 1.1.20000.2, NIS: 1.1.20000.2""}]}}"
116,116,2023-03-10 02:34:59.7963030,1116,Warning,Microsoft-Windows-Windows Defender,Microsoft-Windows-Windows Defender/Operational,2080,2480,DESKTOP-887GK2L,2,S-1-5-18,Detection - The antimalware platform detected malware or other potentially unwanted software,Detection User: NT AUTHORITY\SYSTEM,,Malware name: Trojan:Win64/Meterpreter.B,Description: Trojan (Severe),Detection Time: 2023-03-10T02:34:59.642Z,Process (if real-time detection): C:\Windows\System32\svchost.exe,Detection ID: {D0EAE081-143D-428D-B945-2C428C9DE1AA},,file:_C:\Users\CyberJunkie\AppData\Local\Temp\msf.dll,False,C:\Users\turan\Desktop\defense-work-evtx-files\Windows Defender-Operational.evtx,Classic,0,"{""EventData"":{""Data"":[{""@Name"":""Product Name"",""#text"":""Microsoft Defender Antivirus""},{""@Name"":""Product Version"",""#text"":""4.18.2301.6""},{""@Name"":""Detection ID"",""#text"":""{D0EAE081-143D-428D-B945-2C428C9DE1AA}""},{""@Name"":""Detection Time"",""#text"":""2023-03-10T02:34:59.642Z""},{""@Name"":""Unused""},{""@Name"":""Unused2""},{""@Name"":""Threat ID"",""#text"":""2147721790""},{""@Name"":""Threat Name"",""#text"":""Trojan:Win64/Meterpreter.B""},{""@Name"":""Severity ID"",""#text"":""5""},{""@Name"":""Severity Name"",""#text"":""Severe""},{""@Name"":""Category ID"",""#text"":""8""},{""@Name"":""Category Name"",""#text"":""Trojan""},{""@Name"":""FWLink"",""#text"":""https://go.microsoft.com/fwlink/?linkid=37020&amp;name=Trojan:Win64/Meterpreter.B&amp;threatid=2147721790&amp;enterprise=0""},{""@Name"":""Status Code"",""#text"":""1""},{""@Name"":""Status Description""},{""@Name"":""State"",""#text"":""1""},{""@Name"":""Source ID"",""#text"":""3""},{""@Name"":""Source Name"",""#text"":""Real-Time Protection""},{""@Name"":""Process Name"",""#text"":""C:\\Windows\\System32\\svchost.exe""},{""@Name"":""Detection User"",""#text"":""NT AUTHORITY\\SYSTEM""},{""@Name"":""Unused3""},{""@Name"":""Path"",""#text"":""file:_C:\\Users\\CyberJunkie\\AppData\\Local\\Temp\\msf.dll""},{""@Name"":""Origin ID"",""#text"":""1""},{""@Name"":""Origin Name"",""#text"":""Local machine""},{""@Name"":""Execution ID"",""#text"":""1""},{""@Name"":""Execution Name"",""#text"":""Suspended""},{""@Name"":""Type ID"",""#text"":""0""},{""@Name"":""Type Name"",""#text"":""Concrete""},{""@Name"":""Pre Execution Status"",""#text"":""0""},{""@Name"":""Action ID"",""#text"":""9""},{""@Name"":""Action Name"",""#text"":""Not Applicable""},{""@Name"":""Unused4""},{""@Name"":""Error Code"",""#text"":""0x00000000""},{""@Name"":""Error Description"",""#text"":""The operation completed successfully. ""},{""@Name"":""Unused5""},{""@Name"":""Post Clean Status"",""#text"":""0""},{""@Name"":""Additional Actions ID"",""#text"":""0""},{""@Name"":""Additional Actions String"",""#text"":""No additional actions required""},{""@Name"":""Remediation User""},{""@Name"":""Unused6""},{""@Name"":""Security intelligence Version"",""#text"":""AV: 1.383.1419.0, AS: 1.383.1419.0, NIS: 1.383.1419.0""},{""@Name"":""Engine Version"",""#text"":""AM: 1.1.20000.2, NIS: 1.1.20000.2""}]}}"
117,117,2023-03-10 02:35:11.9241429,1116,Warning,Microsoft-Windows-Windows Defender,Microsoft-Windows-Windows Defender/Operational,2080,4960,DESKTOP-887GK2L,2,S-1-5-18,Detection - The antimalware platform detected malware or other potentially unwanted software,Detection User: NT AUTHORITY\SYSTEM,,Malware name: Trojan:Win64/Meterpreter.B,Description: Trojan (Severe),Detection Time: 2023-03-10T02:35:11.793Z,Process (if real-time detection): C:\Windows\System32\svchost.exe,Detection ID: {2B5E90A3-831B-4D3F-9412-CD3FF8A99A52},,file:_C:\Users\CyberJunkie\AppData\Local\Temp\msf.dll,False,C:\Users\turan\Desktop\defense-work-evtx-files\Windows Defender-Operational.evtx,Classic,0,"{""EventData"":{""Data"":[{""@Name"":""Product Name"",""#text"":""Microsoft Defender Antivirus""},{""@Name"":""Product Version"",""#text"":""4.18.2301.6""},{""@Name"":""Detection ID"",""#text"":""{2B5E90A3-831B-4D3F-9412-CD3FF8A99A52}""},{""@Name"":""Detection Time"",""#text"":""2023-03-10T02:35:11.793Z""},{""@Name"":""Unused""},{""@Name"":""Unused2""},{""@Name"":""Threat ID"",""#text"":""2147721790""},{""@Name"":""Threat Name"",""#text"":""Trojan:Win64/Meterpreter.B""},{""@Name"":""Severity ID"",""#text"":""5""},{""@Name"":""Severity Name"",""#text"":""Severe""},{""@Name"":""Category ID"",""#text"":""8""},{""@Name"":""Category Name"",""#text"":""Trojan""},{""@Name"":""FWLink"",""#text"":""https://go.microsoft.com/fwlink/?linkid=37020&amp;name=Trojan:Win64/Meterpreter.B&amp;threatid=2147721790&amp;enterprise=0""},{""@Name"":""Status Code"",""#text"":""1""},{""@Name"":""Status Description""},{""@Name"":""State"",""#text"":""1""},{""@Name"":""Source ID"",""#text"":""3""},{""@Name"":""Source Name"",""#text"":""Real-Time Protection""},{""@Name"":""Process Name"",""#text"":""C:\\Windows\\System32\\svchost.exe""},{""@Name"":""Detection User"",""#text"":""NT AUTHORITY\\SYSTEM""},{""@Name"":""Unused3""},{""@Name"":""Path"",""#text"":""file:_C:\\Users\\CyberJunkie\\AppData\\Local\\Temp\\msf.dll""},{""@Name"":""Origin ID"",""#text"":""1""},{""@Name"":""Origin Name"",""#text"":""Local machine""},{""@Name"":""Execution ID"",""#text"":""1""},{""@Name"":""Execution Name"",""#text"":""Suspended""},{""@Name"":""Type ID"",""#text"":""0""},{""@Name"":""Type Name"",""#text"":""Concrete""},{""@Name"":""Pre Execution Status"",""#text"":""0""},{""@Name"":""Action ID"",""#text"":""9""},{""@Name"":""Action Name"",""#text"":""Not Applicable""},{""@Name"":""Unused4""},{""@Name"":""Error Code"",""#text"":""0x00000000""},{""@Name"":""Error Description"",""#text"":""The operation completed successfully. ""},{""@Name"":""Unused5""},{""@Name"":""Post Clean Status"",""#text"":""0""},{""@Name"":""Additional Actions ID"",""#text"":""0""},{""@Name"":""Additional Actions String"",""#text"":""No additional actions required""},{""@Name"":""Remediation User""},{""@Name"":""Unused6""},{""@Name"":""Security intelligence Version"",""#text"":""AV: 1.383.1419.0, AS: 1.383.1419.0, NIS: 1.383.1419.0""},{""@Name"":""Engine Version"",""#text"":""AM: 1.1.20000.2, NIS: 1.1.20000.2""}]}}"
118,118,2023-03-10 02:35:11.9434871,1117,Info,Microsoft-Windows-Windows Defender,Microsoft-Windows-Windows Defender/Operational,2080,2480,DESKTOP-887GK2L,2,S-1-5-18,Detection - The antimalware platform performed an action to protect your system from malware or other potentially unwanted software,Detection User: NT AUTHORITY\SYSTEM,,Malware name: Trojan:Win64/Meterpreter.B,Description: Trojan (Severe),Detection Time: 2023-03-10T02:34:59.642Z,Process (if real-time detection): C:\Windows\System32\svchost.exe,Detection ID: {D0EAE081-143D-428D-B945-2C428C9DE1AA},,file:_C:\Users\CyberJunkie\AppData\Local\Temp\msf.dll,False,C:\Users\turan\Desktop\defense-work-evtx-files\Windows Defender-Operational.evtx,Classic,0,"{""EventData"":{""Data"":[{""@Name"":""Product Name"",""#text"":""Microsoft Defender Antivirus""},{""@Name"":""Product Version"",""#text"":""4.18.2301.6""},{""@Name"":""Detection ID"",""#text"":""{D0EAE081-143D-428D-B945-2C428C9DE1AA}""},{""@Name"":""Detection Time"",""#text"":""2023-03-10T02:34:59.642Z""},{""@Name"":""Unused""},{""@Name"":""Unused2""},{""@Name"":""Threat ID"",""#text"":""2147721790""},{""@Name"":""Threat Name"",""#text"":""Trojan:Win64/Meterpreter.B""},{""@Name"":""Severity ID"",""#text"":""5""},{""@Name"":""Severity Name"",""#text"":""Severe""},{""@Name"":""Category ID"",""#text"":""8""},{""@Name"":""Category Name"",""#text"":""Trojan""},{""@Name"":""FWLink"",""#text"":""https://go.microsoft.com/fwlink/?linkid=37020&amp;name=Trojan:Win64/Meterpreter.B&amp;threatid=2147721790&amp;enterprise=0""},{""@Name"":""Status Code"",""#text"":""3""},{""@Name"":""Status Description""},{""@Name"":""State"",""#text"":""3""},{""@Name"":""Source ID"",""#text"":""3""},{""@Name"":""Source Name"",""#text"":""Real-Time Protection""},{""@Name"":""Process Name"",""#text"":""C:\\Windows\\System32\\svchost.exe""},{""@Name"":""Detection User"",""#text"":""NT AUTHORITY\\SYSTEM""},{""@Name"":""Unused3""},{""@Name"":""Path"",""#text"":""file:_C:\\Users\\CyberJunkie\\AppData\\Local\\Temp\\msf.dll""},{""@Name"":""Origin ID"",""#text"":""1""},{""@Name"":""Origin Name"",""#text"":""Local machine""},{""@Name"":""Execution ID"",""#text"":""1""},{""@Name"":""Execution Name"",""#text"":""Suspended""},{""@Name"":""Type ID"",""#text"":""0""},{""@Name"":""Type Name"",""#text"":""Concrete""},{""@Name"":""Pre Execution Status"",""#text"":""0""},{""@Name"":""Action ID"",""#text"":""2""},{""@Name"":""Action Name"",""#text"":""Quarantine""},{""@Name"":""Unused4""},{""@Name"":""Error Code"",""#text"":""0x00000000""},{""@Name"":""Error Description"",""#text"":""The operation completed successfully. ""},{""@Name"":""Unused5""},{""@Name"":""Post Clean Status"",""#text"":""0""},{""@Name"":""Additional Actions ID"",""#text"":""8""},{""@Name"":""Additional Actions String"",""#text"":""To finish removing malware and other potentially unwanted software, restart the device. ""},{""@Name"":""Remediation User"",""#text"":""NT AUTHORITY\\SYSTEM""},{""@Name"":""Unused6""},{""@Name"":""Security intelligence Version"",""#text"":""AV: 1.383.1419.0, AS: 1.383.1419.0, NIS: 1.383.1419.0""},{""@Name"":""Engine Version"",""#text"":""AM: 1.1.20000.2, NIS: 1.1.20000.2""}]}}"
119,119,2023-03-10 02:35:11.9492523,1116,Warning,Microsoft-Windows-Windows Defender,Microsoft-Windows-Windows Defender/Operational,2080,2480,DESKTOP-887GK2L,2,S-1-5-18,Detection - The antimalware platform detected malware or other potentially unwanted software,Detection User: NT AUTHORITY\SYSTEM,,Malware name: Trojan:Win64/Meterpreter.B,Description: Trojan (Severe),Detection Time: 2023-03-10T02:35:11.793Z,Process (if real-time detection): C:\Windows\System32\svchost.exe,Detection ID: {2B5E90A3-831B-4D3F-9412-CD3FF8A99A52},,file:_C:\Users\CyberJunkie\AppData\Local\Temp\msf.dll,False,C:\Users\turan\Desktop\defense-work-evtx-files\Windows Defender-Operational.evtx,Classic,0,"{""EventData"":{""Data"":[{""@Name"":""Product Name"",""#text"":""Microsoft Defender Antivirus""},{""@Name"":""Product Version"",""#text"":""4.18.2301.6""},{""@Name"":""Detection ID"",""#text"":""{2B5E90A3-831B-4D3F-9412-CD3FF8A99A52}""},{""@Name"":""Detection Time"",""#text"":""2023-03-10T02:35:11.793Z""},{""@Name"":""Unused""},{""@Name"":""Unused2""},{""@Name"":""Threat ID"",""#text"":""2147721790""},{""@Name"":""Threat Name"",""#text"":""Trojan:Win64/Meterpreter.B""},{""@Name"":""Severity ID"",""#text"":""5""},{""@Name"":""Severity Name"",""#text"":""Severe""},{""@Name"":""Category ID"",""#text"":""8""},{""@Name"":""Category Name"",""#text"":""Trojan""},{""@Name"":""FWLink"",""#text"":""https://go.microsoft.com/fwlink/?linkid=37020&amp;name=Trojan:Win64/Meterpreter.B&amp;threatid=2147721790&amp;enterprise=0""},{""@Name"":""Status Code"",""#text"":""1""},{""@Name"":""Status Description""},{""@Name"":""State"",""#text"":""1""},{""@Name"":""Source ID"",""#text"":""3""},{""@Name"":""Source Name"",""#text"":""Real-Time Protection""},{""@Name"":""Process Name"",""#text"":""C:\\Windows\\System32\\svchost.exe""},{""@Name"":""Detection User"",""#text"":""NT AUTHORITY\\SYSTEM""},{""@Name"":""Unused3""},{""@Name"":""Path"",""#text"":""file:_C:\\Users\\CyberJunkie\\AppData\\Local\\Temp\\msf.dll""},{""@Name"":""Origin ID"",""#text"":""1""},{""@Name"":""Origin Name"",""#text"":""Local machine""},{""@Name"":""Execution ID"",""#text"":""1""},{""@Name"":""Execution Name"",""#text"":""Suspended""},{""@Name"":""Type ID"",""#text"":""0""},{""@Name"":""Type Name"",""#text"":""Concrete""},{""@Name"":""Pre Execution Status"",""#text"":""0""},{""@Name"":""Action ID"",""#text"":""9""},{""@Name"":""Action Name"",""#text"":""Not Applicable""},{""@Name"":""Unused4""},{""@Name"":""Error Code"",""#text"":""0x00000000""},{""@Name"":""Error Description"",""#text"":""The operation completed successfully. ""},{""@Name"":""Unused5""},{""@Name"":""Post Clean Status"",""#text"":""0""},{""@Name"":""Additional Actions ID"",""#text"":""0""},{""@Name"":""Additional Actions String"",""#text"":""No additional actions required""},{""@Name"":""Remediation User""},{""@Name"":""Unused6""},{""@Name"":""Security intelligence Version"",""#text"":""AV: 1.383.1419.0, AS: 1.383.1419.0, NIS: 1.383.1419.0""},{""@Name"":""Engine Version"",""#text"":""AM: 1.1.20000.2, NIS: 1.1.20000.2""}]}}"
120,120,2023-03-10 02:35:24.1857366,1116,Warning,Microsoft-Windows-Windows Defender,Microsoft-Windows-Windows Defender/Operational,2080,4548,DESKTOP-887GK2L,2,S-1-5-18,Detection - The antimalware platform detected malware or other potentially unwanted software,Detection User: NT AUTHORITY\SYSTEM,,Malware name: Trojan:Win64/Meterpreter.B,Description: Trojan (Severe),Detection Time: 2023-03-10T02:35:24.047Z,Process (if real-time detection): C:\Windows\System32\svchost.exe,Detection ID: {6CEA74A4-EE62-46B8-8045-424D89B46689},,file:_C:\Users\CyberJunkie\AppData\Local\Temp\msf.dll,False,C:\Users\turan\Desktop\defense-work-evtx-files\Windows Defender-Operational.evtx,Classic,0,"{""EventData"":{""Data"":[{""@Name"":""Product Name"",""#text"":""Microsoft Defender Antivirus""},{""@Name"":""Product Version"",""#text"":""4.18.2301.6""},{""@Name"":""Detection ID"",""#text"":""{6CEA74A4-EE62-46B8-8045-424D89B46689}""},{""@Name"":""Detection Time"",""#text"":""2023-03-10T02:35:24.047Z""},{""@Name"":""Unused""},{""@Name"":""Unused2""},{""@Name"":""Threat ID"",""#text"":""2147721790""},{""@Name"":""Threat Name"",""#text"":""Trojan:Win64/Meterpreter.B""},{""@Name"":""Severity ID"",""#text"":""5""},{""@Name"":""Severity Name"",""#text"":""Severe""},{""@Name"":""Category ID"",""#text"":""8""},{""@Name"":""Category Name"",""#text"":""Trojan""},{""@Name"":""FWLink"",""#text"":""https://go.microsoft.com/fwlink/?linkid=37020&amp;name=Trojan:Win64/Meterpreter.B&amp;threatid=2147721790&amp;enterprise=0""},{""@Name"":""Status Code"",""#text"":""1""},{""@Name"":""Status Description""},{""@Name"":""State"",""#text"":""1""},{""@Name"":""Source ID"",""#text"":""3""},{""@Name"":""Source Name"",""#text"":""Real-Time Protection""},{""@Name"":""Process Name"",""#text"":""C:\\Windows\\System32\\svchost.exe""},{""@Name"":""Detection User"",""#text"":""NT AUTHORITY\\SYSTEM""},{""@Name"":""Unused3""},{""@Name"":""Path"",""#text"":""file:_C:\\Users\\CyberJunkie\\AppData\\Local\\Temp\\msf.dll""},{""@Name"":""Origin ID"",""#text"":""1""},{""@Name"":""Origin Name"",""#text"":""Local machine""},{""@Name"":""Execution ID"",""#text"":""1""},{""@Name"":""Execution Name"",""#text"":""Suspended""},{""@Name"":""Type ID"",""#text"":""0""},{""@Name"":""Type Name"",""#text"":""Concrete""},{""@Name"":""Pre Execution Status"",""#text"":""0""},{""@Name"":""Action ID"",""#text"":""9""},{""@Name"":""Action Name"",""#text"":""Not Applicable""},{""@Name"":""Unused4""},{""@Name"":""Error Code"",""#text"":""0x00000000""},{""@Name"":""Error Description"",""#text"":""The operation completed successfully. ""},{""@Name"":""Unused5""},{""@Name"":""Post Clean Status"",""#text"":""0""},{""@Name"":""Additional Actions ID"",""#text"":""0""},{""@Name"":""Additional Actions String"",""#text"":""No additional actions required""},{""@Name"":""Remediation User""},{""@Name"":""Unused6""},{""@Name"":""Security intelligence Version"",""#text"":""AV: 1.383.1419.0, AS: 1.383.1419.0, NIS: 1.383.1419.0""},{""@Name"":""Engine Version"",""#text"":""AM: 1.1.20000.2, NIS: 1.1.20000.2""}]}}"
121,121,2023-03-10 02:35:24.2018005,1117,Info,Microsoft-Windows-Windows Defender,Microsoft-Windows-Windows Defender/Operational,2080,2480,DESKTOP-887GK2L,2,S-1-5-18,Detection - The antimalware platform performed an action to protect your system from malware or other potentially unwanted software,Detection User: NT AUTHORITY\SYSTEM,,Malware name: Trojan:Win64/Meterpreter.B,Description: Trojan (Severe),Detection Time: 2023-03-10T02:35:11.793Z,Process (if real-time detection): C:\Windows\System32\svchost.exe,Detection ID: {2B5E90A3-831B-4D3F-9412-CD3FF8A99A52},,file:_C:\Users\CyberJunkie\AppData\Local\Temp\msf.dll,False,C:\Users\turan\Desktop\defense-work-evtx-files\Windows Defender-Operational.evtx,Classic,0,"{""EventData"":{""Data"":[{""@Name"":""Product Name"",""#text"":""Microsoft Defender Antivirus""},{""@Name"":""Product Version"",""#text"":""4.18.2301.6""},{""@Name"":""Detection ID"",""#text"":""{2B5E90A3-831B-4D3F-9412-CD3FF8A99A52}""},{""@Name"":""Detection Time"",""#text"":""2023-03-10T02:35:11.793Z""},{""@Name"":""Unused""},{""@Name"":""Unused2""},{""@Name"":""Threat ID"",""#text"":""2147721790""},{""@Name"":""Threat Name"",""#text"":""Trojan:Win64/Meterpreter.B""},{""@Name"":""Severity ID"",""#text"":""5""},{""@Name"":""Severity Name"",""#text"":""Severe""},{""@Name"":""Category ID"",""#text"":""8""},{""@Name"":""Category Name"",""#text"":""Trojan""},{""@Name"":""FWLink"",""#text"":""https://go.microsoft.com/fwlink/?linkid=37020&amp;name=Trojan:Win64/Meterpreter.B&amp;threatid=2147721790&amp;enterprise=0""},{""@Name"":""Status Code"",""#text"":""3""},{""@Name"":""Status Description""},{""@Name"":""State"",""#text"":""3""},{""@Name"":""Source ID"",""#text"":""3""},{""@Name"":""Source Name"",""#text"":""Real-Time Protection""},{""@Name"":""Process Name"",""#text"":""C:\\Windows\\System32\\svchost.exe""},{""@Name"":""Detection User"",""#text"":""NT AUTHORITY\\SYSTEM""},{""@Name"":""Unused3""},{""@Name"":""Path"",""#text"":""file:_C:\\Users\\CyberJunkie\\AppData\\Local\\Temp\\msf.dll""},{""@Name"":""Origin ID"",""#text"":""1""},{""@Name"":""Origin Name"",""#text"":""Local machine""},{""@Name"":""Execution ID"",""#text"":""1""},{""@Name"":""Execution Name"",""#text"":""Suspended""},{""@Name"":""Type ID"",""#text"":""0""},{""@Name"":""Type Name"",""#text"":""Concrete""},{""@Name"":""Pre Execution Status"",""#text"":""0""},{""@Name"":""Action ID"",""#text"":""2""},{""@Name"":""Action Name"",""#text"":""Quarantine""},{""@Name"":""Unused4""},{""@Name"":""Error Code"",""#text"":""0x00000000""},{""@Name"":""Error Description"",""#text"":""The operation completed successfully. ""},{""@Name"":""Unused5""},{""@Name"":""Post Clean Status"",""#text"":""0""},{""@Name"":""Additional Actions ID"",""#text"":""8""},{""@Name"":""Additional Actions String"",""#text"":""To finish removing malware and other potentially unwanted software, restart the device. ""},{""@Name"":""Remediation User"",""#text"":""NT AUTHORITY\\SYSTEM""},{""@Name"":""Unused6""},{""@Name"":""Security intelligence Version"",""#text"":""AV: 1.383.1419.0, AS: 1.383.1419.0, NIS: 1.383.1419.0""},{""@Name"":""Engine Version"",""#text"":""AM: 1.1.20000.2, NIS: 1.1.20000.2""}]}}"
122,122,2023-03-10 02:35:24.2077062,1116,Warning,Microsoft-Windows-Windows Defender,Microsoft-Windows-Windows Defender/Operational,2080,2480,DESKTOP-887GK2L,2,S-1-5-18,Detection - The antimalware platform detected malware or other potentially unwanted software,Detection User: NT AUTHORITY\SYSTEM,,Malware name: Trojan:Win64/Meterpreter.B,Description: Trojan (Severe),Detection Time: 2023-03-10T02:35:24.047Z,Process (if real-time detection): C:\Windows\System32\svchost.exe,Detection ID: {6CEA74A4-EE62-46B8-8045-424D89B46689},,file:_C:\Users\CyberJunkie\AppData\Local\Temp\msf.dll,False,C:\Users\turan\Desktop\defense-work-evtx-files\Windows Defender-Operational.evtx,Classic,0,"{""EventData"":{""Data"":[{""@Name"":""Product Name"",""#text"":""Microsoft Defender Antivirus""},{""@Name"":""Product Version"",""#text"":""4.18.2301.6""},{""@Name"":""Detection ID"",""#text"":""{6CEA74A4-EE62-46B8-8045-424D89B46689}""},{""@Name"":""Detection Time"",""#text"":""2023-03-10T02:35:24.047Z""},{""@Name"":""Unused""},{""@Name"":""Unused2""},{""@Name"":""Threat ID"",""#text"":""2147721790""},{""@Name"":""Threat Name"",""#text"":""Trojan:Win64/Meterpreter.B""},{""@Name"":""Severity ID"",""#text"":""5""},{""@Name"":""Severity Name"",""#text"":""Severe""},{""@Name"":""Category ID"",""#text"":""8""},{""@Name"":""Category Name"",""#text"":""Trojan""},{""@Name"":""FWLink"",""#text"":""https://go.microsoft.com/fwlink/?linkid=37020&amp;name=Trojan:Win64/Meterpreter.B&amp;threatid=2147721790&amp;enterprise=0""},{""@Name"":""Status Code"",""#text"":""1""},{""@Name"":""Status Description""},{""@Name"":""State"",""#text"":""1""},{""@Name"":""Source ID"",""#text"":""3""},{""@Name"":""Source Name"",""#text"":""Real-Time Protection""},{""@Name"":""Process Name"",""#text"":""C:\\Windows\\System32\\svchost.exe""},{""@Name"":""Detection User"",""#text"":""NT AUTHORITY\\SYSTEM""},{""@Name"":""Unused3""},{""@Name"":""Path"",""#text"":""file:_C:\\Users\\CyberJunkie\\AppData\\Local\\Temp\\msf.dll""},{""@Name"":""Origin ID"",""#text"":""1""},{""@Name"":""Origin Name"",""#text"":""Local machine""},{""@Name"":""Execution ID"",""#text"":""1""},{""@Name"":""Execution Name"",""#text"":""Suspended""},{""@Name"":""Type ID"",""#text"":""0""},{""@Name"":""Type Name"",""#text"":""Concrete""},{""@Name"":""Pre Execution Status"",""#text"":""0""},{""@Name"":""Action ID"",""#text"":""9""},{""@Name"":""Action Name"",""#text"":""Not Applicable""},{""@Name"":""Unused4""},{""@Name"":""Error Code"",""#text"":""0x00000000""},{""@Name"":""Error Description"",""#text"":""The operation completed successfully. ""},{""@Name"":""Unused5""},{""@Name"":""Post Clean Status"",""#text"":""0""},{""@Name"":""Additional Actions ID"",""#text"":""0""},{""@Name"":""Additional Actions String"",""#text"":""No additional actions required""},{""@Name"":""Remediation User""},{""@Name"":""Unused6""},{""@Name"":""Security intelligence Version"",""#text"":""AV: 1.383.1419.0, AS: 1.383.1419.0, NIS: 1.383.1419.0""},{""@Name"":""Engine Version"",""#text"":""AM: 1.1.20000.2, NIS: 1.1.20000.2""}]}}"
123,123,2023-03-10 02:35:37.0129518,1116,Warning,Microsoft-Windows-Windows Defender,Microsoft-Windows-Windows Defender/Operational,2080,4548,DESKTOP-887GK2L,2,S-1-5-18,Detection - The antimalware platform detected malware or other potentially unwanted software,Detection User: NT AUTHORITY\SYSTEM,,Malware name: Trojan:Win64/Meterpreter.B,Description: Trojan (Severe),Detection Time: 2023-03-10T02:35:36.851Z,Process (if real-time detection): C:\Windows\System32\svchost.exe,Detection ID: {1697DAE5-6485-4439-88F1-E5FD9FA531DD},,file:_C:\Users\CyberJunkie\AppData\Local\Temp\msf.dll,False,C:\Users\turan\Desktop\defense-work-evtx-files\Windows Defender-Operational.evtx,Classic,0,"{""EventData"":{""Data"":[{""@Name"":""Product Name"",""#text"":""Microsoft Defender Antivirus""},{""@Name"":""Product Version"",""#text"":""4.18.2301.6""},{""@Name"":""Detection ID"",""#text"":""{1697DAE5-6485-4439-88F1-E5FD9FA531DD}""},{""@Name"":""Detection Time"",""#text"":""2023-03-10T02:35:36.851Z""},{""@Name"":""Unused""},{""@Name"":""Unused2""},{""@Name"":""Threat ID"",""#text"":""2147721790""},{""@Name"":""Threat Name"",""#text"":""Trojan:Win64/Meterpreter.B""},{""@Name"":""Severity ID"",""#text"":""5""},{""@Name"":""Severity Name"",""#text"":""Severe""},{""@Name"":""Category ID"",""#text"":""8""},{""@Name"":""Category Name"",""#text"":""Trojan""},{""@Name"":""FWLink"",""#text"":""https://go.microsoft.com/fwlink/?linkid=37020&amp;name=Trojan:Win64/Meterpreter.B&amp;threatid=2147721790&amp;enterprise=0""},{""@Name"":""Status Code"",""#text"":""1""},{""@Name"":""Status Description""},{""@Name"":""State"",""#text"":""1""},{""@Name"":""Source ID"",""#text"":""3""},{""@Name"":""Source Name"",""#text"":""Real-Time Protection""},{""@Name"":""Process Name"",""#text"":""C:\\Windows\\System32\\svchost.exe""},{""@Name"":""Detection User"",""#text"":""NT AUTHORITY\\SYSTEM""},{""@Name"":""Unused3""},{""@Name"":""Path"",""#text"":""file:_C:\\Users\\CyberJunkie\\AppData\\Local\\Temp\\msf.dll""},{""@Name"":""Origin ID"",""#text"":""1""},{""@Name"":""Origin Name"",""#text"":""Local machine""},{""@Name"":""Execution ID"",""#text"":""1""},{""@Name"":""Execution Name"",""#text"":""Suspended""},{""@Name"":""Type ID"",""#text"":""0""},{""@Name"":""Type Name"",""#text"":""Concrete""},{""@Name"":""Pre Execution Status"",""#text"":""0""},{""@Name"":""Action ID"",""#text"":""9""},{""@Name"":""Action Name"",""#text"":""Not Applicable""},{""@Name"":""Unused4""},{""@Name"":""Error Code"",""#text"":""0x00000000""},{""@Name"":""Error Description"",""#text"":""The operation completed successfully. ""},{""@Name"":""Unused5""},{""@Name"":""Post Clean Status"",""#text"":""0""},{""@Name"":""Additional Actions ID"",""#text"":""0""},{""@Name"":""Additional Actions String"",""#text"":""No additional actions required""},{""@Name"":""Remediation User""},{""@Name"":""Unused6""},{""@Name"":""Security intelligence Version"",""#text"":""AV: 1.383.1419.0, AS: 1.383.1419.0, NIS: 1.383.1419.0""},{""@Name"":""Engine Version"",""#text"":""AM: 1.1.20000.2, NIS: 1.1.20000.2""}]}}"
124,124,2023-03-10 02:35:37.0270491,1117,Info,Microsoft-Windows-Windows Defender,Microsoft-Windows-Windows Defender/Operational,2080,2480,DESKTOP-887GK2L,2,S-1-5-18,Detection - The antimalware platform performed an action to protect your system from malware or other potentially unwanted software,Detection User: NT AUTHORITY\SYSTEM,,Malware name: Trojan:Win64/Meterpreter.B,Description: Trojan (Severe),Detection Time: 2023-03-10T02:35:24.047Z,Process (if real-time detection): C:\Windows\System32\svchost.exe,Detection ID: {6CEA74A4-EE62-46B8-8045-424D89B46689},,file:_C:\Users\CyberJunkie\AppData\Local\Temp\msf.dll,False,C:\Users\turan\Desktop\defense-work-evtx-files\Windows Defender-Operational.evtx,Classic,0,"{""EventData"":{""Data"":[{""@Name"":""Product Name"",""#text"":""Microsoft Defender Antivirus""},{""@Name"":""Product Version"",""#text"":""4.18.2301.6""},{""@Name"":""Detection ID"",""#text"":""{6CEA74A4-EE62-46B8-8045-424D89B46689}""},{""@Name"":""Detection Time"",""#text"":""2023-03-10T02:35:24.047Z""},{""@Name"":""Unused""},{""@Name"":""Unused2""},{""@Name"":""Threat ID"",""#text"":""2147721790""},{""@Name"":""Threat Name"",""#text"":""Trojan:Win64/Meterpreter.B""},{""@Name"":""Severity ID"",""#text"":""5""},{""@Name"":""Severity Name"",""#text"":""Severe""},{""@Name"":""Category ID"",""#text"":""8""},{""@Name"":""Category Name"",""#text"":""Trojan""},{""@Name"":""FWLink"",""#text"":""https://go.microsoft.com/fwlink/?linkid=37020&amp;name=Trojan:Win64/Meterpreter.B&amp;threatid=2147721790&amp;enterprise=0""},{""@Name"":""Status Code"",""#text"":""3""},{""@Name"":""Status Description""},{""@Name"":""State"",""#text"":""3""},{""@Name"":""Source ID"",""#text"":""3""},{""@Name"":""Source Name"",""#text"":""Real-Time Protection""},{""@Name"":""Process Name"",""#text"":""C:\\Windows\\System32\\svchost.exe""},{""@Name"":""Detection User"",""#text"":""NT AUTHORITY\\SYSTEM""},{""@Name"":""Unused3""},{""@Name"":""Path"",""#text"":""file:_C:\\Users\\CyberJunkie\\AppData\\Local\\Temp\\msf.dll""},{""@Name"":""Origin ID"",""#text"":""1""},{""@Name"":""Origin Name"",""#text"":""Local machine""},{""@Name"":""Execution ID"",""#text"":""1""},{""@Name"":""Execution Name"",""#text"":""Suspended""},{""@Name"":""Type ID"",""#text"":""0""},{""@Name"":""Type Name"",""#text"":""Concrete""},{""@Name"":""Pre Execution Status"",""#text"":""0""},{""@Name"":""Action ID"",""#text"":""2""},{""@Name"":""Action Name"",""#text"":""Quarantine""},{""@Name"":""Unused4""},{""@Name"":""Error Code"",""#text"":""0x00000000""},{""@Name"":""Error Description"",""#text"":""The operation completed successfully. ""},{""@Name"":""Unused5""},{""@Name"":""Post Clean Status"",""#text"":""0""},{""@Name"":""Additional Actions ID"",""#text"":""8""},{""@Name"":""Additional Actions String"",""#text"":""To finish removing malware and other potentially unwanted software, restart the device. ""},{""@Name"":""Remediation User"",""#text"":""NT AUTHORITY\\SYSTEM""},{""@Name"":""Unused6""},{""@Name"":""Security intelligence Version"",""#text"":""AV: 1.383.1419.0, AS: 1.383.1419.0, NIS: 1.383.1419.0""},{""@Name"":""Engine Version"",""#text"":""AM: 1.1.20000.2, NIS: 1.1.20000.2""}]}}"
125,125,2023-03-10 02:35:37.0374886,1116,Warning,Microsoft-Windows-Windows Defender,Microsoft-Windows-Windows Defender/Operational,2080,2480,DESKTOP-887GK2L,2,S-1-5-18,Detection - The antimalware platform detected malware or other potentially unwanted software,Detection User: NT AUTHORITY\SYSTEM,,Malware name: Trojan:Win64/Meterpreter.B,Description: Trojan (Severe),Detection Time: 2023-03-10T02:35:36.851Z,Process (if real-time detection): C:\Windows\System32\svchost.exe,Detection ID: {1697DAE5-6485-4439-88F1-E5FD9FA531DD},,file:_C:\Users\CyberJunkie\AppData\Local\Temp\msf.dll,False,C:\Users\turan\Desktop\defense-work-evtx-files\Windows Defender-Operational.evtx,Classic,0,"{""EventData"":{""Data"":[{""@Name"":""Product Name"",""#text"":""Microsoft Defender Antivirus""},{""@Name"":""Product Version"",""#text"":""4.18.2301.6""},{""@Name"":""Detection ID"",""#text"":""{1697DAE5-6485-4439-88F1-E5FD9FA531DD}""},{""@Name"":""Detection Time"",""#text"":""2023-03-10T02:35:36.851Z""},{""@Name"":""Unused""},{""@Name"":""Unused2""},{""@Name"":""Threat ID"",""#text"":""2147721790""},{""@Name"":""Threat Name"",""#text"":""Trojan:Win64/Meterpreter.B""},{""@Name"":""Severity ID"",""#text"":""5""},{""@Name"":""Severity Name"",""#text"":""Severe""},{""@Name"":""Category ID"",""#text"":""8""},{""@Name"":""Category Name"",""#text"":""Trojan""},{""@Name"":""FWLink"",""#text"":""https://go.microsoft.com/fwlink/?linkid=37020&amp;name=Trojan:Win64/Meterpreter.B&amp;threatid=2147721790&amp;enterprise=0""},{""@Name"":""Status Code"",""#text"":""1""},{""@Name"":""Status Description""},{""@Name"":""State"",""#text"":""1""},{""@Name"":""Source ID"",""#text"":""3""},{""@Name"":""Source Name"",""#text"":""Real-Time Protection""},{""@Name"":""Process Name"",""#text"":""C:\\Windows\\System32\\svchost.exe""},{""@Name"":""Detection User"",""#text"":""NT AUTHORITY\\SYSTEM""},{""@Name"":""Unused3""},{""@Name"":""Path"",""#text"":""file:_C:\\Users\\CyberJunkie\\AppData\\Local\\Temp\\msf.dll""},{""@Name"":""Origin ID"",""#text"":""1""},{""@Name"":""Origin Name"",""#text"":""Local machine""},{""@Name"":""Execution ID"",""#text"":""1""},{""@Name"":""Execution Name"",""#text"":""Suspended""},{""@Name"":""Type ID"",""#text"":""0""},{""@Name"":""Type Name"",""#text"":""Concrete""},{""@Name"":""Pre Execution Status"",""#text"":""0""},{""@Name"":""Action ID"",""#text"":""9""},{""@Name"":""Action Name"",""#text"":""Not Applicable""},{""@Name"":""Unused4""},{""@Name"":""Error Code"",""#text"":""0x00000000""},{""@Name"":""Error Description"",""#text"":""The operation completed successfully. ""},{""@Name"":""Unused5""},{""@Name"":""Post Clean Status"",""#text"":""0""},{""@Name"":""Additional Actions ID"",""#text"":""0""},{""@Name"":""Additional Actions String"",""#text"":""No additional actions required""},{""@Name"":""Remediation User""},{""@Name"":""Unused6""},{""@Name"":""Security intelligence Version"",""#text"":""AV: 1.383.1419.0, AS: 1.383.1419.0, NIS: 1.383.1419.0""},{""@Name"":""Engine Version"",""#text"":""AM: 1.1.20000.2, NIS: 1.1.20000.2""}]}}"
