RecordNumber,EventRecordId,TimeCreated,EventId,Level,Provider,Channel,ProcessId,ThreadId,Computer,ChunkNumber,UserId,MapDescription,UserName,RemoteHost,PayloadData1,PayloadData2,PayloadData3,PayloadData4,PayloadData5,PayloadData6,ExecutableInfo,HiddenRecord,SourceFile,Keywords,ExtraDataOffset,Payload
1,1,2023-02-01 00:40:19.3980452,5007,Info,Microsoft-Windows-Windows Defender,Microsoft-Windows-Windows Defender/Operational,2808,2060,WIN-5OGN97SDH8J,0,S-1-5-18,The antimalware platform configuration changed,,,Old Value: Default\InstallLocation = C:\Program Files\Windows Defender,New Value: HKLM\SOFTWARE\Microsoft\Windows Defender\InstallLocation = C:\Program Files\Windows Defender\,,,,,,False,C:\Users\turan\Desktop\defense-work-evtx-files\Windows Defender-Operational.evtx,Classic,0,"{""EventData"":{""Data"":[{""@Name"":""Product Name"",""#text"":""%%827""},{""@Name"":""Product Version"",""#text"":""4.18.1909.6""},{""@Name"":""Old Value"",""#text"":""Default\\InstallLocation = C:\\Program Files\\Windows Defender""},{""@Name"":""New Value"",""#text"":""HKLM\\SOFTWARE\\Microsoft\\Windows Defender\\InstallLocation = C:\\Program Files\\Windows Defender\\""}]}}"
2,2,2023-02-01 00:40:19.3980991,5007,Info,Microsoft-Windows-Windows Defender,Microsoft-Windows-Windows Defender/Operational,2808,2060,WIN-5OGN97SDH8J,0,S-1-5-18,The antimalware platform configuration changed,,,"Old Value: N/A\ProductType = ",New Value: HKLM\SOFTWARE\Microsoft\Windows Defender\ProductType = 0x2,,,,,,False,C:\Users\turan\Desktop\defense-work-evtx-files\Windows Defender-Operational.evtx,Classic,0,"{""EventData"":{""Data"":[{""@Name"":""Product Name"",""#text"":""%%827""},{""@Name"":""Product Version"",""#text"":""4.18.1909.6""},{""@Name"":""Old Value"",""#text"":""N/A\\ProductType = ""},{""@Name"":""New Value"",""#text"":""HKLM\\SOFTWARE\\Microsoft\\Windows Defender\\ProductType = 0x2""}]}}"
3,3,2023-02-01 00:40:20.2096489,5007,Info,Microsoft-Windows-Windows Defender,Microsoft-Windows-Windows Defender/Operational,2808,1504,WIN-5OGN97SDH8J,0,S-1-5-18,The antimalware platform configuration changed,,,Old Value: Default\ManagedDefenderProductType = 0x0,New Value: HKLM\SOFTWARE\Microsoft\Windows Defender\ManagedDefenderProductType = 0x0,,,,,,False,C:\Users\turan\Desktop\defense-work-evtx-files\Windows Defender-Operational.evtx,Classic,0,"{""EventData"":{""Data"":[{""@Name"":""Product Name"",""#text"":""%%827""},{""@Name"":""Product Version"",""#text"":""4.18.1909.6""},{""@Name"":""Old Value"",""#text"":""Default\\ManagedDefenderProductType = 0x0""},{""@Name"":""New Value"",""#text"":""HKLM\\SOFTWARE\\Microsoft\\Windows Defender\\ManagedDefenderProductType = 0x0""}]}}"
4,4,2023-02-01 00:40:20.2099741,5007,Info,Microsoft-Windows-Windows Defender,Microsoft-Windows-Windows Defender/Operational,2808,1504,WIN-5OGN97SDH8J,0,S-1-5-18,The antimalware platform configuration changed,,,Old Value: Default\Features\TamperProtection = 0x0,New Value: HKLM\SOFTWARE\Microsoft\Windows Defender\Features\TamperProtection = 0x1,,,,,,False,C:\Users\turan\Desktop\defense-work-evtx-files\Windows Defender-Operational.evtx,Classic,0,"{""EventData"":{""Data"":[{""@Name"":""Product Name"",""#text"":""%%827""},{""@Name"":""Product Version"",""#text"":""4.18.1909.6""},{""@Name"":""Old Value"",""#text"":""Default\\Features\\TamperProtection = 0x0""},{""@Name"":""New Value"",""#text"":""HKLM\\SOFTWARE\\Microsoft\\Windows Defender\\Features\\TamperProtection = 0x1""}]}}"
5,5,2023-02-01 00:40:22.3495005,5007,Info,Microsoft-Windows-Windows Defender,Microsoft-Windows-Windows Defender/Operational,2808,1504,WIN-5OGN97SDH8J,0,S-1-5-18,The antimalware platform configuration changed,,,"Old Value: ",New Value: HKLM\SOFTWARE\Microsoft\Windows Defender\MpEngine\MpGradualEngineRelease = 0x1,,,,,,False,C:\Users\turan\Desktop\defense-work-evtx-files\Windows Defender-Operational.evtx,Classic,0,"{""EventData"":{""Data"":[{""@Name"":""Product Name"",""#text"":""%%827""},{""@Name"":""Product Version"",""#text"":""4.18.1909.6""},{""@Name"":""Old Value""},{""@Name"":""New Value"",""#text"":""HKLM\\SOFTWARE\\Microsoft\\Windows Defender\\MpEngine\\MpGradualEngineRelease = 0x1""}]}}"
6,6,2023-02-01 00:40:22.3495048,5007,Info,Microsoft-Windows-Windows Defender,Microsoft-Windows-Windows Defender/Operational,2808,1504,WIN-5OGN97SDH8J,0,S-1-5-18,The antimalware platform configuration changed,,,"Old Value: ",New Value: HKLM\SOFTWARE\Microsoft\Windows Defender\MpEngine\MpCampRing = 0x1,,,,,,False,C:\Users\turan\Desktop\defense-work-evtx-files\Windows Defender-Operational.evtx,Classic,0,"{""EventData"":{""Data"":[{""@Name"":""Product Name"",""#text"":""%%827""},{""@Name"":""Product Version"",""#text"":""4.18.1909.6""},{""@Name"":""Old Value""},{""@Name"":""New Value"",""#text"":""HKLM\\SOFTWARE\\Microsoft\\Windows Defender\\MpEngine\\MpCampRing = 0x1""}]}}"
7,7,2023-02-01 00:40:22.3495089,5007,Info,Microsoft-Windows-Windows Defender,Microsoft-Windows-Windows Defender/Operational,2808,1504,WIN-5OGN97SDH8J,0,S-1-5-18,The antimalware platform configuration changed,,,"Old Value: ",New Value: HKLM\SOFTWARE\Microsoft\Windows Defender\MpEngine\MpCampGradualRelease = 0x1,,,,,,False,C:\Users\turan\Desktop\defense-work-evtx-files\Windows Defender-Operational.evtx,Classic,0,"{""EventData"":{""Data"":[{""@Name"":""Product Name"",""#text"":""%%827""},{""@Name"":""Product Version"",""#text"":""4.18.1909.6""},{""@Name"":""Old Value""},{""@Name"":""New Value"",""#text"":""HKLM\\SOFTWARE\\Microsoft\\Windows Defender\\MpEngine\\MpCampGradualRelease = 0x1""}]}}"
8,8,2023-02-01 00:40:22.3495132,5007,Info,Microsoft-Windows-Windows Defender,Microsoft-Windows-Windows Defender/Operational,2808,1504,WIN-5OGN97SDH8J,0,S-1-5-18,The antimalware platform configuration changed,,,"Old Value: ",New Value: HKLM\SOFTWARE\Microsoft\Windows Defender\MpEngine\MpEngineRing = 0x1,,,,,,False,C:\Users\turan\Desktop\defense-work-evtx-files\Windows Defender-Operational.evtx,Classic,0,"{""EventData"":{""Data"":[{""@Name"":""Product Name"",""#text"":""%%827""},{""@Name"":""Product Version"",""#text"":""4.18.1909.6""},{""@Name"":""Old Value""},{""@Name"":""New Value"",""#text"":""HKLM\\SOFTWARE\\Microsoft\\Windows Defender\\MpEngine\\MpEngineRing = 0x1""}]}}"
9,9,2023-02-01 00:40:22.3498533,5007,Info,Microsoft-Windows-Windows Defender,Microsoft-Windows-Windows Defender/Operational,2808,1504,WIN-5OGN97SDH8J,0,S-1-5-18,The antimalware platform configuration changed,,,Old Value: Default\Real-Time Protection\DpaDisabled = 0x0,New Value: HKLM\SOFTWARE\Microsoft\Windows Defender\Real-Time Protection\DpaDisabled = 0x0,,,,,,False,C:\Users\turan\Desktop\defense-work-evtx-files\Windows Defender-Operational.evtx,Classic,0,"{""EventData"":{""Data"":[{""@Name"":""Product Name"",""#text"":""%%827""},{""@Name"":""Product Version"",""#text"":""4.18.1909.6""},{""@Name"":""Old Value"",""#text"":""Default\\Real-Time Protection\\DpaDisabled = 0x0""},{""@Name"":""New Value"",""#text"":""HKLM\\SOFTWARE\\Microsoft\\Windows Defender\\Real-Time Protection\\DpaDisabled = 0x0""}]}}"
10,10,2023-02-01 00:40:22.3503667,5007,Info,Microsoft-Windows-Windows Defender,Microsoft-Windows-Windows Defender/Operational,2808,1504,WIN-5OGN97SDH8J,0,S-1-5-18,The antimalware platform configuration changed,,,Old Value: Default\Scan\AggressiveCatchupQuickScanReattemptElapsed = 0x17,New Value: HKLM\SOFTWARE\Microsoft\Windows Defender\Scan\AggressiveCatchupQuickScanReattemptElapsed = 0x17,,,,,,False,C:\Users\turan\Desktop\defense-work-evtx-files\Windows Defender-Operational.evtx,Classic,0,"{""EventData"":{""Data"":[{""@Name"":""Product Name"",""#text"":""%%827""},{""@Name"":""Product Version"",""#text"":""4.18.1909.6""},{""@Name"":""Old Value"",""#text"":""Default\\Scan\\AggressiveCatchupQuickScanReattemptElapsed = 0x17""},{""@Name"":""New Value"",""#text"":""HKLM\\SOFTWARE\\Microsoft\\Windows Defender\\Scan\\AggressiveCatchupQuickScanReattemptElapsed = 0x17""}]}}"
11,11,2023-02-01 00:40:22.3503755,5007,Info,Microsoft-Windows-Windows Defender,Microsoft-Windows-Windows Defender/Operational,2808,1504,WIN-5OGN97SDH8J,0,S-1-5-18,The antimalware platform configuration changed,,,Old Value: Default\Scan\DaysUntilAggressiveCatchupQuickScan = 0x19,New Value: HKLM\SOFTWARE\Microsoft\Windows Defender\Scan\DaysUntilAggressiveCatchupQuickScan = 0x1E,,,,,,False,C:\Users\turan\Desktop\defense-work-evtx-files\Windows Defender-Operational.evtx,Classic,0,"{""EventData"":{""Data"":[{""@Name"":""Product Name"",""#text"":""%%827""},{""@Name"":""Product Version"",""#text"":""4.18.1909.6""},{""@Name"":""Old Value"",""#text"":""Default\\Scan\\DaysUntilAggressiveCatchupQuickScan = 0x19""},{""@Name"":""New Value"",""#text"":""HKLM\\SOFTWARE\\Microsoft\\Windows Defender\\Scan\\DaysUntilAggressiveCatchupQuickScan = 0x1E""}]}}"
12,12,2023-02-01 00:40:22.3508030,5007,Info,Microsoft-Windows-Windows Defender,Microsoft-Windows-Windows Defender/Operational,2808,1504,WIN-5OGN97SDH8J,0,S-1-5-18,The antimalware platform configuration changed,,,Old Value: Default\Signature Updates\SignatureType = 0x0,New Value: HKLM\SOFTWARE\Microsoft\Windows Defender\Signature Updates\SignatureType = 0x0,,,,,,False,C:\Users\turan\Desktop\defense-work-evtx-files\Windows Defender-Operational.evtx,Classic,0,"{""EventData"":{""Data"":[{""@Name"":""Product Name"",""#text"":""%%827""},{""@Name"":""Product Version"",""#text"":""4.18.1909.6""},{""@Name"":""Old Value"",""#text"":""Default\\Signature Updates\\SignatureType = 0x0""},{""@Name"":""New Value"",""#text"":""HKLM\\SOFTWARE\\Microsoft\\Windows Defender\\Signature Updates\\SignatureType = 0x0""}]}}"
13,13,2023-02-01 00:40:22.3509636,5007,Info,Microsoft-Windows-Windows Defender,Microsoft-Windows-Windows Defender/Operational,2808,1504,WIN-5OGN97SDH8J,0,S-1-5-18,The antimalware platform configuration changed,,,Old Value: Default\SpyNet\MAPSconcurrency = 0x1,New Value: HKLM\SOFTWARE\Microsoft\Windows Defender\SpyNet\MAPSconcurrency = 0x1,,,,,,False,C:\Users\turan\Desktop\defense-work-evtx-files\Windows Defender-Operational.evtx,Classic,0,"{""EventData"":{""Data"":[{""@Name"":""Product Name"",""#text"":""%%827""},{""@Name"":""Product Version"",""#text"":""4.18.1909.6""},{""@Name"":""Old Value"",""#text"":""Default\\SpyNet\\MAPSconcurrency = 0x1""},{""@Name"":""New Value"",""#text"":""HKLM\\SOFTWARE\\Microsoft\\Windows Defender\\SpyNet\\MAPSconcurrency = 0x1""}]}}"
14,14,2023-02-01 00:40:22.3509738,5007,Info,Microsoft-Windows-Windows Defender,Microsoft-Windows-Windows Defender/Operational,2808,1504,WIN-5OGN97SDH8J,0,S-1-5-18,The antimalware platform configuration changed,,,"Old Value: Default\SpyNet\SpyNetReportingLocation = , REST:https://wdcp.microsoft.com/wdcp.svc/submitReport, ","New Value: HKLM\SOFTWARE\Microsoft\Windows Defender\SpyNet\SpyNetReportingLocation = , SOAP:https://wdcp.microsoft.com/WdCpSrvc.asmx, SOAP:https://wdcpalt.microsoft.com/WdCpSrvc.asmx, REST:https://wdcp.microsoft.com/wdcp.svc/submitReport, REST:https://wdcpalt.microsoft.com/wdcp.svc/submitReport, BOND:https://wdcp.microsoft.com/wdcp.svc/bond/submitreport, BOND:https://wdcpalt.microsoft.com/wdcp.svc/bond/submitreport, ",,,,,,False,C:\Users\turan\Desktop\defense-work-evtx-files\Windows Defender-Operational.evtx,Classic,0,"{""EventData"":{""Data"":[{""@Name"":""Product Name"",""#text"":""%%827""},{""@Name"":""Product Version"",""#text"":""4.18.1909.6""},{""@Name"":""Old Value"",""#text"":""Default\\SpyNet\\SpyNetReportingLocation = , REST:https://wdcp.microsoft.com/wdcp.svc/submitReport, ""},{""@Name"":""New Value"",""#text"":""HKLM\\SOFTWARE\\Microsoft\\Windows Defender\\SpyNet\\SpyNetReportingLocation = , SOAP:https://wdcp.microsoft.com/WdCpSrvc.asmx, SOAP:https://wdcpalt.microsoft.com/WdCpSrvc.asmx, REST:https://wdcp.microsoft.com/wdcp.svc/submitReport, REST:https://wdcpalt.microsoft.com/wdcp.svc/submitReport, BOND:https://wdcp.microsoft.com/wdcp.svc/bond/submitreport, BOND:https://wdcpalt.microsoft.com/wdcp.svc/bond/submitreport, ""}]}}"
15,15,2023-02-01 00:40:22.3509782,5007,Info,Microsoft-Windows-Windows Defender,Microsoft-Windows-Windows Defender/Operational,2808,1504,WIN-5OGN97SDH8J,0,S-1-5-18,The antimalware platform configuration changed,,,Old Value: Default\SpyNet\SSLOptions = 0x0,New Value: HKLM\SOFTWARE\Microsoft\Windows Defender\SpyNet\SSLOptions = 0x3,,,,,,False,C:\Users\turan\Desktop\defense-work-evtx-files\Windows Defender-Operational.evtx,Classic,0,"{""EventData"":{""Data"":[{""@Name"":""Product Name"",""#text"":""%%827""},{""@Name"":""Product Version"",""#text"":""4.18.1909.6""},{""@Name"":""Old Value"",""#text"":""Default\\SpyNet\\SSLOptions = 0x0""},{""@Name"":""New Value"",""#text"":""HKLM\\SOFTWARE\\Microsoft\\Windows Defender\\SpyNet\\SSLOptions = 0x3""}]}}"
16,16,2023-02-01 00:40:22.3509849,5007,Info,Microsoft-Windows-Windows Defender,Microsoft-Windows-Windows Defender/Operational,2808,1504,WIN-5OGN97SDH8J,0,S-1-5-18,The antimalware platform configuration changed,,,Old Value: Default\SpyNet\MAPSconcurrencyDss = 0xA,New Value: HKLM\SOFTWARE\Microsoft\Windows Defender\SpyNet\MAPSconcurrencyDss = 0xA,,,,,,False,C:\Users\turan\Desktop\defense-work-evtx-files\Windows Defender-Operational.evtx,Classic,0,"{""EventData"":{""Data"":[{""@Name"":""Product Name"",""#text"":""%%827""},{""@Name"":""Product Version"",""#text"":""4.18.1909.6""},{""@Name"":""Old Value"",""#text"":""Default\\SpyNet\\MAPSconcurrencyDss = 0xA""},{""@Name"":""New Value"",""#text"":""HKLM\\SOFTWARE\\Microsoft\\Windows Defender\\SpyNet\\MAPSconcurrencyDss = 0xA""}]}}"
17,17,2023-02-01 01:41:15.9666671,1150,Info,Microsoft-Windows-Windows Defender,Microsoft-Windows-Windows Defender/Operational,2216,3824,DESKTOP-887GK2L,0,S-1-5-18,Defender is up and running in a healthy state,,,"Signature Version: ",,,,,,,False,C:\Users\turan\Desktop\defense-work-evtx-files\Windows Defender-Operational.evtx,Classic,0,"{""EventData"":{""Data"":[{""@Name"":""Product Name"",""#text"":""%%827""},{""@Name"":""Platform version"",""#text"":""4.18.1909.6""},{""@Name"":""Unused""},{""@Name"":""Engine version"",""#text"":""1.1.16400.2""},{""@Name"":""Security intelligence version"",""#text"":""1.303.25.0""}]}}"
18,18,2023-02-01 01:41:15.9667556,1151,Info,Microsoft-Windows-Windows Defender,Microsoft-Windows-Windows Defender/Operational,2216,3824,DESKTOP-887GK2L,0,S-1-5-18,,,,,,,,,,,False,C:\Users\turan\Desktop\defense-work-evtx-files\Windows Defender-Operational.evtx,Classic,0,"{""EventData"":{""Data"":[{""@Name"":""Product Name"",""#text"":""%%827""},{""@Name"":""Platform version"",""#text"":""4.18.1909.6""},{""@Name"":""Unused""},{""@Name"":""Engine version"",""#text"":""1.1.16400.2""},{""@Name"":""NRI engine version"",""#text"":""1.1.16400.2""},{""@Name"":""AV security intelligence version"",""#text"":""1.303.25.0""},{""@Name"":""AS security intelligence version"",""#text"":""1.303.25.0""},{""@Name"":""NRI security intelligence version"",""#text"":""1.303.25.0""},{""@Name"":""RTP state"",""#text"":""%%901""},{""@Name"":""OA state"",""#text"":""%%901""},{""@Name"":""IOAV state"",""#text"":""%%901""},{""@Name"":""BM state"",""#text"":""%%901""},{""@Name"":""Last AV security intelligence age"",""#text"":""1225""},{""@Name"":""Last AS security intelligence age"",""#text"":""1225""},{""@Name"":""Last quick scan age"",""#text"":""4294967295""},{""@Name"":""Last full scan age"",""#text"":""4294967295""},{""@Name"":""AV security intelligence creation time"",""#text"":""9/24/2019 5:12:58 AM""},{""@Name"":""AS security intelligence creation time"",""#text"":""9/24/2019 5:12:58 AM""},{""@Name"":""Last quick scan start time"",""#text"":""1/1/1601 12:00:00 AM""},{""@Name"":""Last quick scan end time"",""#text"":""1/1/1601 12:00:00 AM""},{""@Name"":""Last quick scan source"",""#text"":""0""},{""@Name"":""Last full scan start time"",""#text"":""1/1/1601 12:00:00 AM""},{""@Name"":""Last full scan end time"",""#text"":""1/1/1601 12:00:00 AM""},{""@Name"":""Last full scan source"",""#text"":""0""},{""@Name"":""Product status"",""#text"":""0x00080000""}]}}"
19,19,2023-03-01 07:15:48.5541556,5007,Info,Microsoft-Windows-Windows Defender,Microsoft-Windows-Windows Defender/Operational,3008,5192,DESKTOP-887GK2L,0,S-1-5-18,The antimalware platform configuration changed,,,Old Value: HKLM\SOFTWARE\Microsoft\Windows Defender\MpEngine\MpCampRing = 0x1,"New Value: ",,,,,,False,C:\Users\turan\Desktop\defense-work-evtx-files\Windows Defender-Operational.evtx,Classic,0,"{""EventData"":{""Data"":[{""@Name"":""Product Name"",""#text"":""%%827""},{""@Name"":""Product Version"",""#text"":""4.18.1909.6""},{""@Name"":""Old Value"",""#text"":""HKLM\\SOFTWARE\\Microsoft\\Windows Defender\\MpEngine\\MpCampRing = 0x1""},{""@Name"":""New Value""}]}}"
20,20,2023-03-01 07:15:48.5541610,5007,Info,Microsoft-Windows-Windows Defender,Microsoft-Windows-Windows Defender/Operational,3008,5192,DESKTOP-887GK2L,0,S-1-5-18,The antimalware platform configuration changed,,,Old Value: HKLM\SOFTWARE\Microsoft\Windows Defender\MpEngine\MpEngineRing = 0x1,"New Value: ",,,,,,False,C:\Users\turan\Desktop\defense-work-evtx-files\Windows Defender-Operational.evtx,Classic,0,"{""EventData"":{""Data"":[{""@Name"":""Product Name"",""#text"":""%%827""},{""@Name"":""Product Version"",""#text"":""4.18.1909.6""},{""@Name"":""Old Value"",""#text"":""HKLM\\SOFTWARE\\Microsoft\\Windows Defender\\MpEngine\\MpEngineRing = 0x1""},{""@Name"":""New Value""}]}}"
21,21,2023-03-01 07:15:50.9775923,5007,Info,Microsoft-Windows-Windows Defender,Microsoft-Windows-Windows Defender/Operational,3008,5192,DESKTOP-887GK2L,0,S-1-5-18,The antimalware platform configuration changed,,,Old Value: HKLM\SOFTWARE\Microsoft\Windows Defender\MpEngine\MpGradualEngineRelease = 0x1,"New Value: ",,,,,,False,C:\Users\turan\Desktop\defense-work-evtx-files\Windows Defender-Operational.evtx,Classic,0,"{""EventData"":{""Data"":[{""@Name"":""Product Name"",""#text"":""%%827""},{""@Name"":""Product Version"",""#text"":""4.18.1909.6""},{""@Name"":""Old Value"",""#text"":""HKLM\\SOFTWARE\\Microsoft\\Windows Defender\\MpEngine\\MpGradualEngineRelease = 0x1""},{""@Name"":""New Value""}]}}"
22,22,2023-03-01 07:15:50.9775961,5007,Info,Microsoft-Windows-Windows Defender,Microsoft-Windows-Windows Defender/Operational,3008,5192,DESKTOP-887GK2L,0,S-1-5-18,The antimalware platform configuration changed,,,Old Value: HKLM\SOFTWARE\Microsoft\Windows Defender\MpEngine\MpCampGradualRelease = 0x1,"New Value: ",,,,,,False,C:\Users\turan\Desktop\defense-work-evtx-files\Windows Defender-Operational.evtx,Classic,0,"{""EventData"":{""Data"":[{""@Name"":""Product Name"",""#text"":""%%827""},{""@Name"":""Product Version"",""#text"":""4.18.1909.6""},{""@Name"":""Old Value"",""#text"":""HKLM\\SOFTWARE\\Microsoft\\Windows Defender\\MpEngine\\MpCampGradualRelease = 0x1""},{""@Name"":""New Value""}]}}"
23,23,2023-03-01 07:15:51.1463725,2002,Info,Microsoft-Windows-Windows Defender,Microsoft-Windows-Windows Defender/Operational,3008,5204,DESKTOP-887GK2L,0,S-1-5-18,,,,,,,,,,,False,C:\Users\turan\Desktop\defense-work-evtx-files\Windows Defender-Operational.evtx,Classic,0,"{""EventData"":{""Data"":[{""@Name"":""Product Name"",""#text"":""%%827""},{""@Name"":""Product Version"",""#text"":""4.18.1909.6""},{""@Name"":""Current Engine Version"",""#text"":""1.1.20000.2""},{""@Name"":""Previous Engine Version"",""#text"":""1.1.16400.2""},{""@Name"":""Unused""},{""@Name"":""Unused2""},{""@Name"":""Unused3""},{""@Name"":""Domain"",""#text"":""NT AUTHORITY""},{""@Name"":""User"",""#text"":""SYSTEM""},{""@Name"":""SID"",""#text"":""S-1-5-18""},{""@Name"":""Unused4""},{""@Name"":""Unused5""},{""@Name"":""Feature Index"",""#text"":""0""},{""@Name"":""Feature Name"",""#text"":""%%802""}]}}"
24,24,2023-03-01 07:15:51.1464788,2000,Info,Microsoft-Windows-Windows Defender,Microsoft-Windows-Windows Defender/Operational,3008,5204,DESKTOP-887GK2L,0,S-1-5-18,Update - The antimalware definitions updated successfully,NT AUTHORITY\SYSTEM,,"Current: ","Current: ",Product Version: 4.18.1909.6,,,,,False,C:\Users\turan\Desktop\defense-work-evtx-files\Windows Defender-Operational.evtx,Classic,0,"{""EventData"":{""Data"":[{""@Name"":""Product Name"",""#text"":""%%827""},{""@Name"":""Product Version"",""#text"":""4.18.1909.6""},{""@Name"":""Current security intelligence Version"",""#text"":""1.383.823.0""},{""@Name"":""Previous security intelligence Version"",""#text"":""1.303.25.0""},{""@Name"":""Unused""},{""@Name"":""Unused2""},{""@Name"":""Unused3""},{""@Name"":""Domain"",""#text"":""NT AUTHORITY""},{""@Name"":""User"",""#text"":""SYSTEM""},{""@Name"":""SID"",""#text"":""S-1-5-18""},{""@Name"":""Security intelligence Type Index"",""#text"":""1""},{""@Name"":""Security intelligence Type"",""#text"":""%%800""},{""@Name"":""Update Type Index"",""#text"":""1""},{""@Name"":""Update Type"",""#text"":""%%803""},{""@Name"":""Current Engine Version"",""#text"":""1.1.20000.2""},{""@Name"":""Previous Engine Version"",""#text"":""1.1.16400.2""}]}}"
25,25,2023-03-01 07:15:51.1465659,2000,Info,Microsoft-Windows-Windows Defender,Microsoft-Windows-Windows Defender/Operational,3008,5204,DESKTOP-887GK2L,0,S-1-5-18,Update - The antimalware definitions updated successfully,NT AUTHORITY\SYSTEM,,"Current: ","Current: ",Product Version: 4.18.1909.6,,,,,False,C:\Users\turan\Desktop\defense-work-evtx-files\Windows Defender-Operational.evtx,Classic,0,"{""EventData"":{""Data"":[{""@Name"":""Product Name"",""#text"":""%%827""},{""@Name"":""Product Version"",""#text"":""4.18.1909.6""},{""@Name"":""Current security intelligence Version"",""#text"":""1.383.823.0""},{""@Name"":""Previous security intelligence Version"",""#text"":""1.303.25.0""},{""@Name"":""Unused""},{""@Name"":""Unused2""},{""@Name"":""Unused3""},{""@Name"":""Domain"",""#text"":""NT AUTHORITY""},{""@Name"":""User"",""#text"":""SYSTEM""},{""@Name"":""SID"",""#text"":""S-1-5-18""},{""@Name"":""Security intelligence Type Index"",""#text"":""2""},{""@Name"":""Security intelligence Type"",""#text"":""%%801""},{""@Name"":""Update Type Index"",""#text"":""1""},{""@Name"":""Update Type"",""#text"":""%%803""},{""@Name"":""Current Engine Version"",""#text"":""1.1.20000.2""},{""@Name"":""Previous Engine Version"",""#text"":""1.1.16400.2""}]}}"
26,26,2023-03-01 07:20:54.8284961,2010,Info,Microsoft-Windows-Windows Defender,Microsoft-Windows-Windows Defender/Operational,1436,4880,DESKTOP-887GK2L,0,S-1-5-18,,,,,,,,,,,False,C:\Users\turan\Desktop\defense-work-evtx-files\Windows Defender-Operational.evtx,Classic,0,"{""EventData"":{""Data"":[{""@Name"":""Product Name"",""#text"":""%%827""},{""@Name"":""Product Version"",""#text"":""4.18.1909.6""},{""@Name"":""Current security intelligence Version"",""#text"":""1.383.823.0""},{""@Name"":""Unused""},{""@Name"":""Unused2""},{""@Name"":""Unused3""},{""@Name"":""Unused4""},{""@Name"":""Domain""},{""@Name"":""User""},{""@Name"":""SID""},{""@Name"":""Security intelligence Type Index"",""#text"":""1""},{""@Name"":""Security intelligence Type"",""#text"":""%%800""},{""@Name"":""Unused5""},{""@Name"":""Unused6""},{""@Name"":""Current Engine Version"",""#text"":""1.1.20000.2""},{""@Name"":""Unused7""},{""@Name"":""Unused8""},{""@Name"":""Unused9""},{""@Name"":""Unused10""},{""@Name"":""Unused11""},{""@Name"":""Unused12""},{""@Name"":""Dynamic security intelligence Type Index"",""#text"":""1""},{""@Name"":""Dynamic security intelligence Type"",""#text"":""%%863""},{""@Name"":""Persistence Path"",""#text"":""C:\\ProgramData\\Microsoft\\Windows Defender\\Scans\\RtSigs\\data\\bb7eaec72b1afd22496548a5af5f3dcd11e4906e""},{""@Name"":""Dynamic security intelligence Version"",""#text"":""0.0.0.0""},{""@Name"":""Dynamic security intelligence Compilation Timestamp"",""#text"":""3/1/2023 7:20:54 AM""},{""@Name"":""Persistence Limit Type Index"",""#text"":""2""},{""@Name"":""Persistence Limit Type"",""#text"":""%%870""},{""@Name"":""Persistence Limit Value"",""#text"":""1728000000""}]}}"
27,27,2023-03-01 07:20:54.8285034,2010,Info,Microsoft-Windows-Windows Defender,Microsoft-Windows-Windows Defender/Operational,1436,4880,DESKTOP-887GK2L,0,S-1-5-18,,,,,,,,,,,False,C:\Users\turan\Desktop\defense-work-evtx-files\Windows Defender-Operational.evtx,Classic,0,"{""EventData"":{""Data"":[{""@Name"":""Product Name"",""#text"":""%%827""},{""@Name"":""Product Version"",""#text"":""4.18.1909.6""},{""@Name"":""Current security intelligence Version"",""#text"":""1.383.823.0""},{""@Name"":""Unused""},{""@Name"":""Unused2""},{""@Name"":""Unused3""},{""@Name"":""Unused4""},{""@Name"":""Domain""},{""@Name"":""User""},{""@Name"":""SID""},{""@Name"":""Security intelligence Type Index"",""#text"":""2""},{""@Name"":""Security intelligence Type"",""#text"":""%%801""},{""@Name"":""Unused5""},{""@Name"":""Unused6""},{""@Name"":""Current Engine Version"",""#text"":""1.1.20000.2""},{""@Name"":""Unused7""},{""@Name"":""Unused8""},{""@Name"":""Unused9""},{""@Name"":""Unused10""},{""@Name"":""Unused11""},{""@Name"":""Unused12""},{""@Name"":""Dynamic security intelligence Type Index"",""#text"":""1""},{""@Name"":""Dynamic security intelligence Type"",""#text"":""%%863""},{""@Name"":""Persistence Path"",""#text"":""C:\\ProgramData\\Microsoft\\Windows Defender\\Scans\\RtSigs\\data\\bb7eaec72b1afd22496548a5af5f3dcd11e4906e""},{""@Name"":""Dynamic security intelligence Version"",""#text"":""0.0.0.0""},{""@Name"":""Dynamic security intelligence Compilation Timestamp"",""#text"":""3/1/2023 7:20:54 AM""},{""@Name"":""Persistence Limit Type Index"",""#text"":""2""},{""@Name"":""Persistence Limit Type"",""#text"":""%%870""},{""@Name"":""Persistence Limit Value"",""#text"":""1728000000""}]}}"
28,28,2023-03-01 07:20:56.1046050,2010,Info,Microsoft-Windows-Windows Defender,Microsoft-Windows-Windows Defender/Operational,1436,3764,DESKTOP-887GK2L,0,S-1-5-18,,,,,,,,,,,False,C:\Users\turan\Desktop\defense-work-evtx-files\Windows Defender-Operational.evtx,Classic,0,"{""EventData"":{""Data"":[{""@Name"":""Product Name"",""#text"":""%%827""},{""@Name"":""Product Version"",""#text"":""4.18.1909.6""},{""@Name"":""Current security intelligence Version"",""#text"":""1.383.823.0""},{""@Name"":""Unused""},{""@Name"":""Unused2""},{""@Name"":""Unused3""},{""@Name"":""Unused4""},{""@Name"":""Domain""},{""@Name"":""User""},{""@Name"":""SID""},{""@Name"":""Security intelligence Type Index"",""#text"":""1""},{""@Name"":""Security intelligence Type"",""#text"":""%%800""},{""@Name"":""Unused5""},{""@Name"":""Unused6""},{""@Name"":""Current Engine Version"",""#text"":""1.1.20000.2""},{""@Name"":""Unused7""},{""@Name"":""Unused8""},{""@Name"":""Unused9""},{""@Name"":""Unused10""},{""@Name"":""Unused11""},{""@Name"":""Unused12""},{""@Name"":""Dynamic security intelligence Type Index"",""#text"":""1""},{""@Name"":""Dynamic security intelligence Type"",""#text"":""%%863""},{""@Name"":""Persistence Path"",""#text"":""C:\\ProgramData\\Microsoft\\Windows Defender\\Scans\\RtSigs\\data\\055ed66cdb663b4375430b41741444fc42d7a51a""},{""@Name"":""Dynamic security intelligence Version"",""#text"":""0.0.0.0""},{""@Name"":""Dynamic security intelligence Compilation Timestamp"",""#text"":""3/1/2023 7:20:55 AM""},{""@Name"":""Persistence Limit Type Index"",""#text"":""2""},{""@Name"":""Persistence Limit Type"",""#text"":""%%870""},{""@Name"":""Persistence Limit Value"",""#text"":""1728000000""}]}}"
29,29,2023-03-01 07:20:56.1046101,2010,Info,Microsoft-Windows-Windows Defender,Microsoft-Windows-Windows Defender/Operational,1436,3764,DESKTOP-887GK2L,0,S-1-5-18,,,,,,,,,,,False,C:\Users\turan\Desktop\defense-work-evtx-files\Windows Defender-Operational.evtx,Classic,0,"{""EventData"":{""Data"":[{""@Name"":""Product Name"",""#text"":""%%827""},{""@Name"":""Product Version"",""#text"":""4.18.1909.6""},{""@Name"":""Current security intelligence Version"",""#text"":""1.383.823.0""},{""@Name"":""Unused""},{""@Name"":""Unused2""},{""@Name"":""Unused3""},{""@Name"":""Unused4""},{""@Name"":""Domain""},{""@Name"":""User""},{""@Name"":""SID""},{""@Name"":""Security intelligence Type Index"",""#text"":""2""},{""@Name"":""Security intelligence Type"",""#text"":""%%801""},{""@Name"":""Unused5""},{""@Name"":""Unused6""},{""@Name"":""Current Engine Version"",""#text"":""1.1.20000.2""},{""@Name"":""Unused7""},{""@Name"":""Unused8""},{""@Name"":""Unused9""},{""@Name"":""Unused10""},{""@Name"":""Unused11""},{""@Name"":""Unused12""},{""@Name"":""Dynamic security intelligence Type Index"",""#text"":""1""},{""@Name"":""Dynamic security intelligence Type"",""#text"":""%%863""},{""@Name"":""Persistence Path"",""#text"":""C:\\ProgramData\\Microsoft\\Windows Defender\\Scans\\RtSigs\\data\\055ed66cdb663b4375430b41741444fc42d7a51a""},{""@Name"":""Dynamic security intelligence Version"",""#text"":""0.0.0.0""},{""@Name"":""Dynamic security intelligence Compilation Timestamp"",""#text"":""3/1/2023 7:20:55 AM""},{""@Name"":""Persistence Limit Type Index"",""#text"":""2""},{""@Name"":""Persistence Limit Type"",""#text"":""%%870""},{""@Name"":""Persistence Limit Value"",""#text"":""1728000000""}]}}"
30,30,2023-03-01 07:21:04.8129561,2010,Info,Microsoft-Windows-Windows Defender,Microsoft-Windows-Windows Defender/Operational,1436,4872,DESKTOP-887GK2L,0,S-1-5-18,,,,,,,,,,,False,C:\Users\turan\Desktop\defense-work-evtx-files\Windows Defender-Operational.evtx,Classic,0,"{""EventData"":{""Data"":[{""@Name"":""Product Name"",""#text"":""%%827""},{""@Name"":""Product Version"",""#text"":""4.18.1909.6""},{""@Name"":""Current security intelligence Version"",""#text"":""1.383.823.0""},{""@Name"":""Unused""},{""@Name"":""Unused2""},{""@Name"":""Unused3""},{""@Name"":""Unused4""},{""@Name"":""Domain""},{""@Name"":""User""},{""@Name"":""SID""},{""@Name"":""Security intelligence Type Index"",""#text"":""1""},{""@Name"":""Security intelligence Type"",""#text"":""%%800""},{""@Name"":""Unused5""},{""@Name"":""Unused6""},{""@Name"":""Current Engine Version"",""#text"":""1.1.20000.2""},{""@Name"":""Unused7""},{""@Name"":""Unused8""},{""@Name"":""Unused9""},{""@Name"":""Unused10""},{""@Name"":""Unused11""},{""@Name"":""Unused12""},{""@Name"":""Dynamic security intelligence Type Index"",""#text"":""1""},{""@Name"":""Dynamic security intelligence Type"",""#text"":""%%863""},{""@Name"":""Persistence Path"",""#text"":""C:\\ProgramData\\Microsoft\\Windows Defender\\Scans\\RtSigs\\data\\694e23e6bf6cdb483b6c7ae8daf707a3406c3ec8""},{""@Name"":""Dynamic security intelligence Version"",""#text"":""0.0.0.0""},{""@Name"":""Dynamic security intelligence Compilation Timestamp"",""#text"":""3/1/2023 7:21:04 AM""},{""@Name"":""Persistence Limit Type Index"",""#text"":""2""},{""@Name"":""Persistence Limit Type"",""#text"":""%%870""},{""@Name"":""Persistence Limit Value"",""#text"":""288000000""}]}}"
31,31,2023-03-01 07:21:04.8129624,2010,Info,Microsoft-Windows-Windows Defender,Microsoft-Windows-Windows Defender/Operational,1436,4872,DESKTOP-887GK2L,0,S-1-5-18,,,,,,,,,,,False,C:\Users\turan\Desktop\defense-work-evtx-files\Windows Defender-Operational.evtx,Classic,0,"{""EventData"":{""Data"":[{""@Name"":""Product Name"",""#text"":""%%827""},{""@Name"":""Product Version"",""#text"":""4.18.1909.6""},{""@Name"":""Current security intelligence Version"",""#text"":""1.383.823.0""},{""@Name"":""Unused""},{""@Name"":""Unused2""},{""@Name"":""Unused3""},{""@Name"":""Unused4""},{""@Name"":""Domain""},{""@Name"":""User""},{""@Name"":""SID""},{""@Name"":""Security intelligence Type Index"",""#text"":""2""},{""@Name"":""Security intelligence Type"",""#text"":""%%801""},{""@Name"":""Unused5""},{""@Name"":""Unused6""},{""@Name"":""Current Engine Version"",""#text"":""1.1.20000.2""},{""@Name"":""Unused7""},{""@Name"":""Unused8""},{""@Name"":""Unused9""},{""@Name"":""Unused10""},{""@Name"":""Unused11""},{""@Name"":""Unused12""},{""@Name"":""Dynamic security intelligence Type Index"",""#text"":""1""},{""@Name"":""Dynamic security intelligence Type"",""#text"":""%%863""},{""@Name"":""Persistence Path"",""#text"":""C:\\ProgramData\\Microsoft\\Windows Defender\\Scans\\RtSigs\\data\\694e23e6bf6cdb483b6c7ae8daf707a3406c3ec8""},{""@Name"":""Dynamic security intelligence Version"",""#text"":""0.0.0.0""},{""@Name"":""Dynamic security intelligence Compilation Timestamp"",""#text"":""3/1/2023 7:21:04 AM""},{""@Name"":""Persistence Limit Type Index"",""#text"":""2""},{""@Name"":""Persistence Limit Type"",""#text"":""%%870""},{""@Name"":""Persistence Limit Value"",""#text"":""288000000""}]}}"
32,32,2023-03-01 07:23:26.3576286,2010,Info,Microsoft-Windows-Windows Defender,Microsoft-Windows-Windows Defender/Operational,1436,8344,DESKTOP-887GK2L,0,S-1-5-18,,,,,,,,,,,False,C:\Users\turan\Desktop\defense-work-evtx-files\Windows Defender-Operational.evtx,Classic,0,"{""EventData"":{""Data"":[{""@Name"":""Product Name"",""#text"":""%%827""},{""@Name"":""Product Version"",""#text"":""4.18.1909.6""},{""@Name"":""Current security intelligence Version"",""#text"":""1.383.823.0""},{""@Name"":""Unused""},{""@Name"":""Unused2""},{""@Name"":""Unused3""},{""@Name"":""Unused4""},{""@Name"":""Domain""},{""@Name"":""User""},{""@Name"":""SID""},{""@Name"":""Security intelligence Type Index"",""#text"":""1""},{""@Name"":""Security intelligence Type"",""#text"":""%%800""},{""@Name"":""Unused5""},{""@Name"":""Unused6""},{""@Name"":""Current Engine Version"",""#text"":""1.1.20000.2""},{""@Name"":""Unused7""},{""@Name"":""Unused8""},{""@Name"":""Unused9""},{""@Name"":""Unused10""},{""@Name"":""Unused11""},{""@Name"":""Unused12""},{""@Name"":""Dynamic security intelligence Type Index"",""#text"":""1""},{""@Name"":""Dynamic security intelligence Type"",""#text"":""%%863""},{""@Name"":""Persistence Path"",""#text"":""C:\\ProgramData\\Microsoft\\Windows Defender\\Scans\\RtSigs\\data\\74663eb2608fc05181710ffa242f9f95f1e0f553""},{""@Name"":""Dynamic security intelligence Version"",""#text"":""0.0.0.0""},{""@Name"":""Dynamic security intelligence Compilation Timestamp"",""#text"":""3/1/2023 7:23:25 AM""},{""@Name"":""Persistence Limit Type Index"",""#text"":""2""},{""@Name"":""Persistence Limit Type"",""#text"":""%%870""},{""@Name"":""Persistence Limit Value"",""#text"":""864000000""}]}}"
33,33,2023-03-01 07:23:26.3576335,2010,Info,Microsoft-Windows-Windows Defender,Microsoft-Windows-Windows Defender/Operational,1436,8344,DESKTOP-887GK2L,0,S-1-5-18,,,,,,,,,,,False,C:\Users\turan\Desktop\defense-work-evtx-files\Windows Defender-Operational.evtx,Classic,0,"{""EventData"":{""Data"":[{""@Name"":""Product Name"",""#text"":""%%827""},{""@Name"":""Product Version"",""#text"":""4.18.1909.6""},{""@Name"":""Current security intelligence Version"",""#text"":""1.383.823.0""},{""@Name"":""Unused""},{""@Name"":""Unused2""},{""@Name"":""Unused3""},{""@Name"":""Unused4""},{""@Name"":""Domain""},{""@Name"":""User""},{""@Name"":""SID""},{""@Name"":""Security intelligence Type Index"",""#text"":""2""},{""@Name"":""Security intelligence Type"",""#text"":""%%801""},{""@Name"":""Unused5""},{""@Name"":""Unused6""},{""@Name"":""Current Engine Version"",""#text"":""1.1.20000.2""},{""@Name"":""Unused7""},{""@Name"":""Unused8""},{""@Name"":""Unused9""},{""@Name"":""Unused10""},{""@Name"":""Unused11""},{""@Name"":""Unused12""},{""@Name"":""Dynamic security intelligence Type Index"",""#text"":""1""},{""@Name"":""Dynamic security intelligence Type"",""#text"":""%%863""},{""@Name"":""Persistence Path"",""#text"":""C:\\ProgramData\\Microsoft\\Windows Defender\\Scans\\RtSigs\\data\\74663eb2608fc05181710ffa242f9f95f1e0f553""},{""@Name"":""Dynamic security intelligence Version"",""#text"":""0.0.0.0""},{""@Name"":""Dynamic security intelligence Compilation Timestamp"",""#text"":""3/1/2023 7:23:25 AM""},{""@Name"":""Persistence Limit Type Index"",""#text"":""2""},{""@Name"":""Persistence Limit Type"",""#text"":""%%870""},{""@Name"":""Persistence Limit Value"",""#text"":""864000000""}]}}"
34,34,2023-03-01 07:28:45.1070129,2014,Info,Microsoft-Windows-Windows Defender,Microsoft-Windows-Windows Defender/Operational,2380,868,DESKTOP-887GK2L,0,S-1-5-18,,,,,,,,,,,False,C:\Users\turan\Desktop\defense-work-evtx-files\Windows Defender-Operational.evtx,Classic,0,"{""EventData"":{""Data"":[{""@Name"":""Product Name"",""#text"":""Microsoft Defender Antivirus""},{""@Name"":""Product Version"",""#text"":""4.18.2301.6""}]}}"
35,35,2023-03-01 07:28:45.5150110,5007,Info,Microsoft-Windows-Windows Defender,Microsoft-Windows-Windows Defender/Operational,2380,7464,DESKTOP-887GK2L,0,S-1-5-18,The antimalware platform configuration changed,,,Old Value: Default\IsServiceRunning = 0x0,New Value: HKLM\SOFTWARE\Microsoft\Windows Defender\IsServiceRunning = 0x1,,,,,,False,C:\Users\turan\Desktop\defense-work-evtx-files\Windows Defender-Operational.evtx,Classic,0,"{""EventData"":{""Data"":[{""@Name"":""Product Name"",""#text"":""Microsoft Defender Antivirus""},{""@Name"":""Product Version"",""#text"":""4.18.2301.6""},{""@Name"":""Old Value"",""#text"":""Default\\IsServiceRunning = 0x0""},{""@Name"":""New Value"",""#text"":""HKLM\\SOFTWARE\\Microsoft\\Windows Defender\\IsServiceRunning = 0x1""}]}}"
36,36,2023-03-01 07:28:46.0174921,5007,Info,Microsoft-Windows-Windows Defender,Microsoft-Windows-Windows Defender/Operational,2380,7464,DESKTOP-887GK2L,0,S-1-5-18,The antimalware platform configuration changed,,,Old Value: Default\ServiceStartStates = 0x0,New Value: HKLM\SOFTWARE\Microsoft\Windows Defender\ServiceStartStates = 0x1,,,,,,False,C:\Users\turan\Desktop\defense-work-evtx-files\Windows Defender-Operational.evtx,Classic,0,"{""EventData"":{""Data"":[{""@Name"":""Product Name"",""#text"":""Microsoft Defender Antivirus""},{""@Name"":""Product Version"",""#text"":""4.18.2301.6""},{""@Name"":""Old Value"",""#text"":""Default\\ServiceStartStates = 0x0""},{""@Name"":""New Value"",""#text"":""HKLM\\SOFTWARE\\Microsoft\\Windows Defender\\ServiceStartStates = 0x1""}]}}"
37,37,2023-03-01 07:28:46.0180105,5007,Info,Microsoft-Windows-Windows Defender,Microsoft-Windows-Windows Defender/Operational,2380,7464,DESKTOP-887GK2L,0,S-1-5-18,The antimalware platform configuration changed,,,Old Value: Default\Features\TPExclusions = 0x0,New Value: HKLM\SOFTWARE\Microsoft\Windows Defender\Features\TPExclusions = 0x0,,,,,,False,C:\Users\turan\Desktop\defense-work-evtx-files\Windows Defender-Operational.evtx,Classic,0,"{""EventData"":{""Data"":[{""@Name"":""Product Name"",""#text"":""Microsoft Defender Antivirus""},{""@Name"":""Product Version"",""#text"":""4.18.2301.6""},{""@Name"":""Old Value"",""#text"":""Default\\Features\\TPExclusions = 0x0""},{""@Name"":""New Value"",""#text"":""HKLM\\SOFTWARE\\Microsoft\\Windows Defender\\Features\\TPExclusions = 0x0""}]}}"
38,38,2023-03-01 07:28:48.9412210,5007,Info,Microsoft-Windows-Windows Defender,Microsoft-Windows-Windows Defender/Operational,2380,7464,DESKTOP-887GK2L,0,S-1-5-18,The antimalware platform configuration changed,,,Old Value: HKLM\SOFTWARE\Microsoft\Windows Defender\InstallLocation = C:\Program Files\Windows Defender\,New Value: HKLM\SOFTWARE\Microsoft\Windows Defender\InstallLocation = C:\ProgramData\Microsoft\Windows Defender\platform\4.18.2301.6-0\,,,,,,False,C:\Users\turan\Desktop\defense-work-evtx-files\Windows Defender-Operational.evtx,Classic,0,"{""EventData"":{""Data"":[{""@Name"":""Product Name"",""#text"":""Microsoft Defender Antivirus""},{""@Name"":""Product Version"",""#text"":""4.18.2301.6""},{""@Name"":""Old Value"",""#text"":""HKLM\\SOFTWARE\\Microsoft\\Windows Defender\\InstallLocation = C:\\Program Files\\Windows Defender\\""},{""@Name"":""New Value"",""#text"":""HKLM\\SOFTWARE\\Microsoft\\Windows Defender\\InstallLocation = C:\\ProgramData\\Microsoft\\Windows Defender\\platform\\4.18.2301.6-0\\""}]}}"
39,39,2023-03-01 07:28:48.9412523,5007,Info,Microsoft-Windows-Windows Defender,Microsoft-Windows-Windows Defender/Operational,2380,7464,DESKTOP-887GK2L,0,S-1-5-18,The antimalware platform configuration changed,,,Old Value: Default\ProductAppDataPath = C:\ProgramData\Microsoft\Windows Defender,New Value: HKLM\SOFTWARE\Microsoft\Windows Defender\ProductAppDataPath = C:\ProgramData\Microsoft\Windows Defender,,,,,,False,C:\Users\turan\Desktop\defense-work-evtx-files\Windows Defender-Operational.evtx,Classic,0,"{""EventData"":{""Data"":[{""@Name"":""Product Name"",""#text"":""Microsoft Defender Antivirus""},{""@Name"":""Product Version"",""#text"":""4.18.2301.6""},{""@Name"":""Old Value"",""#text"":""Default\\ProductAppDataPath = C:\\ProgramData\\Microsoft\\Windows Defender""},{""@Name"":""New Value"",""#text"":""HKLM\\SOFTWARE\\Microsoft\\Windows Defender\\ProductAppDataPath = C:\\ProgramData\\Microsoft\\Windows Defender""}]}}"
40,40,2023-03-01 07:28:48.9417662,5007,Info,Microsoft-Windows-Windows Defender,Microsoft-Windows-Windows Defender/Operational,2380,7464,DESKTOP-887GK2L,0,S-1-5-18,The antimalware platform configuration changed,,,Old Value: Default\Features\DlpDisablePrintDetours = 0x0,New Value: HKLM\SOFTWARE\Microsoft\Windows Defender\Features\DlpDisablePrintDetours = 0x0,,,,,,False,C:\Users\turan\Desktop\defense-work-evtx-files\Windows Defender-Operational.evtx,Classic,0,"{""EventData"":{""Data"":[{""@Name"":""Product Name"",""#text"":""Microsoft Defender Antivirus""},{""@Name"":""Product Version"",""#text"":""4.18.2301.6""},{""@Name"":""Old Value"",""#text"":""Default\\Features\\DlpDisablePrintDetours = 0x0""},{""@Name"":""New Value"",""#text"":""HKLM\\SOFTWARE\\Microsoft\\Windows Defender\\Features\\DlpDisablePrintDetours = 0x0""}]}}"
41,41,2023-03-01 07:28:48.9417736,5007,Info,Microsoft-Windows-Windows Defender,Microsoft-Windows-Windows Defender/Operational,2380,7464,DESKTOP-887GK2L,0,S-1-5-18,The antimalware platform configuration changed,,,Old Value: Default\Features\TamperProtectionSource = 0x0,New Value: HKLM\SOFTWARE\Microsoft\Windows Defender\Features\TamperProtectionSource = 0x5,,,,,,False,C:\Users\turan\Desktop\defense-work-evtx-files\Windows Defender-Operational.evtx,Classic,704,"{""EventData"":{""Data"":[{""@Name"":""Product Name"",""#text"":""Microsoft Defender Antivirus""},{""@Name"":""Product Version"",""#text"":""4.18.2301.6""},{""@Name"":""Old Value"",""#text"":""Default\\Features\\TamperProtectionSource = 0x0""},{""@Name"":""New Value"",""#text"":""HKLM\\SOFTWARE\\Microsoft\\Windows Defender\\Features\\TamperProtectionSource = 0x5""}]}}"
42,42,2023-03-01 07:28:48.9417793,5007,Info,Microsoft-Windows-Windows Defender,Microsoft-Windows-Windows Defender/Operational,2380,7464,DESKTOP-887GK2L,0,S-1-5-18,The antimalware platform configuration changed,,,"Old Value: N/A\Features\DlpAppEnlightenmentSettings = ",New Value: HKLM\SOFTWARE\Microsoft\Windows Defender\Features\DlpAppEnlightenmentSettings = 0x0,,,,,,False,C:\Users\turan\Desktop\defense-work-evtx-files\Windows Defender-Operational.evtx,Classic,0,"{""EventData"":{""Data"":[{""@Name"":""Product Name"",""#text"":""Microsoft Defender Antivirus""},{""@Name"":""Product Version"",""#text"":""4.18.2301.6""},{""@Name"":""Old Value"",""#text"":""N/A\\Features\\DlpAppEnlightenmentSettings = ""},{""@Name"":""New Value"",""#text"":""HKLM\\SOFTWARE\\Microsoft\\Windows Defender\\Features\\DlpAppEnlightenmentSettings = 0x0""}]}}"
43,43,2023-03-01 07:28:48.9419212,5007,Info,Microsoft-Windows-Windows Defender,Microsoft-Windows-Windows Defender/Operational,2380,7464,DESKTOP-887GK2L,0,S-1-5-18,The antimalware platform configuration changed,,,"Old Value: ",New Value: HKLM\SOFTWARE\Microsoft\Windows Defender\Features\Controls\7 = 0x1,,,,,,False,C:\Users\turan\Desktop\defense-work-evtx-files\Windows Defender-Operational.evtx,Classic,0,"{""EventData"":{""Data"":[{""@Name"":""Product Name"",""#text"":""Microsoft Defender Antivirus""},{""@Name"":""Product Version"",""#text"":""4.18.2301.6""},{""@Name"":""Old Value""},{""@Name"":""New Value"",""#text"":""HKLM\\SOFTWARE\\Microsoft\\Windows Defender\\Features\\Controls\\7 = 0x1""}]}}"
44,44,2023-03-01 07:28:48.9419232,5007,Info,Microsoft-Windows-Windows Defender,Microsoft-Windows-Windows Defender/Operational,2380,7464,DESKTOP-887GK2L,0,S-1-5-18,The antimalware platform configuration changed,,,"Old Value: ",New Value: HKLM\SOFTWARE\Microsoft\Windows Defender\Features\Controls\9 = 0x1,,,,,,False,C:\Users\turan\Desktop\defense-work-evtx-files\Windows Defender-Operational.evtx,Classic,0,"{""EventData"":{""Data"":[{""@Name"":""Product Name"",""#text"":""Microsoft Defender Antivirus""},{""@Name"":""Product Version"",""#text"":""4.18.2301.6""},{""@Name"":""Old Value""},{""@Name"":""New Value"",""#text"":""HKLM\\SOFTWARE\\Microsoft\\Windows Defender\\Features\\Controls\\9 = 0x1""}]}}"
45,45,2023-03-01 07:28:48.9419247,5007,Info,Microsoft-Windows-Windows Defender,Microsoft-Windows-Windows Defender/Operational,2380,7464,DESKTOP-887GK2L,0,S-1-5-18,The antimalware platform configuration changed,,,"Old Value: ",New Value: HKLM\SOFTWARE\Microsoft\Windows Defender\Features\Controls\13 = 0x1,,,,,,False,C:\Users\turan\Desktop\defense-work-evtx-files\Windows Defender-Operational.evtx,Classic,0,"{""EventData"":{""Data"":[{""@Name"":""Product Name"",""#text"":""Microsoft Defender Antivirus""},{""@Name"":""Product Version"",""#text"":""4.18.2301.6""},{""@Name"":""Old Value""},{""@Name"":""New Value"",""#text"":""HKLM\\SOFTWARE\\Microsoft\\Windows Defender\\Features\\Controls\\13 = 0x1""}]}}"
46,46,2023-03-01 07:28:48.9419262,5007,Info,Microsoft-Windows-Windows Defender,Microsoft-Windows-Windows Defender/Operational,2380,7464,DESKTOP-887GK2L,0,S-1-5-18,The antimalware platform configuration changed,,,"Old Value: ",New Value: HKLM\SOFTWARE\Microsoft\Windows Defender\Features\Controls\15 = 0x1,,,,,,False,C:\Users\turan\Desktop\defense-work-evtx-files\Windows Defender-Operational.evtx,Classic,0,"{""EventData"":{""Data"":[{""@Name"":""Product Name"",""#text"":""Microsoft Defender Antivirus""},{""@Name"":""Product Version"",""#text"":""4.18.2301.6""},{""@Name"":""Old Value""},{""@Name"":""New Value"",""#text"":""HKLM\\SOFTWARE\\Microsoft\\Windows Defender\\Features\\Controls\\15 = 0x1""}]}}"
47,47,2023-03-01 07:29:08.3240034,5007,Info,Microsoft-Windows-Windows Defender,Microsoft-Windows-Windows Defender/Operational,2380,8768,DESKTOP-887GK2L,0,S-1-5-18,The antimalware platform configuration changed,,,Old Value: HKLM\SOFTWARE\Microsoft\Windows Defender\ServiceStartStates = 0x1,New Value: Default\ServiceStartStates = 0x0,,,,,,False,C:\Users\turan\Desktop\defense-work-evtx-files\Windows Defender-Operational.evtx,Classic,0,"{""EventData"":{""Data"":[{""@Name"":""Product Name"",""#text"":""Microsoft Defender Antivirus""},{""@Name"":""Product Version"",""#text"":""4.18.2301.6""},{""@Name"":""Old Value"",""#text"":""HKLM\\SOFTWARE\\Microsoft\\Windows Defender\\ServiceStartStates = 0x1""},{""@Name"":""New Value"",""#text"":""Default\\ServiceStartStates = 0x0""}]}}"
48,48,2023-03-01 07:29:09.6981127,2010,Info,Microsoft-Windows-Windows Defender,Microsoft-Windows-Windows Defender/Operational,2380,5792,DESKTOP-887GK2L,0,S-1-5-18,,,,,,,,,,,False,C:\Users\turan\Desktop\defense-work-evtx-files\Windows Defender-Operational.evtx,Classic,0,"{""EventData"":{""Data"":[{""@Name"":""Product Name"",""#text"":""Microsoft Defender Antivirus""},{""@Name"":""Product Version"",""#text"":""4.18.2301.6""},{""@Name"":""Current security intelligence Version"",""#text"":""1.383.823.0""},{""@Name"":""Unused""},{""@Name"":""Unused2""},{""@Name"":""Unused3""},{""@Name"":""Unused4""},{""@Name"":""Domain""},{""@Name"":""User""},{""@Name"":""SID""},{""@Name"":""Security intelligence Type Index"",""#text"":""0""},{""@Name"":""Security intelligence Type""},{""@Name"":""Unused5""},{""@Name"":""Unused6""},{""@Name"":""Current Engine Version"",""#text"":""1.1.20000.2""},{""@Name"":""Unused7""},{""@Name"":""Unused8""},{""@Name"":""Unused9""},{""@Name"":""Unused10""},{""@Name"":""Unused11""},{""@Name"":""Unused12""},{""@Name"":""Cloud protection intelligence Type Index"",""#text"":""1""},{""@Name"":""Cloud protection intelligence Type"",""#text"":""Security intelligence update""},{""@Name"":""Persistence Path"",""#text"":""C:\\ProgramData\\Microsoft\\Windows Defender\\Scans\\RtSigs\\data\\2ef56bf91cb16c2d00f817ec7656def3cbb27629""},{""@Name"":""Cloud protection intelligence Version"",""#text"":""0.0.0.0""},{""@Name"":""Cloud protection intelligence Compilation Timestamp"",""#text"":""3/1/2023 7:29:09 AM""},{""@Name"":""Persistence Limit Type Index"",""#text"":""2""},{""@Name"":""Persistence Limit Type"",""#text"":""Duration""},{""@Name"":""Persistence Limit Value"",""#text"":""288000000""}]}}"
