415,415,2023-03-26 19:00:31.4995235,5007,Info,Microsoft-Windows-Windows Defender,Microsoft-Windows-Windows Defender/Operational,3060,3612,DESKTOP-887GK2L,8,S-1-5-18,The antimalware platform configuration changed,,,"Old Value: ",New Value: HKLM\SOFTWARE\Microsoft\Windows Defender\MpEngine\MpCampRing = 0x4,,,,,,False,C:\Users\turan\Desktop\defense-work-evtx-files\Windows Defender-Operational.evtx,Classic,0,"{""EventData"":{""Data"":[{""@Name"":""Product Name"",""#text"":""Microsoft Defender Antivirus""},{""@Name"":""Product Version"",""#text"":""4.18.2302.7""},{""@Name"":""Old Value""},{""@Name"":""New Value"",""#text"":""HKLM\\SOFTWARE\\Microsoft\\Windows Defender\\MpEngine\\MpCampRing = 0x4""}]}}"
416,416,2023-03-26 19:00:31.4995290,5007,Info,Microsoft-Windows-Windows Defender,Microsoft-Windows-Windows Defender/Operational,3060,3612,DESKTOP-887GK2L,8,S-1-5-18,The antimalware platform configuration changed,,,"Old Value: ",New Value: HKLM\SOFTWARE\Microsoft\Windows Defender\MpEngine\MpEngineRing = 0x4,,,,,,False,C:\Users\turan\Desktop\defense-work-evtx-files\Windows Defender-Operational.evtx,Classic,0,"{""EventData"":{""Data"":[{""@Name"":""Product Name"",""#text"":""Microsoft Defender Antivirus""},{""@Name"":""Product Version"",""#text"":""4.18.2302.7""},{""@Name"":""Old Value""},{""@Name"":""New Value"",""#text"":""HKLM\\SOFTWARE\\Microsoft\\Windows Defender\\MpEngine\\MpEngineRing = 0x4""}]}}"
417,417,2023-03-26 19:01:07.8354755,5007,Info,Microsoft-Windows-Windows Defender,Microsoft-Windows-Windows Defender/Operational,3060,6860,DESKTOP-887GK2L,8,S-1-5-18,The antimalware platform configuration changed,,,Old Value: HKLM\SOFTWARE\Microsoft\Windows Defender\MpEngine\MpCampRing = 0x4,"New Value: ",,,,,,False,C:\Users\turan\Desktop\defense-work-evtx-files\Windows Defender-Operational.evtx,Classic,0,"{""EventData"":{""Data"":[{""@Name"":""Product Name"",""#text"":""Microsoft Defender Antivirus""},{""@Name"":""Product Version"",""#text"":""4.18.2302.7""},{""@Name"":""Old Value"",""#text"":""HKLM\\SOFTWARE\\Microsoft\\Windows Defender\\MpEngine\\MpCampRing = 0x4""},{""@Name"":""New Value""}]}}"
418,418,2023-03-26 19:01:07.8354799,5007,Info,Microsoft-Windows-Windows Defender,Microsoft-Windows-Windows Defender/Operational,3060,6860,DESKTOP-887GK2L,8,S-1-5-18,The antimalware platform configuration changed,,,Old Value: HKLM\SOFTWARE\Microsoft\Windows Defender\MpEngine\MpEngineRing = 0x4,"New Value: ",,,,,,False,C:\Users\turan\Desktop\defense-work-evtx-files\Windows Defender-Operational.evtx,Classic,0,"{""EventData"":{""Data"":[{""@Name"":""Product Name"",""#text"":""Microsoft Defender Antivirus""},{""@Name"":""Product Version"",""#text"":""4.18.2302.7""},{""@Name"":""Old Value"",""#text"":""HKLM\\SOFTWARE\\Microsoft\\Windows Defender\\MpEngine\\MpEngineRing = 0x4""},{""@Name"":""New Value""}]}}"
419,419,2023-03-27 00:00:04.9692231,5007,Info,Microsoft-Windows-Windows Defender,Microsoft-Windows-Windows Defender/Operational,3060,6860,DESKTOP-887GK2L,8,S-1-5-18,The antimalware platform configuration changed,,,"Old Value: ",New Value: HKLM\SOFTWARE\Microsoft\Windows Defender\MpEngine\MpCampRing = 0x4,,,,,,False,C:\Users\turan\Desktop\defense-work-evtx-files\Windows Defender-Operational.evtx,Classic,0,"{""EventData"":{""Data"":[{""@Name"":""Product Name"",""#text"":""Microsoft Defender Antivirus""},{""@Name"":""Product Version"",""#text"":""4.18.2302.7""},{""@Name"":""Old Value""},{""@Name"":""New Value"",""#text"":""HKLM\\SOFTWARE\\Microsoft\\Windows Defender\\MpEngine\\MpCampRing = 0x4""}]}}"
420,420,2023-03-27 00:00:04.9692388,5007,Info,Microsoft-Windows-Windows Defender,Microsoft-Windows-Windows Defender/Operational,3060,6860,DESKTOP-887GK2L,8,S-1-5-18,The antimalware platform configuration changed,,,"Old Value: ",New Value: HKLM\SOFTWARE\Microsoft\Windows Defender\MpEngine\MpEngineRing = 0x4,,,,,,False,C:\Users\turan\Desktop\defense-work-evtx-files\Windows Defender-Operational.evtx,Classic,0,"{""EventData"":{""Data"":[{""@Name"":""Product Name"",""#text"":""Microsoft Defender Antivirus""},{""@Name"":""Product Version"",""#text"":""4.18.2302.7""},{""@Name"":""Old Value""},{""@Name"":""New Value"",""#text"":""HKLM\\SOFTWARE\\Microsoft\\Windows Defender\\MpEngine\\MpEngineRing = 0x4""}]}}"
421,421,2023-03-27 00:00:06.8085354,2000,Info,Microsoft-Windows-Windows Defender,Microsoft-Windows-Windows Defender/Operational,3060,3636,DESKTOP-887GK2L,8,S-1-5-18,Update - The antimalware definitions updated successfully,NT AUTHORITY\SYSTEM,,"Current: ","Current: ",Product Version: 4.18.2302.7,,,,,False,C:\Users\turan\Desktop\defense-work-evtx-files\Windows Defender-Operational.evtx,Classic,0,"{""EventData"":{""Data"":[{""@Name"":""Product Name"",""#text"":""Microsoft Defender Antivirus""},{""@Name"":""Product Version"",""#text"":""4.18.2302.7""},{""@Name"":""Current security intelligence Version"",""#text"":""1.385.1178.0""},{""@Name"":""Previous security intelligence Version"",""#text"":""1.385.1102.0""},{""@Name"":""Unused""},{""@Name"":""Unused2""},{""@Name"":""Unused3""},{""@Name"":""Domain"",""#text"":""NT AUTHORITY""},{""@Name"":""User"",""#text"":""SYSTEM""},{""@Name"":""SID"",""#text"":""S-1-5-18""},{""@Name"":""Security intelligence Type Index"",""#text"":""1""},{""@Name"":""Security intelligence Type"",""#text"":""AntiVirus""},{""@Name"":""Update Type Index"",""#text"":""2""},{""@Name"":""Update Type"",""#text"":""Delta""},{""@Name"":""Current Engine Version"",""#text"":""1.1.20100.6""},{""@Name"":""Previous Engine Version"",""#text"":""1.1.20100.6""}]}}"
422,422,2023-03-27 00:00:06.8089257,2000,Info,Microsoft-Windows-Windows Defender,Microsoft-Windows-Windows Defender/Operational,3060,3636,DESKTOP-887GK2L,8,S-1-5-18,Update - The antimalware definitions updated successfully,NT AUTHORITY\SYSTEM,,"Current: ","Current: ",Product Version: 4.18.2302.7,,,,,False,C:\Users\turan\Desktop\defense-work-evtx-files\Windows Defender-Operational.evtx,Classic,0,"{""EventData"":{""Data"":[{""@Name"":""Product Name"",""#text"":""Microsoft Defender Antivirus""},{""@Name"":""Product Version"",""#text"":""4.18.2302.7""},{""@Name"":""Current security intelligence Version"",""#text"":""1.385.1178.0""},{""@Name"":""Previous security intelligence Version"",""#text"":""1.385.1102.0""},{""@Name"":""Unused""},{""@Name"":""Unused2""},{""@Name"":""Unused3""},{""@Name"":""Domain"",""#text"":""NT AUTHORITY""},{""@Name"":""User"",""#text"":""SYSTEM""},{""@Name"":""SID"",""#text"":""S-1-5-18""},{""@Name"":""Security intelligence Type Index"",""#text"":""2""},{""@Name"":""Security intelligence Type"",""#text"":""AntiSpyware""},{""@Name"":""Update Type Index"",""#text"":""2""},{""@Name"":""Update Type"",""#text"":""Delta""},{""@Name"":""Current Engine Version"",""#text"":""1.1.20100.6""},{""@Name"":""Previous Engine Version"",""#text"":""1.1.20100.6""}]}}"
423,423,2023-03-27 14:32:02.4563685,5007,Info,Microsoft-Windows-Windows Defender,Microsoft-Windows-Windows Defender/Operational,3004,3720,DESKTOP-887GK2L,8,S-1-5-18,The antimalware platform configuration changed,,,Old Value: Default\IsServiceRunning = 0x0,New Value: HKLM\SOFTWARE\Microsoft\Windows Defender\IsServiceRunning = 0x1,,,,,,False,C:\Users\turan\Desktop\defense-work-evtx-files\Windows Defender-Operational.evtx,Classic,0,"{""EventData"":{""Data"":[{""@Name"":""Product Name"",""#text"":""Microsoft Defender Antivirus""},{""@Name"":""Product Version"",""#text"":""4.18.2302.7""},{""@Name"":""Old Value"",""#text"":""Default\\IsServiceRunning = 0x0""},{""@Name"":""New Value"",""#text"":""HKLM\\SOFTWARE\\Microsoft\\Windows Defender\\IsServiceRunning = 0x1""}]}}"
424,424,2023-03-27 14:32:08.3300332,5007,Info,Microsoft-Windows-Windows Defender,Microsoft-Windows-Windows Defender/Operational,3004,3720,DESKTOP-887GK2L,8,S-1-5-18,The antimalware platform configuration changed,,,Old Value: HKLM\SOFTWARE\Microsoft\Windows Defender\MpEngine\MpCampRing = 0x4,"New Value: ",,,,,,False,C:\Users\turan\Desktop\defense-work-evtx-files\Windows Defender-Operational.evtx,Classic,0,"{""EventData"":{""Data"":[{""@Name"":""Product Name"",""#text"":""Microsoft Defender Antivirus""},{""@Name"":""Product Version"",""#text"":""4.18.2302.7""},{""@Name"":""Old Value"",""#text"":""HKLM\\SOFTWARE\\Microsoft\\Windows Defender\\MpEngine\\MpCampRing = 0x4""},{""@Name"":""New Value""}]}}"
425,425,2023-03-27 14:32:08.3300382,5007,Info,Microsoft-Windows-Windows Defender,Microsoft-Windows-Windows Defender/Operational,3004,3720,DESKTOP-887GK2L,8,S-1-5-18,The antimalware platform configuration changed,,,Old Value: HKLM\SOFTWARE\Microsoft\Windows Defender\MpEngine\MpEngineRing = 0x4,"New Value: ",,,,,,False,C:\Users\turan\Desktop\defense-work-evtx-files\Windows Defender-Operational.evtx,Classic,0,"{""EventData"":{""Data"":[{""@Name"":""Product Name"",""#text"":""Microsoft Defender Antivirus""},{""@Name"":""Product Version"",""#text"":""4.18.2302.7""},{""@Name"":""Old Value"",""#text"":""HKLM\\SOFTWARE\\Microsoft\\Windows Defender\\MpEngine\\MpEngineRing = 0x4""},{""@Name"":""New Value""}]}}"
426,426,2023-03-27 14:32:09.9412253,5007,Info,Microsoft-Windows-Windows Defender,Microsoft-Windows-Windows Defender/Operational,3004,3720,DESKTOP-887GK2L,8,S-1-5-18,The antimalware platform configuration changed,,,"Old Value: ",New Value: HKLM\SOFTWARE\Microsoft\Windows Defender\MpEngine\MpCampRing = 0x4,,,,,,False,C:\Users\turan\Desktop\defense-work-evtx-files\Windows Defender-Operational.evtx,Classic,0,"{""EventData"":{""Data"":[{""@Name"":""Product Name"",""#text"":""Microsoft Defender Antivirus""},{""@Name"":""Product Version"",""#text"":""4.18.2302.7""},{""@Name"":""Old Value""},{""@Name"":""New Value"",""#text"":""HKLM\\SOFTWARE\\Microsoft\\Windows Defender\\MpEngine\\MpCampRing = 0x4""}]}}"
427,427,2023-03-27 14:32:09.9412287,5007,Info,Microsoft-Windows-Windows Defender,Microsoft-Windows-Windows Defender/Operational,3004,3720,DESKTOP-887GK2L,8,S-1-5-18,The antimalware platform configuration changed,,,"Old Value: ",New Value: HKLM\SOFTWARE\Microsoft\Windows Defender\MpEngine\MpEngineRing = 0x4,,,,,,False,C:\Users\turan\Desktop\defense-work-evtx-files\Windows Defender-Operational.evtx,Classic,0,"{""EventData"":{""Data"":[{""@Name"":""Product Name"",""#text"":""Microsoft Defender Antivirus""},{""@Name"":""Product Version"",""#text"":""4.18.2302.7""},{""@Name"":""Old Value""},{""@Name"":""New Value"",""#text"":""HKLM\\SOFTWARE\\Microsoft\\Windows Defender\\MpEngine\\MpEngineRing = 0x4""}]}}"
428,428,2023-03-27 14:35:54.1054475,5007,Info,Microsoft-Windows-Windows Defender,Microsoft-Windows-Windows Defender/Operational,3004,6936,DESKTOP-887GK2L,8,S-1-5-18,The antimalware platform configuration changed,,,Old Value: HKLM\SOFTWARE\Microsoft\Windows Defender\MpEngine\MpCampRing = 0x4,"New Value: ",,,,,,False,C:\Users\turan\Desktop\defense-work-evtx-files\Windows Defender-Operational.evtx,Classic,0,"{""EventData"":{""Data"":[{""@Name"":""Product Name"",""#text"":""Microsoft Defender Antivirus""},{""@Name"":""Product Version"",""#text"":""4.18.2302.7""},{""@Name"":""Old Value"",""#text"":""HKLM\\SOFTWARE\\Microsoft\\Windows Defender\\MpEngine\\MpCampRing = 0x4""},{""@Name"":""New Value""}]}}"
429,429,2023-03-27 14:35:54.1054512,5007,Info,Microsoft-Windows-Windows Defender,Microsoft-Windows-Windows Defender/Operational,3004,6936,DESKTOP-887GK2L,8,S-1-5-18,The antimalware platform configuration changed,,,Old Value: HKLM\SOFTWARE\Microsoft\Windows Defender\MpEngine\MpEngineRing = 0x4,"New Value: ",,,,,,False,C:\Users\turan\Desktop\defense-work-evtx-files\Windows Defender-Operational.evtx,Classic,0,"{""EventData"":{""Data"":[{""@Name"":""Product Name"",""#text"":""Microsoft Defender Antivirus""},{""@Name"":""Product Version"",""#text"":""4.18.2302.7""},{""@Name"":""Old Value"",""#text"":""HKLM\\SOFTWARE\\Microsoft\\Windows Defender\\MpEngine\\MpEngineRing = 0x4""},{""@Name"":""New Value""}]}}"
430,430,2023-03-27 14:35:56.4486855,5007,Info,Microsoft-Windows-Windows Defender,Microsoft-Windows-Windows Defender/Operational,3004,6936,DESKTOP-887GK2L,8,S-1-5-18,The antimalware platform configuration changed,,,"Old Value: ",New Value: HKLM\SOFTWARE\Microsoft\Windows Defender\MpEngine\MpCampRing = 0x4,,,,,,False,C:\Users\turan\Desktop\defense-work-evtx-files\Windows Defender-Operational.evtx,Classic,0,"{""EventData"":{""Data"":[{""@Name"":""Product Name"",""#text"":""Microsoft Defender Antivirus""},{""@Name"":""Product Version"",""#text"":""4.18.2302.7""},{""@Name"":""Old Value""},{""@Name"":""New Value"",""#text"":""HKLM\\SOFTWARE\\Microsoft\\Windows Defender\\MpEngine\\MpCampRing = 0x4""}]}}"
431,431,2023-03-27 14:35:56.4486895,5007,Info,Microsoft-Windows-Windows Defender,Microsoft-Windows-Windows Defender/Operational,3004,6936,DESKTOP-887GK2L,8,S-1-5-18,The antimalware platform configuration changed,,,"Old Value: ",New Value: HKLM\SOFTWARE\Microsoft\Windows Defender\MpEngine\MpEngineRing = 0x4,,,,,,False,C:\Users\turan\Desktop\defense-work-evtx-files\Windows Defender-Operational.evtx,Classic,0,"{""EventData"":{""Data"":[{""@Name"":""Product Name"",""#text"":""Microsoft Defender Antivirus""},{""@Name"":""Product Version"",""#text"":""4.18.2302.7""},{""@Name"":""Old Value""},{""@Name"":""New Value"",""#text"":""HKLM\\SOFTWARE\\Microsoft\\Windows Defender\\MpEngine\\MpEngineRing = 0x4""}]}}"
432,432,2023-03-27 14:35:57.0179326,2000,Info,Microsoft-Windows-Windows Defender,Microsoft-Windows-Windows Defender/Operational,3004,3724,DESKTOP-887GK2L,8,S-1-5-18,Update - The antimalware definitions updated successfully,NT AUTHORITY\SYSTEM,,"Current: ","Current: ",Product Version: 4.18.2302.7,,,,,False,C:\Users\turan\Desktop\defense-work-evtx-files\Windows Defender-Operational.evtx,Classic,0,"{""EventData"":{""Data"":[{""@Name"":""Product Name"",""#text"":""Microsoft Defender Antivirus""},{""@Name"":""Product Version"",""#text"":""4.18.2302.7""},{""@Name"":""Current security intelligence Version"",""#text"":""1.385.1261.0""},{""@Name"":""Previous security intelligence Version"",""#text"":""1.385.1178.0""},{""@Name"":""Unused""},{""@Name"":""Unused2""},{""@Name"":""Unused3""},{""@Name"":""Domain"",""#text"":""NT AUTHORITY""},{""@Name"":""User"",""#text"":""SYSTEM""},{""@Name"":""SID"",""#text"":""S-1-5-18""},{""@Name"":""Security intelligence Type Index"",""#text"":""1""},{""@Name"":""Security intelligence Type"",""#text"":""AntiVirus""},{""@Name"":""Update Type Index"",""#text"":""2""},{""@Name"":""Update Type"",""#text"":""Delta""},{""@Name"":""Current Engine Version"",""#text"":""1.1.20100.6""},{""@Name"":""Previous Engine Version"",""#text"":""1.1.20100.6""}]}}"
433,433,2023-03-27 14:35:57.0182112,2000,Info,Microsoft-Windows-Windows Defender,Microsoft-Windows-Windows Defender/Operational,3004,3724,DESKTOP-887GK2L,8,S-1-5-18,Update - The antimalware definitions updated successfully,NT AUTHORITY\SYSTEM,,"Current: ","Current: ",Product Version: 4.18.2302.7,,,,,False,C:\Users\turan\Desktop\defense-work-evtx-files\Windows Defender-Operational.evtx,Classic,0,"{""EventData"":{""Data"":[{""@Name"":""Product Name"",""#text"":""Microsoft Defender Antivirus""},{""@Name"":""Product Version"",""#text"":""4.18.2302.7""},{""@Name"":""Current security intelligence Version"",""#text"":""1.385.1261.0""},{""@Name"":""Previous security intelligence Version"",""#text"":""1.385.1178.0""},{""@Name"":""Unused""},{""@Name"":""Unused2""},{""@Name"":""Unused3""},{""@Name"":""Domain"",""#text"":""NT AUTHORITY""},{""@Name"":""User"",""#text"":""SYSTEM""},{""@Name"":""SID"",""#text"":""S-1-5-18""},{""@Name"":""Security intelligence Type Index"",""#text"":""2""},{""@Name"":""Security intelligence Type"",""#text"":""AntiSpyware""},{""@Name"":""Update Type Index"",""#text"":""2""},{""@Name"":""Update Type"",""#text"":""Delta""},{""@Name"":""Current Engine Version"",""#text"":""1.1.20100.6""},{""@Name"":""Previous Engine Version"",""#text"":""1.1.20100.6""}]}}"
434,434,2023-03-27 14:37:10.8080758,5007,Info,Microsoft-Windows-Windows Defender,Microsoft-Windows-Windows Defender/Operational,3300,3768,DESKTOP-887GK2L,8,S-1-5-18,The antimalware platform configuration changed,,,Old Value: Default\IsServiceRunning = 0x0,New Value: HKLM\SOFTWARE\Microsoft\Windows Defender\IsServiceRunning = 0x1,,,,,,False,C:\Users\turan\Desktop\defense-work-evtx-files\Windows Defender-Operational.evtx,Classic,0,"{""EventData"":{""Data"":[{""@Name"":""Product Name"",""#text"":""Microsoft Defender Antivirus""},{""@Name"":""Product Version"",""#text"":""4.18.2302.7""},{""@Name"":""Old Value"",""#text"":""Default\\IsServiceRunning = 0x0""},{""@Name"":""New Value"",""#text"":""HKLM\\SOFTWARE\\Microsoft\\Windows Defender\\IsServiceRunning = 0x1""}]}}"
435,435,2023-03-27 14:37:16.6157448,5007,Info,Microsoft-Windows-Windows Defender,Microsoft-Windows-Windows Defender/Operational,3300,3768,DESKTOP-887GK2L,8,S-1-5-18,The antimalware platform configuration changed,,,Old Value: HKLM\SOFTWARE\Microsoft\Windows Defender\MpEngine\MpCampRing = 0x4,"New Value: ",,,,,,False,C:\Users\turan\Desktop\defense-work-evtx-files\Windows Defender-Operational.evtx,Classic,0,"{""EventData"":{""Data"":[{""@Name"":""Product Name"",""#text"":""Microsoft Defender Antivirus""},{""@Name"":""Product Version"",""#text"":""4.18.2302.7""},{""@Name"":""Old Value"",""#text"":""HKLM\\SOFTWARE\\Microsoft\\Windows Defender\\MpEngine\\MpCampRing = 0x4""},{""@Name"":""New Value""}]}}"
436,436,2023-03-27 14:37:16.6157484,5007,Info,Microsoft-Windows-Windows Defender,Microsoft-Windows-Windows Defender/Operational,3300,3768,DESKTOP-887GK2L,9,S-1-5-18,The antimalware platform configuration changed,,,Old Value: HKLM\SOFTWARE\Microsoft\Windows Defender\MpEngine\MpEngineRing = 0x4,"New Value: ",,,,,,False,C:\Users\turan\Desktop\defense-work-evtx-files\Windows Defender-Operational.evtx,Classic,0,"{""EventData"":{""Data"":[{""@Name"":""Product Name"",""#text"":""Microsoft Defender Antivirus""},{""@Name"":""Product Version"",""#text"":""4.18.2302.7""},{""@Name"":""Old Value"",""#text"":""HKLM\\SOFTWARE\\Microsoft\\Windows Defender\\MpEngine\\MpEngineRing = 0x4""},{""@Name"":""New Value""}]}}"
437,437,2023-03-27 14:37:18.2884657,5007,Info,Microsoft-Windows-Windows Defender,Microsoft-Windows-Windows Defender/Operational,3300,3768,DESKTOP-887GK2L,9,S-1-5-18,The antimalware platform configuration changed,,,"Old Value: ",New Value: HKLM\SOFTWARE\Microsoft\Windows Defender\MpEngine\MpCampRing = 0x4,,,,,,False,C:\Users\turan\Desktop\defense-work-evtx-files\Windows Defender-Operational.evtx,Classic,0,"{""EventData"":{""Data"":[{""@Name"":""Product Name"",""#text"":""Microsoft Defender Antivirus""},{""@Name"":""Product Version"",""#text"":""4.18.2302.7""},{""@Name"":""Old Value""},{""@Name"":""New Value"",""#text"":""HKLM\\SOFTWARE\\Microsoft\\Windows Defender\\MpEngine\\MpCampRing = 0x4""}]}}"
438,438,2023-03-27 14:37:18.2884707,5007,Info,Microsoft-Windows-Windows Defender,Microsoft-Windows-Windows Defender/Operational,3300,3768,DESKTOP-887GK2L,9,S-1-5-18,The antimalware platform configuration changed,,,"Old Value: ",New Value: HKLM\SOFTWARE\Microsoft\Windows Defender\MpEngine\MpEngineRing = 0x4,,,,,,False,C:\Users\turan\Desktop\defense-work-evtx-files\Windows Defender-Operational.evtx,Classic,0,"{""EventData"":{""Data"":[{""@Name"":""Product Name"",""#text"":""Microsoft Defender Antivirus""},{""@Name"":""Product Version"",""#text"":""4.18.2302.7""},{""@Name"":""Old Value""},{""@Name"":""New Value"",""#text"":""HKLM\\SOFTWARE\\Microsoft\\Windows Defender\\MpEngine\\MpEngineRing = 0x4""}]}}"
439,439,2023-03-27 14:41:45.2153080,5007,Info,Microsoft-Windows-Windows Defender,Microsoft-Windows-Windows Defender/Operational,3300,3776,DESKTOP-887GK2L,9,S-1-5-18,The antimalware platform configuration changed,,,Old Value: HKLM\SOFTWARE\Microsoft\Windows Defender\Exclusions\Paths\C:\ = 0x0,"New Value: ",,,,,,False,C:\Users\turan\Desktop\defense-work-evtx-files\Windows Defender-Operational.evtx,Classic,0,"{""EventData"":{""Data"":[{""@Name"":""Product Name"",""#text"":""Microsoft Defender Antivirus""},{""@Name"":""Product Version"",""#text"":""4.18.2302.7""},{""@Name"":""Old Value"",""#text"":""HKLM\\SOFTWARE\\Microsoft\\Windows Defender\\Exclusions\\Paths\\C:\\ = 0x0""},{""@Name"":""New Value""}]}}"
440,440,2023-03-27 14:42:34.2909353,1116,Warning,Microsoft-Windows-Windows Defender,Microsoft-Windows-Windows Defender/Operational,3300,3056,DESKTOP-887GK2L,9,S-1-5-18,Detection - The antimalware platform detected malware or other potentially unwanted software,Detection User: DESKTOP-887GK2L\CyberJunkie,,Malware name: HackTool:PowerShell/SharpHound.B,Description: Tool (High),Detection Time: 2023-03-27T14:42:34.272Z,Process (if real-time detection): Unknown,Detection ID: {0EBC4BEA-5532-4EFB-8A34-64F91CC8702E},,"containerfile:_C:\Users\CyberJunkie\Downloads\SharpHound-v1.1.0.zip; file:_C:\Users\CyberJunkie\Downloads\SharpHound-v1.1.0.zip-&gt;SharpHound.ps1; webfile:_C:\Users\CyberJunkie\Downloads\SharpHound-v1.1.0.zip|https://objects.githubusercontent.com/github-production-release-asset-2e65be/385323486/70d776cc-8f83-44d5-b226-2dccc4f7c1e3?X-Amz-Algorithm=AWS4-HMAC-SHA256&amp;X-Amz-Credential=AKIAIWNJYAX4CSVEH53A%2F20230327%2Fus-east-1%2Fs3%2Faws4_request&amp;X-Amz-Date=20230327T144228Z&amp;X-Amz-Expires=300&amp;X-Amz-Signature=f969ef5ca3eec150dc1e23623434adc1e4a444ba026423c32edf5e85d881a771&amp;X-Amz-SignedHeaders=host&amp;actor_id=0&amp;key_id=0&amp;repo_id=385323486&amp;response-content-disposition=attachment%3B%20filename%3DSharpHound-v1.1.0.zip&amp;response-content-type=application%2Foctet-stream|pid:3532,ProcessStart:133244017530289775",False,C:\Users\turan\Desktop\defense-work-evtx-files\Windows Defender-Operational.evtx,Classic,0,"{""EventData"":{""Data"":[{""@Name"":""Product Name"",""#text"":""Microsoft Defender Antivirus""},{""@Name"":""Product Version"",""#text"":""4.18.2302.7""},{""@Name"":""Detection ID"",""#text"":""{0EBC4BEA-5532-4EFB-8A34-64F91CC8702E}""},{""@Name"":""Detection Time"",""#text"":""2023-03-27T14:42:34.272Z""},{""@Name"":""Unused""},{""@Name"":""Unused2""},{""@Name"":""Threat ID"",""#text"":""2147823920""},{""@Name"":""Threat Name"",""#text"":""HackTool:PowerShell/SharpHound.B""},{""@Name"":""Severity ID"",""#text"":""4""},{""@Name"":""Severity Name"",""#text"":""High""},{""@Name"":""Category ID"",""#text"":""34""},{""@Name"":""Category Name"",""#text"":""Tool""},{""@Name"":""FWLink"",""#text"":""https://go.microsoft.com/fwlink/?linkid=37020&amp;name=HackTool:PowerShell/SharpHound.B&amp;threatid=2147823920&amp;enterprise=0""},{""@Name"":""Status Code"",""#text"":""1""},{""@Name"":""Status Description""},{""@Name"":""State"",""#text"":""1""},{""@Name"":""Source ID"",""#text"":""4""},{""@Name"":""Source Name"",""#text"":""Downloads and attachments""},{""@Name"":""Process Name"",""#text"":""Unknown""},{""@Name"":""Detection User"",""#text"":""DESKTOP-887GK2L\\CyberJunkie""},{""@Name"":""Unused3""},{""@Name"":""Path"",""#text"":""containerfile:_C:\\Users\\CyberJunkie\\Downloads\\SharpHound-v1.1.0.zip; file:_C:\\Users\\CyberJunkie\\Downloads\\SharpHound-v1.1.0.zip-&gt;SharpHound.ps1; webfile:_C:\\Users\\CyberJunkie\\Downloads\\SharpHound-v1.1.0.zip|https://objects.githubusercontent.com/github-production-release-asset-2e65be/385323486/70d776cc-8f83-44d5-b226-2dccc4f7c1e3?X-Amz-Algorithm=AWS4-HMAC-SHA256&amp;X-Amz-Credential=AKIAIWNJYAX4CSVEH53A%2F20230327%2Fus-east-1%2Fs3%2Faws4_request&amp;X-Amz-Date=20230327T144228Z&amp;X-Amz-Expires=300&amp;X-Amz-Signature=f969ef5ca3eec150dc1e23623434adc1e4a444ba026423c32edf5e85d881a771&amp;X-Amz-SignedHeaders=host&amp;actor_id=0&amp;key_id=0&amp;repo_id=385323486&amp;response-content-disposition=attachment%3B%20filename%3DSharpHound-v1.1.0.zip&amp;response-content-type=application%2Foctet-stream|pid:3532,ProcessStart:133244017530289775""},{""@Name"":""Origin ID"",""#text"":""4""},{""@Name"":""Origin Name"",""#text"":""Internet""},{""@Name"":""Execution ID"",""#text"":""0""},{""@Name"":""Execution Name"",""#text"":""Unknown""},{""@Name"":""Type ID"",""#text"":""0""},{""@Name"":""Type Name"",""#text"":""Concrete""},{""@Name"":""Pre Execution Status"",""#text"":""0""},{""@Name"":""Action ID"",""#text"":""9""},{""@Name"":""Action Name"",""#text"":""Not Applicable""},{""@Name"":""Unused4""},{""@Name"":""Error Code"",""#text"":""0x00000000""},{""@Name"":""Error Description"",""#text"":""The operation completed successfully. ""},{""@Name"":""Unused5""},{""@Name"":""Post Clean Status"",""#text"":""0""},{""@Name"":""Additional Actions ID"",""#text"":""0""},{""@Name"":""Additional Actions String"",""#text"":""No additional actions required""},{""@Name"":""Remediation User""},{""@Name"":""Unused6""},{""@Name"":""Security intelligence Version"",""#text"":""AV: 1.385.1261.0, AS: 1.385.1261.0, NIS: 1.385.1261.0""},{""@Name"":""Engine Version"",""#text"":""AM: 1.1.20100.6, NIS: 1.1.20100.6""}]}}"
441,441,2023-03-27 14:42:34.2927169,1116,Warning,Microsoft-Windows-Windows Defender,Microsoft-Windows-Windows Defender/Operational,3300,3056,DESKTOP-887GK2L,9,S-1-5-18,Detection - The antimalware platform detected malware or other potentially unwanted software,Detection User: DESKTOP-887GK2L\CyberJunkie,,Malware name: HackTool:MSIL/SharpHound!MSR,Description: Tool (High),Detection Time: 2023-03-27T14:42:34.272Z,Process (if real-time detection): Unknown,Detection ID: {0EBC4BEA-5532-4EFB-8A34-64F91CC8702E},,"containerfile:_C:\Users\CyberJunkie\Downloads\SharpHound-v1.1.0.zip; file:_C:\Users\CyberJunkie\Downloads\SharpHound-v1.1.0.zip-&gt;SharpHound.exe; webfile:_C:\Users\CyberJunkie\Downloads\SharpHound-v1.1.0.zip|https://objects.githubusercontent.com/github-production-release-asset-2e65be/385323486/70d776cc-8f83-44d5-b226-2dccc4f7c1e3?X-Amz-Algorithm=AWS4-HMAC-SHA256&amp;X-Amz-Credential=AKIAIWNJYAX4CSVEH53A%2F20230327%2Fus-east-1%2Fs3%2Faws4_request&amp;X-Amz-Date=20230327T144228Z&amp;X-Amz-Expires=300&amp;X-Amz-Signature=f969ef5ca3eec150dc1e23623434adc1e4a444ba026423c32edf5e85d881a771&amp;X-Amz-SignedHeaders=host&amp;actor_id=0&amp;key_id=0&amp;repo_id=385323486&amp;response-content-disposition=attachment%3B%20filename%3DSharpHound-v1.1.0.zip&amp;response-content-type=application%2Foctet-stream|pid:3532,ProcessStart:133244017530289775",False,C:\Users\turan\Desktop\defense-work-evtx-files\Windows Defender-Operational.evtx,Classic,0,"{""EventData"":{""Data"":[{""@Name"":""Product Name"",""#text"":""Microsoft Defender Antivirus""},{""@Name"":""Product Version"",""#text"":""4.18.2302.7""},{""@Name"":""Detection ID"",""#text"":""{0EBC4BEA-5532-4EFB-8A34-64F91CC8702E}""},{""@Name"":""Detection Time"",""#text"":""2023-03-27T14:42:34.272Z""},{""@Name"":""Unused""},{""@Name"":""Unused2""},{""@Name"":""Threat ID"",""#text"":""2147814944""},{""@Name"":""Threat Name"",""#text"":""HackTool:MSIL/SharpHound!MSR""},{""@Name"":""Severity ID"",""#text"":""4""},{""@Name"":""Severity Name"",""#text"":""High""},{""@Name"":""Category ID"",""#text"":""34""},{""@Name"":""Category Name"",""#text"":""Tool""},{""@Name"":""FWLink"",""#text"":""https://go.microsoft.com/fwlink/?linkid=37020&amp;name=HackTool:MSIL/SharpHound!MSR&amp;threatid=2147814944&amp;enterprise=0""},{""@Name"":""Status Code"",""#text"":""1""},{""@Name"":""Status Description""},{""@Name"":""State"",""#text"":""1""},{""@Name"":""Source ID"",""#text"":""4""},{""@Name"":""Source Name"",""#text"":""Downloads and attachments""},{""@Name"":""Process Name"",""#text"":""Unknown""},{""@Name"":""Detection User"",""#text"":""DESKTOP-887GK2L\\CyberJunkie""},{""@Name"":""Unused3""},{""@Name"":""Path"",""#text"":""containerfile:_C:\\Users\\CyberJunkie\\Downloads\\SharpHound-v1.1.0.zip; file:_C:\\Users\\CyberJunkie\\Downloads\\SharpHound-v1.1.0.zip-&gt;SharpHound.exe; webfile:_C:\\Users\\CyberJunkie\\Downloads\\SharpHound-v1.1.0.zip|https://objects.githubusercontent.com/github-production-release-asset-2e65be/385323486/70d776cc-8f83-44d5-b226-2dccc4f7c1e3?X-Amz-Algorithm=AWS4-HMAC-SHA256&amp;X-Amz-Credential=AKIAIWNJYAX4CSVEH53A%2F20230327%2Fus-east-1%2Fs3%2Faws4_request&amp;X-Amz-Date=20230327T144228Z&amp;X-Amz-Expires=300&amp;X-Amz-Signature=f969ef5ca3eec150dc1e23623434adc1e4a444ba026423c32edf5e85d881a771&amp;X-Amz-SignedHeaders=host&amp;actor_id=0&amp;key_id=0&amp;repo_id=385323486&amp;response-content-disposition=attachment%3B%20filename%3DSharpHound-v1.1.0.zip&amp;response-content-type=application%2Foctet-stream|pid:3532,ProcessStart:133244017530289775""},{""@Name"":""Origin ID"",""#text"":""4""},{""@Name"":""Origin Name"",""#text"":""Internet""},{""@Name"":""Execution ID"",""#text"":""0""},{""@Name"":""Execution Name"",""#text"":""Unknown""},{""@Name"":""Type ID"",""#text"":""0""},{""@Name"":""Type Name"",""#text"":""Concrete""},{""@Name"":""Pre Execution Status"",""#text"":""0""},{""@Name"":""Action ID"",""#text"":""9""},{""@Name"":""Action Name"",""#text"":""Not Applicable""},{""@Name"":""Unused4""},{""@Name"":""Error Code"",""#text"":""0x00000000""},{""@Name"":""Error Description"",""#text"":""The operation completed successfully. ""},{""@Name"":""Unused5""},{""@Name"":""Post Clean Status"",""#text"":""0""},{""@Name"":""Additional Actions ID"",""#text"":""0""},{""@Name"":""Additional Actions String"",""#text"":""No additional actions required""},{""@Name"":""Remediation User""},{""@Name"":""Unused6""},{""@Name"":""Security intelligence Version"",""#text"":""AV: 1.385.1261.0, AS: 1.385.1261.0, NIS: 1.385.1261.0""},{""@Name"":""Engine Version"",""#text"":""AM: 1.1.20100.6, NIS: 1.1.20100.6""}]}}"
442,442,2023-03-27 14:42:34.7751423,5007,Info,Microsoft-Windows-Windows Defender,Microsoft-Windows-Windows Defender/Operational,3300,7220,DESKTOP-887GK2L,9,S-1-5-18,The antimalware platform configuration changed,,,Old Value: HKLM\SOFTWARE\Microsoft\Windows Defender\ServiceStartStates = 0x1,New Value: Default\ServiceStartStates = 0x0,,,,,,False,C:\Users\turan\Desktop\defense-work-evtx-files\Windows Defender-Operational.evtx,Classic,0,"{""EventData"":{""Data"":[{""@Name"":""Product Name"",""#text"":""Microsoft Defender Antivirus""},{""@Name"":""Product Version"",""#text"":""4.18.2302.7""},{""@Name"":""Old Value"",""#text"":""HKLM\\SOFTWARE\\Microsoft\\Windows Defender\\ServiceStartStates = 0x1""},{""@Name"":""New Value"",""#text"":""Default\\ServiceStartStates = 0x0""}]}}"
443,443,2023-03-27 14:42:48.3526591,1117,Info,Microsoft-Windows-Windows Defender,Microsoft-Windows-Windows Defender/Operational,3300,3056,DESKTOP-887GK2L,9,S-1-5-18,Detection - The antimalware platform performed an action to protect your system from malware or other potentially unwanted software,Detection User: DESKTOP-887GK2L\CyberJunkie,,Malware name: HackTool:MSIL/SharpHound!MSR,Description: Tool (High),Detection Time: 2023-03-27T14:42:34.272Z,Process (if real-time detection): Unknown,Detection ID: {0EBC4BEA-5532-4EFB-8A34-64F91CC8702E},,"containerfile:_C:\Users\CyberJunkie\Downloads\SharpHound-v1.1.0.zip; file:_C:\Users\CyberJunkie\Downloads\SharpHound-v1.1.0.zip-&gt;SharpHound.exe; webfile:_C:\Users\CyberJunkie\Downloads\SharpHound-v1.1.0.zip|https://objects.githubusercontent.com/github-production-release-asset-2e65be/385323486/70d776cc-8f83-44d5-b226-2dccc4f7c1e3?X-Amz-Algorithm=AWS4-HMAC-SHA256&amp;X-Amz-Credential=AKIAIWNJYAX4CSVEH53A%2F20230327%2Fus-east-1%2Fs3%2Faws4_request&amp;X-Amz-Date=20230327T144228Z&amp;X-Amz-Expires=300&amp;X-Amz-Signature=f969ef5ca3eec150dc1e23623434adc1e4a444ba026423c32edf5e85d881a771&amp;X-Amz-SignedHeaders=host&amp;actor_id=0&amp;key_id=0&amp;repo_id=385323486&amp;response-content-disposition=attachment%3B%20filename%3DSharpHound-v1.1.0.zip&amp;response-content-type=application%2Foctet-stream|pid:3532,ProcessStart:133244017530289775",False,C:\Users\turan\Desktop\defense-work-evtx-files\Windows Defender-Operational.evtx,Classic,0,"{""EventData"":{""Data"":[{""@Name"":""Product Name"",""#text"":""Microsoft Defender Antivirus""},{""@Name"":""Product Version"",""#text"":""4.18.2302.7""},{""@Name"":""Detection ID"",""#text"":""{0EBC4BEA-5532-4EFB-8A34-64F91CC8702E}""},{""@Name"":""Detection Time"",""#text"":""2023-03-27T14:42:34.272Z""},{""@Name"":""Unused""},{""@Name"":""Unused2""},{""@Name"":""Threat ID"",""#text"":""2147814944""},{""@Name"":""Threat Name"",""#text"":""HackTool:MSIL/SharpHound!MSR""},{""@Name"":""Severity ID"",""#text"":""4""},{""@Name"":""Severity Name"",""#text"":""High""},{""@Name"":""Category ID"",""#text"":""34""},{""@Name"":""Category Name"",""#text"":""Tool""},{""@Name"":""FWLink"",""#text"":""https://go.microsoft.com/fwlink/?linkid=37020&amp;name=HackTool:MSIL/SharpHound!MSR&amp;threatid=2147814944&amp;enterprise=0""},{""@Name"":""Status Code"",""#text"":""103""},{""@Name"":""Status Description""},{""@Name"":""State"",""#text"":""2""},{""@Name"":""Source ID"",""#text"":""4""},{""@Name"":""Source Name"",""#text"":""Downloads and attachments""},{""@Name"":""Process Name"",""#text"":""Unknown""},{""@Name"":""Detection User"",""#text"":""DESKTOP-887GK2L\\CyberJunkie""},{""@Name"":""Unused3""},{""@Name"":""Path"",""#text"":""containerfile:_C:\\Users\\CyberJunkie\\Downloads\\SharpHound-v1.1.0.zip; file:_C:\\Users\\CyberJunkie\\Downloads\\SharpHound-v1.1.0.zip-&gt;SharpHound.exe; webfile:_C:\\Users\\CyberJunkie\\Downloads\\SharpHound-v1.1.0.zip|https://objects.githubusercontent.com/github-production-release-asset-2e65be/385323486/70d776cc-8f83-44d5-b226-2dccc4f7c1e3?X-Amz-Algorithm=AWS4-HMAC-SHA256&amp;X-Amz-Credential=AKIAIWNJYAX4CSVEH53A%2F20230327%2Fus-east-1%2Fs3%2Faws4_request&amp;X-Amz-Date=20230327T144228Z&amp;X-Amz-Expires=300&amp;X-Amz-Signature=f969ef5ca3eec150dc1e23623434adc1e4a444ba026423c32edf5e85d881a771&amp;X-Amz-SignedHeaders=host&amp;actor_id=0&amp;key_id=0&amp;repo_id=385323486&amp;response-content-disposition=attachment%3B%20filename%3DSharpHound-v1.1.0.zip&amp;response-content-type=application%2Foctet-stream|pid:3532,ProcessStart:133244017530289775""},{""@Name"":""Origin ID"",""#text"":""4""},{""@Name"":""Origin Name"",""#text"":""Internet""},{""@Name"":""Execution ID"",""#text"":""0""},{""@Name"":""Execution Name"",""#text"":""Unknown""},{""@Name"":""Type ID"",""#text"":""0""},{""@Name"":""Type Name"",""#text"":""Concrete""},{""@Name"":""Pre Execution Status"",""#text"":""0""},{""@Name"":""Action ID"",""#text"":""2""},{""@Name"":""Action Name"",""#text"":""Quarantine""},{""@Name"":""Unused4""},{""@Name"":""Error Code"",""#text"":""0x80508023""},{""@Name"":""Error Description"",""#text"":""The program could not find the malware and other potentially unwanted software on this device. ""},{""@Name"":""Unused5""},{""@Name"":""Post Clean Status"",""#text"":""0""},{""@Name"":""Additional Actions ID"",""#text"":""0""},{""@Name"":""Additional Actions String"",""#text"":""No additional actions required""},{""@Name"":""Remediation User"",""#text"":""NT AUTHORITY\\SYSTEM""},{""@Name"":""Unused6""},{""@Name"":""Security intelligence Version"",""#text"":""AV: 1.385.1261.0, AS: 1.385.1261.0, NIS: 1.385.1261.0""},{""@Name"":""Engine Version"",""#text"":""AM: 1.1.20100.6, NIS: 1.1.20100.6""}]}}"
444,444,2023-03-27 14:42:48.3536643,1117,Info,Microsoft-Windows-Windows Defender,Microsoft-Windows-Windows Defender/Operational,3300,3056,DESKTOP-887GK2L,9,S-1-5-18,Detection - The antimalware platform performed an action to protect your system from malware or other potentially unwanted software,Detection User: DESKTOP-887GK2L\CyberJunkie,,Malware name: HackTool:MSIL/SharpHound!MSR,Description: Tool (High),Detection Time: 2023-03-27T14:42:34.272Z,Process (if real-time detection): Unknown,Detection ID: {0EBC4BEA-5532-4EFB-8A34-64F91CC8702E},,"containerfile:_C:\Users\CyberJunkie\Downloads\SharpHound-v1.1.0.zip; file:_C:\Users\CyberJunkie\Downloads\SharpHound-v1.1.0.zip-&gt;SharpHound.exe; webfile:_C:\Users\CyberJunkie\Downloads\SharpHound-v1.1.0.zip|https://objects.githubusercontent.com/github-production-release-asset-2e65be/385323486/70d776cc-8f83-44d5-b226-2dccc4f7c1e3?X-Amz-Algorithm=AWS4-HMAC-SHA256&amp;X-Amz-Credential=AKIAIWNJYAX4CSVEH53A%2F20230327%2Fus-east-1%2Fs3%2Faws4_request&amp;X-Amz-Date=20230327T144228Z&amp;X-Amz-Expires=300&amp;X-Amz-Signature=f969ef5ca3eec150dc1e23623434adc1e4a444ba026423c32edf5e85d881a771&amp;X-Amz-SignedHeaders=host&amp;actor_id=0&amp;key_id=0&amp;repo_id=385323486&amp;response-content-disposition=attachment%3B%20filename%3DSharpHound-v1.1.0.zip&amp;response-content-type=application%2Foctet-stream|pid:3532,ProcessStart:133244017530289775",False,C:\Users\turan\Desktop\defense-work-evtx-files\Windows Defender-Operational.evtx,Classic,0,"{""EventData"":{""Data"":[{""@Name"":""Product Name"",""#text"":""Microsoft Defender Antivirus""},{""@Name"":""Product Version"",""#text"":""4.18.2302.7""},{""@Name"":""Detection ID"",""#text"":""{0EBC4BEA-5532-4EFB-8A34-64F91CC8702E}""},{""@Name"":""Detection Time"",""#text"":""2023-03-27T14:42:34.272Z""},{""@Name"":""Unused""},{""@Name"":""Unused2""},{""@Name"":""Threat ID"",""#text"":""2147814944""},{""@Name"":""Threat Name"",""#text"":""HackTool:MSIL/SharpHound!MSR""},{""@Name"":""Severity ID"",""#text"":""4""},{""@Name"":""Severity Name"",""#text"":""High""},{""@Name"":""Category ID"",""#text"":""34""},{""@Name"":""Category Name"",""#text"":""Tool""},{""@Name"":""FWLink"",""#text"":""https://go.microsoft.com/fwlink/?linkid=37020&amp;name=HackTool:MSIL/SharpHound!MSR&amp;threatid=2147814944&amp;enterprise=0""},{""@Name"":""Status Code"",""#text"":""103""},{""@Name"":""Status Description""},{""@Name"":""State"",""#text"":""2""},{""@Name"":""Source ID"",""#text"":""4""},{""@Name"":""Source Name"",""#text"":""Downloads and attachments""},{""@Name"":""Process Name"",""#text"":""Unknown""},{""@Name"":""Detection User"",""#text"":""DESKTOP-887GK2L\\CyberJunkie""},{""@Name"":""Unused3""},{""@Name"":""Path"",""#text"":""containerfile:_C:\\Users\\CyberJunkie\\Downloads\\SharpHound-v1.1.0.zip; file:_C:\\Users\\CyberJunkie\\Downloads\\SharpHound-v1.1.0.zip-&gt;SharpHound.exe; webfile:_C:\\Users\\CyberJunkie\\Downloads\\SharpHound-v1.1.0.zip|https://objects.githubusercontent.com/github-production-release-asset-2e65be/385323486/70d776cc-8f83-44d5-b226-2dccc4f7c1e3?X-Amz-Algorithm=AWS4-HMAC-SHA256&amp;X-Amz-Credential=AKIAIWNJYAX4CSVEH53A%2F20230327%2Fus-east-1%2Fs3%2Faws4_request&amp;X-Amz-Date=20230327T144228Z&amp;X-Amz-Expires=300&amp;X-Amz-Signature=f969ef5ca3eec150dc1e23623434adc1e4a444ba026423c32edf5e85d881a771&amp;X-Amz-SignedHeaders=host&amp;actor_id=0&amp;key_id=0&amp;repo_id=385323486&amp;response-content-disposition=attachment%3B%20filename%3DSharpHound-v1.1.0.zip&amp;response-content-type=application%2Foctet-stream|pid:3532,ProcessStart:133244017530289775""},{""@Name"":""Origin ID"",""#text"":""4""},{""@Name"":""Origin Name"",""#text"":""Internet""},{""@Name"":""Execution ID"",""#text"":""0""},{""@Name"":""Execution Name"",""#text"":""Unknown""},{""@Name"":""Type ID"",""#text"":""0""},{""@Name"":""Type Name"",""#text"":""Concrete""},{""@Name"":""Pre Execution Status"",""#text"":""0""},{""@Name"":""Action ID"",""#text"":""2""},{""@Name"":""Action Name"",""#text"":""Quarantine""},{""@Name"":""Unused4""},{""@Name"":""Error Code"",""#text"":""0x80508023""},{""@Name"":""Error Description"",""#text"":""The program could not find the malware and other potentially unwanted software on this device. ""},{""@Name"":""Unused5""},{""@Name"":""Post Clean Status"",""#text"":""0""},{""@Name"":""Additional Actions ID"",""#text"":""0""},{""@Name"":""Additional Actions String"",""#text"":""No additional actions required""},{""@Name"":""Remediation User"",""#text"":""NT AUTHORITY\\SYSTEM""},{""@Name"":""Unused6""},{""@Name"":""Security intelligence Version"",""#text"":""AV: 1.385.1261.0, AS: 1.385.1261.0, NIS: 1.385.1261.0""},{""@Name"":""Engine Version"",""#text"":""AM: 1.1.20100.6, NIS: 1.1.20100.6""}]}}"
